000 (1253576.000.000) 2025-07-17 20:18:09 Job submitted from host: <172.30.1.200:9618?addrs=172.30.1.200-9618&alias=tamsa2&noUDP&sock=schedd_2531_a24a>
...
040 (1253576.000.000) 2025-07-17 20:18:10 Started transferring input files
	Transferring to host: <172.30.1.220:9618?addrs=172.30.1.220-9618&alias=node-w20.localdomain&noUDP&sock=slot1_18_5233_df2e_135825>
...
040 (1253576.000.000) 2025-07-17 20:18:13 Finished transferring input files
...
001 (1253576.000.000) 2025-07-17 20:18:13 Job executing on host: <172.30.1.220:9618?addrs=172.30.1.220-9618&alias=node-w20.localdomain&noUDP&sock=startd_5199_a8f8>
	SlotName: slot1_18@node-w20.localdomain
	CondorScratchDir = "/var/lib/condor/execute/dir_3283613"
	Cpus = 2
	Disk = 751616
	GPUs = 0
	Memory = 16000
...
006 (1253576.000.000) 2025-07-17 20:18:28 Image size of job updated: 1151252
	1125  -  MemoryUsage of job (MB)
	1151252  -  ResidentSetSize of job (KB)
...
006 (1253576.000.000) 2025-07-17 20:23:28 Image size of job updated: 4006664
	3336  -  MemoryUsage of job (MB)
	3415852  -  ResidentSetSize of job (KB)
...
006 (1253576.000.000) 2025-07-17 20:38:29 Image size of job updated: 4122768
	3336  -  MemoryUsage of job (MB)
	3415852  -  ResidentSetSize of job (KB)
...
006 (1253576.000.000) 2025-07-17 20:43:29 Image size of job updated: 4273568
	3336  -  MemoryUsage of job (MB)
	3415852  -  ResidentSetSize of job (KB)
...
006 (1253576.000.000) 2025-07-17 20:48:30 Image size of job updated: 4743392
	3336  -  MemoryUsage of job (MB)
	3415852  -  ResidentSetSize of job (KB)
...
006 (1253576.000.000) 2025-07-17 21:03:32 Image size of job updated: 4743392
	3409  -  MemoryUsage of job (MB)
	3490540  -  ResidentSetSize of job (KB)
...
006 (1253576.000.000) 2025-07-17 21:08:32 Image size of job updated: 4743392
	3679  -  MemoryUsage of job (MB)
	3766364  -  ResidentSetSize of job (KB)
...
040 (1253576.000.000) 2025-07-17 21:27:32 Started transferring output files
...
040 (1253576.000.000) 2025-07-17 21:27:32 Finished transferring output files
...
005 (1253576.000.000) 2025-07-17 21:27:33 Job terminated.
	(1) Normal termination (return value 0)
		Usr 0 00:52:12, Sys 0 00:05:02  -  Run Remote Usage
		Usr 0 00:00:00, Sys 0 00:00:00  -  Run Local Usage
		Usr 0 00:52:12, Sys 0 00:05:02  -  Total Remote Usage
		Usr 0 00:00:00, Sys 0 00:00:00  -  Total Local Usage
	154608  -  Run Bytes Sent By Job
	690312960  -  Run Bytes Received By Job
	154608  -  Total Bytes Sent By Job
	690312960  -  Total Bytes Received By Job
	Partitionable Resources :      Usage  Request Allocated 
	   Cpus                 :       0.90        2         2 
	   Disk (KB)            : 2774631      750000    751616 
	   GPUs                 :                             0 
	   Memory (MB)          :    3679       16000     16000 
	   TimeExecute (s)      :    4159                       
	   TimeSlotBusy (s)     :    4162                       

	Job terminated of its own accord at 2025-07-17T12:27:32Z with exit-code 0.
...
000 (1266893.000.000) 2025-07-21 15:25:55 Job submitted from host: <172.30.1.200:9618?addrs=172.30.1.200-9618&alias=tamsa2&noUDP&sock=schedd_2531_a24a>
...
040 (1266893.000.000) 2025-07-21 15:26:05 Started transferring input files
	Transferring to host: <172.30.1.219:9618?addrs=172.30.1.219-9618&alias=node-w19.localdomain&noUDP&sock=slot1_4_5155_e9eb_124063>
...
040 (1266893.000.000) 2025-07-21 15:26:14 Finished transferring input files
...
001 (1266893.000.000) 2025-07-21 15:26:14 Job executing on host: <172.30.1.219:9618?addrs=172.30.1.219-9618&alias=node-w19.localdomain&noUDP&sock=startd_5121_2895>
	SlotName: slot1_4@node-w19.localdomain
	CondorScratchDir = "/var/lib/condor/execute/dir_3864214"
	Cpus = 2
	Disk = 751616
	GPUs = 0
	Memory = 16000
...
006 (1266893.000.000) 2025-07-21 15:26:27 Image size of job updated: 705244
	689  -  MemoryUsage of job (MB)
	705244  -  ResidentSetSize of job (KB)
...
006 (1266893.000.000) 2025-07-21 15:31:28 Image size of job updated: 3411108
	2636  -  MemoryUsage of job (MB)
	2698956  -  ResidentSetSize of job (KB)
...
006 (1266893.000.000) 2025-07-21 15:36:28 Image size of job updated: 3546976
	3172  -  MemoryUsage of job (MB)
	3247460  -  ResidentSetSize of job (KB)
...
006 (1266893.000.000) 2025-07-21 15:41:29 Image size of job updated: 3554828
	3172  -  MemoryUsage of job (MB)
	3247460  -  ResidentSetSize of job (KB)
...
006 (1266893.000.000) 2025-07-21 15:46:30 Image size of job updated: 3814736
	3172  -  MemoryUsage of job (MB)
	3247460  -  ResidentSetSize of job (KB)
...
006 (1266893.000.000) 2025-07-21 15:51:30 Image size of job updated: 3814736
	3322  -  MemoryUsage of job (MB)
	3401452  -  ResidentSetSize of job (KB)
...
006 (1266893.000.000) 2025-07-21 16:11:33 Image size of job updated: 3834960
	3346  -  MemoryUsage of job (MB)
	3425676  -  ResidentSetSize of job (KB)
...
006 (1266893.000.000) 2025-07-21 16:16:33 Image size of job updated: 4057380
	3346  -  MemoryUsage of job (MB)
	3425676  -  ResidentSetSize of job (KB)
...
006 (1266893.000.000) 2025-07-21 16:21:33 Image size of job updated: 4145372
	3346  -  MemoryUsage of job (MB)
	3425676  -  ResidentSetSize of job (KB)
...
006 (1266893.000.000) 2025-07-21 16:26:34 Image size of job updated: 4467732
	3551  -  MemoryUsage of job (MB)
	3635920  -  ResidentSetSize of job (KB)
...
006 (1266893.000.000) 2025-07-21 16:31:35 Image size of job updated: 4467732
	3975  -  MemoryUsage of job (MB)
	4069932  -  ResidentSetSize of job (KB)
...
006 (1266893.000.000) 2025-07-21 16:36:35 Image size of job updated: 4486564
	3975  -  MemoryUsage of job (MB)
	4069932  -  ResidentSetSize of job (KB)
...
040 (1266893.000.000) 2025-07-21 17:48:23 Started transferring output files
...
040 (1266893.000.000) 2025-07-21 17:48:23 Finished transferring output files
...
005 (1266893.000.000) 2025-07-21 17:48:24 Job terminated.
	(1) Normal termination (return value 0)
		Usr 0 01:09:47, Sys 0 00:06:03  -  Run Remote Usage
		Usr 0 00:00:00, Sys 0 00:00:00  -  Run Local Usage
		Usr 0 01:09:47, Sys 0 00:06:03  -  Total Remote Usage
		Usr 0 00:00:00, Sys 0 00:00:00  -  Total Local Usage
	158969  -  Run Bytes Sent By Job
	690316224  -  Run Bytes Received By Job
	158969  -  Total Bytes Sent By Job
	690316224  -  Total Bytes Received By Job
	Partitionable Resources :      Usage  Request Allocated 
	   Cpus                 :       0.19        2         2 
	   Disk (KB)            : 2774640      750000    751616 
	   GPUs                 :                             0 
	   Memory (MB)          :    3975       16000     16000 
	   TimeExecute (s)      :    8529                       
	   TimeSlotBusy (s)     :    8540                       

	Job terminated of its own accord at 2025-07-21T08:48:23Z with exit-code 0.
...
