000 (1253593.000.000) 2025-07-17 20:18:11 Job submitted from host: <172.30.1.200:9618?addrs=172.30.1.200-9618&alias=tamsa2&noUDP&sock=schedd_2531_a24a>
...
040 (1253593.000.000) 2025-07-17 20:18:31 Started transferring input files
	Transferring to host: <172.30.1.220:9618?addrs=172.30.1.220-9618&alias=node-w20.localdomain&noUDP&sock=slot1_46_5233_df2e_135852>
...
040 (1253593.000.000) 2025-07-17 20:18:35 Finished transferring input files
...
001 (1253593.000.000) 2025-07-17 20:18:35 Job executing on host: <172.30.1.220:9618?addrs=172.30.1.220-9618&alias=node-w20.localdomain&noUDP&sock=startd_5199_a8f8>
	SlotName: slot1_46@node-w20.localdomain
	CondorScratchDir = "/var/lib/condor/execute/dir_3287674"
	Cpus = 2
	Disk = 751616
	GPUs = 0
	Memory = 16000
...
006 (1253593.000.000) 2025-07-17 20:18:48 Image size of job updated: 977200
	955  -  MemoryUsage of job (MB)
	977200  -  ResidentSetSize of job (KB)
...
006 (1253593.000.000) 2025-07-17 20:20:00 Image size of job updated: 2382296
	2149  -  MemoryUsage of job (MB)
	2200000  -  ResidentSetSize of job (KB)
...
040 (1253593.000.000) 2025-07-17 20:20:01 Started transferring output files
...
040 (1253593.000.000) 2025-07-17 20:20:01 Finished transferring output files
...
005 (1253593.000.000) 2025-07-17 20:20:01 Job terminated.
	(1) Normal termination (return value 0)
		Usr 0 00:01:10, Sys 0 00:00:07  -  Run Remote Usage
		Usr 0 00:00:00, Sys 0 00:00:00  -  Run Local Usage
		Usr 0 00:01:10, Sys 0 00:00:07  -  Total Remote Usage
		Usr 0 00:00:00, Sys 0 00:00:00  -  Total Local Usage
	107150  -  Run Bytes Sent By Job
	690280128  -  Run Bytes Received By Job
	107150  -  Total Bytes Sent By Job
	690280128  -  Total Bytes Received By Job
	Partitionable Resources :    Usage  Request Allocated 
	   Cpus                 :        0        2         2 
	   Disk (KB)            :  2774556   750000    751616 
	   GPUs                 :                           0 
	   Memory (MB)          :     2149    16000     16000 
	   TimeExecute (s)      :       85                    
	   TimeSlotBusy (s)     :       90                    

	Job terminated of its own accord at 2025-07-17T11:20:00Z with exit-code 0.
...
000 (1266910.000.000) 2025-07-21 15:25:56 Job submitted from host: <172.30.1.200:9618?addrs=172.30.1.200-9618&alias=tamsa2&noUDP&sock=schedd_2531_a24a>
...
040 (1266910.000.000) 2025-07-21 15:26:04 Started transferring input files
	Transferring to host: <172.30.1.203:9618?addrs=172.30.1.203-9618&alias=node-w3.localdomain&noUDP&sock=slot1_2_4993_c524_92275>
...
040 (1266910.000.000) 2025-07-21 15:26:12 Finished transferring input files
...
001 (1266910.000.000) 2025-07-21 15:26:12 Job executing on host: <172.30.1.203:9618?addrs=172.30.1.203-9618&alias=node-w3.localdomain&noUDP&sock=startd_4959_0a3d>
	SlotName: slot1_2@node-w3.localdomain
	CondorScratchDir = "/var/lib/condor/execute/dir_313099"
	Cpus = 2
	Disk = 751616
	GPUs = 0
	Memory = 16000
...
006 (1266910.000.000) 2025-07-21 15:26:25 Image size of job updated: 1015564
	992  -  MemoryUsage of job (MB)
	1015564  -  ResidentSetSize of job (KB)
...
006 (1266910.000.000) 2025-07-21 15:27:38 Image size of job updated: 2391136
	2149  -  MemoryUsage of job (MB)
	2200052  -  ResidentSetSize of job (KB)
...
040 (1266910.000.000) 2025-07-21 15:27:38 Started transferring output files
...
040 (1266910.000.000) 2025-07-21 15:27:38 Finished transferring output files
...
005 (1266910.000.000) 2025-07-21 15:27:38 Job terminated.
	(1) Normal termination (return value 0)
		Usr 0 00:01:09, Sys 0 00:00:05  -  Run Remote Usage
		Usr 0 00:00:00, Sys 0 00:00:00  -  Run Local Usage
		Usr 0 00:01:09, Sys 0 00:00:05  -  Total Remote Usage
		Usr 0 00:00:00, Sys 0 00:00:00  -  Total Local Usage
	110635  -  Run Bytes Sent By Job
	690283456  -  Run Bytes Received By Job
	110635  -  Total Bytes Sent By Job
	690283456  -  Total Bytes Received By Job
	Partitionable Resources :    Usage  Request Allocated 
	   Cpus                 :        0        2         2 
	   Disk (KB)            :  2774564   750000    751616 
	   GPUs                 :                           0 
	   Memory (MB)          :     2149    16000     16000 
	   TimeExecute (s)      :       86                    
	   TimeSlotBusy (s)     :       94                    

	Job terminated of its own accord at 2025-07-21T06:27:38Z with exit-code 0.
...
