000 (1253594.000.000) 2025-07-17 20:18:11 Job submitted from host: <172.30.1.200:9618?addrs=172.30.1.200-9618&alias=tamsa2&noUDP&sock=schedd_2531_a24a>
...
040 (1253594.000.000) 2025-07-17 20:18:32 Started transferring input files
	Transferring to host: <172.30.1.220:9618?addrs=172.30.1.220-9618&alias=node-w20.localdomain&noUDP&sock=slot1_47_5233_df2e_135853>
...
040 (1253594.000.000) 2025-07-17 20:18:36 Finished transferring input files
...
001 (1253594.000.000) 2025-07-17 20:18:36 Job executing on host: <172.30.1.220:9618?addrs=172.30.1.220-9618&alias=node-w20.localdomain&noUDP&sock=startd_5199_a8f8>
	SlotName: slot1_47@node-w20.localdomain
	CondorScratchDir = "/var/lib/condor/execute/dir_3287676"
	Cpus = 2
	Disk = 751616
	GPUs = 0
	Memory = 16000
...
006 (1253594.000.000) 2025-07-17 20:18:49 Image size of job updated: 959632
	938  -  MemoryUsage of job (MB)
	959632  -  ResidentSetSize of job (KB)
...
006 (1253594.000.000) 2025-07-17 20:23:50 Image size of job updated: 3892324
	3394  -  MemoryUsage of job (MB)
	3475436  -  ResidentSetSize of job (KB)
...
006 (1253594.000.000) 2025-07-17 20:33:51 Image size of job updated: 4062140
	3394  -  MemoryUsage of job (MB)
	3475436  -  ResidentSetSize of job (KB)
...
006 (1253594.000.000) 2025-07-17 20:38:51 Image size of job updated: 4337604
	3495  -  MemoryUsage of job (MB)
	3577964  -  ResidentSetSize of job (KB)
...
006 (1253594.000.000) 2025-07-17 20:43:52 Image size of job updated: 5040636
	3495  -  MemoryUsage of job (MB)
	3577964  -  ResidentSetSize of job (KB)
...
040 (1253594.000.000) 2025-07-17 20:52:09 Started transferring output files
...
040 (1253594.000.000) 2025-07-17 20:52:09 Finished transferring output files
...
005 (1253594.000.000) 2025-07-17 20:52:10 Job terminated.
	(1) Normal termination (return value 0)
		Usr 0 00:24:07, Sys 0 00:04:08  -  Run Remote Usage
		Usr 0 00:00:00, Sys 0 00:00:00  -  Run Local Usage
		Usr 0 00:24:07, Sys 0 00:04:08  -  Total Remote Usage
		Usr 0 00:00:00, Sys 0 00:00:00  -  Total Local Usage
	140590  -  Run Bytes Sent By Job
	690295936  -  Run Bytes Received By Job
	140590  -  Total Bytes Sent By Job
	690295936  -  Total Bytes Received By Job
	Partitionable Resources :      Usage  Request Allocated 
	   Cpus                 :       0.98        2         2 
	   Disk (KB)            : 2774613      750000    751616 
	   GPUs                 :                             0 
	   Memory (MB)          :    3495       16000     16000 
	   TimeExecute (s)      :    2013                       
	   TimeSlotBusy (s)     :    2019                       

	Job terminated of its own accord at 2025-07-17T11:52:09Z with exit-code 0.
...
000 (1266911.000.000) 2025-07-21 15:25:56 Job submitted from host: <172.30.1.200:9618?addrs=172.30.1.200-9618&alias=tamsa2&noUDP&sock=schedd_2531_a24a>
...
040 (1266911.000.000) 2025-07-21 15:26:04 Started transferring input files
	Transferring to host: <172.30.1.203:9618?addrs=172.30.1.203-9618&alias=node-w3.localdomain&noUDP&sock=slot1_3_4993_c524_92276>
...
040 (1266911.000.000) 2025-07-21 15:26:12 Finished transferring input files
...
001 (1266911.000.000) 2025-07-21 15:26:12 Job executing on host: <172.30.1.203:9618?addrs=172.30.1.203-9618&alias=node-w3.localdomain&noUDP&sock=startd_4959_0a3d>
	SlotName: slot1_3@node-w3.localdomain
	CondorScratchDir = "/var/lib/condor/execute/dir_313101"
	Cpus = 2
	Disk = 751616
	GPUs = 0
	Memory = 16000
...
006 (1266911.000.000) 2025-07-21 15:26:25 Image size of job updated: 1009612
	986  -  MemoryUsage of job (MB)
	1009612  -  ResidentSetSize of job (KB)
...
006 (1266911.000.000) 2025-07-21 15:31:25 Image size of job updated: 3606988
	3523  -  MemoryUsage of job (MB)
	3606988  -  ResidentSetSize of job (KB)
...
006 (1266911.000.000) 2025-07-21 15:36:26 Image size of job updated: 3717888
	3561  -  MemoryUsage of job (MB)
	3645616  -  ResidentSetSize of job (KB)
...
006 (1266911.000.000) 2025-07-21 15:41:27 Image size of job updated: 3952668
	3561  -  MemoryUsage of job (MB)
	3645616  -  ResidentSetSize of job (KB)
...
006 (1266911.000.000) 2025-07-21 15:46:27 Image size of job updated: 4732148
	3561  -  MemoryUsage of job (MB)
	3645616  -  ResidentSetSize of job (KB)
...
006 (1266911.000.000) 2025-07-21 16:01:29 Image size of job updated: 5165992
	3561  -  MemoryUsage of job (MB)
	3645616  -  ResidentSetSize of job (KB)
...
040 (1266911.000.000) 2025-07-21 16:04:01 Started transferring output files
...
040 (1266911.000.000) 2025-07-21 16:04:03 Finished transferring output files
...
005 (1266911.000.000) 2025-07-21 16:04:03 Job terminated.
	(1) Normal termination (return value 0)
		Usr 0 00:22:29, Sys 0 00:02:02  -  Run Remote Usage
		Usr 0 00:00:00, Sys 0 00:00:00  -  Run Local Usage
		Usr 0 00:22:29, Sys 0 00:02:02  -  Total Remote Usage
		Usr 0 00:00:00, Sys 0 00:00:00  -  Total Local Usage
	144943  -  Run Bytes Sent By Job
	690299200  -  Run Bytes Received By Job
	144943  -  Total Bytes Sent By Job
	690299200  -  Total Bytes Received By Job
	Partitionable Resources :      Usage  Request Allocated 
	   Cpus                 :       0.01        2         2 
	   Disk (KB)            : 2774623      750000    751616 
	   GPUs                 :                             0 
	   Memory (MB)          :    3561       16000     16000 
	   TimeExecute (s)      :    2269                       
	   TimeSlotBusy (s)     :    2279                       

	Job terminated of its own accord at 2025-07-21T07:04:01Z with exit-code 0.
...
