000 (1253606.000.000) 2025-07-17 20:18:11 Job submitted from host: <172.30.1.200:9618?addrs=172.30.1.200-9618&alias=tamsa2&noUDP&sock=schedd_2531_a24a>
...
040 (1253606.000.000) 2025-07-17 20:18:32 Started transferring input files
	Transferring to host: <172.30.1.201:9618?addrs=172.30.1.201-9618&alias=node-w1.localdomain&noUDP&sock=slot1_10_5447_a777_105056>
...
040 (1253606.000.000) 2025-07-17 20:18:36 Finished transferring input files
...
001 (1253606.000.000) 2025-07-17 20:18:36 Job executing on host: <172.30.1.201:9618?addrs=172.30.1.201-9618&alias=node-w1.localdomain&noUDP&sock=startd_5412_c2a4>
	SlotName: slot1_10@node-w1.localdomain
	CondorScratchDir = "/var/lib/condor/execute/dir_1827607"
	Cpus = 2
	Disk = 751617
	GPUs = 0
	Memory = 16000
...
006 (1253606.000.000) 2025-07-17 20:18:50 Image size of job updated: 1142088
	1116  -  MemoryUsage of job (MB)
	1142088  -  ResidentSetSize of job (KB)
...
006 (1253606.000.000) 2025-07-17 20:23:51 Image size of job updated: 3716744
	3471  -  MemoryUsage of job (MB)
	3553416  -  ResidentSetSize of job (KB)
...
006 (1253606.000.000) 2025-07-17 20:28:51 Image size of job updated: 4711596
	3508  -  MemoryUsage of job (MB)
	3591992  -  ResidentSetSize of job (KB)
...
040 (1253606.000.000) 2025-07-17 20:41:40 Started transferring output files
...
040 (1253606.000.000) 2025-07-17 20:41:40 Finished transferring output files
...
005 (1253606.000.000) 2025-07-17 20:41:40 Job terminated.
	(1) Normal termination (return value 0)
		Usr 0 00:17:46, Sys 0 00:00:57  -  Run Remote Usage
		Usr 0 00:00:00, Sys 0 00:00:00  -  Run Local Usage
		Usr 0 00:17:46, Sys 0 00:00:57  -  Total Remote Usage
		Usr 0 00:00:00, Sys 0 00:00:00  -  Total Local Usage
	130353  -  Run Bytes Sent By Job
	690293184  -  Run Bytes Received By Job
	130353  -  Total Bytes Sent By Job
	690293184  -  Total Bytes Received By Job
	Partitionable Resources :      Usage  Request Allocated 
	   Cpus                 :       0.93        2         2 
	   Disk (KB)            : 2774594      750000    751617 
	   GPUs                 :                             0 
	   Memory (MB)          :    3508       16000     16000 
	   TimeExecute (s)      :    1384                       
	   TimeSlotBusy (s)     :    1388                       

	Job terminated of its own accord at 2025-07-17T11:41:40Z with exit-code 0.
...
000 (1266923.000.000) 2025-07-21 15:25:56 Job submitted from host: <172.30.1.200:9618?addrs=172.30.1.200-9618&alias=tamsa2&noUDP&sock=schedd_2531_a24a>
...
040 (1266923.000.000) 2025-07-21 15:26:04 Started transferring input files
	Transferring to host: <172.30.1.202:9618?addrs=172.30.1.202-9618&alias=node-w2.localdomain&noUDP&sock=slot1_4_4999_ff64_73407>
...
040 (1266923.000.000) 2025-07-21 15:26:12 Finished transferring input files
...
001 (1266923.000.000) 2025-07-21 15:26:12 Job executing on host: <172.30.1.202:9618?addrs=172.30.1.202-9618&alias=node-w2.localdomain&noUDP&sock=startd_4964_7836>
	SlotName: slot1_4@node-w2.localdomain
	CondorScratchDir = "/var/lib/condor/execute/dir_153553"
	Cpus = 2
	Disk = 751616
	GPUs = 0
	Memory = 16000
...
006 (1266923.000.000) 2025-07-21 15:26:25 Image size of job updated: 1013580
	990  -  MemoryUsage of job (MB)
	1013580  -  ResidentSetSize of job (KB)
...
006 (1266923.000.000) 2025-07-21 15:31:25 Image size of job updated: 3830596
	2896  -  MemoryUsage of job (MB)
	2965484  -  ResidentSetSize of job (KB)
...
006 (1266923.000.000) 2025-07-21 15:36:26 Image size of job updated: 4668696
	3402  -  MemoryUsage of job (MB)
	3483204  -  ResidentSetSize of job (KB)
...
040 (1266923.000.000) 2025-07-21 15:56:56 Started transferring output files
...
040 (1266923.000.000) 2025-07-21 15:56:56 Finished transferring output files
...
005 (1266923.000.000) 2025-07-21 15:56:56 Job terminated.
	(1) Normal termination (return value 0)
		Usr 0 00:17:25, Sys 0 00:01:24  -  Run Remote Usage
		Usr 0 00:00:00, Sys 0 00:00:00  -  Run Local Usage
		Usr 0 00:17:25, Sys 0 00:01:24  -  Total Remote Usage
		Usr 0 00:00:00, Sys 0 00:00:00  -  Total Local Usage
	134463  -  Run Bytes Sent By Job
	690296512  -  Run Bytes Received By Job
	134463  -  Total Bytes Sent By Job
	690296512  -  Total Bytes Received By Job
	Partitionable Resources :      Usage  Request Allocated 
	   Cpus                 :       0.23        2         2 
	   Disk (KB)            : 2774603      750000    751616 
	   GPUs                 :                             0 
	   Memory (MB)          :    3402       16000     16000 
	   TimeExecute (s)      :    1844                       
	   TimeSlotBusy (s)     :    1852                       

	Job terminated of its own accord at 2025-07-21T06:56:56Z with exit-code 0.
...
