000 (1253584.000.000) 2025-07-17 20:18:09 Job submitted from host: <172.30.1.200:9618?addrs=172.30.1.200-9618&alias=tamsa2&noUDP&sock=schedd_2531_a24a>
...
040 (1253584.000.000) 2025-07-17 20:18:31 Started transferring input files
	Transferring to host: <172.30.1.216:9618?addrs=172.30.1.216-9618&alias=node-w16.localdomain&noUDP&sock=slot1_7_5179_d2ec_90975>
...
040 (1253584.000.000) 2025-07-17 20:18:36 Finished transferring input files
...
001 (1253584.000.000) 2025-07-17 20:18:36 Job executing on host: <172.30.1.216:9618?addrs=172.30.1.216-9618&alias=node-w16.localdomain&noUDP&sock=startd_5145_9edb>
	SlotName: slot1_7@node-w16.localdomain
	CondorScratchDir = "/var/lib/condor/execute/dir_2770019"
	Cpus = 2
	Disk = 751616
	GPUs = 0
	Memory = 16000
...
006 (1253584.000.000) 2025-07-17 20:18:49 Image size of job updated: 651484
	637  -  MemoryUsage of job (MB)
	651484  -  ResidentSetSize of job (KB)
...
006 (1253584.000.000) 2025-07-17 20:23:50 Image size of job updated: 3483192
	2652  -  MemoryUsage of job (MB)
	2714776  -  ResidentSetSize of job (KB)
...
040 (1253584.000.000) 2025-07-17 20:26:00 Started transferring output files
...
040 (1253584.000.000) 2025-07-17 20:26:00 Finished transferring output files
...
005 (1253584.000.000) 2025-07-17 20:26:00 Job terminated.
	(1) Normal termination (return value 0)
		Usr 0 00:06:28, Sys 0 00:00:15  -  Run Remote Usage
		Usr 0 00:00:00, Sys 0 00:00:00  -  Run Local Usage
		Usr 0 00:06:28, Sys 0 00:00:15  -  Total Remote Usage
		Usr 0 00:00:00, Sys 0 00:00:00  -  Total Local Usage
	116450  -  Run Bytes Sent By Job
	690283136  -  Run Bytes Received By Job
	116450  -  Total Bytes Sent By Job
	690283136  -  Total Bytes Received By Job
	Partitionable Resources :      Usage  Request Allocated 
	   Cpus                 :       1.00        2         2 
	   Disk (KB)            : 2774573      750000    751616 
	   GPUs                 :                             0 
	   Memory (MB)          :    2652       16000     16000 
	   TimeExecute (s)      :     444                       
	   TimeSlotBusy (s)     :     449                       

	Job terminated of its own accord at 2025-07-17T11:26:00Z with exit-code 0.
...
000 (1266901.000.000) 2025-07-21 15:25:55 Job submitted from host: <172.30.1.200:9618?addrs=172.30.1.200-9618&alias=tamsa2&noUDP&sock=schedd_2531_a24a>
...
040 (1266901.000.000) 2025-07-21 15:26:04 Started transferring input files
	Transferring to host: <172.30.1.203:9618?addrs=172.30.1.203-9618&alias=node-w3.localdomain&noUDP&sock=slot1_1_4993_c524_92274>
...
040 (1266901.000.000) 2025-07-21 15:26:12 Finished transferring input files
...
001 (1266901.000.000) 2025-07-21 15:26:12 Job executing on host: <172.30.1.203:9618?addrs=172.30.1.203-9618&alias=node-w3.localdomain&noUDP&sock=startd_4959_0a3d>
	SlotName: slot1_1@node-w3.localdomain
	CondorScratchDir = "/var/lib/condor/execute/dir_313098"
	Cpus = 2
	Disk = 751616
	GPUs = 0
	Memory = 16000
...
006 (1266901.000.000) 2025-07-21 15:26:25 Image size of job updated: 1014224
	991  -  MemoryUsage of job (MB)
	1014224  -  ResidentSetSize of job (KB)
...
006 (1266901.000.000) 2025-07-21 15:31:25 Image size of job updated: 3855364
	2868  -  MemoryUsage of job (MB)
	2936612  -  ResidentSetSize of job (KB)
...
040 (1266901.000.000) 2025-07-21 15:32:42 Started transferring output files
...
040 (1266901.000.000) 2025-07-21 15:32:42 Finished transferring output files
...
005 (1266901.000.000) 2025-07-21 15:32:42 Job terminated.
	(1) Normal termination (return value 0)
		Usr 0 00:03:55, Sys 0 00:00:12  -  Run Remote Usage
		Usr 0 00:00:00, Sys 0 00:00:00  -  Run Local Usage
		Usr 0 00:03:55, Sys 0 00:00:12  -  Total Remote Usage
		Usr 0 00:00:00, Sys 0 00:00:00  -  Total Local Usage
	120510  -  Run Bytes Sent By Job
	690286464  -  Run Bytes Received By Job
	120510  -  Total Bytes Sent By Job
	690286464  -  Total Bytes Received By Job
	Partitionable Resources :      Usage  Request Allocated 
	   Cpus                 :       0.46        2         2 
	   Disk (KB)            : 2774582      750000    751616 
	   GPUs                 :                             0 
	   Memory (MB)          :    2868       16000     16000 
	   TimeExecute (s)      :     389                       
	   TimeSlotBusy (s)     :     398                       

	Job terminated of its own accord at 2025-07-21T06:32:41Z with exit-code 0.
...
