000 (1253609.000.000) 2025-07-17 20:18:11 Job submitted from host: <172.30.1.200:9618?addrs=172.30.1.200-9618&alias=tamsa2&noUDP&sock=schedd_2531_a24a>
...
040 (1253609.000.000) 2025-07-17 20:18:35 Started transferring input files
	Transferring to host: <172.30.1.201:9618?addrs=172.30.1.201-9618&alias=node-w1.localdomain&noUDP&sock=slot1_13_5447_a777_105059>
...
040 (1253609.000.000) 2025-07-17 20:18:38 Finished transferring input files
...
001 (1253609.000.000) 2025-07-17 20:18:38 Job executing on host: <172.30.1.201:9618?addrs=172.30.1.201-9618&alias=node-w1.localdomain&noUDP&sock=startd_5412_c2a4>
	SlotName: slot1_13@node-w1.localdomain
	CondorScratchDir = "/var/lib/condor/execute/dir_1827610"
	Cpus = 2
	Disk = 751617
	GPUs = 0
	Memory = 16000
...
006 (1253609.000.000) 2025-07-17 20:18:51 Image size of job updated: 1008880
	986  -  MemoryUsage of job (MB)
	1008880  -  ResidentSetSize of job (KB)
...
006 (1253609.000.000) 2025-07-17 20:19:47 Image size of job updated: 2385556
	2149  -  MemoryUsage of job (MB)
	2199984  -  ResidentSetSize of job (KB)
...
040 (1253609.000.000) 2025-07-17 20:19:47 Started transferring output files
...
040 (1253609.000.000) 2025-07-17 20:19:47 Finished transferring output files
...
005 (1253609.000.000) 2025-07-17 20:19:48 Job terminated.
	(1) Normal termination (return value 0)
		Usr 0 00:00:57, Sys 0 00:00:05  -  Run Remote Usage
		Usr 0 00:00:00, Sys 0 00:00:00  -  Run Local Usage
		Usr 0 00:00:57, Sys 0 00:00:05  -  Total Remote Usage
		Usr 0 00:00:00, Sys 0 00:00:00  -  Total Local Usage
	98103  -  Run Bytes Sent By Job
	690279424  -  Run Bytes Received By Job
	98103  -  Total Bytes Sent By Job
	690279424  -  Total Bytes Received By Job
	Partitionable Resources :    Usage  Request Allocated 
	   Cpus                 :                 2         2 
	   Disk (KB)            :  2774532   750000    751617 
	   GPUs                 :                           0 
	   Memory (MB)          :     2149    16000     16000 
	   TimeExecute (s)      :       69                    
	   TimeSlotBusy (s)     :       76                    

	Job terminated of its own accord at 2025-07-17T11:19:47Z with exit-code 0.
...
000 (1266926.000.000) 2025-07-21 15:25:57 Job submitted from host: <172.30.1.200:9618?addrs=172.30.1.200-9618&alias=tamsa2&noUDP&sock=schedd_2531_a24a>
...
040 (1266926.000.000) 2025-07-21 15:26:04 Started transferring input files
	Transferring to host: <172.30.1.202:9618?addrs=172.30.1.202-9618&alias=node-w2.localdomain&noUDP&sock=slot1_7_4999_ff64_73410>
...
040 (1266926.000.000) 2025-07-21 15:26:12 Finished transferring input files
...
001 (1266926.000.000) 2025-07-21 15:26:12 Job executing on host: <172.30.1.202:9618?addrs=172.30.1.202-9618&alias=node-w2.localdomain&noUDP&sock=startd_4964_7836>
	SlotName: slot1_7@node-w2.localdomain
	CondorScratchDir = "/var/lib/condor/execute/dir_153558"
	Cpus = 2
	Disk = 751616
	GPUs = 0
	Memory = 16000
...
006 (1266926.000.000) 2025-07-21 15:26:25 Image size of job updated: 1015476
	992  -  MemoryUsage of job (MB)
	1015476  -  ResidentSetSize of job (KB)
...
006 (1266926.000.000) 2025-07-21 15:27:20 Image size of job updated: 2368916
	2149  -  MemoryUsage of job (MB)
	2200036  -  ResidentSetSize of job (KB)
...
040 (1266926.000.000) 2025-07-21 15:27:20 Started transferring output files
...
040 (1266926.000.000) 2025-07-21 15:27:20 Finished transferring output files
...
005 (1266926.000.000) 2025-07-21 15:27:20 Job terminated.
	(1) Normal termination (return value 0)
		Usr 0 00:00:57, Sys 0 00:00:03  -  Run Remote Usage
		Usr 0 00:00:00, Sys 0 00:00:00  -  Run Local Usage
		Usr 0 00:00:57, Sys 0 00:00:03  -  Total Remote Usage
		Usr 0 00:00:00, Sys 0 00:00:00  -  Total Local Usage
	102000  -  Run Bytes Sent By Job
	690282752  -  Run Bytes Received By Job
	102000  -  Total Bytes Sent By Job
	690282752  -  Total Bytes Received By Job
	Partitionable Resources :    Usage  Request Allocated 
	   Cpus                 :                 2         2 
	   Disk (KB)            :  2774541   750000    751616 
	   GPUs                 :                           0 
	   Memory (MB)          :     2149    16000     16000 
	   TimeExecute (s)      :       68                    
	   TimeSlotBusy (s)     :       76                    

	Job terminated of its own accord at 2025-07-21T06:27:20Z with exit-code 0.
...
