000 (1253571.000.000) 2025-07-17 20:18:08 Job submitted from host: <172.30.1.200:9618?addrs=172.30.1.200-9618&alias=tamsa2&noUDP&sock=schedd_2531_a24a>
...
040 (1253571.000.000) 2025-07-17 20:18:10 Started transferring input files
	Transferring to host: <172.30.1.214:9618?addrs=172.30.1.214-9618&alias=node-w14.localdomain&noUDP&sock=slot1_40_5193_b02c_92105>
...
040 (1253571.000.000) 2025-07-17 20:18:14 Finished transferring input files
...
001 (1253571.000.000) 2025-07-17 20:18:14 Job executing on host: <172.30.1.214:9618?addrs=172.30.1.214-9618&alias=node-w14.localdomain&noUDP&sock=startd_5159_392e>
	SlotName: slot1_40@node-w14.localdomain
	CondorScratchDir = "/var/lib/condor/execute/dir_949822"
	Cpus = 2
	Disk = 751616
	GPUs = 0
	Memory = 16000
...
006 (1253571.000.000) 2025-07-17 20:18:28 Image size of job updated: 776796
	759  -  MemoryUsage of job (MB)
	776796  -  ResidentSetSize of job (KB)
...
006 (1253571.000.000) 2025-07-17 20:20:36 Image size of job updated: 2516800
	2149  -  MemoryUsage of job (MB)
	2200004  -  ResidentSetSize of job (KB)
...
040 (1253571.000.000) 2025-07-17 20:20:36 Started transferring output files
...
040 (1253571.000.000) 2025-07-17 20:20:36 Finished transferring output files
...
005 (1253571.000.000) 2025-07-17 20:20:37 Job terminated.
	(1) Normal termination (return value 0)
		Usr 0 00:02:03, Sys 0 00:00:07  -  Run Remote Usage
		Usr 0 00:00:00, Sys 0 00:00:00  -  Run Local Usage
		Usr 0 00:02:03, Sys 0 00:00:07  -  Total Remote Usage
		Usr 0 00:00:00, Sys 0 00:00:00  -  Total Local Usage
	104881  -  Run Bytes Sent By Job
	690280640  -  Run Bytes Received By Job
	104881  -  Total Bytes Sent By Job
	690280640  -  Total Bytes Received By Job
	Partitionable Resources :      Usage  Request Allocated 
	   Cpus                 :       0.96        2         2 
	   Disk (KB)            : 2774551      750000    751616 
	   GPUs                 :                             0 
	   Memory (MB)          :    2149       16000     16000 
	   TimeExecute (s)      :     142                       
	   TimeSlotBusy (s)     :     147                       

	Job terminated of its own accord at 2025-07-17T11:20:36Z with exit-code 0.
...
000 (1266888.000.000) 2025-07-21 15:25:55 Job submitted from host: <172.30.1.200:9618?addrs=172.30.1.200-9618&alias=tamsa2&noUDP&sock=schedd_2531_a24a>
...
040 (1266888.000.000) 2025-07-21 15:26:05 Started transferring input files
	Transferring to host: <172.30.1.221:9618?addrs=172.30.1.221-9618&alias=node-w21.localdomain&noUDP&sock=slot1_6_6000_4aed_155121>
...
040 (1266888.000.000) 2025-07-21 15:26:18 Finished transferring input files
...
001 (1266888.000.000) 2025-07-21 15:26:18 Job executing on host: <172.30.1.221:9618?addrs=172.30.1.221-9618&alias=node-w21.localdomain&noUDP&sock=startd_5966_c21c>
	SlotName: slot1_6@node-w21.localdomain
	CondorScratchDir = "/var/lib/condor/execute/dir_1134237"
	Cpus = 2
	Disk = 751616
	GPUs = 0
	Memory = 16000
...
006 (1266888.000.000) 2025-07-21 15:26:31 Image size of job updated: 693304
	678  -  MemoryUsage of job (MB)
	693304  -  ResidentSetSize of job (KB)
...
006 (1266888.000.000) 2025-07-21 15:29:07 Image size of job updated: 2525488
	2149  -  MemoryUsage of job (MB)
	2200056  -  ResidentSetSize of job (KB)
...
040 (1266888.000.000) 2025-07-21 15:29:08 Started transferring output files
...
040 (1266888.000.000) 2025-07-21 15:29:08 Finished transferring output files
...
005 (1266888.000.000) 2025-07-21 15:29:08 Job terminated.
	(1) Normal termination (return value 0)
		Usr 0 00:02:14, Sys 0 00:00:13  -  Run Remote Usage
		Usr 0 00:00:00, Sys 0 00:00:00  -  Run Local Usage
		Usr 0 00:02:14, Sys 0 00:00:13  -  Total Remote Usage
		Usr 0 00:00:00, Sys 0 00:00:00  -  Total Local Usage
	108518  -  Run Bytes Sent By Job
	690283968  -  Run Bytes Received By Job
	108518  -  Total Bytes Sent By Job
	690283968  -  Total Bytes Received By Job
	Partitionable Resources :      Usage  Request Allocated 
	   Cpus                 :       0.81        2         2 
	   Disk (KB)            : 2774560      750000    751616 
	   GPUs                 :                             0 
	   Memory (MB)          :    2149       16000     16000 
	   TimeExecute (s)      :     169                       
	   TimeSlotBusy (s)     :     183                       

	Job terminated of its own accord at 2025-07-21T06:29:07Z with exit-code 0.
...
