000 (1253598.000.000) 2025-07-17 20:18:11 Job submitted from host: <172.30.1.200:9618?addrs=172.30.1.200-9618&alias=tamsa2&noUDP&sock=schedd_2531_a24a>
...
040 (1253598.000.000) 2025-07-17 20:18:31 Started transferring input files
	Transferring to host: <172.30.1.201:9618?addrs=172.30.1.201-9618&alias=node-w1.localdomain&noUDP&sock=slot1_2_5447_a777_105050>
...
040 (1253598.000.000) 2025-07-17 20:18:35 Finished transferring input files
...
001 (1253598.000.000) 2025-07-17 20:18:35 Job executing on host: <172.30.1.201:9618?addrs=172.30.1.201-9618&alias=node-w1.localdomain&noUDP&sock=startd_5412_c2a4>
	SlotName: slot1_2@node-w1.localdomain
	CondorScratchDir = "/var/lib/condor/execute/dir_1827596"
	Cpus = 2
	Disk = 751617
	GPUs = 0
	Memory = 16000
...
006 (1253598.000.000) 2025-07-17 20:18:49 Image size of job updated: 1134632
	1109  -  MemoryUsage of job (MB)
	1134632  -  ResidentSetSize of job (KB)
...
006 (1253598.000.000) 2025-07-17 20:22:44 Image size of job updated: 2715072
	2149  -  MemoryUsage of job (MB)
	2200008  -  ResidentSetSize of job (KB)
...
040 (1253598.000.000) 2025-07-17 20:22:44 Started transferring output files
...
040 (1253598.000.000) 2025-07-17 20:22:44 Finished transferring output files
...
005 (1253598.000.000) 2025-07-17 20:22:44 Job terminated.
	(1) Normal termination (return value 0)
		Usr 0 00:03:28, Sys 0 00:00:13  -  Run Remote Usage
		Usr 0 00:00:00, Sys 0 00:00:00  -  Run Local Usage
		Usr 0 00:03:28, Sys 0 00:00:13  -  Total Remote Usage
		Usr 0 00:00:00, Sys 0 00:00:00  -  Total Local Usage
	109480  -  Run Bytes Sent By Job
	690283840  -  Run Bytes Received By Job
	109480  -  Total Bytes Sent By Job
	690283840  -  Total Bytes Received By Job
	Partitionable Resources :    Usage  Request Allocated 
	   Cpus                 :        0        2         2 
	   Disk (KB)            :  2774558   750000    751617 
	   GPUs                 :                           0 
	   Memory (MB)          :     2149    16000     16000 
	   TimeExecute (s)      :      249                    
	   TimeSlotBusy (s)     :      253                    

	Job terminated of its own accord at 2025-07-17T11:22:44Z with exit-code 0.
...
000 (1266915.000.000) 2025-07-21 15:25:56 Job submitted from host: <172.30.1.200:9618?addrs=172.30.1.200-9618&alias=tamsa2&noUDP&sock=schedd_2531_a24a>
...
040 (1266915.000.000) 2025-07-21 15:26:05 Started transferring input files
	Transferring to host: <172.30.1.203:9618?addrs=172.30.1.203-9618&alias=node-w3.localdomain&noUDP&sock=slot1_7_4993_c524_92280>
...
040 (1266915.000.000) 2025-07-21 15:26:12 Finished transferring input files
...
001 (1266915.000.000) 2025-07-21 15:26:12 Job executing on host: <172.30.1.203:9618?addrs=172.30.1.203-9618&alias=node-w3.localdomain&noUDP&sock=startd_4959_0a3d>
	SlotName: slot1_7@node-w3.localdomain
	CondorScratchDir = "/var/lib/condor/execute/dir_313108"
	Cpus = 2
	Disk = 751616
	GPUs = 0
	Memory = 16000
...
006 (1266915.000.000) 2025-07-21 15:26:25 Image size of job updated: 1015432
	992  -  MemoryUsage of job (MB)
	1015432  -  ResidentSetSize of job (KB)
...
006 (1266915.000.000) 2025-07-21 15:30:53 Image size of job updated: 2701864
	2149  -  MemoryUsage of job (MB)
	2200056  -  ResidentSetSize of job (KB)
...
040 (1266915.000.000) 2025-07-21 15:30:53 Started transferring output files
...
040 (1266915.000.000) 2025-07-21 15:30:53 Finished transferring output files
...
005 (1266915.000.000) 2025-07-21 15:30:53 Job terminated.
	(1) Normal termination (return value 0)
		Usr 0 00:03:23, Sys 0 00:00:08  -  Run Remote Usage
		Usr 0 00:00:00, Sys 0 00:00:00  -  Run Local Usage
		Usr 0 00:03:23, Sys 0 00:00:08  -  Total Remote Usage
		Usr 0 00:00:00, Sys 0 00:00:00  -  Total Local Usage
	113516  -  Run Bytes Sent By Job
	690287168  -  Run Bytes Received By Job
	113516  -  Total Bytes Sent By Job
	690287168  -  Total Bytes Received By Job
	Partitionable Resources :      Usage  Request Allocated 
	   Cpus                 :       0.90        2         2 
	   Disk (KB)            : 2774567      750000    751616 
	   GPUs                 :                             0 
	   Memory (MB)          :    2149       16000     16000 
	   TimeExecute (s)      :     281                       
	   TimeSlotBusy (s)     :     289                       

	Job terminated of its own accord at 2025-07-21T06:30:53Z with exit-code 0.
...
