000 (1253588.000.000) 2025-07-17 20:18:10 Job submitted from host: <172.30.1.200:9618?addrs=172.30.1.200-9618&alias=tamsa2&noUDP&sock=schedd_2531_a24a>
...
040 (1253588.000.000) 2025-07-17 20:18:31 Started transferring input files
	Transferring to host: <172.30.1.215:9618?addrs=172.30.1.215-9618&alias=node-w15.localdomain&noUDP&sock=slot1_4_5185_0d2c_106094>
...
040 (1253588.000.000) 2025-07-17 20:18:35 Finished transferring input files
...
001 (1253588.000.000) 2025-07-17 20:18:35 Job executing on host: <172.30.1.215:9618?addrs=172.30.1.215-9618&alias=node-w15.localdomain&noUDP&sock=startd_5151_bc6c>
	SlotName: slot1_4@node-w15.localdomain
	CondorScratchDir = "/var/lib/condor/execute/dir_878931"
	Cpus = 2
	Disk = 751616
	GPUs = 0
	Memory = 16000
...
006 (1253588.000.000) 2025-07-17 20:18:49 Image size of job updated: 879824
	860  -  MemoryUsage of job (MB)
	879824  -  ResidentSetSize of job (KB)
...
006 (1253588.000.000) 2025-07-17 20:23:50 Image size of job updated: 2594968
	2465  -  MemoryUsage of job (MB)
	2523272  -  ResidentSetSize of job (KB)
...
040 (1253588.000.000) 2025-07-17 20:25:08 Started transferring output files
...
040 (1253588.000.000) 2025-07-17 20:25:08 Finished transferring output files
...
005 (1253588.000.000) 2025-07-17 20:25:08 Job terminated.
	(1) Normal termination (return value 0)
		Usr 0 00:05:57, Sys 0 00:00:12  -  Run Remote Usage
		Usr 0 00:00:00, Sys 0 00:00:00  -  Run Local Usage
		Usr 0 00:05:57, Sys 0 00:00:12  -  Total Remote Usage
		Usr 0 00:00:00, Sys 0 00:00:00  -  Total Local Usage
	115110  -  Run Bytes Sent By Job
	690286208  -  Run Bytes Received By Job
	115110  -  Total Bytes Sent By Job
	690286208  -  Total Bytes Received By Job
	Partitionable Resources :      Usage  Request Allocated 
	   Cpus                 :       0.92        2         2 
	   Disk (KB)            : 2774568      750000    751616 
	   GPUs                 :                             0 
	   Memory (MB)          :    2465       16000     16000 
	   TimeExecute (s)      :     392                       
	   TimeSlotBusy (s)     :     397                       

	Job terminated of its own accord at 2025-07-17T11:25:07Z with exit-code 0.
...
000 (1266905.000.000) 2025-07-21 15:25:56 Job submitted from host: <172.30.1.200:9618?addrs=172.30.1.200-9618&alias=tamsa2&noUDP&sock=schedd_2531_a24a>
...
040 (1266905.000.000) 2025-07-21 15:26:05 Started transferring input files
	Transferring to host: <172.30.1.203:9618?addrs=172.30.1.203-9618&alias=node-w3.localdomain&noUDP&sock=slot1_13_4993_c524_92286>
...
040 (1266905.000.000) 2025-07-21 15:26:12 Finished transferring input files
...
001 (1266905.000.000) 2025-07-21 15:26:12 Job executing on host: <172.30.1.203:9618?addrs=172.30.1.203-9618&alias=node-w3.localdomain&noUDP&sock=startd_4959_0a3d>
	SlotName: slot1_13@node-w3.localdomain
	CondorScratchDir = "/var/lib/condor/execute/dir_313117"
	Cpus = 2
	Disk = 751616
	GPUs = 0
	Memory = 16000
...
006 (1266905.000.000) 2025-07-21 15:26:25 Image size of job updated: 1013960
	991  -  MemoryUsage of job (MB)
	1013960  -  ResidentSetSize of job (KB)
...
006 (1266905.000.000) 2025-07-21 15:31:04 Image size of job updated: 2642604
	2149  -  MemoryUsage of job (MB)
	2200072  -  ResidentSetSize of job (KB)
...
040 (1266905.000.000) 2025-07-21 15:31:04 Started transferring output files
...
040 (1266905.000.000) 2025-07-21 15:31:04 Finished transferring output files
...
005 (1266905.000.000) 2025-07-21 15:31:04 Job terminated.
	(1) Normal termination (return value 0)
		Usr 0 00:03:46, Sys 0 00:00:13  -  Run Remote Usage
		Usr 0 00:00:00, Sys 0 00:00:00  -  Run Local Usage
		Usr 0 00:03:46, Sys 0 00:00:13  -  Total Remote Usage
		Usr 0 00:00:00, Sys 0 00:00:00  -  Total Local Usage
	119329  -  Run Bytes Sent By Job
	690289536  -  Run Bytes Received By Job
	119329  -  Total Bytes Sent By Job
	690289536  -  Total Bytes Received By Job
	Partitionable Resources :      Usage  Request Allocated 
	   Cpus                 :       0.53        2         2 
	   Disk (KB)            : 2774577      750000    751616 
	   GPUs                 :                             0 
	   Memory (MB)          :    2149       16000     16000 
	   TimeExecute (s)      :     292                       
	   TimeSlotBusy (s)     :     299                       

	Job terminated of its own accord at 2025-07-21T06:31:04Z with exit-code 0.
...
