000 (1253582.000.000) 2025-07-17 20:18:09 Job submitted from host: <172.30.1.200:9618?addrs=172.30.1.200-9618&alias=tamsa2&noUDP&sock=schedd_2531_a24a>
...
040 (1253582.000.000) 2025-07-17 20:18:11 Started transferring input files
	Transferring to host: <172.30.1.220:9618?addrs=172.30.1.220-9618&alias=node-w20.localdomain&noUDP&sock=slot1_24_5233_df2e_135830>
...
040 (1253582.000.000) 2025-07-17 20:18:14 Finished transferring input files
...
001 (1253582.000.000) 2025-07-17 20:18:14 Job executing on host: <172.30.1.220:9618?addrs=172.30.1.220-9618&alias=node-w20.localdomain&noUDP&sock=startd_5199_a8f8>
	SlotName: slot1_24@node-w20.localdomain
	CondorScratchDir = "/var/lib/condor/execute/dir_3283623"
	Cpus = 2
	Disk = 751616
	GPUs = 0
	Memory = 16000
...
006 (1253582.000.000) 2025-07-17 20:18:27 Image size of job updated: 1008948
	986  -  MemoryUsage of job (MB)
	1008948  -  ResidentSetSize of job (KB)
...
006 (1253582.000.000) 2025-07-17 20:22:07 Image size of job updated: 2925840
	2149  -  MemoryUsage of job (MB)
	2200004  -  ResidentSetSize of job (KB)
...
040 (1253582.000.000) 2025-07-17 20:22:07 Started transferring output files
...
040 (1253582.000.000) 2025-07-17 20:22:07 Finished transferring output files
...
005 (1253582.000.000) 2025-07-17 20:22:08 Job terminated.
	(1) Normal termination (return value 0)
		Usr 0 00:03:11, Sys 0 00:00:22  -  Run Remote Usage
		Usr 0 00:00:00, Sys 0 00:00:00  -  Run Local Usage
		Usr 0 00:03:11, Sys 0 00:00:22  -  Total Remote Usage
		Usr 0 00:00:00, Sys 0 00:00:00  -  Total Local Usage
	104701  -  Run Bytes Sent By Job
	690282688  -  Run Bytes Received By Job
	104701  -  Total Bytes Sent By Job
	690282688  -  Total Bytes Received By Job
	Partitionable Resources :    Usage  Request Allocated 
	   Cpus                 :                 2         2 
	   Disk (KB)            :  2774543   750000    751616 
	   GPUs                 :                           0 
	   Memory (MB)          :     2149    16000     16000 
	   TimeExecute (s)      :      233                    
	   TimeSlotBusy (s)     :      237                    

	Job terminated of its own accord at 2025-07-17T11:22:07Z with exit-code 0.
...
000 (1266899.000.000) 2025-07-21 15:25:55 Job submitted from host: <172.30.1.200:9618?addrs=172.30.1.200-9618&alias=tamsa2&noUDP&sock=schedd_2531_a24a>
...
040 (1266899.000.000) 2025-07-21 15:26:04 Started transferring input files
	Transferring to host: <172.30.1.218:9618?addrs=172.30.1.218-9618&alias=node-w18.localdomain&noUDP&sock=slot1_5_5306_4e91_104283>
...
040 (1266899.000.000) 2025-07-21 15:26:13 Finished transferring input files
...
001 (1266899.000.000) 2025-07-21 15:26:13 Job executing on host: <172.30.1.218:9618?addrs=172.30.1.218-9618&alias=node-w18.localdomain&noUDP&sock=startd_5272_bb62>
	SlotName: slot1_5@node-w18.localdomain
	CondorScratchDir = "/var/lib/condor/execute/dir_3790546"
	Cpus = 2
	Disk = 751616
	GPUs = 0
	Memory = 16000
...
006 (1266899.000.000) 2025-07-21 15:26:27 Image size of job updated: 681780
	666  -  MemoryUsage of job (MB)
	681780  -  ResidentSetSize of job (KB)
...
006 (1266899.000.000) 2025-07-21 15:31:28 Image size of job updated: 2944804
	2470  -  MemoryUsage of job (MB)
	2529244  -  ResidentSetSize of job (KB)
...
040 (1266899.000.000) 2025-07-21 15:31:54 Started transferring output files
...
040 (1266899.000.000) 2025-07-21 15:31:54 Finished transferring output files
...
005 (1266899.000.000) 2025-07-21 15:31:54 Job terminated.
	(1) Normal termination (return value 0)
		Usr 0 00:04:38, Sys 0 00:00:17  -  Run Remote Usage
		Usr 0 00:00:00, Sys 0 00:00:00  -  Run Local Usage
		Usr 0 00:04:38, Sys 0 00:00:17  -  Total Remote Usage
		Usr 0 00:00:00, Sys 0 00:00:00  -  Total Local Usage
	108613  -  Run Bytes Sent By Job
	690286016  -  Run Bytes Received By Job
	108613  -  Total Bytes Sent By Job
	690286016  -  Total Bytes Received By Job
	Partitionable Resources :      Usage  Request Allocated 
	   Cpus                 :       0.81        2         2 
	   Disk (KB)            : 2774559      750000    751616 
	   GPUs                 :                             0 
	   Memory (MB)          :    2470       16000     16000 
	   TimeExecute (s)      :     340                       
	   TimeSlotBusy (s)     :     350                       

	Job terminated of its own accord at 2025-07-21T06:31:53Z with exit-code 0.
...
