000 (1253591.000.000) 2025-07-17 20:18:10 Job submitted from host: <172.30.1.200:9618?addrs=172.30.1.200-9618&alias=tamsa2&noUDP&sock=schedd_2531_a24a>
...
040 (1253591.000.000) 2025-07-17 20:18:31 Started transferring input files
	Transferring to host: <172.30.1.220:9618?addrs=172.30.1.220-9618&alias=node-w20.localdomain&noUDP&sock=slot1_44_5233_df2e_135850>
...
040 (1253591.000.000) 2025-07-17 20:18:35 Finished transferring input files
...
001 (1253591.000.000) 2025-07-17 20:18:35 Job executing on host: <172.30.1.220:9618?addrs=172.30.1.220-9618&alias=node-w20.localdomain&noUDP&sock=startd_5199_a8f8>
	SlotName: slot1_44@node-w20.localdomain
	CondorScratchDir = "/var/lib/condor/execute/dir_3287670"
	Cpus = 2
	Disk = 751616
	GPUs = 0
	Memory = 16000
...
006 (1253591.000.000) 2025-07-17 20:18:49 Image size of job updated: 1070996
	1046  -  MemoryUsage of job (MB)
	1070996  -  ResidentSetSize of job (KB)
...
006 (1253591.000.000) 2025-07-17 20:23:50 Image size of job updated: 2777728
	2616  -  MemoryUsage of job (MB)
	2677952  -  ResidentSetSize of job (KB)
...
040 (1253591.000.000) 2025-07-17 20:26:20 Started transferring output files
...
040 (1253591.000.000) 2025-07-17 20:26:20 Finished transferring output files
...
005 (1253591.000.000) 2025-07-17 20:26:21 Job terminated.
	(1) Normal termination (return value 0)
		Usr 0 00:06:30, Sys 0 00:00:20  -  Run Remote Usage
		Usr 0 00:00:00, Sys 0 00:00:00  -  Run Local Usage
		Usr 0 00:06:30, Sys 0 00:00:20  -  Total Remote Usage
		Usr 0 00:00:00, Sys 0 00:00:00  -  Total Local Usage
	132287  -  Run Bytes Sent By Job
	690291840  -  Run Bytes Received By Job
	132287  -  Total Bytes Sent By Job
	690291840  -  Total Bytes Received By Job
	Partitionable Resources :      Usage  Request Allocated 
	   Cpus                 :       0.90        2         2 
	   Disk (KB)            : 2774598      750000    751616 
	   GPUs                 :                             0 
	   Memory (MB)          :    2616       16000     16000 
	   TimeExecute (s)      :     465                       
	   TimeSlotBusy (s)     :     470                       

	Job terminated of its own accord at 2025-07-17T11:26:20Z with exit-code 0.
...
000 (1266908.000.000) 2025-07-21 15:25:56 Job submitted from host: <172.30.1.200:9618?addrs=172.30.1.200-9618&alias=tamsa2&noUDP&sock=schedd_2531_a24a>
...
040 (1266908.000.000) 2025-07-21 15:26:05 Started transferring input files
	Transferring to host: <172.30.1.203:9618?addrs=172.30.1.203-9618&alias=node-w3.localdomain&noUDP&sock=slot1_16_4993_c524_92289>
...
040 (1266908.000.000) 2025-07-21 15:26:12 Finished transferring input files
...
001 (1266908.000.000) 2025-07-21 15:26:12 Job executing on host: <172.30.1.203:9618?addrs=172.30.1.203-9618&alias=node-w3.localdomain&noUDP&sock=startd_4959_0a3d>
	SlotName: slot1_16@node-w3.localdomain
	CondorScratchDir = "/var/lib/condor/execute/dir_313120"
	Cpus = 2
	Disk = 751616
	GPUs = 0
	Memory = 16000
...
006 (1266908.000.000) 2025-07-21 15:26:25 Image size of job updated: 1013264
	990  -  MemoryUsage of job (MB)
	1013264  -  ResidentSetSize of job (KB)
...
006 (1266908.000.000) 2025-07-21 15:31:25 Image size of job updated: 2673468
	2465  -  MemoryUsage of job (MB)
	2523360  -  ResidentSetSize of job (KB)
...
006 (1266908.000.000) 2025-07-21 15:35:07 Image size of job updated: 2738260
	2465  -  MemoryUsage of job (MB)
	2523360  -  ResidentSetSize of job (KB)
...
040 (1266908.000.000) 2025-07-21 15:35:08 Started transferring output files
...
040 (1266908.000.000) 2025-07-21 15:35:08 Finished transferring output files
...
005 (1266908.000.000) 2025-07-21 15:35:08 Job terminated.
	(1) Normal termination (return value 0)
		Usr 0 00:06:59, Sys 0 00:00:15  -  Run Remote Usage
		Usr 0 00:00:00, Sys 0 00:00:00  -  Run Local Usage
		Usr 0 00:06:59, Sys 0 00:00:15  -  Total Remote Usage
		Usr 0 00:00:00, Sys 0 00:00:00  -  Total Local Usage
	136590  -  Run Bytes Sent By Job
	690295168  -  Run Bytes Received By Job
	136590  -  Total Bytes Sent By Job
	690295168  -  Total Bytes Received By Job
	Partitionable Resources :      Usage  Request Allocated 
	   Cpus                 :       0.91        2         2 
	   Disk (KB)            : 2774608      750000    751616 
	   GPUs                 :                             0 
	   Memory (MB)          :    2465       16000     16000 
	   TimeExecute (s)      :     535                       
	   TimeSlotBusy (s)     :     543                       

	Job terminated of its own accord at 2025-07-21T06:35:07Z with exit-code 0.
...
