000 (1253595.000.000) 2025-07-17 20:18:11 Job submitted from host: <172.30.1.200:9618?addrs=172.30.1.200-9618&alias=tamsa2&noUDP&sock=schedd_2531_a24a>
...
040 (1253595.000.000) 2025-07-17 20:18:32 Started transferring input files
	Transferring to host: <172.30.1.220:9618?addrs=172.30.1.220-9618&alias=node-w20.localdomain&noUDP&sock=slot1_48_5233_df2e_135854>
...
040 (1253595.000.000) 2025-07-17 20:18:36 Finished transferring input files
...
001 (1253595.000.000) 2025-07-17 20:18:36 Job executing on host: <172.30.1.220:9618?addrs=172.30.1.220-9618&alias=node-w20.localdomain&noUDP&sock=startd_5199_a8f8>
	SlotName: slot1_48@node-w20.localdomain
	CondorScratchDir = "/var/lib/condor/execute/dir_3287678"
	Cpus = 2
	Disk = 751616
	GPUs = 0
	Memory = 16000
...
006 (1253595.000.000) 2025-07-17 20:18:49 Image size of job updated: 978580
	956  -  MemoryUsage of job (MB)
	978580  -  ResidentSetSize of job (KB)
...
006 (1253595.000.000) 2025-07-17 20:23:50 Image size of job updated: 2883008
	2441  -  MemoryUsage of job (MB)
	2498604  -  ResidentSetSize of job (KB)
...
040 (1253595.000.000) 2025-07-17 20:24:29 Started transferring output files
...
040 (1253595.000.000) 2025-07-17 20:24:29 Finished transferring output files
...
005 (1253595.000.000) 2025-07-17 20:24:29 Job terminated.
	(1) Normal termination (return value 0)
		Usr 0 00:04:47, Sys 0 00:00:25  -  Run Remote Usage
		Usr 0 00:00:00, Sys 0 00:00:00  -  Run Local Usage
		Usr 0 00:04:47, Sys 0 00:00:25  -  Total Remote Usage
		Usr 0 00:00:00, Sys 0 00:00:00  -  Total Local Usage
	119000  -  Run Bytes Sent By Job
	690284416  -  Run Bytes Received By Job
	119000  -  Total Bytes Sent By Job
	690284416  -  Total Bytes Received By Job
	Partitionable Resources :      Usage  Request Allocated 
	   Cpus                 :       0.94        2         2 
	   Disk (KB)            : 2774576      750000    751616 
	   GPUs                 :                             0 
	   Memory (MB)          :    2441       16000     16000 
	   TimeExecute (s)      :     353                       
	   TimeSlotBusy (s)     :     357                       

	Job terminated of its own accord at 2025-07-17T11:24:29Z with exit-code 0.
...
000 (1266912.000.000) 2025-07-21 15:25:56 Job submitted from host: <172.30.1.200:9618?addrs=172.30.1.200-9618&alias=tamsa2&noUDP&sock=schedd_2531_a24a>
...
040 (1266912.000.000) 2025-07-21 15:26:04 Started transferring input files
	Transferring to host: <172.30.1.203:9618?addrs=172.30.1.203-9618&alias=node-w3.localdomain&noUDP&sock=slot1_4_4993_c524_92277>
...
001 (1266912.000.000) 2025-07-21 15:26:12 Job executing on host: <172.30.1.203:9618?addrs=172.30.1.203-9618&alias=node-w3.localdomain&noUDP&sock=startd_4959_0a3d>
	SlotName: slot1_4@node-w3.localdomain
	CondorScratchDir = "/var/lib/condor/execute/dir_313103"
	Cpus = 2
	Disk = 751616
	GPUs = 0
	Memory = 16000
...
040 (1266912.000.000) 2025-07-21 15:26:12 Finished transferring input files
...
006 (1266912.000.000) 2025-07-21 15:26:25 Image size of job updated: 1014920
	992  -  MemoryUsage of job (MB)
	1014920  -  ResidentSetSize of job (KB)
...
006 (1266912.000.000) 2025-07-21 15:31:25 Image size of job updated: 2776796
	2431  -  MemoryUsage of job (MB)
	2488500  -  ResidentSetSize of job (KB)
...
006 (1266912.000.000) 2025-07-21 15:32:56 Image size of job updated: 2955924
	2431  -  MemoryUsage of job (MB)
	2488500  -  ResidentSetSize of job (KB)
...
040 (1266912.000.000) 2025-07-21 15:32:57 Started transferring output files
...
040 (1266912.000.000) 2025-07-21 15:32:57 Finished transferring output files
...
005 (1266912.000.000) 2025-07-21 15:32:57 Job terminated.
	(1) Normal termination (return value 0)
		Usr 0 00:04:41, Sys 0 00:00:12  -  Run Remote Usage
		Usr 0 00:00:00, Sys 0 00:00:00  -  Run Local Usage
		Usr 0 00:04:41, Sys 0 00:00:12  -  Total Remote Usage
		Usr 0 00:00:00, Sys 0 00:00:00  -  Total Local Usage
	123145  -  Run Bytes Sent By Job
	690287744  -  Run Bytes Received By Job
	123145  -  Total Bytes Sent By Job
	690287744  -  Total Bytes Received By Job
	Partitionable Resources :      Usage  Request Allocated 
	   Cpus                 :       0.86        2         2 
	   Disk (KB)            : 2774586      750000    751616 
	   GPUs                 :                             0 
	   Memory (MB)          :    2431       16000     16000 
	   TimeExecute (s)      :     404                       
	   TimeSlotBusy (s)     :     413                       

	Job terminated of its own accord at 2025-07-21T06:32:56Z with exit-code 0.
...
