000 (1253608.000.000) 2025-07-17 20:18:11 Job submitted from host: <172.30.1.200:9618?addrs=172.30.1.200-9618&alias=tamsa2&noUDP&sock=schedd_2531_a24a>
...
040 (1253608.000.000) 2025-07-17 20:18:32 Started transferring input files
	Transferring to host: <172.30.1.201:9618?addrs=172.30.1.201-9618&alias=node-w1.localdomain&noUDP&sock=slot1_12_5447_a777_105058>
...
040 (1253608.000.000) 2025-07-17 20:18:35 Finished transferring input files
...
001 (1253608.000.000) 2025-07-17 20:18:35 Job executing on host: <172.30.1.201:9618?addrs=172.30.1.201-9618&alias=node-w1.localdomain&noUDP&sock=startd_5412_c2a4>
	SlotName: slot1_12@node-w1.localdomain
	CondorScratchDir = "/var/lib/condor/execute/dir_1827609"
	Cpus = 2
	Disk = 751617
	GPUs = 0
	Memory = 16000
...
006 (1253608.000.000) 2025-07-17 20:18:49 Image size of job updated: 1139312
	1113  -  MemoryUsage of job (MB)
	1139312  -  ResidentSetSize of job (KB)
...
006 (1253608.000.000) 2025-07-17 20:23:50 Image size of job updated: 2725684
	2506  -  MemoryUsage of job (MB)
	2565492  -  ResidentSetSize of job (KB)
...
006 (1253608.000.000) 2025-07-17 20:28:50 Image size of job updated: 2769452
	2577  -  MemoryUsage of job (MB)
	2638520  -  ResidentSetSize of job (KB)
...
006 (1253608.000.000) 2025-07-17 20:33:51 Image size of job updated: 2890088
	2615  -  MemoryUsage of job (MB)
	2677540  -  ResidentSetSize of job (KB)
...
006 (1253608.000.000) 2025-07-17 20:38:51 Image size of job updated: 2913984
	2625  -  MemoryUsage of job (MB)
	2687612  -  ResidentSetSize of job (KB)
...
006 (1253608.000.000) 2025-07-17 20:43:52 Image size of job updated: 2913984
	2717  -  MemoryUsage of job (MB)
	2781596  -  ResidentSetSize of job (KB)
...
006 (1253608.000.000) 2025-07-17 20:48:52 Image size of job updated: 2980152
	2785  -  MemoryUsage of job (MB)
	2851152  -  ResidentSetSize of job (KB)
...
006 (1253608.000.000) 2025-07-17 20:53:53 Image size of job updated: 3079296
	2785  -  MemoryUsage of job (MB)
	2851152  -  ResidentSetSize of job (KB)
...
006 (1253608.000.000) 2025-07-17 20:58:54 Image size of job updated: 3079296
	2787  -  MemoryUsage of job (MB)
	2853228  -  ResidentSetSize of job (KB)
...
006 (1253608.000.000) 2025-07-17 21:03:54 Image size of job updated: 3120064
	2787  -  MemoryUsage of job (MB)
	2853228  -  ResidentSetSize of job (KB)
...
006 (1253608.000.000) 2025-07-17 21:08:55 Image size of job updated: 3258084
	2787  -  MemoryUsage of job (MB)
	2853228  -  ResidentSetSize of job (KB)
...
006 (1253608.000.000) 2025-07-17 21:18:56 Image size of job updated: 3258084
	3011  -  MemoryUsage of job (MB)
	3082752  -  ResidentSetSize of job (KB)
...
006 (1253608.000.000) 2025-07-17 21:23:56 Image size of job updated: 3258084
	3051  -  MemoryUsage of job (MB)
	3123712  -  ResidentSetSize of job (KB)
...
040 (1253608.000.000) 2025-07-17 21:38:27 Started transferring output files
...
040 (1253608.000.000) 2025-07-17 21:38:27 Finished transferring output files
...
005 (1253608.000.000) 2025-07-17 21:38:27 Job terminated.
	(1) Normal termination (return value 0)
		Usr 0 01:02:31, Sys 0 00:07:51  -  Run Remote Usage
		Usr 0 00:00:00, Sys 0 00:00:00  -  Run Local Usage
		Usr 0 01:02:31, Sys 0 00:07:51  -  Total Remote Usage
		Usr 0 00:00:00, Sys 0 00:00:00  -  Total Local Usage
	220112  -  Run Bytes Sent By Job
	690337216  -  Run Bytes Received By Job
	220112  -  Total Bytes Sent By Job
	690337216  -  Total Bytes Received By Job
	Partitionable Resources :      Usage  Request Allocated 
	   Cpus                 :       0.92        2         2 
	   Disk (KB)            : 2774741      750000    751617 
	   GPUs                 :                             0 
	   Memory (MB)          :    3051       16000     16000 
	   TimeExecute (s)      :    4791                       
	   TimeSlotBusy (s)     :    4795                       

	Job terminated of its own accord at 2025-07-17T12:38:26Z with exit-code 0.
...
000 (1266925.000.000) 2025-07-21 15:25:57 Job submitted from host: <172.30.1.200:9618?addrs=172.30.1.200-9618&alias=tamsa2&noUDP&sock=schedd_2531_a24a>
...
040 (1266925.000.000) 2025-07-21 15:26:05 Started transferring input files
	Transferring to host: <172.30.1.202:9618?addrs=172.30.1.202-9618&alias=node-w2.localdomain&noUDP&sock=slot1_6_4999_ff64_73409>
...
040 (1266925.000.000) 2025-07-21 15:26:12 Finished transferring input files
...
001 (1266925.000.000) 2025-07-21 15:26:12 Job executing on host: <172.30.1.202:9618?addrs=172.30.1.202-9618&alias=node-w2.localdomain&noUDP&sock=startd_4964_7836>
	SlotName: slot1_6@node-w2.localdomain
	CondorScratchDir = "/var/lib/condor/execute/dir_153556"
	Cpus = 2
	Disk = 751616
	GPUs = 0
	Memory = 16000
...
006 (1266925.000.000) 2025-07-21 15:26:25 Image size of job updated: 1013872
	991  -  MemoryUsage of job (MB)
	1013872  -  ResidentSetSize of job (KB)
...
006 (1266925.000.000) 2025-07-21 15:31:26 Image size of job updated: 2824064
	2530  -  MemoryUsage of job (MB)
	2590484  -  ResidentSetSize of job (KB)
...
006 (1266925.000.000) 2025-07-21 15:36:26 Image size of job updated: 2870904
	2566  -  MemoryUsage of job (MB)
	2626812  -  ResidentSetSize of job (KB)
...
006 (1266925.000.000) 2025-07-21 15:46:28 Image size of job updated: 2896300
	2566  -  MemoryUsage of job (MB)
	2626812  -  ResidentSetSize of job (KB)
...
006 (1266925.000.000) 2025-07-21 15:51:28 Image size of job updated: 2896300
	2682  -  MemoryUsage of job (MB)
	2745704  -  ResidentSetSize of job (KB)
...
006 (1266925.000.000) 2025-07-21 16:01:29 Image size of job updated: 2896300
	2725  -  MemoryUsage of job (MB)
	2790208  -  ResidentSetSize of job (KB)
...
006 (1266925.000.000) 2025-07-21 16:11:30 Image size of job updated: 3015444
	2757  -  MemoryUsage of job (MB)
	2822496  -  ResidentSetSize of job (KB)
...
006 (1266925.000.000) 2025-07-21 16:21:30 Image size of job updated: 3077596
	2785  -  MemoryUsage of job (MB)
	2851236  -  ResidentSetSize of job (KB)
...
006 (1266925.000.000) 2025-07-21 16:26:31 Image size of job updated: 3295744
	2876  -  MemoryUsage of job (MB)
	2944268  -  ResidentSetSize of job (KB)
...
006 (1266925.000.000) 2025-07-21 16:36:32 Image size of job updated: 3295744
	2910  -  MemoryUsage of job (MB)
	2979140  -  ResidentSetSize of job (KB)
...
040 (1266925.000.000) 2025-07-21 16:45:19 Started transferring output files
...
040 (1266925.000.000) 2025-07-21 16:45:19 Finished transferring output files
...
005 (1266925.000.000) 2025-07-21 16:45:19 Job terminated.
	(1) Normal termination (return value 0)
		Usr 0 00:54:09, Sys 0 00:06:04  -  Run Remote Usage
		Usr 0 00:00:00, Sys 0 00:00:00  -  Run Local Usage
		Usr 0 00:54:09, Sys 0 00:06:04  -  Total Remote Usage
		Usr 0 00:00:00, Sys 0 00:00:00  -  Total Local Usage
	224637  -  Run Bytes Sent By Job
	690340544  -  Run Bytes Received By Job
	224637  -  Total Bytes Sent By Job
	690340544  -  Total Bytes Received By Job
	Partitionable Resources :      Usage  Request Allocated 
	   Cpus                 :       0.62        2         2 
	   Disk (KB)            : 2774751      750000    751616 
	   GPUs                 :                             0 
	   Memory (MB)          :    2910       16000     16000 
	   TimeExecute (s)      :    4746                       
	   TimeSlotBusy (s)     :    4755                       

	Job terminated of its own accord at 2025-07-21T07:45:18Z with exit-code 0.
...
