000 (1253589.000.000) 2025-07-17 20:18:10 Job submitted from host: <172.30.1.200:9618?addrs=172.30.1.200-9618&alias=tamsa2&noUDP&sock=schedd_2531_a24a>
...
040 (1253589.000.000) 2025-07-17 20:18:31 Started transferring input files
	Transferring to host: <172.30.1.215:9618?addrs=172.30.1.215-9618&alias=node-w15.localdomain&noUDP&sock=slot1_8_5185_0d2c_106095>
...
040 (1253589.000.000) 2025-07-17 20:18:36 Finished transferring input files
...
001 (1253589.000.000) 2025-07-17 20:18:36 Job executing on host: <172.30.1.215:9618?addrs=172.30.1.215-9618&alias=node-w15.localdomain&noUDP&sock=startd_5151_bc6c>
	SlotName: slot1_8@node-w15.localdomain
	CondorScratchDir = "/var/lib/condor/execute/dir_878933"
	Cpus = 2
	Disk = 751616
	GPUs = 0
	Memory = 16000
...
006 (1253589.000.000) 2025-07-17 20:18:49 Image size of job updated: 839864
	821  -  MemoryUsage of job (MB)
	839864  -  ResidentSetSize of job (KB)
...
006 (1253589.000.000) 2025-07-17 20:22:38 Image size of job updated: 3437384
	2149  -  MemoryUsage of job (MB)
	2200000  -  ResidentSetSize of job (KB)
...
040 (1253589.000.000) 2025-07-17 20:22:38 Started transferring output files
...
040 (1253589.000.000) 2025-07-17 20:22:38 Finished transferring output files
...
005 (1253589.000.000) 2025-07-17 20:22:38 Job terminated.
	(1) Normal termination (return value 0)
		Usr 0 00:03:29, Sys 0 00:00:15  -  Run Remote Usage
		Usr 0 00:00:00, Sys 0 00:00:00  -  Run Local Usage
		Usr 0 00:03:29, Sys 0 00:00:15  -  Total Remote Usage
		Usr 0 00:00:00, Sys 0 00:00:00  -  Total Local Usage
	102953  -  Run Bytes Sent By Job
	690279680  -  Run Bytes Received By Job
	102953  -  Total Bytes Sent By Job
	690279680  -  Total Bytes Received By Job
	Partitionable Resources :      Usage  Request Allocated 
	   Cpus                 :       1.00        2         2 
	   Disk (KB)            : 2774547      750000    751616 
	   GPUs                 :                             0 
	   Memory (MB)          :    2149       16000     16000 
	   TimeExecute (s)      :     242                       
	   TimeSlotBusy (s)     :     247                       

	Job terminated of its own accord at 2025-07-17T11:22:38Z with exit-code 0.
...
000 (1266906.000.000) 2025-07-21 15:25:56 Job submitted from host: <172.30.1.200:9618?addrs=172.30.1.200-9618&alias=tamsa2&noUDP&sock=schedd_2531_a24a>
...
040 (1266906.000.000) 2025-07-21 15:26:05 Started transferring input files
	Transferring to host: <172.30.1.203:9618?addrs=172.30.1.203-9618&alias=node-w3.localdomain&noUDP&sock=slot1_14_4993_c524_92287>
...
040 (1266906.000.000) 2025-07-21 15:26:12 Finished transferring input files
...
001 (1266906.000.000) 2025-07-21 15:26:12 Job executing on host: <172.30.1.203:9618?addrs=172.30.1.203-9618&alias=node-w3.localdomain&noUDP&sock=startd_4959_0a3d>
	SlotName: slot1_14@node-w3.localdomain
	CondorScratchDir = "/var/lib/condor/execute/dir_313118"
	Cpus = 2
	Disk = 751616
	GPUs = 0
	Memory = 16000
...
006 (1266906.000.000) 2025-07-21 15:26:25 Image size of job updated: 1014864
	992  -  MemoryUsage of job (MB)
	1014864  -  ResidentSetSize of job (KB)
...
006 (1266906.000.000) 2025-07-21 15:29:25 Image size of job updated: 3217076
	2149  -  MemoryUsage of job (MB)
	2200052  -  ResidentSetSize of job (KB)
...
040 (1266906.000.000) 2025-07-21 15:29:25 Started transferring output files
...
040 (1266906.000.000) 2025-07-21 15:29:25 Finished transferring output files
...
005 (1266906.000.000) 2025-07-21 15:29:25 Job terminated.
	(1) Normal termination (return value 0)
		Usr 0 00:02:22, Sys 0 00:00:09  -  Run Remote Usage
		Usr 0 00:00:00, Sys 0 00:00:00  -  Run Local Usage
		Usr 0 00:02:22, Sys 0 00:00:09  -  Total Remote Usage
		Usr 0 00:00:00, Sys 0 00:00:00  -  Total Local Usage
	106609  -  Run Bytes Sent By Job
	690282944  -  Run Bytes Received By Job
	106609  -  Total Bytes Sent By Job
	690282944  -  Total Bytes Received By Job
	Partitionable Resources :      Usage  Request Allocated 
	   Cpus                 :       0.35        2         2 
	   Disk (KB)            : 2774556      750000    751616 
	   GPUs                 :                             0 
	   Memory (MB)          :    2149       16000     16000 
	   TimeExecute (s)      :     193                       
	   TimeSlotBusy (s)     :     200                       

	Job terminated of its own accord at 2025-07-21T06:29:25Z with exit-code 0.
...
