000 (1253604.000.000) 2025-07-17 20:18:11 Job submitted from host: <172.30.1.200:9618?addrs=172.30.1.200-9618&alias=tamsa2&noUDP&sock=schedd_2531_a24a>
...
040 (1253604.000.000) 2025-07-17 20:18:32 Started transferring input files
	Transferring to host: <172.30.1.201:9618?addrs=172.30.1.201-9618&alias=node-w1.localdomain&noUDP&sock=slot1_8_5447_a777_105055>
...
040 (1253604.000.000) 2025-07-17 20:18:36 Finished transferring input files
...
001 (1253604.000.000) 2025-07-17 20:18:36 Job executing on host: <172.30.1.201:9618?addrs=172.30.1.201-9618&alias=node-w1.localdomain&noUDP&sock=startd_5412_c2a4>
	SlotName: slot1_8@node-w1.localdomain
	CondorScratchDir = "/var/lib/condor/execute/dir_1827606"
	Cpus = 2
	Disk = 751617
	GPUs = 0
	Memory = 16000
...
006 (1253604.000.000) 2025-07-17 20:18:49 Image size of job updated: 1007112
	984  -  MemoryUsage of job (MB)
	1007112  -  ResidentSetSize of job (KB)
...
006 (1253604.000.000) 2025-07-17 20:23:49 Image size of job updated: 2626652
	2423  -  MemoryUsage of job (MB)
	2480508  -  ResidentSetSize of job (KB)
...
006 (1253604.000.000) 2025-07-17 20:28:50 Image size of job updated: 2674220
	2507  -  MemoryUsage of job (MB)
	2566348  -  ResidentSetSize of job (KB)
...
006 (1253604.000.000) 2025-07-17 20:33:51 Image size of job updated: 2690732
	2628  -  MemoryUsage of job (MB)
	2690732  -  ResidentSetSize of job (KB)
...
006 (1253604.000.000) 2025-07-17 20:36:17 Image size of job updated: 2791724
	2628  -  MemoryUsage of job (MB)
	2690732  -  ResidentSetSize of job (KB)
...
040 (1253604.000.000) 2025-07-17 20:36:17 Started transferring output files
...
040 (1253604.000.000) 2025-07-17 20:36:17 Finished transferring output files
...
005 (1253604.000.000) 2025-07-17 20:36:17 Job terminated.
	(1) Normal termination (return value 0)
		Usr 0 00:14:44, Sys 0 00:00:39  -  Run Remote Usage
		Usr 0 00:00:00, Sys 0 00:00:00  -  Run Local Usage
		Usr 0 00:14:44, Sys 0 00:00:39  -  Total Remote Usage
		Usr 0 00:00:00, Sys 0 00:00:00  -  Total Local Usage
	153783  -  Run Bytes Sent By Job
	690309376  -  Run Bytes Received By Job
	153783  -  Total Bytes Sent By Job
	690309376  -  Total Bytes Received By Job
	Partitionable Resources :      Usage  Request Allocated 
	   Cpus                 :       0.83        2         2 
	   Disk (KB)            : 2774629      750000    751617 
	   GPUs                 :                             0 
	   Memory (MB)          :    2628       16000     16000 
	   TimeExecute (s)      :    1061                       
	   TimeSlotBusy (s)     :    1065                       

	Job terminated of its own accord at 2025-07-17T11:36:17Z with exit-code 0.
...
000 (1266921.000.000) 2025-07-21 15:25:56 Job submitted from host: <172.30.1.200:9618?addrs=172.30.1.200-9618&alias=tamsa2&noUDP&sock=schedd_2531_a24a>
...
040 (1266921.000.000) 2025-07-21 15:26:04 Started transferring input files
	Transferring to host: <172.30.1.202:9618?addrs=172.30.1.202-9618&alias=node-w2.localdomain&noUDP&sock=slot1_2_4999_ff64_73405>
...
040 (1266921.000.000) 2025-07-21 15:26:12 Finished transferring input files
...
001 (1266921.000.000) 2025-07-21 15:26:12 Job executing on host: <172.30.1.202:9618?addrs=172.30.1.202-9618&alias=node-w2.localdomain&noUDP&sock=startd_4964_7836>
	SlotName: slot1_2@node-w2.localdomain
	CondorScratchDir = "/var/lib/condor/execute/dir_153549"
	Cpus = 2
	Disk = 751616
	GPUs = 0
	Memory = 16000
...
006 (1266921.000.000) 2025-07-21 15:26:25 Image size of job updated: 1014792
	992  -  MemoryUsage of job (MB)
	1014792  -  ResidentSetSize of job (KB)
...
006 (1266921.000.000) 2025-07-21 15:31:25 Image size of job updated: 2578144
	2412  -  MemoryUsage of job (MB)
	2469356  -  ResidentSetSize of job (KB)
...
006 (1266921.000.000) 2025-07-21 15:36:25 Image size of job updated: 2638156
	2575  -  MemoryUsage of job (MB)
	2635996  -  ResidentSetSize of job (KB)
...
006 (1266921.000.000) 2025-07-21 15:41:25 Image size of job updated: 2701416
	2608  -  MemoryUsage of job (MB)
	2669952  -  ResidentSetSize of job (KB)
...
040 (1266921.000.000) 2025-07-21 15:47:00 Started transferring output files
...
040 (1266921.000.000) 2025-07-21 15:47:00 Finished transferring output files
...
005 (1266921.000.000) 2025-07-21 15:47:00 Job terminated.
	(1) Normal termination (return value 0)
		Usr 0 00:14:17, Sys 0 00:00:20  -  Run Remote Usage
		Usr 0 00:00:00, Sys 0 00:00:00  -  Run Local Usage
		Usr 0 00:14:17, Sys 0 00:00:20  -  Total Remote Usage
		Usr 0 00:00:00, Sys 0 00:00:00  -  Total Local Usage
	157586  -  Run Bytes Sent By Job
	690312704  -  Run Bytes Received By Job
	157586  -  Total Bytes Sent By Job
	690312704  -  Total Bytes Received By Job
	Partitionable Resources :      Usage  Request Allocated 
	   Cpus                 :       0.81        2         2 
	   Disk (KB)            : 2774637      750000    751616 
	   GPUs                 :                             0 
	   Memory (MB)          :    2608       16000     16000 
	   TimeExecute (s)      :    1248                       
	   TimeSlotBusy (s)     :    1256                       

	Job terminated of its own accord at 2025-07-21T06:47:00Z with exit-code 0.
...
