000 (1253596.000.000) 2025-07-17 20:18:11 Job submitted from host: <172.30.1.200:9618?addrs=172.30.1.200-9618&alias=tamsa2&noUDP&sock=schedd_2531_a24a>
...
040 (1253596.000.000) 2025-07-17 20:18:35 Started transferring input files
	Transferring to host: <172.30.1.220:9618?addrs=172.30.1.220-9618&alias=node-w20.localdomain&noUDP&sock=slot1_49_5233_df2e_135855>
...
040 (1253596.000.000) 2025-07-17 20:18:37 Finished transferring input files
...
001 (1253596.000.000) 2025-07-17 20:18:37 Job executing on host: <172.30.1.220:9618?addrs=172.30.1.220-9618&alias=node-w20.localdomain&noUDP&sock=startd_5199_a8f8>
	SlotName: slot1_49@node-w20.localdomain
	CondorScratchDir = "/var/lib/condor/execute/dir_3287680"
	Cpus = 2
	Disk = 751616
	GPUs = 0
	Memory = 16000
...
006 (1253596.000.000) 2025-07-17 20:18:50 Image size of job updated: 975856
	953  -  MemoryUsage of job (MB)
	975856  -  ResidentSetSize of job (KB)
...
006 (1253596.000.000) 2025-07-17 20:23:51 Image size of job updated: 2690288
	2551  -  MemoryUsage of job (MB)
	2611792  -  ResidentSetSize of job (KB)
...
006 (1253596.000.000) 2025-07-17 20:28:51 Image size of job updated: 2690288
	2563  -  MemoryUsage of job (MB)
	2623752  -  ResidentSetSize of job (KB)
...
040 (1253596.000.000) 2025-07-17 20:36:20 Started transferring output files
...
040 (1253596.000.000) 2025-07-17 20:36:20 Finished transferring output files
...
005 (1253596.000.000) 2025-07-17 20:36:20 Job terminated.
	(1) Normal termination (return value 0)
		Usr 0 00:14:30, Sys 0 00:00:38  -  Run Remote Usage
		Usr 0 00:00:00, Sys 0 00:00:00  -  Run Local Usage
		Usr 0 00:14:30, Sys 0 00:00:38  -  Total Remote Usage
		Usr 0 00:00:00, Sys 0 00:00:00  -  Total Local Usage
	167036  -  Run Bytes Sent By Job
	690311104  -  Run Bytes Received By Job
	167036  -  Total Bytes Sent By Job
	690311104  -  Total Bytes Received By Job
	Partitionable Resources :      Usage  Request Allocated 
	   Cpus                 :       0.89        2         2 
	   Disk (KB)            : 2774654      750000    751616 
	   GPUs                 :                             0 
	   Memory (MB)          :    2563       16000     16000 
	   TimeExecute (s)      :    1062                       
	   TimeSlotBusy (s)     :    1068                       

	Job terminated of its own accord at 2025-07-17T11:36:19Z with exit-code 0.
...
000 (1266913.000.000) 2025-07-21 15:25:56 Job submitted from host: <172.30.1.200:9618?addrs=172.30.1.200-9618&alias=tamsa2&noUDP&sock=schedd_2531_a24a>
...
040 (1266913.000.000) 2025-07-21 15:26:04 Started transferring input files
	Transferring to host: <172.30.1.203:9618?addrs=172.30.1.203-9618&alias=node-w3.localdomain&noUDP&sock=slot1_5_4993_c524_92278>
...
040 (1266913.000.000) 2025-07-21 15:26:12 Finished transferring input files
...
001 (1266913.000.000) 2025-07-21 15:26:12 Job executing on host: <172.30.1.203:9618?addrs=172.30.1.203-9618&alias=node-w3.localdomain&noUDP&sock=startd_4959_0a3d>
	SlotName: slot1_5@node-w3.localdomain
	CondorScratchDir = "/var/lib/condor/execute/dir_313105"
	Cpus = 2
	Disk = 751616
	GPUs = 0
	Memory = 16000
...
006 (1266913.000.000) 2025-07-21 15:26:25 Image size of job updated: 1014672
	991  -  MemoryUsage of job (MB)
	1014672  -  ResidentSetSize of job (KB)
...
006 (1266913.000.000) 2025-07-21 15:31:25 Image size of job updated: 2637736
	2536  -  MemoryUsage of job (MB)
	2595844  -  ResidentSetSize of job (KB)
...
006 (1266913.000.000) 2025-07-21 15:36:25 Image size of job updated: 2637736
	2536  -  MemoryUsage of job (MB)
	2595856  -  ResidentSetSize of job (KB)
...
006 (1266913.000.000) 2025-07-21 15:41:26 Image size of job updated: 2637736
	2537  -  MemoryUsage of job (MB)
	2597284  -  ResidentSetSize of job (KB)
...
040 (1266913.000.000) 2025-07-21 15:47:07 Started transferring output files
...
040 (1266913.000.000) 2025-07-21 15:47:07 Finished transferring output files
...
005 (1266913.000.000) 2025-07-21 15:47:07 Job terminated.
	(1) Normal termination (return value 0)
		Usr 0 00:15:33, Sys 0 00:00:37  -  Run Remote Usage
		Usr 0 00:00:00, Sys 0 00:00:00  -  Run Local Usage
		Usr 0 00:15:33, Sys 0 00:00:37  -  Total Remote Usage
		Usr 0 00:00:00, Sys 0 00:00:00  -  Total Local Usage
	170637  -  Run Bytes Sent By Job
	690314432  -  Run Bytes Received By Job
	170637  -  Total Bytes Sent By Job
	690314432  -  Total Bytes Received By Job
	Partitionable Resources :      Usage  Request Allocated 
	   Cpus                 :       0.91        2         2 
	   Disk (KB)            : 2774662      750000    751616 
	   GPUs                 :                             0 
	   Memory (MB)          :    2537       16000     16000 
	   TimeExecute (s)      :    1255                       
	   TimeSlotBusy (s)     :    1263                       

	Job terminated of its own accord at 2025-07-21T06:47:07Z with exit-code 0.
...
