000 (1246644.000.000) 2025-07-17 16:10:36 Job submitted from host: <172.30.1.200:9618?addrs=172.30.1.200-9618&alias=tamsa2&noUDP&sock=schedd_2531_a24a>
...
040 (1246644.000.000) 2025-07-17 16:10:41 Started transferring input files
	Transferring to host: <172.30.1.207:9618?addrs=172.30.1.207-9618&alias=node-w7.localdomain&noUDP&sock=slot1_10_4978_3384_38190>
...
001 (1246644.000.000) 2025-07-17 16:10:41 Job executing on host: <172.30.1.207:9618?addrs=172.30.1.207-9618&alias=node-w7.localdomain&noUDP&sock=startd_4944_c052>
	SlotName: slot1_10@node-w7.localdomain
	CondorScratchDir = "/var/lib/condor/execute/dir_2116868"
	Cpus = 2
	Disk = 2048
	GPUs = 0
	Memory = 16000
...
040 (1246644.000.000) 2025-07-17 16:10:41 Finished transferring input files
...
021 (1246644.000.000) 2025-07-17 16:10:46 Error from starter on slot1_10@node-w7.localdomain:
	Failed to execute '/var/lib/condor/execute/dir_2116868/run_HtoZZto4L.py': (errno=8: 'Exec format error')
	Code 6 Subcode 8
...
004 (1246644.000.000) 2025-07-17 16:10:46 Job was evicted.
	(0) CPU times
		Usr 0 00:00:00, Sys 0 00:00:00  -  Run Remote Usage
		Usr 0 00:00:00, Sys 0 00:00:00  -  Run Local Usage
	0  -  Run Bytes Sent By Job
	23348  -  Run Bytes Received By Job
	Error from slot1_10@node-w7.localdomain: Failed to execute '/var/lib/condor/execute/dir_2116868/run_HtoZZto4L.py': (errno=8: 'Exec format error')
	Partitionable Resources :    Usage  Request Allocated 
	   Cpus                 :                 2         2 
	   Disk (KB)            :       25       25      2048 
	   GPUs                 :                           0 
	   Memory (MB)          :             16000     16000 
	   TimeSlotBusy (s)     :        5                    
...
012 (1246644.000.000) 2025-07-17 16:10:46 Job was held.
	Error from slot1_10@node-w7.localdomain: Failed to execute '/var/lib/condor/execute/dir_2116868/run_HtoZZto4L.py': (errno=8: 'Exec format error')
	Code 6 Subcode 8
...
009 (1246644.000.000) 2025-07-17 16:11:55 Job was aborted.
	via condor_rm (by user achihwan)
...
000 (1246698.000.000) 2025-07-17 16:14:08 Job submitted from host: <172.30.1.200:9618?addrs=172.30.1.200-9618&alias=tamsa2&noUDP&sock=schedd_2531_a24a>
...
040 (1246698.000.000) 2025-07-17 16:14:23 Started transferring input files
	Transferring to host: <172.30.1.211:9618?addrs=172.30.1.211-9618&alias=node-w11.localdomain&noUDP&sock=slot1_11_4969_dc23_57556>
...
001 (1246698.000.000) 2025-07-17 16:14:23 Job executing on host: <172.30.1.211:9618?addrs=172.30.1.211-9618&alias=node-w11.localdomain&noUDP&sock=startd_4935_93f7>
	SlotName: slot1_11@node-w11.localdomain
	CondorScratchDir = "/var/lib/condor/execute/dir_341125"
	Cpus = 2
	Disk = 2048
	GPUs = 0
	Memory = 16000
...
040 (1246698.000.000) 2025-07-17 16:14:23 Finished transferring input files
...
021 (1246698.000.000) 2025-07-17 16:14:28 Error from starter on slot1_11@node-w11.localdomain:
	Failed to execute '/var/lib/condor/execute/dir_341125/run_HtoZZto4L.py' with arguments python *.py: (errno=8: 'Exec format error')
	Code 6 Subcode 8
...
004 (1246698.000.000) 2025-07-17 16:14:28 Job was evicted.
	(0) CPU times
		Usr 0 00:00:00, Sys 0 00:00:00  -  Run Remote Usage
		Usr 0 00:00:00, Sys 0 00:00:00  -  Run Local Usage
	0  -  Run Bytes Sent By Job
	23348  -  Run Bytes Received By Job
	Error from slot1_11@node-w11.localdomain: Failed to execute '/var/lib/condor/execute/dir_341125/run_HtoZZto4L.py' with arguments python *.py: (errno=8: 'Exec format error')
	Partitionable Resources :    Usage  Request Allocated 
	   Cpus                 :                 2         2 
	   Disk (KB)            :       25       25      2048 
	   GPUs                 :                           0 
	   Memory (MB)          :             16000     16000 
	   TimeSlotBusy (s)     :        5                    
...
012 (1246698.000.000) 2025-07-17 16:14:28 Job was held.
	Error from slot1_11@node-w11.localdomain: Failed to execute '/var/lib/condor/execute/dir_341125/run_HtoZZto4L.py' with arguments python *.py: (errno=8: 'Exec format error')
	Code 6 Subcode 8
...
009 (1246698.000.000) 2025-07-17 16:16:03 Job was aborted.
	via condor_rm (by user achihwan)
...
000 (1247398.000.000) 2025-07-17 16:30:16 Job submitted from host: <172.30.1.200:9618?addrs=172.30.1.200-9618&alias=tamsa2&noUDP&sock=schedd_2531_a24a>
...
040 (1247398.000.000) 2025-07-17 16:30:36 Started transferring input files
	Transferring to host: <172.30.1.105:9618?addrs=172.30.1.105-9618&alias=node-g5.localdomain&noUDP&sock=slot1_5_5280_fcd0_13874>
...
001 (1247398.000.000) 2025-07-17 16:30:36 Job executing on host: <172.30.1.105:9618?addrs=172.30.1.105-9618&alias=node-g5.localdomain&noUDP&sock=startd_5246_e5ec>
	SlotName: slot1_5@node-g5.localdomain
	CondorScratchDir = "/var/lib/condor/execute/dir_2567278"
	Cpus = 2
	Disk = 2048
	GPUs = 0
	Memory = 16000
...
040 (1247398.000.000) 2025-07-17 16:30:36 Finished transferring input files
...
006 (1247398.000.000) 2025-07-17 16:30:41 Image size of job updated: 96
	1  -  MemoryUsage of job (MB)
	4  -  ResidentSetSize of job (KB)
...
040 (1247398.000.000) 2025-07-17 16:30:41 Started transferring output files
...
040 (1247398.000.000) 2025-07-17 16:30:41 Finished transferring output files
...
021 (1247398.000.000) 2025-07-17 16:30:42 Error from starter on slot1_5@node-g5.localdomain:
	STARTER at 172.30.1.105 failed to send file(s) to <172.30.1.200:9618>: |Error: reading from file /var/lib/condor/execute/dir_2567278/*.png: (errno 2) No such file or directory; SHADOW failed to receive file(s) from <172.30.1.105:37631>
	Code 13 Subcode 2
...
004 (1247398.000.000) 2025-07-17 16:30:42 Job was evicted.
	(0) CPU times
		Usr 0 00:00:00, Sys 0 00:00:00  -  Run Remote Usage
		Usr 0 00:00:00, Sys 0 00:00:00  -  Run Local Usage
	135  -  Run Bytes Sent By Job
	23395  -  Run Bytes Received By Job
	Transfer output files failure at execution point slot1_5@node-g5.localdomain while sending files to access point tamsa2. Details: reading from file /var/lib/condor/execute/dir_2567278/*.png: (errno 2) No such file or directory
	Partitionable Resources :    Usage  Request Allocated 
	   Cpus                 :        0        2         2 
	   Disk (KB)            :       46       25      2048 
	   GPUs                 :                           0 
	   Memory (MB)          :        1    16000     16000 
	   TimeExecute (s)      :        5                    
	   TimeSlotBusy (s)     :        6                    
...
012 (1247398.000.000) 2025-07-17 16:30:42 Job was held.
	Transfer output files failure at execution point slot1_5@node-g5.localdomain while sending files to access point tamsa2. Details: reading from file /var/lib/condor/execute/dir_2567278/*.png: (errno 2) No such file or directory
	Code 12 Subcode 2
...
009 (1247398.000.000) 2025-07-17 16:32:04 Job was aborted.
	via condor_rm (by user achihwan)

	Job terminated by itself at 2025-07-17T07:30:41Z (using method 0: OF_ITS_OWN_ACCORD).
...
000 (1247458.000.000) 2025-07-17 16:32:09 Job submitted from host: <172.30.1.200:9618?addrs=172.30.1.200-9618&alias=tamsa2&noUDP&sock=schedd_2531_a24a>
...
040 (1247458.000.000) 2025-07-17 16:32:29 Started transferring input files
	Transferring to host: <172.30.1.110:9618?addrs=172.30.1.110-9618&alias=node-g10.localdomain&noUDP&sock=slot1_10_6414_fe3e_19790>
...
001 (1247458.000.000) 2025-07-17 16:32:29 Job executing on host: <172.30.1.110:9618?addrs=172.30.1.110-9618&alias=node-g10.localdomain&noUDP&sock=startd_6380_ba51>
	SlotName: slot1_10@node-g10.localdomain
	CondorScratchDir = "/var/lib/condor/execute/dir_3257164"
	Cpus = 2
	Disk = 2048
	GPUs = 0
	Memory = 16000
...
040 (1247458.000.000) 2025-07-17 16:32:29 Finished transferring input files
...
006 (1247458.000.000) 2025-07-17 16:32:34 Image size of job updated: 100
	1  -  MemoryUsage of job (MB)
	4  -  ResidentSetSize of job (KB)
...
040 (1247458.000.000) 2025-07-17 16:32:35 Started transferring output files
...
040 (1247458.000.000) 2025-07-17 16:32:35 Finished transferring output files
...
021 (1247458.000.000) 2025-07-17 16:32:35 Error from starter on slot1_10@node-g10.localdomain:
	STARTER at 172.30.1.110 failed to send file(s) to <172.30.1.200:9618>: |Error: reading from file /var/lib/condor/execute/dir_3257164/*.png: (errno 2) No such file or directory; SHADOW failed to receive file(s) from <172.30.1.110:40777>
	Code 13 Subcode 2
...
004 (1247458.000.000) 2025-07-17 16:32:35 Job was evicted.
	(0) CPU times
		Usr 0 00:00:00, Sys 0 00:00:00  -  Run Remote Usage
		Usr 0 00:00:00, Sys 0 00:00:00  -  Run Local Usage
	112  -  Run Bytes Sent By Job
	23384  -  Run Bytes Received By Job
	Transfer output files failure at execution point slot1_10@node-g10.localdomain while sending files to access point tamsa2. Details: reading from file /var/lib/condor/execute/dir_3257164/*.png: (errno 2) No such file or directory
	Partitionable Resources :    Usage  Request Allocated 
	   Cpus                 :        0        2         2 
	   Disk (KB)            :       45       25      2048 
	   GPUs                 :                           0 
	   Memory (MB)          :        1    16000     16000 
	   TimeExecute (s)      :        5                    
	   TimeSlotBusy (s)     :        6                    
...
012 (1247458.000.000) 2025-07-17 16:32:35 Job was held.
	Transfer output files failure at execution point slot1_10@node-g10.localdomain while sending files to access point tamsa2. Details: reading from file /var/lib/condor/execute/dir_3257164/*.png: (errno 2) No such file or directory
	Code 12 Subcode 2
...
009 (1247458.000.000) 2025-07-17 16:36:30 Job was aborted.
	via condor_rm (by user achihwan)

	Job terminated by itself at 2025-07-17T07:32:34Z (using method 0: OF_ITS_OWN_ACCORD).
...
000 (1247518.000.000) 2025-07-17 16:36:36 Job submitted from host: <172.30.1.200:9618?addrs=172.30.1.200-9618&alias=tamsa2&noUDP&sock=schedd_2531_a24a>
...
040 (1247518.000.000) 2025-07-17 16:36:55 Started transferring input files
	Transferring to host: <172.30.1.206:9618?addrs=172.30.1.206-9618&alias=node-w6.localdomain&noUDP&sock=slot1_8_4969_dc23_29387>
...
001 (1247518.000.000) 2025-07-17 16:36:55 Job executing on host: <172.30.1.206:9618?addrs=172.30.1.206-9618&alias=node-w6.localdomain&noUDP&sock=startd_4935_93f7>
	SlotName: slot1_8@node-w6.localdomain
	CondorScratchDir = "/var/lib/condor/execute/dir_431111"
	Cpus = 2
	Disk = 2048
	GPUs = 0
	Memory = 16000
...
040 (1247518.000.000) 2025-07-17 16:36:55 Finished transferring input files
...
006 (1247518.000.000) 2025-07-17 16:37:00 Image size of job updated: 116
	1  -  MemoryUsage of job (MB)
	8  -  ResidentSetSize of job (KB)
...
040 (1247518.000.000) 2025-07-17 16:37:01 Started transferring output files
...
040 (1247518.000.000) 2025-07-17 16:37:01 Finished transferring output files
...
021 (1247518.000.000) 2025-07-17 16:37:01 Error from starter on slot1_8@node-w6.localdomain:
	STARTER at 172.30.1.206 failed to send file(s) to <172.30.1.200:9618>: |Error: reading from file /var/lib/condor/execute/dir_431111/*.png: (errno 2) No such file or directory; SHADOW failed to receive file(s) from <172.30.1.206:46445>
	Code 13 Subcode 2
...
004 (1247518.000.000) 2025-07-17 16:37:01 Job was evicted.
	(0) CPU times
		Usr 0 00:00:00, Sys 0 00:00:00  -  Run Remote Usage
		Usr 0 00:00:00, Sys 0 00:00:00  -  Run Local Usage
	198  -  Run Bytes Sent By Job
	23388  -  Run Bytes Received By Job
	Transfer output files failure at execution point slot1_8@node-w6.localdomain while sending files to access point tamsa2. Details: reading from file /var/lib/condor/execute/dir_431111/*.png: (errno 2) No such file or directory
	Partitionable Resources :    Usage  Request Allocated 
	   Cpus                 :        0        2         2 
	   Disk (KB)            :       46       25      2048 
	   GPUs                 :                           0 
	   Memory (MB)          :        1    16000     16000 
	   TimeExecute (s)      :        5                    
	   TimeSlotBusy (s)     :        6                    
...
012 (1247518.000.000) 2025-07-17 16:37:01 Job was held.
	Transfer output files failure at execution point slot1_8@node-w6.localdomain while sending files to access point tamsa2. Details: reading from file /var/lib/condor/execute/dir_431111/*.png: (errno 2) No such file or directory
	Code 12 Subcode 2
...
009 (1247518.000.000) 2025-07-17 16:38:09 Job was aborted.
	via condor_rm (by user achihwan)

	Job terminated by itself at 2025-07-17T07:37:00Z (using method 0: OF_ITS_OWN_ACCORD).
...
000 (1247577.000.000) 2025-07-17 16:38:18 Job submitted from host: <172.30.1.200:9618?addrs=172.30.1.200-9618&alias=tamsa2&noUDP&sock=schedd_2531_a24a>
...
040 (1247577.000.000) 2025-07-17 16:39:38 Started transferring input files
	Transferring to host: <172.30.1.211:9618?addrs=172.30.1.211-9618&alias=node-w11.localdomain&noUDP&sock=slot1_3_4969_dc23_57641>
...
040 (1247577.000.000) 2025-07-17 16:39:38 Finished transferring input files
...
001 (1247577.000.000) 2025-07-17 16:39:38 Job executing on host: <172.30.1.211:9618?addrs=172.30.1.211-9618&alias=node-w11.localdomain&noUDP&sock=startd_4935_93f7>
	SlotName: slot1_3@node-w11.localdomain
	CondorScratchDir = "/var/lib/condor/execute/dir_354773"
	Cpus = 2
	Disk = 2048
	GPUs = 0
	Memory = 16000
...
006 (1247577.000.000) 2025-07-17 16:39:43 Image size of job updated: 180
	1  -  MemoryUsage of job (MB)
	8  -  ResidentSetSize of job (KB)
...
040 (1247577.000.000) 2025-07-17 16:39:43 Started transferring output files
...
040 (1247577.000.000) 2025-07-17 16:39:43 Finished transferring output files
...
021 (1247577.000.000) 2025-07-17 16:39:43 Error from starter on slot1_3@node-w11.localdomain:
	STARTER at 172.30.1.211 failed to send file(s) to <172.30.1.200:9618>: |Error: reading from file /var/lib/condor/execute/dir_354773/*.png: (errno 2) No such file or directory; SHADOW failed to receive file(s) from <172.30.1.211:39935>
	Code 13 Subcode 2
...
004 (1247577.000.000) 2025-07-17 16:39:43 Job was evicted.
	(0) CPU times
		Usr 0 00:00:00, Sys 0 00:00:00  -  Run Remote Usage
		Usr 0 00:00:00, Sys 0 00:00:00  -  Run Local Usage
	268  -  Run Bytes Sent By Job
	23392  -  Run Bytes Received By Job
	Transfer output files failure at execution point slot1_3@node-w11.localdomain while sending files to access point tamsa2. Details: reading from file /var/lib/condor/execute/dir_354773/*.png: (errno 2) No such file or directory
	Partitionable Resources :    Usage  Request Allocated 
	   Cpus                 :        0        2         2 
	   Disk (KB)            :       46       25      2048 
	   GPUs                 :                           0 
	   Memory (MB)          :        1    16000     16000 
	   TimeExecute (s)      :        5                    
	   TimeSlotBusy (s)     :        5                    
...
012 (1247577.000.000) 2025-07-17 16:39:43 Job was held.
	Transfer output files failure at execution point slot1_3@node-w11.localdomain while sending files to access point tamsa2. Details: reading from file /var/lib/condor/execute/dir_354773/*.png: (errno 2) No such file or directory
	Code 12 Subcode 2
...
009 (1247577.000.000) 2025-07-17 16:41:20 Job was aborted.
	via condor_rm (by user achihwan)

	Job terminated by itself at 2025-07-17T07:39:43Z (using method 0: OF_ITS_OWN_ACCORD).
...
000 (1247639.000.000) 2025-07-17 16:51:13 Job submitted from host: <172.30.1.200:9618?addrs=172.30.1.200-9618&alias=tamsa2&noUDP&sock=schedd_2531_a24a>
...
040 (1247639.000.000) 2025-07-17 16:51:38 Entered queue to transfer input files
	Transferring to host: <172.30.1.208:9618?addrs=172.30.1.208-9618&alias=node-w8.localdomain&noUDP&sock=slot1_8_4971_44e3_56679>
...
040 (1247639.000.000) 2025-07-17 16:51:39 Started transferring input files
	Seconds spent in queue: 1
...
040 (1247639.000.000) 2025-07-17 16:51:41 Finished transferring input files
...
001 (1247639.000.000) 2025-07-17 16:51:41 Job executing on host: <172.30.1.208:9618?addrs=172.30.1.208-9618&alias=node-w8.localdomain&noUDP&sock=startd_4937_f328>
	SlotName: slot1_8@node-w8.localdomain
	CondorScratchDir = "/var/lib/condor/execute/dir_1004311"
	Cpus = 2
	Disk = 751616
	GPUs = 0
	Memory = 16000
...
006 (1247639.000.000) 2025-07-17 16:51:54 Image size of job updated: 1014512
	991  -  MemoryUsage of job (MB)
	1014512  -  ResidentSetSize of job (KB)
...
006 (1247639.000.000) 2025-07-17 16:52:03 Image size of job updated: 2199792
	2149  -  MemoryUsage of job (MB)
	2199792  -  ResidentSetSize of job (KB)
...
040 (1247639.000.000) 2025-07-17 16:52:03 Started transferring output files
	Seconds spent in queue: 25
...
040 (1247639.000.000) 2025-07-17 16:52:03 Finished transferring output files
...
021 (1247639.000.000) 2025-07-17 16:52:03 Error from starter on slot1_8@node-w8.localdomain:
	STARTER at 172.30.1.208 failed to send file(s) to <172.30.1.200:9618>: |Error: reading from file /var/lib/condor/execute/dir_1004311/*.png: (errno 2) No such file or directory; SHADOW failed to receive file(s) from <172.30.1.208:41963>
	Code 13 Subcode 2
...
004 (1247639.000.000) 2025-07-17 16:52:03 Job was evicted.
	(0) CPU times
		Usr 0 00:00:16, Sys 0 00:00:02  -  Run Remote Usage
		Usr 0 00:00:00, Sys 0 00:00:00  -  Run Local Usage
	602  -  Run Bytes Sent By Job
	690280256  -  Run Bytes Received By Job
	Transfer output files failure at execution point slot1_8@node-w8.localdomain while sending files to access point tamsa2. Details: reading from file /var/lib/condor/execute/dir_1004311/*.png: (errno 2) No such file or directory
	Partitionable Resources :    Usage  Request Allocated 
	   Cpus                 :        0        2         2 
	   Disk (KB)            :  2774353   750000    751616 
	   GPUs                 :                           0 
	   Memory (MB)          :     2149    16000     16000 
	   TimeExecute (s)      :       22                    
	   TimeSlotBusy (s)     :       30                    
...
012 (1247639.000.000) 2025-07-17 16:52:03 Job was held.
	Transfer output files failure at execution point slot1_8@node-w8.localdomain while sending files to access point tamsa2. Details: reading from file /var/lib/condor/execute/dir_1004311/*.png: (errno 2) No such file or directory
	Code 12 Subcode 2
...
009 (1247639.000.000) 2025-07-17 17:02:33 Job was aborted.
	via condor_rm (by user achihwan)

	Job terminated by itself at 2025-07-17T07:52:03Z (using method 0: OF_ITS_OWN_ACCORD).
...
000 (1247700.000.000) 2025-07-17 17:02:55 Job submitted from host: <172.30.1.200:9618?addrs=172.30.1.200-9618&alias=tamsa2&noUDP&sock=schedd_2531_a24a>
...
040 (1247700.000.000) 2025-07-17 17:03:14 Started transferring input files
	Transferring to host: <172.30.1.208:9618?addrs=172.30.1.208-9618&alias=node-w8.localdomain&noUDP&sock=slot1_13_4971_44e3_56710>
...
040 (1247700.000.000) 2025-07-17 17:03:14 Finished transferring input files
...
040 (1247700.000.000) 2025-07-17 17:03:15 Started transferring output files
...
021 (1247700.000.000) 2025-07-17 17:03:15 Error from starter on slot1_13@node-w8.localdomain:
	Failed to transfer files: SHADOW at 172.30.1.200 failed to send file(s) to <172.30.1.208:43123>: |Error: reading from file /data6/Users/achihwan/hepenv.tar.gz: (errno 2) No such file or directory; STARTER failed to receive file(s) from <172.30.1.200:9618>
	Code 13 Subcode 2
...
004 (1247700.000.000) 2025-07-17 17:03:15 Job was evicted.
	(0) CPU times
		Usr 0 00:00:00, Sys 0 00:00:00  -  Run Remote Usage
		Usr 0 00:00:00, Sys 0 00:00:00  -  Run Local Usage
	0  -  Run Bytes Sent By Job
	23436  -  Run Bytes Received By Job
	Transfer input files failure at access point tamsa2 while sending files to execution point slot1_13@node-w8.localdomain. Details: reading from file /data6/Users/achihwan/hepenv.tar.gz: (errno 2) No such file or directory
	Partitionable Resources :    Usage  Request Allocated 
	   Cpus                 :                 2         2 
	   Disk (KB)            :       39       25      2048 
	   GPUs                 :                           0 
	   Memory (MB)          :             16000     16000 
...
012 (1247700.000.000) 2025-07-17 17:03:15 Job was held.
	Transfer input files failure at access point tamsa2 while sending files to execution point slot1_13@node-w8.localdomain. Details: reading from file /data6/Users/achihwan/hepenv.tar.gz: (errno 2) No such file or directory
	Code 13 Subcode 2
...
009 (1247700.000.000) 2025-07-17 17:05:02 Job was aborted.
	via condor_rm (by user achihwan)
...
000 (1247760.000.000) 2025-07-17 17:05:07 Job submitted from host: <172.30.1.200:9618?addrs=172.30.1.200-9618&alias=tamsa2&noUDP&sock=schedd_2531_a24a>
...
040 (1247760.000.000) 2025-07-17 17:05:25 Started transferring input files
	Transferring to host: <172.30.1.208:9618?addrs=172.30.1.208-9618&alias=node-w8.localdomain&noUDP&sock=slot1_6_4971_44e3_56750>
...
040 (1247760.000.000) 2025-07-17 17:05:25 Finished transferring input files
...
040 (1247760.000.000) 2025-07-17 17:05:27 Started transferring output files
...
021 (1247760.000.000) 2025-07-17 17:05:27 Error from starter on slot1_6@node-w8.localdomain:
	Failed to transfer files: SHADOW at 172.30.1.200 failed to send file(s) to <172.30.1.208:33293>: |Error: reading from file /data6/Users/achihwan/hepenv.tar.gz: (errno 2) No such file or directory; STARTER failed to receive file(s) from <172.30.1.200:9618>
	Code 13 Subcode 2
...
004 (1247760.000.000) 2025-07-17 17:05:27 Job was evicted.
	(0) CPU times
		Usr 0 00:00:00, Sys 0 00:00:00  -  Run Remote Usage
		Usr 0 00:00:00, Sys 0 00:00:00  -  Run Local Usage
	0  -  Run Bytes Sent By Job
	23386  -  Run Bytes Received By Job
	Transfer input files failure at access point tamsa2 while sending files to execution point slot1_6@node-w8.localdomain. Details: reading from file /data6/Users/achihwan/hepenv.tar.gz: (errno 2) No such file or directory
	Partitionable Resources :    Usage  Request Allocated 
	   Cpus                 :                 2         2 
	   Disk (KB)            :       39       25      2048 
	   GPUs                 :                           0 
	   Memory (MB)          :             16000     16000 
...
012 (1247760.000.000) 2025-07-17 17:05:27 Job was held.
	Transfer input files failure at access point tamsa2 while sending files to execution point slot1_6@node-w8.localdomain. Details: reading from file /data6/Users/achihwan/hepenv.tar.gz: (errno 2) No such file or directory
	Code 13 Subcode 2
...
009 (1247760.000.000) 2025-07-17 17:06:33 Job was aborted.
	via condor_rm (by user achihwan)
...
000 (1247819.000.000) 2025-07-17 17:06:37 Job submitted from host: <172.30.1.200:9618?addrs=172.30.1.200-9618&alias=tamsa2&noUDP&sock=schedd_2531_a24a>
...
040 (1247819.000.000) 2025-07-17 17:06:48 Started transferring input files
	Transferring to host: <172.30.1.211:9618?addrs=172.30.1.211-9618&alias=node-w11.localdomain&noUDP&sock=slot1_14_4969_dc23_57773>
...
001 (1247819.000.000) 2025-07-17 17:06:48 Job executing on host: <172.30.1.211:9618?addrs=172.30.1.211-9618&alias=node-w11.localdomain&noUDP&sock=startd_4935_93f7>
	SlotName: slot1_14@node-w11.localdomain
	CondorScratchDir = "/var/lib/condor/execute/dir_367519"
	Cpus = 2
	Disk = 2048
	GPUs = 0
	Memory = 16000
...
040 (1247819.000.000) 2025-07-17 17:06:48 Finished transferring input files
...
006 (1247819.000.000) 2025-07-17 17:06:53 Image size of job updated: 148
	1  -  MemoryUsage of job (MB)
	8  -  ResidentSetSize of job (KB)
...
040 (1247819.000.000) 2025-07-17 17:06:53 Started transferring output files
...
040 (1247819.000.000) 2025-07-17 17:06:54 Finished transferring output files
...
021 (1247819.000.000) 2025-07-17 17:06:54 Error from starter on slot1_14@node-w11.localdomain:
	STARTER at 172.30.1.211 failed to send file(s) to <172.30.1.200:9618>: |Error: reading from file /var/lib/condor/execute/dir_367519/*.png: (errno 2) No such file or directory; SHADOW failed to receive file(s) from <172.30.1.211:35065>
	Code 13 Subcode 2
...
004 (1247819.000.000) 2025-07-17 17:06:54 Job was evicted.
	(0) CPU times
		Usr 0 00:00:00, Sys 0 00:00:00  -  Run Remote Usage
		Usr 0 00:00:00, Sys 0 00:00:00  -  Run Local Usage
	268  -  Run Bytes Sent By Job
	23386  -  Run Bytes Received By Job
	Transfer output files failure at execution point slot1_14@node-w11.localdomain while sending files to access point tamsa2. Details: reading from file /var/lib/condor/execute/dir_367519/*.png: (errno 2) No such file or directory
	Partitionable Resources :    Usage  Request Allocated 
	   Cpus                 :        0        2         2 
	   Disk (KB)            :       46       25      2048 
	   GPUs                 :                           0 
	   Memory (MB)          :        1    16000     16000 
	   TimeExecute (s)      :        5                    
	   TimeSlotBusy (s)     :        6                    
...
012 (1247819.000.000) 2025-07-17 17:06:54 Job was held.
	Transfer output files failure at execution point slot1_14@node-w11.localdomain while sending files to access point tamsa2. Details: reading from file /var/lib/condor/execute/dir_367519/*.png: (errno 2) No such file or directory
	Code 12 Subcode 2
...
009 (1247819.000.000) 2025-07-17 17:08:13 Job was aborted.
	via condor_rm (by user achihwan)

	Job terminated by itself at 2025-07-17T08:06:53Z (using method 0: OF_ITS_OWN_ACCORD).
...
000 (1247878.000.000) 2025-07-17 17:08:23 Job submitted from host: <172.30.1.200:9618?addrs=172.30.1.200-9618&alias=tamsa2&noUDP&sock=schedd_2531_a24a>
...
009 (1247878.000.000) 2025-07-17 17:08:34 Job was aborted.
	via condor_rm (by user achihwan)
...
000 (1247937.000.000) 2025-07-17 17:08:51 Job submitted from host: <172.30.1.200:9618?addrs=172.30.1.200-9618&alias=tamsa2&noUDP&sock=schedd_2531_a24a>
...
040 (1247937.000.000) 2025-07-17 17:09:03 Started transferring input files
	Transferring to host: <172.30.1.210:9618?addrs=172.30.1.210-9618&alias=node-w10.localdomain&noUDP&sock=slot1_13_4947_5be2_33417>
...
001 (1247937.000.000) 2025-07-17 17:09:03 Job executing on host: <172.30.1.210:9618?addrs=172.30.1.210-9618&alias=node-w10.localdomain&noUDP&sock=startd_4913_7ce2>
	SlotName: slot1_13@node-w10.localdomain
	CondorScratchDir = "/var/lib/condor/execute/dir_3645419"
	Cpus = 2
	Disk = 2048
	GPUs = 0
	Memory = 16000
...
040 (1247937.000.000) 2025-07-17 17:09:03 Finished transferring input files
...
006 (1247937.000.000) 2025-07-17 17:09:08 Image size of job updated: 104
	1  -  MemoryUsage of job (MB)
	8  -  ResidentSetSize of job (KB)
...
040 (1247937.000.000) 2025-07-17 17:09:08 Started transferring output files
...
040 (1247937.000.000) 2025-07-17 17:09:09 Finished transferring output files
...
021 (1247937.000.000) 2025-07-17 17:09:09 Error from starter on slot1_13@node-w10.localdomain:
	STARTER at 172.30.1.210 failed to send file(s) to <172.30.1.200:9618>: |Error: reading from file /var/lib/condor/execute/dir_3645419/*.png: (errno 2) No such file or directory; SHADOW failed to receive file(s) from <172.30.1.210:37803>
	Code 13 Subcode 2
...
004 (1247937.000.000) 2025-07-17 17:09:09 Job was evicted.
	(0) CPU times
		Usr 0 00:00:00, Sys 0 00:00:00  -  Run Remote Usage
		Usr 0 00:00:00, Sys 0 00:00:00  -  Run Local Usage
	269  -  Run Bytes Sent By Job
	23386  -  Run Bytes Received By Job
	Transfer output files failure at execution point slot1_13@node-w10.localdomain while sending files to access point tamsa2. Details: reading from file /var/lib/condor/execute/dir_3645419/*.png: (errno 2) No such file or directory
	Partitionable Resources :    Usage  Request Allocated 
	   Cpus                 :        0        2         2 
	   Disk (KB)            :       46       25      2048 
	   GPUs                 :                           0 
	   Memory (MB)          :        1    16000     16000 
	   TimeExecute (s)      :        5                    
	   TimeSlotBusy (s)     :        6                    
...
012 (1247937.000.000) 2025-07-17 17:09:09 Job was held.
	Transfer output files failure at execution point slot1_13@node-w10.localdomain while sending files to access point tamsa2. Details: reading from file /var/lib/condor/execute/dir_3645419/*.png: (errno 2) No such file or directory
	Code 12 Subcode 2
...
009 (1247937.000.000) 2025-07-17 17:10:28 Job was aborted.
	via condor_rm (by user achihwan)

	Job terminated by itself at 2025-07-17T08:09:08Z (using method 0: OF_ITS_OWN_ACCORD).
...
000 (1247997.000.000) 2025-07-17 17:10:34 Job submitted from host: <172.30.1.200:9618?addrs=172.30.1.200-9618&alias=tamsa2&noUDP&sock=schedd_2531_a24a>
...
040 (1247997.000.000) 2025-07-17 17:10:45 Started transferring input files
	Transferring to host: <172.30.1.103:9618?addrs=172.30.1.103-9618&alias=node-g3.localdomain&noUDP&sock=slot1_10_5357_3db3_14732>
...
040 (1247997.000.000) 2025-07-17 17:10:45 Finished transferring input files
...
001 (1247997.000.000) 2025-07-17 17:10:45 Job executing on host: <172.30.1.103:9618?addrs=172.30.1.103-9618&alias=node-g3.localdomain&noUDP&sock=startd_5323_b6b6>
	SlotName: slot1_10@node-g3.localdomain
	CondorScratchDir = "/var/lib/condor/execute/dir_3267586"
	Cpus = 2
	Disk = 2048
	GPUs = 0
	Memory = 16000
...
006 (1247997.000.000) 2025-07-17 17:10:50 Image size of job updated: 152
	1  -  MemoryUsage of job (MB)
	8  -  ResidentSetSize of job (KB)
...
040 (1247997.000.000) 2025-07-17 17:10:50 Started transferring output files
...
040 (1247997.000.000) 2025-07-17 17:10:50 Finished transferring output files
...
021 (1247997.000.000) 2025-07-17 17:10:51 Error from starter on slot1_10@node-g3.localdomain:
	STARTER at 172.30.1.103 failed to send file(s) to <172.30.1.200:9618>: |Error: reading from file /var/lib/condor/execute/dir_3267586/*.png: (errno 2) No such file or directory; SHADOW failed to receive file(s) from <172.30.1.103:40743>
	Code 13 Subcode 2
...
004 (1247997.000.000) 2025-07-17 17:10:51 Job was evicted.
	(0) CPU times
		Usr 0 00:00:00, Sys 0 00:00:00  -  Run Remote Usage
		Usr 0 00:00:00, Sys 0 00:00:00  -  Run Local Usage
	291  -  Run Bytes Sent By Job
	23386  -  Run Bytes Received By Job
	Transfer output files failure at execution point slot1_10@node-g3.localdomain while sending files to access point tamsa2. Details: reading from file /var/lib/condor/execute/dir_3267586/*.png: (errno 2) No such file or directory
	Partitionable Resources :    Usage  Request Allocated 
	   Cpus                 :        0        2         2 
	   Disk (KB)            :       46       25      2048 
	   GPUs                 :                           0 
	   Memory (MB)          :        1    16000     16000 
	   TimeExecute (s)      :        5                    
	   TimeSlotBusy (s)     :        6                    
...
012 (1247997.000.000) 2025-07-17 17:10:51 Job was held.
	Transfer output files failure at execution point slot1_10@node-g3.localdomain while sending files to access point tamsa2. Details: reading from file /var/lib/condor/execute/dir_3267586/*.png: (errno 2) No such file or directory
	Code 12 Subcode 2
...
009 (1247997.000.000) 2025-07-17 17:11:47 Job was aborted.
	via condor_rm (by user achihwan)

	Job terminated by itself at 2025-07-17T08:10:50Z (using method 0: OF_ITS_OWN_ACCORD).
...
000 (1248057.000.000) 2025-07-17 17:12:02 Job submitted from host: <172.30.1.200:9618?addrs=172.30.1.200-9618&alias=tamsa2&noUDP&sock=schedd_2531_a24a>
...
040 (1248057.000.000) 2025-07-17 17:12:22 Started transferring input files
	Transferring to host: <172.30.1.109:9618?addrs=172.30.1.109-9618&alias=node-g9.localdomain&noUDP&sock=slot1_19_5793_7145_22623>
...
001 (1248057.000.000) 2025-07-17 17:12:22 Job executing on host: <172.30.1.109:9618?addrs=172.30.1.109-9618&alias=node-g9.localdomain&noUDP&sock=startd_5759_c601>
	SlotName: slot1_19@node-g9.localdomain
	CondorScratchDir = "/var/lib/condor/execute/dir_1090160"
	Cpus = 2
	Disk = 2048
	GPUs = 0
	Memory = 16000
...
040 (1248057.000.000) 2025-07-17 17:12:22 Finished transferring input files
...
006 (1248057.000.000) 2025-07-17 17:12:27 Image size of job updated: 148
	1  -  MemoryUsage of job (MB)
	8  -  ResidentSetSize of job (KB)
...
040 (1248057.000.000) 2025-07-17 17:12:27 Started transferring output files
...
040 (1248057.000.000) 2025-07-17 17:12:28 Finished transferring output files
...
021 (1248057.000.000) 2025-07-17 17:12:28 Error from starter on slot1_19@node-g9.localdomain:
	STARTER at 172.30.1.109 failed to send file(s) to <172.30.1.200:9618>: |Error: reading from file /var/lib/condor/execute/dir_1090160/*.png: (errno 2) No such file or directory; SHADOW failed to receive file(s) from <172.30.1.109:33423>
	Code 13 Subcode 2
...
004 (1248057.000.000) 2025-07-17 17:12:28 Job was evicted.
	(0) CPU times
		Usr 0 00:00:00, Sys 0 00:00:00  -  Run Remote Usage
		Usr 0 00:00:00, Sys 0 00:00:00  -  Run Local Usage
	277  -  Run Bytes Sent By Job
	23386  -  Run Bytes Received By Job
	Transfer output files failure at execution point slot1_19@node-g9.localdomain while sending files to access point tamsa2. Details: reading from file /var/lib/condor/execute/dir_1090160/*.png: (errno 2) No such file or directory
	Partitionable Resources :    Usage  Request Allocated 
	   Cpus                 :        0        2         2 
	   Disk (KB)            :       46       25      2048 
	   GPUs                 :                           0 
	   Memory (MB)          :        1    16000     16000 
	   TimeExecute (s)      :        5                    
	   TimeSlotBusy (s)     :        6                    
...
012 (1248057.000.000) 2025-07-17 17:12:28 Job was held.
	Transfer output files failure at execution point slot1_19@node-g9.localdomain while sending files to access point tamsa2. Details: reading from file /var/lib/condor/execute/dir_1090160/*.png: (errno 2) No such file or directory
	Code 12 Subcode 2
...
000 (1248117.000.000) 2025-07-17 17:12:50 Job submitted from host: <172.30.1.200:9618?addrs=172.30.1.200-9618&alias=tamsa2&noUDP&sock=schedd_2531_a24a>
...
009 (1248117.000.000) 2025-07-17 17:13:09 Job was aborted.
	via condor_rm (by user achihwan)
...
009 (1248057.000.000) 2025-07-17 17:13:09 Job was aborted.
	via condor_rm (by user achihwan)

	Job terminated by itself at 2025-07-17T08:12:27Z (using method 0: OF_ITS_OWN_ACCORD).
...
000 (1248176.000.000) 2025-07-17 17:13:15 Job submitted from host: <172.30.1.200:9618?addrs=172.30.1.200-9618&alias=tamsa2&noUDP&sock=schedd_2531_a24a>
...
009 (1248176.000.000) 2025-07-17 17:14:42 Job was aborted.
	via condor_rm (by user achihwan)
...
000 (1248235.000.000) 2025-07-17 17:14:48 Job submitted from host: <172.30.1.200:9618?addrs=172.30.1.200-9618&alias=tamsa2&noUDP&sock=schedd_2531_a24a>
...
040 (1248235.000.000) 2025-07-17 17:17:14 Started transferring input files
	Transferring to host: <172.30.1.219:9618?addrs=172.30.1.219-9618&alias=node-w19.localdomain&noUDP&sock=slot1_33_5155_e9eb_110800>
...
040 (1248235.000.000) 2025-07-17 17:17:14 Finished transferring input files
...
001 (1248235.000.000) 2025-07-17 17:17:14 Job executing on host: <172.30.1.219:9618?addrs=172.30.1.219-9618&alias=node-w19.localdomain&noUDP&sock=startd_5121_2895>
	SlotName: slot1_33@node-w19.localdomain
	CondorScratchDir = "/var/lib/condor/execute/dir_1058552"
	Cpus = 2
	Disk = 2048
	GPUs = 0
	Memory = 16000
...
006 (1248235.000.000) 2025-07-17 17:17:19 Image size of job updated: 152
	1  -  MemoryUsage of job (MB)
	8  -  ResidentSetSize of job (KB)
...
040 (1248235.000.000) 2025-07-17 17:17:19 Started transferring output files
...
040 (1248235.000.000) 2025-07-17 17:17:19 Finished transferring output files
...
021 (1248235.000.000) 2025-07-17 17:17:19 Error from starter on slot1_33@node-w19.localdomain:
	STARTER at 172.30.1.219 failed to send file(s) to <172.30.1.200:9618>: |Error: reading from file /var/lib/condor/execute/dir_1058552/*.png: (errno 2) No such file or directory; SHADOW failed to receive file(s) from <172.30.1.219:42479>
	Code 13 Subcode 2
...
004 (1248235.000.000) 2025-07-17 17:17:20 Job was evicted.
	(0) CPU times
		Usr 0 00:00:00, Sys 0 00:00:00  -  Run Remote Usage
		Usr 0 00:00:00, Sys 0 00:00:00  -  Run Local Usage
	270  -  Run Bytes Sent By Job
	23383  -  Run Bytes Received By Job
	Transfer output files failure at execution point slot1_33@node-w19.localdomain while sending files to access point tamsa2. Details: reading from file /var/lib/condor/execute/dir_1058552/*.png: (errno 2) No such file or directory
	Partitionable Resources :    Usage  Request Allocated 
	   Cpus                 :                 2         2 
	   Disk (KB)            :       39       25      2048 
	   GPUs                 :                           0 
	   Memory (MB)          :        1    16000     16000 
	   TimeExecute (s)      :        5                    
	   TimeSlotBusy (s)     :        5                    
...
012 (1248235.000.000) 2025-07-17 17:17:20 Job was held.
	Transfer output files failure at execution point slot1_33@node-w19.localdomain while sending files to access point tamsa2. Details: reading from file /var/lib/condor/execute/dir_1058552/*.png: (errno 2) No such file or directory
	Code 12 Subcode 2
...
009 (1248235.000.000) 2025-07-17 17:18:37 Job was aborted.
	via condor_rm (by user achihwan)

	Job terminated by itself at 2025-07-17T08:17:19Z (using method 0: OF_ITS_OWN_ACCORD).
...
000 (1248296.000.000) 2025-07-17 17:23:11 Job submitted from host: <172.30.1.200:9618?addrs=172.30.1.200-9618&alias=tamsa2&noUDP&sock=schedd_2531_a24a>
...
040 (1248296.000.000) 2025-07-17 17:23:31 Started transferring input files
	Transferring to host: <172.30.1.219:9618?addrs=172.30.1.219-9618&alias=node-w19.localdomain&noUDP&sock=slot1_22_5155_e9eb_110821>
...
001 (1248296.000.000) 2025-07-17 17:23:31 Job executing on host: <172.30.1.219:9618?addrs=172.30.1.219-9618&alias=node-w19.localdomain&noUDP&sock=startd_5121_2895>
	SlotName: slot1_22@node-w19.localdomain
	CondorScratchDir = "/var/lib/condor/execute/dir_1060070"
	Cpus = 2
	Disk = 2048
	GPUs = 0
	Memory = 16000
...
040 (1248296.000.000) 2025-07-17 17:23:31 Finished transferring input files
...
006 (1248296.000.000) 2025-07-17 17:23:36 Image size of job updated: 148
	1  -  MemoryUsage of job (MB)
	8  -  ResidentSetSize of job (KB)
...
040 (1248296.000.000) 2025-07-17 17:23:36 Started transferring output files
...
040 (1248296.000.000) 2025-07-17 17:23:36 Finished transferring output files
...
021 (1248296.000.000) 2025-07-17 17:23:36 Error from starter on slot1_22@node-w19.localdomain:
	STARTER at 172.30.1.219 failed to send file(s) to <172.30.1.200:9618>: |Error: reading from file /var/lib/condor/execute/dir_1060070/*.png: (errno 2) No such file or directory; SHADOW failed to receive file(s) from <172.30.1.219:41383>
	Code 13 Subcode 2
...
004 (1248296.000.000) 2025-07-17 17:23:36 Job was evicted.
	(0) CPU times
		Usr 0 00:00:00, Sys 0 00:00:00  -  Run Remote Usage
		Usr 0 00:00:00, Sys 0 00:00:00  -  Run Local Usage
	442  -  Run Bytes Sent By Job
	23461  -  Run Bytes Received By Job
	Transfer output files failure at execution point slot1_22@node-w19.localdomain while sending files to access point tamsa2. Details: reading from file /var/lib/condor/execute/dir_1060070/*.png: (errno 2) No such file or directory
	Partitionable Resources :    Usage  Request Allocated 
	   Cpus                 :        0        2         2 
	   Disk (KB)            :       46       25      2048 
	   GPUs                 :                           0 
	   Memory (MB)          :        1    16000     16000 
	   TimeExecute (s)      :        5                    
	   TimeSlotBusy (s)     :        5                    
...
012 (1248296.000.000) 2025-07-17 17:23:36 Job was held.
	Transfer output files failure at execution point slot1_22@node-w19.localdomain while sending files to access point tamsa2. Details: reading from file /var/lib/condor/execute/dir_1060070/*.png: (errno 2) No such file or directory
	Code 12 Subcode 2
...
009 (1248296.000.000) 2025-07-17 17:28:06 Job was aborted.
	via condor_rm (by user achihwan)

	Job terminated by itself at 2025-07-17T08:23:36Z (using method 0: OF_ITS_OWN_ACCORD).
...
000 (1248357.000.000) 2025-07-17 17:28:10 Job submitted from host: <172.30.1.200:9618?addrs=172.30.1.200-9618&alias=tamsa2&noUDP&sock=schedd_2531_a24a>
...
040 (1248357.000.000) 2025-07-17 17:28:27 Started transferring input files
	Transferring to host: <172.30.1.203:9618?addrs=172.30.1.203-9618&alias=node-w3.localdomain&noUDP&sock=slot1_4_4993_c524_82524>
...
040 (1248357.000.000) 2025-07-17 17:28:30 Finished transferring input files
...
001 (1248357.000.000) 2025-07-17 17:28:30 Job executing on host: <172.30.1.203:9618?addrs=172.30.1.203-9618&alias=node-w3.localdomain&noUDP&sock=startd_4959_0a3d>
	SlotName: slot1_4@node-w3.localdomain
	CondorScratchDir = "/var/lib/condor/execute/dir_2419999"
	Cpus = 2
	Disk = 751616
	GPUs = 0
	Memory = 16000
...
006 (1248357.000.000) 2025-07-17 17:28:43 Image size of job updated: 1012336
	989  -  MemoryUsage of job (MB)
	1012336  -  ResidentSetSize of job (KB)
...
006 (1248357.000.000) 2025-07-17 17:28:52 Image size of job updated: 2199792
	2149  -  MemoryUsage of job (MB)
	2199792  -  ResidentSetSize of job (KB)
...
040 (1248357.000.000) 2025-07-17 17:28:53 Started transferring output files
...
040 (1248357.000.000) 2025-07-17 17:28:53 Finished transferring output files
...
021 (1248357.000.000) 2025-07-17 17:28:53 Error from starter on slot1_4@node-w3.localdomain:
	STARTER at 172.30.1.203 failed to send file(s) to <172.30.1.200:9618>: |Error: reading from file /var/lib/condor/execute/dir_2419999/*.png: (errno 2) No such file or directory; SHADOW failed to receive file(s) from <172.30.1.203:44785>
	Code 13 Subcode 2
...
004 (1248357.000.000) 2025-07-17 17:28:53 Job was evicted.
	(0) CPU times
		Usr 0 00:00:16, Sys 0 00:00:02  -  Run Remote Usage
		Usr 0 00:00:00, Sys 0 00:00:00  -  Run Local Usage
	393  -  Run Bytes Sent By Job
	690280256  -  Run Bytes Received By Job
	Transfer output files failure at execution point slot1_4@node-w3.localdomain while sending files to access point tamsa2. Details: reading from file /var/lib/condor/execute/dir_2419999/*.png: (errno 2) No such file or directory
	Partitionable Resources :    Usage  Request Allocated 
	   Cpus                 :        0        2         2 
	   Disk (KB)            :  2774353   750000    751616 
	   GPUs                 :                           0 
	   Memory (MB)          :     2149    16000     16000 
	   TimeExecute (s)      :       22                    
	   TimeSlotBusy (s)     :       29                    
...
012 (1248357.000.000) 2025-07-17 17:28:53 Job was held.
	Transfer output files failure at execution point slot1_4@node-w3.localdomain while sending files to access point tamsa2. Details: reading from file /var/lib/condor/execute/dir_2419999/*.png: (errno 2) No such file or directory
	Code 12 Subcode 2
...
009 (1248357.000.000) 2025-07-17 17:30:19 Job was aborted.
	via condor_rm (by user achihwan)

	Job terminated by itself at 2025-07-17T08:28:52Z (using method 0: OF_ITS_OWN_ACCORD).
...
000 (1248417.000.000) 2025-07-17 17:33:23 Job submitted from host: <172.30.1.200:9618?addrs=172.30.1.200-9618&alias=tamsa2&noUDP&sock=schedd_2531_a24a>
...
040 (1248417.000.000) 2025-07-17 17:33:49 Entered queue to transfer input files
	Transferring to host: <172.30.1.219:9618?addrs=172.30.1.219-9618&alias=node-w19.localdomain&noUDP&sock=slot1_7_5155_e9eb_110870>
...
040 (1248417.000.000) 2025-07-17 17:33:56 Started transferring input files
	Seconds spent in queue: 7
...
040 (1248417.000.000) 2025-07-17 17:33:58 Finished transferring input files
...
001 (1248417.000.000) 2025-07-17 17:33:58 Job executing on host: <172.30.1.219:9618?addrs=172.30.1.219-9618&alias=node-w19.localdomain&noUDP&sock=startd_5121_2895>
	SlotName: slot1_7@node-w19.localdomain
	CondorScratchDir = "/var/lib/condor/execute/dir_1064744"
	Cpus = 2
	Disk = 751616
	GPUs = 0
	Memory = 16000
...
006 (1248417.000.000) 2025-07-17 17:34:12 Image size of job updated: 1198832
	1171  -  MemoryUsage of job (MB)
	1198832  -  ResidentSetSize of job (KB)
...
006 (1248417.000.000) 2025-07-17 17:34:20 Image size of job updated: 2199792
	2149  -  MemoryUsage of job (MB)
	2199792  -  ResidentSetSize of job (KB)
...
040 (1248417.000.000) 2025-07-17 17:34:20 Started transferring output files
	Seconds spent in queue: 31
...
040 (1248417.000.000) 2025-07-17 17:34:20 Finished transferring output files
...
021 (1248417.000.000) 2025-07-17 17:34:20 Error from starter on slot1_7@node-w19.localdomain:
	STARTER at 172.30.1.219 failed to send file(s) to <172.30.1.200:9618>: |Error: reading from file /var/lib/condor/execute/dir_1064744/*.png: (errno 2) No such file or directory; SHADOW failed to receive file(s) from <172.30.1.219:45675>
	Code 13 Subcode 2
...
004 (1248417.000.000) 2025-07-17 17:34:20 Job was evicted.
	(0) CPU times
		Usr 0 00:00:16, Sys 0 00:00:04  -  Run Remote Usage
		Usr 0 00:00:00, Sys 0 00:00:00  -  Run Local Usage
	393  -  Run Bytes Sent By Job
	690280256  -  Run Bytes Received By Job
	Transfer output files failure at execution point slot1_7@node-w19.localdomain while sending files to access point tamsa2. Details: reading from file /var/lib/condor/execute/dir_1064744/*.png: (errno 2) No such file or directory
	Partitionable Resources :    Usage  Request Allocated 
	   Cpus                 :        0        2         2 
	   Disk (KB)            :  2774353   750000    751616 
	   GPUs                 :                           0 
	   Memory (MB)          :     2149    16000     16000 
	   TimeExecute (s)      :       22                    
	   TimeSlotBusy (s)     :       36                    
...
012 (1248417.000.000) 2025-07-17 17:34:20 Job was held.
	Transfer output files failure at execution point slot1_7@node-w19.localdomain while sending files to access point tamsa2. Details: reading from file /var/lib/condor/execute/dir_1064744/*.png: (errno 2) No such file or directory
	Code 12 Subcode 2
...
009 (1248417.000.000) 2025-07-17 17:34:44 Job was aborted.
	via condor_rm (by user achihwan)

	Job terminated by itself at 2025-07-17T08:34:20Z (using method 0: OF_ITS_OWN_ACCORD).
...
000 (1248476.000.000) 2025-07-17 17:34:49 Job submitted from host: <172.30.1.200:9618?addrs=172.30.1.200-9618&alias=tamsa2&noUDP&sock=schedd_2531_a24a>
...
040 (1248476.000.000) 2025-07-17 17:35:11 Entered queue to transfer input files
	Transferring to host: <172.30.1.207:9618?addrs=172.30.1.207-9618&alias=node-w7.localdomain&noUDP&sock=slot1_10_4978_3384_38505>
...
040 (1248476.000.000) 2025-07-17 17:35:20 Started transferring input files
	Seconds spent in queue: 9
...
040 (1248476.000.000) 2025-07-17 17:35:24 Finished transferring input files
...
001 (1248476.000.000) 2025-07-17 17:35:24 Job executing on host: <172.30.1.207:9618?addrs=172.30.1.207-9618&alias=node-w7.localdomain&noUDP&sock=startd_4944_c052>
	SlotName: slot1_10@node-w7.localdomain
	CondorScratchDir = "/var/lib/condor/execute/dir_2167111"
	Cpus = 2
	Disk = 751616
	GPUs = 0
	Memory = 16000
...
006 (1248476.000.000) 2025-07-17 17:35:38 Image size of job updated: 978608
	956  -  MemoryUsage of job (MB)
	978608  -  ResidentSetSize of job (KB)
...
006 (1248476.000.000) 2025-07-17 17:35:50 Image size of job updated: 2200540
	2149  -  MemoryUsage of job (MB)
	2199792  -  ResidentSetSize of job (KB)
...
040 (1248476.000.000) 2025-07-17 17:35:50 Started transferring output files
	Seconds spent in queue: 39
...
040 (1248476.000.000) 2025-07-17 17:35:50 Finished transferring output files
...
021 (1248476.000.000) 2025-07-17 17:35:50 Error from starter on slot1_10@node-w7.localdomain:
	STARTER at 172.30.1.207 failed to send file(s) to <172.30.1.200:9618>: |Error: reading from file /var/lib/condor/execute/dir_2167111/*.png: (errno 2) No such file or directory; SHADOW failed to receive file(s) from <172.30.1.207:36001>
	Code 13 Subcode 2
...
004 (1248476.000.000) 2025-07-17 17:35:50 Job was evicted.
	(0) CPU times
		Usr 0 00:00:19, Sys 0 00:00:05  -  Run Remote Usage
		Usr 0 00:00:00, Sys 0 00:00:00  -  Run Local Usage
	809  -  Run Bytes Sent By Job
	690280256  -  Run Bytes Received By Job
	Transfer output files failure at execution point slot1_10@node-w7.localdomain while sending files to access point tamsa2. Details: reading from file /var/lib/condor/execute/dir_2167111/*.png: (errno 2) No such file or directory
	Partitionable Resources :    Usage  Request Allocated 
	   Cpus                 :                 2         2 
	   Disk (KB)            :  2774347   750000    751616 
	   GPUs                 :                           0 
	   Memory (MB)          :     2149    16000     16000 
	   TimeExecute (s)      :       26                    
	   TimeSlotBusy (s)     :       45                    
...
012 (1248476.000.000) 2025-07-17 17:35:50 Job was held.
	Transfer output files failure at execution point slot1_10@node-w7.localdomain while sending files to access point tamsa2. Details: reading from file /var/lib/condor/execute/dir_2167111/*.png: (errno 2) No such file or directory
	Code 12 Subcode 2
...
009 (1248476.000.000) 2025-07-17 17:36:48 Job was aborted.
	via condor_rm (by user achihwan)

	Job terminated by itself at 2025-07-17T08:35:50Z (using method 0: OF_ITS_OWN_ACCORD).
...
000 (1250131.000.000) 2025-07-17 17:36:55 Job submitted from host: <172.30.1.200:9618?addrs=172.30.1.200-9618&alias=tamsa2&noUDP&sock=schedd_2531_a24a>
...
040 (1250131.000.000) 2025-07-17 17:39:41 Started transferring input files
	Transferring to host: <172.30.1.208:9618?addrs=172.30.1.208-9618&alias=node-w8.localdomain&noUDP&sock=slot1_67_4971_44e3_56891>
...
040 (1250131.000.000) 2025-07-17 17:39:45 Finished transferring input files
...
001 (1250131.000.000) 2025-07-17 17:39:45 Job executing on host: <172.30.1.208:9618?addrs=172.30.1.208-9618&alias=node-w8.localdomain&noUDP&sock=startd_4937_f328>
	SlotName: slot1_67@node-w8.localdomain
	CondorScratchDir = "/var/lib/condor/execute/dir_1020282"
	Cpus = 2
	Disk = 751616
	GPUs = 0
	Memory = 16000
...
006 (1250131.000.000) 2025-07-17 17:39:58 Image size of job updated: 1018672
	995  -  MemoryUsage of job (MB)
	1018672  -  ResidentSetSize of job (KB)
...
006 (1250131.000.000) 2025-07-17 17:40:07 Image size of job updated: 2199792
	2149  -  MemoryUsage of job (MB)
	2199792  -  ResidentSetSize of job (KB)
...
040 (1250131.000.000) 2025-07-17 17:40:07 Started transferring output files
...
040 (1250131.000.000) 2025-07-17 17:40:07 Finished transferring output files
...
021 (1250131.000.000) 2025-07-17 17:40:07 Error from starter on slot1_67@node-w8.localdomain:
	STARTER at 172.30.1.208 failed to send file(s) to <172.30.1.200:9618>: |Error: reading from file /var/lib/condor/execute/dir_1020282/*.png: (errno 2) No such file or directory; SHADOW failed to receive file(s) from <172.30.1.208:35969>
	Code 13 Subcode 2
...
004 (1250131.000.000) 2025-07-17 17:40:07 Job was evicted.
	(0) CPU times
		Usr 0 00:00:16, Sys 0 00:00:02  -  Run Remote Usage
		Usr 0 00:00:00, Sys 0 00:00:00  -  Run Local Usage
	708  -  Run Bytes Sent By Job
	690280256  -  Run Bytes Received By Job
	Transfer output files failure at execution point slot1_67@node-w8.localdomain while sending files to access point tamsa2. Details: reading from file /var/lib/condor/execute/dir_1020282/*.png: (errno 2) No such file or directory
	Partitionable Resources :    Usage  Request Allocated 
	   Cpus                 :        0        2         2 
	   Disk (KB)            :  2774353   750000    751616 
	   GPUs                 :                           0 
	   Memory (MB)          :     2149    16000     16000 
	   TimeExecute (s)      :       22                    
	   TimeSlotBusy (s)     :       30                    
...
012 (1250131.000.000) 2025-07-17 17:40:07 Job was held.
	Transfer output files failure at execution point slot1_67@node-w8.localdomain while sending files to access point tamsa2. Details: reading from file /var/lib/condor/execute/dir_1020282/*.png: (errno 2) No such file or directory
	Code 12 Subcode 2
...
000 (1251222.000.000) 2025-07-17 17:42:39 Job submitted from host: <172.30.1.200:9618?addrs=172.30.1.200-9618&alias=tamsa2&noUDP&sock=schedd_2531_a24a>
...
009 (1250131.000.000) 2025-07-17 17:42:45 Job was aborted.
	via condor_rm (by user achihwan)

	Job terminated by itself at 2025-07-17T08:40:07Z (using method 0: OF_ITS_OWN_ACCORD).
...
040 (1251222.000.000) 2025-07-17 17:43:04 Entered queue to transfer input files
	Transferring to host: <172.30.1.221:9618?addrs=172.30.1.221-9618&alias=node-w21.localdomain&noUDP&sock=slot1_33_6000_4aed_140628>
...
040 (1251222.000.000) 2025-07-17 17:43:04 Started transferring input files
	Seconds spent in queue: 0
...
040 (1251222.000.000) 2025-07-17 17:43:09 Finished transferring input files
...
001 (1251222.000.000) 2025-07-17 17:43:09 Job executing on host: <172.30.1.221:9618?addrs=172.30.1.221-9618&alias=node-w21.localdomain&noUDP&sock=startd_5966_c21c>
	SlotName: slot1_33@node-w21.localdomain
	CondorScratchDir = "/var/lib/condor/execute/dir_2378725"
	Cpus = 2
	Disk = 751616
	GPUs = 0
	Memory = 16000
...
006 (1251222.000.000) 2025-07-17 17:43:22 Image size of job updated: 983588
	961  -  MemoryUsage of job (MB)
	983588  -  ResidentSetSize of job (KB)
...
006 (1251222.000.000) 2025-07-17 17:43:32 Image size of job updated: 2199796
	2149  -  MemoryUsage of job (MB)
	2199796  -  ResidentSetSize of job (KB)
...
040 (1251222.000.000) 2025-07-17 17:43:32 Started transferring output files
	Seconds spent in queue: 28
...
040 (1251222.000.000) 2025-07-17 17:43:32 Finished transferring output files
...
021 (1251222.000.000) 2025-07-17 17:43:32 Error from starter on slot1_33@node-w21.localdomain:
	STARTER at 172.30.1.221 failed to send file(s) to <172.30.1.200:9618>: |Error: reading from file /var/lib/condor/execute/dir_2378725/*.png: (errno 2) No such file or directory; SHADOW failed to receive file(s) from <172.30.1.221:46055>
	Code 13 Subcode 2
...
004 (1251222.000.000) 2025-07-17 17:43:32 Job was evicted.
	(0) CPU times
		Usr 0 00:00:17, Sys 0 00:00:04  -  Run Remote Usage
		Usr 0 00:00:00, Sys 0 00:00:00  -  Run Local Usage
	4420  -  Run Bytes Sent By Job
	690280256  -  Run Bytes Received By Job
	Transfer output files failure at execution point slot1_33@node-w21.localdomain while sending files to access point tamsa2. Details: reading from file /var/lib/condor/execute/dir_2378725/*.png: (errno 2) No such file or directory
	Partitionable Resources :    Usage  Request Allocated 
	   Cpus                 :        0        2         2 
	   Disk (KB)            :  2774357   750000    751616 
	   GPUs                 :                           0 
	   Memory (MB)          :     2149    16000     16000 
	   TimeExecute (s)      :       23                    
	   TimeSlotBusy (s)     :       33                    
...
012 (1251222.000.000) 2025-07-17 17:43:32 Job was held.
	Transfer output files failure at execution point slot1_33@node-w21.localdomain while sending files to access point tamsa2. Details: reading from file /var/lib/condor/execute/dir_2378725/*.png: (errno 2) No such file or directory
	Code 12 Subcode 2
...
009 (1251222.000.000) 2025-07-17 17:44:17 Job was aborted.
	via condor_rm (by user achihwan)

	Job terminated by itself at 2025-07-17T08:43:32Z (using method 0: OF_ITS_OWN_ACCORD).
...
000 (1253145.000.000) 2025-07-17 17:44:35 Job submitted from host: <172.30.1.200:9618?addrs=172.30.1.200-9618&alias=tamsa2&noUDP&sock=schedd_2531_a24a>
...
040 (1253145.000.000) 2025-07-17 17:44:55 Entered queue to transfer input files
	Transferring to host: <172.30.1.219:9618?addrs=172.30.1.219-9618&alias=node-w19.localdomain&noUDP&sock=slot1_11_5155_e9eb_111057>
...
040 (1253145.000.000) 2025-07-17 17:44:55 Started transferring input files
	Seconds spent in queue: 0
...
040 (1253145.000.000) 2025-07-17 17:44:58 Finished transferring input files
...
001 (1253145.000.000) 2025-07-17 17:44:58 Job executing on host: <172.30.1.219:9618?addrs=172.30.1.219-9618&alias=node-w19.localdomain&noUDP&sock=startd_5121_2895>
	SlotName: slot1_11@node-w19.localdomain
	CondorScratchDir = "/var/lib/condor/execute/dir_1079231"
	Cpus = 2
	Disk = 751616
	GPUs = 0
	Memory = 16000
...
006 (1253145.000.000) 2025-07-17 17:45:11 Image size of job updated: 1040436
	1017  -  MemoryUsage of job (MB)
	1040436  -  ResidentSetSize of job (KB)
...
006 (1253145.000.000) 2025-07-17 17:45:20 Image size of job updated: 2199788
	2149  -  MemoryUsage of job (MB)
	2199788  -  ResidentSetSize of job (KB)
...
040 (1253145.000.000) 2025-07-17 17:45:20 Started transferring output files
	Seconds spent in queue: 25
...
040 (1253145.000.000) 2025-07-17 17:45:20 Finished transferring output files
...
021 (1253145.000.000) 2025-07-17 17:45:20 Error from starter on slot1_11@node-w19.localdomain:
	STARTER at 172.30.1.219 failed to send file(s) to <172.30.1.200:9618>: |Error: reading from file /var/lib/condor/execute/dir_1079231/*.png: (errno 2) No such file or directory; SHADOW failed to receive file(s) from <172.30.1.219:43183>
	Code 13 Subcode 2
...
004 (1253145.000.000) 2025-07-17 17:45:20 Job was evicted.
	(0) CPU times
		Usr 0 00:00:16, Sys 0 00:00:04  -  Run Remote Usage
		Usr 0 00:00:00, Sys 0 00:00:00  -  Run Local Usage
	466  -  Run Bytes Sent By Job
	690280256  -  Run Bytes Received By Job
	Transfer output files failure at execution point slot1_11@node-w19.localdomain while sending files to access point tamsa2. Details: reading from file /var/lib/condor/execute/dir_1079231/*.png: (errno 2) No such file or directory
	Partitionable Resources :      Usage  Request Allocated 
	   Cpus                 :       0.02        2         2 
	   Disk (KB)            : 2774353      750000    751616 
	   GPUs                 :                             0 
	   Memory (MB)          :    2149       16000     16000 
	   TimeExecute (s)      :      22                       
	   TimeSlotBusy (s)     :      30                       
...
012 (1253145.000.000) 2025-07-17 17:45:20 Job was held.
	Transfer output files failure at execution point slot1_11@node-w19.localdomain while sending files to access point tamsa2. Details: reading from file /var/lib/condor/execute/dir_1079231/*.png: (errno 2) No such file or directory
	Code 12 Subcode 2
...
009 (1253145.000.000) 2025-07-17 17:54:41 Job was aborted.
	via condor_rm (by user achihwan)

	Job terminated by itself at 2025-07-17T08:45:20Z (using method 0: OF_ITS_OWN_ACCORD).
...
000 (1253212.000.000) 2025-07-17 17:58:17 Job submitted from host: <172.30.1.200:9618?addrs=172.30.1.200-9618&alias=tamsa2&noUDP&sock=schedd_2531_a24a>
...
040 (1253212.000.000) 2025-07-17 17:58:34 Entered queue to transfer input files
	Transferring to host: <172.30.1.214:9618?addrs=172.30.1.214-9618&alias=node-w14.localdomain&noUDP&sock=slot1_18_5193_b02c_91191>
...
040 (1253212.000.000) 2025-07-17 17:58:36 Started transferring input files
	Seconds spent in queue: 2
...
040 (1253212.000.000) 2025-07-17 17:58:41 Finished transferring input files
...
001 (1253212.000.000) 2025-07-17 17:58:41 Job executing on host: <172.30.1.214:9618?addrs=172.30.1.214-9618&alias=node-w14.localdomain&noUDP&sock=startd_5159_392e>
	SlotName: slot1_18@node-w14.localdomain
	CondorScratchDir = "/var/lib/condor/execute/dir_791423"
	Cpus = 2
	Disk = 751616
	GPUs = 0
	Memory = 16000
...
006 (1253212.000.000) 2025-07-17 17:58:54 Image size of job updated: 921160
	900  -  MemoryUsage of job (MB)
	921160  -  ResidentSetSize of job (KB)
...
006 (1253212.000.000) 2025-07-17 17:59:06 Image size of job updated: 2254264
	2149  -  MemoryUsage of job (MB)
	2199792  -  ResidentSetSize of job (KB)
...
040 (1253212.000.000) 2025-07-17 17:59:07 Started transferring output files
	Seconds spent in queue: 33
...
040 (1253212.000.000) 2025-07-17 17:59:07 Finished transferring output files
...
021 (1253212.000.000) 2025-07-17 17:59:07 Error from starter on slot1_18@node-w14.localdomain:
	STARTER at 172.30.1.214 failed to send file(s) to <172.30.1.200:9618>: |Error: reading from file /var/lib/condor/execute/dir_791423/*.png: (errno 2) No such file or directory; SHADOW failed to receive file(s) from <172.30.1.214:40217>
	Code 13 Subcode 2
...
004 (1253212.000.000) 2025-07-17 17:59:07 Job was evicted.
	(0) CPU times
		Usr 0 00:00:20, Sys 0 00:00:05  -  Run Remote Usage
		Usr 0 00:00:00, Sys 0 00:00:00  -  Run Local Usage
	455  -  Run Bytes Sent By Job
	690280256  -  Run Bytes Received By Job
	Transfer output files failure at execution point slot1_18@node-w14.localdomain while sending files to access point tamsa2. Details: reading from file /var/lib/condor/execute/dir_791423/*.png: (errno 2) No such file or directory
	Partitionable Resources :    Usage  Request Allocated 
	   Cpus                 :        0        2         2 
	   Disk (KB)            :  2774353   750000    751616 
	   GPUs                 :                           0 
	   Memory (MB)          :     2149    16000     16000 
	   TimeExecute (s)      :       25                    
	   TimeSlotBusy (s)     :       38                    
...
012 (1253212.000.000) 2025-07-17 17:59:07 Job was held.
	Transfer output files failure at execution point slot1_18@node-w14.localdomain while sending files to access point tamsa2. Details: reading from file /var/lib/condor/execute/dir_791423/*.png: (errno 2) No such file or directory
	Code 12 Subcode 2
...
009 (1253212.000.000) 2025-07-17 18:04:59 Job was aborted.
	via condor_rm (by user achihwan)

	Job terminated by itself at 2025-07-17T08:59:06Z (using method 0: OF_ITS_OWN_ACCORD).
...
000 (1253274.000.000) 2025-07-17 18:05:03 Job submitted from host: <172.30.1.200:9618?addrs=172.30.1.200-9618&alias=tamsa2&noUDP&sock=schedd_2531_a24a>
...
040 (1253274.000.000) 2025-07-17 18:05:26 Started transferring input files
	Transferring to host: <172.30.1.212:9618?addrs=172.30.1.212-9618&alias=node-w12.localdomain&noUDP&sock=slot1_4_4978_3384_92305>
...
040 (1253274.000.000) 2025-07-17 18:05:30 Finished transferring input files
...
001 (1253274.000.000) 2025-07-17 18:05:30 Job executing on host: <172.30.1.212:9618?addrs=172.30.1.212-9618&alias=node-w12.localdomain&noUDP&sock=startd_4944_c052>
	SlotName: slot1_4@node-w12.localdomain
	CondorScratchDir = "/var/lib/condor/execute/dir_1174841"
	Cpus = 2
	Disk = 751616
	GPUs = 0
	Memory = 16000
...
006 (1253274.000.000) 2025-07-17 18:05:43 Image size of job updated: 913200
	892  -  MemoryUsage of job (MB)
	913200  -  ResidentSetSize of job (KB)
...
006 (1253274.000.000) 2025-07-17 18:07:24 Image size of job updated: 2469588
	2149  -  MemoryUsage of job (MB)
	2199884  -  ResidentSetSize of job (KB)
...
040 (1253274.000.000) 2025-07-17 18:07:24 Started transferring output files
...
040 (1253274.000.000) 2025-07-17 18:07:24 Finished transferring output files
...
021 (1253274.000.000) 2025-07-17 18:07:24 Error from starter on slot1_4@node-w12.localdomain:
	STARTER at 172.30.1.212 failed to send file(s) to <172.30.1.200:9618>: |Error: reading from file /var/lib/condor/execute/dir_1174841/*.png: (errno 2) No such file or directory; SHADOW failed to receive file(s) from <172.30.1.212:36757>
	Code 13 Subcode 2
...
004 (1253274.000.000) 2025-07-17 18:07:24 Job was evicted.
	(0) CPU times
		Usr 0 00:01:34, Sys 0 00:00:08  -  Run Remote Usage
		Usr 0 00:00:00, Sys 0 00:00:00  -  Run Local Usage
	6045  -  Run Bytes Sent By Job
	690280192  -  Run Bytes Received By Job
	Transfer output files failure at execution point slot1_4@node-w12.localdomain while sending files to access point tamsa2. Details: reading from file /var/lib/condor/execute/dir_1174841/*.png: (errno 2) No such file or directory
	Partitionable Resources :    Usage  Request Allocated 
	   Cpus                 :        0        2         2 
	   Disk (KB)            :  2774444   750000    751616 
	   GPUs                 :                           0 
	   Memory (MB)          :     2149    16000     16000 
	   TimeExecute (s)      :      114                    
	   TimeSlotBusy (s)     :      122                    
...
012 (1253274.000.000) 2025-07-17 18:07:24 Job was held.
	Transfer output files failure at execution point slot1_4@node-w12.localdomain while sending files to access point tamsa2. Details: reading from file /var/lib/condor/execute/dir_1174841/*.png: (errno 2) No such file or directory
	Code 12 Subcode 2
...
009 (1253274.000.000) 2025-07-17 18:13:43 Job was aborted.
	via condor_rm (by user achihwan)

	Job terminated by itself at 2025-07-17T09:07:24Z (using method 0: OF_ITS_OWN_ACCORD).
...
000 (1253339.000.000) 2025-07-17 18:13:48 Job submitted from host: <172.30.1.200:9618?addrs=172.30.1.200-9618&alias=tamsa2&noUDP&sock=schedd_2531_a24a>
...
040 (1253339.000.000) 2025-07-17 18:15:50 Started transferring input files
	Transferring to host: <172.30.1.212:9618?addrs=172.30.1.212-9618&alias=node-w12.localdomain&noUDP&sock=slot1_20_4978_3384_92372>
...
040 (1253339.000.000) 2025-07-17 18:15:53 Finished transferring input files
...
001 (1253339.000.000) 2025-07-17 18:15:53 Job executing on host: <172.30.1.212:9618?addrs=172.30.1.212-9618&alias=node-w12.localdomain&noUDP&sock=startd_4944_c052>
	SlotName: slot1_20@node-w12.localdomain
	CondorScratchDir = "/var/lib/condor/execute/dir_1186277"
	Cpus = 2
	Disk = 751616
	GPUs = 0
	Memory = 16000
...
006 (1253339.000.000) 2025-07-17 18:16:08 Image size of job updated: 861260
	842  -  MemoryUsage of job (MB)
	861260  -  ResidentSetSize of job (KB)
...
006 (1253339.000.000) 2025-07-17 18:18:12 Image size of job updated: 2511852
	2149  -  MemoryUsage of job (MB)
	2199888  -  ResidentSetSize of job (KB)
...
040 (1253339.000.000) 2025-07-17 18:18:12 Started transferring output files
...
040 (1253339.000.000) 2025-07-17 18:18:12 Finished transferring output files
...
021 (1253339.000.000) 2025-07-17 18:18:12 Error from starter on slot1_20@node-w12.localdomain:
	STARTER at 172.30.1.212 failed to send file(s) to <172.30.1.200:9618>: |Error: reading from file /var/lib/condor/execute/dir_1186277/*.png: (errno 2) No such file or directory; SHADOW failed to receive file(s) from <172.30.1.212:43103>
	Code 13 Subcode 2
...
004 (1253339.000.000) 2025-07-17 18:18:12 Job was evicted.
	(0) CPU times
		Usr 0 00:02:05, Sys 0 00:00:06  -  Run Remote Usage
		Usr 0 00:00:00, Sys 0 00:00:00  -  Run Local Usage
	6436  -  Run Bytes Sent By Job
	690280192  -  Run Bytes Received By Job
	Transfer output files failure at execution point slot1_20@node-w12.localdomain while sending files to access point tamsa2. Details: reading from file /var/lib/condor/execute/dir_1186277/*.png: (errno 2) No such file or directory
	Partitionable Resources :      Usage  Request Allocated 
	   Cpus                 :       0.96        2         2 
	   Disk (KB)            : 2774445      750000    751616 
	   GPUs                 :                             0 
	   Memory (MB)          :    2149       16000     16000 
	   TimeExecute (s)      :     139                       
	   TimeSlotBusy (s)     :     142                       
...
012 (1253339.000.000) 2025-07-17 18:18:12 Job was held.
	Transfer output files failure at execution point slot1_20@node-w12.localdomain while sending files to access point tamsa2. Details: reading from file /var/lib/condor/execute/dir_1186277/*.png: (errno 2) No such file or directory
	Code 12 Subcode 2
...
009 (1253339.000.000) 2025-07-17 18:23:21 Job was aborted.
	via condor_rm (by user achihwan)

	Job terminated by itself at 2025-07-17T09:18:12Z (using method 0: OF_ITS_OWN_ACCORD).
...
000 (1253419.000.000) 2025-07-17 18:23:25 Job submitted from host: <172.30.1.200:9618?addrs=172.30.1.200-9618&alias=tamsa2&noUDP&sock=schedd_2531_a24a>
...
040 (1253419.000.000) 2025-07-17 18:23:50 Started transferring input files
	Transferring to host: <172.30.1.218:9618?addrs=172.30.1.218-9618&alias=node-w18.localdomain&noUDP&sock=slot1_28_5306_4e91_96589>
...
040 (1253419.000.000) 2025-07-17 18:23:54 Finished transferring input files
...
001 (1253419.000.000) 2025-07-17 18:23:54 Job executing on host: <172.30.1.218:9618?addrs=172.30.1.218-9618&alias=node-w18.localdomain&noUDP&sock=startd_5272_bb62>
	SlotName: slot1_28@node-w18.localdomain
	CondorScratchDir = "/var/lib/condor/execute/dir_2110624"
	Cpus = 2
	Disk = 751616
	GPUs = 0
	Memory = 16000
...
006 (1253419.000.000) 2025-07-17 18:24:08 Image size of job updated: 834548
	815  -  MemoryUsage of job (MB)
	834548  -  ResidentSetSize of job (KB)
...
006 (1253419.000.000) 2025-07-17 18:25:56 Image size of job updated: 2482908
	2149  -  MemoryUsage of job (MB)
	2199976  -  ResidentSetSize of job (KB)
...
040 (1253419.000.000) 2025-07-17 18:25:56 Started transferring output files
...
040 (1253419.000.000) 2025-07-17 18:25:56 Finished transferring output files
...
005 (1253419.000.000) 2025-07-17 18:25:56 Job terminated.
	(1) Normal termination (return value 0)
		Usr 0 00:01:48, Sys 0 00:00:06  -  Run Remote Usage
		Usr 0 00:00:00, Sys 0 00:00:00  -  Run Local Usage
		Usr 0 00:01:48, Sys 0 00:00:06  -  Total Remote Usage
		Usr 0 00:00:00, Sys 0 00:00:00  -  Total Local Usage
	93975  -  Run Bytes Sent By Job
	690280256  -  Run Bytes Received By Job
	93975  -  Total Bytes Sent By Job
	690280256  -  Total Bytes Received By Job
	Partitionable Resources :      Usage  Request Allocated 
	   Cpus                 :       0.97        2         2 
	   Disk (KB)            : 2774530      750000    751616 
	   GPUs                 :                             0 
	   Memory (MB)          :    2149       16000     16000 
	   TimeExecute (s)      :     122                       
	   TimeSlotBusy (s)     :     129                       

	Job terminated of its own accord at 2025-07-17T09:25:56Z with exit-code 0.
...
000 (1253479.000.000) 2025-07-17 18:29:03 Job submitted from host: <172.30.1.200:9618?addrs=172.30.1.200-9618&alias=tamsa2&noUDP&sock=schedd_2531_a24a>
...
040 (1253479.000.000) 2025-07-17 18:29:26 Started transferring input files
	Transferring to host: <172.30.1.218:9618?addrs=172.30.1.218-9618&alias=node-w18.localdomain&noUDP&sock=slot1_24_5306_4e91_96615>
...
040 (1253479.000.000) 2025-07-17 18:29:30 Finished transferring input files
...
001 (1253479.000.000) 2025-07-17 18:29:30 Job executing on host: <172.30.1.218:9618?addrs=172.30.1.218-9618&alias=node-w18.localdomain&noUDP&sock=startd_5272_bb62>
	SlotName: slot1_24@node-w18.localdomain
	CondorScratchDir = "/var/lib/condor/execute/dir_2114043"
	Cpus = 2
	Disk = 751616
	GPUs = 0
	Memory = 16000
...
006 (1253479.000.000) 2025-07-17 18:29:44 Image size of job updated: 859244
	840  -  MemoryUsage of job (MB)
	859244  -  ResidentSetSize of job (KB)
...
006 (1253479.000.000) 2025-07-17 18:31:00 Image size of job updated: 2469516
	2149  -  MemoryUsage of job (MB)
	2200000  -  ResidentSetSize of job (KB)
...
040 (1253479.000.000) 2025-07-17 18:31:00 Started transferring output files
...
040 (1253479.000.000) 2025-07-17 18:31:00 Finished transferring output files
...
005 (1253479.000.000) 2025-07-17 18:31:00 Job terminated.
	(1) Normal termination (return value 0)
		Usr 0 00:01:19, Sys 0 00:00:05  -  Run Remote Usage
		Usr 0 00:00:00, Sys 0 00:00:00  -  Run Local Usage
		Usr 0 00:01:19, Sys 0 00:00:05  -  Total Remote Usage
		Usr 0 00:00:00, Sys 0 00:00:00  -  Total Local Usage
	105967  -  Run Bytes Sent By Job
	690280832  -  Run Bytes Received By Job
	105967  -  Total Bytes Sent By Job
	690280832  -  Total Bytes Received By Job
	Partitionable Resources :      Usage  Request Allocated 
	   Cpus                 :       0.80        2         2 
	   Disk (KB)            : 2774554      750000    751616 
	   GPUs                 :                             0 
	   Memory (MB)          :    2149       16000     16000 
	   TimeExecute (s)      :      90                       
	   TimeSlotBusy (s)     :      98                       

	Job terminated of its own accord at 2025-07-17T09:31:00Z with exit-code 0.
...
