000 (1246658.000.000) 2025-07-17 16:10:38 Job submitted from host: <172.30.1.200:9618?addrs=172.30.1.200-9618&alias=tamsa2&noUDP&sock=schedd_2531_a24a>
...
040 (1246658.000.000) 2025-07-17 16:10:40 Started transferring input files
	Transferring to host: <172.30.1.209:9618?addrs=172.30.1.209-9618&alias=node-w9.localdomain&noUDP&sock=slot1_6_5028_6e46_35110>
...
001 (1246658.000.000) 2025-07-17 16:10:41 Job executing on host: <172.30.1.209:9618?addrs=172.30.1.209-9618&alias=node-w9.localdomain&noUDP&sock=startd_4994_0c0e>
	SlotName: slot1_6@node-w9.localdomain
	CondorScratchDir = "/var/lib/condor/execute/dir_4045502"
	Cpus = 2
	Disk = 2048
	GPUs = 0
	Memory = 16000
...
040 (1246658.000.000) 2025-07-17 16:10:41 Finished transferring input files
...
021 (1246658.000.000) 2025-07-17 16:10:46 Error from starter on slot1_6@node-w9.localdomain:
	Failed to execute '/var/lib/condor/execute/dir_4045502/run_Jpsito2Mu.py': (errno=8: 'Exec format error')
	Code 6 Subcode 8
...
004 (1246658.000.000) 2025-07-17 16:10:46 Job was evicted.
	(0) CPU times
		Usr 0 00:00:00, Sys 0 00:00:00  -  Run Remote Usage
		Usr 0 00:00:00, Sys 0 00:00:00  -  Run Local Usage
	0  -  Run Bytes Sent By Job
	28078  -  Run Bytes Received By Job
	Error from slot1_6@node-w9.localdomain: Failed to execute '/var/lib/condor/execute/dir_4045502/run_Jpsito2Mu.py': (errno=8: 'Exec format error')
	Partitionable Resources :    Usage  Request Allocated 
	   Cpus                 :                 2         2 
	   Disk (KB)            :       30       30      2048 
	   GPUs                 :                           0 
	   Memory (MB)          :             16000     16000 
	   TimeSlotBusy (s)     :        6                    
...
012 (1246658.000.000) 2025-07-17 16:10:46 Job was held.
	Error from slot1_6@node-w9.localdomain: Failed to execute '/var/lib/condor/execute/dir_4045502/run_Jpsito2Mu.py': (errno=8: 'Exec format error')
	Code 6 Subcode 8
...
009 (1246658.000.000) 2025-07-17 16:11:55 Job was aborted.
	via condor_rm (by user achihwan)
...
000 (1246714.000.000) 2025-07-17 16:14:09 Job submitted from host: <172.30.1.200:9618?addrs=172.30.1.200-9618&alias=tamsa2&noUDP&sock=schedd_2531_a24a>
...
040 (1246714.000.000) 2025-07-17 16:14:23 Started transferring input files
	Transferring to host: <172.30.1.205:9618?addrs=172.30.1.205-9618&alias=node-w5.localdomain&noUDP&sock=slot1_28_5098_c088_47454>
...
001 (1246714.000.000) 2025-07-17 16:14:23 Job executing on host: <172.30.1.205:9618?addrs=172.30.1.205-9618&alias=node-w5.localdomain&noUDP&sock=startd_5064_0faf>
	SlotName: slot1_28@node-w5.localdomain
	CondorScratchDir = "/var/lib/condor/execute/dir_2779981"
	Cpus = 2
	Disk = 2048
	GPUs = 0
	Memory = 16000
...
040 (1246714.000.000) 2025-07-17 16:14:23 Finished transferring input files
...
021 (1246714.000.000) 2025-07-17 16:14:23 Error from starter on slot1_28@node-w5.localdomain:
	Failed to execute '/var/lib/condor/execute/dir_2779981/run_Jpsito2Mu.py' with arguments python *.py: (errno=8: 'Exec format error')
	Code 6 Subcode 8
...
004 (1246714.000.000) 2025-07-17 16:14:23 Job was evicted.
	(0) CPU times
		Usr 0 00:00:00, Sys 0 00:00:00  -  Run Remote Usage
		Usr 0 00:00:00, Sys 0 00:00:00  -  Run Local Usage
	0  -  Run Bytes Sent By Job
	28078  -  Run Bytes Received By Job
	Error from slot1_28@node-w5.localdomain: Failed to execute '/var/lib/condor/execute/dir_2779981/run_Jpsito2Mu.py' with arguments python *.py: (errno=8: 'Exec format error')
	Partitionable Resources :    Usage  Request Allocated 
	   Cpus                 :                 2         2 
	   Disk (KB)            :       30       30      2048 
	   GPUs                 :                           0 
	   Memory (MB)          :             16000     16000 
	   TimeSlotBusy (s)     :        0                    
...
012 (1246714.000.000) 2025-07-17 16:14:23 Job was held.
	Error from slot1_28@node-w5.localdomain: Failed to execute '/var/lib/condor/execute/dir_2779981/run_Jpsito2Mu.py' with arguments python *.py: (errno=8: 'Exec format error')
	Code 6 Subcode 8
...
009 (1246714.000.000) 2025-07-17 16:16:03 Job was aborted.
	via condor_rm (by user achihwan)
...
000 (1247414.000.000) 2025-07-17 16:30:18 Job submitted from host: <172.30.1.200:9618?addrs=172.30.1.200-9618&alias=tamsa2&noUDP&sock=schedd_2531_a24a>
...
040 (1247414.000.000) 2025-07-17 16:30:36 Started transferring input files
	Transferring to host: <172.30.1.107:9618?addrs=172.30.1.107-9618&alias=node-g7.localdomain&noUDP&sock=slot1_11_5631_4c7e_25447>
...
001 (1247414.000.000) 2025-07-17 16:30:36 Job executing on host: <172.30.1.107:9618?addrs=172.30.1.107-9618&alias=node-g7.localdomain&noUDP&sock=startd_5596_f811>
	SlotName: slot1_11@node-g7.localdomain
	CondorScratchDir = "/var/lib/condor/execute/dir_3000060"
	Cpus = 2
	Disk = 2048
	GPUs = 0
	Memory = 16000
...
040 (1247414.000.000) 2025-07-17 16:30:36 Finished transferring input files
...
006 (1247414.000.000) 2025-07-17 16:30:41 Image size of job updated: 96
	1  -  MemoryUsage of job (MB)
	4  -  ResidentSetSize of job (KB)
...
040 (1247414.000.000) 2025-07-17 16:30:41 Started transferring output files
...
040 (1247414.000.000) 2025-07-17 16:30:41 Finished transferring output files
...
021 (1247414.000.000) 2025-07-17 16:30:41 Error from starter on slot1_11@node-g7.localdomain:
	STARTER at 172.30.1.107 failed to send file(s) to <172.30.1.200:9618>: |Error: reading from file /var/lib/condor/execute/dir_3000060/*.png: (errno 2) No such file or directory; SHADOW failed to receive file(s) from <172.30.1.107:46273>
	Code 13 Subcode 2
...
004 (1247414.000.000) 2025-07-17 16:30:42 Job was evicted.
	(0) CPU times
		Usr 0 00:00:00, Sys 0 00:00:00  -  Run Remote Usage
		Usr 0 00:00:00, Sys 0 00:00:00  -  Run Local Usage
	135  -  Run Bytes Sent By Job
	28125  -  Run Bytes Received By Job
	Transfer output files failure at execution point slot1_11@node-g7.localdomain while sending files to access point tamsa2. Details: reading from file /var/lib/condor/execute/dir_3000060/*.png: (errno 2) No such file or directory
	Partitionable Resources :    Usage  Request Allocated 
	   Cpus                 :        0        2         2 
	   Disk (KB)            :       50       30      2048 
	   GPUs                 :                           0 
	   Memory (MB)          :        1    16000     16000 
	   TimeExecute (s)      :        5                    
	   TimeSlotBusy (s)     :        5                    
...
012 (1247414.000.000) 2025-07-17 16:30:42 Job was held.
	Transfer output files failure at execution point slot1_11@node-g7.localdomain while sending files to access point tamsa2. Details: reading from file /var/lib/condor/execute/dir_3000060/*.png: (errno 2) No such file or directory
	Code 12 Subcode 2
...
009 (1247414.000.000) 2025-07-17 16:32:04 Job was aborted.
	via condor_rm (by user achihwan)

	Job terminated by itself at 2025-07-17T07:30:41Z (using method 0: OF_ITS_OWN_ACCORD).
...
000 (1247474.000.000) 2025-07-17 16:32:10 Job submitted from host: <172.30.1.200:9618?addrs=172.30.1.200-9618&alias=tamsa2&noUDP&sock=schedd_2531_a24a>
...
040 (1247474.000.000) 2025-07-17 16:32:29 Started transferring input files
	Transferring to host: <172.30.1.108:9618?addrs=172.30.1.108-9618&alias=node-g8.localdomain&noUDP&sock=slot1_5_6196_6475_19936>
...
001 (1247474.000.000) 2025-07-17 16:32:30 Job executing on host: <172.30.1.108:9618?addrs=172.30.1.108-9618&alias=node-g8.localdomain&noUDP&sock=startd_6162_32ac>
	SlotName: slot1_5@node-g8.localdomain
	CondorScratchDir = "/var/lib/condor/execute/dir_613851"
	Cpus = 2
	Disk = 2048
	GPUs = 0
	Memory = 16000
...
040 (1247474.000.000) 2025-07-17 16:32:30 Finished transferring input files
...
006 (1247474.000.000) 2025-07-17 16:32:35 Image size of job updated: 104
	1  -  MemoryUsage of job (MB)
	4  -  ResidentSetSize of job (KB)
...
040 (1247474.000.000) 2025-07-17 16:32:35 Started transferring output files
...
040 (1247474.000.000) 2025-07-17 16:32:35 Finished transferring output files
...
021 (1247474.000.000) 2025-07-17 16:32:35 Error from starter on slot1_5@node-g8.localdomain:
	STARTER at 172.30.1.108 failed to send file(s) to <172.30.1.200:9618>: |Error: reading from file /var/lib/condor/execute/dir_613851/*.png: (errno 2) No such file or directory; SHADOW failed to receive file(s) from <172.30.1.108:35117>
	Code 13 Subcode 2
...
004 (1247474.000.000) 2025-07-17 16:32:35 Job was evicted.
	(0) CPU times
		Usr 0 00:00:00, Sys 0 00:00:00  -  Run Remote Usage
		Usr 0 00:00:00, Sys 0 00:00:00  -  Run Local Usage
	111  -  Run Bytes Sent By Job
	28114  -  Run Bytes Received By Job
	Transfer output files failure at execution point slot1_5@node-g8.localdomain while sending files to access point tamsa2. Details: reading from file /var/lib/condor/execute/dir_613851/*.png: (errno 2) No such file or directory
	Partitionable Resources :    Usage  Request Allocated 
	   Cpus                 :        0        2         2 
	   Disk (KB)            :       50       30      2048 
	   GPUs                 :                           0 
	   Memory (MB)          :        1    16000     16000 
	   TimeExecute (s)      :        5                    
	   TimeSlotBusy (s)     :        6                    
...
012 (1247474.000.000) 2025-07-17 16:32:35 Job was held.
	Transfer output files failure at execution point slot1_5@node-g8.localdomain while sending files to access point tamsa2. Details: reading from file /var/lib/condor/execute/dir_613851/*.png: (errno 2) No such file or directory
	Code 12 Subcode 2
...
009 (1247474.000.000) 2025-07-17 16:36:30 Job was aborted.
	via condor_rm (by user achihwan)

	Job terminated by itself at 2025-07-17T07:32:35Z (using method 0: OF_ITS_OWN_ACCORD).
...
000 (1247534.000.000) 2025-07-17 16:36:37 Job submitted from host: <172.30.1.200:9618?addrs=172.30.1.200-9618&alias=tamsa2&noUDP&sock=schedd_2531_a24a>
...
040 (1247534.000.000) 2025-07-17 16:37:55 Started transferring input files
	Transferring to host: <172.30.1.214:9618?addrs=172.30.1.214-9618&alias=node-w14.localdomain&noUDP&sock=slot1_10_5193_b02c_90601>
...
001 (1247534.000.000) 2025-07-17 16:37:55 Job executing on host: <172.30.1.214:9618?addrs=172.30.1.214-9618&alias=node-w14.localdomain&noUDP&sock=startd_5159_392e>
	SlotName: slot1_10@node-w14.localdomain
	CondorScratchDir = "/var/lib/condor/execute/dir_686885"
	Cpus = 2
	Disk = 2048
	GPUs = 0
	Memory = 16000
...
040 (1247534.000.000) 2025-07-17 16:37:55 Finished transferring input files
...
006 (1247534.000.000) 2025-07-17 16:38:01 Image size of job updated: 148
	1  -  MemoryUsage of job (MB)
	8  -  ResidentSetSize of job (KB)
...
040 (1247534.000.000) 2025-07-17 16:38:01 Started transferring output files
...
040 (1247534.000.000) 2025-07-17 16:38:01 Finished transferring output files
...
021 (1247534.000.000) 2025-07-17 16:38:01 Error from starter on slot1_10@node-w14.localdomain:
	STARTER at 172.30.1.214 failed to send file(s) to <172.30.1.200:9618>: |Error: reading from file /var/lib/condor/execute/dir_686885/*.png: (errno 2) No such file or directory; SHADOW failed to receive file(s) from <172.30.1.214:40827>
	Code 13 Subcode 2
...
004 (1247534.000.000) 2025-07-17 16:38:01 Job was evicted.
	(0) CPU times
		Usr 0 00:00:00, Sys 0 00:00:00  -  Run Remote Usage
		Usr 0 00:00:00, Sys 0 00:00:00  -  Run Local Usage
	198  -  Run Bytes Sent By Job
	28118  -  Run Bytes Received By Job
	Transfer output files failure at execution point slot1_10@node-w14.localdomain while sending files to access point tamsa2. Details: reading from file /var/lib/condor/execute/dir_686885/*.png: (errno 2) No such file or directory
	Partitionable Resources :    Usage  Request Allocated 
	   Cpus                 :        0        2         2 
	   Disk (KB)            :       50       30      2048 
	   GPUs                 :                           0 
	   Memory (MB)          :        1    16000     16000 
	   TimeExecute (s)      :        6                    
	   TimeSlotBusy (s)     :        6                    
...
012 (1247534.000.000) 2025-07-17 16:38:01 Job was held.
	Transfer output files failure at execution point slot1_10@node-w14.localdomain while sending files to access point tamsa2. Details: reading from file /var/lib/condor/execute/dir_686885/*.png: (errno 2) No such file or directory
	Code 12 Subcode 2
...
009 (1247534.000.000) 2025-07-17 16:38:09 Job was aborted.
	via condor_rm (by user achihwan)

	Job terminated by itself at 2025-07-17T07:38:01Z (using method 0: OF_ITS_OWN_ACCORD).
...
000 (1247593.000.000) 2025-07-17 16:38:19 Job submitted from host: <172.30.1.200:9618?addrs=172.30.1.200-9618&alias=tamsa2&noUDP&sock=schedd_2531_a24a>
...
040 (1247593.000.000) 2025-07-17 16:40:38 Started transferring input files
	Transferring to host: <172.30.1.219:9618?addrs=172.30.1.219-9618&alias=node-w19.localdomain&noUDP&sock=slot1_54_5155_e9eb_110601>
...
040 (1247593.000.000) 2025-07-17 16:40:38 Finished transferring input files
...
001 (1247593.000.000) 2025-07-17 16:40:38 Job executing on host: <172.30.1.219:9618?addrs=172.30.1.219-9618&alias=node-w19.localdomain&noUDP&sock=startd_5121_2895>
	SlotName: slot1_54@node-w19.localdomain
	CondorScratchDir = "/var/lib/condor/execute/dir_1022989"
	Cpus = 2
	Disk = 2048
	GPUs = 0
	Memory = 16000
...
006 (1247593.000.000) 2025-07-17 16:40:43 Image size of job updated: 104
	1  -  MemoryUsage of job (MB)
	8  -  ResidentSetSize of job (KB)
...
040 (1247593.000.000) 2025-07-17 16:40:43 Started transferring output files
...
040 (1247593.000.000) 2025-07-17 16:40:43 Finished transferring output files
...
021 (1247593.000.000) 2025-07-17 16:40:43 Error from starter on slot1_54@node-w19.localdomain:
	STARTER at 172.30.1.219 failed to send file(s) to <172.30.1.200:9618>: |Error: reading from file /var/lib/condor/execute/dir_1022989/*.png: (errno 2) No such file or directory; SHADOW failed to receive file(s) from <172.30.1.219:36823>
	Code 13 Subcode 2
...
004 (1247593.000.000) 2025-07-17 16:40:43 Job was evicted.
	(0) CPU times
		Usr 0 00:00:00, Sys 0 00:00:00  -  Run Remote Usage
		Usr 0 00:00:00, Sys 0 00:00:00  -  Run Local Usage
	269  -  Run Bytes Sent By Job
	28122  -  Run Bytes Received By Job
	Transfer output files failure at execution point slot1_54@node-w19.localdomain while sending files to access point tamsa2. Details: reading from file /var/lib/condor/execute/dir_1022989/*.png: (errno 2) No such file or directory
	Partitionable Resources :    Usage  Request Allocated 
	   Cpus                 :                 2         2 
	   Disk (KB)            :       44       30      2048 
	   GPUs                 :                           0 
	   Memory (MB)          :        1    16000     16000 
	   TimeExecute (s)      :        5                    
	   TimeSlotBusy (s)     :        6                    
...
012 (1247593.000.000) 2025-07-17 16:40:43 Job was held.
	Transfer output files failure at execution point slot1_54@node-w19.localdomain while sending files to access point tamsa2. Details: reading from file /var/lib/condor/execute/dir_1022989/*.png: (errno 2) No such file or directory
	Code 12 Subcode 2
...
009 (1247593.000.000) 2025-07-17 16:41:21 Job was aborted.
	via condor_rm (by user achihwan)

	Job terminated by itself at 2025-07-17T07:40:43Z (using method 0: OF_ITS_OWN_ACCORD).
...
000 (1247655.000.000) 2025-07-17 16:51:14 Job submitted from host: <172.30.1.200:9618?addrs=172.30.1.200-9618&alias=tamsa2&noUDP&sock=schedd_2531_a24a>
...
040 (1247655.000.000) 2025-07-17 16:51:38 Entered queue to transfer input files
	Transferring to host: <172.30.1.211:9618?addrs=172.30.1.211-9618&alias=node-w11.localdomain&noUDP&sock=slot1_4_4969_dc23_57701>
...
040 (1247655.000.000) 2025-07-17 16:51:39 Started transferring input files
	Seconds spent in queue: 1
...
001 (1247655.000.000) 2025-07-17 16:51:42 Job executing on host: <172.30.1.211:9618?addrs=172.30.1.211-9618&alias=node-w11.localdomain&noUDP&sock=startd_4935_93f7>
	SlotName: slot1_4@node-w11.localdomain
	CondorScratchDir = "/var/lib/condor/execute/dir_364048"
	Cpus = 2
	Disk = 751616
	GPUs = 0
	Memory = 16000
...
040 (1247655.000.000) 2025-07-17 16:51:42 Finished transferring input files
...
006 (1247655.000.000) 2025-07-17 16:51:55 Image size of job updated: 1014956
	992  -  MemoryUsage of job (MB)
	1014956  -  ResidentSetSize of job (KB)
...
006 (1247655.000.000) 2025-07-17 16:52:04 Image size of job updated: 2199792
	2149  -  MemoryUsage of job (MB)
	2199792  -  ResidentSetSize of job (KB)
...
040 (1247655.000.000) 2025-07-17 16:52:04 Started transferring output files
	Seconds spent in queue: 26
...
040 (1247655.000.000) 2025-07-17 16:52:04 Finished transferring output files
...
021 (1247655.000.000) 2025-07-17 16:52:04 Error from starter on slot1_4@node-w11.localdomain:
	STARTER at 172.30.1.211 failed to send file(s) to <172.30.1.200:9618>: |Error: reading from file /var/lib/condor/execute/dir_364048/*.png: (errno 2) No such file or directory; SHADOW failed to receive file(s) from <172.30.1.211:33761>
	Code 13 Subcode 2
...
004 (1247655.000.000) 2025-07-17 16:52:04 Job was evicted.
	(0) CPU times
		Usr 0 00:00:16, Sys 0 00:00:02  -  Run Remote Usage
		Usr 0 00:00:00, Sys 0 00:00:00  -  Run Local Usage
	600  -  Run Bytes Sent By Job
	690284992  -  Run Bytes Received By Job
	Transfer output files failure at execution point slot1_4@node-w11.localdomain while sending files to access point tamsa2. Details: reading from file /var/lib/condor/execute/dir_364048/*.png: (errno 2) No such file or directory
	Partitionable Resources :    Usage  Request Allocated 
	   Cpus                 :        0        2         2 
	   Disk (KB)            :  2774357   750000    751616 
	   GPUs                 :                           0 
	   Memory (MB)          :     2149    16000     16000 
	   TimeExecute (s)      :       22                    
	   TimeSlotBusy (s)     :       31                    
...
012 (1247655.000.000) 2025-07-17 16:52:04 Job was held.
	Transfer output files failure at execution point slot1_4@node-w11.localdomain while sending files to access point tamsa2. Details: reading from file /var/lib/condor/execute/dir_364048/*.png: (errno 2) No such file or directory
	Code 12 Subcode 2
...
009 (1247655.000.000) 2025-07-17 17:02:33 Job was aborted.
	via condor_rm (by user achihwan)

	Job terminated by itself at 2025-07-17T07:52:04Z (using method 0: OF_ITS_OWN_ACCORD).
...
000 (1247716.000.000) 2025-07-17 17:02:56 Job submitted from host: <172.30.1.200:9618?addrs=172.30.1.200-9618&alias=tamsa2&noUDP&sock=schedd_2531_a24a>
...
040 (1247716.000.000) 2025-07-17 17:03:14 Started transferring input files
	Transferring to host: <172.30.1.211:9618?addrs=172.30.1.211-9618&alias=node-w11.localdomain&noUDP&sock=slot1_2_4969_dc23_57727>
...
040 (1247716.000.000) 2025-07-17 17:03:14 Finished transferring input files
...
040 (1247716.000.000) 2025-07-17 17:03:15 Started transferring output files
...
021 (1247716.000.000) 2025-07-17 17:03:15 Error from starter on slot1_2@node-w11.localdomain:
	Failed to transfer files: SHADOW at 172.30.1.200 failed to send file(s) to <172.30.1.211:34521>: |Error: reading from file /data6/Users/achihwan/hepenv.tar.gz: (errno 2) No such file or directory; STARTER failed to receive file(s) from <172.30.1.200:9618>
	Code 13 Subcode 2
...
004 (1247716.000.000) 2025-07-17 17:03:15 Job was evicted.
	(0) CPU times
		Usr 0 00:00:00, Sys 0 00:00:00  -  Run Remote Usage
		Usr 0 00:00:00, Sys 0 00:00:00  -  Run Local Usage
	0  -  Run Bytes Sent By Job
	28166  -  Run Bytes Received By Job
	Transfer input files failure at access point tamsa2 while sending files to execution point slot1_2@node-w11.localdomain. Details: reading from file /data6/Users/achihwan/hepenv.tar.gz: (errno 2) No such file or directory
	Partitionable Resources :    Usage  Request Allocated 
	   Cpus                 :                 2         2 
	   Disk (KB)            :       44       30      2048 
	   GPUs                 :                           0 
	   Memory (MB)          :             16000     16000 
...
012 (1247716.000.000) 2025-07-17 17:03:15 Job was held.
	Transfer input files failure at access point tamsa2 while sending files to execution point slot1_2@node-w11.localdomain. Details: reading from file /data6/Users/achihwan/hepenv.tar.gz: (errno 2) No such file or directory
	Code 13 Subcode 2
...
009 (1247716.000.000) 2025-07-17 17:05:02 Job was aborted.
	via condor_rm (by user achihwan)
...
000 (1247776.000.000) 2025-07-17 17:05:08 Job submitted from host: <172.30.1.200:9618?addrs=172.30.1.200-9618&alias=tamsa2&noUDP&sock=schedd_2531_a24a>
...
040 (1247776.000.000) 2025-07-17 17:05:26 Started transferring input files
	Transferring to host: <172.30.1.211:9618?addrs=172.30.1.211-9618&alias=node-w11.localdomain&noUDP&sock=slot1_9_4969_dc23_57750>
...
040 (1247776.000.000) 2025-07-17 17:05:26 Finished transferring input files
...
040 (1247776.000.000) 2025-07-17 17:05:27 Started transferring output files
...
021 (1247776.000.000) 2025-07-17 17:05:27 Error from starter on slot1_9@node-w11.localdomain:
	Failed to transfer files: SHADOW at 172.30.1.200 failed to send file(s) to <172.30.1.211:46873>: |Error: reading from file /data6/Users/achihwan/hepenv.tar.gz: (errno 2) No such file or directory; STARTER failed to receive file(s) from <172.30.1.200:9618>
	Code 13 Subcode 2
...
004 (1247776.000.000) 2025-07-17 17:05:27 Job was evicted.
	(0) CPU times
		Usr 0 00:00:00, Sys 0 00:00:00  -  Run Remote Usage
		Usr 0 00:00:00, Sys 0 00:00:00  -  Run Local Usage
	0  -  Run Bytes Sent By Job
	28116  -  Run Bytes Received By Job
	Transfer input files failure at access point tamsa2 while sending files to execution point slot1_9@node-w11.localdomain. Details: reading from file /data6/Users/achihwan/hepenv.tar.gz: (errno 2) No such file or directory
	Partitionable Resources :    Usage  Request Allocated 
	   Cpus                 :                 2         2 
	   Disk (KB)            :       44       30      2048 
	   GPUs                 :                           0 
	   Memory (MB)          :             16000     16000 
...
012 (1247776.000.000) 2025-07-17 17:05:27 Job was held.
	Transfer input files failure at access point tamsa2 while sending files to execution point slot1_9@node-w11.localdomain. Details: reading from file /data6/Users/achihwan/hepenv.tar.gz: (errno 2) No such file or directory
	Code 13 Subcode 2
...
009 (1247776.000.000) 2025-07-17 17:06:33 Job was aborted.
	via condor_rm (by user achihwan)
...
000 (1247835.000.000) 2025-07-17 17:06:37 Job submitted from host: <172.30.1.200:9618?addrs=172.30.1.200-9618&alias=tamsa2&noUDP&sock=schedd_2531_a24a>
...
040 (1247835.000.000) 2025-07-17 17:06:48 Started transferring input files
	Transferring to host: <172.30.1.205:9618?addrs=172.30.1.205-9618&alias=node-w5.localdomain&noUDP&sock=slot1_25_5098_c088_47702>
...
001 (1247835.000.000) 2025-07-17 17:06:48 Job executing on host: <172.30.1.205:9618?addrs=172.30.1.205-9618&alias=node-w5.localdomain&noUDP&sock=startd_5064_0faf>
	SlotName: slot1_25@node-w5.localdomain
	CondorScratchDir = "/var/lib/condor/execute/dir_2820736"
	Cpus = 2
	Disk = 2048
	GPUs = 0
	Memory = 16000
...
040 (1247835.000.000) 2025-07-17 17:06:48 Finished transferring input files
...
006 (1247835.000.000) 2025-07-17 17:06:53 Image size of job updated: 104
	1  -  MemoryUsage of job (MB)
	8  -  ResidentSetSize of job (KB)
...
040 (1247835.000.000) 2025-07-17 17:06:53 Started transferring output files
...
040 (1247835.000.000) 2025-07-17 17:06:54 Finished transferring output files
...
021 (1247835.000.000) 2025-07-17 17:06:54 Error from starter on slot1_25@node-w5.localdomain:
	STARTER at 172.30.1.205 failed to send file(s) to <172.30.1.200:9618>: |Error: reading from file /var/lib/condor/execute/dir_2820736/*.png: (errno 2) No such file or directory; SHADOW failed to receive file(s) from <172.30.1.205:42651>
	Code 13 Subcode 2
...
004 (1247835.000.000) 2025-07-17 17:06:54 Job was evicted.
	(0) CPU times
		Usr 0 00:00:00, Sys 0 00:00:00  -  Run Remote Usage
		Usr 0 00:00:00, Sys 0 00:00:00  -  Run Local Usage
	269  -  Run Bytes Sent By Job
	28116  -  Run Bytes Received By Job
	Transfer output files failure at execution point slot1_25@node-w5.localdomain while sending files to access point tamsa2. Details: reading from file /var/lib/condor/execute/dir_2820736/*.png: (errno 2) No such file or directory
	Partitionable Resources :    Usage  Request Allocated 
	   Cpus                 :        0        2         2 
	   Disk (KB)            :       50       30      2048 
	   GPUs                 :                           0 
	   Memory (MB)          :        1    16000     16000 
	   TimeExecute (s)      :        5                    
	   TimeSlotBusy (s)     :        6                    
...
012 (1247835.000.000) 2025-07-17 17:06:54 Job was held.
	Transfer output files failure at execution point slot1_25@node-w5.localdomain while sending files to access point tamsa2. Details: reading from file /var/lib/condor/execute/dir_2820736/*.png: (errno 2) No such file or directory
	Code 12 Subcode 2
...
009 (1247835.000.000) 2025-07-17 17:08:13 Job was aborted.
	via condor_rm (by user achihwan)

	Job terminated by itself at 2025-07-17T08:06:53Z (using method 0: OF_ITS_OWN_ACCORD).
...
000 (1247894.000.000) 2025-07-17 17:08:24 Job submitted from host: <172.30.1.200:9618?addrs=172.30.1.200-9618&alias=tamsa2&noUDP&sock=schedd_2531_a24a>
...
009 (1247894.000.000) 2025-07-17 17:08:34 Job was aborted.
	via condor_rm (by user achihwan)
...
000 (1247953.000.000) 2025-07-17 17:08:53 Job submitted from host: <172.30.1.200:9618?addrs=172.30.1.200-9618&alias=tamsa2&noUDP&sock=schedd_2531_a24a>
...
040 (1247953.000.000) 2025-07-17 17:09:03 Started transferring input files
	Transferring to host: <172.30.1.206:9618?addrs=172.30.1.206-9618&alias=node-w6.localdomain&noUDP&sock=slot1_2_4969_dc23_29405>
...
001 (1247953.000.000) 2025-07-17 17:09:03 Job executing on host: <172.30.1.206:9618?addrs=172.30.1.206-9618&alias=node-w6.localdomain&noUDP&sock=startd_4935_93f7>
	SlotName: slot1_2@node-w6.localdomain
	CondorScratchDir = "/var/lib/condor/execute/dir_433608"
	Cpus = 2
	Disk = 2048
	GPUs = 0
	Memory = 16000
...
040 (1247953.000.000) 2025-07-17 17:09:03 Finished transferring input files
...
006 (1247953.000.000) 2025-07-17 17:09:08 Image size of job updated: 152
	1  -  MemoryUsage of job (MB)
	8  -  ResidentSetSize of job (KB)
...
040 (1247953.000.000) 2025-07-17 17:09:08 Started transferring output files
...
040 (1247953.000.000) 2025-07-17 17:09:08 Finished transferring output files
...
021 (1247953.000.000) 2025-07-17 17:09:08 Error from starter on slot1_2@node-w6.localdomain:
	STARTER at 172.30.1.206 failed to send file(s) to <172.30.1.200:9618>: |Error: reading from file /var/lib/condor/execute/dir_433608/*.png: (errno 2) No such file or directory; SHADOW failed to receive file(s) from <172.30.1.206:34845>
	Code 13 Subcode 2
...
004 (1247953.000.000) 2025-07-17 17:09:08 Job was evicted.
	(0) CPU times
		Usr 0 00:00:00, Sys 0 00:00:00  -  Run Remote Usage
		Usr 0 00:00:00, Sys 0 00:00:00  -  Run Local Usage
	268  -  Run Bytes Sent By Job
	28116  -  Run Bytes Received By Job
	Transfer output files failure at execution point slot1_2@node-w6.localdomain while sending files to access point tamsa2. Details: reading from file /var/lib/condor/execute/dir_433608/*.png: (errno 2) No such file or directory
	Partitionable Resources :    Usage  Request Allocated 
	   Cpus                 :        0        2         2 
	   Disk (KB)            :       50       30      2048 
	   GPUs                 :                           0 
	   Memory (MB)          :        1    16000     16000 
	   TimeExecute (s)      :        5                    
	   TimeSlotBusy (s)     :        5                    
...
012 (1247953.000.000) 2025-07-17 17:09:08 Job was held.
	Transfer output files failure at execution point slot1_2@node-w6.localdomain while sending files to access point tamsa2. Details: reading from file /var/lib/condor/execute/dir_433608/*.png: (errno 2) No such file or directory
	Code 12 Subcode 2
...
009 (1247953.000.000) 2025-07-17 17:10:28 Job was aborted.
	via condor_rm (by user achihwan)

	Job terminated by itself at 2025-07-17T08:09:08Z (using method 0: OF_ITS_OWN_ACCORD).
...
000 (1248013.000.000) 2025-07-17 17:10:36 Job submitted from host: <172.30.1.200:9618?addrs=172.30.1.200-9618&alias=tamsa2&noUDP&sock=schedd_2531_a24a>
...
040 (1248013.000.000) 2025-07-17 17:10:44 Started transferring input files
	Transferring to host: <172.30.1.107:9618?addrs=172.30.1.107-9618&alias=node-g7.localdomain&noUDP&sock=slot1_6_5631_4c7e_25463>
...
001 (1248013.000.000) 2025-07-17 17:10:44 Job executing on host: <172.30.1.107:9618?addrs=172.30.1.107-9618&alias=node-g7.localdomain&noUDP&sock=startd_5596_f811>
	SlotName: slot1_6@node-g7.localdomain
	CondorScratchDir = "/var/lib/condor/execute/dir_3001356"
	Cpus = 2
	Disk = 2048
	GPUs = 0
	Memory = 16000
...
040 (1248013.000.000) 2025-07-17 17:10:44 Finished transferring input files
...
006 (1248013.000.000) 2025-07-17 17:10:50 Image size of job updated: 104
	1  -  MemoryUsage of job (MB)
	8  -  ResidentSetSize of job (KB)
...
040 (1248013.000.000) 2025-07-17 17:10:50 Started transferring output files
...
040 (1248013.000.000) 2025-07-17 17:10:50 Finished transferring output files
...
021 (1248013.000.000) 2025-07-17 17:10:50 Error from starter on slot1_6@node-g7.localdomain:
	STARTER at 172.30.1.107 failed to send file(s) to <172.30.1.200:9618>: |Error: reading from file /var/lib/condor/execute/dir_3001356/*.png: (errno 2) No such file or directory; SHADOW failed to receive file(s) from <172.30.1.107:42501>
	Code 13 Subcode 2
...
004 (1248013.000.000) 2025-07-17 17:10:50 Job was evicted.
	(0) CPU times
		Usr 0 00:00:00, Sys 0 00:00:00  -  Run Remote Usage
		Usr 0 00:00:00, Sys 0 00:00:00  -  Run Local Usage
	291  -  Run Bytes Sent By Job
	28116  -  Run Bytes Received By Job
	Transfer output files failure at execution point slot1_6@node-g7.localdomain while sending files to access point tamsa2. Details: reading from file /var/lib/condor/execute/dir_3001356/*.png: (errno 2) No such file or directory
	Partitionable Resources :    Usage  Request Allocated 
	   Cpus                 :        0        2         2 
	   Disk (KB)            :       50       30      2048 
	   GPUs                 :                           0 
	   Memory (MB)          :        1    16000     16000 
	   TimeExecute (s)      :        6                    
	   TimeSlotBusy (s)     :        6                    
...
012 (1248013.000.000) 2025-07-17 17:10:50 Job was held.
	Transfer output files failure at execution point slot1_6@node-g7.localdomain while sending files to access point tamsa2. Details: reading from file /var/lib/condor/execute/dir_3001356/*.png: (errno 2) No such file or directory
	Code 12 Subcode 2
...
009 (1248013.000.000) 2025-07-17 17:11:47 Job was aborted.
	via condor_rm (by user achihwan)

	Job terminated by itself at 2025-07-17T08:10:50Z (using method 0: OF_ITS_OWN_ACCORD).
...
000 (1248073.000.000) 2025-07-17 17:12:03 Job submitted from host: <172.30.1.200:9618?addrs=172.30.1.200-9618&alias=tamsa2&noUDP&sock=schedd_2531_a24a>
...
040 (1248073.000.000) 2025-07-17 17:12:22 Started transferring input files
	Transferring to host: <172.30.1.110:9618?addrs=172.30.1.110-9618&alias=node-g10.localdomain&noUDP&sock=slot1_14_6414_fe3e_19815>
...
001 (1248073.000.000) 2025-07-17 17:12:22 Job executing on host: <172.30.1.110:9618?addrs=172.30.1.110-9618&alias=node-g10.localdomain&noUDP&sock=startd_6380_ba51>
	SlotName: slot1_14@node-g10.localdomain
	CondorScratchDir = "/var/lib/condor/execute/dir_3258423"
	Cpus = 2
	Disk = 2048
	GPUs = 0
	Memory = 16000
...
040 (1248073.000.000) 2025-07-17 17:12:22 Finished transferring input files
...
006 (1248073.000.000) 2025-07-17 17:12:27 Image size of job updated: 116
	1  -  MemoryUsage of job (MB)
	8  -  ResidentSetSize of job (KB)
...
040 (1248073.000.000) 2025-07-17 17:12:27 Started transferring output files
...
040 (1248073.000.000) 2025-07-17 17:12:27 Finished transferring output files
...
021 (1248073.000.000) 2025-07-17 17:12:28 Error from starter on slot1_14@node-g10.localdomain:
	STARTER at 172.30.1.110 failed to send file(s) to <172.30.1.200:9618>: |Error: reading from file /var/lib/condor/execute/dir_3258423/*.png: (errno 2) No such file or directory; SHADOW failed to receive file(s) from <172.30.1.110:46075>
	Code 13 Subcode 2
...
004 (1248073.000.000) 2025-07-17 17:12:28 Job was evicted.
	(0) CPU times
		Usr 0 00:00:00, Sys 0 00:00:00  -  Run Remote Usage
		Usr 0 00:00:00, Sys 0 00:00:00  -  Run Local Usage
	277  -  Run Bytes Sent By Job
	28116  -  Run Bytes Received By Job
	Transfer output files failure at execution point slot1_14@node-g10.localdomain while sending files to access point tamsa2. Details: reading from file /var/lib/condor/execute/dir_3258423/*.png: (errno 2) No such file or directory
	Partitionable Resources :    Usage  Request Allocated 
	   Cpus                 :        0        2         2 
	   Disk (KB)            :       50       30      2048 
	   GPUs                 :                           0 
	   Memory (MB)          :        1    16000     16000 
	   TimeExecute (s)      :        5                    
	   TimeSlotBusy (s)     :        6                    
...
012 (1248073.000.000) 2025-07-17 17:12:28 Job was held.
	Transfer output files failure at execution point slot1_14@node-g10.localdomain while sending files to access point tamsa2. Details: reading from file /var/lib/condor/execute/dir_3258423/*.png: (errno 2) No such file or directory
	Code 12 Subcode 2
...
000 (1248133.000.000) 2025-07-17 17:12:51 Job submitted from host: <172.30.1.200:9618?addrs=172.30.1.200-9618&alias=tamsa2&noUDP&sock=schedd_2531_a24a>
...
009 (1248133.000.000) 2025-07-17 17:13:09 Job was aborted.
	via condor_rm (by user achihwan)
...
009 (1248073.000.000) 2025-07-17 17:13:09 Job was aborted.
	via condor_rm (by user achihwan)

	Job terminated by itself at 2025-07-17T08:12:27Z (using method 0: OF_ITS_OWN_ACCORD).
...
000 (1248192.000.000) 2025-07-17 17:13:17 Job submitted from host: <172.30.1.200:9618?addrs=172.30.1.200-9618&alias=tamsa2&noUDP&sock=schedd_2531_a24a>
...
009 (1248192.000.000) 2025-07-17 17:14:42 Job was aborted.
	via condor_rm (by user achihwan)
...
000 (1248251.000.000) 2025-07-17 17:14:50 Job submitted from host: <172.30.1.200:9618?addrs=172.30.1.200-9618&alias=tamsa2&noUDP&sock=schedd_2531_a24a>
...
040 (1248251.000.000) 2025-07-17 17:17:14 Started transferring input files
	Transferring to host: <172.30.1.208:9618?addrs=172.30.1.208-9618&alias=node-w8.localdomain&noUDP&sock=slot1_20_4971_44e3_56798>
...
001 (1248251.000.000) 2025-07-17 17:17:14 Job executing on host: <172.30.1.208:9618?addrs=172.30.1.208-9618&alias=node-w8.localdomain&noUDP&sock=startd_4937_f328>
	SlotName: slot1_20@node-w8.localdomain
	CondorScratchDir = "/var/lib/condor/execute/dir_1014980"
	Cpus = 2
	Disk = 2048
	GPUs = 0
	Memory = 16000
...
040 (1248251.000.000) 2025-07-17 17:17:14 Finished transferring input files
...
006 (1248251.000.000) 2025-07-17 17:17:19 Image size of job updated: 108
	1  -  MemoryUsage of job (MB)
	8  -  ResidentSetSize of job (KB)
...
040 (1248251.000.000) 2025-07-17 17:17:20 Started transferring output files
...
040 (1248251.000.000) 2025-07-17 17:17:20 Finished transferring output files
...
021 (1248251.000.000) 2025-07-17 17:17:20 Error from starter on slot1_20@node-w8.localdomain:
	STARTER at 172.30.1.208 failed to send file(s) to <172.30.1.200:9618>: |Error: reading from file /var/lib/condor/execute/dir_1014980/*.png: (errno 2) No such file or directory; SHADOW failed to receive file(s) from <172.30.1.208:44515>
	Code 13 Subcode 2
...
004 (1248251.000.000) 2025-07-17 17:17:20 Job was evicted.
	(0) CPU times
		Usr 0 00:00:00, Sys 0 00:00:00  -  Run Remote Usage
		Usr 0 00:00:00, Sys 0 00:00:00  -  Run Local Usage
	270  -  Run Bytes Sent By Job
	28113  -  Run Bytes Received By Job
	Transfer output files failure at execution point slot1_20@node-w8.localdomain while sending files to access point tamsa2. Details: reading from file /var/lib/condor/execute/dir_1014980/*.png: (errno 2) No such file or directory
	Partitionable Resources :    Usage  Request Allocated 
	   Cpus                 :        0        2         2 
	   Disk (KB)            :       50       30      2048 
	   GPUs                 :                           0 
	   Memory (MB)          :        1    16000     16000 
	   TimeExecute (s)      :        5                    
	   TimeSlotBusy (s)     :        6                    
...
012 (1248251.000.000) 2025-07-17 17:17:20 Job was held.
	Transfer output files failure at execution point slot1_20@node-w8.localdomain while sending files to access point tamsa2. Details: reading from file /var/lib/condor/execute/dir_1014980/*.png: (errno 2) No such file or directory
	Code 12 Subcode 2
...
009 (1248251.000.000) 2025-07-17 17:18:37 Job was aborted.
	via condor_rm (by user achihwan)

	Job terminated by itself at 2025-07-17T08:17:19Z (using method 0: OF_ITS_OWN_ACCORD).
...
000 (1248312.000.000) 2025-07-17 17:23:12 Job submitted from host: <172.30.1.200:9618?addrs=172.30.1.200-9618&alias=tamsa2&noUDP&sock=schedd_2531_a24a>
...
040 (1248312.000.000) 2025-07-17 17:23:30 Started transferring input files
	Transferring to host: <172.30.1.211:9618?addrs=172.30.1.211-9618&alias=node-w11.localdomain&noUDP&sock=slot1_13_4969_dc23_57827>
...
001 (1248312.000.000) 2025-07-17 17:23:30 Job executing on host: <172.30.1.211:9618?addrs=172.30.1.211-9618&alias=node-w11.localdomain&noUDP&sock=startd_4935_93f7>
	SlotName: slot1_13@node-w11.localdomain
	CondorScratchDir = "/var/lib/condor/execute/dir_374195"
	Cpus = 2
	Disk = 2048
	GPUs = 0
	Memory = 16000
...
040 (1248312.000.000) 2025-07-17 17:23:30 Finished transferring input files
...
006 (1248312.000.000) 2025-07-17 17:23:35 Image size of job updated: 104
	1  -  MemoryUsage of job (MB)
	8  -  ResidentSetSize of job (KB)
...
040 (1248312.000.000) 2025-07-17 17:23:35 Started transferring output files
...
040 (1248312.000.000) 2025-07-17 17:23:35 Finished transferring output files
...
021 (1248312.000.000) 2025-07-17 17:23:35 Error from starter on slot1_13@node-w11.localdomain:
	STARTER at 172.30.1.211 failed to send file(s) to <172.30.1.200:9618>: |Error: reading from file /var/lib/condor/execute/dir_374195/*.png: (errno 2) No such file or directory; SHADOW failed to receive file(s) from <172.30.1.211:37451>
	Code 13 Subcode 2
...
004 (1248312.000.000) 2025-07-17 17:23:35 Job was evicted.
	(0) CPU times
		Usr 0 00:00:00, Sys 0 00:00:00  -  Run Remote Usage
		Usr 0 00:00:00, Sys 0 00:00:00  -  Run Local Usage
	440  -  Run Bytes Sent By Job
	28191  -  Run Bytes Received By Job
	Transfer output files failure at execution point slot1_13@node-w11.localdomain while sending files to access point tamsa2. Details: reading from file /var/lib/condor/execute/dir_374195/*.png: (errno 2) No such file or directory
	Partitionable Resources :    Usage  Request Allocated 
	   Cpus                 :        0        2         2 
	   Disk (KB)            :       51       30      2048 
	   GPUs                 :                           0 
	   Memory (MB)          :        1    16000     16000 
	   TimeExecute (s)      :        5                    
	   TimeSlotBusy (s)     :        5                    
...
012 (1248312.000.000) 2025-07-17 17:23:35 Job was held.
	Transfer output files failure at execution point slot1_13@node-w11.localdomain while sending files to access point tamsa2. Details: reading from file /var/lib/condor/execute/dir_374195/*.png: (errno 2) No such file or directory
	Code 12 Subcode 2
...
009 (1248312.000.000) 2025-07-17 17:28:06 Job was aborted.
	via condor_rm (by user achihwan)

	Job terminated by itself at 2025-07-17T08:23:35Z (using method 0: OF_ITS_OWN_ACCORD).
...
000 (1248373.000.000) 2025-07-17 17:28:12 Job submitted from host: <172.30.1.200:9618?addrs=172.30.1.200-9618&alias=tamsa2&noUDP&sock=schedd_2531_a24a>
...
040 (1248373.000.000) 2025-07-17 17:28:30 Entered queue to transfer input files
	Transferring to host: <172.30.1.208:9618?addrs=172.30.1.208-9618&alias=node-w8.localdomain&noUDP&sock=slot1_14_4971_44e3_56813>
...
040 (1248373.000.000) 2025-07-17 17:28:38 Started transferring input files
	Seconds spent in queue: 8
...
040 (1248373.000.000) 2025-07-17 17:28:40 Finished transferring input files
...
001 (1248373.000.000) 2025-07-17 17:28:40 Job executing on host: <172.30.1.208:9618?addrs=172.30.1.208-9618&alias=node-w8.localdomain&noUDP&sock=startd_4937_f328>
	SlotName: slot1_14@node-w8.localdomain
	CondorScratchDir = "/var/lib/condor/execute/dir_1015773"
	Cpus = 2
	Disk = 751616
	GPUs = 0
	Memory = 16000
...
006 (1248373.000.000) 2025-07-17 17:28:54 Image size of job updated: 1142096
	1116  -  MemoryUsage of job (MB)
	1142096  -  ResidentSetSize of job (KB)
...
006 (1248373.000.000) 2025-07-17 17:29:03 Image size of job updated: 2199792
	2149  -  MemoryUsage of job (MB)
	2199792  -  ResidentSetSize of job (KB)
...
040 (1248373.000.000) 2025-07-17 17:29:03 Started transferring output files
	Seconds spent in queue: 33
...
040 (1248373.000.000) 2025-07-17 17:29:03 Finished transferring output files
...
021 (1248373.000.000) 2025-07-17 17:29:03 Error from starter on slot1_14@node-w8.localdomain:
	STARTER at 172.30.1.208 failed to send file(s) to <172.30.1.200:9618>: |Error: reading from file /var/lib/condor/execute/dir_1015773/*.png: (errno 2) No such file or directory; SHADOW failed to receive file(s) from <172.30.1.208:42877>
	Code 13 Subcode 2
...
004 (1248373.000.000) 2025-07-17 17:29:03 Job was evicted.
	(0) CPU times
		Usr 0 00:00:17, Sys 0 00:00:02  -  Run Remote Usage
		Usr 0 00:00:00, Sys 0 00:00:00  -  Run Local Usage
	393  -  Run Bytes Sent By Job
	690284992  -  Run Bytes Received By Job
	Transfer output files failure at execution point slot1_14@node-w8.localdomain while sending files to access point tamsa2. Details: reading from file /var/lib/condor/execute/dir_1015773/*.png: (errno 2) No such file or directory
	Partitionable Resources :    Usage  Request Allocated 
	   Cpus                 :                 2         2 
	   Disk (KB)            :  2774351   750000    751616 
	   GPUs                 :                           0 
	   Memory (MB)          :     2149    16000     16000 
	   TimeExecute (s)      :       23                    
	   TimeSlotBusy (s)     :       39                    
...
012 (1248373.000.000) 2025-07-17 17:29:03 Job was held.
	Transfer output files failure at execution point slot1_14@node-w8.localdomain while sending files to access point tamsa2. Details: reading from file /var/lib/condor/execute/dir_1015773/*.png: (errno 2) No such file or directory
	Code 12 Subcode 2
...
009 (1248373.000.000) 2025-07-17 17:30:19 Job was aborted.
	via condor_rm (by user achihwan)

	Job terminated by itself at 2025-07-17T08:29:03Z (using method 0: OF_ITS_OWN_ACCORD).
...
000 (1248433.000.000) 2025-07-17 17:33:24 Job submitted from host: <172.30.1.200:9618?addrs=172.30.1.200-9618&alias=tamsa2&noUDP&sock=schedd_2531_a24a>
...
040 (1248433.000.000) 2025-07-17 17:33:49 Entered queue to transfer input files
	Transferring to host: <172.30.1.203:9618?addrs=172.30.1.203-9618&alias=node-w3.localdomain&noUDP&sock=slot1_8_4993_c524_82542>
...
040 (1248433.000.000) 2025-07-17 17:33:55 Started transferring input files
	Seconds spent in queue: 6
...
040 (1248433.000.000) 2025-07-17 17:33:58 Finished transferring input files
...
001 (1248433.000.000) 2025-07-17 17:33:58 Job executing on host: <172.30.1.203:9618?addrs=172.30.1.203-9618&alias=node-w3.localdomain&noUDP&sock=startd_4959_0a3d>
	SlotName: slot1_8@node-w3.localdomain
	CondorScratchDir = "/var/lib/condor/execute/dir_2420859"
	Cpus = 2
	Disk = 751616
	GPUs = 0
	Memory = 16000
...
006 (1248433.000.000) 2025-07-17 17:34:12 Image size of job updated: 1015888
	993  -  MemoryUsage of job (MB)
	1015888  -  ResidentSetSize of job (KB)
...
006 (1248433.000.000) 2025-07-17 17:34:21 Image size of job updated: 2199792
	2149  -  MemoryUsage of job (MB)
	2199792  -  ResidentSetSize of job (KB)
...
040 (1248433.000.000) 2025-07-17 17:34:21 Started transferring output files
	Seconds spent in queue: 32
...
040 (1248433.000.000) 2025-07-17 17:34:21 Finished transferring output files
...
021 (1248433.000.000) 2025-07-17 17:34:21 Error from starter on slot1_8@node-w3.localdomain:
	STARTER at 172.30.1.203 failed to send file(s) to <172.30.1.200:9618>: |Error: reading from file /var/lib/condor/execute/dir_2420859/*.png: (errno 2) No such file or directory; SHADOW failed to receive file(s) from <172.30.1.203:36543>
	Code 13 Subcode 2
...
004 (1248433.000.000) 2025-07-17 17:34:21 Job was evicted.
	(0) CPU times
		Usr 0 00:00:16, Sys 0 00:00:02  -  Run Remote Usage
		Usr 0 00:00:00, Sys 0 00:00:00  -  Run Local Usage
	393  -  Run Bytes Sent By Job
	690284992  -  Run Bytes Received By Job
	Transfer output files failure at execution point slot1_8@node-w3.localdomain while sending files to access point tamsa2. Details: reading from file /var/lib/condor/execute/dir_2420859/*.png: (errno 2) No such file or directory
	Partitionable Resources :    Usage  Request Allocated 
	   Cpus                 :        0        2         2 
	   Disk (KB)            :  2774357   750000    751616 
	   GPUs                 :                           0 
	   Memory (MB)          :     2149    16000     16000 
	   TimeExecute (s)      :       23                    
	   TimeSlotBusy (s)     :       37                    
...
012 (1248433.000.000) 2025-07-17 17:34:21 Job was held.
	Transfer output files failure at execution point slot1_8@node-w3.localdomain while sending files to access point tamsa2. Details: reading from file /var/lib/condor/execute/dir_2420859/*.png: (errno 2) No such file or directory
	Code 12 Subcode 2
...
009 (1248433.000.000) 2025-07-17 17:34:44 Job was aborted.
	via condor_rm (by user achihwan)

	Job terminated by itself at 2025-07-17T08:34:21Z (using method 0: OF_ITS_OWN_ACCORD).
...
000 (1248492.000.000) 2025-07-17 17:34:50 Job submitted from host: <172.30.1.200:9618?addrs=172.30.1.200-9618&alias=tamsa2&noUDP&sock=schedd_2531_a24a>
...
040 (1248492.000.000) 2025-07-17 17:35:11 Entered queue to transfer input files
	Transferring to host: <172.30.1.107:9618?addrs=172.30.1.107-9618&alias=node-g7.localdomain&noUDP&sock=slot1_28_5631_4c7e_25517>
...
040 (1248492.000.000) 2025-07-17 17:35:14 Started transferring input files
	Seconds spent in queue: 3
...
040 (1248492.000.000) 2025-07-17 17:35:18 Finished transferring input files
...
001 (1248492.000.000) 2025-07-17 17:35:18 Job executing on host: <172.30.1.107:9618?addrs=172.30.1.107-9618&alias=node-g7.localdomain&noUDP&sock=startd_5596_f811>
	SlotName: slot1_28@node-g7.localdomain
	CondorScratchDir = "/var/lib/condor/execute/dir_3008536"
	Cpus = 2
	Disk = 751616
	GPUs = 0
	Memory = 16000
...
006 (1248492.000.000) 2025-07-17 17:35:31 Image size of job updated: 1013620
	990  -  MemoryUsage of job (MB)
	1013620  -  ResidentSetSize of job (KB)
...
006 (1248492.000.000) 2025-07-17 17:35:40 Image size of job updated: 2199792
	2149  -  MemoryUsage of job (MB)
	2199792  -  ResidentSetSize of job (KB)
...
040 (1248492.000.000) 2025-07-17 17:35:40 Started transferring output files
	Seconds spent in queue: 29
...
040 (1248492.000.000) 2025-07-17 17:35:40 Finished transferring output files
...
021 (1248492.000.000) 2025-07-17 17:35:40 Error from starter on slot1_28@node-g7.localdomain:
	STARTER at 172.30.1.107 failed to send file(s) to <172.30.1.200:9618>: |Error: reading from file /var/lib/condor/execute/dir_3008536/*.png: (errno 2) No such file or directory; SHADOW failed to receive file(s) from <172.30.1.107:37721>
	Code 13 Subcode 2
...
004 (1248492.000.000) 2025-07-17 17:35:40 Job was evicted.
	(0) CPU times
		Usr 0 00:00:17, Sys 0 00:00:03  -  Run Remote Usage
		Usr 0 00:00:00, Sys 0 00:00:00  -  Run Local Usage
	809  -  Run Bytes Sent By Job
	690284992  -  Run Bytes Received By Job
	Transfer output files failure at execution point slot1_28@node-g7.localdomain while sending files to access point tamsa2. Details: reading from file /var/lib/condor/execute/dir_3008536/*.png: (errno 2) No such file or directory
	Partitionable Resources :    Usage  Request Allocated 
	   Cpus                 :                 2         2 
	   Disk (KB)            :  2774351   750000    751616 
	   GPUs                 :                           0 
	   Memory (MB)          :     2149    16000     16000 
	   TimeExecute (s)      :       22                    
	   TimeSlotBusy (s)     :       34                    
...
012 (1248492.000.000) 2025-07-17 17:35:40 Job was held.
	Transfer output files failure at execution point slot1_28@node-g7.localdomain while sending files to access point tamsa2. Details: reading from file /var/lib/condor/execute/dir_3008536/*.png: (errno 2) No such file or directory
	Code 12 Subcode 2
...
009 (1248492.000.000) 2025-07-17 17:36:48 Job was aborted.
	via condor_rm (by user achihwan)

	Job terminated by itself at 2025-07-17T08:35:40Z (using method 0: OF_ITS_OWN_ACCORD).
...
000 (1250153.000.000) 2025-07-17 17:36:56 Job submitted from host: <172.30.1.200:9618?addrs=172.30.1.200-9618&alias=tamsa2&noUDP&sock=schedd_2531_a24a>
...
040 (1250153.000.000) 2025-07-17 17:40:37 Started transferring input files
	Transferring to host: <172.30.1.208:9618?addrs=172.30.1.208-9618&alias=node-w8.localdomain&noUDP&sock=slot1_6_4971_44e3_56896>
...
040 (1250153.000.000) 2025-07-17 17:40:40 Finished transferring input files
...
001 (1250153.000.000) 2025-07-17 17:40:40 Job executing on host: <172.30.1.208:9618?addrs=172.30.1.208-9618&alias=node-w8.localdomain&noUDP&sock=startd_4937_f328>
	SlotName: slot1_6@node-w8.localdomain
	CondorScratchDir = "/var/lib/condor/execute/dir_1020874"
	Cpus = 2
	Disk = 751616
	GPUs = 0
	Memory = 16000
...
006 (1250153.000.000) 2025-07-17 17:40:54 Image size of job updated: 1143268
	1117  -  MemoryUsage of job (MB)
	1143268  -  ResidentSetSize of job (KB)
...
006 (1250153.000.000) 2025-07-17 17:41:03 Image size of job updated: 2199796
	2149  -  MemoryUsage of job (MB)
	2199796  -  ResidentSetSize of job (KB)
...
040 (1250153.000.000) 2025-07-17 17:41:03 Started transferring output files
...
040 (1250153.000.000) 2025-07-17 17:41:03 Finished transferring output files
...
021 (1250153.000.000) 2025-07-17 17:41:03 Error from starter on slot1_6@node-w8.localdomain:
	STARTER at 172.30.1.208 failed to send file(s) to <172.30.1.200:9618>: |Error: reading from file /var/lib/condor/execute/dir_1020874/*.png: (errno 2) No such file or directory; SHADOW failed to receive file(s) from <172.30.1.208:45069>
	Code 13 Subcode 2
...
004 (1250153.000.000) 2025-07-17 17:41:03 Job was evicted.
	(0) CPU times
		Usr 0 00:00:16, Sys 0 00:00:02  -  Run Remote Usage
		Usr 0 00:00:00, Sys 0 00:00:00  -  Run Local Usage
	708  -  Run Bytes Sent By Job
	690284992  -  Run Bytes Received By Job
	Transfer output files failure at execution point slot1_6@node-w8.localdomain while sending files to access point tamsa2. Details: reading from file /var/lib/condor/execute/dir_1020874/*.png: (errno 2) No such file or directory
	Partitionable Resources :    Usage  Request Allocated 
	   Cpus                 :        0        2         2 
	   Disk (KB)            :  2774358   750000    751616 
	   GPUs                 :                           0 
	   Memory (MB)          :     2149    16000     16000 
	   TimeExecute (s)      :       23                    
	   TimeSlotBusy (s)     :       26                    
...
012 (1250153.000.000) 2025-07-17 17:41:03 Job was held.
	Transfer output files failure at execution point slot1_6@node-w8.localdomain while sending files to access point tamsa2. Details: reading from file /var/lib/condor/execute/dir_1020874/*.png: (errno 2) No such file or directory
	Code 12 Subcode 2
...
000 (1251238.000.000) 2025-07-17 17:42:41 Job submitted from host: <172.30.1.200:9618?addrs=172.30.1.200-9618&alias=tamsa2&noUDP&sock=schedd_2531_a24a>
...
009 (1250153.000.000) 2025-07-17 17:42:45 Job was aborted.
	via condor_rm (by user achihwan)

	Job terminated by itself at 2025-07-17T08:41:03Z (using method 0: OF_ITS_OWN_ACCORD).
...
040 (1251238.000.000) 2025-07-17 17:42:58 Started transferring input files
	Transferring to host: <172.30.1.103:9618?addrs=172.30.1.103-9618&alias=node-g3.localdomain&noUDP&sock=slot1_1_5357_3db3_14773>
...
040 (1251238.000.000) 2025-07-17 17:43:04 Finished transferring input files
...
001 (1251238.000.000) 2025-07-17 17:43:04 Job executing on host: <172.30.1.103:9618?addrs=172.30.1.103-9618&alias=node-g3.localdomain&noUDP&sock=startd_5323_b6b6>
	SlotName: slot1_1@node-g3.localdomain
	CondorScratchDir = "/var/lib/condor/execute/dir_3279045"
	Cpus = 2
	Disk = 751616
	GPUs = 0
	Memory = 16000
...
006 (1251238.000.000) 2025-07-17 17:43:18 Image size of job updated: 1190752
	1163  -  MemoryUsage of job (MB)
	1190752  -  ResidentSetSize of job (KB)
...
006 (1251238.000.000) 2025-07-17 17:43:26 Image size of job updated: 2199796
	2149  -  MemoryUsage of job (MB)
	2199796  -  ResidentSetSize of job (KB)
...
040 (1251238.000.000) 2025-07-17 17:43:26 Started transferring output files
...
040 (1251238.000.000) 2025-07-17 17:43:26 Finished transferring output files
...
021 (1251238.000.000) 2025-07-17 17:43:26 Error from starter on slot1_1@node-g3.localdomain:
	STARTER at 172.30.1.103 failed to send file(s) to <172.30.1.200:9618>: |Error: reading from file /var/lib/condor/execute/dir_3279045/*.png: (errno 2) No such file or directory; SHADOW failed to receive file(s) from <172.30.1.103:35913>
	Code 13 Subcode 2
...
004 (1251238.000.000) 2025-07-17 17:43:27 Job was evicted.
	(0) CPU times
		Usr 0 00:00:16, Sys 0 00:00:04  -  Run Remote Usage
		Usr 0 00:00:00, Sys 0 00:00:00  -  Run Local Usage
	4420  -  Run Bytes Sent By Job
	690284992  -  Run Bytes Received By Job
	Transfer output files failure at execution point slot1_1@node-g3.localdomain while sending files to access point tamsa2. Details: reading from file /var/lib/condor/execute/dir_3279045/*.png: (errno 2) No such file or directory
	Partitionable Resources :    Usage  Request Allocated 
	   Cpus                 :        0        2         2 
	   Disk (KB)            :  2774361   750000    751616 
	   GPUs                 :                           0 
	   Memory (MB)          :     2149    16000     16000 
	   TimeExecute (s)      :       22                    
	   TimeSlotBusy (s)     :       28                    
...
012 (1251238.000.000) 2025-07-17 17:43:27 Job was held.
	Transfer output files failure at execution point slot1_1@node-g3.localdomain while sending files to access point tamsa2. Details: reading from file /var/lib/condor/execute/dir_3279045/*.png: (errno 2) No such file or directory
	Code 12 Subcode 2
...
009 (1251238.000.000) 2025-07-17 17:44:17 Job was aborted.
	via condor_rm (by user achihwan)

	Job terminated by itself at 2025-07-17T08:43:26Z (using method 0: OF_ITS_OWN_ACCORD).
...
000 (1253161.000.000) 2025-07-17 17:44:37 Job submitted from host: <172.30.1.200:9618?addrs=172.30.1.200-9618&alias=tamsa2&noUDP&sock=schedd_2531_a24a>
...
040 (1253161.000.000) 2025-07-17 17:44:52 Started transferring input files
	Transferring to host: <172.30.1.203:9618?addrs=172.30.1.203-9618&alias=node-w3.localdomain&noUDP&sock=slot1_14_4993_c524_82629>
...
040 (1253161.000.000) 2025-07-17 17:44:55 Finished transferring input files
...
001 (1253161.000.000) 2025-07-17 17:44:55 Job executing on host: <172.30.1.203:9618?addrs=172.30.1.203-9618&alias=node-w3.localdomain&noUDP&sock=startd_4959_0a3d>
	SlotName: slot1_14@node-w3.localdomain
	CondorScratchDir = "/var/lib/condor/execute/dir_2428538"
	Cpus = 2
	Disk = 751616
	GPUs = 0
	Memory = 16000
...
006 (1253161.000.000) 2025-07-17 17:45:09 Image size of job updated: 1143404
	1117  -  MemoryUsage of job (MB)
	1143404  -  ResidentSetSize of job (KB)
...
006 (1253161.000.000) 2025-07-17 17:45:17 Image size of job updated: 2199788
	2149  -  MemoryUsage of job (MB)
	2199788  -  ResidentSetSize of job (KB)
...
040 (1253161.000.000) 2025-07-17 17:45:18 Started transferring output files
...
040 (1253161.000.000) 2025-07-17 17:45:18 Finished transferring output files
...
021 (1253161.000.000) 2025-07-17 17:45:18 Error from starter on slot1_14@node-w3.localdomain:
	STARTER at 172.30.1.203 failed to send file(s) to <172.30.1.200:9618>: |Error: reading from file /var/lib/condor/execute/dir_2428538/*.png: (errno 2) No such file or directory; SHADOW failed to receive file(s) from <172.30.1.203:45701>
	Code 13 Subcode 2
...
004 (1253161.000.000) 2025-07-17 17:45:18 Job was evicted.
	(0) CPU times
		Usr 0 00:00:17, Sys 0 00:00:02  -  Run Remote Usage
		Usr 0 00:00:00, Sys 0 00:00:00  -  Run Local Usage
	466  -  Run Bytes Sent By Job
	690284992  -  Run Bytes Received By Job
	Transfer output files failure at execution point slot1_14@node-w3.localdomain while sending files to access point tamsa2. Details: reading from file /var/lib/condor/execute/dir_2428538/*.png: (errno 2) No such file or directory
	Partitionable Resources :    Usage  Request Allocated 
	   Cpus                 :                 2         2 
	   Disk (KB)            :  2774351   750000    751616 
	   GPUs                 :                           0 
	   Memory (MB)          :     2149    16000     16000 
	   TimeExecute (s)      :       22                    
	   TimeSlotBusy (s)     :       30                    
...
012 (1253161.000.000) 2025-07-17 17:45:18 Job was held.
	Transfer output files failure at execution point slot1_14@node-w3.localdomain while sending files to access point tamsa2. Details: reading from file /var/lib/condor/execute/dir_2428538/*.png: (errno 2) No such file or directory
	Code 12 Subcode 2
...
009 (1253161.000.000) 2025-07-17 17:54:41 Job was aborted.
	via condor_rm (by user achihwan)

	Job terminated by itself at 2025-07-17T08:45:17Z (using method 0: OF_ITS_OWN_ACCORD).
...
000 (1253228.000.000) 2025-07-17 17:58:19 Job submitted from host: <172.30.1.200:9618?addrs=172.30.1.200-9618&alias=tamsa2&noUDP&sock=schedd_2531_a24a>
...
040 (1253228.000.000) 2025-07-17 17:58:35 Entered queue to transfer input files
	Transferring to host: <172.30.1.217:9618?addrs=172.30.1.217-9618&alias=node-w17.localdomain&noUDP&sock=slot1_10_6391_c99d_117175>
...
040 (1253228.000.000) 2025-07-17 17:58:39 Started transferring input files
	Seconds spent in queue: 4
...
040 (1253228.000.000) 2025-07-17 17:58:42 Finished transferring input files
...
001 (1253228.000.000) 2025-07-17 17:58:42 Job executing on host: <172.30.1.217:9618?addrs=172.30.1.217-9618&alias=node-w17.localdomain&noUDP&sock=startd_6357_f3a4>
	SlotName: slot1_10@node-w17.localdomain
	CondorScratchDir = "/var/lib/condor/execute/dir_3979860"
	Cpus = 2
	Disk = 751616
	GPUs = 0
	Memory = 16000
...
006 (1253228.000.000) 2025-07-17 17:58:57 Image size of job updated: 990156
	967  -  MemoryUsage of job (MB)
	990156  -  ResidentSetSize of job (KB)
...
006 (1253228.000.000) 2025-07-17 17:59:07 Image size of job updated: 2245520
	2149  -  MemoryUsage of job (MB)
	2199792  -  ResidentSetSize of job (KB)
...
040 (1253228.000.000) 2025-07-17 17:59:07 Started transferring output files
	Seconds spent in queue: 32
...
040 (1253228.000.000) 2025-07-17 17:59:07 Finished transferring output files
...
021 (1253228.000.000) 2025-07-17 17:59:07 Error from starter on slot1_10@node-w17.localdomain:
	STARTER at 172.30.1.217 failed to send file(s) to <172.30.1.200:9618>: |Error: reading from file /var/lib/condor/execute/dir_3979860/*.png: (errno 2) No such file or directory; SHADOW failed to receive file(s) from <172.30.1.217:46627>
	Code 13 Subcode 2
...
004 (1253228.000.000) 2025-07-17 17:59:07 Job was evicted.
	(0) CPU times
		Usr 0 00:00:19, Sys 0 00:00:04  -  Run Remote Usage
		Usr 0 00:00:00, Sys 0 00:00:00  -  Run Local Usage
	457  -  Run Bytes Sent By Job
	690284992  -  Run Bytes Received By Job
	Transfer output files failure at execution point slot1_10@node-w17.localdomain while sending files to access point tamsa2. Details: reading from file /var/lib/condor/execute/dir_3979860/*.png: (errno 2) No such file or directory
	Partitionable Resources :    Usage  Request Allocated 
	   Cpus                 :                 2         2 
	   Disk (KB)            :  2774351   750000    751616 
	   GPUs                 :                           0 
	   Memory (MB)          :     2149    16000     16000 
	   TimeExecute (s)      :       25                    
	   TimeSlotBusy (s)     :       39                    
...
012 (1253228.000.000) 2025-07-17 17:59:07 Job was held.
	Transfer output files failure at execution point slot1_10@node-w17.localdomain while sending files to access point tamsa2. Details: reading from file /var/lib/condor/execute/dir_3979860/*.png: (errno 2) No such file or directory
	Code 12 Subcode 2
...
009 (1253228.000.000) 2025-07-17 18:04:59 Job was aborted.
	via condor_rm (by user achihwan)

	Job terminated by itself at 2025-07-17T08:59:07Z (using method 0: OF_ITS_OWN_ACCORD).
...
000 (1253291.000.000) 2025-07-17 18:05:04 Job submitted from host: <172.30.1.200:9618?addrs=172.30.1.200-9618&alias=tamsa2&noUDP&sock=schedd_2531_a24a>
...
040 (1253291.000.000) 2025-07-17 18:05:30 Started transferring input files
	Transferring to host: <172.30.1.217:9618?addrs=172.30.1.217-9618&alias=node-w17.localdomain&noUDP&sock=slot1_20_6391_c99d_117224>
...
040 (1253291.000.000) 2025-07-17 18:05:32 Finished transferring input files
...
001 (1253291.000.000) 2025-07-17 18:05:32 Job executing on host: <172.30.1.217:9618?addrs=172.30.1.217-9618&alias=node-w17.localdomain&noUDP&sock=startd_6357_f3a4>
	SlotName: slot1_20@node-w17.localdomain
	CondorScratchDir = "/var/lib/condor/execute/dir_3985096"
	Cpus = 2
	Disk = 751616
	GPUs = 0
	Memory = 16000
...
006 (1253291.000.000) 2025-07-17 18:05:45 Image size of job updated: 1155628
	1129  -  MemoryUsage of job (MB)
	1155628  -  ResidentSetSize of job (KB)
...
006 (1253291.000.000) 2025-07-17 18:05:54 Image size of job updated: 2199796
	2149  -  MemoryUsage of job (MB)
	2199796  -  ResidentSetSize of job (KB)
...
040 (1253291.000.000) 2025-07-17 18:05:55 Started transferring output files
...
040 (1253291.000.000) 2025-07-17 18:05:55 Finished transferring output files
...
021 (1253291.000.000) 2025-07-17 18:05:55 Error from starter on slot1_20@node-w17.localdomain:
	STARTER at 172.30.1.217 failed to send file(s) to <172.30.1.200:9618>: |Error: reading from file /var/lib/condor/execute/dir_3985096/*.png: (errno 2) No such file or directory; SHADOW failed to receive file(s) from <172.30.1.217:40609>
	Code 13 Subcode 2
...
004 (1253291.000.000) 2025-07-17 18:05:55 Job was evicted.
	(0) CPU times
		Usr 0 00:00:17, Sys 0 00:00:05  -  Run Remote Usage
		Usr 0 00:00:00, Sys 0 00:00:00  -  Run Local Usage
	9450  -  Run Bytes Sent By Job
	690284928  -  Run Bytes Received By Job
	Transfer output files failure at execution point slot1_20@node-w17.localdomain while sending files to access point tamsa2. Details: reading from file /var/lib/condor/execute/dir_3985096/*.png: (errno 2) No such file or directory
	Partitionable Resources :    Usage  Request Allocated 
	   Cpus                 :                 2         2 
	   Disk (KB)            :  2774360   750000    751616 
	   GPUs                 :                           0 
	   Memory (MB)          :     2149    16000     16000 
	   TimeExecute (s)      :       22                    
	   TimeSlotBusy (s)     :       32                    
...
012 (1253291.000.000) 2025-07-17 18:05:55 Job was held.
	Transfer output files failure at execution point slot1_20@node-w17.localdomain while sending files to access point tamsa2. Details: reading from file /var/lib/condor/execute/dir_3985096/*.png: (errno 2) No such file or directory
	Code 12 Subcode 2
...
009 (1253291.000.000) 2025-07-17 18:13:43 Job was aborted.
	via condor_rm (by user achihwan)

	Job terminated by itself at 2025-07-17T09:05:54Z (using method 0: OF_ITS_OWN_ACCORD).
...
000 (1253355.000.000) 2025-07-17 18:13:49 Job submitted from host: <172.30.1.200:9618?addrs=172.30.1.200-9618&alias=tamsa2&noUDP&sock=schedd_2531_a24a>
...
040 (1253355.000.000) 2025-07-17 18:15:52 Started transferring input files
	Transferring to host: <172.30.1.208:9618?addrs=172.30.1.208-9618&alias=node-w8.localdomain&noUDP&sock=slot1_15_4971_44e3_56926>
...
040 (1253355.000.000) 2025-07-17 18:15:55 Finished transferring input files
...
001 (1253355.000.000) 2025-07-17 18:15:55 Job executing on host: <172.30.1.208:9618?addrs=172.30.1.208-9618&alias=node-w8.localdomain&noUDP&sock=startd_4937_f328>
	SlotName: slot1_15@node-w8.localdomain
	CondorScratchDir = "/var/lib/condor/execute/dir_1026519"
	Cpus = 2
	Disk = 751616
	GPUs = 0
	Memory = 16000
...
006 (1253355.000.000) 2025-07-17 18:16:08 Image size of job updated: 997260
	974  -  MemoryUsage of job (MB)
	997260  -  ResidentSetSize of job (KB)
...
006 (1253355.000.000) 2025-07-17 18:16:20 Image size of job updated: 2199800
	2149  -  MemoryUsage of job (MB)
	2199800  -  ResidentSetSize of job (KB)
...
040 (1253355.000.000) 2025-07-17 18:16:20 Started transferring output files
...
040 (1253355.000.000) 2025-07-17 18:16:20 Finished transferring output files
...
021 (1253355.000.000) 2025-07-17 18:16:20 Error from starter on slot1_15@node-w8.localdomain:
	STARTER at 172.30.1.208 failed to send file(s) to <172.30.1.200:9618>: |Error: reading from file /var/lib/condor/execute/dir_1026519/*.png: (errno 2) No such file or directory; SHADOW failed to receive file(s) from <172.30.1.208:45265>
	Code 13 Subcode 2
...
004 (1253355.000.000) 2025-07-17 18:16:20 Job was evicted.
	(0) CPU times
		Usr 0 00:00:19, Sys 0 00:00:03  -  Run Remote Usage
		Usr 0 00:00:00, Sys 0 00:00:00  -  Run Local Usage
	9761  -  Run Bytes Sent By Job
	690284928  -  Run Bytes Received By Job
	Transfer output files failure at execution point slot1_15@node-w8.localdomain while sending files to access point tamsa2. Details: reading from file /var/lib/condor/execute/dir_1026519/*.png: (errno 2) No such file or directory
	Partitionable Resources :    Usage  Request Allocated 
	   Cpus                 :        0        2         2 
	   Disk (KB)            :  2774366   750000    751616 
	   GPUs                 :                           0 
	   Memory (MB)          :     2149    16000     16000 
	   TimeExecute (s)      :       25                    
	   TimeSlotBusy (s)     :       30                    
...
012 (1253355.000.000) 2025-07-17 18:16:20 Job was held.
	Transfer output files failure at execution point slot1_15@node-w8.localdomain while sending files to access point tamsa2. Details: reading from file /var/lib/condor/execute/dir_1026519/*.png: (errno 2) No such file or directory
	Code 12 Subcode 2
...
009 (1253355.000.000) 2025-07-17 18:23:21 Job was aborted.
	via condor_rm (by user achihwan)

	Job terminated by itself at 2025-07-17T09:16:20Z (using method 0: OF_ITS_OWN_ACCORD).
...
000 (1253435.000.000) 2025-07-17 18:23:27 Job submitted from host: <172.30.1.200:9618?addrs=172.30.1.200-9618&alias=tamsa2&noUDP&sock=schedd_2531_a24a>
...
040 (1253435.000.000) 2025-07-17 18:23:52 Started transferring input files
	Transferring to host: <172.30.1.203:9618?addrs=172.30.1.203-9618&alias=node-w3.localdomain&noUDP&sock=slot1_13_4993_c524_82725>
...
040 (1253435.000.000) 2025-07-17 18:23:56 Finished transferring input files
...
001 (1253435.000.000) 2025-07-17 18:23:56 Job executing on host: <172.30.1.203:9618?addrs=172.30.1.203-9618&alias=node-w3.localdomain&noUDP&sock=startd_4959_0a3d>
	SlotName: slot1_13@node-w3.localdomain
	CondorScratchDir = "/var/lib/condor/execute/dir_2446474"
	Cpus = 2
	Disk = 751616
	GPUs = 0
	Memory = 16000
...
006 (1253435.000.000) 2025-07-17 18:24:05 Image size of job updated: 833264
	814  -  MemoryUsage of job (MB)
	833264  -  ResidentSetSize of job (KB)
...
006 (1253435.000.000) 2025-07-17 18:24:24 Image size of job updated: 2264548
	2149  -  MemoryUsage of job (MB)
	2199796  -  ResidentSetSize of job (KB)
...
040 (1253435.000.000) 2025-07-17 18:24:25 Started transferring output files
...
040 (1253435.000.000) 2025-07-17 18:24:25 Finished transferring output files
...
005 (1253435.000.000) 2025-07-17 18:24:25 Job terminated.
	(1) Normal termination (return value 0)
		Usr 0 00:00:27, Sys 0 00:00:04  -  Run Remote Usage
		Usr 0 00:00:00, Sys 0 00:00:00  -  Run Local Usage
		Usr 0 00:00:27, Sys 0 00:00:04  -  Total Remote Usage
		Usr 0 00:00:00, Sys 0 00:00:00  -  Total Local Usage
	9501  -  Run Bytes Sent By Job
	690284992  -  Run Bytes Received By Job
	9501  -  Total Bytes Sent By Job
	690284992  -  Total Bytes Received By Job
	Partitionable Resources :    Usage  Request Allocated 
	   Cpus                 :        0        2         2 
	   Disk (KB)            :  2774366   750000    751616 
	   GPUs                 :                           0 
	   Memory (MB)          :     2149    16000     16000 
	   TimeExecute (s)      :       28                    
	   TimeSlotBusy (s)     :       39                    

	Job terminated of its own accord at 2025-07-17T09:24:24Z with exit-code 0.
...
000 (1253495.000.000) 2025-07-17 18:29:04 Job submitted from host: <172.30.1.200:9618?addrs=172.30.1.200-9618&alias=tamsa2&noUDP&sock=schedd_2531_a24a>
...
040 (1253495.000.000) 2025-07-17 18:29:27 Started transferring input files
	Transferring to host: <172.30.1.203:9618?addrs=172.30.1.203-9618&alias=node-w3.localdomain&noUDP&sock=slot1_14_4993_c524_82750>
...
040 (1253495.000.000) 2025-07-17 18:29:32 Finished transferring input files
...
001 (1253495.000.000) 2025-07-17 18:29:32 Job executing on host: <172.30.1.203:9618?addrs=172.30.1.203-9618&alias=node-w3.localdomain&noUDP&sock=startd_4959_0a3d>
	SlotName: slot1_14@node-w3.localdomain
	CondorScratchDir = "/var/lib/condor/execute/dir_2449291"
	Cpus = 2
	Disk = 751616
	GPUs = 0
	Memory = 16000
...
006 (1253495.000.000) 2025-07-17 18:29:40 Image size of job updated: 706940
	691  -  MemoryUsage of job (MB)
	706940  -  ResidentSetSize of job (KB)
...
006 (1253495.000.000) 2025-07-17 18:30:01 Image size of job updated: 2199868
	2149  -  MemoryUsage of job (MB)
	2199796  -  ResidentSetSize of job (KB)
...
040 (1253495.000.000) 2025-07-17 18:30:02 Started transferring output files
...
040 (1253495.000.000) 2025-07-17 18:30:02 Finished transferring output files
...
005 (1253495.000.000) 2025-07-17 18:30:02 Job terminated.
	(1) Normal termination (return value 0)
		Usr 0 00:00:28, Sys 0 00:00:04  -  Run Remote Usage
		Usr 0 00:00:00, Sys 0 00:00:00  -  Run Local Usage
		Usr 0 00:00:28, Sys 0 00:00:04  -  Total Remote Usage
		Usr 0 00:00:00, Sys 0 00:00:00  -  Total Local Usage
	9501  -  Run Bytes Sent By Job
	690285568  -  Run Bytes Received By Job
	9501  -  Total Bytes Sent By Job
	690285568  -  Total Bytes Received By Job
	Partitionable Resources :    Usage  Request Allocated 
	   Cpus                 :                 2         2 
	   Disk (KB)            :  2774360   750000    751616 
	   GPUs                 :                           0 
	   Memory (MB)          :     2149    16000     16000 
	   TimeExecute (s)      :       29                    
	   TimeSlotBusy (s)     :       39                    

	Job terminated of its own accord at 2025-07-17T09:30:01Z with exit-code 0.
...
