000 (1246691.000.000) 2025-07-17 16:14:07 Job submitted from host: <172.30.1.200:9618?addrs=172.30.1.200-9618&alias=tamsa2&noUDP&sock=schedd_2531_a24a>
...
040 (1246691.000.000) 2025-07-17 16:14:23 Started transferring input files
	Transferring to host: <172.30.1.211:9618?addrs=172.30.1.211-9618&alias=node-w11.localdomain&noUDP&sock=slot1_3_4969_dc23_57549>
...
001 (1246691.000.000) 2025-07-17 16:14:23 Job executing on host: <172.30.1.211:9618?addrs=172.30.1.211-9618&alias=node-w11.localdomain&noUDP&sock=startd_4935_93f7>
	SlotName: slot1_3@node-w11.localdomain
	CondorScratchDir = "/var/lib/condor/execute/dir_341111"
	Cpus = 2
	Disk = 2048
	GPUs = 0
	Memory = 16000
...
040 (1246691.000.000) 2025-07-17 16:14:23 Finished transferring input files
...
021 (1246691.000.000) 2025-07-17 16:14:28 Error from starter on slot1_3@node-w11.localdomain:
	Failed to execute '/var/lib/condor/execute/dir_341111/run_QCD_HT1000to1200.py' with arguments python *.py: (errno=8: 'Exec format error')
	Code 6 Subcode 8
...
004 (1246691.000.000) 2025-07-17 16:14:28 Job was evicted.
	(0) CPU times
		Usr 0 00:00:00, Sys 0 00:00:00  -  Run Remote Usage
		Usr 0 00:00:00, Sys 0 00:00:00  -  Run Local Usage
	0  -  Run Bytes Sent By Job
	29319  -  Run Bytes Received By Job
	Error from slot1_3@node-w11.localdomain: Failed to execute '/var/lib/condor/execute/dir_341111/run_QCD_HT1000to1200.py' with arguments python *.py: (errno=8: 'Exec format error')
	Partitionable Resources :    Usage  Request Allocated 
	   Cpus                 :                 2         2 
	   Disk (KB)            :       30       30      2048 
	   GPUs                 :                           0 
	   Memory (MB)          :             16000     16000 
	   TimeSlotBusy (s)     :        5                    
...
012 (1246691.000.000) 2025-07-17 16:14:28 Job was held.
	Error from slot1_3@node-w11.localdomain: Failed to execute '/var/lib/condor/execute/dir_341111/run_QCD_HT1000to1200.py' with arguments python *.py: (errno=8: 'Exec format error')
	Code 6 Subcode 8
...
009 (1246691.000.000) 2025-07-17 16:16:03 Job was aborted.
	via condor_rm (by user achihwan)
...
000 (1247391.000.000) 2025-07-17 16:30:15 Job submitted from host: <172.30.1.200:9618?addrs=172.30.1.200-9618&alias=tamsa2&noUDP&sock=schedd_2531_a24a>
...
040 (1247391.000.000) 2025-07-17 16:30:36 Started transferring input files
	Transferring to host: <172.30.1.103:9618?addrs=172.30.1.103-9618&alias=node-g3.localdomain&noUDP&sock=slot1_9_5357_3db3_14692>
...
040 (1247391.000.000) 2025-07-17 16:30:36 Finished transferring input files
...
001 (1247391.000.000) 2025-07-17 16:30:36 Job executing on host: <172.30.1.103:9618?addrs=172.30.1.103-9618&alias=node-g3.localdomain&noUDP&sock=startd_5323_b6b6>
	SlotName: slot1_9@node-g3.localdomain
	CondorScratchDir = "/var/lib/condor/execute/dir_3258201"
	Cpus = 2
	Disk = 2048
	GPUs = 0
	Memory = 16000
...
006 (1247391.000.000) 2025-07-17 16:30:41 Image size of job updated: 100
	1  -  MemoryUsage of job (MB)
	4  -  ResidentSetSize of job (KB)
...
040 (1247391.000.000) 2025-07-17 16:30:41 Started transferring output files
...
040 (1247391.000.000) 2025-07-17 16:30:42 Finished transferring output files
...
021 (1247391.000.000) 2025-07-17 16:30:42 Error from starter on slot1_9@node-g3.localdomain:
	STARTER at 172.30.1.103 failed to send file(s) to <172.30.1.200:9618>: |Error: reading from file /var/lib/condor/execute/dir_3258201/*.png: (errno 2) No such file or directory; SHADOW failed to receive file(s) from <172.30.1.103:45271>
	Code 13 Subcode 2
...
004 (1247391.000.000) 2025-07-17 16:30:42 Job was evicted.
	(0) CPU times
		Usr 0 00:00:00, Sys 0 00:00:00  -  Run Remote Usage
		Usr 0 00:00:00, Sys 0 00:00:00  -  Run Local Usage
	149  -  Run Bytes Sent By Job
	29373  -  Run Bytes Received By Job
	Transfer output files failure at execution point slot1_9@node-g3.localdomain while sending files to access point tamsa2. Details: reading from file /var/lib/condor/execute/dir_3258201/*.png: (errno 2) No such file or directory
	Partitionable Resources :    Usage  Request Allocated 
	   Cpus                 :        0        2         2 
	   Disk (KB)            :       51       32      2048 
	   GPUs                 :                           0 
	   Memory (MB)          :        1    16000     16000 
	   TimeExecute (s)      :        5                    
	   TimeSlotBusy (s)     :        6                    
...
012 (1247391.000.000) 2025-07-17 16:30:42 Job was held.
	Transfer output files failure at execution point slot1_9@node-g3.localdomain while sending files to access point tamsa2. Details: reading from file /var/lib/condor/execute/dir_3258201/*.png: (errno 2) No such file or directory
	Code 12 Subcode 2
...
009 (1247391.000.000) 2025-07-17 16:32:04 Job was aborted.
	via condor_rm (by user achihwan)

	Job terminated by itself at 2025-07-17T07:30:41Z (using method 0: OF_ITS_OWN_ACCORD).
...
000 (1247451.000.000) 2025-07-17 16:32:08 Job submitted from host: <172.30.1.200:9618?addrs=172.30.1.200-9618&alias=tamsa2&noUDP&sock=schedd_2531_a24a>
...
040 (1247451.000.000) 2025-07-17 16:32:29 Started transferring input files
	Transferring to host: <172.30.1.110:9618?addrs=172.30.1.110-9618&alias=node-g10.localdomain&noUDP&sock=slot1_3_6414_fe3e_19783>
...
040 (1247451.000.000) 2025-07-17 16:32:29 Finished transferring input files
...
001 (1247451.000.000) 2025-07-17 16:32:29 Job executing on host: <172.30.1.110:9618?addrs=172.30.1.110-9618&alias=node-g10.localdomain&noUDP&sock=startd_6380_ba51>
	SlotName: slot1_3@node-g10.localdomain
	CondorScratchDir = "/var/lib/condor/execute/dir_3257150"
	Cpus = 2
	Disk = 2048
	GPUs = 0
	Memory = 16000
...
006 (1247451.000.000) 2025-07-17 16:32:34 Image size of job updated: 104
	1  -  MemoryUsage of job (MB)
	4  -  ResidentSetSize of job (KB)
...
040 (1247451.000.000) 2025-07-17 16:32:34 Started transferring output files
...
040 (1247451.000.000) 2025-07-17 16:32:34 Finished transferring output files
...
021 (1247451.000.000) 2025-07-17 16:32:34 Error from starter on slot1_3@node-g10.localdomain:
	STARTER at 172.30.1.110 failed to send file(s) to <172.30.1.200:9618>: |Error: reading from file /var/lib/condor/execute/dir_3257150/*.png: (errno 2) No such file or directory; SHADOW failed to receive file(s) from <172.30.1.110:44669>
	Code 13 Subcode 2
...
004 (1247451.000.000) 2025-07-17 16:32:34 Job was evicted.
	(0) CPU times
		Usr 0 00:00:00, Sys 0 00:00:00  -  Run Remote Usage
		Usr 0 00:00:00, Sys 0 00:00:00  -  Run Local Usage
	119  -  Run Bytes Sent By Job
	29362  -  Run Bytes Received By Job
	Transfer output files failure at execution point slot1_3@node-g10.localdomain while sending files to access point tamsa2. Details: reading from file /var/lib/condor/execute/dir_3257150/*.png: (errno 2) No such file or directory
	Partitionable Resources :    Usage  Request Allocated 
	   Cpus                 :        0        2         2 
	   Disk (KB)            :       51       32      2048 
	   GPUs                 :                           0 
	   Memory (MB)          :        1    16000     16000 
	   TimeExecute (s)      :        5                    
	   TimeSlotBusy (s)     :        5                    
...
012 (1247451.000.000) 2025-07-17 16:32:35 Job was held.
	Transfer output files failure at execution point slot1_3@node-g10.localdomain while sending files to access point tamsa2. Details: reading from file /var/lib/condor/execute/dir_3257150/*.png: (errno 2) No such file or directory
	Code 12 Subcode 2
...
009 (1247451.000.000) 2025-07-17 16:36:30 Job was aborted.
	via condor_rm (by user achihwan)

	Job terminated by itself at 2025-07-17T07:32:34Z (using method 0: OF_ITS_OWN_ACCORD).
...
000 (1247511.000.000) 2025-07-17 16:36:35 Job submitted from host: <172.30.1.200:9618?addrs=172.30.1.200-9618&alias=tamsa2&noUDP&sock=schedd_2531_a24a>
...
040 (1247511.000.000) 2025-07-17 16:36:55 Started transferring input files
	Transferring to host: <172.30.1.205:9618?addrs=172.30.1.205-9618&alias=node-w5.localdomain&noUDP&sock=slot1_16_5098_c088_47539>
...
001 (1247511.000.000) 2025-07-17 16:36:55 Job executing on host: <172.30.1.205:9618?addrs=172.30.1.205-9618&alias=node-w5.localdomain&noUDP&sock=startd_5064_0faf>
	SlotName: slot1_16@node-w5.localdomain
	CondorScratchDir = "/var/lib/condor/execute/dir_2794134"
	Cpus = 2
	Disk = 2048
	GPUs = 0
	Memory = 16000
...
040 (1247511.000.000) 2025-07-17 16:36:55 Finished transferring input files
...
006 (1247511.000.000) 2025-07-17 16:37:01 Image size of job updated: 148
	1  -  MemoryUsage of job (MB)
	8  -  ResidentSetSize of job (KB)
...
040 (1247511.000.000) 2025-07-17 16:37:01 Started transferring output files
...
040 (1247511.000.000) 2025-07-17 16:37:01 Finished transferring output files
...
021 (1247511.000.000) 2025-07-17 16:37:01 Error from starter on slot1_16@node-w5.localdomain:
	STARTER at 172.30.1.205 failed to send file(s) to <172.30.1.200:9618>: |Error: reading from file /var/lib/condor/execute/dir_2794134/*.png: (errno 2) No such file or directory; SHADOW failed to receive file(s) from <172.30.1.205:45161>
	Code 13 Subcode 2
...
004 (1247511.000.000) 2025-07-17 16:37:01 Job was evicted.
	(0) CPU times
		Usr 0 00:00:00, Sys 0 00:00:00  -  Run Remote Usage
		Usr 0 00:00:00, Sys 0 00:00:00  -  Run Local Usage
	227  -  Run Bytes Sent By Job
	29366  -  Run Bytes Received By Job
	Transfer output files failure at execution point slot1_16@node-w5.localdomain while sending files to access point tamsa2. Details: reading from file /var/lib/condor/execute/dir_2794134/*.png: (errno 2) No such file or directory
	Partitionable Resources :    Usage  Request Allocated 
	   Cpus                 :        0        2         2 
	   Disk (KB)            :       52       32      2048 
	   GPUs                 :                           0 
	   Memory (MB)          :        1    16000     16000 
	   TimeExecute (s)      :        6                    
	   TimeSlotBusy (s)     :        6                    
...
012 (1247511.000.000) 2025-07-17 16:37:01 Job was held.
	Transfer output files failure at execution point slot1_16@node-w5.localdomain while sending files to access point tamsa2. Details: reading from file /var/lib/condor/execute/dir_2794134/*.png: (errno 2) No such file or directory
	Code 12 Subcode 2
...
009 (1247511.000.000) 2025-07-17 16:38:09 Job was aborted.
	via condor_rm (by user achihwan)

	Job terminated by itself at 2025-07-17T07:37:01Z (using method 0: OF_ITS_OWN_ACCORD).
...
000 (1247570.000.000) 2025-07-17 16:38:17 Job submitted from host: <172.30.1.200:9618?addrs=172.30.1.200-9618&alias=tamsa2&noUDP&sock=schedd_2531_a24a>
...
040 (1247570.000.000) 2025-07-17 16:39:38 Started transferring input files
	Transferring to host: <172.30.1.217:9618?addrs=172.30.1.217-9618&alias=node-w17.localdomain&noUDP&sock=slot1_3_6391_c99d_116367>
...
001 (1247570.000.000) 2025-07-17 16:39:38 Job executing on host: <172.30.1.217:9618?addrs=172.30.1.217-9618&alias=node-w17.localdomain&noUDP&sock=startd_6357_f3a4>
	SlotName: slot1_3@node-w17.localdomain
	CondorScratchDir = "/var/lib/condor/execute/dir_3841946"
	Cpus = 2
	Disk = 2048
	GPUs = 0
	Memory = 16000
...
040 (1247570.000.000) 2025-07-17 16:39:38 Finished transferring input files
...
006 (1247570.000.000) 2025-07-17 16:39:43 Image size of job updated: 104
	1  -  MemoryUsage of job (MB)
	8  -  ResidentSetSize of job (KB)
...
040 (1247570.000.000) 2025-07-17 16:39:43 Started transferring output files
...
040 (1247570.000.000) 2025-07-17 16:39:43 Finished transferring output files
...
021 (1247570.000.000) 2025-07-17 16:39:43 Error from starter on slot1_3@node-w17.localdomain:
	STARTER at 172.30.1.217 failed to send file(s) to <172.30.1.200:9618>: |Error: reading from file /var/lib/condor/execute/dir_3841946/*.png: (errno 2) No such file or directory; SHADOW failed to receive file(s) from <172.30.1.217:37981>
	Code 13 Subcode 2
...
004 (1247570.000.000) 2025-07-17 16:39:43 Job was evicted.
	(0) CPU times
		Usr 0 00:00:00, Sys 0 00:00:00  -  Run Remote Usage
		Usr 0 00:00:00, Sys 0 00:00:00  -  Run Local Usage
	297  -  Run Bytes Sent By Job
	29370  -  Run Bytes Received By Job
	Transfer output files failure at execution point slot1_3@node-w17.localdomain while sending files to access point tamsa2. Details: reading from file /var/lib/condor/execute/dir_3841946/*.png: (errno 2) No such file or directory
	Partitionable Resources :    Usage  Request Allocated 
	   Cpus                 :        0        2         2 
	   Disk (KB)            :       52       32      2048 
	   GPUs                 :                           0 
	   Memory (MB)          :        1    16000     16000 
	   TimeExecute (s)      :        5                    
	   TimeSlotBusy (s)     :        5                    
...
012 (1247570.000.000) 2025-07-17 16:39:43 Job was held.
	Transfer output files failure at execution point slot1_3@node-w17.localdomain while sending files to access point tamsa2. Details: reading from file /var/lib/condor/execute/dir_3841946/*.png: (errno 2) No such file or directory
	Code 12 Subcode 2
...
009 (1247570.000.000) 2025-07-17 16:41:20 Job was aborted.
	via condor_rm (by user achihwan)

	Job terminated by itself at 2025-07-17T07:39:43Z (using method 0: OF_ITS_OWN_ACCORD).
...
000 (1247632.000.000) 2025-07-17 16:51:13 Job submitted from host: <172.30.1.200:9618?addrs=172.30.1.200-9618&alias=tamsa2&noUDP&sock=schedd_2531_a24a>
...
040 (1247632.000.000) 2025-07-17 16:51:32 Started transferring input files
	Transferring to host: <172.30.1.208:9618?addrs=172.30.1.208-9618&alias=node-w8.localdomain&noUDP&sock=slot1_1_4971_44e3_56672>
...
040 (1247632.000.000) 2025-07-17 16:51:35 Finished transferring input files
...
001 (1247632.000.000) 2025-07-17 16:51:35 Job executing on host: <172.30.1.208:9618?addrs=172.30.1.208-9618&alias=node-w8.localdomain&noUDP&sock=startd_4937_f328>
	SlotName: slot1_1@node-w8.localdomain
	CondorScratchDir = "/var/lib/condor/execute/dir_1004298"
	Cpus = 2
	Disk = 751616
	GPUs = 0
	Memory = 16000
...
006 (1247632.000.000) 2025-07-17 16:51:49 Image size of job updated: 1142860
	1117  -  MemoryUsage of job (MB)
	1142860  -  ResidentSetSize of job (KB)
...
006 (1247632.000.000) 2025-07-17 16:51:58 Image size of job updated: 2199792
	2149  -  MemoryUsage of job (MB)
	2199792  -  ResidentSetSize of job (KB)
...
040 (1247632.000.000) 2025-07-17 16:51:58 Started transferring output files
...
040 (1247632.000.000) 2025-07-17 16:51:58 Finished transferring output files
...
021 (1247632.000.000) 2025-07-17 16:51:58 Error from starter on slot1_1@node-w8.localdomain:
	STARTER at 172.30.1.208 failed to send file(s) to <172.30.1.200:9618>: |Error: reading from file /var/lib/condor/execute/dir_1004298/*.png: (errno 2) No such file or directory; SHADOW failed to receive file(s) from <172.30.1.208:33415>
	Code 13 Subcode 2
...
004 (1247632.000.000) 2025-07-17 16:51:58 Job was evicted.
	(0) CPU times
		Usr 0 00:00:16, Sys 0 00:00:02  -  Run Remote Usage
		Usr 0 00:00:00, Sys 0 00:00:00  -  Run Local Usage
	637  -  Run Bytes Sent By Job
	690286272  -  Run Bytes Received By Job
	Transfer output files failure at execution point slot1_1@node-w8.localdomain while sending files to access point tamsa2. Details: reading from file /var/lib/condor/execute/dir_1004298/*.png: (errno 2) No such file or directory
	Partitionable Resources :    Usage  Request Allocated 
	   Cpus                 :        0        2         2 
	   Disk (KB)            :  2774359   750000    751616 
	   GPUs                 :                           0 
	   Memory (MB)          :     2149    16000     16000 
	   TimeExecute (s)      :       23                    
	   TimeSlotBusy (s)     :       26                    
...
012 (1247632.000.000) 2025-07-17 16:51:58 Job was held.
	Transfer output files failure at execution point slot1_1@node-w8.localdomain while sending files to access point tamsa2. Details: reading from file /var/lib/condor/execute/dir_1004298/*.png: (errno 2) No such file or directory
	Code 12 Subcode 2
...
009 (1247632.000.000) 2025-07-17 17:02:33 Job was aborted.
	via condor_rm (by user achihwan)

	Job terminated by itself at 2025-07-17T07:51:58Z (using method 0: OF_ITS_OWN_ACCORD).
...
000 (1247693.000.000) 2025-07-17 17:02:55 Job submitted from host: <172.30.1.200:9618?addrs=172.30.1.200-9618&alias=tamsa2&noUDP&sock=schedd_2531_a24a>
...
040 (1247693.000.000) 2025-07-17 17:03:14 Started transferring input files
	Transferring to host: <172.30.1.203:9618?addrs=172.30.1.203-9618&alias=node-w3.localdomain&noUDP&sock=slot1_28_4993_c524_82442>
...
040 (1247693.000.000) 2025-07-17 17:03:14 Finished transferring input files
...
040 (1247693.000.000) 2025-07-17 17:03:15 Started transferring output files
...
021 (1247693.000.000) 2025-07-17 17:03:15 Error from starter on slot1_28@node-w3.localdomain:
	Failed to transfer files: SHADOW at 172.30.1.200 failed to send file(s) to <172.30.1.203:45835>: |Error: reading from file /data6/Users/achihwan/hepenv.tar.gz: (errno 2) No such file or directory; STARTER failed to receive file(s) from <172.30.1.200:9618>
	Code 13 Subcode 2
...
004 (1247693.000.000) 2025-07-17 17:03:15 Job was evicted.
	(0) CPU times
		Usr 0 00:00:00, Sys 0 00:00:00  -  Run Remote Usage
		Usr 0 00:00:00, Sys 0 00:00:00  -  Run Local Usage
	0  -  Run Bytes Sent By Job
	29414  -  Run Bytes Received By Job
	Transfer input files failure at access point tamsa2 while sending files to execution point slot1_28@node-w3.localdomain. Details: reading from file /data6/Users/achihwan/hepenv.tar.gz: (errno 2) No such file or directory
	Partitionable Resources :    Usage  Request Allocated 
	   Cpus                 :                 2         2 
	   Disk (KB)            :       45       32      2048 
	   GPUs                 :                           0 
	   Memory (MB)          :             16000     16000 
...
012 (1247693.000.000) 2025-07-17 17:03:15 Job was held.
	Transfer input files failure at access point tamsa2 while sending files to execution point slot1_28@node-w3.localdomain. Details: reading from file /data6/Users/achihwan/hepenv.tar.gz: (errno 2) No such file or directory
	Code 13 Subcode 2
...
009 (1247693.000.000) 2025-07-17 17:05:02 Job was aborted.
	via condor_rm (by user achihwan)
...
000 (1247753.000.000) 2025-07-17 17:05:06 Job submitted from host: <172.30.1.200:9618?addrs=172.30.1.200-9618&alias=tamsa2&noUDP&sock=schedd_2531_a24a>
...
040 (1247753.000.000) 2025-07-17 17:05:26 Started transferring input files
	Transferring to host: <172.30.1.212:9618?addrs=172.30.1.212-9618&alias=node-w12.localdomain&noUDP&sock=slot1_19_4978_3384_91741>
...
040 (1247753.000.000) 2025-07-17 17:05:26 Finished transferring input files
...
040 (1247753.000.000) 2025-07-17 17:05:27 Started transferring output files
...
021 (1247753.000.000) 2025-07-17 17:05:27 Error from starter on slot1_19@node-w12.localdomain:
	Failed to transfer files: SHADOW at 172.30.1.200 failed to send file(s) to <172.30.1.212:36647>: |Error: reading from file /data6/Users/achihwan/hepenv.tar.gz: (errno 2) No such file or directory; STARTER failed to receive file(s) from <172.30.1.200:9618>
	Code 13 Subcode 2
...
004 (1247753.000.000) 2025-07-17 17:05:27 Job was evicted.
	(0) CPU times
		Usr 0 00:00:00, Sys 0 00:00:00  -  Run Remote Usage
		Usr 0 00:00:00, Sys 0 00:00:00  -  Run Local Usage
	0  -  Run Bytes Sent By Job
	29364  -  Run Bytes Received By Job
	Transfer input files failure at access point tamsa2 while sending files to execution point slot1_19@node-w12.localdomain. Details: reading from file /data6/Users/achihwan/hepenv.tar.gz: (errno 2) No such file or directory
	Partitionable Resources :    Usage  Request Allocated 
	   Cpus                 :                 2         2 
	   Disk (KB)            :       45       32      2048 
	   GPUs                 :                           0 
	   Memory (MB)          :             16000     16000 
...
012 (1247753.000.000) 2025-07-17 17:05:27 Job was held.
	Transfer input files failure at access point tamsa2 while sending files to execution point slot1_19@node-w12.localdomain. Details: reading from file /data6/Users/achihwan/hepenv.tar.gz: (errno 2) No such file or directory
	Code 13 Subcode 2
...
009 (1247753.000.000) 2025-07-17 17:06:33 Job was aborted.
	via condor_rm (by user achihwan)
...
000 (1247812.000.000) 2025-07-17 17:06:36 Job submitted from host: <172.30.1.200:9618?addrs=172.30.1.200-9618&alias=tamsa2&noUDP&sock=schedd_2531_a24a>
...
040 (1247812.000.000) 2025-07-17 17:06:48 Started transferring input files
	Transferring to host: <172.30.1.211:9618?addrs=172.30.1.211-9618&alias=node-w11.localdomain&noUDP&sock=slot1_5_4969_dc23_57766>
...
001 (1247812.000.000) 2025-07-17 17:06:48 Job executing on host: <172.30.1.211:9618?addrs=172.30.1.211-9618&alias=node-w11.localdomain&noUDP&sock=startd_4935_93f7>
	SlotName: slot1_5@node-w11.localdomain
	CondorScratchDir = "/var/lib/condor/execute/dir_367505"
	Cpus = 2
	Disk = 2048
	GPUs = 0
	Memory = 16000
...
040 (1247812.000.000) 2025-07-17 17:06:48 Finished transferring input files
...
006 (1247812.000.000) 2025-07-17 17:06:53 Image size of job updated: 120
	1  -  MemoryUsage of job (MB)
	8  -  ResidentSetSize of job (KB)
...
040 (1247812.000.000) 2025-07-17 17:06:53 Started transferring output files
...
040 (1247812.000.000) 2025-07-17 17:06:53 Finished transferring output files
...
021 (1247812.000.000) 2025-07-17 17:06:53 Error from starter on slot1_5@node-w11.localdomain:
	STARTER at 172.30.1.211 failed to send file(s) to <172.30.1.200:9618>: |Error: reading from file /var/lib/condor/execute/dir_367505/*.png: (errno 2) No such file or directory; SHADOW failed to receive file(s) from <172.30.1.211:40883>
	Code 13 Subcode 2
...
004 (1247812.000.000) 2025-07-17 17:06:53 Job was evicted.
	(0) CPU times
		Usr 0 00:00:00, Sys 0 00:00:00  -  Run Remote Usage
		Usr 0 00:00:00, Sys 0 00:00:00  -  Run Local Usage
	296  -  Run Bytes Sent By Job
	29364  -  Run Bytes Received By Job
	Transfer output files failure at execution point slot1_5@node-w11.localdomain while sending files to access point tamsa2. Details: reading from file /var/lib/condor/execute/dir_367505/*.png: (errno 2) No such file or directory
	Partitionable Resources :    Usage  Request Allocated 
	   Cpus                 :        0        2         2 
	   Disk (KB)            :       52       32      2048 
	   GPUs                 :                           0 
	   Memory (MB)          :        1    16000     16000 
	   TimeExecute (s)      :        5                    
	   TimeSlotBusy (s)     :        5                    
...
012 (1247812.000.000) 2025-07-17 17:06:54 Job was held.
	Transfer output files failure at execution point slot1_5@node-w11.localdomain while sending files to access point tamsa2. Details: reading from file /var/lib/condor/execute/dir_367505/*.png: (errno 2) No such file or directory
	Code 12 Subcode 2
...
009 (1247812.000.000) 2025-07-17 17:08:14 Job was aborted.
	via condor_rm (by user achihwan)

	Job terminated by itself at 2025-07-17T08:06:53Z (using method 0: OF_ITS_OWN_ACCORD).
...
000 (1247871.000.000) 2025-07-17 17:08:22 Job submitted from host: <172.30.1.200:9618?addrs=172.30.1.200-9618&alias=tamsa2&noUDP&sock=schedd_2531_a24a>
...
009 (1247871.000.000) 2025-07-17 17:08:34 Job was aborted.
	via condor_rm (by user achihwan)
...
000 (1247930.000.000) 2025-07-17 17:08:51 Job submitted from host: <172.30.1.200:9618?addrs=172.30.1.200-9618&alias=tamsa2&noUDP&sock=schedd_2531_a24a>
...
040 (1247930.000.000) 2025-07-17 17:09:03 Started transferring input files
	Transferring to host: <172.30.1.210:9618?addrs=172.30.1.210-9618&alias=node-w10.localdomain&noUDP&sock=slot1_6_4947_5be2_33410>
...
001 (1247930.000.000) 2025-07-17 17:09:03 Job executing on host: <172.30.1.210:9618?addrs=172.30.1.210-9618&alias=node-w10.localdomain&noUDP&sock=startd_4913_7ce2>
	SlotName: slot1_6@node-w10.localdomain
	CondorScratchDir = "/var/lib/condor/execute/dir_3645405"
	Cpus = 2
	Disk = 2048
	GPUs = 0
	Memory = 16000
...
040 (1247930.000.000) 2025-07-17 17:09:03 Finished transferring input files
...
006 (1247930.000.000) 2025-07-17 17:09:08 Image size of job updated: 104
	1  -  MemoryUsage of job (MB)
	8  -  ResidentSetSize of job (KB)
...
040 (1247930.000.000) 2025-07-17 17:09:08 Started transferring output files
...
040 (1247930.000.000) 2025-07-17 17:09:08 Finished transferring output files
...
021 (1247930.000.000) 2025-07-17 17:09:08 Error from starter on slot1_6@node-w10.localdomain:
	STARTER at 172.30.1.210 failed to send file(s) to <172.30.1.200:9618>: |Error: reading from file /var/lib/condor/execute/dir_3645405/*.png: (errno 2) No such file or directory; SHADOW failed to receive file(s) from <172.30.1.210:40021>
	Code 13 Subcode 2
...
004 (1247930.000.000) 2025-07-17 17:09:08 Job was evicted.
	(0) CPU times
		Usr 0 00:00:00, Sys 0 00:00:00  -  Run Remote Usage
		Usr 0 00:00:00, Sys 0 00:00:00  -  Run Local Usage
	297  -  Run Bytes Sent By Job
	29364  -  Run Bytes Received By Job
	Transfer output files failure at execution point slot1_6@node-w10.localdomain while sending files to access point tamsa2. Details: reading from file /var/lib/condor/execute/dir_3645405/*.png: (errno 2) No such file or directory
	Partitionable Resources :    Usage  Request Allocated 
	   Cpus                 :        0        2         2 
	   Disk (KB)            :       52       32      2048 
	   GPUs                 :                           0 
	   Memory (MB)          :        1    16000     16000 
	   TimeExecute (s)      :        5                    
	   TimeSlotBusy (s)     :        5                    
...
012 (1247930.000.000) 2025-07-17 17:09:09 Job was held.
	Transfer output files failure at execution point slot1_6@node-w10.localdomain while sending files to access point tamsa2. Details: reading from file /var/lib/condor/execute/dir_3645405/*.png: (errno 2) No such file or directory
	Code 12 Subcode 2
...
009 (1247930.000.000) 2025-07-17 17:10:28 Job was aborted.
	via condor_rm (by user achihwan)

	Job terminated by itself at 2025-07-17T08:09:08Z (using method 0: OF_ITS_OWN_ACCORD).
...
000 (1247990.000.000) 2025-07-17 17:10:34 Job submitted from host: <172.30.1.200:9618?addrs=172.30.1.200-9618&alias=tamsa2&noUDP&sock=schedd_2531_a24a>
...
040 (1247990.000.000) 2025-07-17 17:10:44 Started transferring input files
	Transferring to host: <172.30.1.103:9618?addrs=172.30.1.103-9618&alias=node-g3.localdomain&noUDP&sock=slot1_3_5357_3db3_14725>
...
001 (1247990.000.000) 2025-07-17 17:10:44 Job executing on host: <172.30.1.103:9618?addrs=172.30.1.103-9618&alias=node-g3.localdomain&noUDP&sock=startd_5323_b6b6>
	SlotName: slot1_3@node-g3.localdomain
	CondorScratchDir = "/var/lib/condor/execute/dir_3267573"
	Cpus = 2
	Disk = 2048
	GPUs = 0
	Memory = 16000
...
040 (1247990.000.000) 2025-07-17 17:10:44 Finished transferring input files
...
006 (1247990.000.000) 2025-07-17 17:10:50 Image size of job updated: 144
	1  -  MemoryUsage of job (MB)
	8  -  ResidentSetSize of job (KB)
...
040 (1247990.000.000) 2025-07-17 17:10:50 Started transferring output files
...
040 (1247990.000.000) 2025-07-17 17:10:50 Finished transferring output files
...
021 (1247990.000.000) 2025-07-17 17:10:50 Error from starter on slot1_3@node-g3.localdomain:
	STARTER at 172.30.1.103 failed to send file(s) to <172.30.1.200:9618>: |Error: reading from file /var/lib/condor/execute/dir_3267573/*.png: (errno 2) No such file or directory; SHADOW failed to receive file(s) from <172.30.1.103:36811>
	Code 13 Subcode 2
...
004 (1247990.000.000) 2025-07-17 17:10:50 Job was evicted.
	(0) CPU times
		Usr 0 00:00:00, Sys 0 00:00:00  -  Run Remote Usage
		Usr 0 00:00:00, Sys 0 00:00:00  -  Run Local Usage
	319  -  Run Bytes Sent By Job
	29364  -  Run Bytes Received By Job
	Transfer output files failure at execution point slot1_3@node-g3.localdomain while sending files to access point tamsa2. Details: reading from file /var/lib/condor/execute/dir_3267573/*.png: (errno 2) No such file or directory
	Partitionable Resources :    Usage  Request Allocated 
	   Cpus                 :        0        2         2 
	   Disk (KB)            :       52       32      2048 
	   GPUs                 :                           0 
	   Memory (MB)          :        1    16000     16000 
	   TimeExecute (s)      :        6                    
	   TimeSlotBusy (s)     :        6                    
...
012 (1247990.000.000) 2025-07-17 17:10:50 Job was held.
	Transfer output files failure at execution point slot1_3@node-g3.localdomain while sending files to access point tamsa2. Details: reading from file /var/lib/condor/execute/dir_3267573/*.png: (errno 2) No such file or directory
	Code 12 Subcode 2
...
009 (1247990.000.000) 2025-07-17 17:11:47 Job was aborted.
	via condor_rm (by user achihwan)

	Job terminated by itself at 2025-07-17T08:10:50Z (using method 0: OF_ITS_OWN_ACCORD).
...
000 (1248050.000.000) 2025-07-17 17:12:01 Job submitted from host: <172.30.1.200:9618?addrs=172.30.1.200-9618&alias=tamsa2&noUDP&sock=schedd_2531_a24a>
...
040 (1248050.000.000) 2025-07-17 17:12:22 Started transferring input files
	Transferring to host: <172.30.1.109:9618?addrs=172.30.1.109-9618&alias=node-g9.localdomain&noUDP&sock=slot1_12_5793_7145_22618>
...
001 (1248050.000.000) 2025-07-17 17:12:22 Job executing on host: <172.30.1.109:9618?addrs=172.30.1.109-9618&alias=node-g9.localdomain&noUDP&sock=startd_5759_c601>
	SlotName: slot1_12@node-g9.localdomain
	CondorScratchDir = "/var/lib/condor/execute/dir_1090149"
	Cpus = 2
	Disk = 2048
	GPUs = 0
	Memory = 16000
...
040 (1248050.000.000) 2025-07-17 17:12:22 Finished transferring input files
...
006 (1248050.000.000) 2025-07-17 17:12:27 Image size of job updated: 116
	1  -  MemoryUsage of job (MB)
	8  -  ResidentSetSize of job (KB)
...
040 (1248050.000.000) 2025-07-17 17:12:27 Started transferring output files
...
040 (1248050.000.000) 2025-07-17 17:12:27 Finished transferring output files
...
021 (1248050.000.000) 2025-07-17 17:12:28 Error from starter on slot1_12@node-g9.localdomain:
	STARTER at 172.30.1.109 failed to send file(s) to <172.30.1.200:9618>: |Error: reading from file /var/lib/condor/execute/dir_1090149/*.png: (errno 2) No such file or directory; SHADOW failed to receive file(s) from <172.30.1.109:40397>
	Code 13 Subcode 2
...
004 (1248050.000.000) 2025-07-17 17:12:28 Job was evicted.
	(0) CPU times
		Usr 0 00:00:00, Sys 0 00:00:00  -  Run Remote Usage
		Usr 0 00:00:00, Sys 0 00:00:00  -  Run Local Usage
	305  -  Run Bytes Sent By Job
	29364  -  Run Bytes Received By Job
	Transfer output files failure at execution point slot1_12@node-g9.localdomain while sending files to access point tamsa2. Details: reading from file /var/lib/condor/execute/dir_1090149/*.png: (errno 2) No such file or directory
	Partitionable Resources :    Usage  Request Allocated 
	   Cpus                 :        0        2         2 
	   Disk (KB)            :       52       32      2048 
	   GPUs                 :                           0 
	   Memory (MB)          :        1    16000     16000 
	   TimeExecute (s)      :        5                    
	   TimeSlotBusy (s)     :        6                    
...
012 (1248050.000.000) 2025-07-17 17:12:28 Job was held.
	Transfer output files failure at execution point slot1_12@node-g9.localdomain while sending files to access point tamsa2. Details: reading from file /var/lib/condor/execute/dir_1090149/*.png: (errno 2) No such file or directory
	Code 12 Subcode 2
...
000 (1248110.000.000) 2025-07-17 17:12:49 Job submitted from host: <172.30.1.200:9618?addrs=172.30.1.200-9618&alias=tamsa2&noUDP&sock=schedd_2531_a24a>
...
009 (1248110.000.000) 2025-07-17 17:13:09 Job was aborted.
	via condor_rm (by user achihwan)
...
009 (1248050.000.000) 2025-07-17 17:13:09 Job was aborted.
	via condor_rm (by user achihwan)

	Job terminated by itself at 2025-07-17T08:12:27Z (using method 0: OF_ITS_OWN_ACCORD).
...
000 (1248169.000.000) 2025-07-17 17:13:15 Job submitted from host: <172.30.1.200:9618?addrs=172.30.1.200-9618&alias=tamsa2&noUDP&sock=schedd_2531_a24a>
...
009 (1248169.000.000) 2025-07-17 17:14:42 Job was aborted.
	via condor_rm (by user achihwan)
...
000 (1248228.000.000) 2025-07-17 17:14:48 Job submitted from host: <172.30.1.200:9618?addrs=172.30.1.200-9618&alias=tamsa2&noUDP&sock=schedd_2531_a24a>
...
040 (1248228.000.000) 2025-07-17 17:17:13 Started transferring input files
	Transferring to host: <172.30.1.201:9618?addrs=172.30.1.201-9618&alias=node-w1.localdomain&noUDP&sock=slot1_13_5447_a777_104422>
...
001 (1248228.000.000) 2025-07-17 17:17:13 Job executing on host: <172.30.1.201:9618?addrs=172.30.1.201-9618&alias=node-w1.localdomain&noUDP&sock=startd_5412_c2a4>
	SlotName: slot1_13@node-w1.localdomain
	CondorScratchDir = "/var/lib/condor/execute/dir_1706770"
	Cpus = 2
	Disk = 2048
	GPUs = 0
	Memory = 16000
...
040 (1248228.000.000) 2025-07-17 17:17:13 Finished transferring input files
...
006 (1248228.000.000) 2025-07-17 17:17:19 Image size of job updated: 128
	1  -  MemoryUsage of job (MB)
	8  -  ResidentSetSize of job (KB)
...
040 (1248228.000.000) 2025-07-17 17:17:19 Started transferring output files
...
040 (1248228.000.000) 2025-07-17 17:17:19 Finished transferring output files
...
021 (1248228.000.000) 2025-07-17 17:17:19 Error from starter on slot1_13@node-w1.localdomain:
	STARTER at 172.30.1.201 failed to send file(s) to <172.30.1.200:9618>: |Error: reading from file /var/lib/condor/execute/dir_1706770/*.png: (errno 2) No such file or directory; SHADOW failed to receive file(s) from <172.30.1.201:46857>
	Code 13 Subcode 2
...
004 (1248228.000.000) 2025-07-17 17:17:19 Job was evicted.
	(0) CPU times
		Usr 0 00:00:00, Sys 0 00:00:00  -  Run Remote Usage
		Usr 0 00:00:00, Sys 0 00:00:00  -  Run Local Usage
	298  -  Run Bytes Sent By Job
	29361  -  Run Bytes Received By Job
	Transfer output files failure at execution point slot1_13@node-w1.localdomain while sending files to access point tamsa2. Details: reading from file /var/lib/condor/execute/dir_1706770/*.png: (errno 2) No such file or directory
	Partitionable Resources :    Usage  Request Allocated 
	   Cpus                 :        0        2         2 
	   Disk (KB)            :       52       32      2048 
	   GPUs                 :                           0 
	   Memory (MB)          :        1    16000     16000 
	   TimeExecute (s)      :        6                    
	   TimeSlotBusy (s)     :        6                    
...
012 (1248228.000.000) 2025-07-17 17:17:19 Job was held.
	Transfer output files failure at execution point slot1_13@node-w1.localdomain while sending files to access point tamsa2. Details: reading from file /var/lib/condor/execute/dir_1706770/*.png: (errno 2) No such file or directory
	Code 12 Subcode 2
...
009 (1248228.000.000) 2025-07-17 17:18:37 Job was aborted.
	via condor_rm (by user achihwan)

	Job terminated by itself at 2025-07-17T08:17:19Z (using method 0: OF_ITS_OWN_ACCORD).
...
000 (1248289.000.000) 2025-07-17 17:23:10 Job submitted from host: <172.30.1.200:9618?addrs=172.30.1.200-9618&alias=tamsa2&noUDP&sock=schedd_2531_a24a>
...
040 (1248289.000.000) 2025-07-17 17:23:30 Started transferring input files
	Transferring to host: <172.30.1.219:9618?addrs=172.30.1.219-9618&alias=node-w19.localdomain&noUDP&sock=slot1_11_5155_e9eb_110813>
...
040 (1248289.000.000) 2025-07-17 17:23:31 Finished transferring input files
...
001 (1248289.000.000) 2025-07-17 17:23:31 Job executing on host: <172.30.1.219:9618?addrs=172.30.1.219-9618&alias=node-w19.localdomain&noUDP&sock=startd_5121_2895>
	SlotName: slot1_11@node-w19.localdomain
	CondorScratchDir = "/var/lib/condor/execute/dir_1060054"
	Cpus = 2
	Disk = 2048
	GPUs = 0
	Memory = 16000
...
006 (1248289.000.000) 2025-07-17 17:23:36 Image size of job updated: 160
	1  -  MemoryUsage of job (MB)
	8  -  ResidentSetSize of job (KB)
...
040 (1248289.000.000) 2025-07-17 17:23:36 Started transferring output files
...
040 (1248289.000.000) 2025-07-17 17:23:36 Finished transferring output files
...
021 (1248289.000.000) 2025-07-17 17:23:36 Error from starter on slot1_11@node-w19.localdomain:
	STARTER at 172.30.1.219 failed to send file(s) to <172.30.1.200:9618>: |Error: reading from file /var/lib/condor/execute/dir_1060054/*.png: (errno 2) No such file or directory; SHADOW failed to receive file(s) from <172.30.1.219:42873>
	Code 13 Subcode 2
...
004 (1248289.000.000) 2025-07-17 17:23:36 Job was evicted.
	(0) CPU times
		Usr 0 00:00:00, Sys 0 00:00:00  -  Run Remote Usage
		Usr 0 00:00:00, Sys 0 00:00:00  -  Run Local Usage
	498  -  Run Bytes Sent By Job
	29439  -  Run Bytes Received By Job
	Transfer output files failure at execution point slot1_11@node-w19.localdomain while sending files to access point tamsa2. Details: reading from file /var/lib/condor/execute/dir_1060054/*.png: (errno 2) No such file or directory
	Partitionable Resources :    Usage  Request Allocated 
	   Cpus                 :                 2         2 
	   Disk (KB)            :       46       32      2048 
	   GPUs                 :                           0 
	   Memory (MB)          :        1    16000     16000 
	   TimeExecute (s)      :        5                    
	   TimeSlotBusy (s)     :        6                    
...
012 (1248289.000.000) 2025-07-17 17:23:36 Job was held.
	Transfer output files failure at execution point slot1_11@node-w19.localdomain while sending files to access point tamsa2. Details: reading from file /var/lib/condor/execute/dir_1060054/*.png: (errno 2) No such file or directory
	Code 12 Subcode 2
...
009 (1248289.000.000) 2025-07-17 17:28:06 Job was aborted.
	via condor_rm (by user achihwan)

	Job terminated by itself at 2025-07-17T08:23:36Z (using method 0: OF_ITS_OWN_ACCORD).
...
000 (1248350.000.000) 2025-07-17 17:28:10 Job submitted from host: <172.30.1.200:9618?addrs=172.30.1.200-9618&alias=tamsa2&noUDP&sock=schedd_2531_a24a>
...
040 (1248350.000.000) 2025-07-17 17:28:24 Started transferring input files
	Transferring to host: <172.30.1.219:9618?addrs=172.30.1.219-9618&alias=node-w19.localdomain&noUDP&sock=slot1_2_5155_e9eb_110836>
...
040 (1248350.000.000) 2025-07-17 17:28:27 Finished transferring input files
...
001 (1248350.000.000) 2025-07-17 17:28:27 Job executing on host: <172.30.1.219:9618?addrs=172.30.1.219-9618&alias=node-w19.localdomain&noUDP&sock=startd_5121_2895>
	SlotName: slot1_2@node-w19.localdomain
	CondorScratchDir = "/var/lib/condor/execute/dir_1062773"
	Cpus = 2
	Disk = 751616
	GPUs = 0
	Memory = 16000
...
006 (1248350.000.000) 2025-07-17 17:28:40 Image size of job updated: 1159188
	1133  -  MemoryUsage of job (MB)
	1159188  -  ResidentSetSize of job (KB)
...
006 (1248350.000.000) 2025-07-17 17:28:47 Image size of job updated: 2199792
	2149  -  MemoryUsage of job (MB)
	2199792  -  ResidentSetSize of job (KB)
...
040 (1248350.000.000) 2025-07-17 17:28:47 Started transferring output files
...
040 (1248350.000.000) 2025-07-17 17:28:47 Finished transferring output files
...
021 (1248350.000.000) 2025-07-17 17:28:47 Error from starter on slot1_2@node-w19.localdomain:
	STARTER at 172.30.1.219 failed to send file(s) to <172.30.1.200:9618>: |Error: reading from file /var/lib/condor/execute/dir_1062773/*.png: (errno 2) No such file or directory; SHADOW failed to receive file(s) from <172.30.1.219:41239>
	Code 13 Subcode 2
...
004 (1248350.000.000) 2025-07-17 17:28:47 Job was evicted.
	(0) CPU times
		Usr 0 00:00:15, Sys 0 00:00:04  -  Run Remote Usage
		Usr 0 00:00:00, Sys 0 00:00:00  -  Run Local Usage
	428  -  Run Bytes Sent By Job
	690286208  -  Run Bytes Received By Job
	Transfer output files failure at execution point slot1_2@node-w19.localdomain while sending files to access point tamsa2. Details: reading from file /var/lib/condor/execute/dir_1062773/*.png: (errno 2) No such file or directory
	Partitionable Resources :    Usage  Request Allocated 
	   Cpus                 :        0        2         2 
	   Disk (KB)            :  2774359   750000    751616 
	   GPUs                 :                           0 
	   Memory (MB)          :     2149    16000     16000 
	   TimeExecute (s)      :       20                    
	   TimeSlotBusy (s)     :       23                    
...
012 (1248350.000.000) 2025-07-17 17:28:47 Job was held.
	Transfer output files failure at execution point slot1_2@node-w19.localdomain while sending files to access point tamsa2. Details: reading from file /var/lib/condor/execute/dir_1062773/*.png: (errno 2) No such file or directory
	Code 12 Subcode 2
...
009 (1248350.000.000) 2025-07-17 17:30:19 Job was aborted.
	via condor_rm (by user achihwan)

	Job terminated by itself at 2025-07-17T08:28:47Z (using method 0: OF_ITS_OWN_ACCORD).
...
000 (1248410.000.000) 2025-07-17 17:33:23 Job submitted from host: <172.30.1.200:9618?addrs=172.30.1.200-9618&alias=tamsa2&noUDP&sock=schedd_2531_a24a>
...
040 (1248410.000.000) 2025-07-17 17:33:43 Started transferring input files
	Transferring to host: <172.30.1.221:9618?addrs=172.30.1.221-9618&alias=node-w21.localdomain&noUDP&sock=slot1_7_6000_4aed_140412>
...
040 (1248410.000.000) 2025-07-17 17:33:47 Finished transferring input files
...
001 (1248410.000.000) 2025-07-17 17:33:47 Job executing on host: <172.30.1.221:9618?addrs=172.30.1.221-9618&alias=node-w21.localdomain&noUDP&sock=startd_5966_c21c>
	SlotName: slot1_7@node-w21.localdomain
	CondorScratchDir = "/var/lib/condor/execute/dir_2345126"
	Cpus = 2
	Disk = 751616
	GPUs = 0
	Memory = 16000
...
006 (1248410.000.000) 2025-07-17 17:34:00 Image size of job updated: 761732
	744  -  MemoryUsage of job (MB)
	761732  -  ResidentSetSize of job (KB)
...
006 (1248410.000.000) 2025-07-17 17:34:15 Image size of job updated: 2199792
	2149  -  MemoryUsage of job (MB)
	2199792  -  ResidentSetSize of job (KB)
...
040 (1248410.000.000) 2025-07-17 17:34:16 Started transferring output files
...
040 (1248410.000.000) 2025-07-17 17:34:16 Finished transferring output files
...
021 (1248410.000.000) 2025-07-17 17:34:16 Error from starter on slot1_7@node-w21.localdomain:
	STARTER at 172.30.1.221 failed to send file(s) to <172.30.1.200:9618>: |Error: reading from file /var/lib/condor/execute/dir_2345126/*.png: (errno 2) No such file or directory; SHADOW failed to receive file(s) from <172.30.1.221:32897>
	Code 13 Subcode 2
...
004 (1248410.000.000) 2025-07-17 17:34:16 Job was evicted.
	(0) CPU times
		Usr 0 00:00:22, Sys 0 00:00:04  -  Run Remote Usage
		Usr 0 00:00:00, Sys 0 00:00:00  -  Run Local Usage
	428  -  Run Bytes Sent By Job
	690286208  -  Run Bytes Received By Job
	Transfer output files failure at execution point slot1_7@node-w21.localdomain while sending files to access point tamsa2. Details: reading from file /var/lib/condor/execute/dir_2345126/*.png: (errno 2) No such file or directory
	Partitionable Resources :    Usage  Request Allocated 
	   Cpus                 :        0        2         2 
	   Disk (KB)            :  2774359   750000    751616 
	   GPUs                 :                           0 
	   Memory (MB)          :     2149    16000     16000 
	   TimeExecute (s)      :       28                    
	   TimeSlotBusy (s)     :       33                    
...
012 (1248410.000.000) 2025-07-17 17:34:16 Job was held.
	Transfer output files failure at execution point slot1_7@node-w21.localdomain while sending files to access point tamsa2. Details: reading from file /var/lib/condor/execute/dir_2345126/*.png: (errno 2) No such file or directory
	Code 12 Subcode 2
...
009 (1248410.000.000) 2025-07-17 17:34:44 Job was aborted.
	via condor_rm (by user achihwan)

	Job terminated by itself at 2025-07-17T08:34:15Z (using method 0: OF_ITS_OWN_ACCORD).
...
000 (1248469.000.000) 2025-07-17 17:34:48 Job submitted from host: <172.30.1.200:9618?addrs=172.30.1.200-9618&alias=tamsa2&noUDP&sock=schedd_2531_a24a>
...
040 (1248469.000.000) 2025-07-17 17:35:11 Entered queue to transfer input files
	Transferring to host: <172.30.1.205:9618?addrs=172.30.1.205-9618&alias=node-w5.localdomain&noUDP&sock=slot1_4_5098_c088_47832>
...
040 (1248469.000.000) 2025-07-17 17:35:11 Started transferring input files
	Seconds spent in queue: 0
...
040 (1248469.000.000) 2025-07-17 17:35:14 Finished transferring input files
...
001 (1248469.000.000) 2025-07-17 17:35:14 Job executing on host: <172.30.1.205:9618?addrs=172.30.1.205-9618&alias=node-w5.localdomain&noUDP&sock=startd_5064_0faf>
	SlotName: slot1_4@node-w5.localdomain
	CondorScratchDir = "/var/lib/condor/execute/dir_2842911"
	Cpus = 2
	Disk = 751616
	GPUs = 0
	Memory = 16000
...
006 (1248469.000.000) 2025-07-17 17:35:28 Image size of job updated: 971572
	949  -  MemoryUsage of job (MB)
	971572  -  ResidentSetSize of job (KB)
...
006 (1248469.000.000) 2025-07-17 17:35:40 Image size of job updated: 2199792
	2149  -  MemoryUsage of job (MB)
	2199792  -  ResidentSetSize of job (KB)
...
040 (1248469.000.000) 2025-07-17 17:35:40 Started transferring output files
	Seconds spent in queue: 29
...
040 (1248469.000.000) 2025-07-17 17:35:40 Finished transferring output files
...
021 (1248469.000.000) 2025-07-17 17:35:40 Error from starter on slot1_4@node-w5.localdomain:
	STARTER at 172.30.1.205 failed to send file(s) to <172.30.1.200:9618>: |Error: reading from file /var/lib/condor/execute/dir_2842911/*.png: (errno 2) No such file or directory; SHADOW failed to receive file(s) from <172.30.1.205:45531>
	Code 13 Subcode 2
...
004 (1248469.000.000) 2025-07-17 17:35:40 Job was evicted.
	(0) CPU times
		Usr 0 00:00:19, Sys 0 00:00:04  -  Run Remote Usage
		Usr 0 00:00:00, Sys 0 00:00:00  -  Run Local Usage
	872  -  Run Bytes Sent By Job
	690286272  -  Run Bytes Received By Job
	Transfer output files failure at execution point slot1_4@node-w5.localdomain while sending files to access point tamsa2. Details: reading from file /var/lib/condor/execute/dir_2842911/*.png: (errno 2) No such file or directory
	Partitionable Resources :    Usage  Request Allocated 
	   Cpus                 :        0        2         2 
	   Disk (KB)            :  2774359   750000    751616 
	   GPUs                 :                           0 
	   Memory (MB)          :     2149    16000     16000 
	   TimeExecute (s)      :       26                    
	   TimeSlotBusy (s)     :       34                    
...
012 (1248469.000.000) 2025-07-17 17:35:40 Job was held.
	Transfer output files failure at execution point slot1_4@node-w5.localdomain while sending files to access point tamsa2. Details: reading from file /var/lib/condor/execute/dir_2842911/*.png: (errno 2) No such file or directory
	Code 12 Subcode 2
...
009 (1248469.000.000) 2025-07-17 17:36:48 Job was aborted.
	via condor_rm (by user achihwan)

	Job terminated by itself at 2025-07-17T08:35:40Z (using method 0: OF_ITS_OWN_ACCORD).
...
000 (1250081.000.000) 2025-07-17 17:36:54 Job submitted from host: <172.30.1.200:9618?addrs=172.30.1.200-9618&alias=tamsa2&noUDP&sock=schedd_2531_a24a>
...
040 (1250081.000.000) 2025-07-17 17:39:39 Started transferring input files
	Transferring to host: <172.30.1.221:9618?addrs=172.30.1.221-9618&alias=node-w21.localdomain&noUDP&sock=slot1_51_6000_4aed_140498>
...
040 (1250081.000.000) 2025-07-17 17:39:41 Finished transferring input files
...
001 (1250081.000.000) 2025-07-17 17:39:41 Job executing on host: <172.30.1.221:9618?addrs=172.30.1.221-9618&alias=node-w21.localdomain&noUDP&sock=startd_5966_c21c>
	SlotName: slot1_51@node-w21.localdomain
	CondorScratchDir = "/var/lib/condor/execute/dir_2370216"
	Cpus = 2
	Disk = 751616
	GPUs = 0
	Memory = 16000
...
006 (1250081.000.000) 2025-07-17 17:39:55 Image size of job updated: 1244480
	1216  -  MemoryUsage of job (MB)
	1244480  -  ResidentSetSize of job (KB)
...
006 (1250081.000.000) 2025-07-17 17:40:02 Image size of job updated: 2199792
	2149  -  MemoryUsage of job (MB)
	2199792  -  ResidentSetSize of job (KB)
...
040 (1250081.000.000) 2025-07-17 17:40:02 Started transferring output files
...
040 (1250081.000.000) 2025-07-17 17:40:02 Finished transferring output files
...
021 (1250081.000.000) 2025-07-17 17:40:02 Error from starter on slot1_51@node-w21.localdomain:
	STARTER at 172.30.1.221 failed to send file(s) to <172.30.1.200:9618>: |Error: reading from file /var/lib/condor/execute/dir_2370216/*.png: (errno 2) No such file or directory; SHADOW failed to receive file(s) from <172.30.1.221:42045>
	Code 13 Subcode 2
...
004 (1250081.000.000) 2025-07-17 17:40:02 Job was evicted.
	(0) CPU times
		Usr 0 00:00:15, Sys 0 00:00:04  -  Run Remote Usage
		Usr 0 00:00:00, Sys 0 00:00:00  -  Run Local Usage
	750  -  Run Bytes Sent By Job
	690286272  -  Run Bytes Received By Job
	Transfer output files failure at execution point slot1_51@node-w21.localdomain while sending files to access point tamsa2. Details: reading from file /var/lib/condor/execute/dir_2370216/*.png: (errno 2) No such file or directory
	Partitionable Resources :    Usage  Request Allocated 
	   Cpus                 :        0        2         2 
	   Disk (KB)            :  2774359   750000    751616 
	   GPUs                 :                           0 
	   Memory (MB)          :     2149    16000     16000 
	   TimeExecute (s)      :       21                    
	   TimeSlotBusy (s)     :       27                    
...
012 (1250081.000.000) 2025-07-17 17:40:02 Job was held.
	Transfer output files failure at execution point slot1_51@node-w21.localdomain while sending files to access point tamsa2. Details: reading from file /var/lib/condor/execute/dir_2370216/*.png: (errno 2) No such file or directory
	Code 12 Subcode 2
...
000 (1251215.000.000) 2025-07-17 17:42:38 Job submitted from host: <172.30.1.200:9618?addrs=172.30.1.200-9618&alias=tamsa2&noUDP&sock=schedd_2531_a24a>
...
009 (1250081.000.000) 2025-07-17 17:42:45 Job was aborted.
	via condor_rm (by user achihwan)

	Job terminated by itself at 2025-07-17T08:40:02Z (using method 0: OF_ITS_OWN_ACCORD).
...
040 (1251215.000.000) 2025-07-17 17:42:58 Started transferring input files
	Transferring to host: <172.30.1.201:9618?addrs=172.30.1.201-9618&alias=node-w1.localdomain&noUDP&sock=slot1_2_5447_a777_104576>
...
040 (1251215.000.000) 2025-07-17 17:43:01 Finished transferring input files
...
001 (1251215.000.000) 2025-07-17 17:43:01 Job executing on host: <172.30.1.201:9618?addrs=172.30.1.201-9618&alias=node-w1.localdomain&noUDP&sock=startd_5412_c2a4>
	SlotName: slot1_2@node-w1.localdomain
	CondorScratchDir = "/var/lib/condor/execute/dir_1737507"
	Cpus = 2
	Disk = 751617
	GPUs = 0
	Memory = 16000
...
006 (1251215.000.000) 2025-07-17 17:43:15 Image size of job updated: 1142512
	1116  -  MemoryUsage of job (MB)
	1142512  -  ResidentSetSize of job (KB)
...
006 (1251215.000.000) 2025-07-17 17:43:24 Image size of job updated: 2199796
	2149  -  MemoryUsage of job (MB)
	2199796  -  ResidentSetSize of job (KB)
...
040 (1251215.000.000) 2025-07-17 17:43:24 Started transferring output files
...
040 (1251215.000.000) 2025-07-17 17:43:24 Finished transferring output files
...
021 (1251215.000.000) 2025-07-17 17:43:24 Error from starter on slot1_2@node-w1.localdomain:
	STARTER at 172.30.1.201 failed to send file(s) to <172.30.1.200:9618>: |Error: reading from file /var/lib/condor/execute/dir_1737507/*.png: (errno 2) No such file or directory; SHADOW failed to receive file(s) from <172.30.1.201:40289>
	Code 13 Subcode 2
...
004 (1251215.000.000) 2025-07-17 17:43:24 Job was evicted.
	(0) CPU times
		Usr 0 00:00:16, Sys 0 00:00:03  -  Run Remote Usage
		Usr 0 00:00:00, Sys 0 00:00:00  -  Run Local Usage
	4434  -  Run Bytes Sent By Job
	690286272  -  Run Bytes Received By Job
	Transfer output files failure at execution point slot1_2@node-w1.localdomain while sending files to access point tamsa2. Details: reading from file /var/lib/condor/execute/dir_1737507/*.png: (errno 2) No such file or directory
	Partitionable Resources :    Usage  Request Allocated 
	   Cpus                 :        0        2         2 
	   Disk (KB)            :  2774363   750000    751617 
	   GPUs                 :                           0 
	   Memory (MB)          :     2149    16000     16000 
	   TimeExecute (s)      :       23                    
	   TimeSlotBusy (s)     :       26                    
...
012 (1251215.000.000) 2025-07-17 17:43:24 Job was held.
	Transfer output files failure at execution point slot1_2@node-w1.localdomain while sending files to access point tamsa2. Details: reading from file /var/lib/condor/execute/dir_1737507/*.png: (errno 2) No such file or directory
	Code 12 Subcode 2
...
009 (1251215.000.000) 2025-07-17 17:44:17 Job was aborted.
	via condor_rm (by user achihwan)

	Job terminated by itself at 2025-07-17T08:43:24Z (using method 0: OF_ITS_OWN_ACCORD).
...
000 (1253138.000.000) 2025-07-17 17:44:34 Job submitted from host: <172.30.1.200:9618?addrs=172.30.1.200-9618&alias=tamsa2&noUDP&sock=schedd_2531_a24a>
...
040 (1253138.000.000) 2025-07-17 17:44:53 Started transferring input files
	Transferring to host: <172.30.1.221:9618?addrs=172.30.1.221-9618&alias=node-w21.localdomain&noUDP&sock=slot1_27_6000_4aed_140639>
...
040 (1253138.000.000) 2025-07-17 17:44:55 Finished transferring input files
...
001 (1253138.000.000) 2025-07-17 17:44:55 Job executing on host: <172.30.1.221:9618?addrs=172.30.1.221-9618&alias=node-w21.localdomain&noUDP&sock=startd_5966_c21c>
	SlotName: slot1_27@node-w21.localdomain
	CondorScratchDir = "/var/lib/condor/execute/dir_2379185"
	Cpus = 2
	Disk = 751616
	GPUs = 0
	Memory = 16000
...
006 (1253138.000.000) 2025-07-17 17:45:09 Image size of job updated: 1140464
	1114  -  MemoryUsage of job (MB)
	1140464  -  ResidentSetSize of job (KB)
...
006 (1253138.000.000) 2025-07-17 17:45:18 Image size of job updated: 2199788
	2149  -  MemoryUsage of job (MB)
	2199788  -  ResidentSetSize of job (KB)
...
040 (1253138.000.000) 2025-07-17 17:45:18 Started transferring output files
...
040 (1253138.000.000) 2025-07-17 17:45:18 Finished transferring output files
...
021 (1253138.000.000) 2025-07-17 17:45:18 Error from starter on slot1_27@node-w21.localdomain:
	STARTER at 172.30.1.221 failed to send file(s) to <172.30.1.200:9618>: |Error: reading from file /var/lib/condor/execute/dir_2379185/*.png: (errno 2) No such file or directory; SHADOW failed to receive file(s) from <172.30.1.221:38743>
	Code 13 Subcode 2
...
004 (1253138.000.000) 2025-07-17 17:45:18 Job was evicted.
	(0) CPU times
		Usr 0 00:00:17, Sys 0 00:00:04  -  Run Remote Usage
		Usr 0 00:00:00, Sys 0 00:00:00  -  Run Local Usage
	480  -  Run Bytes Sent By Job
	690286208  -  Run Bytes Received By Job
	Transfer output files failure at execution point slot1_27@node-w21.localdomain while sending files to access point tamsa2. Details: reading from file /var/lib/condor/execute/dir_2379185/*.png: (errno 2) No such file or directory
	Partitionable Resources :    Usage  Request Allocated 
	   Cpus                 :                 2         2 
	   Disk (KB)            :  2774352   750000    751616 
	   GPUs                 :                           0 
	   Memory (MB)          :     2149    16000     16000 
	   TimeExecute (s)      :       23                    
	   TimeSlotBusy (s)     :       30                    
...
012 (1253138.000.000) 2025-07-17 17:45:18 Job was held.
	Transfer output files failure at execution point slot1_27@node-w21.localdomain while sending files to access point tamsa2. Details: reading from file /var/lib/condor/execute/dir_2379185/*.png: (errno 2) No such file or directory
	Code 12 Subcode 2
...
009 (1253138.000.000) 2025-07-17 17:54:41 Job was aborted.
	via condor_rm (by user achihwan)

	Job terminated by itself at 2025-07-17T08:45:18Z (using method 0: OF_ITS_OWN_ACCORD).
...
000 (1253205.000.000) 2025-07-17 17:58:16 Job submitted from host: <172.30.1.200:9618?addrs=172.30.1.200-9618&alias=tamsa2&noUDP&sock=schedd_2531_a24a>
...
040 (1253205.000.000) 2025-07-17 17:58:34 Entered queue to transfer input files
	Transferring to host: <172.30.1.214:9618?addrs=172.30.1.214-9618&alias=node-w14.localdomain&noUDP&sock=slot1_5_5193_b02c_91185>
...
040 (1253205.000.000) 2025-07-17 17:58:34 Started transferring input files
	Seconds spent in queue: 0
...
040 (1253205.000.000) 2025-07-17 17:58:37 Finished transferring input files
...
001 (1253205.000.000) 2025-07-17 17:58:37 Job executing on host: <172.30.1.214:9618?addrs=172.30.1.214-9618&alias=node-w14.localdomain&noUDP&sock=startd_5159_392e>
	SlotName: slot1_5@node-w14.localdomain
	CondorScratchDir = "/var/lib/condor/execute/dir_791411"
	Cpus = 2
	Disk = 751616
	GPUs = 0
	Memory = 16000
...
006 (1253205.000.000) 2025-07-17 17:58:52 Image size of job updated: 1011276
	988  -  MemoryUsage of job (MB)
	1011276  -  ResidentSetSize of job (KB)
...
006 (1253205.000.000) 2025-07-17 17:59:04 Image size of job updated: 2199796
	2149  -  MemoryUsage of job (MB)
	2199796  -  ResidentSetSize of job (KB)
...
040 (1253205.000.000) 2025-07-17 17:59:04 Started transferring output files
	Seconds spent in queue: 30
...
040 (1253205.000.000) 2025-07-17 17:59:04 Finished transferring output files
...
021 (1253205.000.000) 2025-07-17 17:59:04 Error from starter on slot1_5@node-w14.localdomain:
	STARTER at 172.30.1.214 failed to send file(s) to <172.30.1.200:9618>: |Error: reading from file /var/lib/condor/execute/dir_791411/*.png: (errno 2) No such file or directory; SHADOW failed to receive file(s) from <172.30.1.214:40665>
	Code 13 Subcode 2
...
004 (1253205.000.000) 2025-07-17 17:59:04 Job was evicted.
	(0) CPU times
		Usr 0 00:00:21, Sys 0 00:00:05  -  Run Remote Usage
		Usr 0 00:00:00, Sys 0 00:00:00  -  Run Local Usage
	476  -  Run Bytes Sent By Job
	690286272  -  Run Bytes Received By Job
	Transfer output files failure at execution point slot1_5@node-w14.localdomain while sending files to access point tamsa2. Details: reading from file /var/lib/condor/execute/dir_791411/*.png: (errno 2) No such file or directory
	Partitionable Resources :    Usage  Request Allocated 
	   Cpus                 :                 2         2 
	   Disk (KB)            :  2774352   750000    751616 
	   GPUs                 :                           0 
	   Memory (MB)          :     2149    16000     16000 
	   TimeExecute (s)      :       27                    
	   TimeSlotBusy (s)     :       36                    
...
012 (1253205.000.000) 2025-07-17 17:59:04 Job was held.
	Transfer output files failure at execution point slot1_5@node-w14.localdomain while sending files to access point tamsa2. Details: reading from file /var/lib/condor/execute/dir_791411/*.png: (errno 2) No such file or directory
	Code 12 Subcode 2
...
009 (1253205.000.000) 2025-07-17 18:04:59 Job was aborted.
	via condor_rm (by user achihwan)

	Job terminated by itself at 2025-07-17T08:59:04Z (using method 0: OF_ITS_OWN_ACCORD).
...
000 (1253267.000.000) 2025-07-17 18:05:03 Job submitted from host: <172.30.1.200:9618?addrs=172.30.1.200-9618&alias=tamsa2&noUDP&sock=schedd_2531_a24a>
...
040 (1253267.000.000) 2025-07-17 18:05:22 Started transferring input files
	Transferring to host: <172.30.1.214:9618?addrs=172.30.1.214-9618&alias=node-w14.localdomain&noUDP&sock=slot1_9_5193_b02c_91276>
...
040 (1253267.000.000) 2025-07-17 18:05:25 Finished transferring input files
...
001 (1253267.000.000) 2025-07-17 18:05:25 Job executing on host: <172.30.1.214:9618?addrs=172.30.1.214-9618&alias=node-w14.localdomain&noUDP&sock=startd_5159_392e>
	SlotName: slot1_9@node-w14.localdomain
	CondorScratchDir = "/var/lib/condor/execute/dir_799295"
	Cpus = 2
	Disk = 751616
	GPUs = 0
	Memory = 16000
...
006 (1253267.000.000) 2025-07-17 18:05:40 Image size of job updated: 1088168
	1063  -  MemoryUsage of job (MB)
	1088168  -  ResidentSetSize of job (KB)
...
006 (1253267.000.000) 2025-07-17 18:10:40 Image size of job updated: 5385808
	3083  -  MemoryUsage of job (MB)
	3156700  -  ResidentSetSize of job (KB)
...
006 (1253267.000.000) 2025-07-17 18:13:43 Image size of job updated: 5385808
	3606  -  MemoryUsage of job (MB)
	3691768  -  ResidentSetSize of job (KB)
...
004 (1253267.000.000) 2025-07-17 18:13:44 Job was evicted.
	(0) CPU times
		Usr 0 00:05:10, Sys 0 00:02:00  -  Run Remote Usage
		Usr 0 00:00:00, Sys 0 00:00:00  -  Run Local Usage
	0  -  Run Bytes Sent By Job
	690286208  -  Run Bytes Received By Job
	Partitionable Resources :      Usage  Request Allocated 
	   Cpus                 :       0.99        2         2 
	   Disk (KB)            : 2774368      750000    751616 
	   GPUs                 :                             0 
	   Memory (MB)          :    3606       16000     16000 
	   TimeExecute (s)      :     498                       
	   TimeSlotBusy (s)     :     502                       
...
009 (1253267.000.000) 2025-07-17 18:13:44 Job was aborted.
	via condor_rm (by user achihwan)
...
000 (1253332.000.000) 2025-07-17 18:13:47 Job submitted from host: <172.30.1.200:9618?addrs=172.30.1.200-9618&alias=tamsa2&noUDP&sock=schedd_2531_a24a>
...
040 (1253332.000.000) 2025-07-17 18:15:49 Started transferring input files
	Transferring to host: <172.30.1.213:9618?addrs=172.30.1.213-9618&alias=node-w13.localdomain&noUDP&sock=slot1_26_4972_f943_94713>
...
040 (1253332.000.000) 2025-07-17 18:15:53 Finished transferring input files
...
001 (1253332.000.000) 2025-07-17 18:15:53 Job executing on host: <172.30.1.213:9618?addrs=172.30.1.213-9618&alias=node-w13.localdomain&noUDP&sock=startd_4938_a2c0>
	SlotName: slot1_26@node-w13.localdomain
	CondorScratchDir = "/var/lib/condor/execute/dir_3969012"
	Cpus = 2
	Disk = 751616
	GPUs = 0
	Memory = 16000
...
006 (1253332.000.000) 2025-07-17 18:16:07 Image size of job updated: 795380
	777  -  MemoryUsage of job (MB)
	795380  -  ResidentSetSize of job (KB)
...
006 (1253332.000.000) 2025-07-17 18:21:08 Image size of job updated: 5326312
	3408  -  MemoryUsage of job (MB)
	3489736  -  ResidentSetSize of job (KB)
...
006 (1253332.000.000) 2025-07-17 18:23:23 Image size of job updated: 5326312
	3538  -  MemoryUsage of job (MB)
	3622176  -  ResidentSetSize of job (KB)
...
004 (1253332.000.000) 2025-07-17 18:23:23 Job was evicted.
	(0) CPU times
		Usr 0 00:06:00, Sys 0 00:00:55  -  Run Remote Usage
		Usr 0 00:00:00, Sys 0 00:00:00  -  Run Local Usage
	0  -  Run Bytes Sent By Job
	690286208  -  Run Bytes Received By Job
	Partitionable Resources :      Usage  Request Allocated 
	   Cpus                 :       0.97        2         2 
	   Disk (KB)            : 2774368      750000    751616 
	   GPUs                 :                             0 
	   Memory (MB)          :    3538       16000     16000 
	   TimeExecute (s)      :     448                       
	   TimeSlotBusy (s)     :     454                       
...
009 (1253332.000.000) 2025-07-17 18:23:23 Job was aborted.
	via condor_rm (by user achihwan)
...
000 (1253412.000.000) 2025-07-17 18:23:25 Job submitted from host: <172.30.1.200:9618?addrs=172.30.1.200-9618&alias=tamsa2&noUDP&sock=schedd_2531_a24a>
...
040 (1253412.000.000) 2025-07-17 18:23:45 Started transferring input files
	Transferring to host: <172.30.1.221:9618?addrs=172.30.1.221-9618&alias=node-w21.localdomain&noUDP&sock=slot1_7_6000_4aed_140878>
...
040 (1253412.000.000) 2025-07-17 18:23:56 Finished transferring input files
...
001 (1253412.000.000) 2025-07-17 18:23:56 Job executing on host: <172.30.1.221:9618?addrs=172.30.1.221-9618&alias=node-w21.localdomain&noUDP&sock=startd_5966_c21c>
	SlotName: slot1_7@node-w21.localdomain
	CondorScratchDir = "/var/lib/condor/execute/dir_2425830"
	Cpus = 2
	Disk = 751616
	GPUs = 0
	Memory = 16000
...
006 (1253412.000.000) 2025-07-17 18:24:10 Image size of job updated: 770428
	753  -  MemoryUsage of job (MB)
	770428  -  ResidentSetSize of job (KB)
...
006 (1253412.000.000) 2025-07-17 18:28:52 Image size of job updated: 5178724
	3685  -  MemoryUsage of job (MB)
	3773344  -  ResidentSetSize of job (KB)
...
004 (1253412.000.000) 2025-07-17 18:28:53 Job was evicted.
	(0) CPU times
		Usr 0 00:04:10, Sys 0 00:00:20  -  Run Remote Usage
		Usr 0 00:00:00, Sys 0 00:00:00  -  Run Local Usage
	0  -  Run Bytes Sent By Job
	690286272  -  Run Bytes Received By Job
	Partitionable Resources :      Usage  Request Allocated 
	   Cpus                 :       0.96        2         2 
	   Disk (KB)            : 2774368      750000    751616 
	   GPUs                 :                             0 
	   Memory (MB)          :    3685       16000     16000 
	   TimeExecute (s)      :     296                       
	   TimeSlotBusy (s)     :     308                       
...
009 (1253412.000.000) 2025-07-17 18:28:53 Job was aborted.
	via condor_rm (by user achihwan)
...
000 (1253472.000.000) 2025-07-17 18:29:02 Job submitted from host: <172.30.1.200:9618?addrs=172.30.1.200-9618&alias=tamsa2&noUDP&sock=schedd_2531_a24a>
...
040 (1253472.000.000) 2025-07-17 18:29:22 Started transferring input files
	Transferring to host: <172.30.1.221:9618?addrs=172.30.1.221-9618&alias=node-w21.localdomain&noUDP&sock=slot1_7_6000_4aed_140881>
...
040 (1253472.000.000) 2025-07-17 18:29:28 Finished transferring input files
...
001 (1253472.000.000) 2025-07-17 18:29:28 Job executing on host: <172.30.1.221:9618?addrs=172.30.1.221-9618&alias=node-w21.localdomain&noUDP&sock=startd_5966_c21c>
	SlotName: slot1_7@node-w21.localdomain
	CondorScratchDir = "/var/lib/condor/execute/dir_2426109"
	Cpus = 2
	Disk = 751616
	GPUs = 0
	Memory = 16000
...
006 (1253472.000.000) 2025-07-17 18:29:36 Image size of job updated: 706592
	691  -  MemoryUsage of job (MB)
	706592  -  ResidentSetSize of job (KB)
...
006 (1253472.000.000) 2025-07-17 18:34:37 Image size of job updated: 5383852
	3179  -  MemoryUsage of job (MB)
	3254824  -  ResidentSetSize of job (KB)
...
006 (1253472.000.000) 2025-07-17 18:39:38 Image size of job updated: 5518816
	3240  -  MemoryUsage of job (MB)
	3316936  -  ResidentSetSize of job (KB)
...
006 (1253472.000.000) 2025-07-17 18:44:39 Image size of job updated: 5518816
	3559  -  MemoryUsage of job (MB)
	3644072  -  ResidentSetSize of job (KB)
...
006 (1253472.000.000) 2025-07-17 18:49:40 Image size of job updated: 5518816
	5051  -  MemoryUsage of job (MB)
	5171984  -  ResidentSetSize of job (KB)
...
006 (1253472.000.000) 2025-07-17 18:54:41 Image size of job updated: 5875744
	5529  -  MemoryUsage of job (MB)
	5660904  -  ResidentSetSize of job (KB)
...
006 (1253472.000.000) 2025-07-17 19:04:42 Image size of job updated: 6275192
	5529  -  MemoryUsage of job (MB)
	5660904  -  ResidentSetSize of job (KB)
...
006 (1253472.000.000) 2025-07-17 19:08:02 Image size of job updated: 6645964
	5529  -  MemoryUsage of job (MB)
	5660904  -  ResidentSetSize of job (KB)
...
040 (1253472.000.000) 2025-07-17 19:08:02 Started transferring output files
...
040 (1253472.000.000) 2025-07-17 19:08:02 Finished transferring output files
...
005 (1253472.000.000) 2025-07-17 19:08:02 Job terminated.
	(1) Normal termination (return value 0)
		Usr 0 00:30:43, Sys 0 00:02:26  -  Run Remote Usage
		Usr 0 00:00:00, Sys 0 00:00:00  -  Run Local Usage
		Usr 0 00:30:43, Sys 0 00:02:26  -  Total Remote Usage
		Usr 0 00:00:00, Sys 0 00:00:00  -  Total Local Usage
	117940  -  Run Bytes Sent By Job
	690286848  -  Run Bytes Received By Job
	117940  -  Total Bytes Sent By Job
	690286848  -  Total Bytes Received By Job
	Partitionable Resources :      Usage  Request Allocated 
	   Cpus                 :       0.75        2         2 
	   Disk (KB)            : 2774574      750000    751616 
	   GPUs                 :                             0 
	   Memory (MB)          :    5529       16000     16000 
	   TimeExecute (s)      :    2314                       
	   TimeSlotBusy (s)     :    2320                       

	Job terminated of its own accord at 2025-07-17T10:08:02Z with exit-code 0.
...
