000 (1246655.000.000) 2025-07-17 16:10:37 Job submitted from host: <172.30.1.200:9618?addrs=172.30.1.200-9618&alias=tamsa2&noUDP&sock=schedd_2531_a24a>
...
040 (1246655.000.000) 2025-07-17 16:10:40 Started transferring input files
	Transferring to host: <172.30.1.209:9618?addrs=172.30.1.209-9618&alias=node-w9.localdomain&noUDP&sock=slot1_3_5028_6e46_35107>
...
001 (1246655.000.000) 2025-07-17 16:10:40 Job executing on host: <172.30.1.209:9618?addrs=172.30.1.209-9618&alias=node-w9.localdomain&noUDP&sock=startd_4994_0c0e>
	SlotName: slot1_3@node-w9.localdomain
	CondorScratchDir = "/var/lib/condor/execute/dir_4045495"
	Cpus = 2
	Disk = 2048
	GPUs = 0
	Memory = 16000
...
040 (1246655.000.000) 2025-07-17 16:10:40 Finished transferring input files
...
021 (1246655.000.000) 2025-07-17 16:10:45 Error from starter on slot1_3@node-w9.localdomain:
	Failed to execute '/var/lib/condor/execute/dir_4045495/run_QCD_HT200to400.py': (errno=8: 'Exec format error')
	Code 6 Subcode 8
...
004 (1246655.000.000) 2025-07-17 16:10:45 Job was evicted.
	(0) CPU times
		Usr 0 00:00:00, Sys 0 00:00:00  -  Run Remote Usage
		Usr 0 00:00:00, Sys 0 00:00:00  -  Run Local Usage
	0  -  Run Bytes Sent By Job
	35684  -  Run Bytes Received By Job
	Error from slot1_3@node-w9.localdomain: Failed to execute '/var/lib/condor/execute/dir_4045495/run_QCD_HT200to400.py': (errno=8: 'Exec format error')
	Partitionable Resources :    Usage  Request Allocated 
	   Cpus                 :                 2         2 
	   Disk (KB)            :       37       37      2048 
	   GPUs                 :                           0 
	   Memory (MB)          :             16000     16000 
	   TimeSlotBusy (s)     :        5                    
...
012 (1246655.000.000) 2025-07-17 16:10:45 Job was held.
	Error from slot1_3@node-w9.localdomain: Failed to execute '/var/lib/condor/execute/dir_4045495/run_QCD_HT200to400.py': (errno=8: 'Exec format error')
	Code 6 Subcode 8
...
009 (1246655.000.000) 2025-07-17 16:11:55 Job was aborted.
	via condor_rm (by user achihwan)
...
000 (1246711.000.000) 2025-07-17 16:14:09 Job submitted from host: <172.30.1.200:9618?addrs=172.30.1.200-9618&alias=tamsa2&noUDP&sock=schedd_2531_a24a>
...
040 (1246711.000.000) 2025-07-17 16:14:23 Started transferring input files
	Transferring to host: <172.30.1.205:9618?addrs=172.30.1.205-9618&alias=node-w5.localdomain&noUDP&sock=slot1_25_5098_c088_47451>
...
001 (1246711.000.000) 2025-07-17 16:14:23 Job executing on host: <172.30.1.205:9618?addrs=172.30.1.205-9618&alias=node-w5.localdomain&noUDP&sock=startd_5064_0faf>
	SlotName: slot1_25@node-w5.localdomain
	CondorScratchDir = "/var/lib/condor/execute/dir_2779975"
	Cpus = 2
	Disk = 2048
	GPUs = 0
	Memory = 16000
...
040 (1246711.000.000) 2025-07-17 16:14:23 Finished transferring input files
...
021 (1246711.000.000) 2025-07-17 16:14:28 Error from starter on slot1_25@node-w5.localdomain:
	Failed to execute '/var/lib/condor/execute/dir_2779975/run_QCD_HT200to400.py' with arguments python *.py: (errno=8: 'Exec format error')
	Code 6 Subcode 8
...
004 (1246711.000.000) 2025-07-17 16:14:28 Job was evicted.
	(0) CPU times
		Usr 0 00:00:00, Sys 0 00:00:00  -  Run Remote Usage
		Usr 0 00:00:00, Sys 0 00:00:00  -  Run Local Usage
	0  -  Run Bytes Sent By Job
	35684  -  Run Bytes Received By Job
	Error from slot1_25@node-w5.localdomain: Failed to execute '/var/lib/condor/execute/dir_2779975/run_QCD_HT200to400.py' with arguments python *.py: (errno=8: 'Exec format error')
	Partitionable Resources :    Usage  Request Allocated 
	   Cpus                 :                 2         2 
	   Disk (KB)            :       37       37      2048 
	   GPUs                 :                           0 
	   Memory (MB)          :             16000     16000 
	   TimeSlotBusy (s)     :        5                    
...
012 (1246711.000.000) 2025-07-17 16:14:28 Job was held.
	Error from slot1_25@node-w5.localdomain: Failed to execute '/var/lib/condor/execute/dir_2779975/run_QCD_HT200to400.py' with arguments python *.py: (errno=8: 'Exec format error')
	Code 6 Subcode 8
...
009 (1246711.000.000) 2025-07-17 16:16:03 Job was aborted.
	via condor_rm (by user achihwan)
...
000 (1247411.000.000) 2025-07-17 16:30:17 Job submitted from host: <172.30.1.200:9618?addrs=172.30.1.200-9618&alias=tamsa2&noUDP&sock=schedd_2531_a24a>
...
040 (1247411.000.000) 2025-07-17 16:30:36 Started transferring input files
	Transferring to host: <172.30.1.107:9618?addrs=172.30.1.107-9618&alias=node-g7.localdomain&noUDP&sock=slot1_8_5631_4c7e_25444>
...
001 (1247411.000.000) 2025-07-17 16:30:36 Job executing on host: <172.30.1.107:9618?addrs=172.30.1.107-9618&alias=node-g7.localdomain&noUDP&sock=startd_5596_f811>
	SlotName: slot1_8@node-g7.localdomain
	CondorScratchDir = "/var/lib/condor/execute/dir_3000054"
	Cpus = 2
	Disk = 2048
	GPUs = 0
	Memory = 16000
...
040 (1247411.000.000) 2025-07-17 16:30:36 Finished transferring input files
...
006 (1247411.000.000) 2025-07-17 16:30:41 Image size of job updated: 96
	1  -  MemoryUsage of job (MB)
	4  -  ResidentSetSize of job (KB)
...
040 (1247411.000.000) 2025-07-17 16:30:41 Started transferring output files
...
040 (1247411.000.000) 2025-07-17 16:30:41 Finished transferring output files
...
021 (1247411.000.000) 2025-07-17 16:30:41 Error from starter on slot1_8@node-g7.localdomain:
	STARTER at 172.30.1.107 failed to send file(s) to <172.30.1.200:9618>: |Error: reading from file /var/lib/condor/execute/dir_3000054/*.png: (errno 2) No such file or directory; SHADOW failed to receive file(s) from <172.30.1.107:41405>
	Code 13 Subcode 2
...
004 (1247411.000.000) 2025-07-17 16:30:41 Job was evicted.
	(0) CPU times
		Usr 0 00:00:00, Sys 0 00:00:00  -  Run Remote Usage
		Usr 0 00:00:00, Sys 0 00:00:00  -  Run Local Usage
	145  -  Run Bytes Sent By Job
	35736  -  Run Bytes Received By Job
	Transfer output files failure at execution point slot1_8@node-g7.localdomain while sending files to access point tamsa2. Details: reading from file /var/lib/condor/execute/dir_3000054/*.png: (errno 2) No such file or directory
	Partitionable Resources :    Usage  Request Allocated 
	   Cpus                 :        0        2         2 
	   Disk (KB)            :       58       37      2048 
	   GPUs                 :                           0 
	   Memory (MB)          :        1    16000     16000 
	   TimeExecute (s)      :        5                    
	   TimeSlotBusy (s)     :        5                    
...
012 (1247411.000.000) 2025-07-17 16:30:41 Job was held.
	Transfer output files failure at execution point slot1_8@node-g7.localdomain while sending files to access point tamsa2. Details: reading from file /var/lib/condor/execute/dir_3000054/*.png: (errno 2) No such file or directory
	Code 12 Subcode 2
...
009 (1247411.000.000) 2025-07-17 16:32:04 Job was aborted.
	via condor_rm (by user achihwan)

	Job terminated by itself at 2025-07-17T07:30:41Z (using method 0: OF_ITS_OWN_ACCORD).
...
000 (1247471.000.000) 2025-07-17 16:32:10 Job submitted from host: <172.30.1.200:9618?addrs=172.30.1.200-9618&alias=tamsa2&noUDP&sock=schedd_2531_a24a>
...
040 (1247471.000.000) 2025-07-17 16:32:29 Started transferring input files
	Transferring to host: <172.30.1.108:9618?addrs=172.30.1.108-9618&alias=node-g8.localdomain&noUDP&sock=slot1_2_6196_6475_19933>
...
001 (1247471.000.000) 2025-07-17 16:32:29 Job executing on host: <172.30.1.108:9618?addrs=172.30.1.108-9618&alias=node-g8.localdomain&noUDP&sock=startd_6162_32ac>
	SlotName: slot1_2@node-g8.localdomain
	CondorScratchDir = "/var/lib/condor/execute/dir_613844"
	Cpus = 2
	Disk = 2048
	GPUs = 0
	Memory = 16000
...
040 (1247471.000.000) 2025-07-17 16:32:29 Finished transferring input files
...
006 (1247471.000.000) 2025-07-17 16:32:34 Image size of job updated: 104
	1  -  MemoryUsage of job (MB)
	4  -  ResidentSetSize of job (KB)
...
040 (1247471.000.000) 2025-07-17 16:32:34 Started transferring output files
...
040 (1247471.000.000) 2025-07-17 16:32:34 Finished transferring output files
...
021 (1247471.000.000) 2025-07-17 16:32:34 Error from starter on slot1_2@node-g8.localdomain:
	STARTER at 172.30.1.108 failed to send file(s) to <172.30.1.200:9618>: |Error: reading from file /var/lib/condor/execute/dir_613844/*.png: (errno 2) No such file or directory; SHADOW failed to receive file(s) from <172.30.1.108:33841>
	Code 13 Subcode 2
...
004 (1247471.000.000) 2025-07-17 16:32:34 Job was evicted.
	(0) CPU times
		Usr 0 00:00:00, Sys 0 00:00:00  -  Run Remote Usage
		Usr 0 00:00:00, Sys 0 00:00:00  -  Run Local Usage
	116  -  Run Bytes Sent By Job
	35725  -  Run Bytes Received By Job
	Transfer output files failure at execution point slot1_2@node-g8.localdomain while sending files to access point tamsa2. Details: reading from file /var/lib/condor/execute/dir_613844/*.png: (errno 2) No such file or directory
	Partitionable Resources :    Usage  Request Allocated 
	   Cpus                 :        0        2         2 
	   Disk (KB)            :       58       37      2048 
	   GPUs                 :                           0 
	   Memory (MB)          :        1    16000     16000 
	   TimeExecute (s)      :        5                    
	   TimeSlotBusy (s)     :        5                    
...
012 (1247471.000.000) 2025-07-17 16:32:34 Job was held.
	Transfer output files failure at execution point slot1_2@node-g8.localdomain while sending files to access point tamsa2. Details: reading from file /var/lib/condor/execute/dir_613844/*.png: (errno 2) No such file or directory
	Code 12 Subcode 2
...
009 (1247471.000.000) 2025-07-17 16:36:30 Job was aborted.
	via condor_rm (by user achihwan)

	Job terminated by itself at 2025-07-17T07:32:34Z (using method 0: OF_ITS_OWN_ACCORD).
...
000 (1247531.000.000) 2025-07-17 16:36:37 Job submitted from host: <172.30.1.200:9618?addrs=172.30.1.200-9618&alias=tamsa2&noUDP&sock=schedd_2531_a24a>
...
040 (1247531.000.000) 2025-07-17 16:37:55 Started transferring input files
	Transferring to host: <172.30.1.216:9618?addrs=172.30.1.216-9618&alias=node-w16.localdomain&noUDP&sock=slot1_6_5179_d2ec_89368>
...
001 (1247531.000.000) 2025-07-17 16:37:55 Job executing on host: <172.30.1.216:9618?addrs=172.30.1.216-9618&alias=node-w16.localdomain&noUDP&sock=startd_5145_9edb>
	SlotName: slot1_6@node-w16.localdomain
	CondorScratchDir = "/var/lib/condor/execute/dir_2488848"
	Cpus = 2
	Disk = 2048
	GPUs = 0
	Memory = 16000
...
040 (1247531.000.000) 2025-07-17 16:37:55 Finished transferring input files
...
006 (1247531.000.000) 2025-07-17 16:38:00 Image size of job updated: 160
	1  -  MemoryUsage of job (MB)
	8  -  ResidentSetSize of job (KB)
...
040 (1247531.000.000) 2025-07-17 16:38:00 Started transferring output files
...
040 (1247531.000.000) 2025-07-17 16:38:00 Finished transferring output files
...
021 (1247531.000.000) 2025-07-17 16:38:00 Error from starter on slot1_6@node-w16.localdomain:
	STARTER at 172.30.1.216 failed to send file(s) to <172.30.1.200:9618>: |Error: reading from file /var/lib/condor/execute/dir_2488848/*.png: (errno 2) No such file or directory; SHADOW failed to receive file(s) from <172.30.1.216:45201>
	Code 13 Subcode 2
...
004 (1247531.000.000) 2025-07-17 16:38:00 Job was evicted.
	(0) CPU times
		Usr 0 00:00:00, Sys 0 00:00:00  -  Run Remote Usage
		Usr 0 00:00:00, Sys 0 00:00:00  -  Run Local Usage
	219  -  Run Bytes Sent By Job
	35729  -  Run Bytes Received By Job
	Transfer output files failure at execution point slot1_6@node-w16.localdomain while sending files to access point tamsa2. Details: reading from file /var/lib/condor/execute/dir_2488848/*.png: (errno 2) No such file or directory
	Partitionable Resources :    Usage  Request Allocated 
	   Cpus                 :        0        2         2 
	   Disk (KB)            :       58       37      2048 
	   GPUs                 :                           0 
	   Memory (MB)          :        1    16000     16000 
	   TimeExecute (s)      :        5                    
	   TimeSlotBusy (s)     :        5                    
...
012 (1247531.000.000) 2025-07-17 16:38:01 Job was held.
	Transfer output files failure at execution point slot1_6@node-w16.localdomain while sending files to access point tamsa2. Details: reading from file /var/lib/condor/execute/dir_2488848/*.png: (errno 2) No such file or directory
	Code 12 Subcode 2
...
009 (1247531.000.000) 2025-07-17 16:38:09 Job was aborted.
	via condor_rm (by user achihwan)

	Job terminated by itself at 2025-07-17T07:38:00Z (using method 0: OF_ITS_OWN_ACCORD).
...
000 (1247590.000.000) 2025-07-17 16:38:19 Job submitted from host: <172.30.1.200:9618?addrs=172.30.1.200-9618&alias=tamsa2&noUDP&sock=schedd_2531_a24a>
...
040 (1247590.000.000) 2025-07-17 16:40:38 Started transferring input files
	Transferring to host: <172.30.1.215:9618?addrs=172.30.1.215-9618&alias=node-w15.localdomain&noUDP&sock=slot1_20_5185_0d2c_104936>
...
040 (1247590.000.000) 2025-07-17 16:40:38 Finished transferring input files
...
001 (1247590.000.000) 2025-07-17 16:40:38 Job executing on host: <172.30.1.215:9618?addrs=172.30.1.215-9618&alias=node-w15.localdomain&noUDP&sock=startd_5151_bc6c>
	SlotName: slot1_20@node-w15.localdomain
	CondorScratchDir = "/var/lib/condor/execute/dir_689543"
	Cpus = 2
	Disk = 2048
	GPUs = 0
	Memory = 16000
...
006 (1247590.000.000) 2025-07-17 16:40:43 Image size of job updated: 104
	1  -  MemoryUsage of job (MB)
	8  -  ResidentSetSize of job (KB)
...
040 (1247590.000.000) 2025-07-17 16:40:43 Started transferring output files
...
040 (1247590.000.000) 2025-07-17 16:40:43 Finished transferring output files
...
021 (1247590.000.000) 2025-07-17 16:40:43 Error from starter on slot1_20@node-w15.localdomain:
	STARTER at 172.30.1.215 failed to send file(s) to <172.30.1.200:9618>: |Error: reading from file /var/lib/condor/execute/dir_689543/*.png: (errno 2) No such file or directory; SHADOW failed to receive file(s) from <172.30.1.215:35823>
	Code 13 Subcode 2
...
004 (1247590.000.000) 2025-07-17 16:40:43 Job was evicted.
	(0) CPU times
		Usr 0 00:00:00, Sys 0 00:00:00  -  Run Remote Usage
		Usr 0 00:00:00, Sys 0 00:00:00  -  Run Local Usage
	288  -  Run Bytes Sent By Job
	35733  -  Run Bytes Received By Job
	Transfer output files failure at execution point slot1_20@node-w15.localdomain while sending files to access point tamsa2. Details: reading from file /var/lib/condor/execute/dir_689543/*.png: (errno 2) No such file or directory
	Partitionable Resources :    Usage  Request Allocated 
	   Cpus                 :                 2         2 
	   Disk (KB)            :       51       37      2048 
	   GPUs                 :                           0 
	   Memory (MB)          :        1    16000     16000 
	   TimeExecute (s)      :        5                    
	   TimeSlotBusy (s)     :        6                    
...
012 (1247590.000.000) 2025-07-17 16:40:43 Job was held.
	Transfer output files failure at execution point slot1_20@node-w15.localdomain while sending files to access point tamsa2. Details: reading from file /var/lib/condor/execute/dir_689543/*.png: (errno 2) No such file or directory
	Code 12 Subcode 2
...
009 (1247590.000.000) 2025-07-17 16:41:21 Job was aborted.
	via condor_rm (by user achihwan)

	Job terminated by itself at 2025-07-17T07:40:43Z (using method 0: OF_ITS_OWN_ACCORD).
...
000 (1247652.000.000) 2025-07-17 16:51:14 Job submitted from host: <172.30.1.200:9618?addrs=172.30.1.200-9618&alias=tamsa2&noUDP&sock=schedd_2531_a24a>
...
040 (1247652.000.000) 2025-07-17 16:51:38 Entered queue to transfer input files
	Transferring to host: <172.30.1.211:9618?addrs=172.30.1.211-9618&alias=node-w11.localdomain&noUDP&sock=slot1_18_4969_dc23_57711>
...
040 (1247652.000.000) 2025-07-17 16:51:47 Started transferring input files
	Seconds spent in queue: 9
...
040 (1247652.000.000) 2025-07-17 16:51:50 Finished transferring input files
...
001 (1247652.000.000) 2025-07-17 16:51:50 Job executing on host: <172.30.1.211:9618?addrs=172.30.1.211-9618&alias=node-w11.localdomain&noUDP&sock=startd_4935_93f7>
	SlotName: slot1_18@node-w11.localdomain
	CondorScratchDir = "/var/lib/condor/execute/dir_364068"
	Cpus = 2
	Disk = 751616
	GPUs = 0
	Memory = 16000
...
006 (1247652.000.000) 2025-07-17 16:52:03 Image size of job updated: 1016872
	994  -  MemoryUsage of job (MB)
	1016872  -  ResidentSetSize of job (KB)
...
006 (1247652.000.000) 2025-07-17 16:52:12 Image size of job updated: 2199792
	2149  -  MemoryUsage of job (MB)
	2199792  -  ResidentSetSize of job (KB)
...
040 (1247652.000.000) 2025-07-17 16:52:13 Started transferring output files
	Seconds spent in queue: 35
...
040 (1247652.000.000) 2025-07-17 16:52:13 Finished transferring output files
...
021 (1247652.000.000) 2025-07-17 16:52:13 Error from starter on slot1_18@node-w11.localdomain:
	STARTER at 172.30.1.211 failed to send file(s) to <172.30.1.200:9618>: |Error: reading from file /var/lib/condor/execute/dir_364068/*.png: (errno 2) No such file or directory; SHADOW failed to receive file(s) from <172.30.1.211:46603>
	Code 13 Subcode 2
...
004 (1247652.000.000) 2025-07-17 16:52:13 Job was evicted.
	(0) CPU times
		Usr 0 00:00:16, Sys 0 00:00:03  -  Run Remote Usage
		Usr 0 00:00:00, Sys 0 00:00:00  -  Run Local Usage
	625  -  Run Bytes Sent By Job
	690292608  -  Run Bytes Received By Job
	Transfer output files failure at execution point slot1_18@node-w11.localdomain while sending files to access point tamsa2. Details: reading from file /var/lib/condor/execute/dir_364068/*.png: (errno 2) No such file or directory
	Partitionable Resources :    Usage  Request Allocated 
	   Cpus                 :        0        2         2 
	   Disk (KB)            :  2774365   750000    751616 
	   GPUs                 :                           0 
	   Memory (MB)          :     2149    16000     16000 
	   TimeExecute (s)      :       22                    
	   TimeSlotBusy (s)     :       40                    
...
012 (1247652.000.000) 2025-07-17 16:52:13 Job was held.
	Transfer output files failure at execution point slot1_18@node-w11.localdomain while sending files to access point tamsa2. Details: reading from file /var/lib/condor/execute/dir_364068/*.png: (errno 2) No such file or directory
	Code 12 Subcode 2
...
009 (1247652.000.000) 2025-07-17 17:02:33 Job was aborted.
	via condor_rm (by user achihwan)

	Job terminated by itself at 2025-07-17T07:52:12Z (using method 0: OF_ITS_OWN_ACCORD).
...
000 (1247713.000.000) 2025-07-17 17:02:56 Job submitted from host: <172.30.1.200:9618?addrs=172.30.1.200-9618&alias=tamsa2&noUDP&sock=schedd_2531_a24a>
...
040 (1247713.000.000) 2025-07-17 17:03:14 Started transferring input files
	Transferring to host: <172.30.1.211:9618?addrs=172.30.1.211-9618&alias=node-w11.localdomain&noUDP&sock=slot1_14_4969_dc23_57736>
...
040 (1247713.000.000) 2025-07-17 17:03:14 Finished transferring input files
...
040 (1247713.000.000) 2025-07-17 17:03:15 Started transferring output files
...
021 (1247713.000.000) 2025-07-17 17:03:15 Error from starter on slot1_14@node-w11.localdomain:
	Failed to transfer files: SHADOW at 172.30.1.200 failed to send file(s) to <172.30.1.211:40433>: |Error: reading from file /data6/Users/achihwan/hepenv.tar.gz: (errno 2) No such file or directory; STARTER failed to receive file(s) from <172.30.1.200:9618>
	Code 13 Subcode 2
...
004 (1247713.000.000) 2025-07-17 17:03:15 Job was evicted.
	(0) CPU times
		Usr 0 00:00:00, Sys 0 00:00:00  -  Run Remote Usage
		Usr 0 00:00:00, Sys 0 00:00:00  -  Run Local Usage
	0  -  Run Bytes Sent By Job
	35777  -  Run Bytes Received By Job
	Transfer input files failure at access point tamsa2 while sending files to execution point slot1_14@node-w11.localdomain. Details: reading from file /data6/Users/achihwan/hepenv.tar.gz: (errno 2) No such file or directory
	Partitionable Resources :    Usage  Request Allocated 
	   Cpus                 :                 2         2 
	   Disk (KB)            :       51       37      2048 
	   GPUs                 :                           0 
	   Memory (MB)          :             16000     16000 
...
012 (1247713.000.000) 2025-07-17 17:03:15 Job was held.
	Transfer input files failure at access point tamsa2 while sending files to execution point slot1_14@node-w11.localdomain. Details: reading from file /data6/Users/achihwan/hepenv.tar.gz: (errno 2) No such file or directory
	Code 13 Subcode 2
...
009 (1247713.000.000) 2025-07-17 17:05:02 Job was aborted.
	via condor_rm (by user achihwan)
...
000 (1247773.000.000) 2025-07-17 17:05:08 Job submitted from host: <172.30.1.200:9618?addrs=172.30.1.200-9618&alias=tamsa2&noUDP&sock=schedd_2531_a24a>
...
040 (1247773.000.000) 2025-07-17 17:05:26 Started transferring input files
	Transferring to host: <172.30.1.211:9618?addrs=172.30.1.211-9618&alias=node-w11.localdomain&noUDP&sock=slot1_5_4969_dc23_57747>
...
040 (1247773.000.000) 2025-07-17 17:05:26 Finished transferring input files
...
040 (1247773.000.000) 2025-07-17 17:05:27 Started transferring output files
...
021 (1247773.000.000) 2025-07-17 17:05:27 Error from starter on slot1_5@node-w11.localdomain:
	Failed to transfer files: SHADOW at 172.30.1.200 failed to send file(s) to <172.30.1.211:37759>: |Error: reading from file /data6/Users/achihwan/hepenv.tar.gz: (errno 2) No such file or directory; STARTER failed to receive file(s) from <172.30.1.200:9618>
	Code 13 Subcode 2
...
004 (1247773.000.000) 2025-07-17 17:05:27 Job was evicted.
	(0) CPU times
		Usr 0 00:00:00, Sys 0 00:00:00  -  Run Remote Usage
		Usr 0 00:00:00, Sys 0 00:00:00  -  Run Local Usage
	0  -  Run Bytes Sent By Job
	35727  -  Run Bytes Received By Job
	Transfer input files failure at access point tamsa2 while sending files to execution point slot1_5@node-w11.localdomain. Details: reading from file /data6/Users/achihwan/hepenv.tar.gz: (errno 2) No such file or directory
	Partitionable Resources :    Usage  Request Allocated 
	   Cpus                 :                 2         2 
	   Disk (KB)            :       51       37      2048 
	   GPUs                 :                           0 
	   Memory (MB)          :             16000     16000 
...
012 (1247773.000.000) 2025-07-17 17:05:27 Job was held.
	Transfer input files failure at access point tamsa2 while sending files to execution point slot1_5@node-w11.localdomain. Details: reading from file /data6/Users/achihwan/hepenv.tar.gz: (errno 2) No such file or directory
	Code 13 Subcode 2
...
009 (1247773.000.000) 2025-07-17 17:06:33 Job was aborted.
	via condor_rm (by user achihwan)
...
000 (1247832.000.000) 2025-07-17 17:06:37 Job submitted from host: <172.30.1.200:9618?addrs=172.30.1.200-9618&alias=tamsa2&noUDP&sock=schedd_2531_a24a>
...
040 (1247832.000.000) 2025-07-17 17:06:48 Started transferring input files
	Transferring to host: <172.30.1.205:9618?addrs=172.30.1.205-9618&alias=node-w5.localdomain&noUDP&sock=slot1_13_5098_c088_47699>
...
001 (1247832.000.000) 2025-07-17 17:06:48 Job executing on host: <172.30.1.205:9618?addrs=172.30.1.205-9618&alias=node-w5.localdomain&noUDP&sock=startd_5064_0faf>
	SlotName: slot1_13@node-w5.localdomain
	CondorScratchDir = "/var/lib/condor/execute/dir_2820731"
	Cpus = 2
	Disk = 2048
	GPUs = 0
	Memory = 16000
...
040 (1247832.000.000) 2025-07-17 17:06:48 Finished transferring input files
...
006 (1247832.000.000) 2025-07-17 17:06:53 Image size of job updated: 148
	1  -  MemoryUsage of job (MB)
	8  -  ResidentSetSize of job (KB)
...
040 (1247832.000.000) 2025-07-17 17:06:53 Started transferring output files
...
040 (1247832.000.000) 2025-07-17 17:06:53 Finished transferring output files
...
021 (1247832.000.000) 2025-07-17 17:06:54 Error from starter on slot1_13@node-w5.localdomain:
	STARTER at 172.30.1.205 failed to send file(s) to <172.30.1.200:9618>: |Error: reading from file /var/lib/condor/execute/dir_2820731/*.png: (errno 2) No such file or directory; SHADOW failed to receive file(s) from <172.30.1.205:44765>
	Code 13 Subcode 2
...
004 (1247832.000.000) 2025-07-17 17:06:54 Job was evicted.
	(0) CPU times
		Usr 0 00:00:00, Sys 0 00:00:00  -  Run Remote Usage
		Usr 0 00:00:00, Sys 0 00:00:00  -  Run Local Usage
	289  -  Run Bytes Sent By Job
	35727  -  Run Bytes Received By Job
	Transfer output files failure at execution point slot1_13@node-w5.localdomain while sending files to access point tamsa2. Details: reading from file /var/lib/condor/execute/dir_2820731/*.png: (errno 2) No such file or directory
	Partitionable Resources :    Usage  Request Allocated 
	   Cpus                 :        0        2         2 
	   Disk (KB)            :       58       37      2048 
	   GPUs                 :                           0 
	   Memory (MB)          :        1    16000     16000 
	   TimeExecute (s)      :        5                    
	   TimeSlotBusy (s)     :        6                    
...
012 (1247832.000.000) 2025-07-17 17:06:54 Job was held.
	Transfer output files failure at execution point slot1_13@node-w5.localdomain while sending files to access point tamsa2. Details: reading from file /var/lib/condor/execute/dir_2820731/*.png: (errno 2) No such file or directory
	Code 12 Subcode 2
...
009 (1247832.000.000) 2025-07-17 17:08:13 Job was aborted.
	via condor_rm (by user achihwan)

	Job terminated by itself at 2025-07-17T08:06:53Z (using method 0: OF_ITS_OWN_ACCORD).
...
000 (1247891.000.000) 2025-07-17 17:08:24 Job submitted from host: <172.30.1.200:9618?addrs=172.30.1.200-9618&alias=tamsa2&noUDP&sock=schedd_2531_a24a>
...
009 (1247891.000.000) 2025-07-17 17:08:34 Job was aborted.
	via condor_rm (by user achihwan)
...
000 (1247950.000.000) 2025-07-17 17:08:53 Job submitted from host: <172.30.1.200:9618?addrs=172.30.1.200-9618&alias=tamsa2&noUDP&sock=schedd_2531_a24a>
...
040 (1247950.000.000) 2025-07-17 17:09:03 Started transferring input files
	Transferring to host: <172.30.1.206:9618?addrs=172.30.1.206-9618&alias=node-w6.localdomain&noUDP&sock=slot1_15_4969_dc23_29418>
...
001 (1247950.000.000) 2025-07-17 17:09:03 Job executing on host: <172.30.1.206:9618?addrs=172.30.1.206-9618&alias=node-w6.localdomain&noUDP&sock=startd_4935_93f7>
	SlotName: slot1_15@node-w6.localdomain
	CondorScratchDir = "/var/lib/condor/execute/dir_433634"
	Cpus = 2
	Disk = 2048
	GPUs = 0
	Memory = 16000
...
040 (1247950.000.000) 2025-07-17 17:09:03 Finished transferring input files
...
006 (1247950.000.000) 2025-07-17 17:09:08 Image size of job updated: 112
	1  -  MemoryUsage of job (MB)
	8  -  ResidentSetSize of job (KB)
...
040 (1247950.000.000) 2025-07-17 17:09:08 Started transferring output files
...
040 (1247950.000.000) 2025-07-17 17:09:09 Finished transferring output files
...
021 (1247950.000.000) 2025-07-17 17:09:09 Error from starter on slot1_15@node-w6.localdomain:
	STARTER at 172.30.1.206 failed to send file(s) to <172.30.1.200:9618>: |Error: reading from file /var/lib/condor/execute/dir_433634/*.png: (errno 2) No such file or directory; SHADOW failed to receive file(s) from <172.30.1.206:40063>
	Code 13 Subcode 2
...
004 (1247950.000.000) 2025-07-17 17:09:09 Job was evicted.
	(0) CPU times
		Usr 0 00:00:00, Sys 0 00:00:00  -  Run Remote Usage
		Usr 0 00:00:00, Sys 0 00:00:00  -  Run Local Usage
	288  -  Run Bytes Sent By Job
	35727  -  Run Bytes Received By Job
	Transfer output files failure at execution point slot1_15@node-w6.localdomain while sending files to access point tamsa2. Details: reading from file /var/lib/condor/execute/dir_433634/*.png: (errno 2) No such file or directory
	Partitionable Resources :    Usage  Request Allocated 
	   Cpus                 :        0        2         2 
	   Disk (KB)            :       58       37      2048 
	   GPUs                 :                           0 
	   Memory (MB)          :        1    16000     16000 
	   TimeExecute (s)      :        5                    
	   TimeSlotBusy (s)     :        6                    
...
012 (1247950.000.000) 2025-07-17 17:09:09 Job was held.
	Transfer output files failure at execution point slot1_15@node-w6.localdomain while sending files to access point tamsa2. Details: reading from file /var/lib/condor/execute/dir_433634/*.png: (errno 2) No such file or directory
	Code 12 Subcode 2
...
009 (1247950.000.000) 2025-07-17 17:10:28 Job was aborted.
	via condor_rm (by user achihwan)

	Job terminated by itself at 2025-07-17T08:09:08Z (using method 0: OF_ITS_OWN_ACCORD).
...
000 (1248010.000.000) 2025-07-17 17:10:36 Job submitted from host: <172.30.1.200:9618?addrs=172.30.1.200-9618&alias=tamsa2&noUDP&sock=schedd_2531_a24a>
...
040 (1248010.000.000) 2025-07-17 17:10:44 Started transferring input files
	Transferring to host: <172.30.1.107:9618?addrs=172.30.1.107-9618&alias=node-g7.localdomain&noUDP&sock=slot1_3_5631_4c7e_25460>
...
001 (1248010.000.000) 2025-07-17 17:10:44 Job executing on host: <172.30.1.107:9618?addrs=172.30.1.107-9618&alias=node-g7.localdomain&noUDP&sock=startd_5596_f811>
	SlotName: slot1_3@node-g7.localdomain
	CondorScratchDir = "/var/lib/condor/execute/dir_3001351"
	Cpus = 2
	Disk = 2048
	GPUs = 0
	Memory = 16000
...
040 (1248010.000.000) 2025-07-17 17:10:44 Finished transferring input files
...
006 (1248010.000.000) 2025-07-17 17:10:50 Image size of job updated: 104
	1  -  MemoryUsage of job (MB)
	8  -  ResidentSetSize of job (KB)
...
040 (1248010.000.000) 2025-07-17 17:10:50 Started transferring output files
...
040 (1248010.000.000) 2025-07-17 17:10:50 Finished transferring output files
...
021 (1248010.000.000) 2025-07-17 17:10:50 Error from starter on slot1_3@node-g7.localdomain:
	STARTER at 172.30.1.107 failed to send file(s) to <172.30.1.200:9618>: |Error: reading from file /var/lib/condor/execute/dir_3001351/*.png: (errno 2) No such file or directory; SHADOW failed to receive file(s) from <172.30.1.107:32783>
	Code 13 Subcode 2
...
004 (1248010.000.000) 2025-07-17 17:10:50 Job was evicted.
	(0) CPU times
		Usr 0 00:00:00, Sys 0 00:00:00  -  Run Remote Usage
		Usr 0 00:00:00, Sys 0 00:00:00  -  Run Local Usage
	311  -  Run Bytes Sent By Job
	35727  -  Run Bytes Received By Job
	Transfer output files failure at execution point slot1_3@node-g7.localdomain while sending files to access point tamsa2. Details: reading from file /var/lib/condor/execute/dir_3001351/*.png: (errno 2) No such file or directory
	Partitionable Resources :    Usage  Request Allocated 
	   Cpus                 :        0        2         2 
	   Disk (KB)            :       58       37      2048 
	   GPUs                 :                           0 
	   Memory (MB)          :        1    16000     16000 
	   TimeExecute (s)      :        6                    
	   TimeSlotBusy (s)     :        6                    
...
012 (1248010.000.000) 2025-07-17 17:10:50 Job was held.
	Transfer output files failure at execution point slot1_3@node-g7.localdomain while sending files to access point tamsa2. Details: reading from file /var/lib/condor/execute/dir_3001351/*.png: (errno 2) No such file or directory
	Code 12 Subcode 2
...
009 (1248010.000.000) 2025-07-17 17:11:47 Job was aborted.
	via condor_rm (by user achihwan)

	Job terminated by itself at 2025-07-17T08:10:50Z (using method 0: OF_ITS_OWN_ACCORD).
...
000 (1248070.000.000) 2025-07-17 17:12:03 Job submitted from host: <172.30.1.200:9618?addrs=172.30.1.200-9618&alias=tamsa2&noUDP&sock=schedd_2531_a24a>
...
040 (1248070.000.000) 2025-07-17 17:12:22 Started transferring input files
	Transferring to host: <172.30.1.110:9618?addrs=172.30.1.110-9618&alias=node-g10.localdomain&noUDP&sock=slot1_11_6414_fe3e_19812>
...
001 (1248070.000.000) 2025-07-17 17:12:22 Job executing on host: <172.30.1.110:9618?addrs=172.30.1.110-9618&alias=node-g10.localdomain&noUDP&sock=startd_6380_ba51>
	SlotName: slot1_11@node-g10.localdomain
	CondorScratchDir = "/var/lib/condor/execute/dir_3258417"
	Cpus = 2
	Disk = 2048
	GPUs = 0
	Memory = 16000
...
040 (1248070.000.000) 2025-07-17 17:12:22 Finished transferring input files
...
006 (1248070.000.000) 2025-07-17 17:12:27 Image size of job updated: 104
	1  -  MemoryUsage of job (MB)
	8  -  ResidentSetSize of job (KB)
...
040 (1248070.000.000) 2025-07-17 17:12:27 Started transferring output files
...
040 (1248070.000.000) 2025-07-17 17:12:27 Finished transferring output files
...
021 (1248070.000.000) 2025-07-17 17:12:28 Error from starter on slot1_11@node-g10.localdomain:
	STARTER at 172.30.1.110 failed to send file(s) to <172.30.1.200:9618>: |Error: reading from file /var/lib/condor/execute/dir_3258417/*.png: (errno 2) No such file or directory; SHADOW failed to receive file(s) from <172.30.1.110:43907>
	Code 13 Subcode 2
...
004 (1248070.000.000) 2025-07-17 17:12:28 Job was evicted.
	(0) CPU times
		Usr 0 00:00:00, Sys 0 00:00:00  -  Run Remote Usage
		Usr 0 00:00:00, Sys 0 00:00:00  -  Run Local Usage
	297  -  Run Bytes Sent By Job
	35727  -  Run Bytes Received By Job
	Transfer output files failure at execution point slot1_11@node-g10.localdomain while sending files to access point tamsa2. Details: reading from file /var/lib/condor/execute/dir_3258417/*.png: (errno 2) No such file or directory
	Partitionable Resources :    Usage  Request Allocated 
	   Cpus                 :        0        2         2 
	   Disk (KB)            :       58       37      2048 
	   GPUs                 :                           0 
	   Memory (MB)          :        1    16000     16000 
	   TimeExecute (s)      :        5                    
	   TimeSlotBusy (s)     :        6                    
...
012 (1248070.000.000) 2025-07-17 17:12:28 Job was held.
	Transfer output files failure at execution point slot1_11@node-g10.localdomain while sending files to access point tamsa2. Details: reading from file /var/lib/condor/execute/dir_3258417/*.png: (errno 2) No such file or directory
	Code 12 Subcode 2
...
000 (1248130.000.000) 2025-07-17 17:12:51 Job submitted from host: <172.30.1.200:9618?addrs=172.30.1.200-9618&alias=tamsa2&noUDP&sock=schedd_2531_a24a>
...
009 (1248130.000.000) 2025-07-17 17:13:09 Job was aborted.
	via condor_rm (by user achihwan)
...
009 (1248070.000.000) 2025-07-17 17:13:09 Job was aborted.
	via condor_rm (by user achihwan)

	Job terminated by itself at 2025-07-17T08:12:27Z (using method 0: OF_ITS_OWN_ACCORD).
...
000 (1248189.000.000) 2025-07-17 17:13:17 Job submitted from host: <172.30.1.200:9618?addrs=172.30.1.200-9618&alias=tamsa2&noUDP&sock=schedd_2531_a24a>
...
009 (1248189.000.000) 2025-07-17 17:14:42 Job was aborted.
	via condor_rm (by user achihwan)
...
000 (1248248.000.000) 2025-07-17 17:14:50 Job submitted from host: <172.30.1.200:9618?addrs=172.30.1.200-9618&alias=tamsa2&noUDP&sock=schedd_2531_a24a>
...
040 (1248248.000.000) 2025-07-17 17:17:14 Started transferring input files
	Transferring to host: <172.30.1.208:9618?addrs=172.30.1.208-9618&alias=node-w8.localdomain&noUDP&sock=slot1_14_4971_44e3_56795>
...
001 (1248248.000.000) 2025-07-17 17:17:14 Job executing on host: <172.30.1.208:9618?addrs=172.30.1.208-9618&alias=node-w8.localdomain&noUDP&sock=startd_4937_f328>
	SlotName: slot1_14@node-w8.localdomain
	CondorScratchDir = "/var/lib/condor/execute/dir_1014974"
	Cpus = 2
	Disk = 2048
	GPUs = 0
	Memory = 16000
...
040 (1248248.000.000) 2025-07-17 17:17:14 Finished transferring input files
...
006 (1248248.000.000) 2025-07-17 17:17:19 Image size of job updated: 104
	1  -  MemoryUsage of job (MB)
	8  -  ResidentSetSize of job (KB)
...
040 (1248248.000.000) 2025-07-17 17:17:19 Started transferring output files
...
040 (1248248.000.000) 2025-07-17 17:17:20 Finished transferring output files
...
021 (1248248.000.000) 2025-07-17 17:17:20 Error from starter on slot1_14@node-w8.localdomain:
	STARTER at 172.30.1.208 failed to send file(s) to <172.30.1.200:9618>: |Error: reading from file /var/lib/condor/execute/dir_1014974/*.png: (errno 2) No such file or directory; SHADOW failed to receive file(s) from <172.30.1.208:33179>
	Code 13 Subcode 2
...
004 (1248248.000.000) 2025-07-17 17:17:20 Job was evicted.
	(0) CPU times
		Usr 0 00:00:00, Sys 0 00:00:00  -  Run Remote Usage
		Usr 0 00:00:00, Sys 0 00:00:00  -  Run Local Usage
	290  -  Run Bytes Sent By Job
	35724  -  Run Bytes Received By Job
	Transfer output files failure at execution point slot1_14@node-w8.localdomain while sending files to access point tamsa2. Details: reading from file /var/lib/condor/execute/dir_1014974/*.png: (errno 2) No such file or directory
	Partitionable Resources :    Usage  Request Allocated 
	   Cpus                 :        0        2         2 
	   Disk (KB)            :       58       37      2048 
	   GPUs                 :                           0 
	   Memory (MB)          :        1    16000     16000 
	   TimeExecute (s)      :        5                    
	   TimeSlotBusy (s)     :        6                    
...
012 (1248248.000.000) 2025-07-17 17:17:20 Job was held.
	Transfer output files failure at execution point slot1_14@node-w8.localdomain while sending files to access point tamsa2. Details: reading from file /var/lib/condor/execute/dir_1014974/*.png: (errno 2) No such file or directory
	Code 12 Subcode 2
...
009 (1248248.000.000) 2025-07-17 17:18:37 Job was aborted.
	via condor_rm (by user achihwan)

	Job terminated by itself at 2025-07-17T08:17:19Z (using method 0: OF_ITS_OWN_ACCORD).
...
000 (1248309.000.000) 2025-07-17 17:23:12 Job submitted from host: <172.30.1.200:9618?addrs=172.30.1.200-9618&alias=tamsa2&noUDP&sock=schedd_2531_a24a>
...
040 (1248309.000.000) 2025-07-17 17:23:30 Started transferring input files
	Transferring to host: <172.30.1.204:9618?addrs=172.30.1.204-9618&alias=node-w4.localdomain&noUDP&sock=slot1_35_4930_6182_68175>
...
001 (1248309.000.000) 2025-07-17 17:23:30 Job executing on host: <172.30.1.204:9618?addrs=172.30.1.204-9618&alias=node-w4.localdomain&noUDP&sock=startd_4896_d3c6>
	SlotName: slot1_35@node-w4.localdomain
	CondorScratchDir = "/var/lib/condor/execute/dir_2003961"
	Cpus = 2
	Disk = 2048
	GPUs = 0
	Memory = 16000
...
040 (1248309.000.000) 2025-07-17 17:23:30 Finished transferring input files
...
006 (1248309.000.000) 2025-07-17 17:23:36 Image size of job updated: 164
	1  -  MemoryUsage of job (MB)
	8  -  ResidentSetSize of job (KB)
...
040 (1248309.000.000) 2025-07-17 17:23:36 Started transferring output files
...
040 (1248309.000.000) 2025-07-17 17:23:36 Finished transferring output files
...
021 (1248309.000.000) 2025-07-17 17:23:36 Error from starter on slot1_35@node-w4.localdomain:
	STARTER at 172.30.1.204 failed to send file(s) to <172.30.1.200:9618>: |Error: reading from file /var/lib/condor/execute/dir_2003961/*.png: (errno 2) No such file or directory; SHADOW failed to receive file(s) from <172.30.1.204:44583>
	Code 13 Subcode 2
...
004 (1248309.000.000) 2025-07-17 17:23:36 Job was evicted.
	(0) CPU times
		Usr 0 00:00:00, Sys 0 00:00:00  -  Run Remote Usage
		Usr 0 00:00:00, Sys 0 00:00:00  -  Run Local Usage
	482  -  Run Bytes Sent By Job
	35802  -  Run Bytes Received By Job
	Transfer output files failure at execution point slot1_35@node-w4.localdomain while sending files to access point tamsa2. Details: reading from file /var/lib/condor/execute/dir_2003961/*.png: (errno 2) No such file or directory
	Partitionable Resources :    Usage  Request Allocated 
	   Cpus                 :        0        2         2 
	   Disk (KB)            :       58       37      2048 
	   GPUs                 :                           0 
	   Memory (MB)          :        1    16000     16000 
	   TimeExecute (s)      :        6                    
	   TimeSlotBusy (s)     :        6                    
...
012 (1248309.000.000) 2025-07-17 17:23:36 Job was held.
	Transfer output files failure at execution point slot1_35@node-w4.localdomain while sending files to access point tamsa2. Details: reading from file /var/lib/condor/execute/dir_2003961/*.png: (errno 2) No such file or directory
	Code 12 Subcode 2
...
009 (1248309.000.000) 2025-07-17 17:28:06 Job was aborted.
	via condor_rm (by user achihwan)

	Job terminated by itself at 2025-07-17T08:23:36Z (using method 0: OF_ITS_OWN_ACCORD).
...
000 (1248370.000.000) 2025-07-17 17:28:12 Job submitted from host: <172.30.1.200:9618?addrs=172.30.1.200-9618&alias=tamsa2&noUDP&sock=schedd_2531_a24a>
...
040 (1248370.000.000) 2025-07-17 17:28:29 Entered queue to transfer input files
	Transferring to host: <172.30.1.208:9618?addrs=172.30.1.208-9618&alias=node-w8.localdomain&noUDP&sock=slot1_10_4971_44e3_56811>
...
040 (1248370.000.000) 2025-07-17 17:28:35 Started transferring input files
	Seconds spent in queue: 6
...
040 (1248370.000.000) 2025-07-17 17:28:37 Finished transferring input files
...
001 (1248370.000.000) 2025-07-17 17:28:37 Job executing on host: <172.30.1.208:9618?addrs=172.30.1.208-9618&alias=node-w8.localdomain&noUDP&sock=startd_4937_f328>
	SlotName: slot1_10@node-w8.localdomain
	CondorScratchDir = "/var/lib/condor/execute/dir_1015770"
	Cpus = 2
	Disk = 751616
	GPUs = 0
	Memory = 16000
...
006 (1248370.000.000) 2025-07-17 17:28:51 Image size of job updated: 1141644
	1115  -  MemoryUsage of job (MB)
	1141644  -  ResidentSetSize of job (KB)
...
006 (1248370.000.000) 2025-07-17 17:29:00 Image size of job updated: 2199792
	2149  -  MemoryUsage of job (MB)
	2199792  -  ResidentSetSize of job (KB)
...
040 (1248370.000.000) 2025-07-17 17:29:00 Started transferring output files
	Seconds spent in queue: 31
...
040 (1248370.000.000) 2025-07-17 17:29:00 Finished transferring output files
...
021 (1248370.000.000) 2025-07-17 17:29:00 Error from starter on slot1_10@node-w8.localdomain:
	STARTER at 172.30.1.208 failed to send file(s) to <172.30.1.200:9618>: |Error: reading from file /var/lib/condor/execute/dir_1015770/*.png: (errno 2) No such file or directory; SHADOW failed to receive file(s) from <172.30.1.208:39821>
	Code 13 Subcode 2
...
004 (1248370.000.000) 2025-07-17 17:29:00 Job was evicted.
	(0) CPU times
		Usr 0 00:00:16, Sys 0 00:00:02  -  Run Remote Usage
		Usr 0 00:00:00, Sys 0 00:00:00  -  Run Local Usage
	418  -  Run Bytes Sent By Job
	690292608  -  Run Bytes Received By Job
	Transfer output files failure at execution point slot1_10@node-w8.localdomain while sending files to access point tamsa2. Details: reading from file /var/lib/condor/execute/dir_1015770/*.png: (errno 2) No such file or directory
	Partitionable Resources :    Usage  Request Allocated 
	   Cpus                 :        0        2         2 
	   Disk (KB)            :  2774365   750000    751616 
	   GPUs                 :                           0 
	   Memory (MB)          :     2149    16000     16000 
	   TimeExecute (s)      :       23                    
	   TimeSlotBusy (s)     :       36                    
...
012 (1248370.000.000) 2025-07-17 17:29:00 Job was held.
	Transfer output files failure at execution point slot1_10@node-w8.localdomain while sending files to access point tamsa2. Details: reading from file /var/lib/condor/execute/dir_1015770/*.png: (errno 2) No such file or directory
	Code 12 Subcode 2
...
009 (1248370.000.000) 2025-07-17 17:30:19 Job was aborted.
	via condor_rm (by user achihwan)

	Job terminated by itself at 2025-07-17T08:29:00Z (using method 0: OF_ITS_OWN_ACCORD).
...
000 (1248430.000.000) 2025-07-17 17:33:24 Job submitted from host: <172.30.1.200:9618?addrs=172.30.1.200-9618&alias=tamsa2&noUDP&sock=schedd_2531_a24a>
...
040 (1248430.000.000) 2025-07-17 17:33:43 Started transferring input files
	Transferring to host: <172.30.1.203:9618?addrs=172.30.1.203-9618&alias=node-w3.localdomain&noUDP&sock=slot1_1_4993_c524_82533>
...
040 (1248430.000.000) 2025-07-17 17:33:46 Finished transferring input files
...
001 (1248430.000.000) 2025-07-17 17:33:46 Job executing on host: <172.30.1.203:9618?addrs=172.30.1.203-9618&alias=node-w3.localdomain&noUDP&sock=startd_4959_0a3d>
	SlotName: slot1_1@node-w3.localdomain
	CondorScratchDir = "/var/lib/condor/execute/dir_2420841"
	Cpus = 2
	Disk = 751616
	GPUs = 0
	Memory = 16000
...
006 (1248430.000.000) 2025-07-17 17:34:00 Image size of job updated: 1141268
	1115  -  MemoryUsage of job (MB)
	1141268  -  ResidentSetSize of job (KB)
...
006 (1248430.000.000) 2025-07-17 17:34:08 Image size of job updated: 2199792
	2149  -  MemoryUsage of job (MB)
	2199792  -  ResidentSetSize of job (KB)
...
040 (1248430.000.000) 2025-07-17 17:34:09 Started transferring output files
...
040 (1248430.000.000) 2025-07-17 17:34:09 Finished transferring output files
...
021 (1248430.000.000) 2025-07-17 17:34:09 Error from starter on slot1_1@node-w3.localdomain:
	STARTER at 172.30.1.203 failed to send file(s) to <172.30.1.200:9618>: |Error: reading from file /var/lib/condor/execute/dir_2420841/*.png: (errno 2) No such file or directory; SHADOW failed to receive file(s) from <172.30.1.203:38787>
	Code 13 Subcode 2
...
004 (1248430.000.000) 2025-07-17 17:34:09 Job was evicted.
	(0) CPU times
		Usr 0 00:00:16, Sys 0 00:00:02  -  Run Remote Usage
		Usr 0 00:00:00, Sys 0 00:00:00  -  Run Local Usage
	418  -  Run Bytes Sent By Job
	690292608  -  Run Bytes Received By Job
	Transfer output files failure at execution point slot1_1@node-w3.localdomain while sending files to access point tamsa2. Details: reading from file /var/lib/condor/execute/dir_2420841/*.png: (errno 2) No such file or directory
	Partitionable Resources :    Usage  Request Allocated 
	   Cpus                 :                 2         2 
	   Disk (KB)            :  2774358   750000    751616 
	   GPUs                 :                           0 
	   Memory (MB)          :     2149    16000     16000 
	   TimeExecute (s)      :       22                    
	   TimeSlotBusy (s)     :       27                    
...
012 (1248430.000.000) 2025-07-17 17:34:09 Job was held.
	Transfer output files failure at execution point slot1_1@node-w3.localdomain while sending files to access point tamsa2. Details: reading from file /var/lib/condor/execute/dir_2420841/*.png: (errno 2) No such file or directory
	Code 12 Subcode 2
...
009 (1248430.000.000) 2025-07-17 17:34:44 Job was aborted.
	via condor_rm (by user achihwan)

	Job terminated by itself at 2025-07-17T08:34:08Z (using method 0: OF_ITS_OWN_ACCORD).
...
000 (1248489.000.000) 2025-07-17 17:34:50 Job submitted from host: <172.30.1.200:9618?addrs=172.30.1.200-9618&alias=tamsa2&noUDP&sock=schedd_2531_a24a>
...
040 (1248489.000.000) 2025-07-17 17:35:11 Entered queue to transfer input files
	Transferring to host: <172.30.1.107:9618?addrs=172.30.1.107-9618&alias=node-g7.localdomain&noUDP&sock=slot1_25_5631_4c7e_25520>
...
040 (1248489.000.000) 2025-07-17 17:35:19 Started transferring input files
	Seconds spent in queue: 8
...
001 (1248489.000.000) 2025-07-17 17:35:22 Job executing on host: <172.30.1.107:9618?addrs=172.30.1.107-9618&alias=node-g7.localdomain&noUDP&sock=startd_5596_f811>
	SlotName: slot1_25@node-g7.localdomain
	CondorScratchDir = "/var/lib/condor/execute/dir_3008542"
	Cpus = 2
	Disk = 751616
	GPUs = 0
	Memory = 16000
...
040 (1248489.000.000) 2025-07-17 17:35:22 Finished transferring input files
...
006 (1248489.000.000) 2025-07-17 17:35:35 Image size of job updated: 972688
	950  -  MemoryUsage of job (MB)
	972688  -  ResidentSetSize of job (KB)
...
006 (1248489.000.000) 2025-07-17 17:35:44 Image size of job updated: 2199792
	2149  -  MemoryUsage of job (MB)
	2199792  -  ResidentSetSize of job (KB)
...
040 (1248489.000.000) 2025-07-17 17:35:45 Started transferring output files
	Seconds spent in queue: 34
...
040 (1248489.000.000) 2025-07-17 17:35:45 Finished transferring output files
...
021 (1248489.000.000) 2025-07-17 17:35:45 Error from starter on slot1_25@node-g7.localdomain:
	STARTER at 172.30.1.107 failed to send file(s) to <172.30.1.200:9618>: |Error: reading from file /var/lib/condor/execute/dir_3008542/*.png: (errno 2) No such file or directory; SHADOW failed to receive file(s) from <172.30.1.107:36867>
	Code 13 Subcode 2
...
004 (1248489.000.000) 2025-07-17 17:35:45 Job was evicted.
	(0) CPU times
		Usr 0 00:00:17, Sys 0 00:00:03  -  Run Remote Usage
		Usr 0 00:00:00, Sys 0 00:00:00  -  Run Local Usage
	854  -  Run Bytes Sent By Job
	690292608  -  Run Bytes Received By Job
	Transfer output files failure at execution point slot1_25@node-g7.localdomain while sending files to access point tamsa2. Details: reading from file /var/lib/condor/execute/dir_3008542/*.png: (errno 2) No such file or directory
	Partitionable Resources :    Usage  Request Allocated 
	   Cpus                 :        0        2         2 
	   Disk (KB)            :  2774365   750000    751616 
	   GPUs                 :                           0 
	   Memory (MB)          :     2149    16000     16000 
	   TimeExecute (s)      :       22                    
	   TimeSlotBusy (s)     :       39                    
...
012 (1248489.000.000) 2025-07-17 17:35:45 Job was held.
	Transfer output files failure at execution point slot1_25@node-g7.localdomain while sending files to access point tamsa2. Details: reading from file /var/lib/condor/execute/dir_3008542/*.png: (errno 2) No such file or directory
	Code 12 Subcode 2
...
009 (1248489.000.000) 2025-07-17 17:36:48 Job was aborted.
	via condor_rm (by user achihwan)

	Job terminated by itself at 2025-07-17T08:35:44Z (using method 0: OF_ITS_OWN_ACCORD).
...
000 (1250150.000.000) 2025-07-17 17:36:56 Job submitted from host: <172.30.1.200:9618?addrs=172.30.1.200-9618&alias=tamsa2&noUDP&sock=schedd_2531_a24a>
...
040 (1250150.000.000) 2025-07-17 17:40:36 Started transferring input files
	Transferring to host: <172.30.1.208:9618?addrs=172.30.1.208-9618&alias=node-w8.localdomain&noUDP&sock=slot1_3_4971_44e3_56893>
...
040 (1250150.000.000) 2025-07-17 17:40:40 Finished transferring input files
...
001 (1250150.000.000) 2025-07-17 17:40:40 Job executing on host: <172.30.1.208:9618?addrs=172.30.1.208-9618&alias=node-w8.localdomain&noUDP&sock=startd_4937_f328>
	SlotName: slot1_3@node-w8.localdomain
	CondorScratchDir = "/var/lib/condor/execute/dir_1020868"
	Cpus = 2
	Disk = 751616
	GPUs = 0
	Memory = 16000
...
006 (1250150.000.000) 2025-07-17 17:40:53 Image size of job updated: 1017712
	994  -  MemoryUsage of job (MB)
	1017712  -  ResidentSetSize of job (KB)
...
006 (1250150.000.000) 2025-07-17 17:41:02 Image size of job updated: 2199792
	2149  -  MemoryUsage of job (MB)
	2199792  -  ResidentSetSize of job (KB)
...
040 (1250150.000.000) 2025-07-17 17:41:02 Started transferring output files
...
040 (1250150.000.000) 2025-07-17 17:41:02 Finished transferring output files
...
021 (1250150.000.000) 2025-07-17 17:41:02 Error from starter on slot1_3@node-w8.localdomain:
	STARTER at 172.30.1.208 failed to send file(s) to <172.30.1.200:9618>: |Error: reading from file /var/lib/condor/execute/dir_1020868/*.png: (errno 2) No such file or directory; SHADOW failed to receive file(s) from <172.30.1.208:40407>
	Code 13 Subcode 2
...
004 (1250150.000.000) 2025-07-17 17:41:02 Job was evicted.
	(0) CPU times
		Usr 0 00:00:16, Sys 0 00:00:02  -  Run Remote Usage
		Usr 0 00:00:00, Sys 0 00:00:00  -  Run Local Usage
	738  -  Run Bytes Sent By Job
	690292608  -  Run Bytes Received By Job
	Transfer output files failure at execution point slot1_3@node-w8.localdomain while sending files to access point tamsa2. Details: reading from file /var/lib/condor/execute/dir_1020868/*.png: (errno 2) No such file or directory
	Partitionable Resources :    Usage  Request Allocated 
	   Cpus                 :        0        2         2 
	   Disk (KB)            :  2774365   750000    751616 
	   GPUs                 :                           0 
	   Memory (MB)          :     2149    16000     16000 
	   TimeExecute (s)      :       22                    
	   TimeSlotBusy (s)     :       26                    
...
012 (1250150.000.000) 2025-07-17 17:41:02 Job was held.
	Transfer output files failure at execution point slot1_3@node-w8.localdomain while sending files to access point tamsa2. Details: reading from file /var/lib/condor/execute/dir_1020868/*.png: (errno 2) No such file or directory
	Code 12 Subcode 2
...
000 (1251235.000.000) 2025-07-17 17:42:41 Job submitted from host: <172.30.1.200:9618?addrs=172.30.1.200-9618&alias=tamsa2&noUDP&sock=schedd_2531_a24a>
...
009 (1250150.000.000) 2025-07-17 17:42:45 Job was aborted.
	via condor_rm (by user achihwan)

	Job terminated by itself at 2025-07-17T08:41:02Z (using method 0: OF_ITS_OWN_ACCORD).
...
040 (1251235.000.000) 2025-07-17 17:43:03 Started transferring input files
	Transferring to host: <172.30.1.106:9618?addrs=172.30.1.106-9618&alias=node-g6.localdomain&noUDP&sock=slot1_9_4834_bd7e_16078>
...
040 (1251235.000.000) 2025-07-17 17:43:07 Finished transferring input files
...
001 (1251235.000.000) 2025-07-17 17:43:07 Job executing on host: <172.30.1.106:9618?addrs=172.30.1.106-9618&alias=node-g6.localdomain&noUDP&sock=startd_4799_4b16>
	SlotName: slot1_9@node-g6.localdomain
	CondorScratchDir = "/var/lib/condor/execute/dir_750411"
	Cpus = 2
	Disk = 751616
	GPUs = 0
	Memory = 16000
...
006 (1251235.000.000) 2025-07-17 17:43:21 Image size of job updated: 1208460
	1181  -  MemoryUsage of job (MB)
	1208460  -  ResidentSetSize of job (KB)
...
006 (1251235.000.000) 2025-07-17 17:43:29 Image size of job updated: 2199796
	2149  -  MemoryUsage of job (MB)
	2199796  -  ResidentSetSize of job (KB)
...
040 (1251235.000.000) 2025-07-17 17:43:29 Started transferring output files
...
040 (1251235.000.000) 2025-07-17 17:43:29 Finished transferring output files
...
021 (1251235.000.000) 2025-07-17 17:43:29 Error from starter on slot1_9@node-g6.localdomain:
	STARTER at 172.30.1.106 failed to send file(s) to <172.30.1.200:9618>: |Error: reading from file /var/lib/condor/execute/dir_750411/*.png: (errno 2) No such file or directory; SHADOW failed to receive file(s) from <172.30.1.106:41777>
	Code 13 Subcode 2
...
004 (1251235.000.000) 2025-07-17 17:43:29 Job was evicted.
	(0) CPU times
		Usr 0 00:00:15, Sys 0 00:00:04  -  Run Remote Usage
		Usr 0 00:00:00, Sys 0 00:00:00  -  Run Local Usage
	4428  -  Run Bytes Sent By Job
	690292608  -  Run Bytes Received By Job
	Transfer output files failure at execution point slot1_9@node-g6.localdomain while sending files to access point tamsa2. Details: reading from file /var/lib/condor/execute/dir_750411/*.png: (errno 2) No such file or directory
	Partitionable Resources :    Usage  Request Allocated 
	   Cpus                 :        0        2         2 
	   Disk (KB)            :  2774369   750000    751616 
	   GPUs                 :                           0 
	   Memory (MB)          :     2149    16000     16000 
	   TimeExecute (s)      :       22                    
	   TimeSlotBusy (s)     :       30                    
...
012 (1251235.000.000) 2025-07-17 17:43:29 Job was held.
	Transfer output files failure at execution point slot1_9@node-g6.localdomain while sending files to access point tamsa2. Details: reading from file /var/lib/condor/execute/dir_750411/*.png: (errno 2) No such file or directory
	Code 12 Subcode 2
...
009 (1251235.000.000) 2025-07-17 17:44:17 Job was aborted.
	via condor_rm (by user achihwan)

	Job terminated by itself at 2025-07-17T08:43:29Z (using method 0: OF_ITS_OWN_ACCORD).
...
000 (1253158.000.000) 2025-07-17 17:44:36 Job submitted from host: <172.30.1.200:9618?addrs=172.30.1.200-9618&alias=tamsa2&noUDP&sock=schedd_2531_a24a>
...
040 (1253158.000.000) 2025-07-17 17:44:54 Entered queue to transfer input files
	Transferring to host: <172.30.1.203:9618?addrs=172.30.1.203-9618&alias=node-w3.localdomain&noUDP&sock=slot1_8_4993_c524_82636>
...
040 (1253158.000.000) 2025-07-17 17:44:55 Started transferring input files
	Seconds spent in queue: 1
...
040 (1253158.000.000) 2025-07-17 17:44:57 Finished transferring input files
...
001 (1253158.000.000) 2025-07-17 17:44:57 Job executing on host: <172.30.1.203:9618?addrs=172.30.1.203-9618&alias=node-w3.localdomain&noUDP&sock=startd_4959_0a3d>
	SlotName: slot1_8@node-w3.localdomain
	CondorScratchDir = "/var/lib/condor/execute/dir_2428550"
	Cpus = 2
	Disk = 751616
	GPUs = 0
	Memory = 16000
...
006 (1253158.000.000) 2025-07-17 17:45:11 Image size of job updated: 1142672
	1116  -  MemoryUsage of job (MB)
	1142672  -  ResidentSetSize of job (KB)
...
006 (1253158.000.000) 2025-07-17 17:45:20 Image size of job updated: 2199788
	2149  -  MemoryUsage of job (MB)
	2199788  -  ResidentSetSize of job (KB)
...
040 (1253158.000.000) 2025-07-17 17:45:20 Started transferring output files
	Seconds spent in queue: 26
...
040 (1253158.000.000) 2025-07-17 17:45:20 Finished transferring output files
...
021 (1253158.000.000) 2025-07-17 17:45:20 Error from starter on slot1_8@node-w3.localdomain:
	STARTER at 172.30.1.203 failed to send file(s) to <172.30.1.200:9618>: |Error: reading from file /var/lib/condor/execute/dir_2428550/*.png: (errno 2) No such file or directory; SHADOW failed to receive file(s) from <172.30.1.203:46477>
	Code 13 Subcode 2
...
004 (1253158.000.000) 2025-07-17 17:45:20 Job was evicted.
	(0) CPU times
		Usr 0 00:00:16, Sys 0 00:00:02  -  Run Remote Usage
		Usr 0 00:00:00, Sys 0 00:00:00  -  Run Local Usage
	476  -  Run Bytes Sent By Job
	690292608  -  Run Bytes Received By Job
	Transfer output files failure at execution point slot1_8@node-w3.localdomain while sending files to access point tamsa2. Details: reading from file /var/lib/condor/execute/dir_2428550/*.png: (errno 2) No such file or directory
	Partitionable Resources :    Usage  Request Allocated 
	   Cpus                 :        0        2         2 
	   Disk (KB)            :  2774365   750000    751616 
	   GPUs                 :                           0 
	   Memory (MB)          :     2149    16000     16000 
	   TimeExecute (s)      :       23                    
	   TimeSlotBusy (s)     :       31                    
...
012 (1253158.000.000) 2025-07-17 17:45:20 Job was held.
	Transfer output files failure at execution point slot1_8@node-w3.localdomain while sending files to access point tamsa2. Details: reading from file /var/lib/condor/execute/dir_2428550/*.png: (errno 2) No such file or directory
	Code 12 Subcode 2
...
009 (1253158.000.000) 2025-07-17 17:54:41 Job was aborted.
	via condor_rm (by user achihwan)

	Job terminated by itself at 2025-07-17T08:45:20Z (using method 0: OF_ITS_OWN_ACCORD).
...
000 (1253225.000.000) 2025-07-17 17:58:18 Job submitted from host: <172.30.1.200:9618?addrs=172.30.1.200-9618&alias=tamsa2&noUDP&sock=schedd_2531_a24a>
...
040 (1253225.000.000) 2025-07-17 17:58:35 Entered queue to transfer input files
	Transferring to host: <172.30.1.217:9618?addrs=172.30.1.217-9618&alias=node-w17.localdomain&noUDP&sock=slot1_5_6391_c99d_117171>
...
040 (1253225.000.000) 2025-07-17 17:58:39 Started transferring input files
	Seconds spent in queue: 4
...
040 (1253225.000.000) 2025-07-17 17:58:41 Finished transferring input files
...
001 (1253225.000.000) 2025-07-17 17:58:41 Job executing on host: <172.30.1.217:9618?addrs=172.30.1.217-9618&alias=node-w17.localdomain&noUDP&sock=startd_6357_f3a4>
	SlotName: slot1_5@node-w17.localdomain
	CondorScratchDir = "/var/lib/condor/execute/dir_3979855"
	Cpus = 2
	Disk = 751616
	GPUs = 0
	Memory = 16000
...
006 (1253225.000.000) 2025-07-17 17:58:55 Image size of job updated: 1073000
	1048  -  MemoryUsage of job (MB)
	1073000  -  ResidentSetSize of job (KB)
...
006 (1253225.000.000) 2025-07-17 17:59:05 Image size of job updated: 2199792
	2149  -  MemoryUsage of job (MB)
	2199792  -  ResidentSetSize of job (KB)
...
040 (1253225.000.000) 2025-07-17 17:59:06 Started transferring output files
	Seconds spent in queue: 31
...
040 (1253225.000.000) 2025-07-17 17:59:06 Finished transferring output files
...
021 (1253225.000.000) 2025-07-17 17:59:06 Error from starter on slot1_5@node-w17.localdomain:
	STARTER at 172.30.1.217 failed to send file(s) to <172.30.1.200:9618>: |Error: reading from file /var/lib/condor/execute/dir_3979855/*.png: (errno 2) No such file or directory; SHADOW failed to receive file(s) from <172.30.1.217:45837>
	Code 13 Subcode 2
...
004 (1253225.000.000) 2025-07-17 17:59:06 Job was evicted.
	(0) CPU times
		Usr 0 00:00:18, Sys 0 00:00:04  -  Run Remote Usage
		Usr 0 00:00:00, Sys 0 00:00:00  -  Run Local Usage
	472  -  Run Bytes Sent By Job
	690292608  -  Run Bytes Received By Job
	Transfer output files failure at execution point slot1_5@node-w17.localdomain while sending files to access point tamsa2. Details: reading from file /var/lib/condor/execute/dir_3979855/*.png: (errno 2) No such file or directory
	Partitionable Resources :    Usage  Request Allocated 
	   Cpus                 :                 2         2 
	   Disk (KB)            :  2774358   750000    751616 
	   GPUs                 :                           0 
	   Memory (MB)          :     2149    16000     16000 
	   TimeExecute (s)      :       24                    
	   TimeSlotBusy (s)     :       38                    
...
012 (1253225.000.000) 2025-07-17 17:59:06 Job was held.
	Transfer output files failure at execution point slot1_5@node-w17.localdomain while sending files to access point tamsa2. Details: reading from file /var/lib/condor/execute/dir_3979855/*.png: (errno 2) No such file or directory
	Code 12 Subcode 2
...
009 (1253225.000.000) 2025-07-17 18:04:59 Job was aborted.
	via condor_rm (by user achihwan)

	Job terminated by itself at 2025-07-17T08:59:05Z (using method 0: OF_ITS_OWN_ACCORD).
...
000 (1253288.000.000) 2025-07-17 18:05:04 Job submitted from host: <172.30.1.200:9618?addrs=172.30.1.200-9618&alias=tamsa2&noUDP&sock=schedd_2531_a24a>
...
040 (1253288.000.000) 2025-07-17 18:05:29 Started transferring input files
	Transferring to host: <172.30.1.217:9618?addrs=172.30.1.217-9618&alias=node-w17.localdomain&noUDP&sock=slot1_13_6391_c99d_117222>
...
040 (1253288.000.000) 2025-07-17 18:05:32 Finished transferring input files
...
001 (1253288.000.000) 2025-07-17 18:05:32 Job executing on host: <172.30.1.217:9618?addrs=172.30.1.217-9618&alias=node-w17.localdomain&noUDP&sock=startd_6357_f3a4>
	SlotName: slot1_13@node-w17.localdomain
	CondorScratchDir = "/var/lib/condor/execute/dir_3985094"
	Cpus = 2
	Disk = 751616
	GPUs = 0
	Memory = 16000
...
006 (1253288.000.000) 2025-07-17 18:05:45 Image size of job updated: 1156360
	1130  -  MemoryUsage of job (MB)
	1156360  -  ResidentSetSize of job (KB)
...
006 (1253288.000.000) 2025-07-17 18:10:45 Image size of job updated: 4890012
	3021  -  MemoryUsage of job (MB)
	3092496  -  ResidentSetSize of job (KB)
...
004 (1253288.000.000) 2025-07-17 18:13:45 Job was evicted.
	(0) CPU times
		Usr 0 00:05:20, Sys 0 00:01:39  -  Run Remote Usage
		Usr 0 00:00:00, Sys 0 00:00:00  -  Run Local Usage
	0  -  Run Bytes Sent By Job
	690292544  -  Run Bytes Received By Job
	Partitionable Resources :      Usage  Request Allocated 
	   Cpus                 :       1.02        2         2 
	   Disk (KB)            : 2774381      750000    751616 
	   GPUs                 :                             0 
	   Memory (MB)          :    3021       16000     16000 
	   TimeExecute (s)      :     491                       
	   TimeSlotBusy (s)     :     502                       
...
009 (1253288.000.000) 2025-07-17 18:13:45 Job was aborted.
	via condor_rm (by user achihwan)
...
000 (1253352.000.000) 2025-07-17 18:13:49 Job submitted from host: <172.30.1.200:9618?addrs=172.30.1.200-9618&alias=tamsa2&noUDP&sock=schedd_2531_a24a>
...
040 (1253352.000.000) 2025-07-17 18:15:50 Started transferring input files
	Transferring to host: <172.30.1.208:9618?addrs=172.30.1.208-9618&alias=node-w8.localdomain&noUDP&sock=slot1_12_4971_44e3_56924>
...
040 (1253352.000.000) 2025-07-17 18:15:53 Finished transferring input files
...
001 (1253352.000.000) 2025-07-17 18:15:53 Job executing on host: <172.30.1.208:9618?addrs=172.30.1.208-9618&alias=node-w8.localdomain&noUDP&sock=startd_4937_f328>
	SlotName: slot1_12@node-w8.localdomain
	CondorScratchDir = "/var/lib/condor/execute/dir_1026516"
	Cpus = 2
	Disk = 751616
	GPUs = 0
	Memory = 16000
...
006 (1253352.000.000) 2025-07-17 18:16:07 Image size of job updated: 1140040
	1114  -  MemoryUsage of job (MB)
	1140040  -  ResidentSetSize of job (KB)
...
006 (1253352.000.000) 2025-07-17 18:21:08 Image size of job updated: 4406884
	3210  -  MemoryUsage of job (MB)
	3286484  -  ResidentSetSize of job (KB)
...
006 (1253352.000.000) 2025-07-17 18:23:23 Image size of job updated: 6364984
	3210  -  MemoryUsage of job (MB)
	3286496  -  ResidentSetSize of job (KB)
...
004 (1253352.000.000) 2025-07-17 18:23:23 Job was evicted.
	(0) CPU times
		Usr 0 00:06:07, Sys 0 00:00:38  -  Run Remote Usage
		Usr 0 00:00:00, Sys 0 00:00:00  -  Run Local Usage
	0  -  Run Bytes Sent By Job
	690292544  -  Run Bytes Received By Job
	Partitionable Resources :      Usage  Request Allocated 
	   Cpus                 :       0.94        2         2 
	   Disk (KB)            : 2774382      750000    751616 
	   GPUs                 :                             0 
	   Memory (MB)          :    3210       16000     16000 
	   TimeExecute (s)      :     448                       
	   TimeSlotBusy (s)     :     453                       
...
009 (1253352.000.000) 2025-07-17 18:23:23 Job was aborted.
	via condor_rm (by user achihwan)
...
000 (1253432.000.000) 2025-07-17 18:23:26 Job submitted from host: <172.30.1.200:9618?addrs=172.30.1.200-9618&alias=tamsa2&noUDP&sock=schedd_2531_a24a>
...
040 (1253432.000.000) 2025-07-17 18:23:53 Started transferring input files
	Transferring to host: <172.30.1.203:9618?addrs=172.30.1.203-9618&alias=node-w3.localdomain&noUDP&sock=slot1_10_4993_c524_82727>
...
040 (1253432.000.000) 2025-07-17 18:23:58 Finished transferring input files
...
001 (1253432.000.000) 2025-07-17 18:23:58 Job executing on host: <172.30.1.203:9618?addrs=172.30.1.203-9618&alias=node-w3.localdomain&noUDP&sock=startd_4959_0a3d>
	SlotName: slot1_10@node-w3.localdomain
	CondorScratchDir = "/var/lib/condor/execute/dir_2446478"
	Cpus = 2
	Disk = 751616
	GPUs = 0
	Memory = 16000
...
006 (1253432.000.000) 2025-07-17 18:24:12 Image size of job updated: 826040
	807  -  MemoryUsage of job (MB)
	826040  -  ResidentSetSize of job (KB)
...
006 (1253432.000.000) 2025-07-17 18:28:52 Image size of job updated: 4103300
	3129  -  MemoryUsage of job (MB)
	3203844  -  ResidentSetSize of job (KB)
...
004 (1253432.000.000) 2025-07-17 18:28:53 Job was evicted.
	(0) CPU times
		Usr 0 00:03:49, Sys 0 00:00:51  -  Run Remote Usage
		Usr 0 00:00:00, Sys 0 00:00:00  -  Run Local Usage
	0  -  Run Bytes Sent By Job
	690292608  -  Run Bytes Received By Job
	Partitionable Resources :      Usage  Request Allocated 
	   Cpus                 :       0.96        2         2 
	   Disk (KB)            : 2774381      750000    751616 
	   GPUs                 :                             0 
	   Memory (MB)          :    3129       16000     16000 
	   TimeExecute (s)      :     294                       
	   TimeSlotBusy (s)     :     306                       
...
009 (1253432.000.000) 2025-07-17 18:28:53 Job was aborted.
	via condor_rm (by user achihwan)
...
000 (1253492.000.000) 2025-07-17 18:29:04 Job submitted from host: <172.30.1.200:9618?addrs=172.30.1.200-9618&alias=tamsa2&noUDP&sock=schedd_2531_a24a>
...
040 (1253492.000.000) 2025-07-17 18:29:26 Started transferring input files
	Transferring to host: <172.30.1.203:9618?addrs=172.30.1.203-9618&alias=node-w3.localdomain&noUDP&sock=slot1_7_4993_c524_82747>
...
040 (1253492.000.000) 2025-07-17 18:29:30 Finished transferring input files
...
001 (1253492.000.000) 2025-07-17 18:29:30 Job executing on host: <172.30.1.203:9618?addrs=172.30.1.203-9618&alias=node-w3.localdomain&noUDP&sock=startd_4959_0a3d>
	SlotName: slot1_7@node-w3.localdomain
	CondorScratchDir = "/var/lib/condor/execute/dir_2449286"
	Cpus = 2
	Disk = 751616
	GPUs = 0
	Memory = 16000
...
006 (1253492.000.000) 2025-07-17 18:29:39 Image size of job updated: 831476
	812  -  MemoryUsage of job (MB)
	831476  -  ResidentSetSize of job (KB)
...
006 (1253492.000.000) 2025-07-17 18:34:40 Image size of job updated: 4595408
	3086  -  MemoryUsage of job (MB)
	3159272  -  ResidentSetSize of job (KB)
...
006 (1253492.000.000) 2025-07-17 18:39:40 Image size of job updated: 6405480
	3425  -  MemoryUsage of job (MB)
	3506960  -  ResidentSetSize of job (KB)
...
006 (1253492.000.000) 2025-07-17 18:44:40 Image size of job updated: 6405480
	3891  -  MemoryUsage of job (MB)
	3984336  -  ResidentSetSize of job (KB)
...
006 (1253492.000.000) 2025-07-17 18:49:41 Image size of job updated: 6405480
	4110  -  MemoryUsage of job (MB)
	4208616  -  ResidentSetSize of job (KB)
...
006 (1253492.000.000) 2025-07-17 18:51:49 Image size of job updated: 6405480
	4111  -  MemoryUsage of job (MB)
	4208704  -  ResidentSetSize of job (KB)
...
040 (1253492.000.000) 2025-07-17 18:51:49 Started transferring output files
...
040 (1253492.000.000) 2025-07-17 18:51:49 Finished transferring output files
...
005 (1253492.000.000) 2025-07-17 18:51:49 Job terminated.
	(1) Normal termination (return value 0)
		Usr 0 00:16:37, Sys 0 00:03:22  -  Run Remote Usage
		Usr 0 00:00:00, Sys 0 00:00:00  -  Run Local Usage
		Usr 0 00:16:37, Sys 0 00:03:22  -  Total Remote Usage
		Usr 0 00:00:00, Sys 0 00:00:00  -  Total Local Usage
	124978  -  Run Bytes Sent By Job
	690293184  -  Run Bytes Received By Job
	124978  -  Total Bytes Sent By Job
	690293184  -  Total Bytes Received By Job
	Partitionable Resources :      Usage  Request Allocated 
	   Cpus                 :       0.93        2         2 
	   Disk (KB)            : 2774585      750000    751616 
	   GPUs                 :                             0 
	   Memory (MB)          :    4111       16000     16000 
	   TimeExecute (s)      :    1339                       
	   TimeSlotBusy (s)     :    1346                       

	Job terminated of its own accord at 2025-07-17T09:51:49Z with exit-code 0.
...
