000 (1246625.000.000) 2025-07-17 16:10:34 Job submitted from host: <172.30.1.200:9618?addrs=172.30.1.200-9618&alias=tamsa2&noUDP&sock=schedd_2531_a24a>
...
040 (1246625.000.000) 2025-07-17 16:10:40 Started transferring input files
	Transferring to host: <172.30.1.205:9618?addrs=172.30.1.205-9618&alias=node-w5.localdomain&noUDP&sock=slot1_26_5098_c088_47431>
...
040 (1246625.000.000) 2025-07-17 16:10:40 Finished transferring input files
...
001 (1246625.000.000) 2025-07-17 16:10:40 Job executing on host: <172.30.1.205:9618?addrs=172.30.1.205-9618&alias=node-w5.localdomain&noUDP&sock=startd_5064_0faf>
	SlotName: slot1_26@node-w5.localdomain
	CondorScratchDir = "/var/lib/condor/execute/dir_2779354"
	Cpus = 2
	Disk = 2048
	GPUs = 0
	Memory = 16000
...
021 (1246625.000.000) 2025-07-17 16:10:45 Error from starter on slot1_26@node-w5.localdomain:
	Failed to execute '/var/lib/condor/execute/dir_2779354/run_QCDB_HT400to600.py': (errno=8: 'Exec format error')
	Code 6 Subcode 8
...
004 (1246625.000.000) 2025-07-17 16:10:45 Job was evicted.
	(0) CPU times
		Usr 0 00:00:00, Sys 0 00:00:00  -  Run Remote Usage
		Usr 0 00:00:00, Sys 0 00:00:00  -  Run Local Usage
	0  -  Run Bytes Sent By Job
	32514  -  Run Bytes Received By Job
	Error from slot1_26@node-w5.localdomain: Failed to execute '/var/lib/condor/execute/dir_2779354/run_QCDB_HT400to600.py': (errno=8: 'Exec format error')
	Partitionable Resources :    Usage  Request Allocated 
	   Cpus                 :                 2         2 
	   Disk (KB)            :       35       35      2048 
	   GPUs                 :                           0 
	   Memory (MB)          :             16000     16000 
	   TimeSlotBusy (s)     :        5                    
...
012 (1246625.000.000) 2025-07-17 16:10:45 Job was held.
	Error from slot1_26@node-w5.localdomain: Failed to execute '/var/lib/condor/execute/dir_2779354/run_QCDB_HT400to600.py': (errno=8: 'Exec format error')
	Code 6 Subcode 8
...
009 (1246625.000.000) 2025-07-17 16:11:55 Job was aborted.
	via condor_rm (by user achihwan)
...
000 (1246675.000.000) 2025-07-17 16:14:06 Job submitted from host: <172.30.1.200:9618?addrs=172.30.1.200-9618&alias=tamsa2&noUDP&sock=schedd_2531_a24a>
...
040 (1246675.000.000) 2025-07-17 16:14:23 Started transferring input files
	Transferring to host: <172.30.1.220:9618?addrs=172.30.1.220-9618&alias=node-w20.localdomain&noUDP&sock=slot1_14_5233_df2e_134306>
...
040 (1246675.000.000) 2025-07-17 16:14:23 Finished transferring input files
...
001 (1246675.000.000) 2025-07-17 16:14:23 Job executing on host: <172.30.1.220:9618?addrs=172.30.1.220-9618&alias=node-w20.localdomain&noUDP&sock=startd_5199_a8f8>
	SlotName: slot1_14@node-w20.localdomain
	CondorScratchDir = "/var/lib/condor/execute/dir_3035349"
	Cpus = 2
	Disk = 2048
	GPUs = 0
	Memory = 16000
...
021 (1246675.000.000) 2025-07-17 16:14:28 Error from starter on slot1_14@node-w20.localdomain:
	Failed to execute '/var/lib/condor/execute/dir_3035349/run_QCDB_HT400to600.py' with arguments python *.py: (errno=8: 'Exec format error')
	Code 6 Subcode 8
...
004 (1246675.000.000) 2025-07-17 16:14:28 Job was evicted.
	(0) CPU times
		Usr 0 00:00:00, Sys 0 00:00:00  -  Run Remote Usage
		Usr 0 00:00:00, Sys 0 00:00:00  -  Run Local Usage
	0  -  Run Bytes Sent By Job
	32514  -  Run Bytes Received By Job
	Error from slot1_14@node-w20.localdomain: Failed to execute '/var/lib/condor/execute/dir_3035349/run_QCDB_HT400to600.py' with arguments python *.py: (errno=8: 'Exec format error')
	Partitionable Resources :    Usage  Request Allocated 
	   Cpus                 :                 2         2 
	   Disk (KB)            :       35       35      2048 
	   GPUs                 :                           0 
	   Memory (MB)          :             16000     16000 
	   TimeSlotBusy (s)     :        5                    
...
012 (1246675.000.000) 2025-07-17 16:14:28 Job was held.
	Error from slot1_14@node-w20.localdomain: Failed to execute '/var/lib/condor/execute/dir_3035349/run_QCDB_HT400to600.py' with arguments python *.py: (errno=8: 'Exec format error')
	Code 6 Subcode 8
...
009 (1246675.000.000) 2025-07-17 16:16:03 Job was aborted.
	via condor_rm (by user achihwan)
...
000 (1247375.000.000) 2025-07-17 16:30:13 Job submitted from host: <172.30.1.200:9618?addrs=172.30.1.200-9618&alias=tamsa2&noUDP&sock=schedd_2531_a24a>
...
040 (1247375.000.000) 2025-07-17 16:30:15 Started transferring input files
	Transferring to host: <172.30.1.104:9618?addrs=172.30.1.104-9618&alias=node-g4.localdomain&noUDP&sock=slot1_22_5231_766e_14655>
...
040 (1247375.000.000) 2025-07-17 16:30:15 Finished transferring input files
...
001 (1247375.000.000) 2025-07-17 16:30:15 Job executing on host: <172.30.1.104:9618?addrs=172.30.1.104-9618&alias=node-g4.localdomain&noUDP&sock=startd_5197_49c8>
	SlotName: slot1_22@node-g4.localdomain
	CondorScratchDir = "/var/lib/condor/execute/dir_3371209"
	Cpus = 2
	Disk = 2048
	GPUs = 0
	Memory = 16000
...
006 (1247375.000.000) 2025-07-17 16:30:20 Image size of job updated: 88
	1  -  MemoryUsage of job (MB)
	4  -  ResidentSetSize of job (KB)
...
040 (1247375.000.000) 2025-07-17 16:30:20 Started transferring output files
...
040 (1247375.000.000) 2025-07-17 16:30:20 Finished transferring output files
...
021 (1247375.000.000) 2025-07-17 16:30:20 Error from starter on slot1_22@node-g4.localdomain:
	STARTER at 172.30.1.104 failed to send file(s) to <172.30.1.200:9618>: |Error: reading from file /var/lib/condor/execute/dir_3371209/*.png: (errno 2) No such file or directory; SHADOW failed to receive file(s) from <172.30.1.104:44797>
	Code 13 Subcode 2
...
004 (1247375.000.000) 2025-07-17 16:30:20 Job was evicted.
	(0) CPU times
		Usr 0 00:00:00, Sys 0 00:00:00  -  Run Remote Usage
		Usr 0 00:00:00, Sys 0 00:00:00  -  Run Local Usage
	147  -  Run Bytes Sent By Job
	32567  -  Run Bytes Received By Job
	Transfer output files failure at execution point slot1_22@node-g4.localdomain while sending files to access point tamsa2. Details: reading from file /var/lib/condor/execute/dir_3371209/*.png: (errno 2) No such file or directory
	Partitionable Resources :    Usage  Request Allocated 
	   Cpus                 :                 2         2 
	   Disk (KB)            :       48       35      2048 
	   GPUs                 :                           0 
	   Memory (MB)          :        1    16000     16000 
	   TimeExecute (s)      :        5                    
	   TimeSlotBusy (s)     :        6                    
...
012 (1247375.000.000) 2025-07-17 16:30:20 Job was held.
	Transfer output files failure at execution point slot1_22@node-g4.localdomain while sending files to access point tamsa2. Details: reading from file /var/lib/condor/execute/dir_3371209/*.png: (errno 2) No such file or directory
	Code 12 Subcode 2
...
009 (1247375.000.000) 2025-07-17 16:32:04 Job was aborted.
	via condor_rm (by user achihwan)

	Job terminated by itself at 2025-07-17T07:30:20Z (using method 0: OF_ITS_OWN_ACCORD).
...
000 (1247435.000.000) 2025-07-17 16:32:06 Job submitted from host: <172.30.1.200:9618?addrs=172.30.1.200-9618&alias=tamsa2&noUDP&sock=schedd_2531_a24a>
...
040 (1247435.000.000) 2025-07-17 16:32:07 Started transferring input files
	Transferring to host: <172.30.1.109:9618?addrs=172.30.1.109-9618&alias=node-g9.localdomain&noUDP&sock=slot1_6_5793_7145_22575>
...
040 (1247435.000.000) 2025-07-17 16:32:07 Finished transferring input files
...
001 (1247435.000.000) 2025-07-17 16:32:07 Job executing on host: <172.30.1.109:9618?addrs=172.30.1.109-9618&alias=node-g9.localdomain&noUDP&sock=startd_5759_c601>
	SlotName: slot1_6@node-g9.localdomain
	CondorScratchDir = "/var/lib/condor/execute/dir_1084440"
	Cpus = 2
	Disk = 2048
	GPUs = 0
	Memory = 16000
...
006 (1247435.000.000) 2025-07-17 16:32:13 Image size of job updated: 104
	1  -  MemoryUsage of job (MB)
	4  -  ResidentSetSize of job (KB)
...
040 (1247435.000.000) 2025-07-17 16:32:13 Started transferring output files
...
040 (1247435.000.000) 2025-07-17 16:32:13 Finished transferring output files
...
021 (1247435.000.000) 2025-07-17 16:32:13 Error from starter on slot1_6@node-g9.localdomain:
	STARTER at 172.30.1.109 failed to send file(s) to <172.30.1.200:9618>: |Error: reading from file /var/lib/condor/execute/dir_1084440/*.png: (errno 2) No such file or directory; SHADOW failed to receive file(s) from <172.30.1.109:34987>
	Code 13 Subcode 2
...
004 (1247435.000.000) 2025-07-17 16:32:13 Job was evicted.
	(0) CPU times
		Usr 0 00:00:00, Sys 0 00:00:00  -  Run Remote Usage
		Usr 0 00:00:00, Sys 0 00:00:00  -  Run Local Usage
	118  -  Run Bytes Sent By Job
	32556  -  Run Bytes Received By Job
	Transfer output files failure at execution point slot1_6@node-g9.localdomain while sending files to access point tamsa2. Details: reading from file /var/lib/condor/execute/dir_1084440/*.png: (errno 2) No such file or directory
	Partitionable Resources :    Usage  Request Allocated 
	   Cpus                 :        0        2         2 
	   Disk (KB)            :       55       35      2048 
	   GPUs                 :                           0 
	   Memory (MB)          :        1    16000     16000 
	   TimeExecute (s)      :        6                    
	   TimeSlotBusy (s)     :        6                    
...
012 (1247435.000.000) 2025-07-17 16:32:13 Job was held.
	Transfer output files failure at execution point slot1_6@node-g9.localdomain while sending files to access point tamsa2. Details: reading from file /var/lib/condor/execute/dir_1084440/*.png: (errno 2) No such file or directory
	Code 12 Subcode 2
...
009 (1247435.000.000) 2025-07-17 16:36:30 Job was aborted.
	via condor_rm (by user achihwan)

	Job terminated by itself at 2025-07-17T07:32:12Z (using method 0: OF_ITS_OWN_ACCORD).
...
000 (1247495.000.000) 2025-07-17 16:36:33 Job submitted from host: <172.30.1.200:9618?addrs=172.30.1.200-9618&alias=tamsa2&noUDP&sock=schedd_2531_a24a>
...
040 (1247495.000.000) 2025-07-17 16:36:34 Started transferring input files
	Transferring to host: <172.30.1.214:9618?addrs=172.30.1.214-9618&alias=node-w14.localdomain&noUDP&sock=slot1_4_5193_b02c_90599>
...
001 (1247495.000.000) 2025-07-17 16:36:34 Job executing on host: <172.30.1.214:9618?addrs=172.30.1.214-9618&alias=node-w14.localdomain&noUDP&sock=startd_5159_392e>
	SlotName: slot1_4@node-w14.localdomain
	CondorScratchDir = "/var/lib/condor/execute/dir_686847"
	Cpus = 2
	Disk = 2048
	GPUs = 0
	Memory = 16000
...
040 (1247495.000.000) 2025-07-17 16:36:34 Finished transferring input files
...
006 (1247495.000.000) 2025-07-17 16:36:39 Image size of job updated: 20
	1  -  MemoryUsage of job (MB)
	8  -  ResidentSetSize of job (KB)
...
040 (1247495.000.000) 2025-07-17 16:36:39 Started transferring output files
...
040 (1247495.000.000) 2025-07-17 16:36:39 Finished transferring output files
...
021 (1247495.000.000) 2025-07-17 16:36:39 Error from starter on slot1_4@node-w14.localdomain:
	STARTER at 172.30.1.214 failed to send file(s) to <172.30.1.200:9618>: |Error: reading from file /var/lib/condor/execute/dir_686847/*.png: (errno 2) No such file or directory; SHADOW failed to receive file(s) from <172.30.1.214:43617>
	Code 13 Subcode 2
...
004 (1247495.000.000) 2025-07-17 16:36:39 Job was evicted.
	(0) CPU times
		Usr 0 00:00:00, Sys 0 00:00:00  -  Run Remote Usage
		Usr 0 00:00:00, Sys 0 00:00:00  -  Run Local Usage
	222  -  Run Bytes Sent By Job
	32560  -  Run Bytes Received By Job
	Transfer output files failure at execution point slot1_4@node-w14.localdomain while sending files to access point tamsa2. Details: reading from file /var/lib/condor/execute/dir_686847/*.png: (errno 2) No such file or directory
	Partitionable Resources :    Usage  Request Allocated 
	   Cpus                 :        0        2         2 
	   Disk (KB)            :       55       35      2048 
	   GPUs                 :                           0 
	   Memory (MB)          :        1    16000     16000 
	   TimeExecute (s)      :        5                    
	   TimeSlotBusy (s)     :        5                    
...
012 (1247495.000.000) 2025-07-17 16:36:39 Job was held.
	Transfer output files failure at execution point slot1_4@node-w14.localdomain while sending files to access point tamsa2. Details: reading from file /var/lib/condor/execute/dir_686847/*.png: (errno 2) No such file or directory
	Code 12 Subcode 2
...
009 (1247495.000.000) 2025-07-17 16:38:09 Job was aborted.
	via condor_rm (by user achihwan)

	Job terminated by itself at 2025-07-17T07:36:39Z (using method 0: OF_ITS_OWN_ACCORD).
...
000 (1247554.000.000) 2025-07-17 16:38:15 Job submitted from host: <172.30.1.200:9618?addrs=172.30.1.200-9618&alias=tamsa2&noUDP&sock=schedd_2531_a24a>
...
040 (1247554.000.000) 2025-07-17 16:38:37 Started transferring input files
	Transferring to host: <172.30.1.213:9618?addrs=172.30.1.213-9618&alias=node-w13.localdomain&noUDP&sock=slot1_17_4972_f943_93916>
...
001 (1247554.000.000) 2025-07-17 16:38:37 Job executing on host: <172.30.1.213:9618?addrs=172.30.1.213-9618&alias=node-w13.localdomain&noUDP&sock=startd_4938_a2c0>
	SlotName: slot1_17@node-w13.localdomain
	CondorScratchDir = "/var/lib/condor/execute/dir_3822936"
	Cpus = 2
	Disk = 2048
	GPUs = 0
	Memory = 16000
...
040 (1247554.000.000) 2025-07-17 16:38:37 Finished transferring input files
...
006 (1247554.000.000) 2025-07-17 16:38:42 Image size of job updated: 176
	1  -  MemoryUsage of job (MB)
	8  -  ResidentSetSize of job (KB)
...
040 (1247554.000.000) 2025-07-17 16:38:42 Started transferring output files
...
040 (1247554.000.000) 2025-07-17 16:38:42 Finished transferring output files
...
021 (1247554.000.000) 2025-07-17 16:38:42 Error from starter on slot1_17@node-w13.localdomain:
	STARTER at 172.30.1.213 failed to send file(s) to <172.30.1.200:9618>: |Error: reading from file /var/lib/condor/execute/dir_3822936/*.png: (errno 2) No such file or directory; SHADOW failed to receive file(s) from <172.30.1.213:42021>
	Code 13 Subcode 2
...
004 (1247554.000.000) 2025-07-17 16:38:42 Job was evicted.
	(0) CPU times
		Usr 0 00:00:00, Sys 0 00:00:00  -  Run Remote Usage
		Usr 0 00:00:00, Sys 0 00:00:00  -  Run Local Usage
	293  -  Run Bytes Sent By Job
	32564  -  Run Bytes Received By Job
	Transfer output files failure at execution point slot1_17@node-w13.localdomain while sending files to access point tamsa2. Details: reading from file /var/lib/condor/execute/dir_3822936/*.png: (errno 2) No such file or directory
	Partitionable Resources :    Usage  Request Allocated 
	   Cpus                 :        0        2         2 
	   Disk (KB)            :       55       35      2048 
	   GPUs                 :                           0 
	   Memory (MB)          :        1    16000     16000 
	   TimeExecute (s)      :        5                    
	   TimeSlotBusy (s)     :        5                    
...
012 (1247554.000.000) 2025-07-17 16:38:42 Job was held.
	Transfer output files failure at execution point slot1_17@node-w13.localdomain while sending files to access point tamsa2. Details: reading from file /var/lib/condor/execute/dir_3822936/*.png: (errno 2) No such file or directory
	Code 12 Subcode 2
...
009 (1247554.000.000) 2025-07-17 16:41:21 Job was aborted.
	via condor_rm (by user achihwan)

	Job terminated by itself at 2025-07-17T07:38:42Z (using method 0: OF_ITS_OWN_ACCORD).
...
000 (1247616.000.000) 2025-07-17 16:51:11 Job submitted from host: <172.30.1.200:9618?addrs=172.30.1.200-9618&alias=tamsa2&noUDP&sock=schedd_2531_a24a>
...
040 (1247616.000.000) 2025-07-17 16:51:12 Started transferring input files
	Transferring to host: <172.30.1.212:9618?addrs=172.30.1.212-9618&alias=node-w12.localdomain&noUDP&sock=slot1_2_4978_3384_91694>
...
040 (1247616.000.000) 2025-07-17 16:51:16 Finished transferring input files
...
001 (1247616.000.000) 2025-07-17 16:51:16 Job executing on host: <172.30.1.212:9618?addrs=172.30.1.212-9618&alias=node-w12.localdomain&noUDP&sock=startd_4944_c052>
	SlotName: slot1_2@node-w12.localdomain
	CondorScratchDir = "/var/lib/condor/execute/dir_1073548"
	Cpus = 2
	Disk = 751616
	GPUs = 0
	Memory = 16000
...
006 (1247616.000.000) 2025-07-17 16:51:30 Image size of job updated: 672532
	657  -  MemoryUsage of job (MB)
	672532  -  ResidentSetSize of job (KB)
...
006 (1247616.000.000) 2025-07-17 16:51:47 Image size of job updated: 2199792
	2149  -  MemoryUsage of job (MB)
	2199792  -  ResidentSetSize of job (KB)
...
040 (1247616.000.000) 2025-07-17 16:51:48 Started transferring output files
...
040 (1247616.000.000) 2025-07-17 16:51:48 Finished transferring output files
...
021 (1247616.000.000) 2025-07-17 16:51:48 Error from starter on slot1_2@node-w12.localdomain:
	STARTER at 172.30.1.212 failed to send file(s) to <172.30.1.200:9618>: |Error: reading from file /var/lib/condor/execute/dir_1073548/*.png: (errno 2) No such file or directory; SHADOW failed to receive file(s) from <172.30.1.212:46457>
	Code 13 Subcode 2
...
004 (1247616.000.000) 2025-07-17 16:51:48 Job was evicted.
	(0) CPU times
		Usr 0 00:00:21, Sys 0 00:00:04  -  Run Remote Usage
		Usr 0 00:00:00, Sys 0 00:00:00  -  Run Local Usage
	632  -  Run Bytes Sent By Job
	690289408  -  Run Bytes Received By Job
	Transfer output files failure at execution point slot1_2@node-w12.localdomain while sending files to access point tamsa2. Details: reading from file /var/lib/condor/execute/dir_1073548/*.png: (errno 2) No such file or directory
	Partitionable Resources :    Usage  Request Allocated 
	   Cpus                 :        0        2         2 
	   Disk (KB)            :  2774362   750000    751616 
	   GPUs                 :                           0 
	   Memory (MB)          :     2149    16000     16000 
	   TimeExecute (s)      :       31                    
	   TimeSlotBusy (s)     :       36                    
...
012 (1247616.000.000) 2025-07-17 16:51:48 Job was held.
	Transfer output files failure at execution point slot1_2@node-w12.localdomain while sending files to access point tamsa2. Details: reading from file /var/lib/condor/execute/dir_1073548/*.png: (errno 2) No such file or directory
	Code 12 Subcode 2
...
009 (1247616.000.000) 2025-07-17 17:02:33 Job was aborted.
	via condor_rm (by user achihwan)

	Job terminated by itself at 2025-07-17T07:51:47Z (using method 0: OF_ITS_OWN_ACCORD).
...
000 (1247677.000.000) 2025-07-17 17:02:53 Job submitted from host: <172.30.1.200:9618?addrs=172.30.1.200-9618&alias=tamsa2&noUDP&sock=schedd_2531_a24a>
...
040 (1247677.000.000) 2025-07-17 17:03:14 Started transferring input files
	Transferring to host: <172.30.1.213:9618?addrs=172.30.1.213-9618&alias=node-w13.localdomain&noUDP&sock=slot1_20_4972_f943_94076>
...
040 (1247677.000.000) 2025-07-17 17:03:14 Finished transferring input files
...
040 (1247677.000.000) 2025-07-17 17:03:15 Started transferring output files
...
021 (1247677.000.000) 2025-07-17 17:03:15 Error from starter on slot1_20@node-w13.localdomain:
	Failed to transfer files: SHADOW at 172.30.1.200 failed to send file(s) to <172.30.1.213:41511>: |Error: reading from file /data6/Users/achihwan/hepenv.tar.gz: (errno 2) No such file or directory; STARTER failed to receive file(s) from <172.30.1.200:9618>
	Code 13 Subcode 2
...
004 (1247677.000.000) 2025-07-17 17:03:15 Job was evicted.
	(0) CPU times
		Usr 0 00:00:00, Sys 0 00:00:00  -  Run Remote Usage
		Usr 0 00:00:00, Sys 0 00:00:00  -  Run Local Usage
	0  -  Run Bytes Sent By Job
	32608  -  Run Bytes Received By Job
	Transfer input files failure at access point tamsa2 while sending files to execution point slot1_20@node-w13.localdomain. Details: reading from file /data6/Users/achihwan/hepenv.tar.gz: (errno 2) No such file or directory
	Partitionable Resources :    Usage  Request Allocated 
	   Cpus                 :                 2         2 
	   Disk (KB)            :       48       35      2048 
	   GPUs                 :                           0 
	   Memory (MB)          :             16000     16000 
...
012 (1247677.000.000) 2025-07-17 17:03:15 Job was held.
	Transfer input files failure at access point tamsa2 while sending files to execution point slot1_20@node-w13.localdomain. Details: reading from file /data6/Users/achihwan/hepenv.tar.gz: (errno 2) No such file or directory
	Code 13 Subcode 2
...
009 (1247677.000.000) 2025-07-17 17:05:02 Job was aborted.
	via condor_rm (by user achihwan)
...
000 (1247737.000.000) 2025-07-17 17:05:05 Job submitted from host: <172.30.1.200:9618?addrs=172.30.1.200-9618&alias=tamsa2&noUDP&sock=schedd_2531_a24a>
...
040 (1247737.000.000) 2025-07-17 17:05:06 Started transferring input files
	Transferring to host: <172.30.1.215:9618?addrs=172.30.1.215-9618&alias=node-w15.localdomain&noUDP&sock=slot1_3_5185_0d2c_105083>
...
040 (1247737.000.000) 2025-07-17 17:05:06 Finished transferring input files
...
040 (1247737.000.000) 2025-07-17 17:05:07 Started transferring output files
...
021 (1247737.000.000) 2025-07-17 17:05:07 Error from starter on slot1_3@node-w15.localdomain:
	Failed to transfer files: SHADOW at 172.30.1.200 failed to send file(s) to <172.30.1.215:43061>: |Error: reading from file /data6/Users/achihwan/hepenv.tar.gz: (errno 2) No such file or directory; STARTER failed to receive file(s) from <172.30.1.200:9618>
	Code 13 Subcode 2
...
004 (1247737.000.000) 2025-07-17 17:05:07 Job was evicted.
	(0) CPU times
		Usr 0 00:00:00, Sys 0 00:00:00  -  Run Remote Usage
		Usr 0 00:00:00, Sys 0 00:00:00  -  Run Local Usage
	0  -  Run Bytes Sent By Job
	32558  -  Run Bytes Received By Job
	Transfer input files failure at access point tamsa2 while sending files to execution point slot1_3@node-w15.localdomain. Details: reading from file /data6/Users/achihwan/hepenv.tar.gz: (errno 2) No such file or directory
	Partitionable Resources :    Usage  Request Allocated 
	   Cpus                 :                 2         2 
	   Disk (KB)            :       48       35      2048 
	   GPUs                 :                           0 
	   Memory (MB)          :             16000     16000 
...
012 (1247737.000.000) 2025-07-17 17:05:07 Job was held.
	Transfer input files failure at access point tamsa2 while sending files to execution point slot1_3@node-w15.localdomain. Details: reading from file /data6/Users/achihwan/hepenv.tar.gz: (errno 2) No such file or directory
	Code 13 Subcode 2
...
009 (1247737.000.000) 2025-07-17 17:06:33 Job was aborted.
	via condor_rm (by user achihwan)
...
000 (1247796.000.000) 2025-07-17 17:06:36 Job submitted from host: <172.30.1.200:9618?addrs=172.30.1.200-9618&alias=tamsa2&noUDP&sock=schedd_2531_a24a>
...
040 (1247796.000.000) 2025-07-17 17:06:48 Started transferring input files
	Transferring to host: <172.30.1.221:9618?addrs=172.30.1.221-9618&alias=node-w21.localdomain&noUDP&sock=slot1_5_6000_4aed_140278>
...
001 (1247796.000.000) 2025-07-17 17:06:48 Job executing on host: <172.30.1.221:9618?addrs=172.30.1.221-9618&alias=node-w21.localdomain&noUDP&sock=startd_5966_c21c>
	SlotName: slot1_5@node-w21.localdomain
	CondorScratchDir = "/var/lib/condor/execute/dir_2323017"
	Cpus = 2
	Disk = 2048
	GPUs = 0
	Memory = 16000
...
040 (1247796.000.000) 2025-07-17 17:06:48 Finished transferring input files
...
006 (1247796.000.000) 2025-07-17 17:06:53 Image size of job updated: 24
	1  -  MemoryUsage of job (MB)
	12  -  ResidentSetSize of job (KB)
...
040 (1247796.000.000) 2025-07-17 17:06:53 Started transferring output files
...
040 (1247796.000.000) 2025-07-17 17:06:53 Finished transferring output files
...
021 (1247796.000.000) 2025-07-17 17:06:53 Error from starter on slot1_5@node-w21.localdomain:
	STARTER at 172.30.1.221 failed to send file(s) to <172.30.1.200:9618>: |Error: reading from file /var/lib/condor/execute/dir_2323017/*.png: (errno 2) No such file or directory; SHADOW failed to receive file(s) from <172.30.1.221:41913>
	Code 13 Subcode 2
...
004 (1247796.000.000) 2025-07-17 17:06:53 Job was evicted.
	(0) CPU times
		Usr 0 00:00:00, Sys 0 00:00:00  -  Run Remote Usage
		Usr 0 00:00:00, Sys 0 00:00:00  -  Run Local Usage
	293  -  Run Bytes Sent By Job
	32558  -  Run Bytes Received By Job
	Transfer output files failure at execution point slot1_5@node-w21.localdomain while sending files to access point tamsa2. Details: reading from file /var/lib/condor/execute/dir_2323017/*.png: (errno 2) No such file or directory
	Partitionable Resources :    Usage  Request Allocated 
	   Cpus                 :        0        2         2 
	   Disk (KB)            :       55       35      2048 
	   GPUs                 :                           0 
	   Memory (MB)          :        1    16000     16000 
	   TimeExecute (s)      :        5                    
	   TimeSlotBusy (s)     :        5                    
...
012 (1247796.000.000) 2025-07-17 17:06:53 Job was held.
	Transfer output files failure at execution point slot1_5@node-w21.localdomain while sending files to access point tamsa2. Details: reading from file /var/lib/condor/execute/dir_2323017/*.png: (errno 2) No such file or directory
	Code 12 Subcode 2
...
009 (1247796.000.000) 2025-07-17 17:08:14 Job was aborted.
	via condor_rm (by user achihwan)

	Job terminated by itself at 2025-07-17T08:06:53Z (using method 0: OF_ITS_OWN_ACCORD).
...
000 (1247855.000.000) 2025-07-17 17:08:20 Job submitted from host: <172.30.1.200:9618?addrs=172.30.1.200-9618&alias=tamsa2&noUDP&sock=schedd_2531_a24a>
...
040 (1247855.000.000) 2025-07-17 17:08:21 Started transferring input files
	Transferring to host: <172.30.1.220:9618?addrs=172.30.1.220-9618&alias=node-w20.localdomain&noUDP&sock=slot1_16_5233_df2e_134697>
...
001 (1247855.000.000) 2025-07-17 17:08:21 Job executing on host: <172.30.1.220:9618?addrs=172.30.1.220-9618&alias=node-w20.localdomain&noUDP&sock=startd_5199_a8f8>
	SlotName: slot1_16@node-w20.localdomain
	CondorScratchDir = "/var/lib/condor/execute/dir_3104480"
	Cpus = 2
	Disk = 2048
	GPUs = 0
	Memory = 16000
...
040 (1247855.000.000) 2025-07-17 17:08:21 Finished transferring input files
...
006 (1247855.000.000) 2025-07-17 17:08:26 Image size of job updated: 184
	1  -  MemoryUsage of job (MB)
	8  -  ResidentSetSize of job (KB)
...
040 (1247855.000.000) 2025-07-17 17:08:26 Started transferring output files
...
040 (1247855.000.000) 2025-07-17 17:08:26 Finished transferring output files
...
021 (1247855.000.000) 2025-07-17 17:08:26 Error from starter on slot1_16@node-w20.localdomain:
	STARTER at 172.30.1.220 failed to send file(s) to <172.30.1.200:9618>: |Error: reading from file /var/lib/condor/execute/dir_3104480/*.png: (errno 2) No such file or directory; SHADOW failed to receive file(s) from <172.30.1.220:37965>
	Code 13 Subcode 2
...
004 (1247855.000.000) 2025-07-17 17:08:26 Job was evicted.
	(0) CPU times
		Usr 0 00:00:00, Sys 0 00:00:00  -  Run Remote Usage
		Usr 0 00:00:00, Sys 0 00:00:00  -  Run Local Usage
	293  -  Run Bytes Sent By Job
	32558  -  Run Bytes Received By Job
	Transfer output files failure at execution point slot1_16@node-w20.localdomain while sending files to access point tamsa2. Details: reading from file /var/lib/condor/execute/dir_3104480/*.png: (errno 2) No such file or directory
	Partitionable Resources :    Usage  Request Allocated 
	   Cpus                 :        0        2         2 
	   Disk (KB)            :       55       35      2048 
	   GPUs                 :                           0 
	   Memory (MB)          :        1    16000     16000 
	   TimeExecute (s)      :        5                    
	   TimeSlotBusy (s)     :        5                    
...
012 (1247855.000.000) 2025-07-17 17:08:26 Job was held.
	Transfer output files failure at execution point slot1_16@node-w20.localdomain while sending files to access point tamsa2. Details: reading from file /var/lib/condor/execute/dir_3104480/*.png: (errno 2) No such file or directory
	Code 12 Subcode 2
...
009 (1247855.000.000) 2025-07-17 17:08:34 Job was aborted.
	via condor_rm (by user achihwan)

	Job terminated by itself at 2025-07-17T08:08:26Z (using method 0: OF_ITS_OWN_ACCORD).
...
000 (1247914.000.000) 2025-07-17 17:08:49 Job submitted from host: <172.30.1.200:9618?addrs=172.30.1.200-9618&alias=tamsa2&noUDP&sock=schedd_2531_a24a>
...
040 (1247914.000.000) 2025-07-17 17:09:03 Started transferring input files
	Transferring to host: <172.30.1.209:9618?addrs=172.30.1.209-9618&alias=node-w9.localdomain&noUDP&sock=slot1_20_5028_6e46_35244>
...
040 (1247914.000.000) 2025-07-17 17:09:03 Finished transferring input files
...
001 (1247914.000.000) 2025-07-17 17:09:03 Job executing on host: <172.30.1.209:9618?addrs=172.30.1.209-9618&alias=node-w9.localdomain&noUDP&sock=startd_4994_0c0e>
	SlotName: slot1_20@node-w9.localdomain
	CondorScratchDir = "/var/lib/condor/execute/dir_4068894"
	Cpus = 2
	Disk = 2048
	GPUs = 0
	Memory = 16000
...
006 (1247914.000.000) 2025-07-17 17:09:08 Image size of job updated: 152
	1  -  MemoryUsage of job (MB)
	8  -  ResidentSetSize of job (KB)
...
040 (1247914.000.000) 2025-07-17 17:09:08 Started transferring output files
...
040 (1247914.000.000) 2025-07-17 17:09:08 Finished transferring output files
...
021 (1247914.000.000) 2025-07-17 17:09:08 Error from starter on slot1_20@node-w9.localdomain:
	STARTER at 172.30.1.209 failed to send file(s) to <172.30.1.200:9618>: |Error: reading from file /var/lib/condor/execute/dir_4068894/*.png: (errno 2) No such file or directory; SHADOW failed to receive file(s) from <172.30.1.209:40067>
	Code 13 Subcode 2
...
004 (1247914.000.000) 2025-07-17 17:09:08 Job was evicted.
	(0) CPU times
		Usr 0 00:00:00, Sys 0 00:00:00  -  Run Remote Usage
		Usr 0 00:00:00, Sys 0 00:00:00  -  Run Local Usage
	293  -  Run Bytes Sent By Job
	32558  -  Run Bytes Received By Job
	Transfer output files failure at execution point slot1_20@node-w9.localdomain while sending files to access point tamsa2. Details: reading from file /var/lib/condor/execute/dir_4068894/*.png: (errno 2) No such file or directory
	Partitionable Resources :    Usage  Request Allocated 
	   Cpus                 :        0        2         2 
	   Disk (KB)            :       55       35      2048 
	   GPUs                 :                           0 
	   Memory (MB)          :        1    16000     16000 
	   TimeExecute (s)      :        5                    
	   TimeSlotBusy (s)     :        5                    
...
012 (1247914.000.000) 2025-07-17 17:09:08 Job was held.
	Transfer output files failure at execution point slot1_20@node-w9.localdomain while sending files to access point tamsa2. Details: reading from file /var/lib/condor/execute/dir_4068894/*.png: (errno 2) No such file or directory
	Code 12 Subcode 2
...
009 (1247914.000.000) 2025-07-17 17:10:28 Job was aborted.
	via condor_rm (by user achihwan)

	Job terminated by itself at 2025-07-17T08:09:08Z (using method 0: OF_ITS_OWN_ACCORD).
...
000 (1247974.000.000) 2025-07-17 17:10:32 Job submitted from host: <172.30.1.200:9618?addrs=172.30.1.200-9618&alias=tamsa2&noUDP&sock=schedd_2531_a24a>
...
040 (1247974.000.000) 2025-07-17 17:10:44 Started transferring input files
	Transferring to host: <172.30.1.203:9618?addrs=172.30.1.203-9618&alias=node-w3.localdomain&noUDP&sock=slot1_21_4993_c524_82476>
...
001 (1247974.000.000) 2025-07-17 17:10:44 Job executing on host: <172.30.1.203:9618?addrs=172.30.1.203-9618&alias=node-w3.localdomain&noUDP&sock=startd_4959_0a3d>
	SlotName: slot1_21@node-w3.localdomain
	CondorScratchDir = "/var/lib/condor/execute/dir_2413163"
	Cpus = 2
	Disk = 2048
	GPUs = 0
	Memory = 16000
...
040 (1247974.000.000) 2025-07-17 17:10:44 Finished transferring input files
...
006 (1247974.000.000) 2025-07-17 17:10:49 Image size of job updated: 20
	1  -  MemoryUsage of job (MB)
	8  -  ResidentSetSize of job (KB)
...
040 (1247974.000.000) 2025-07-17 17:10:49 Started transferring output files
...
040 (1247974.000.000) 2025-07-17 17:10:49 Finished transferring output files
...
021 (1247974.000.000) 2025-07-17 17:10:49 Error from starter on slot1_21@node-w3.localdomain:
	STARTER at 172.30.1.203 failed to send file(s) to <172.30.1.200:9618>: |Error: reading from file /var/lib/condor/execute/dir_2413163/*.png: (errno 2) No such file or directory; SHADOW failed to receive file(s) from <172.30.1.203:41207>
	Code 13 Subcode 2
...
004 (1247974.000.000) 2025-07-17 17:10:50 Job was evicted.
	(0) CPU times
		Usr 0 00:00:00, Sys 0 00:00:00  -  Run Remote Usage
		Usr 0 00:00:00, Sys 0 00:00:00  -  Run Local Usage
	315  -  Run Bytes Sent By Job
	32558  -  Run Bytes Received By Job
	Transfer output files failure at execution point slot1_21@node-w3.localdomain while sending files to access point tamsa2. Details: reading from file /var/lib/condor/execute/dir_2413163/*.png: (errno 2) No such file or directory
	Partitionable Resources :    Usage  Request Allocated 
	   Cpus                 :        0        2         2 
	   Disk (KB)            :       55       35      2048 
	   GPUs                 :                           0 
	   Memory (MB)          :        1    16000     16000 
	   TimeExecute (s)      :        5                    
	   TimeSlotBusy (s)     :        5                    
...
012 (1247974.000.000) 2025-07-17 17:10:50 Job was held.
	Transfer output files failure at execution point slot1_21@node-w3.localdomain while sending files to access point tamsa2. Details: reading from file /var/lib/condor/execute/dir_2413163/*.png: (errno 2) No such file or directory
	Code 12 Subcode 2
...
009 (1247974.000.000) 2025-07-17 17:11:47 Job was aborted.
	via condor_rm (by user achihwan)

	Job terminated by itself at 2025-07-17T08:10:49Z (using method 0: OF_ITS_OWN_ACCORD).
...
000 (1248034.000.000) 2025-07-17 17:11:59 Job submitted from host: <172.30.1.200:9618?addrs=172.30.1.200-9618&alias=tamsa2&noUDP&sock=schedd_2531_a24a>
...
040 (1248034.000.000) 2025-07-17 17:12:00 Started transferring input files
	Transferring to host: <172.30.1.217:9618?addrs=172.30.1.217-9618&alias=node-w17.localdomain&noUDP&sock=slot1_5_6391_c99d_116537>
...
040 (1248034.000.000) 2025-07-17 17:12:00 Finished transferring input files
...
001 (1248034.000.000) 2025-07-17 17:12:00 Job executing on host: <172.30.1.217:9618?addrs=172.30.1.217-9618&alias=node-w17.localdomain&noUDP&sock=startd_6357_f3a4>
	SlotName: slot1_5@node-w17.localdomain
	CondorScratchDir = "/var/lib/condor/execute/dir_3872239"
	Cpus = 2
	Disk = 2048
	GPUs = 0
	Memory = 16000
...
006 (1248034.000.000) 2025-07-17 17:12:05 Image size of job updated: 140
	1  -  MemoryUsage of job (MB)
	8  -  ResidentSetSize of job (KB)
...
040 (1248034.000.000) 2025-07-17 17:12:06 Started transferring output files
...
040 (1248034.000.000) 2025-07-17 17:12:06 Finished transferring output files
...
021 (1248034.000.000) 2025-07-17 17:12:06 Error from starter on slot1_5@node-w17.localdomain:
	STARTER at 172.30.1.217 failed to send file(s) to <172.30.1.200:9618>: |Error: reading from file /var/lib/condor/execute/dir_3872239/*.png: (errno 2) No such file or directory; SHADOW failed to receive file(s) from <172.30.1.217:46711>
	Code 13 Subcode 2
...
004 (1248034.000.000) 2025-07-17 17:12:06 Job was evicted.
	(0) CPU times
		Usr 0 00:00:00, Sys 0 00:00:00  -  Run Remote Usage
		Usr 0 00:00:00, Sys 0 00:00:00  -  Run Local Usage
	301  -  Run Bytes Sent By Job
	32558  -  Run Bytes Received By Job
	Transfer output files failure at execution point slot1_5@node-w17.localdomain while sending files to access point tamsa2. Details: reading from file /var/lib/condor/execute/dir_3872239/*.png: (errno 2) No such file or directory
	Partitionable Resources :    Usage  Request Allocated 
	   Cpus                 :        0        2         2 
	   Disk (KB)            :       55       35      2048 
	   GPUs                 :                           0 
	   Memory (MB)          :        1    16000     16000 
	   TimeExecute (s)      :        5                    
	   TimeSlotBusy (s)     :        6                    
...
012 (1248034.000.000) 2025-07-17 17:12:06 Job was held.
	Transfer output files failure at execution point slot1_5@node-w17.localdomain while sending files to access point tamsa2. Details: reading from file /var/lib/condor/execute/dir_3872239/*.png: (errno 2) No such file or directory
	Code 12 Subcode 2
...
000 (1248094.000.000) 2025-07-17 17:12:47 Job submitted from host: <172.30.1.200:9618?addrs=172.30.1.200-9618&alias=tamsa2&noUDP&sock=schedd_2531_a24a>
...
009 (1248094.000.000) 2025-07-17 17:13:09 Job was aborted.
	via condor_rm (by user achihwan)
...
009 (1248034.000.000) 2025-07-17 17:13:09 Job was aborted.
	via condor_rm (by user achihwan)

	Job terminated by itself at 2025-07-17T08:12:05Z (using method 0: OF_ITS_OWN_ACCORD).
...
000 (1248153.000.000) 2025-07-17 17:13:13 Job submitted from host: <172.30.1.200:9618?addrs=172.30.1.200-9618&alias=tamsa2&noUDP&sock=schedd_2531_a24a>
...
009 (1248153.000.000) 2025-07-17 17:14:42 Job was aborted.
	via condor_rm (by user achihwan)
...
000 (1248212.000.000) 2025-07-17 17:14:46 Job submitted from host: <172.30.1.200:9618?addrs=172.30.1.200-9618&alias=tamsa2&noUDP&sock=schedd_2531_a24a>
...
040 (1248212.000.000) 2025-07-17 17:17:14 Started transferring input files
	Transferring to host: <172.30.1.213:9618?addrs=172.30.1.213-9618&alias=node-w13.localdomain&noUDP&sock=slot1_13_4972_f943_94165>
...
040 (1248212.000.000) 2025-07-17 17:17:14 Finished transferring input files
...
001 (1248212.000.000) 2025-07-17 17:17:14 Job executing on host: <172.30.1.213:9618?addrs=172.30.1.213-9618&alias=node-w13.localdomain&noUDP&sock=startd_4938_a2c0>
	SlotName: slot1_13@node-w13.localdomain
	CondorScratchDir = "/var/lib/condor/execute/dir_3863680"
	Cpus = 2
	Disk = 2048
	GPUs = 0
	Memory = 16000
...
006 (1248212.000.000) 2025-07-17 17:17:19 Image size of job updated: 160
	1  -  MemoryUsage of job (MB)
	8  -  ResidentSetSize of job (KB)
...
040 (1248212.000.000) 2025-07-17 17:17:19 Started transferring output files
...
040 (1248212.000.000) 2025-07-17 17:17:19 Finished transferring output files
...
021 (1248212.000.000) 2025-07-17 17:17:19 Error from starter on slot1_13@node-w13.localdomain:
	STARTER at 172.30.1.213 failed to send file(s) to <172.30.1.200:9618>: |Error: reading from file /var/lib/condor/execute/dir_3863680/*.png: (errno 2) No such file or directory; SHADOW failed to receive file(s) from <172.30.1.213:43665>
	Code 13 Subcode 2
...
004 (1248212.000.000) 2025-07-17 17:17:19 Job was evicted.
	(0) CPU times
		Usr 0 00:00:00, Sys 0 00:00:00  -  Run Remote Usage
		Usr 0 00:00:00, Sys 0 00:00:00  -  Run Local Usage
	294  -  Run Bytes Sent By Job
	32555  -  Run Bytes Received By Job
	Transfer output files failure at execution point slot1_13@node-w13.localdomain while sending files to access point tamsa2. Details: reading from file /var/lib/condor/execute/dir_3863680/*.png: (errno 2) No such file or directory
	Partitionable Resources :    Usage  Request Allocated 
	   Cpus                 :                 2         2 
	   Disk (KB)            :       48       35      2048 
	   GPUs                 :                           0 
	   Memory (MB)          :        1    16000     16000 
	   TimeExecute (s)      :        5                    
	   TimeSlotBusy (s)     :        6                    
...
012 (1248212.000.000) 2025-07-17 17:17:19 Job was held.
	Transfer output files failure at execution point slot1_13@node-w13.localdomain while sending files to access point tamsa2. Details: reading from file /var/lib/condor/execute/dir_3863680/*.png: (errno 2) No such file or directory
	Code 12 Subcode 2
...
009 (1248212.000.000) 2025-07-17 17:18:37 Job was aborted.
	via condor_rm (by user achihwan)

	Job terminated by itself at 2025-07-17T08:17:19Z (using method 0: OF_ITS_OWN_ACCORD).
...
000 (1248273.000.000) 2025-07-17 17:23:08 Job submitted from host: <172.30.1.200:9618?addrs=172.30.1.200-9618&alias=tamsa2&noUDP&sock=schedd_2531_a24a>
...
040 (1248273.000.000) 2025-07-17 17:23:09 Started transferring input files
	Transferring to host: <172.30.1.215:9618?addrs=172.30.1.215-9618&alias=node-w15.localdomain&noUDP&sock=slot1_4_5185_0d2c_105181>
...
040 (1248273.000.000) 2025-07-17 17:23:09 Finished transferring input files
...
001 (1248273.000.000) 2025-07-17 17:23:09 Job executing on host: <172.30.1.215:9618?addrs=172.30.1.215-9618&alias=node-w15.localdomain&noUDP&sock=startd_5151_bc6c>
	SlotName: slot1_4@node-w15.localdomain
	CondorScratchDir = "/var/lib/condor/execute/dir_731244"
	Cpus = 2
	Disk = 2048
	GPUs = 0
	Memory = 16000
...
006 (1248273.000.000) 2025-07-17 17:23:14 Image size of job updated: 20
	1  -  MemoryUsage of job (MB)
	8  -  ResidentSetSize of job (KB)
...
040 (1248273.000.000) 2025-07-17 17:23:14 Started transferring output files
...
040 (1248273.000.000) 2025-07-17 17:23:14 Finished transferring output files
...
021 (1248273.000.000) 2025-07-17 17:23:14 Error from starter on slot1_4@node-w15.localdomain:
	STARTER at 172.30.1.215 failed to send file(s) to <172.30.1.200:9618>: |Error: reading from file /var/lib/condor/execute/dir_731244/*.png: (errno 2) No such file or directory; SHADOW failed to receive file(s) from <172.30.1.215:36081>
	Code 13 Subcode 2
...
004 (1248273.000.000) 2025-07-17 17:23:14 Job was evicted.
	(0) CPU times
		Usr 0 00:00:00, Sys 0 00:00:00  -  Run Remote Usage
		Usr 0 00:00:00, Sys 0 00:00:00  -  Run Local Usage
	488  -  Run Bytes Sent By Job
	32633  -  Run Bytes Received By Job
	Transfer output files failure at execution point slot1_4@node-w15.localdomain while sending files to access point tamsa2. Details: reading from file /var/lib/condor/execute/dir_731244/*.png: (errno 2) No such file or directory
	Partitionable Resources :    Usage  Request Allocated 
	   Cpus                 :        0        2         2 
	   Disk (KB)            :       55       35      2048 
	   GPUs                 :                           0 
	   Memory (MB)          :        1    16000     16000 
	   TimeExecute (s)      :        5                    
	   TimeSlotBusy (s)     :        5                    
...
012 (1248273.000.000) 2025-07-17 17:23:14 Job was held.
	Transfer output files failure at execution point slot1_4@node-w15.localdomain while sending files to access point tamsa2. Details: reading from file /var/lib/condor/execute/dir_731244/*.png: (errno 2) No such file or directory
	Code 12 Subcode 2
...
009 (1248273.000.000) 2025-07-17 17:28:06 Job was aborted.
	via condor_rm (by user achihwan)

	Job terminated by itself at 2025-07-17T08:23:14Z (using method 0: OF_ITS_OWN_ACCORD).
...
000 (1248334.000.000) 2025-07-17 17:28:08 Job submitted from host: <172.30.1.200:9618?addrs=172.30.1.200-9618&alias=tamsa2&noUDP&sock=schedd_2531_a24a>
...
040 (1248334.000.000) 2025-07-17 17:28:24 Started transferring input files
	Transferring to host: <172.30.1.212:9618?addrs=172.30.1.212-9618&alias=node-w12.localdomain&noUDP&sock=slot1_42_4978_3384_91920>
...
040 (1248334.000.000) 2025-07-17 17:28:27 Finished transferring input files
...
001 (1248334.000.000) 2025-07-17 17:28:27 Job executing on host: <172.30.1.212:9618?addrs=172.30.1.212-9618&alias=node-w12.localdomain&noUDP&sock=startd_4944_c052>
	SlotName: slot1_42@node-w12.localdomain
	CondorScratchDir = "/var/lib/condor/execute/dir_1111069"
	Cpus = 2
	Disk = 751616
	GPUs = 0
	Memory = 16000
...
006 (1248334.000.000) 2025-07-17 17:28:40 Image size of job updated: 692856
	677  -  MemoryUsage of job (MB)
	692856  -  ResidentSetSize of job (KB)
...
006 (1248334.000.000) 2025-07-17 17:28:59 Image size of job updated: 2199792
	2149  -  MemoryUsage of job (MB)
	2199792  -  ResidentSetSize of job (KB)
...
040 (1248334.000.000) 2025-07-17 17:28:59 Started transferring output files
...
040 (1248334.000.000) 2025-07-17 17:28:59 Finished transferring output files
...
021 (1248334.000.000) 2025-07-17 17:28:59 Error from starter on slot1_42@node-w12.localdomain:
	STARTER at 172.30.1.212 failed to send file(s) to <172.30.1.200:9618>: |Error: reading from file /var/lib/condor/execute/dir_1111069/*.png: (errno 2) No such file or directory; SHADOW failed to receive file(s) from <172.30.1.212:40281>
	Code 13 Subcode 2
...
004 (1248334.000.000) 2025-07-17 17:28:59 Job was evicted.
	(0) CPU times
		Usr 0 00:00:23, Sys 0 00:00:04  -  Run Remote Usage
		Usr 0 00:00:00, Sys 0 00:00:00  -  Run Local Usage
	423  -  Run Bytes Sent By Job
	690289408  -  Run Bytes Received By Job
	Transfer output files failure at execution point slot1_42@node-w12.localdomain while sending files to access point tamsa2. Details: reading from file /var/lib/condor/execute/dir_1111069/*.png: (errno 2) No such file or directory
	Partitionable Resources :    Usage  Request Allocated 
	   Cpus                 :                 2         2 
	   Disk (KB)            :  2774355   750000    751616 
	   GPUs                 :                           0 
	   Memory (MB)          :     2149    16000     16000 
	   TimeExecute (s)      :       32                    
	   TimeSlotBusy (s)     :       36                    
...
012 (1248334.000.000) 2025-07-17 17:28:59 Job was held.
	Transfer output files failure at execution point slot1_42@node-w12.localdomain while sending files to access point tamsa2. Details: reading from file /var/lib/condor/execute/dir_1111069/*.png: (errno 2) No such file or directory
	Code 12 Subcode 2
...
009 (1248334.000.000) 2025-07-17 17:30:19 Job was aborted.
	via condor_rm (by user achihwan)

	Job terminated by itself at 2025-07-17T08:28:59Z (using method 0: OF_ITS_OWN_ACCORD).
...
000 (1248394.000.000) 2025-07-17 17:33:21 Job submitted from host: <172.30.1.200:9618?addrs=172.30.1.200-9618&alias=tamsa2&noUDP&sock=schedd_2531_a24a>
...
040 (1248394.000.000) 2025-07-17 17:33:22 Started transferring input files
	Transferring to host: <172.30.1.212:9618?addrs=172.30.1.212-9618&alias=node-w12.localdomain&noUDP&sock=slot1_10_4978_3384_91951>
...
040 (1248394.000.000) 2025-07-17 17:33:26 Finished transferring input files
...
001 (1248394.000.000) 2025-07-17 17:33:26 Job executing on host: <172.30.1.212:9618?addrs=172.30.1.212-9618&alias=node-w12.localdomain&noUDP&sock=startd_4944_c052>
	SlotName: slot1_10@node-w12.localdomain
	CondorScratchDir = "/var/lib/condor/execute/dir_1116314"
	Cpus = 2
	Disk = 751616
	GPUs = 0
	Memory = 16000
...
006 (1248394.000.000) 2025-07-17 17:33:40 Image size of job updated: 736572
	720  -  MemoryUsage of job (MB)
	736572  -  ResidentSetSize of job (KB)
...
006 (1248394.000.000) 2025-07-17 17:33:56 Image size of job updated: 2199796
	2149  -  MemoryUsage of job (MB)
	2199796  -  ResidentSetSize of job (KB)
...
040 (1248394.000.000) 2025-07-17 17:33:57 Started transferring output files
...
040 (1248394.000.000) 2025-07-17 17:33:57 Finished transferring output files
...
021 (1248394.000.000) 2025-07-17 17:33:57 Error from starter on slot1_10@node-w12.localdomain:
	STARTER at 172.30.1.212 failed to send file(s) to <172.30.1.200:9618>: |Error: reading from file /var/lib/condor/execute/dir_1116314/*.png: (errno 2) No such file or directory; SHADOW failed to receive file(s) from <172.30.1.212:44465>
	Code 13 Subcode 2
...
004 (1248394.000.000) 2025-07-17 17:33:57 Job was evicted.
	(0) CPU times
		Usr 0 00:00:22, Sys 0 00:00:04  -  Run Remote Usage
		Usr 0 00:00:00, Sys 0 00:00:00  -  Run Local Usage
	423  -  Run Bytes Sent By Job
	690289408  -  Run Bytes Received By Job
	Transfer output files failure at execution point slot1_10@node-w12.localdomain while sending files to access point tamsa2. Details: reading from file /var/lib/condor/execute/dir_1116314/*.png: (errno 2) No such file or directory
	Partitionable Resources :    Usage  Request Allocated 
	   Cpus                 :        0        2         2 
	   Disk (KB)            :  2774362   750000    751616 
	   GPUs                 :                           0 
	   Memory (MB)          :     2149    16000     16000 
	   TimeExecute (s)      :       30                    
	   TimeSlotBusy (s)     :       35                    
...
012 (1248394.000.000) 2025-07-17 17:33:57 Job was held.
	Transfer output files failure at execution point slot1_10@node-w12.localdomain while sending files to access point tamsa2. Details: reading from file /var/lib/condor/execute/dir_1116314/*.png: (errno 2) No such file or directory
	Code 12 Subcode 2
...
009 (1248394.000.000) 2025-07-17 17:34:44 Job was aborted.
	via condor_rm (by user achihwan)

	Job terminated by itself at 2025-07-17T08:33:56Z (using method 0: OF_ITS_OWN_ACCORD).
...
000 (1248453.000.000) 2025-07-17 17:34:47 Job submitted from host: <172.30.1.200:9618?addrs=172.30.1.200-9618&alias=tamsa2&noUDP&sock=schedd_2531_a24a>
...
040 (1248453.000.000) 2025-07-17 17:35:04 Started transferring input files
	Transferring to host: <172.30.1.220:9618?addrs=172.30.1.220-9618&alias=node-w20.localdomain&noUDP&sock=slot1_23_5233_df2e_134909>
...
040 (1248453.000.000) 2025-07-17 17:35:08 Finished transferring input files
...
001 (1248453.000.000) 2025-07-17 17:35:08 Job executing on host: <172.30.1.220:9618?addrs=172.30.1.220-9618&alias=node-w20.localdomain&noUDP&sock=startd_5199_a8f8>
	SlotName: slot1_23@node-w20.localdomain
	CondorScratchDir = "/var/lib/condor/execute/dir_3139755"
	Cpus = 2
	Disk = 751616
	GPUs = 0
	Memory = 16000
...
006 (1248453.000.000) 2025-07-17 17:35:22 Image size of job updated: 861968
	842  -  MemoryUsage of job (MB)
	861968  -  ResidentSetSize of job (KB)
...
006 (1248453.000.000) 2025-07-17 17:35:34 Image size of job updated: 2199792
	2149  -  MemoryUsage of job (MB)
	2199792  -  ResidentSetSize of job (KB)
...
040 (1248453.000.000) 2025-07-17 17:35:35 Started transferring output files
...
040 (1248453.000.000) 2025-07-17 17:35:35 Finished transferring output files
...
021 (1248453.000.000) 2025-07-17 17:35:35 Error from starter on slot1_23@node-w20.localdomain:
	STARTER at 172.30.1.220 failed to send file(s) to <172.30.1.200:9618>: |Error: reading from file /var/lib/condor/execute/dir_3139755/*.png: (errno 2) No such file or directory; SHADOW failed to receive file(s) from <172.30.1.220:33179>
	Code 13 Subcode 2
...
004 (1248453.000.000) 2025-07-17 17:35:35 Job was evicted.
	(0) CPU times
		Usr 0 00:00:20, Sys 0 00:00:03  -  Run Remote Usage
		Usr 0 00:00:00, Sys 0 00:00:00  -  Run Local Usage
	863  -  Run Bytes Sent By Job
	690289472  -  Run Bytes Received By Job
	Transfer output files failure at execution point slot1_23@node-w20.localdomain while sending files to access point tamsa2. Details: reading from file /var/lib/condor/execute/dir_3139755/*.png: (errno 2) No such file or directory
	Partitionable Resources :    Usage  Request Allocated 
	   Cpus                 :        0        2         2 
	   Disk (KB)            :  2774362   750000    751616 
	   GPUs                 :                           0 
	   Memory (MB)          :     2149    16000     16000 
	   TimeExecute (s)      :       26                    
	   TimeSlotBusy (s)     :       31                    
...
012 (1248453.000.000) 2025-07-17 17:35:35 Job was held.
	Transfer output files failure at execution point slot1_23@node-w20.localdomain while sending files to access point tamsa2. Details: reading from file /var/lib/condor/execute/dir_3139755/*.png: (errno 2) No such file or directory
	Code 12 Subcode 2
...
009 (1248453.000.000) 2025-07-17 17:36:48 Job was aborted.
	via condor_rm (by user achihwan)

	Job terminated by itself at 2025-07-17T08:35:34Z (using method 0: OF_ITS_OWN_ACCORD).
...
000 (1249824.000.000) 2025-07-17 17:36:51 Job submitted from host: <172.30.1.200:9618?addrs=172.30.1.200-9618&alias=tamsa2&noUDP&sock=schedd_2531_a24a>
...
040 (1249824.000.000) 2025-07-17 17:39:12 Started transferring input files
	Transferring to host: <172.30.1.205:9618?addrs=172.30.1.205-9618&alias=node-w5.localdomain&noUDP&sock=slot1_13_5098_c088_47845>
...
040 (1249824.000.000) 2025-07-17 17:39:16 Finished transferring input files
...
001 (1249824.000.000) 2025-07-17 17:39:16 Job executing on host: <172.30.1.205:9618?addrs=172.30.1.205-9618&alias=node-w5.localdomain&noUDP&sock=startd_5064_0faf>
	SlotName: slot1_13@node-w5.localdomain
	CondorScratchDir = "/var/lib/condor/execute/dir_2847390"
	Cpus = 2
	Disk = 751616
	GPUs = 0
	Memory = 16000
...
006 (1249824.000.000) 2025-07-17 17:39:30 Image size of job updated: 1137028
	1111  -  MemoryUsage of job (MB)
	1137028  -  ResidentSetSize of job (KB)
...
006 (1249824.000.000) 2025-07-17 17:39:39 Image size of job updated: 2199792
	2149  -  MemoryUsage of job (MB)
	2199792  -  ResidentSetSize of job (KB)
...
040 (1249824.000.000) 2025-07-17 17:39:39 Started transferring output files
...
040 (1249824.000.000) 2025-07-17 17:39:39 Finished transferring output files
...
021 (1249824.000.000) 2025-07-17 17:39:40 Error from starter on slot1_13@node-w5.localdomain:
	STARTER at 172.30.1.205 failed to send file(s) to <172.30.1.200:9618>: |Error: reading from file /var/lib/condor/execute/dir_2847390/*.png: (errno 2) No such file or directory; SHADOW failed to receive file(s) from <172.30.1.205:46477>
	Code 13 Subcode 2
...
004 (1249824.000.000) 2025-07-17 17:39:40 Job was evicted.
	(0) CPU times
		Usr 0 00:00:16, Sys 0 00:00:03  -  Run Remote Usage
		Usr 0 00:00:00, Sys 0 00:00:00  -  Run Local Usage
	744  -  Run Bytes Sent By Job
	690289472  -  Run Bytes Received By Job
	Transfer output files failure at execution point slot1_13@node-w5.localdomain while sending files to access point tamsa2. Details: reading from file /var/lib/condor/execute/dir_2847390/*.png: (errno 2) No such file or directory
	Partitionable Resources :    Usage  Request Allocated 
	   Cpus                 :        0        2         2 
	   Disk (KB)            :  2774362   750000    751616 
	   GPUs                 :                           0 
	   Memory (MB)          :     2149    16000     16000 
	   TimeExecute (s)      :       23                    
	   TimeSlotBusy (s)     :       28                    
...
012 (1249824.000.000) 2025-07-17 17:39:40 Job was held.
	Transfer output files failure at execution point slot1_13@node-w5.localdomain while sending files to access point tamsa2. Details: reading from file /var/lib/condor/execute/dir_2847390/*.png: (errno 2) No such file or directory
	Code 12 Subcode 2
...
000 (1251197.000.000) 2025-07-17 17:42:33 Job submitted from host: <172.30.1.200:9618?addrs=172.30.1.200-9618&alias=tamsa2&noUDP&sock=schedd_2531_a24a>
...
040 (1251197.000.000) 2025-07-17 17:42:36 Started transferring input files
	Transferring to host: <172.30.1.213:9618?addrs=172.30.1.213-9618&alias=node-w13.localdomain&noUDP&sock=slot1_3_4972_f943_94435>
...
040 (1251197.000.000) 2025-07-17 17:42:40 Finished transferring input files
...
001 (1251197.000.000) 2025-07-17 17:42:40 Job executing on host: <172.30.1.213:9618?addrs=172.30.1.213-9618&alias=node-w13.localdomain&noUDP&sock=startd_4938_a2c0>
	SlotName: slot1_3@node-w13.localdomain
	CondorScratchDir = "/var/lib/condor/execute/dir_3920871"
	Cpus = 2
	Disk = 751616
	GPUs = 0
	Memory = 16000
...
009 (1249824.000.000) 2025-07-17 17:42:44 Job was aborted.
	via condor_rm (by user achihwan)

	Job terminated by itself at 2025-07-17T08:39:39Z (using method 0: OF_ITS_OWN_ACCORD).
...
006 (1251197.000.000) 2025-07-17 17:42:53 Image size of job updated: 814768
	796  -  MemoryUsage of job (MB)
	814768  -  ResidentSetSize of job (KB)
...
006 (1251197.000.000) 2025-07-17 17:43:06 Image size of job updated: 2199796
	2149  -  MemoryUsage of job (MB)
	2199796  -  ResidentSetSize of job (KB)
...
040 (1251197.000.000) 2025-07-17 17:43:08 Started transferring output files
...
040 (1251197.000.000) 2025-07-17 17:43:08 Finished transferring output files
...
021 (1251197.000.000) 2025-07-17 17:43:08 Error from starter on slot1_3@node-w13.localdomain:
	STARTER at 172.30.1.213 failed to send file(s) to <172.30.1.200:9618>: |Error: reading from file /var/lib/condor/execute/dir_3920871/*.png: (errno 2) No such file or directory; SHADOW failed to receive file(s) from <172.30.1.213:38333>
	Code 13 Subcode 2
...
004 (1251197.000.000) 2025-07-17 17:43:08 Job was evicted.
	(0) CPU times
		Usr 0 00:00:20, Sys 0 00:00:04  -  Run Remote Usage
		Usr 0 00:00:00, Sys 0 00:00:00  -  Run Local Usage
	4432  -  Run Bytes Sent By Job
	690289408  -  Run Bytes Received By Job
	Transfer output files failure at execution point slot1_3@node-w13.localdomain while sending files to access point tamsa2. Details: reading from file /var/lib/condor/execute/dir_3920871/*.png: (errno 2) No such file or directory
	Partitionable Resources :    Usage  Request Allocated 
	   Cpus                 :                 2         2 
	   Disk (KB)            :  2774359   750000    751616 
	   GPUs                 :                           0 
	   Memory (MB)          :     2149    16000     16000 
	   TimeExecute (s)      :       26                    
	   TimeSlotBusy (s)     :       32                    
...
012 (1251197.000.000) 2025-07-17 17:43:08 Job was held.
	Transfer output files failure at execution point slot1_3@node-w13.localdomain while sending files to access point tamsa2. Details: reading from file /var/lib/condor/execute/dir_3920871/*.png: (errno 2) No such file or directory
	Code 12 Subcode 2
...
009 (1251197.000.000) 2025-07-17 17:44:17 Job was aborted.
	via condor_rm (by user achihwan)

	Job terminated by itself at 2025-07-17T08:43:06Z (using method 0: OF_ITS_OWN_ACCORD).
...
000 (1253122.000.000) 2025-07-17 17:44:33 Job submitted from host: <172.30.1.200:9618?addrs=172.30.1.200-9618&alias=tamsa2&noUDP&sock=schedd_2531_a24a>
...
040 (1253122.000.000) 2025-07-17 17:44:55 Started transferring input files
	Transferring to host: <172.30.1.212:9618?addrs=172.30.1.212-9618&alias=node-w12.localdomain&noUDP&sock=slot1_73_4978_3384_92112>
...
040 (1253122.000.000) 2025-07-17 17:45:00 Finished transferring input files
...
001 (1253122.000.000) 2025-07-17 17:45:00 Job executing on host: <172.30.1.212:9618?addrs=172.30.1.212-9618&alias=node-w12.localdomain&noUDP&sock=startd_4944_c052>
	SlotName: slot1_73@node-w12.localdomain
	CondorScratchDir = "/var/lib/condor/execute/dir_1146328"
	Cpus = 2
	Disk = 751616
	GPUs = 0
	Memory = 16000
...
006 (1253122.000.000) 2025-07-17 17:45:13 Image size of job updated: 797568
	779  -  MemoryUsage of job (MB)
	797568  -  ResidentSetSize of job (KB)
...
006 (1253122.000.000) 2025-07-17 17:45:27 Image size of job updated: 2199788
	2149  -  MemoryUsage of job (MB)
	2199788  -  ResidentSetSize of job (KB)
...
040 (1253122.000.000) 2025-07-17 17:45:27 Started transferring output files
...
040 (1253122.000.000) 2025-07-17 17:45:27 Finished transferring output files
...
021 (1253122.000.000) 2025-07-17 17:45:27 Error from starter on slot1_73@node-w12.localdomain:
	STARTER at 172.30.1.212 failed to send file(s) to <172.30.1.200:9618>: |Error: reading from file /var/lib/condor/execute/dir_1146328/*.png: (errno 2) No such file or directory; SHADOW failed to receive file(s) from <172.30.1.212:35819>
	Code 13 Subcode 2
...
004 (1253122.000.000) 2025-07-17 17:45:27 Job was evicted.
	(0) CPU times
		Usr 0 00:00:21, Sys 0 00:00:04  -  Run Remote Usage
		Usr 0 00:00:00, Sys 0 00:00:00  -  Run Local Usage
	478  -  Run Bytes Sent By Job
	690289408  -  Run Bytes Received By Job
	Transfer output files failure at execution point slot1_73@node-w12.localdomain while sending files to access point tamsa2. Details: reading from file /var/lib/condor/execute/dir_1146328/*.png: (errno 2) No such file or directory
	Partitionable Resources :    Usage  Request Allocated 
	   Cpus                 :        0        2         2 
	   Disk (KB)            :  2774362   750000    751616 
	   GPUs                 :                           0 
	   Memory (MB)          :     2149    16000     16000 
	   TimeExecute (s)      :       27                    
	   TimeSlotBusy (s)     :       37                    
...
012 (1253122.000.000) 2025-07-17 17:45:27 Job was held.
	Transfer output files failure at execution point slot1_73@node-w12.localdomain while sending files to access point tamsa2. Details: reading from file /var/lib/condor/execute/dir_1146328/*.png: (errno 2) No such file or directory
	Code 12 Subcode 2
...
009 (1253122.000.000) 2025-07-17 17:54:41 Job was aborted.
	via condor_rm (by user achihwan)

	Job terminated by itself at 2025-07-17T08:45:27Z (using method 0: OF_ITS_OWN_ACCORD).
...
000 (1253189.000.000) 2025-07-17 17:58:15 Job submitted from host: <172.30.1.200:9618?addrs=172.30.1.200-9618&alias=tamsa2&noUDP&sock=schedd_2531_a24a>
...
040 (1253189.000.000) 2025-07-17 17:58:28 Started transferring input files
	Transferring to host: <172.30.1.213:9618?addrs=172.30.1.213-9618&alias=node-w13.localdomain&noUDP&sock=slot1_7_4972_f943_94590>
...
040 (1253189.000.000) 2025-07-17 17:58:32 Finished transferring input files
...
001 (1253189.000.000) 2025-07-17 17:58:32 Job executing on host: <172.30.1.213:9618?addrs=172.30.1.213-9618&alias=node-w13.localdomain&noUDP&sock=startd_4938_a2c0>
	SlotName: slot1_7@node-w13.localdomain
	CondorScratchDir = "/var/lib/condor/execute/dir_3951257"
	Cpus = 2
	Disk = 751616
	GPUs = 0
	Memory = 16000
...
006 (1253189.000.000) 2025-07-17 17:58:46 Image size of job updated: 890704
	870  -  MemoryUsage of job (MB)
	890704  -  ResidentSetSize of job (KB)
...
006 (1253189.000.000) 2025-07-17 17:59:01 Image size of job updated: 2199792
	2149  -  MemoryUsage of job (MB)
	2199792  -  ResidentSetSize of job (KB)
...
040 (1253189.000.000) 2025-07-17 17:59:01 Started transferring output files
...
040 (1253189.000.000) 2025-07-17 17:59:01 Finished transferring output files
...
021 (1253189.000.000) 2025-07-17 17:59:01 Error from starter on slot1_7@node-w13.localdomain:
	STARTER at 172.30.1.213 failed to send file(s) to <172.30.1.200:9618>: |Error: reading from file /var/lib/condor/execute/dir_3951257/*.png: (errno 2) No such file or directory; SHADOW failed to receive file(s) from <172.30.1.213:41993>
	Code 13 Subcode 2
...
004 (1253189.000.000) 2025-07-17 17:59:01 Job was evicted.
	(0) CPU times
		Usr 0 00:00:22, Sys 0 00:00:04  -  Run Remote Usage
		Usr 0 00:00:00, Sys 0 00:00:00  -  Run Local Usage
	475  -  Run Bytes Sent By Job
	690289472  -  Run Bytes Received By Job
	Transfer output files failure at execution point slot1_7@node-w13.localdomain while sending files to access point tamsa2. Details: reading from file /var/lib/condor/execute/dir_3951257/*.png: (errno 2) No such file or directory
	Partitionable Resources :    Usage  Request Allocated 
	   Cpus                 :        0        2         2 
	   Disk (KB)            :  2774362   750000    751616 
	   GPUs                 :                           0 
	   Memory (MB)          :     2149    16000     16000 
	   TimeExecute (s)      :       29                    
	   TimeSlotBusy (s)     :       33                    
...
012 (1253189.000.000) 2025-07-17 17:59:01 Job was held.
	Transfer output files failure at execution point slot1_7@node-w13.localdomain while sending files to access point tamsa2. Details: reading from file /var/lib/condor/execute/dir_3951257/*.png: (errno 2) No such file or directory
	Code 12 Subcode 2
...
009 (1253189.000.000) 2025-07-17 18:04:59 Job was aborted.
	via condor_rm (by user achihwan)

	Job terminated by itself at 2025-07-17T08:59:01Z (using method 0: OF_ITS_OWN_ACCORD).
...
000 (1253251.000.000) 2025-07-17 18:05:01 Job submitted from host: <172.30.1.200:9618?addrs=172.30.1.200-9618&alias=tamsa2&noUDP&sock=schedd_2531_a24a>
...
040 (1253251.000.000) 2025-07-17 18:05:22 Started transferring input files
	Transferring to host: <172.30.1.216:9618?addrs=172.30.1.216-9618&alias=node-w16.localdomain&noUDP&sock=slot1_10_5179_d2ec_90117>
...
040 (1253251.000.000) 2025-07-17 18:05:26 Finished transferring input files
...
001 (1253251.000.000) 2025-07-17 18:05:26 Job executing on host: <172.30.1.216:9618?addrs=172.30.1.216-9618&alias=node-w16.localdomain&noUDP&sock=startd_5145_9edb>
	SlotName: slot1_10@node-w16.localdomain
	CondorScratchDir = "/var/lib/condor/execute/dir_2622606"
	Cpus = 2
	Disk = 751616
	GPUs = 0
	Memory = 16000
...
006 (1253251.000.000) 2025-07-17 18:05:40 Image size of job updated: 1037356
	1014  -  MemoryUsage of job (MB)
	1037356  -  ResidentSetSize of job (KB)
...
006 (1253251.000.000) 2025-07-17 18:10:41 Image size of job updated: 5447796
	3336  -  MemoryUsage of job (MB)
	3415740  -  ResidentSetSize of job (KB)
...
004 (1253251.000.000) 2025-07-17 18:13:45 Job was evicted.
	(0) CPU times
		Usr 0 00:06:42, Sys 0 00:00:26  -  Run Remote Usage
		Usr 0 00:00:00, Sys 0 00:00:00  -  Run Local Usage
	0  -  Run Bytes Sent By Job
	690289344  -  Run Bytes Received By Job
	Partitionable Resources :      Usage  Request Allocated 
	   Cpus                 :       0.88        2         2 
	   Disk (KB)            : 2774376      750000    751616 
	   GPUs                 :                             0 
	   Memory (MB)          :    3336       16000     16000 
	   TimeExecute (s)      :     497                       
	   TimeSlotBusy (s)     :     503                       
...
009 (1253251.000.000) 2025-07-17 18:13:45 Job was aborted.
	via condor_rm (by user achihwan)
...
000 (1253316.000.000) 2025-07-17 18:13:46 Job submitted from host: <172.30.1.200:9618?addrs=172.30.1.200-9618&alias=tamsa2&noUDP&sock=schedd_2531_a24a>
...
040 (1253316.000.000) 2025-07-17 18:15:28 Started transferring input files
	Transferring to host: <172.30.1.215:9618?addrs=172.30.1.215-9618&alias=node-w15.localdomain&noUDP&sock=slot1_10_5185_0d2c_105516>
...
040 (1253316.000.000) 2025-07-17 18:15:32 Finished transferring input files
...
001 (1253316.000.000) 2025-07-17 18:15:32 Job executing on host: <172.30.1.215:9618?addrs=172.30.1.215-9618&alias=node-w15.localdomain&noUDP&sock=startd_5151_bc6c>
	SlotName: slot1_10@node-w15.localdomain
	CondorScratchDir = "/var/lib/condor/execute/dir_778266"
	Cpus = 2
	Disk = 751616
	GPUs = 0
	Memory = 16000
...
006 (1253316.000.000) 2025-07-17 18:15:45 Image size of job updated: 735088
	718  -  MemoryUsage of job (MB)
	735088  -  ResidentSetSize of job (KB)
...
006 (1253316.000.000) 2025-07-17 18:20:46 Image size of job updated: 5144120
	2952  -  MemoryUsage of job (MB)
	3022844  -  ResidentSetSize of job (KB)
...
004 (1253316.000.000) 2025-07-17 18:23:23 Job was evicted.
	(0) CPU times
		Usr 0 00:06:44, Sys 0 00:00:41  -  Run Remote Usage
		Usr 0 00:00:00, Sys 0 00:00:00  -  Run Local Usage
	0  -  Run Bytes Sent By Job
	690289344  -  Run Bytes Received By Job
	Partitionable Resources :      Usage  Request Allocated 
	   Cpus                 :       0.95        2         2 
	   Disk (KB)            : 2774375      750000    751616 
	   GPUs                 :                             0 
	   Memory (MB)          :    2952       16000     16000 
	   TimeExecute (s)      :     469                       
	   TimeSlotBusy (s)     :     475                       
...
009 (1253316.000.000) 2025-07-17 18:23:23 Job was aborted.
	via condor_rm (by user achihwan)
...
000 (1253396.000.000) 2025-07-17 18:23:24 Job submitted from host: <172.30.1.200:9618?addrs=172.30.1.200-9618&alias=tamsa2&noUDP&sock=schedd_2531_a24a>
...
040 (1253396.000.000) 2025-07-17 18:23:45 Started transferring input files
	Transferring to host: <172.30.1.213:9618?addrs=172.30.1.213-9618&alias=node-w13.localdomain&noUDP&sock=slot1_14_4972_f943_94744>
...
040 (1253396.000.000) 2025-07-17 18:23:50 Finished transferring input files
...
001 (1253396.000.000) 2025-07-17 18:23:50 Job executing on host: <172.30.1.213:9618?addrs=172.30.1.213-9618&alias=node-w13.localdomain&noUDP&sock=startd_4938_a2c0>
	SlotName: slot1_14@node-w13.localdomain
	CondorScratchDir = "/var/lib/condor/execute/dir_3973147"
	Cpus = 2
	Disk = 751616
	GPUs = 0
	Memory = 16000
...
006 (1253396.000.000) 2025-07-17 18:24:03 Image size of job updated: 784924
	767  -  MemoryUsage of job (MB)
	784924  -  ResidentSetSize of job (KB)
...
006 (1253396.000.000) 2025-07-17 18:28:52 Image size of job updated: 5281284
	3354  -  MemoryUsage of job (MB)
	3434100  -  ResidentSetSize of job (KB)
...
004 (1253396.000.000) 2025-07-17 18:28:53 Job was evicted.
	(0) CPU times
		Usr 0 00:04:01, Sys 0 00:00:52  -  Run Remote Usage
		Usr 0 00:00:00, Sys 0 00:00:00  -  Run Local Usage
	0  -  Run Bytes Sent By Job
	690289472  -  Run Bytes Received By Job
	Partitionable Resources :      Usage  Request Allocated 
	   Cpus                 :       0.95        2         2 
	   Disk (KB)            : 2774375      750000    751616 
	   GPUs                 :                             0 
	   Memory (MB)          :    3354       16000     16000 
	   TimeExecute (s)      :     302                       
	   TimeSlotBusy (s)     :     308                       
...
009 (1253396.000.000) 2025-07-17 18:28:53 Job was aborted.
	via condor_rm (by user achihwan)
...
000 (1253456.000.000) 2025-07-17 18:29:01 Job submitted from host: <172.30.1.200:9618?addrs=172.30.1.200-9618&alias=tamsa2&noUDP&sock=schedd_2531_a24a>
...
040 (1253456.000.000) 2025-07-17 18:29:22 Started transferring input files
	Transferring to host: <172.30.1.212:9618?addrs=172.30.1.212-9618&alias=node-w12.localdomain&noUDP&sock=slot1_24_4978_3384_92427>
...
040 (1253456.000.000) 2025-07-17 18:29:27 Finished transferring input files
...
001 (1253456.000.000) 2025-07-17 18:29:27 Job executing on host: <172.30.1.212:9618?addrs=172.30.1.212-9618&alias=node-w12.localdomain&noUDP&sock=startd_4944_c052>
	SlotName: slot1_24@node-w12.localdomain
	CondorScratchDir = "/var/lib/condor/execute/dir_1194666"
	Cpus = 2
	Disk = 751616
	GPUs = 0
	Memory = 16000
...
006 (1253456.000.000) 2025-07-17 18:29:40 Image size of job updated: 685328
	670  -  MemoryUsage of job (MB)
	685328  -  ResidentSetSize of job (KB)
...
006 (1253456.000.000) 2025-07-17 18:34:40 Image size of job updated: 5173932
	3100  -  MemoryUsage of job (MB)
	3173864  -  ResidentSetSize of job (KB)
...
006 (1253456.000.000) 2025-07-17 18:39:41 Image size of job updated: 5467332
	3654  -  MemoryUsage of job (MB)
	3741336  -  ResidentSetSize of job (KB)
...
006 (1253456.000.000) 2025-07-17 18:44:42 Image size of job updated: 6788424
	6630  -  MemoryUsage of job (MB)
	6788424  -  ResidentSetSize of job (KB)
...
040 (1253456.000.000) 2025-07-17 18:57:34 Started transferring output files
...
040 (1253456.000.000) 2025-07-17 18:57:34 Finished transferring output files
...
005 (1253456.000.000) 2025-07-17 18:57:34 Job terminated.
	(1) Normal termination (return value 0)
		Usr 0 00:20:51, Sys 0 00:05:24  -  Run Remote Usage
		Usr 0 00:00:00, Sys 0 00:00:00  -  Run Local Usage
		Usr 0 00:20:51, Sys 0 00:05:24  -  Total Remote Usage
		Usr 0 00:00:00, Sys 0 00:00:00  -  Total Local Usage
	111264  -  Run Bytes Sent By Job
	690289984  -  Run Bytes Received By Job
	111264  -  Total Bytes Sent By Job
	690289984  -  Total Bytes Received By Job
	Partitionable Resources :      Usage  Request Allocated 
	   Cpus                 :       0.95        2         2 
	   Disk (KB)            : 2774560      750000    751616 
	   GPUs                 :                             0 
	   Memory (MB)          :    6630       16000     16000 
	   TimeExecute (s)      :    1686                       
	   TimeSlotBusy (s)     :    1692                       

	Job terminated of its own accord at 2025-07-17T09:57:33Z with exit-code 0.
...
000 (1265737.000.000) 2025-07-21 11:55:36 Job submitted from host: <172.30.1.200:9618?addrs=172.30.1.200-9618&alias=tamsa2&noUDP&sock=schedd_2531_a24a>
...
040 (1265737.000.000) 2025-07-21 11:55:42 Started transferring input files
	Transferring to host: <172.30.1.202:9618?addrs=172.30.1.202-9618&alias=node-w2.localdomain&noUDP&sock=slot1_11_4999_ff64_72969>
...
040 (1265737.000.000) 2025-07-21 11:55:47 Finished transferring input files
...
001 (1265737.000.000) 2025-07-21 11:55:47 Job executing on host: <172.30.1.202:9618?addrs=172.30.1.202-9618&alias=node-w2.localdomain&noUDP&sock=startd_4964_7836>
	SlotName: slot1_11@node-w2.localdomain
	CondorScratchDir = "/var/lib/condor/execute/dir_4131552"
	Cpus = 2
	Disk = 751616
	GPUs = 0
	Memory = 16000
...
006 (1265737.000.000) 2025-07-21 11:56:01 Image size of job updated: 1143980
	1118  -  MemoryUsage of job (MB)
	1143980  -  ResidentSetSize of job (KB)
...
006 (1265737.000.000) 2025-07-21 11:56:45 Image size of job updated: 2573364
	2149  -  MemoryUsage of job (MB)
	2199804  -  ResidentSetSize of job (KB)
...
004 (1265737.000.000) 2025-07-21 11:56:45 Job was evicted.
	(0) CPU times
		Usr 0 00:00:48, Sys 0 00:00:03  -  Run Remote Usage
		Usr 0 00:00:00, Sys 0 00:00:00  -  Run Local Usage
	0  -  Run Bytes Sent By Job
	690294464  -  Run Bytes Received By Job
	Partitionable Resources :      Usage  Request Allocated 
	   Cpus                 :       0.94        2         2 
	   Disk (KB)            : 2774379      750000    751616 
	   GPUs                 :                             0 
	   Memory (MB)          :    2149       16000     16000 
	   TimeExecute (s)      :      56                       
	   TimeSlotBusy (s)     :      63                       
...
009 (1265737.000.000) 2025-07-21 11:56:45 Job was aborted.
	via condor_rm (by user achihwan)
...
000 (1265797.000.000) 2025-07-21 11:56:56 Job submitted from host: <172.30.1.200:9618?addrs=172.30.1.200-9618&alias=tamsa2&noUDP&sock=schedd_2531_a24a>
...
040 (1265797.000.000) 2025-07-21 11:57:07 Started transferring input files
	Transferring to host: <172.30.1.215:9618?addrs=172.30.1.215-9618&alias=node-w15.localdomain&noUDP&sock=slot1_4_5185_0d2c_120402>
...
040 (1265797.000.000) 2025-07-21 11:57:12 Finished transferring input files
...
001 (1265797.000.000) 2025-07-21 11:57:12 Job executing on host: <172.30.1.215:9618?addrs=172.30.1.215-9618&alias=node-w15.localdomain&noUDP&sock=startd_5151_bc6c>
	SlotName: slot1_4@node-w15.localdomain
	CondorScratchDir = "/var/lib/condor/execute/dir_3712899"
	Cpus = 2
	Disk = 751616
	GPUs = 0
	Memory = 16000
...
006 (1265797.000.000) 2025-07-21 11:57:25 Image size of job updated: 678844
	663  -  MemoryUsage of job (MB)
	678844  -  ResidentSetSize of job (KB)
...
006 (1265797.000.000) 2025-07-21 12:02:26 Image size of job updated: 4827152
	3134  -  MemoryUsage of job (MB)
	3208232  -  ResidentSetSize of job (KB)
...
006 (1265797.000.000) 2025-07-21 12:07:27 Image size of job updated: 5189512
	3268  -  MemoryUsage of job (MB)
	3345452  -  ResidentSetSize of job (KB)
...
006 (1265797.000.000) 2025-07-21 12:12:28 Image size of job updated: 7323724
	4150  -  MemoryUsage of job (MB)
	4249292  -  ResidentSetSize of job (KB)
...
040 (1265797.000.000) 2025-07-21 12:24:18 Started transferring output files
...
040 (1265797.000.000) 2025-07-21 12:24:18 Finished transferring output files
...
005 (1265797.000.000) 2025-07-21 12:24:19 Job terminated.
	(1) Normal termination (return value 0)
		Usr 0 00:21:59, Sys 0 00:03:28  -  Run Remote Usage
		Usr 0 00:00:00, Sys 0 00:00:00  -  Run Local Usage
		Usr 0 00:21:59, Sys 0 00:03:28  -  Total Remote Usage
		Usr 0 00:00:00, Sys 0 00:00:00  -  Total Local Usage
	124707  -  Run Bytes Sent By Job
	690294464  -  Run Bytes Received By Job
	124707  -  Total Bytes Sent By Job
	690294464  -  Total Bytes Received By Job
	Partitionable Resources :      Usage  Request Allocated 
	   Cpus                 :       0.95        2         2 
	   Disk (KB)            : 2774589      750000    751616 
	   GPUs                 :                             0 
	   Memory (MB)          :    4150       16000     16000 
	   TimeExecute (s)      :    1626                       
	   TimeSlotBusy (s)     :    1632                       

	Job terminated of its own accord at 2025-07-21T03:24:18Z with exit-code 0.
...
