000 (1265837.000.000) 2025-07-21 11:56:59 Job submitted from host: <172.30.1.200:9618?addrs=172.30.1.200-9618&alias=tamsa2&noUDP&sock=schedd_2531_a24a>
...
040 (1265837.000.000) 2025-07-21 11:57:08 Started transferring input files
	Transferring to host: <172.30.1.208:9618?addrs=172.30.1.208-9618&alias=node-w8.localdomain&noUDP&sock=slot1_30_4971_44e3_61221>
...
001 (1265837.000.000) 2025-07-21 11:57:13 Job executing on host: <172.30.1.208:9618?addrs=172.30.1.208-9618&alias=node-w8.localdomain&noUDP&sock=startd_4937_f328>
	SlotName: slot1_30@node-w8.localdomain
	CondorScratchDir = "/var/lib/condor/execute/dir_1896799"
	Cpus = 2
	Disk = 751616
	GPUs = 0
	Memory = 16000
...
040 (1265837.000.000) 2025-07-21 11:57:13 Finished transferring input files
...
006 (1265837.000.000) 2025-07-21 11:57:26 Image size of job updated: 1017584
	994  -  MemoryUsage of job (MB)
	1017584  -  ResidentSetSize of job (KB)
...
006 (1265837.000.000) 2025-07-21 12:02:26 Image size of job updated: 2928876
	2776  -  MemoryUsage of job (MB)
	2842080  -  ResidentSetSize of job (KB)
...
006 (1265837.000.000) 2025-07-21 12:07:27 Image size of job updated: 3280420
	2976  -  MemoryUsage of job (MB)
	3046664  -  ResidentSetSize of job (KB)
...
006 (1265837.000.000) 2025-07-21 12:12:28 Image size of job updated: 3516000
	3096  -  MemoryUsage of job (MB)
	3169396  -  ResidentSetSize of job (KB)
...
006 (1265837.000.000) 2025-07-21 12:17:29 Image size of job updated: 3674404
	3288  -  MemoryUsage of job (MB)
	3366296  -  ResidentSetSize of job (KB)
...
006 (1265837.000.000) 2025-07-21 12:22:29 Image size of job updated: 3674404
	3479  -  MemoryUsage of job (MB)
	3562316  -  ResidentSetSize of job (KB)
...
006 (1265837.000.000) 2025-07-21 12:27:30 Image size of job updated: 3991004
	3592  -  MemoryUsage of job (MB)
	3677592  -  ResidentSetSize of job (KB)
...
006 (1265837.000.000) 2025-07-21 12:32:31 Image size of job updated: 4123208
	3755  -  MemoryUsage of job (MB)
	3844736  -  ResidentSetSize of job (KB)
...
006 (1265837.000.000) 2025-07-21 12:34:53 Image size of job updated: 4153032
	3755  -  MemoryUsage of job (MB)
	3844736  -  ResidentSetSize of job (KB)
...
040 (1265837.000.000) 2025-07-21 12:34:53 Started transferring output files
...
040 (1265837.000.000) 2025-07-21 12:34:53 Finished transferring output files
...
005 (1265837.000.000) 2025-07-21 12:34:53 Job terminated.
	(1) Normal termination (return value 0)
		Usr 0 00:31:50, Sys 0 00:01:28  -  Run Remote Usage
		Usr 0 00:00:00, Sys 0 00:00:00  -  Run Local Usage
		Usr 0 00:31:50, Sys 0 00:01:28  -  Total Remote Usage
		Usr 0 00:00:00, Sys 0 00:00:00  -  Total Local Usage
	171449  -  Run Bytes Sent By Job
	690321472  -  Run Bytes Received By Job
	171449  -  Total Bytes Sent By Job
	690321472  -  Total Bytes Received By Job
	Partitionable Resources :      Usage  Request Allocated 
	   Cpus                 :       0.90        2         2 
	   Disk (KB)            : 2774663      750000    751616 
	   GPUs                 :                             0 
	   Memory (MB)          :    3755       16000     16000 
	   TimeExecute (s)      :    2260                       
	   TimeSlotBusy (s)     :    2266                       

	Job terminated of its own accord at 2025-07-21T03:34:53Z with exit-code 0.
...
