000 (1246653.000.000) 2025-07-17 16:10:37 Job submitted from host: <172.30.1.200:9618?addrs=172.30.1.200-9618&alias=tamsa2&noUDP&sock=schedd_2531_a24a>
...
040 (1246653.000.000) 2025-07-17 16:10:40 Started transferring input files
	Transferring to host: <172.30.1.209:9618?addrs=172.30.1.209-9618&alias=node-w9.localdomain&noUDP&sock=slot1_1_5028_6e46_35105>
...
001 (1246653.000.000) 2025-07-17 16:10:40 Job executing on host: <172.30.1.209:9618?addrs=172.30.1.209-9618&alias=node-w9.localdomain&noUDP&sock=startd_4994_0c0e>
	SlotName: slot1_1@node-w9.localdomain
	CondorScratchDir = "/var/lib/condor/execute/dir_4045492"
	Cpus = 2
	Disk = 2048
	GPUs = 0
	Memory = 16000
...
040 (1246653.000.000) 2025-07-17 16:10:40 Finished transferring input files
...
021 (1246653.000.000) 2025-07-17 16:10:45 Error from starter on slot1_1@node-w9.localdomain:
	Failed to execute '/var/lib/condor/execute/dir_4045492/run_ZZto2Nu2Q.py': (errno=8: 'Exec format error')
	Code 6 Subcode 8
...
004 (1246653.000.000) 2025-07-17 16:10:45 Job was evicted.
	(0) CPU times
		Usr 0 00:00:00, Sys 0 00:00:00  -  Run Remote Usage
		Usr 0 00:00:00, Sys 0 00:00:00  -  Run Local Usage
	0  -  Run Bytes Sent By Job
	29233  -  Run Bytes Received By Job
	Error from slot1_1@node-w9.localdomain: Failed to execute '/var/lib/condor/execute/dir_4045492/run_ZZto2Nu2Q.py': (errno=8: 'Exec format error')
	Partitionable Resources :    Usage  Request Allocated 
	   Cpus                 :                 2         2 
	   Disk (KB)            :       30       30      2048 
	   GPUs                 :                           0 
	   Memory (MB)          :             16000     16000 
	   TimeSlotBusy (s)     :        5                    
...
012 (1246653.000.000) 2025-07-17 16:10:45 Job was held.
	Error from slot1_1@node-w9.localdomain: Failed to execute '/var/lib/condor/execute/dir_4045492/run_ZZto2Nu2Q.py': (errno=8: 'Exec format error')
	Code 6 Subcode 8
...
009 (1246653.000.000) 2025-07-17 16:11:55 Job was aborted.
	via condor_rm (by user achihwan)
...
000 (1246709.000.000) 2025-07-17 16:14:09 Job submitted from host: <172.30.1.200:9618?addrs=172.30.1.200-9618&alias=tamsa2&noUDP&sock=schedd_2531_a24a>
...
040 (1246709.000.000) 2025-07-17 16:14:23 Started transferring input files
	Transferring to host: <172.30.1.205:9618?addrs=172.30.1.205-9618&alias=node-w5.localdomain&noUDP&sock=slot1_23_5098_c088_47449>
...
001 (1246709.000.000) 2025-07-17 16:14:23 Job executing on host: <172.30.1.205:9618?addrs=172.30.1.205-9618&alias=node-w5.localdomain&noUDP&sock=startd_5064_0faf>
	SlotName: slot1_23@node-w5.localdomain
	CondorScratchDir = "/var/lib/condor/execute/dir_2779972"
	Cpus = 2
	Disk = 2048
	GPUs = 0
	Memory = 16000
...
040 (1246709.000.000) 2025-07-17 16:14:23 Finished transferring input files
...
021 (1246709.000.000) 2025-07-17 16:14:28 Error from starter on slot1_23@node-w5.localdomain:
	Failed to execute '/var/lib/condor/execute/dir_2779972/run_ZZto2Nu2Q.py' with arguments python *.py: (errno=8: 'Exec format error')
	Code 6 Subcode 8
...
004 (1246709.000.000) 2025-07-17 16:14:28 Job was evicted.
	(0) CPU times
		Usr 0 00:00:00, Sys 0 00:00:00  -  Run Remote Usage
		Usr 0 00:00:00, Sys 0 00:00:00  -  Run Local Usage
	0  -  Run Bytes Sent By Job
	29233  -  Run Bytes Received By Job
	Error from slot1_23@node-w5.localdomain: Failed to execute '/var/lib/condor/execute/dir_2779972/run_ZZto2Nu2Q.py' with arguments python *.py: (errno=8: 'Exec format error')
	Partitionable Resources :    Usage  Request Allocated 
	   Cpus                 :                 2         2 
	   Disk (KB)            :       30       30      2048 
	   GPUs                 :                           0 
	   Memory (MB)          :             16000     16000 
	   TimeSlotBusy (s)     :        5                    
...
012 (1246709.000.000) 2025-07-17 16:14:28 Job was held.
	Error from slot1_23@node-w5.localdomain: Failed to execute '/var/lib/condor/execute/dir_2779972/run_ZZto2Nu2Q.py' with arguments python *.py: (errno=8: 'Exec format error')
	Code 6 Subcode 8
...
009 (1246709.000.000) 2025-07-17 16:16:03 Job was aborted.
	via condor_rm (by user achihwan)
...
000 (1247409.000.000) 2025-07-17 16:30:17 Job submitted from host: <172.30.1.200:9618?addrs=172.30.1.200-9618&alias=tamsa2&noUDP&sock=schedd_2531_a24a>
...
040 (1247409.000.000) 2025-07-17 16:30:36 Started transferring input files
	Transferring to host: <172.30.1.107:9618?addrs=172.30.1.107-9618&alias=node-g7.localdomain&noUDP&sock=slot1_6_5631_4c7e_25442>
...
001 (1247409.000.000) 2025-07-17 16:30:36 Job executing on host: <172.30.1.107:9618?addrs=172.30.1.107-9618&alias=node-g7.localdomain&noUDP&sock=startd_5596_f811>
	SlotName: slot1_6@node-g7.localdomain
	CondorScratchDir = "/var/lib/condor/execute/dir_3000051"
	Cpus = 2
	Disk = 2048
	GPUs = 0
	Memory = 16000
...
040 (1247409.000.000) 2025-07-17 16:30:36 Finished transferring input files
...
006 (1247409.000.000) 2025-07-17 16:30:41 Image size of job updated: 96
	1  -  MemoryUsage of job (MB)
	4  -  ResidentSetSize of job (KB)
...
040 (1247409.000.000) 2025-07-17 16:30:41 Started transferring output files
...
040 (1247409.000.000) 2025-07-17 16:30:41 Finished transferring output files
...
021 (1247409.000.000) 2025-07-17 16:30:41 Error from starter on slot1_6@node-g7.localdomain:
	STARTER at 172.30.1.107 failed to send file(s) to <172.30.1.200:9618>: |Error: reading from file /var/lib/condor/execute/dir_3000051/*.png: (errno 2) No such file or directory; SHADOW failed to receive file(s) from <172.30.1.107:35315>
	Code 13 Subcode 2
...
004 (1247409.000.000) 2025-07-17 16:30:41 Job was evicted.
	(0) CPU times
		Usr 0 00:00:00, Sys 0 00:00:00  -  Run Remote Usage
		Usr 0 00:00:00, Sys 0 00:00:00  -  Run Local Usage
	135  -  Run Bytes Sent By Job
	29280  -  Run Bytes Received By Job
	Transfer output files failure at execution point slot1_6@node-g7.localdomain while sending files to access point tamsa2. Details: reading from file /var/lib/condor/execute/dir_3000051/*.png: (errno 2) No such file or directory
	Partitionable Resources :    Usage  Request Allocated 
	   Cpus                 :        0        2         2 
	   Disk (KB)            :       51       32      2048 
	   GPUs                 :                           0 
	   Memory (MB)          :        1    16000     16000 
	   TimeExecute (s)      :        5                    
	   TimeSlotBusy (s)     :        5                    
...
012 (1247409.000.000) 2025-07-17 16:30:41 Job was held.
	Transfer output files failure at execution point slot1_6@node-g7.localdomain while sending files to access point tamsa2. Details: reading from file /var/lib/condor/execute/dir_3000051/*.png: (errno 2) No such file or directory
	Code 12 Subcode 2
...
009 (1247409.000.000) 2025-07-17 16:32:04 Job was aborted.
	via condor_rm (by user achihwan)

	Job terminated by itself at 2025-07-17T07:30:41Z (using method 0: OF_ITS_OWN_ACCORD).
...
000 (1247469.000.000) 2025-07-17 16:32:10 Job submitted from host: <172.30.1.200:9618?addrs=172.30.1.200-9618&alias=tamsa2&noUDP&sock=schedd_2531_a24a>
...
040 (1247469.000.000) 2025-07-17 16:32:30 Started transferring input files
	Transferring to host: <172.30.1.110:9618?addrs=172.30.1.110-9618&alias=node-g10.localdomain&noUDP&sock=slot1_21_6414_fe3e_19801>
...
001 (1247469.000.000) 2025-07-17 16:32:30 Job executing on host: <172.30.1.110:9618?addrs=172.30.1.110-9618&alias=node-g10.localdomain&noUDP&sock=startd_6380_ba51>
	SlotName: slot1_21@node-g10.localdomain
	CondorScratchDir = "/var/lib/condor/execute/dir_3257186"
	Cpus = 2
	Disk = 2048
	GPUs = 0
	Memory = 16000
...
040 (1247469.000.000) 2025-07-17 16:32:30 Finished transferring input files
...
006 (1247469.000.000) 2025-07-17 16:32:35 Image size of job updated: 108
	1  -  MemoryUsage of job (MB)
	4  -  ResidentSetSize of job (KB)
...
040 (1247469.000.000) 2025-07-17 16:32:35 Started transferring output files
...
040 (1247469.000.000) 2025-07-17 16:32:35 Finished transferring output files
...
021 (1247469.000.000) 2025-07-17 16:32:35 Error from starter on slot1_21@node-g10.localdomain:
	STARTER at 172.30.1.110 failed to send file(s) to <172.30.1.200:9618>: |Error: reading from file /var/lib/condor/execute/dir_3257186/*.png: (errno 2) No such file or directory; SHADOW failed to receive file(s) from <172.30.1.110:40669>
	Code 13 Subcode 2
...
004 (1247469.000.000) 2025-07-17 16:32:35 Job was evicted.
	(0) CPU times
		Usr 0 00:00:00, Sys 0 00:00:00  -  Run Remote Usage
		Usr 0 00:00:00, Sys 0 00:00:00  -  Run Local Usage
	112  -  Run Bytes Sent By Job
	29269  -  Run Bytes Received By Job
	Transfer output files failure at execution point slot1_21@node-g10.localdomain while sending files to access point tamsa2. Details: reading from file /var/lib/condor/execute/dir_3257186/*.png: (errno 2) No such file or directory
	Partitionable Resources :    Usage  Request Allocated 
	   Cpus                 :        0        2         2 
	   Disk (KB)            :       51       32      2048 
	   GPUs                 :                           0 
	   Memory (MB)          :        1    16000     16000 
	   TimeExecute (s)      :        5                    
	   TimeSlotBusy (s)     :        5                    
...
012 (1247469.000.000) 2025-07-17 16:32:35 Job was held.
	Transfer output files failure at execution point slot1_21@node-g10.localdomain while sending files to access point tamsa2. Details: reading from file /var/lib/condor/execute/dir_3257186/*.png: (errno 2) No such file or directory
	Code 12 Subcode 2
...
009 (1247469.000.000) 2025-07-17 16:36:30 Job was aborted.
	via condor_rm (by user achihwan)

	Job terminated by itself at 2025-07-17T07:32:35Z (using method 0: OF_ITS_OWN_ACCORD).
...
000 (1247529.000.000) 2025-07-17 16:36:37 Job submitted from host: <172.30.1.200:9618?addrs=172.30.1.200-9618&alias=tamsa2&noUDP&sock=schedd_2531_a24a>
...
040 (1247529.000.000) 2025-07-17 16:36:55 Started transferring input files
	Transferring to host: <172.30.1.108:9618?addrs=172.30.1.108-9618&alias=node-g8.localdomain&noUDP&sock=slot1_20_6196_6475_19951>
...
001 (1247529.000.000) 2025-07-17 16:36:55 Job executing on host: <172.30.1.108:9618?addrs=172.30.1.108-9618&alias=node-g8.localdomain&noUDP&sock=startd_6162_32ac>
	SlotName: slot1_20@node-g8.localdomain
	CondorScratchDir = "/var/lib/condor/execute/dir_614001"
	Cpus = 2
	Disk = 2048
	GPUs = 0
	Memory = 16000
...
040 (1247529.000.000) 2025-07-17 16:36:55 Finished transferring input files
...
006 (1247529.000.000) 2025-07-17 16:37:00 Image size of job updated: 108
	1  -  MemoryUsage of job (MB)
	8  -  ResidentSetSize of job (KB)
...
040 (1247529.000.000) 2025-07-17 16:37:00 Started transferring output files
...
040 (1247529.000.000) 2025-07-17 16:37:00 Finished transferring output files
...
021 (1247529.000.000) 2025-07-17 16:37:01 Error from starter on slot1_20@node-g8.localdomain:
	STARTER at 172.30.1.108 failed to send file(s) to <172.30.1.200:9618>: |Error: reading from file /var/lib/condor/execute/dir_614001/*.png: (errno 2) No such file or directory; SHADOW failed to receive file(s) from <172.30.1.108:36513>
	Code 13 Subcode 2
...
004 (1247529.000.000) 2025-07-17 16:37:01 Job was evicted.
	(0) CPU times
		Usr 0 00:00:00, Sys 0 00:00:00  -  Run Remote Usage
		Usr 0 00:00:00, Sys 0 00:00:00  -  Run Local Usage
	198  -  Run Bytes Sent By Job
	29273  -  Run Bytes Received By Job
	Transfer output files failure at execution point slot1_20@node-g8.localdomain while sending files to access point tamsa2. Details: reading from file /var/lib/condor/execute/dir_614001/*.png: (errno 2) No such file or directory
	Partitionable Resources :    Usage  Request Allocated 
	   Cpus                 :        0        2         2 
	   Disk (KB)            :       51       32      2048 
	   GPUs                 :                           0 
	   Memory (MB)          :        1    16000     16000 
	   TimeExecute (s)      :        5                    
	   TimeSlotBusy (s)     :        6                    
...
012 (1247529.000.000) 2025-07-17 16:37:01 Job was held.
	Transfer output files failure at execution point slot1_20@node-g8.localdomain while sending files to access point tamsa2. Details: reading from file /var/lib/condor/execute/dir_614001/*.png: (errno 2) No such file or directory
	Code 12 Subcode 2
...
009 (1247529.000.000) 2025-07-17 16:38:09 Job was aborted.
	via condor_rm (by user achihwan)

	Job terminated by itself at 2025-07-17T07:37:00Z (using method 0: OF_ITS_OWN_ACCORD).
...
000 (1247588.000.000) 2025-07-17 16:38:19 Job submitted from host: <172.30.1.200:9618?addrs=172.30.1.200-9618&alias=tamsa2&noUDP&sock=schedd_2531_a24a>
...
040 (1247588.000.000) 2025-07-17 16:40:37 Started transferring input files
	Transferring to host: <172.30.1.217:9618?addrs=172.30.1.217-9618&alias=node-w17.localdomain&noUDP&sock=slot1_32_6391_c99d_116371>
...
001 (1247588.000.000) 2025-07-17 16:40:37 Job executing on host: <172.30.1.217:9618?addrs=172.30.1.217-9618&alias=node-w17.localdomain&noUDP&sock=startd_6357_f3a4>
	SlotName: slot1_32@node-w17.localdomain
	CondorScratchDir = "/var/lib/condor/execute/dir_3842609"
	Cpus = 2
	Disk = 2048
	GPUs = 0
	Memory = 16000
...
040 (1247588.000.000) 2025-07-17 16:40:37 Finished transferring input files
...
006 (1247588.000.000) 2025-07-17 16:40:43 Image size of job updated: 188
	1  -  MemoryUsage of job (MB)
	8  -  ResidentSetSize of job (KB)
...
040 (1247588.000.000) 2025-07-17 16:40:43 Started transferring output files
...
040 (1247588.000.000) 2025-07-17 16:40:43 Finished transferring output files
...
021 (1247588.000.000) 2025-07-17 16:40:43 Error from starter on slot1_32@node-w17.localdomain:
	STARTER at 172.30.1.217 failed to send file(s) to <172.30.1.200:9618>: |Error: reading from file /var/lib/condor/execute/dir_3842609/*.png: (errno 2) No such file or directory; SHADOW failed to receive file(s) from <172.30.1.217:45975>
	Code 13 Subcode 2
...
004 (1247588.000.000) 2025-07-17 16:40:43 Job was evicted.
	(0) CPU times
		Usr 0 00:00:00, Sys 0 00:00:00  -  Run Remote Usage
		Usr 0 00:00:00, Sys 0 00:00:00  -  Run Local Usage
	269  -  Run Bytes Sent By Job
	29277  -  Run Bytes Received By Job
	Transfer output files failure at execution point slot1_32@node-w17.localdomain while sending files to access point tamsa2. Details: reading from file /var/lib/condor/execute/dir_3842609/*.png: (errno 2) No such file or directory
	Partitionable Resources :    Usage  Request Allocated 
	   Cpus                 :        0        2         2 
	   Disk (KB)            :       52       32      2048 
	   GPUs                 :                           0 
	   Memory (MB)          :        1    16000     16000 
	   TimeExecute (s)      :        6                    
	   TimeSlotBusy (s)     :        6                    
...
012 (1247588.000.000) 2025-07-17 16:40:43 Job was held.
	Transfer output files failure at execution point slot1_32@node-w17.localdomain while sending files to access point tamsa2. Details: reading from file /var/lib/condor/execute/dir_3842609/*.png: (errno 2) No such file or directory
	Code 12 Subcode 2
...
009 (1247588.000.000) 2025-07-17 16:41:21 Job was aborted.
	via condor_rm (by user achihwan)

	Job terminated by itself at 2025-07-17T07:40:43Z (using method 0: OF_ITS_OWN_ACCORD).
...
000 (1247650.000.000) 2025-07-17 16:51:14 Job submitted from host: <172.30.1.200:9618?addrs=172.30.1.200-9618&alias=tamsa2&noUDP&sock=schedd_2531_a24a>
...
040 (1247650.000.000) 2025-07-17 16:51:38 Entered queue to transfer input files
	Transferring to host: <172.30.1.211:9618?addrs=172.30.1.211-9618&alias=node-w11.localdomain&noUDP&sock=slot1_16_4969_dc23_57709>
...
040 (1247650.000.000) 2025-07-17 16:51:47 Started transferring input files
	Seconds spent in queue: 9
...
040 (1247650.000.000) 2025-07-17 16:51:51 Finished transferring input files
...
001 (1247650.000.000) 2025-07-17 16:51:51 Job executing on host: <172.30.1.211:9618?addrs=172.30.1.211-9618&alias=node-w11.localdomain&noUDP&sock=startd_4935_93f7>
	SlotName: slot1_16@node-w11.localdomain
	CondorScratchDir = "/var/lib/condor/execute/dir_364064"
	Cpus = 2
	Disk = 751616
	GPUs = 0
	Memory = 16000
...
006 (1247650.000.000) 2025-07-17 16:52:04 Image size of job updated: 1010388
	987  -  MemoryUsage of job (MB)
	1010388  -  ResidentSetSize of job (KB)
...
006 (1247650.000.000) 2025-07-17 16:52:13 Image size of job updated: 2199792
	2149  -  MemoryUsage of job (MB)
	2199792  -  ResidentSetSize of job (KB)
...
040 (1247650.000.000) 2025-07-17 16:52:13 Started transferring output files
	Seconds spent in queue: 35
...
040 (1247650.000.000) 2025-07-17 16:52:13 Finished transferring output files
...
021 (1247650.000.000) 2025-07-17 16:52:13 Error from starter on slot1_16@node-w11.localdomain:
	STARTER at 172.30.1.211 failed to send file(s) to <172.30.1.200:9618>: |Error: reading from file /var/lib/condor/execute/dir_364064/*.png: (errno 2) No such file or directory; SHADOW failed to receive file(s) from <172.30.1.211:40845>
	Code 13 Subcode 2
...
004 (1247650.000.000) 2025-07-17 16:52:13 Job was evicted.
	(0) CPU times
		Usr 0 00:00:17, Sys 0 00:00:03  -  Run Remote Usage
		Usr 0 00:00:00, Sys 0 00:00:00  -  Run Local Usage
	600  -  Run Bytes Sent By Job
	690286144  -  Run Bytes Received By Job
	Transfer output files failure at execution point slot1_16@node-w11.localdomain while sending files to access point tamsa2. Details: reading from file /var/lib/condor/execute/dir_364064/*.png: (errno 2) No such file or directory
	Partitionable Resources :    Usage  Request Allocated 
	   Cpus                 :        0        2         2 
	   Disk (KB)            :  2774358   750000    751616 
	   GPUs                 :                           0 
	   Memory (MB)          :     2149    16000     16000 
	   TimeExecute (s)      :       22                    
	   TimeSlotBusy (s)     :       40                    
...
012 (1247650.000.000) 2025-07-17 16:52:13 Job was held.
	Transfer output files failure at execution point slot1_16@node-w11.localdomain while sending files to access point tamsa2. Details: reading from file /var/lib/condor/execute/dir_364064/*.png: (errno 2) No such file or directory
	Code 12 Subcode 2
...
009 (1247650.000.000) 2025-07-17 17:02:33 Job was aborted.
	via condor_rm (by user achihwan)

	Job terminated by itself at 2025-07-17T07:52:13Z (using method 0: OF_ITS_OWN_ACCORD).
...
000 (1247711.000.000) 2025-07-17 17:02:56 Job submitted from host: <172.30.1.200:9618?addrs=172.30.1.200-9618&alias=tamsa2&noUDP&sock=schedd_2531_a24a>
...
040 (1247711.000.000) 2025-07-17 17:03:14 Started transferring input files
	Transferring to host: <172.30.1.211:9618?addrs=172.30.1.211-9618&alias=node-w11.localdomain&noUDP&sock=slot1_1_4969_dc23_57726>
...
040 (1247711.000.000) 2025-07-17 17:03:14 Finished transferring input files
...
040 (1247711.000.000) 2025-07-17 17:03:15 Started transferring output files
...
021 (1247711.000.000) 2025-07-17 17:03:15 Error from starter on slot1_1@node-w11.localdomain:
	Failed to transfer files: SHADOW at 172.30.1.200 failed to send file(s) to <172.30.1.211:36085>: |Error: reading from file /data6/Users/achihwan/hepenv.tar.gz: (errno 2) No such file or directory; STARTER failed to receive file(s) from <172.30.1.200:9618>
	Code 13 Subcode 2
...
004 (1247711.000.000) 2025-07-17 17:03:15 Job was evicted.
	(0) CPU times
		Usr 0 00:00:00, Sys 0 00:00:00  -  Run Remote Usage
		Usr 0 00:00:00, Sys 0 00:00:00  -  Run Local Usage
	0  -  Run Bytes Sent By Job
	29321  -  Run Bytes Received By Job
	Transfer input files failure at access point tamsa2 while sending files to execution point slot1_1@node-w11.localdomain. Details: reading from file /data6/Users/achihwan/hepenv.tar.gz: (errno 2) No such file or directory
	Partitionable Resources :    Usage  Request Allocated 
	   Cpus                 :                 2         2 
	   Disk (KB)            :       45       32      2048 
	   GPUs                 :                           0 
	   Memory (MB)          :             16000     16000 
...
012 (1247711.000.000) 2025-07-17 17:03:15 Job was held.
	Transfer input files failure at access point tamsa2 while sending files to execution point slot1_1@node-w11.localdomain. Details: reading from file /data6/Users/achihwan/hepenv.tar.gz: (errno 2) No such file or directory
	Code 13 Subcode 2
...
009 (1247711.000.000) 2025-07-17 17:05:02 Job was aborted.
	via condor_rm (by user achihwan)
...
000 (1247771.000.000) 2025-07-17 17:05:07 Job submitted from host: <172.30.1.200:9618?addrs=172.30.1.200-9618&alias=tamsa2&noUDP&sock=schedd_2531_a24a>
...
040 (1247771.000.000) 2025-07-17 17:05:26 Started transferring input files
	Transferring to host: <172.30.1.211:9618?addrs=172.30.1.211-9618&alias=node-w11.localdomain&noUDP&sock=slot1_3_4969_dc23_57745>
...
040 (1247771.000.000) 2025-07-17 17:05:26 Finished transferring input files
...
040 (1247771.000.000) 2025-07-17 17:05:27 Started transferring output files
...
021 (1247771.000.000) 2025-07-17 17:05:27 Error from starter on slot1_3@node-w11.localdomain:
	Failed to transfer files: SHADOW at 172.30.1.200 failed to send file(s) to <172.30.1.211:44541>: |Error: reading from file /data6/Users/achihwan/hepenv.tar.gz: (errno 2) No such file or directory; STARTER failed to receive file(s) from <172.30.1.200:9618>
	Code 13 Subcode 2
...
004 (1247771.000.000) 2025-07-17 17:05:27 Job was evicted.
	(0) CPU times
		Usr 0 00:00:00, Sys 0 00:00:00  -  Run Remote Usage
		Usr 0 00:00:00, Sys 0 00:00:00  -  Run Local Usage
	0  -  Run Bytes Sent By Job
	29271  -  Run Bytes Received By Job
	Transfer input files failure at access point tamsa2 while sending files to execution point slot1_3@node-w11.localdomain. Details: reading from file /data6/Users/achihwan/hepenv.tar.gz: (errno 2) No such file or directory
	Partitionable Resources :    Usage  Request Allocated 
	   Cpus                 :                 2         2 
	   Disk (KB)            :       45       32      2048 
	   GPUs                 :                           0 
	   Memory (MB)          :             16000     16000 
...
012 (1247771.000.000) 2025-07-17 17:05:27 Job was held.
	Transfer input files failure at access point tamsa2 while sending files to execution point slot1_3@node-w11.localdomain. Details: reading from file /data6/Users/achihwan/hepenv.tar.gz: (errno 2) No such file or directory
	Code 13 Subcode 2
...
009 (1247771.000.000) 2025-07-17 17:06:33 Job was aborted.
	via condor_rm (by user achihwan)
...
000 (1247830.000.000) 2025-07-17 17:06:37 Job submitted from host: <172.30.1.200:9618?addrs=172.30.1.200-9618&alias=tamsa2&noUDP&sock=schedd_2531_a24a>
...
040 (1247830.000.000) 2025-07-17 17:06:48 Started transferring input files
	Transferring to host: <172.30.1.205:9618?addrs=172.30.1.205-9618&alias=node-w5.localdomain&noUDP&sock=slot1_9_5098_c088_47697>
...
001 (1247830.000.000) 2025-07-17 17:06:48 Job executing on host: <172.30.1.205:9618?addrs=172.30.1.205-9618&alias=node-w5.localdomain&noUDP&sock=startd_5064_0faf>
	SlotName: slot1_9@node-w5.localdomain
	CondorScratchDir = "/var/lib/condor/execute/dir_2820726"
	Cpus = 2
	Disk = 2048
	GPUs = 0
	Memory = 16000
...
040 (1247830.000.000) 2025-07-17 17:06:48 Finished transferring input files
...
006 (1247830.000.000) 2025-07-17 17:06:53 Image size of job updated: 132
	1  -  MemoryUsage of job (MB)
	8  -  ResidentSetSize of job (KB)
...
040 (1247830.000.000) 2025-07-17 17:06:53 Started transferring output files
...
040 (1247830.000.000) 2025-07-17 17:06:53 Finished transferring output files
...
021 (1247830.000.000) 2025-07-17 17:06:54 Error from starter on slot1_9@node-w5.localdomain:
	STARTER at 172.30.1.205 failed to send file(s) to <172.30.1.200:9618>: |Error: reading from file /var/lib/condor/execute/dir_2820726/*.png: (errno 2) No such file or directory; SHADOW failed to receive file(s) from <172.30.1.205:43735>
	Code 13 Subcode 2
...
004 (1247830.000.000) 2025-07-17 17:06:54 Job was evicted.
	(0) CPU times
		Usr 0 00:00:00, Sys 0 00:00:00  -  Run Remote Usage
		Usr 0 00:00:00, Sys 0 00:00:00  -  Run Local Usage
	269  -  Run Bytes Sent By Job
	29271  -  Run Bytes Received By Job
	Transfer output files failure at execution point slot1_9@node-w5.localdomain while sending files to access point tamsa2. Details: reading from file /var/lib/condor/execute/dir_2820726/*.png: (errno 2) No such file or directory
	Partitionable Resources :    Usage  Request Allocated 
	   Cpus                 :        0        2         2 
	   Disk (KB)            :       51       32      2048 
	   GPUs                 :                           0 
	   Memory (MB)          :        1    16000     16000 
	   TimeExecute (s)      :        5                    
	   TimeSlotBusy (s)     :        6                    
...
012 (1247830.000.000) 2025-07-17 17:06:54 Job was held.
	Transfer output files failure at execution point slot1_9@node-w5.localdomain while sending files to access point tamsa2. Details: reading from file /var/lib/condor/execute/dir_2820726/*.png: (errno 2) No such file or directory
	Code 12 Subcode 2
...
009 (1247830.000.000) 2025-07-17 17:08:13 Job was aborted.
	via condor_rm (by user achihwan)

	Job terminated by itself at 2025-07-17T08:06:53Z (using method 0: OF_ITS_OWN_ACCORD).
...
000 (1247889.000.000) 2025-07-17 17:08:24 Job submitted from host: <172.30.1.200:9618?addrs=172.30.1.200-9618&alias=tamsa2&noUDP&sock=schedd_2531_a24a>
...
009 (1247889.000.000) 2025-07-17 17:08:34 Job was aborted.
	via condor_rm (by user achihwan)
...
000 (1247948.000.000) 2025-07-17 17:08:52 Job submitted from host: <172.30.1.200:9618?addrs=172.30.1.200-9618&alias=tamsa2&noUDP&sock=schedd_2531_a24a>
...
040 (1247948.000.000) 2025-07-17 17:09:03 Started transferring input files
	Transferring to host: <172.30.1.206:9618?addrs=172.30.1.206-9618&alias=node-w6.localdomain&noUDP&sock=slot1_13_4969_dc23_29416>
...
001 (1247948.000.000) 2025-07-17 17:09:03 Job executing on host: <172.30.1.206:9618?addrs=172.30.1.206-9618&alias=node-w6.localdomain&noUDP&sock=startd_4935_93f7>
	SlotName: slot1_13@node-w6.localdomain
	CondorScratchDir = "/var/lib/condor/execute/dir_433630"
	Cpus = 2
	Disk = 2048
	GPUs = 0
	Memory = 16000
...
040 (1247948.000.000) 2025-07-17 17:09:03 Finished transferring input files
...
006 (1247948.000.000) 2025-07-17 17:09:08 Image size of job updated: 116
	1  -  MemoryUsage of job (MB)
	12  -  ResidentSetSize of job (KB)
...
040 (1247948.000.000) 2025-07-17 17:09:08 Started transferring output files
...
040 (1247948.000.000) 2025-07-17 17:09:09 Finished transferring output files
...
021 (1247948.000.000) 2025-07-17 17:09:09 Error from starter on slot1_13@node-w6.localdomain:
	STARTER at 172.30.1.206 failed to send file(s) to <172.30.1.200:9618>: |Error: reading from file /var/lib/condor/execute/dir_433630/*.png: (errno 2) No such file or directory; SHADOW failed to receive file(s) from <172.30.1.206:35879>
	Code 13 Subcode 2
...
004 (1247948.000.000) 2025-07-17 17:09:09 Job was evicted.
	(0) CPU times
		Usr 0 00:00:00, Sys 0 00:00:00  -  Run Remote Usage
		Usr 0 00:00:00, Sys 0 00:00:00  -  Run Local Usage
	268  -  Run Bytes Sent By Job
	29271  -  Run Bytes Received By Job
	Transfer output files failure at execution point slot1_13@node-w6.localdomain while sending files to access point tamsa2. Details: reading from file /var/lib/condor/execute/dir_433630/*.png: (errno 2) No such file or directory
	Partitionable Resources :    Usage  Request Allocated 
	   Cpus                 :        0        2         2 
	   Disk (KB)            :       51       32      2048 
	   GPUs                 :                           0 
	   Memory (MB)          :        1    16000     16000 
	   TimeExecute (s)      :        5                    
	   TimeSlotBusy (s)     :        6                    
...
012 (1247948.000.000) 2025-07-17 17:09:09 Job was held.
	Transfer output files failure at execution point slot1_13@node-w6.localdomain while sending files to access point tamsa2. Details: reading from file /var/lib/condor/execute/dir_433630/*.png: (errno 2) No such file or directory
	Code 12 Subcode 2
...
009 (1247948.000.000) 2025-07-17 17:10:28 Job was aborted.
	via condor_rm (by user achihwan)

	Job terminated by itself at 2025-07-17T08:09:08Z (using method 0: OF_ITS_OWN_ACCORD).
...
000 (1248008.000.000) 2025-07-17 17:10:36 Job submitted from host: <172.30.1.200:9618?addrs=172.30.1.200-9618&alias=tamsa2&noUDP&sock=schedd_2531_a24a>
...
040 (1248008.000.000) 2025-07-17 17:10:44 Started transferring input files
	Transferring to host: <172.30.1.107:9618?addrs=172.30.1.107-9618&alias=node-g7.localdomain&noUDP&sock=slot1_1_5631_4c7e_25458>
...
001 (1248008.000.000) 2025-07-17 17:10:44 Job executing on host: <172.30.1.107:9618?addrs=172.30.1.107-9618&alias=node-g7.localdomain&noUDP&sock=startd_5596_f811>
	SlotName: slot1_1@node-g7.localdomain
	CondorScratchDir = "/var/lib/condor/execute/dir_3001347"
	Cpus = 2
	Disk = 2048
	GPUs = 0
	Memory = 16000
...
040 (1248008.000.000) 2025-07-17 17:10:44 Finished transferring input files
...
006 (1248008.000.000) 2025-07-17 17:10:49 Image size of job updated: 124
	1  -  MemoryUsage of job (MB)
	8  -  ResidentSetSize of job (KB)
...
040 (1248008.000.000) 2025-07-17 17:10:49 Started transferring output files
...
040 (1248008.000.000) 2025-07-17 17:10:49 Finished transferring output files
...
021 (1248008.000.000) 2025-07-17 17:10:49 Error from starter on slot1_1@node-g7.localdomain:
	STARTER at 172.30.1.107 failed to send file(s) to <172.30.1.200:9618>: |Error: reading from file /var/lib/condor/execute/dir_3001347/*.png: (errno 2) No such file or directory; SHADOW failed to receive file(s) from <172.30.1.107:44915>
	Code 13 Subcode 2
...
004 (1248008.000.000) 2025-07-17 17:10:49 Job was evicted.
	(0) CPU times
		Usr 0 00:00:00, Sys 0 00:00:00  -  Run Remote Usage
		Usr 0 00:00:00, Sys 0 00:00:00  -  Run Local Usage
	291  -  Run Bytes Sent By Job
	29271  -  Run Bytes Received By Job
	Transfer output files failure at execution point slot1_1@node-g7.localdomain while sending files to access point tamsa2. Details: reading from file /var/lib/condor/execute/dir_3001347/*.png: (errno 2) No such file or directory
	Partitionable Resources :    Usage  Request Allocated 
	   Cpus                 :        0        2         2 
	   Disk (KB)            :       51       32      2048 
	   GPUs                 :                           0 
	   Memory (MB)          :        1    16000     16000 
	   TimeExecute (s)      :        5                    
	   TimeSlotBusy (s)     :        5                    
...
012 (1248008.000.000) 2025-07-17 17:10:49 Job was held.
	Transfer output files failure at execution point slot1_1@node-g7.localdomain while sending files to access point tamsa2. Details: reading from file /var/lib/condor/execute/dir_3001347/*.png: (errno 2) No such file or directory
	Code 12 Subcode 2
...
009 (1248008.000.000) 2025-07-17 17:11:47 Job was aborted.
	via condor_rm (by user achihwan)

	Job terminated by itself at 2025-07-17T08:10:49Z (using method 0: OF_ITS_OWN_ACCORD).
...
000 (1248068.000.000) 2025-07-17 17:12:03 Job submitted from host: <172.30.1.200:9618?addrs=172.30.1.200-9618&alias=tamsa2&noUDP&sock=schedd_2531_a24a>
...
040 (1248068.000.000) 2025-07-17 17:12:22 Started transferring input files
	Transferring to host: <172.30.1.110:9618?addrs=172.30.1.110-9618&alias=node-g10.localdomain&noUDP&sock=slot1_9_6414_fe3e_19810>
...
001 (1248068.000.000) 2025-07-17 17:12:22 Job executing on host: <172.30.1.110:9618?addrs=172.30.1.110-9618&alias=node-g10.localdomain&noUDP&sock=startd_6380_ba51>
	SlotName: slot1_9@node-g10.localdomain
	CondorScratchDir = "/var/lib/condor/execute/dir_3258413"
	Cpus = 2
	Disk = 2048
	GPUs = 0
	Memory = 16000
...
040 (1248068.000.000) 2025-07-17 17:12:22 Finished transferring input files
...
006 (1248068.000.000) 2025-07-17 17:12:27 Image size of job updated: 104
	1  -  MemoryUsage of job (MB)
	8  -  ResidentSetSize of job (KB)
...
040 (1248068.000.000) 2025-07-17 17:12:27 Started transferring output files
...
040 (1248068.000.000) 2025-07-17 17:12:27 Finished transferring output files
...
021 (1248068.000.000) 2025-07-17 17:12:27 Error from starter on slot1_9@node-g10.localdomain:
	STARTER at 172.30.1.110 failed to send file(s) to <172.30.1.200:9618>: |Error: reading from file /var/lib/condor/execute/dir_3258413/*.png: (errno 2) No such file or directory; SHADOW failed to receive file(s) from <172.30.1.110:43589>
	Code 13 Subcode 2
...
004 (1248068.000.000) 2025-07-17 17:12:27 Job was evicted.
	(0) CPU times
		Usr 0 00:00:00, Sys 0 00:00:00  -  Run Remote Usage
		Usr 0 00:00:00, Sys 0 00:00:00  -  Run Local Usage
	277  -  Run Bytes Sent By Job
	29271  -  Run Bytes Received By Job
	Transfer output files failure at execution point slot1_9@node-g10.localdomain while sending files to access point tamsa2. Details: reading from file /var/lib/condor/execute/dir_3258413/*.png: (errno 2) No such file or directory
	Partitionable Resources :    Usage  Request Allocated 
	   Cpus                 :        0        2         2 
	   Disk (KB)            :       51       32      2048 
	   GPUs                 :                           0 
	   Memory (MB)          :        1    16000     16000 
	   TimeExecute (s)      :        5                    
	   TimeSlotBusy (s)     :        5                    
...
012 (1248068.000.000) 2025-07-17 17:12:28 Job was held.
	Transfer output files failure at execution point slot1_9@node-g10.localdomain while sending files to access point tamsa2. Details: reading from file /var/lib/condor/execute/dir_3258413/*.png: (errno 2) No such file or directory
	Code 12 Subcode 2
...
000 (1248128.000.000) 2025-07-17 17:12:51 Job submitted from host: <172.30.1.200:9618?addrs=172.30.1.200-9618&alias=tamsa2&noUDP&sock=schedd_2531_a24a>
...
009 (1248128.000.000) 2025-07-17 17:13:09 Job was aborted.
	via condor_rm (by user achihwan)
...
009 (1248068.000.000) 2025-07-17 17:13:09 Job was aborted.
	via condor_rm (by user achihwan)

	Job terminated by itself at 2025-07-17T08:12:27Z (using method 0: OF_ITS_OWN_ACCORD).
...
000 (1248187.000.000) 2025-07-17 17:13:16 Job submitted from host: <172.30.1.200:9618?addrs=172.30.1.200-9618&alias=tamsa2&noUDP&sock=schedd_2531_a24a>
...
009 (1248187.000.000) 2025-07-17 17:14:42 Job was aborted.
	via condor_rm (by user achihwan)
...
000 (1248246.000.000) 2025-07-17 17:14:49 Job submitted from host: <172.30.1.200:9618?addrs=172.30.1.200-9618&alias=tamsa2&noUDP&sock=schedd_2531_a24a>
...
040 (1248246.000.000) 2025-07-17 17:17:14 Started transferring input files
	Transferring to host: <172.30.1.208:9618?addrs=172.30.1.208-9618&alias=node-w8.localdomain&noUDP&sock=slot1_12_4971_44e3_56793>
...
001 (1248246.000.000) 2025-07-17 17:17:14 Job executing on host: <172.30.1.208:9618?addrs=172.30.1.208-9618&alias=node-w8.localdomain&noUDP&sock=startd_4937_f328>
	SlotName: slot1_12@node-w8.localdomain
	CondorScratchDir = "/var/lib/condor/execute/dir_1014970"
	Cpus = 2
	Disk = 2048
	GPUs = 0
	Memory = 16000
...
040 (1248246.000.000) 2025-07-17 17:17:14 Finished transferring input files
...
006 (1248246.000.000) 2025-07-17 17:17:19 Image size of job updated: 104
	1  -  MemoryUsage of job (MB)
	8  -  ResidentSetSize of job (KB)
...
040 (1248246.000.000) 2025-07-17 17:17:19 Started transferring output files
...
040 (1248246.000.000) 2025-07-17 17:17:19 Finished transferring output files
...
021 (1248246.000.000) 2025-07-17 17:17:20 Error from starter on slot1_12@node-w8.localdomain:
	STARTER at 172.30.1.208 failed to send file(s) to <172.30.1.200:9618>: |Error: reading from file /var/lib/condor/execute/dir_1014970/*.png: (errno 2) No such file or directory; SHADOW failed to receive file(s) from <172.30.1.208:38665>
	Code 13 Subcode 2
...
004 (1248246.000.000) 2025-07-17 17:17:20 Job was evicted.
	(0) CPU times
		Usr 0 00:00:00, Sys 0 00:00:00  -  Run Remote Usage
		Usr 0 00:00:00, Sys 0 00:00:00  -  Run Local Usage
	270  -  Run Bytes Sent By Job
	29268  -  Run Bytes Received By Job
	Transfer output files failure at execution point slot1_12@node-w8.localdomain while sending files to access point tamsa2. Details: reading from file /var/lib/condor/execute/dir_1014970/*.png: (errno 2) No such file or directory
	Partitionable Resources :    Usage  Request Allocated 
	   Cpus                 :        0        2         2 
	   Disk (KB)            :       51       32      2048 
	   GPUs                 :                           0 
	   Memory (MB)          :        1    16000     16000 
	   TimeExecute (s)      :        5                    
	   TimeSlotBusy (s)     :        6                    
...
012 (1248246.000.000) 2025-07-17 17:17:20 Job was held.
	Transfer output files failure at execution point slot1_12@node-w8.localdomain while sending files to access point tamsa2. Details: reading from file /var/lib/condor/execute/dir_1014970/*.png: (errno 2) No such file or directory
	Code 12 Subcode 2
...
009 (1248246.000.000) 2025-07-17 17:18:37 Job was aborted.
	via condor_rm (by user achihwan)

	Job terminated by itself at 2025-07-17T08:17:19Z (using method 0: OF_ITS_OWN_ACCORD).
...
000 (1248307.000.000) 2025-07-17 17:23:12 Job submitted from host: <172.30.1.200:9618?addrs=172.30.1.200-9618&alias=tamsa2&noUDP&sock=schedd_2531_a24a>
...
040 (1248307.000.000) 2025-07-17 17:23:31 Started transferring input files
	Transferring to host: <172.30.1.203:9618?addrs=172.30.1.203-9618&alias=node-w3.localdomain&noUDP&sock=slot1_20_4993_c524_82515>
...
040 (1248307.000.000) 2025-07-17 17:23:31 Finished transferring input files
...
001 (1248307.000.000) 2025-07-17 17:23:31 Job executing on host: <172.30.1.203:9618?addrs=172.30.1.203-9618&alias=node-w3.localdomain&noUDP&sock=startd_4959_0a3d>
	SlotName: slot1_20@node-w3.localdomain
	CondorScratchDir = "/var/lib/condor/execute/dir_2418364"
	Cpus = 2
	Disk = 2048
	GPUs = 0
	Memory = 16000
...
006 (1248307.000.000) 2025-07-17 17:23:36 Image size of job updated: 164
	1  -  MemoryUsage of job (MB)
	8  -  ResidentSetSize of job (KB)
...
040 (1248307.000.000) 2025-07-17 17:23:36 Started transferring output files
...
040 (1248307.000.000) 2025-07-17 17:23:36 Finished transferring output files
...
021 (1248307.000.000) 2025-07-17 17:23:36 Error from starter on slot1_20@node-w3.localdomain:
	STARTER at 172.30.1.203 failed to send file(s) to <172.30.1.200:9618>: |Error: reading from file /var/lib/condor/execute/dir_2418364/*.png: (errno 2) No such file or directory; SHADOW failed to receive file(s) from <172.30.1.203:34111>
	Code 13 Subcode 2
...
004 (1248307.000.000) 2025-07-17 17:23:36 Job was evicted.
	(0) CPU times
		Usr 0 00:00:00, Sys 0 00:00:00  -  Run Remote Usage
		Usr 0 00:00:00, Sys 0 00:00:00  -  Run Local Usage
	442  -  Run Bytes Sent By Job
	29346  -  Run Bytes Received By Job
	Transfer output files failure at execution point slot1_20@node-w3.localdomain while sending files to access point tamsa2. Details: reading from file /var/lib/condor/execute/dir_2418364/*.png: (errno 2) No such file or directory
	Partitionable Resources :    Usage  Request Allocated 
	   Cpus                 :        0        2         2 
	   Disk (KB)            :       52       32      2048 
	   GPUs                 :                           0 
	   Memory (MB)          :        1    16000     16000 
	   TimeExecute (s)      :        5                    
	   TimeSlotBusy (s)     :        5                    
...
012 (1248307.000.000) 2025-07-17 17:23:36 Job was held.
	Transfer output files failure at execution point slot1_20@node-w3.localdomain while sending files to access point tamsa2. Details: reading from file /var/lib/condor/execute/dir_2418364/*.png: (errno 2) No such file or directory
	Code 12 Subcode 2
...
009 (1248307.000.000) 2025-07-17 17:28:06 Job was aborted.
	via condor_rm (by user achihwan)

	Job terminated by itself at 2025-07-17T08:23:36Z (using method 0: OF_ITS_OWN_ACCORD).
...
000 (1248368.000.000) 2025-07-17 17:28:11 Job submitted from host: <172.30.1.200:9618?addrs=172.30.1.200-9618&alias=tamsa2&noUDP&sock=schedd_2531_a24a>
...
040 (1248368.000.000) 2025-07-17 17:28:29 Entered queue to transfer input files
	Transferring to host: <172.30.1.208:9618?addrs=172.30.1.208-9618&alias=node-w8.localdomain&noUDP&sock=slot1_8_4971_44e3_56809>
...
040 (1248368.000.000) 2025-07-17 17:28:34 Started transferring input files
	Seconds spent in queue: 5
...
040 (1248368.000.000) 2025-07-17 17:28:37 Finished transferring input files
...
001 (1248368.000.000) 2025-07-17 17:28:37 Job executing on host: <172.30.1.208:9618?addrs=172.30.1.208-9618&alias=node-w8.localdomain&noUDP&sock=startd_4937_f328>
	SlotName: slot1_8@node-w8.localdomain
	CondorScratchDir = "/var/lib/condor/execute/dir_1015767"
	Cpus = 2
	Disk = 751616
	GPUs = 0
	Memory = 16000
...
006 (1248368.000.000) 2025-07-17 17:28:51 Image size of job updated: 1136556
	1110  -  MemoryUsage of job (MB)
	1136556  -  ResidentSetSize of job (KB)
...
006 (1248368.000.000) 2025-07-17 17:29:00 Image size of job updated: 2199792
	2149  -  MemoryUsage of job (MB)
	2199792  -  ResidentSetSize of job (KB)
...
040 (1248368.000.000) 2025-07-17 17:29:00 Started transferring output files
	Seconds spent in queue: 31
...
040 (1248368.000.000) 2025-07-17 17:29:00 Finished transferring output files
...
021 (1248368.000.000) 2025-07-17 17:29:00 Error from starter on slot1_8@node-w8.localdomain:
	STARTER at 172.30.1.208 failed to send file(s) to <172.30.1.200:9618>: |Error: reading from file /var/lib/condor/execute/dir_1015767/*.png: (errno 2) No such file or directory; SHADOW failed to receive file(s) from <172.30.1.208:41253>
	Code 13 Subcode 2
...
004 (1248368.000.000) 2025-07-17 17:29:00 Job was evicted.
	(0) CPU times
		Usr 0 00:00:17, Sys 0 00:00:02  -  Run Remote Usage
		Usr 0 00:00:00, Sys 0 00:00:00  -  Run Local Usage
	393  -  Run Bytes Sent By Job
	690286144  -  Run Bytes Received By Job
	Transfer output files failure at execution point slot1_8@node-w8.localdomain while sending files to access point tamsa2. Details: reading from file /var/lib/condor/execute/dir_1015767/*.png: (errno 2) No such file or directory
	Partitionable Resources :    Usage  Request Allocated 
	   Cpus                 :        0        2         2 
	   Disk (KB)            :  2774358   750000    751616 
	   GPUs                 :                           0 
	   Memory (MB)          :     2149    16000     16000 
	   TimeExecute (s)      :       23                    
	   TimeSlotBusy (s)     :       36                    
...
012 (1248368.000.000) 2025-07-17 17:29:00 Job was held.
	Transfer output files failure at execution point slot1_8@node-w8.localdomain while sending files to access point tamsa2. Details: reading from file /var/lib/condor/execute/dir_1015767/*.png: (errno 2) No such file or directory
	Code 12 Subcode 2
...
009 (1248368.000.000) 2025-07-17 17:30:19 Job was aborted.
	via condor_rm (by user achihwan)

	Job terminated by itself at 2025-07-17T08:29:00Z (using method 0: OF_ITS_OWN_ACCORD).
...
000 (1248428.000.000) 2025-07-17 17:33:24 Job submitted from host: <172.30.1.200:9618?addrs=172.30.1.200-9618&alias=tamsa2&noUDP&sock=schedd_2531_a24a>
...
040 (1248428.000.000) 2025-07-17 17:33:49 Entered queue to transfer input files
	Transferring to host: <172.30.1.219:9618?addrs=172.30.1.219-9618&alias=node-w19.localdomain&noUDP&sock=slot1_21_5155_e9eb_110865>
...
040 (1248428.000.000) 2025-07-17 17:33:54 Started transferring input files
	Seconds spent in queue: 5
...
040 (1248428.000.000) 2025-07-17 17:33:56 Finished transferring input files
...
001 (1248428.000.000) 2025-07-17 17:33:56 Job executing on host: <172.30.1.219:9618?addrs=172.30.1.219-9618&alias=node-w19.localdomain&noUDP&sock=startd_5121_2895>
	SlotName: slot1_21@node-w19.localdomain
	CondorScratchDir = "/var/lib/condor/execute/dir_1064735"
	Cpus = 2
	Disk = 751616
	GPUs = 0
	Memory = 16000
...
006 (1248428.000.000) 2025-07-17 17:34:10 Image size of job updated: 1166072
	1139  -  MemoryUsage of job (MB)
	1166072  -  ResidentSetSize of job (KB)
...
006 (1248428.000.000) 2025-07-17 17:34:18 Image size of job updated: 2199796
	2149  -  MemoryUsage of job (MB)
	2199796  -  ResidentSetSize of job (KB)
...
040 (1248428.000.000) 2025-07-17 17:34:18 Started transferring output files
	Seconds spent in queue: 29
...
040 (1248428.000.000) 2025-07-17 17:34:18 Finished transferring output files
...
021 (1248428.000.000) 2025-07-17 17:34:18 Error from starter on slot1_21@node-w19.localdomain:
	STARTER at 172.30.1.219 failed to send file(s) to <172.30.1.200:9618>: |Error: reading from file /var/lib/condor/execute/dir_1064735/*.png: (errno 2) No such file or directory; SHADOW failed to receive file(s) from <172.30.1.219:41493>
	Code 13 Subcode 2
...
004 (1248428.000.000) 2025-07-17 17:34:18 Job was evicted.
	(0) CPU times
		Usr 0 00:00:16, Sys 0 00:00:04  -  Run Remote Usage
		Usr 0 00:00:00, Sys 0 00:00:00  -  Run Local Usage
	393  -  Run Bytes Sent By Job
	690286144  -  Run Bytes Received By Job
	Transfer output files failure at execution point slot1_21@node-w19.localdomain while sending files to access point tamsa2. Details: reading from file /var/lib/condor/execute/dir_1064735/*.png: (errno 2) No such file or directory
	Partitionable Resources :    Usage  Request Allocated 
	   Cpus                 :                 2         2 
	   Disk (KB)            :  2774352   750000    751616 
	   GPUs                 :                           0 
	   Memory (MB)          :     2149    16000     16000 
	   TimeExecute (s)      :       22                    
	   TimeSlotBusy (s)     :       34                    
...
012 (1248428.000.000) 2025-07-17 17:34:18 Job was held.
	Transfer output files failure at execution point slot1_21@node-w19.localdomain while sending files to access point tamsa2. Details: reading from file /var/lib/condor/execute/dir_1064735/*.png: (errno 2) No such file or directory
	Code 12 Subcode 2
...
009 (1248428.000.000) 2025-07-17 17:34:44 Job was aborted.
	via condor_rm (by user achihwan)

	Job terminated by itself at 2025-07-17T08:34:18Z (using method 0: OF_ITS_OWN_ACCORD).
...
000 (1248487.000.000) 2025-07-17 17:34:50 Job submitted from host: <172.30.1.200:9618?addrs=172.30.1.200-9618&alias=tamsa2&noUDP&sock=schedd_2531_a24a>
...
040 (1248487.000.000) 2025-07-17 17:35:11 Entered queue to transfer input files
	Transferring to host: <172.30.1.107:9618?addrs=172.30.1.107-9618&alias=node-g7.localdomain&noUDP&sock=slot1_23_5631_4c7e_25511>
...
040 (1248487.000.000) 2025-07-17 17:35:11 Started transferring input files
	Seconds spent in queue: 0
...
040 (1248487.000.000) 2025-07-17 17:35:14 Finished transferring input files
...
001 (1248487.000.000) 2025-07-17 17:35:14 Job executing on host: <172.30.1.107:9618?addrs=172.30.1.107-9618&alias=node-g7.localdomain&noUDP&sock=startd_5596_f811>
	SlotName: slot1_23@node-g7.localdomain
	CondorScratchDir = "/var/lib/condor/execute/dir_3008524"
	Cpus = 2
	Disk = 751616
	GPUs = 0
	Memory = 16000
...
006 (1248487.000.000) 2025-07-17 17:35:27 Image size of job updated: 1009460
	986  -  MemoryUsage of job (MB)
	1009460  -  ResidentSetSize of job (KB)
...
006 (1248487.000.000) 2025-07-17 17:35:36 Image size of job updated: 2199792
	2149  -  MemoryUsage of job (MB)
	2199792  -  ResidentSetSize of job (KB)
...
040 (1248487.000.000) 2025-07-17 17:35:36 Started transferring output files
	Seconds spent in queue: 25
...
040 (1248487.000.000) 2025-07-17 17:35:36 Finished transferring output files
...
021 (1248487.000.000) 2025-07-17 17:35:37 Error from starter on slot1_23@node-g7.localdomain:
	STARTER at 172.30.1.107 failed to send file(s) to <172.30.1.200:9618>: |Error: reading from file /var/lib/condor/execute/dir_3008524/*.png: (errno 2) No such file or directory; SHADOW failed to receive file(s) from <172.30.1.107:38643>
	Code 13 Subcode 2
...
004 (1248487.000.000) 2025-07-17 17:35:37 Job was evicted.
	(0) CPU times
		Usr 0 00:00:17, Sys 0 00:00:03  -  Run Remote Usage
		Usr 0 00:00:00, Sys 0 00:00:00  -  Run Local Usage
	809  -  Run Bytes Sent By Job
	690286144  -  Run Bytes Received By Job
	Transfer output files failure at execution point slot1_23@node-g7.localdomain while sending files to access point tamsa2. Details: reading from file /var/lib/condor/execute/dir_3008524/*.png: (errno 2) No such file or directory
	Partitionable Resources :    Usage  Request Allocated 
	   Cpus                 :                 2         2 
	   Disk (KB)            :  2774352   750000    751616 
	   GPUs                 :                           0 
	   Memory (MB)          :     2149    16000     16000 
	   TimeExecute (s)      :       22                    
	   TimeSlotBusy (s)     :       31                    
...
012 (1248487.000.000) 2025-07-17 17:35:37 Job was held.
	Transfer output files failure at execution point slot1_23@node-g7.localdomain while sending files to access point tamsa2. Details: reading from file /var/lib/condor/execute/dir_3008524/*.png: (errno 2) No such file or directory
	Code 12 Subcode 2
...
009 (1248487.000.000) 2025-07-17 17:36:48 Job was aborted.
	via condor_rm (by user achihwan)

	Job terminated by itself at 2025-07-17T08:35:36Z (using method 0: OF_ITS_OWN_ACCORD).
...
000 (1250148.000.000) 2025-07-17 17:36:56 Job submitted from host: <172.30.1.200:9618?addrs=172.30.1.200-9618&alias=tamsa2&noUDP&sock=schedd_2531_a24a>
...
040 (1250148.000.000) 2025-07-17 17:40:39 Started transferring input files
	Transferring to host: <172.30.1.204:9618?addrs=172.30.1.204-9618&alias=node-w4.localdomain&noUDP&sock=slot1_17_4930_6182_68257>
...
040 (1250148.000.000) 2025-07-17 17:40:42 Finished transferring input files
...
001 (1250148.000.000) 2025-07-17 17:40:42 Job executing on host: <172.30.1.204:9618?addrs=172.30.1.204-9618&alias=node-w4.localdomain&noUDP&sock=startd_4896_d3c6>
	SlotName: slot1_17@node-w4.localdomain
	CondorScratchDir = "/var/lib/condor/execute/dir_2022470"
	Cpus = 2
	Disk = 751616
	GPUs = 0
	Memory = 16000
...
006 (1250148.000.000) 2025-07-17 17:40:55 Image size of job updated: 1011240
	988  -  MemoryUsage of job (MB)
	1011240  -  ResidentSetSize of job (KB)
...
006 (1250148.000.000) 2025-07-17 17:41:04 Image size of job updated: 2199792
	2149  -  MemoryUsage of job (MB)
	2199792  -  ResidentSetSize of job (KB)
...
040 (1250148.000.000) 2025-07-17 17:41:05 Started transferring output files
...
040 (1250148.000.000) 2025-07-17 17:41:05 Finished transferring output files
...
021 (1250148.000.000) 2025-07-17 17:41:05 Error from starter on slot1_17@node-w4.localdomain:
	STARTER at 172.30.1.204 failed to send file(s) to <172.30.1.200:9618>: |Error: reading from file /var/lib/condor/execute/dir_2022470/*.png: (errno 2) No such file or directory; SHADOW failed to receive file(s) from <172.30.1.204:35051>
	Code 13 Subcode 2
...
004 (1250148.000.000) 2025-07-17 17:41:05 Job was evicted.
	(0) CPU times
		Usr 0 00:00:17, Sys 0 00:00:02  -  Run Remote Usage
		Usr 0 00:00:00, Sys 0 00:00:00  -  Run Local Usage
	708  -  Run Bytes Sent By Job
	690286144  -  Run Bytes Received By Job
	Transfer output files failure at execution point slot1_17@node-w4.localdomain while sending files to access point tamsa2. Details: reading from file /var/lib/condor/execute/dir_2022470/*.png: (errno 2) No such file or directory
	Partitionable Resources :    Usage  Request Allocated 
	   Cpus                 :        0        2         2 
	   Disk (KB)            :  2774359   750000    751616 
	   GPUs                 :                           0 
	   Memory (MB)          :     2149    16000     16000 
	   TimeExecute (s)      :       22                    
	   TimeSlotBusy (s)     :       27                    
...
012 (1250148.000.000) 2025-07-17 17:41:05 Job was held.
	Transfer output files failure at execution point slot1_17@node-w4.localdomain while sending files to access point tamsa2. Details: reading from file /var/lib/condor/execute/dir_2022470/*.png: (errno 2) No such file or directory
	Code 12 Subcode 2
...
000 (1251233.000.000) 2025-07-17 17:42:40 Job submitted from host: <172.30.1.200:9618?addrs=172.30.1.200-9618&alias=tamsa2&noUDP&sock=schedd_2531_a24a>
...
009 (1250148.000.000) 2025-07-17 17:42:45 Job was aborted.
	via condor_rm (by user achihwan)

	Job terminated by itself at 2025-07-17T08:41:04Z (using method 0: OF_ITS_OWN_ACCORD).
...
040 (1251233.000.000) 2025-07-17 17:43:03 Started transferring input files
	Transferring to host: <172.30.1.106:9618?addrs=172.30.1.106-9618&alias=node-g6.localdomain&noUDP&sock=slot1_7_4834_bd7e_16076>
...
040 (1251233.000.000) 2025-07-17 17:43:07 Finished transferring input files
...
001 (1251233.000.000) 2025-07-17 17:43:07 Job executing on host: <172.30.1.106:9618?addrs=172.30.1.106-9618&alias=node-g6.localdomain&noUDP&sock=startd_4799_4b16>
	SlotName: slot1_7@node-g6.localdomain
	CondorScratchDir = "/var/lib/condor/execute/dir_750408"
	Cpus = 2
	Disk = 751616
	GPUs = 0
	Memory = 16000
...
006 (1251233.000.000) 2025-07-17 17:43:20 Image size of job updated: 1091536
	1066  -  MemoryUsage of job (MB)
	1091536  -  ResidentSetSize of job (KB)
...
006 (1251233.000.000) 2025-07-17 17:43:28 Image size of job updated: 2199796
	2149  -  MemoryUsage of job (MB)
	2199796  -  ResidentSetSize of job (KB)
...
040 (1251233.000.000) 2025-07-17 17:43:28 Started transferring output files
...
040 (1251233.000.000) 2025-07-17 17:43:28 Finished transferring output files
...
021 (1251233.000.000) 2025-07-17 17:43:28 Error from starter on slot1_7@node-g6.localdomain:
	STARTER at 172.30.1.106 failed to send file(s) to <172.30.1.200:9618>: |Error: reading from file /var/lib/condor/execute/dir_750408/*.png: (errno 2) No such file or directory; SHADOW failed to receive file(s) from <172.30.1.106:46541>
	Code 13 Subcode 2
...
004 (1251233.000.000) 2025-07-17 17:43:28 Job was evicted.
	(0) CPU times
		Usr 0 00:00:15, Sys 0 00:00:04  -  Run Remote Usage
		Usr 0 00:00:00, Sys 0 00:00:00  -  Run Local Usage
	4418  -  Run Bytes Sent By Job
	690286144  -  Run Bytes Received By Job
	Transfer output files failure at execution point slot1_7@node-g6.localdomain while sending files to access point tamsa2. Details: reading from file /var/lib/condor/execute/dir_750408/*.png: (errno 2) No such file or directory
	Partitionable Resources :    Usage  Request Allocated 
	   Cpus                 :                 2         2 
	   Disk (KB)            :  2774356   750000    751616 
	   GPUs                 :                           0 
	   Memory (MB)          :     2149    16000     16000 
	   TimeExecute (s)      :       21                    
	   TimeSlotBusy (s)     :       30                    
...
012 (1251233.000.000) 2025-07-17 17:43:28 Job was held.
	Transfer output files failure at execution point slot1_7@node-g6.localdomain while sending files to access point tamsa2. Details: reading from file /var/lib/condor/execute/dir_750408/*.png: (errno 2) No such file or directory
	Code 12 Subcode 2
...
009 (1251233.000.000) 2025-07-17 17:44:17 Job was aborted.
	via condor_rm (by user achihwan)

	Job terminated by itself at 2025-07-17T08:43:28Z (using method 0: OF_ITS_OWN_ACCORD).
...
000 (1253156.000.000) 2025-07-17 17:44:36 Job submitted from host: <172.30.1.200:9618?addrs=172.30.1.200-9618&alias=tamsa2&noUDP&sock=schedd_2531_a24a>
...
040 (1253156.000.000) 2025-07-17 17:44:50 Started transferring input files
	Transferring to host: <172.30.1.203:9618?addrs=172.30.1.203-9618&alias=node-w3.localdomain&noUDP&sock=slot1_2_4993_c524_82626>
...
040 (1253156.000.000) 2025-07-17 17:44:53 Finished transferring input files
...
001 (1253156.000.000) 2025-07-17 17:44:53 Job executing on host: <172.30.1.203:9618?addrs=172.30.1.203-9618&alias=node-w3.localdomain&noUDP&sock=startd_4959_0a3d>
	SlotName: slot1_2@node-w3.localdomain
	CondorScratchDir = "/var/lib/condor/execute/dir_2428533"
	Cpus = 2
	Disk = 751616
	GPUs = 0
	Memory = 16000
...
006 (1253156.000.000) 2025-07-17 17:45:06 Image size of job updated: 989676
	967  -  MemoryUsage of job (MB)
	989676  -  ResidentSetSize of job (KB)
...
006 (1253156.000.000) 2025-07-17 17:45:15 Image size of job updated: 2199788
	2149  -  MemoryUsage of job (MB)
	2199788  -  ResidentSetSize of job (KB)
...
040 (1253156.000.000) 2025-07-17 17:45:16 Started transferring output files
...
040 (1253156.000.000) 2025-07-17 17:45:16 Finished transferring output files
...
021 (1253156.000.000) 2025-07-17 17:45:16 Error from starter on slot1_2@node-w3.localdomain:
	STARTER at 172.30.1.203 failed to send file(s) to <172.30.1.200:9618>: |Error: reading from file /var/lib/condor/execute/dir_2428533/*.png: (errno 2) No such file or directory; SHADOW failed to receive file(s) from <172.30.1.203:42781>
	Code 13 Subcode 2
...
004 (1253156.000.000) 2025-07-17 17:45:16 Job was evicted.
	(0) CPU times
		Usr 0 00:00:16, Sys 0 00:00:02  -  Run Remote Usage
		Usr 0 00:00:00, Sys 0 00:00:00  -  Run Local Usage
	466  -  Run Bytes Sent By Job
	690286144  -  Run Bytes Received By Job
	Transfer output files failure at execution point slot1_2@node-w3.localdomain while sending files to access point tamsa2. Details: reading from file /var/lib/condor/execute/dir_2428533/*.png: (errno 2) No such file or directory
	Partitionable Resources :    Usage  Request Allocated 
	   Cpus                 :        0        2         2 
	   Disk (KB)            :  2774358   750000    751616 
	   GPUs                 :                           0 
	   Memory (MB)          :     2149    16000     16000 
	   TimeExecute (s)      :       22                    
	   TimeSlotBusy (s)     :       30                    
...
012 (1253156.000.000) 2025-07-17 17:45:16 Job was held.
	Transfer output files failure at execution point slot1_2@node-w3.localdomain while sending files to access point tamsa2. Details: reading from file /var/lib/condor/execute/dir_2428533/*.png: (errno 2) No such file or directory
	Code 12 Subcode 2
...
009 (1253156.000.000) 2025-07-17 17:54:41 Job was aborted.
	via condor_rm (by user achihwan)

	Job terminated by itself at 2025-07-17T08:45:15Z (using method 0: OF_ITS_OWN_ACCORD).
...
000 (1253223.000.000) 2025-07-17 17:58:18 Job submitted from host: <172.30.1.200:9618?addrs=172.30.1.200-9618&alias=tamsa2&noUDP&sock=schedd_2531_a24a>
...
040 (1253223.000.000) 2025-07-17 17:58:28 Started transferring input files
	Transferring to host: <172.30.1.217:9618?addrs=172.30.1.217-9618&alias=node-w17.localdomain&noUDP&sock=slot1_2_6391_c99d_117170>
...
040 (1253223.000.000) 2025-07-17 17:58:31 Finished transferring input files
...
001 (1253223.000.000) 2025-07-17 17:58:31 Job executing on host: <172.30.1.217:9618?addrs=172.30.1.217-9618&alias=node-w17.localdomain&noUDP&sock=startd_6357_f3a4>
	SlotName: slot1_2@node-w17.localdomain
	CondorScratchDir = "/var/lib/condor/execute/dir_3979853"
	Cpus = 2
	Disk = 751616
	GPUs = 0
	Memory = 16000
...
006 (1253223.000.000) 2025-07-17 17:58:45 Image size of job updated: 983376
	961  -  MemoryUsage of job (MB)
	983376  -  ResidentSetSize of job (KB)
...
006 (1253223.000.000) 2025-07-17 17:58:59 Image size of job updated: 2256552
	2149  -  MemoryUsage of job (MB)
	2199792  -  ResidentSetSize of job (KB)
...
040 (1253223.000.000) 2025-07-17 17:58:59 Started transferring output files
...
040 (1253223.000.000) 2025-07-17 17:58:59 Finished transferring output files
...
021 (1253223.000.000) 2025-07-17 17:58:59 Error from starter on slot1_2@node-w17.localdomain:
	STARTER at 172.30.1.217 failed to send file(s) to <172.30.1.200:9618>: |Error: reading from file /var/lib/condor/execute/dir_3979853/*.png: (errno 2) No such file or directory; SHADOW failed to receive file(s) from <172.30.1.217:32943>
	Code 13 Subcode 2
...
004 (1253223.000.000) 2025-07-17 17:58:59 Job was evicted.
	(0) CPU times
		Usr 0 00:00:20, Sys 0 00:00:04  -  Run Remote Usage
		Usr 0 00:00:00, Sys 0 00:00:00  -  Run Local Usage
	529  -  Run Bytes Sent By Job
	690286144  -  Run Bytes Received By Job
	Transfer output files failure at execution point slot1_2@node-w17.localdomain while sending files to access point tamsa2. Details: reading from file /var/lib/condor/execute/dir_3979853/*.png: (errno 2) No such file or directory
	Partitionable Resources :    Usage  Request Allocated 
	   Cpus                 :        0        2         2 
	   Disk (KB)            :  2774359   750000    751616 
	   GPUs                 :                           0 
	   Memory (MB)          :     2149    16000     16000 
	   TimeExecute (s)      :       28                    
	   TimeSlotBusy (s)     :       31                    
...
012 (1253223.000.000) 2025-07-17 17:58:59 Job was held.
	Transfer output files failure at execution point slot1_2@node-w17.localdomain while sending files to access point tamsa2. Details: reading from file /var/lib/condor/execute/dir_3979853/*.png: (errno 2) No such file or directory
	Code 12 Subcode 2
...
009 (1253223.000.000) 2025-07-17 18:04:59 Job was aborted.
	via condor_rm (by user achihwan)

	Job terminated by itself at 2025-07-17T08:58:59Z (using method 0: OF_ITS_OWN_ACCORD).
...
000 (1253286.000.000) 2025-07-17 18:05:04 Job submitted from host: <172.30.1.200:9618?addrs=172.30.1.200-9618&alias=tamsa2&noUDP&sock=schedd_2531_a24a>
...
040 (1253286.000.000) 2025-07-17 18:05:26 Started transferring input files
	Transferring to host: <172.30.1.217:9618?addrs=172.30.1.217-9618&alias=node-w17.localdomain&noUDP&sock=slot1_11_6391_c99d_117221>
...
040 (1253286.000.000) 2025-07-17 18:05:30 Finished transferring input files
...
001 (1253286.000.000) 2025-07-17 18:05:30 Job executing on host: <172.30.1.217:9618?addrs=172.30.1.217-9618&alias=node-w17.localdomain&noUDP&sock=startd_6357_f3a4>
	SlotName: slot1_11@node-w17.localdomain
	CondorScratchDir = "/var/lib/condor/execute/dir_3985091"
	Cpus = 2
	Disk = 751616
	GPUs = 0
	Memory = 16000
...
006 (1253286.000.000) 2025-07-17 18:05:43 Image size of job updated: 1156008
	1129  -  MemoryUsage of job (MB)
	1156008  -  ResidentSetSize of job (KB)
...
006 (1253286.000.000) 2025-07-17 18:09:37 Image size of job updated: 2752824
	2149  -  MemoryUsage of job (MB)
	2199896  -  ResidentSetSize of job (KB)
...
040 (1253286.000.000) 2025-07-17 18:09:37 Started transferring output files
...
040 (1253286.000.000) 2025-07-17 18:09:37 Finished transferring output files
...
021 (1253286.000.000) 2025-07-17 18:09:37 Error from starter on slot1_11@node-w17.localdomain:
	STARTER at 172.30.1.217 failed to send file(s) to <172.30.1.200:9618>: |Error: reading from file /var/lib/condor/execute/dir_3985091/*.png: (errno 2) No such file or directory; SHADOW failed to receive file(s) from <172.30.1.217:37561>
	Code 13 Subcode 2
...
004 (1253286.000.000) 2025-07-17 18:09:37 Job was evicted.
	(0) CPU times
		Usr 0 00:03:20, Sys 0 00:00:13  -  Run Remote Usage
		Usr 0 00:00:00, Sys 0 00:00:00  -  Run Local Usage
	15759  -  Run Bytes Sent By Job
	690286080  -  Run Bytes Received By Job
	Transfer output files failure at execution point slot1_11@node-w17.localdomain while sending files to access point tamsa2. Details: reading from file /var/lib/condor/execute/dir_3985091/*.png: (errno 2) No such file or directory
	Partitionable Resources :      Usage  Request Allocated 
	   Cpus                 :       0.83        2         2 
	   Disk (KB)            : 2774456      750000    751616 
	   GPUs                 :                             0 
	   Memory (MB)          :    2149       16000     16000 
	   TimeExecute (s)      :     247                       
	   TimeSlotBusy (s)     :     255                       
...
012 (1253286.000.000) 2025-07-17 18:09:37 Job was held.
	Transfer output files failure at execution point slot1_11@node-w17.localdomain while sending files to access point tamsa2. Details: reading from file /var/lib/condor/execute/dir_3985091/*.png: (errno 2) No such file or directory
	Code 12 Subcode 2
...
009 (1253286.000.000) 2025-07-17 18:13:43 Job was aborted.
	via condor_rm (by user achihwan)

	Job terminated by itself at 2025-07-17T09:09:37Z (using method 0: OF_ITS_OWN_ACCORD).
...
000 (1253350.000.000) 2025-07-17 18:13:49 Job submitted from host: <172.30.1.200:9618?addrs=172.30.1.200-9618&alias=tamsa2&noUDP&sock=schedd_2531_a24a>
...
040 (1253350.000.000) 2025-07-17 18:15:53 Started transferring input files
	Transferring to host: <172.30.1.208:9618?addrs=172.30.1.208-9618&alias=node-w8.localdomain&noUDP&sock=slot1_10_4971_44e3_56923>
...
040 (1253350.000.000) 2025-07-17 18:15:56 Finished transferring input files
...
001 (1253350.000.000) 2025-07-17 18:15:56 Job executing on host: <172.30.1.208:9618?addrs=172.30.1.208-9618&alias=node-w8.localdomain&noUDP&sock=startd_4937_f328>
	SlotName: slot1_10@node-w8.localdomain
	CondorScratchDir = "/var/lib/condor/execute/dir_1026515"
	Cpus = 2
	Disk = 751616
	GPUs = 0
	Memory = 16000
...
006 (1253350.000.000) 2025-07-17 18:16:10 Image size of job updated: 1134308
	1108  -  MemoryUsage of job (MB)
	1134308  -  ResidentSetSize of job (KB)
...
006 (1253350.000.000) 2025-07-17 18:20:27 Image size of job updated: 2723396
	2149  -  MemoryUsage of job (MB)
	2199896  -  ResidentSetSize of job (KB)
...
040 (1253350.000.000) 2025-07-17 18:20:27 Started transferring output files
...
040 (1253350.000.000) 2025-07-17 18:20:27 Finished transferring output files
...
021 (1253350.000.000) 2025-07-17 18:20:27 Error from starter on slot1_10@node-w8.localdomain:
	STARTER at 172.30.1.208 failed to send file(s) to <172.30.1.200:9618>: |Error: reading from file /var/lib/condor/execute/dir_1026515/*.png: (errno 2) No such file or directory; SHADOW failed to receive file(s) from <172.30.1.208:40405>
	Code 13 Subcode 2
...
004 (1253350.000.000) 2025-07-17 18:20:27 Job was evicted.
	(0) CPU times
		Usr 0 00:04:04, Sys 0 00:00:07  -  Run Remote Usage
		Usr 0 00:00:00, Sys 0 00:00:00  -  Run Local Usage
	16150  -  Run Bytes Sent By Job
	690286080  -  Run Bytes Received By Job
	Transfer output files failure at execution point slot1_10@node-w8.localdomain while sending files to access point tamsa2. Details: reading from file /var/lib/condor/execute/dir_1026515/*.png: (errno 2) No such file or directory
	Partitionable Resources :      Usage  Request Allocated 
	   Cpus                 :       0.89        2         2 
	   Disk (KB)            : 2774456      750000    751616 
	   GPUs                 :                             0 
	   Memory (MB)          :    2149       16000     16000 
	   TimeExecute (s)      :     271                       
	   TimeSlotBusy (s)     :     277                       
...
012 (1253350.000.000) 2025-07-17 18:20:27 Job was held.
	Transfer output files failure at execution point slot1_10@node-w8.localdomain while sending files to access point tamsa2. Details: reading from file /var/lib/condor/execute/dir_1026515/*.png: (errno 2) No such file or directory
	Code 12 Subcode 2
...
009 (1253350.000.000) 2025-07-17 18:23:21 Job was aborted.
	via condor_rm (by user achihwan)

	Job terminated by itself at 2025-07-17T09:20:27Z (using method 0: OF_ITS_OWN_ACCORD).
...
000 (1253430.000.000) 2025-07-17 18:23:26 Job submitted from host: <172.30.1.200:9618?addrs=172.30.1.200-9618&alias=tamsa2&noUDP&sock=schedd_2531_a24a>
...
040 (1253430.000.000) 2025-07-17 18:23:54 Entered queue to transfer input files
	Transferring to host: <172.30.1.203:9618?addrs=172.30.1.203-9618&alias=node-w3.localdomain&noUDP&sock=slot1_7_4993_c524_82723>
...
040 (1253430.000.000) 2025-07-17 18:23:54 Started transferring input files
	Seconds spent in queue: 0
...
040 (1253430.000.000) 2025-07-17 18:23:59 Finished transferring input files
...
001 (1253430.000.000) 2025-07-17 18:23:59 Job executing on host: <172.30.1.203:9618?addrs=172.30.1.203-9618&alias=node-w3.localdomain&noUDP&sock=startd_4959_0a3d>
	SlotName: slot1_7@node-w3.localdomain
	CondorScratchDir = "/var/lib/condor/execute/dir_2446472"
	Cpus = 2
	Disk = 751616
	GPUs = 0
	Memory = 16000
...
006 (1253430.000.000) 2025-07-17 18:24:12 Image size of job updated: 684620
	669  -  MemoryUsage of job (MB)
	684620  -  ResidentSetSize of job (KB)
...
006 (1253430.000.000) 2025-07-17 18:28:52 Image size of job updated: 2759368
	2582  -  MemoryUsage of job (MB)
	2643484  -  ResidentSetSize of job (KB)
...
004 (1253430.000.000) 2025-07-17 18:28:53 Job was evicted.
	(0) CPU times
		Usr 0 00:04:33, Sys 0 00:00:08  -  Run Remote Usage
		Usr 0 00:00:00, Sys 0 00:00:00  -  Run Local Usage
	0  -  Run Bytes Sent By Job
	690286144  -  Run Bytes Received By Job
	Partitionable Resources :      Usage  Request Allocated 
	   Cpus                 :       0.96        2         2 
	   Disk (KB)            : 2774371      750000    751616 
	   GPUs                 :                             0 
	   Memory (MB)          :    2582       16000     16000 
	   TimeExecute (s)      :     293                       
	   TimeSlotBusy (s)     :     307                       
...
009 (1253430.000.000) 2025-07-17 18:28:53 Job was aborted.
	via condor_rm (by user achihwan)
...
000 (1253490.000.000) 2025-07-17 18:29:04 Job submitted from host: <172.30.1.200:9618?addrs=172.30.1.200-9618&alias=tamsa2&noUDP&sock=schedd_2531_a24a>
...
040 (1253490.000.000) 2025-07-17 18:29:23 Started transferring input files
	Transferring to host: <172.30.1.203:9618?addrs=172.30.1.203-9618&alias=node-w3.localdomain&noUDP&sock=slot1_3_4993_c524_82746>
...
040 (1253490.000.000) 2025-07-17 18:29:27 Finished transferring input files
...
001 (1253490.000.000) 2025-07-17 18:29:27 Job executing on host: <172.30.1.203:9618?addrs=172.30.1.203-9618&alias=node-w3.localdomain&noUDP&sock=startd_4959_0a3d>
	SlotName: slot1_3@node-w3.localdomain
	CondorScratchDir = "/var/lib/condor/execute/dir_2449284"
	Cpus = 2
	Disk = 751616
	GPUs = 0
	Memory = 16000
...
006 (1253490.000.000) 2025-07-17 18:29:41 Image size of job updated: 791752
	774  -  MemoryUsage of job (MB)
	791752  -  ResidentSetSize of job (KB)
...
006 (1253490.000.000) 2025-07-17 18:34:06 Image size of job updated: 2806888
	2149  -  MemoryUsage of job (MB)
	2200016  -  ResidentSetSize of job (KB)
...
040 (1253490.000.000) 2025-07-17 18:34:06 Started transferring output files
...
040 (1253490.000.000) 2025-07-17 18:34:06 Finished transferring output files
...
005 (1253490.000.000) 2025-07-17 18:34:06 Job terminated.
	(1) Normal termination (return value 0)
		Usr 0 00:04:15, Sys 0 00:00:09  -  Run Remote Usage
		Usr 0 00:00:00, Sys 0 00:00:00  -  Run Local Usage
		Usr 0 00:04:15, Sys 0 00:00:09  -  Total Remote Usage
		Usr 0 00:00:00, Sys 0 00:00:00  -  Total Local Usage
	112800  -  Run Bytes Sent By Job
	690286720  -  Run Bytes Received By Job
	112800  -  Total Bytes Sent By Job
	690286720  -  Total Bytes Received By Job
	Partitionable Resources :      Usage  Request Allocated 
	   Cpus                 :       0.99        2         2 
	   Disk (KB)            : 2774564      750000    751616 
	   GPUs                 :                             0 
	   Memory (MB)          :    2149       16000     16000 
	   TimeExecute (s)      :     279                       
	   TimeSlotBusy (s)     :     284                       

	Job terminated of its own accord at 2025-07-17T09:34:06Z with exit-code 0.
...
