000 (1246657.000.000) 2025-07-17 16:10:38 Job submitted from host: <172.30.1.200:9618?addrs=172.30.1.200-9618&alias=tamsa2&noUDP&sock=schedd_2531_a24a>
...
040 (1246657.000.000) 2025-07-17 16:10:40 Started transferring input files
	Transferring to host: <172.30.1.209:9618?addrs=172.30.1.209-9618&alias=node-w9.localdomain&noUDP&sock=slot1_5_5028_6e46_35109>
...
001 (1246657.000.000) 2025-07-17 16:10:40 Job executing on host: <172.30.1.209:9618?addrs=172.30.1.209-9618&alias=node-w9.localdomain&noUDP&sock=startd_4994_0c0e>
	SlotName: slot1_5@node-w9.localdomain
	CondorScratchDir = "/var/lib/condor/execute/dir_4045500"
	Cpus = 2
	Disk = 2048
	GPUs = 0
	Memory = 16000
...
040 (1246657.000.000) 2025-07-17 16:10:40 Finished transferring input files
...
021 (1246657.000.000) 2025-07-17 16:10:45 Error from starter on slot1_5@node-w9.localdomain:
	Failed to execute '/var/lib/condor/execute/dir_4045500/run_ZZto4L.py': (errno=8: 'Exec format error')
	Code 6 Subcode 8
...
004 (1246657.000.000) 2025-07-17 16:10:45 Job was evicted.
	(0) CPU times
		Usr 0 00:00:00, Sys 0 00:00:00  -  Run Remote Usage
		Usr 0 00:00:00, Sys 0 00:00:00  -  Run Local Usage
	0  -  Run Bytes Sent By Job
	52601  -  Run Bytes Received By Job
	Error from slot1_5@node-w9.localdomain: Failed to execute '/var/lib/condor/execute/dir_4045500/run_ZZto4L.py': (errno=8: 'Exec format error')
	Partitionable Resources :    Usage  Request Allocated 
	   Cpus                 :                 2         2 
	   Disk (KB)            :       75       75      2048 
	   GPUs                 :                           0 
	   Memory (MB)          :             16000     16000 
	   TimeSlotBusy (s)     :        5                    
...
012 (1246657.000.000) 2025-07-17 16:10:46 Job was held.
	Error from slot1_5@node-w9.localdomain: Failed to execute '/var/lib/condor/execute/dir_4045500/run_ZZto4L.py': (errno=8: 'Exec format error')
	Code 6 Subcode 8
...
009 (1246657.000.000) 2025-07-17 16:11:55 Job was aborted.
	via condor_rm (by user achihwan)
...
000 (1246713.000.000) 2025-07-17 16:14:09 Job submitted from host: <172.30.1.200:9618?addrs=172.30.1.200-9618&alias=tamsa2&noUDP&sock=schedd_2531_a24a>
...
040 (1246713.000.000) 2025-07-17 16:14:23 Started transferring input files
	Transferring to host: <172.30.1.205:9618?addrs=172.30.1.205-9618&alias=node-w5.localdomain&noUDP&sock=slot1_27_5098_c088_47453>
...
001 (1246713.000.000) 2025-07-17 16:14:23 Job executing on host: <172.30.1.205:9618?addrs=172.30.1.205-9618&alias=node-w5.localdomain&noUDP&sock=startd_5064_0faf>
	SlotName: slot1_27@node-w5.localdomain
	CondorScratchDir = "/var/lib/condor/execute/dir_2779979"
	Cpus = 2
	Disk = 2048
	GPUs = 0
	Memory = 16000
...
040 (1246713.000.000) 2025-07-17 16:14:23 Finished transferring input files
...
021 (1246713.000.000) 2025-07-17 16:14:23 Error from starter on slot1_27@node-w5.localdomain:
	Failed to execute '/var/lib/condor/execute/dir_2779979/run_ZZto4L.py' with arguments python *.py: (errno=8: 'Exec format error')
	Code 6 Subcode 8
...
004 (1246713.000.000) 2025-07-17 16:14:23 Job was evicted.
	(0) CPU times
		Usr 0 00:00:00, Sys 0 00:00:00  -  Run Remote Usage
		Usr 0 00:00:00, Sys 0 00:00:00  -  Run Local Usage
	0  -  Run Bytes Sent By Job
	52601  -  Run Bytes Received By Job
	Error from slot1_27@node-w5.localdomain: Failed to execute '/var/lib/condor/execute/dir_2779979/run_ZZto4L.py' with arguments python *.py: (errno=8: 'Exec format error')
	Partitionable Resources :    Usage  Request Allocated 
	   Cpus                 :                 2         2 
	   Disk (KB)            :       75       75      2048 
	   GPUs                 :                           0 
	   Memory (MB)          :             16000     16000 
	   TimeSlotBusy (s)     :        0                    
...
012 (1246713.000.000) 2025-07-17 16:14:23 Job was held.
	Error from slot1_27@node-w5.localdomain: Failed to execute '/var/lib/condor/execute/dir_2779979/run_ZZto4L.py' with arguments python *.py: (errno=8: 'Exec format error')
	Code 6 Subcode 8
...
009 (1246713.000.000) 2025-07-17 16:16:03 Job was aborted.
	via condor_rm (by user achihwan)
...
000 (1247413.000.000) 2025-07-17 16:30:17 Job submitted from host: <172.30.1.200:9618?addrs=172.30.1.200-9618&alias=tamsa2&noUDP&sock=schedd_2531_a24a>
...
040 (1247413.000.000) 2025-07-17 16:30:36 Started transferring input files
	Transferring to host: <172.30.1.107:9618?addrs=172.30.1.107-9618&alias=node-g7.localdomain&noUDP&sock=slot1_10_5631_4c7e_25446>
...
001 (1247413.000.000) 2025-07-17 16:30:36 Job executing on host: <172.30.1.107:9618?addrs=172.30.1.107-9618&alias=node-g7.localdomain&noUDP&sock=startd_5596_f811>
	SlotName: slot1_10@node-g7.localdomain
	CondorScratchDir = "/var/lib/condor/execute/dir_3000058"
	Cpus = 2
	Disk = 2048
	GPUs = 0
	Memory = 16000
...
040 (1247413.000.000) 2025-07-17 16:30:36 Finished transferring input files
...
006 (1247413.000.000) 2025-07-17 16:30:41 Image size of job updated: 92
	1  -  MemoryUsage of job (MB)
	4  -  ResidentSetSize of job (KB)
...
040 (1247413.000.000) 2025-07-17 16:30:41 Started transferring output files
...
040 (1247413.000.000) 2025-07-17 16:30:41 Finished transferring output files
...
021 (1247413.000.000) 2025-07-17 16:30:41 Error from starter on slot1_10@node-g7.localdomain:
	STARTER at 172.30.1.107 failed to send file(s) to <172.30.1.200:9618>: |Error: reading from file /var/lib/condor/execute/dir_3000058/*.png: (errno 2) No such file or directory; SHADOW failed to receive file(s) from <172.30.1.107:40759>
	Code 13 Subcode 2
...
004 (1247413.000.000) 2025-07-17 16:30:41 Job was evicted.
	(0) CPU times
		Usr 0 00:00:00, Sys 0 00:00:00  -  Run Remote Usage
		Usr 0 00:00:00, Sys 0 00:00:00  -  Run Local Usage
	129  -  Run Bytes Sent By Job
	52645  -  Run Bytes Received By Job
	Transfer output files failure at execution point slot1_10@node-g7.localdomain while sending files to access point tamsa2. Details: reading from file /var/lib/condor/execute/dir_3000058/*.png: (errno 2) No such file or directory
	Partitionable Resources :    Usage  Request Allocated 
	   Cpus                 :        0        2         2 
	   Disk (KB)            :       74       75      2048 
	   GPUs                 :                           0 
	   Memory (MB)          :        1    16000     16000 
	   TimeExecute (s)      :        5                    
	   TimeSlotBusy (s)     :        5                    
...
012 (1247413.000.000) 2025-07-17 16:30:42 Job was held.
	Transfer output files failure at execution point slot1_10@node-g7.localdomain while sending files to access point tamsa2. Details: reading from file /var/lib/condor/execute/dir_3000058/*.png: (errno 2) No such file or directory
	Code 12 Subcode 2
...
009 (1247413.000.000) 2025-07-17 16:32:04 Job was aborted.
	via condor_rm (by user achihwan)

	Job terminated by itself at 2025-07-17T07:30:41Z (using method 0: OF_ITS_OWN_ACCORD).
...
000 (1247473.000.000) 2025-07-17 16:32:10 Job submitted from host: <172.30.1.200:9618?addrs=172.30.1.200-9618&alias=tamsa2&noUDP&sock=schedd_2531_a24a>
...
040 (1247473.000.000) 2025-07-17 16:32:29 Started transferring input files
	Transferring to host: <172.30.1.108:9618?addrs=172.30.1.108-9618&alias=node-g8.localdomain&noUDP&sock=slot1_4_6196_6475_19935>
...
001 (1247473.000.000) 2025-07-17 16:32:29 Job executing on host: <172.30.1.108:9618?addrs=172.30.1.108-9618&alias=node-g8.localdomain&noUDP&sock=startd_6162_32ac>
	SlotName: slot1_4@node-g8.localdomain
	CondorScratchDir = "/var/lib/condor/execute/dir_613849"
	Cpus = 2
	Disk = 2048
	GPUs = 0
	Memory = 16000
...
040 (1247473.000.000) 2025-07-17 16:32:29 Finished transferring input files
...
006 (1247473.000.000) 2025-07-17 16:32:34 Image size of job updated: 112
	1  -  MemoryUsage of job (MB)
	4  -  ResidentSetSize of job (KB)
...
040 (1247473.000.000) 2025-07-17 16:32:35 Started transferring output files
...
040 (1247473.000.000) 2025-07-17 16:32:35 Finished transferring output files
...
021 (1247473.000.000) 2025-07-17 16:32:35 Error from starter on slot1_4@node-g8.localdomain:
	STARTER at 172.30.1.108 failed to send file(s) to <172.30.1.200:9618>: |Error: reading from file /var/lib/condor/execute/dir_613849/*.png: (errno 2) No such file or directory; SHADOW failed to receive file(s) from <172.30.1.108:43899>
	Code 13 Subcode 2
...
004 (1247473.000.000) 2025-07-17 16:32:35 Job was evicted.
	(0) CPU times
		Usr 0 00:00:00, Sys 0 00:00:00  -  Run Remote Usage
		Usr 0 00:00:00, Sys 0 00:00:00  -  Run Local Usage
	108  -  Run Bytes Sent By Job
	52634  -  Run Bytes Received By Job
	Transfer output files failure at execution point slot1_4@node-g8.localdomain while sending files to access point tamsa2. Details: reading from file /var/lib/condor/execute/dir_613849/*.png: (errno 2) No such file or directory
	Partitionable Resources :    Usage  Request Allocated 
	   Cpus                 :        0        2         2 
	   Disk (KB)            :       74       75      2048 
	   GPUs                 :                           0 
	   Memory (MB)          :        1    16000     16000 
	   TimeExecute (s)      :        5                    
	   TimeSlotBusy (s)     :        6                    
...
012 (1247473.000.000) 2025-07-17 16:32:35 Job was held.
	Transfer output files failure at execution point slot1_4@node-g8.localdomain while sending files to access point tamsa2. Details: reading from file /var/lib/condor/execute/dir_613849/*.png: (errno 2) No such file or directory
	Code 12 Subcode 2
...
009 (1247473.000.000) 2025-07-17 16:36:30 Job was aborted.
	via condor_rm (by user achihwan)

	Job terminated by itself at 2025-07-17T07:32:34Z (using method 0: OF_ITS_OWN_ACCORD).
...
000 (1247533.000.000) 2025-07-17 16:36:37 Job submitted from host: <172.30.1.200:9618?addrs=172.30.1.200-9618&alias=tamsa2&noUDP&sock=schedd_2531_a24a>
...
040 (1247533.000.000) 2025-07-17 16:37:56 Started transferring input files
	Transferring to host: <172.30.1.213:9618?addrs=172.30.1.213-9618&alias=node-w13.localdomain&noUDP&sock=slot1_6_4972_f943_93910>
...
040 (1247533.000.000) 2025-07-17 16:37:56 Finished transferring input files
...
001 (1247533.000.000) 2025-07-17 16:37:56 Job executing on host: <172.30.1.213:9618?addrs=172.30.1.213-9618&alias=node-w13.localdomain&noUDP&sock=startd_4938_a2c0>
	SlotName: slot1_6@node-w13.localdomain
	CondorScratchDir = "/var/lib/condor/execute/dir_3822182"
	Cpus = 2
	Disk = 2048
	GPUs = 0
	Memory = 16000
...
006 (1247533.000.000) 2025-07-17 16:38:01 Image size of job updated: 160
	1  -  MemoryUsage of job (MB)
	8  -  ResidentSetSize of job (KB)
...
040 (1247533.000.000) 2025-07-17 16:38:01 Started transferring output files
...
040 (1247533.000.000) 2025-07-17 16:38:01 Finished transferring output files
...
021 (1247533.000.000) 2025-07-17 16:38:01 Error from starter on slot1_6@node-w13.localdomain:
	STARTER at 172.30.1.213 failed to send file(s) to <172.30.1.200:9618>: |Error: reading from file /var/lib/condor/execute/dir_3822182/*.png: (errno 2) No such file or directory; SHADOW failed to receive file(s) from <172.30.1.213:40661>
	Code 13 Subcode 2
...
004 (1247533.000.000) 2025-07-17 16:38:01 Job was evicted.
	(0) CPU times
		Usr 0 00:00:00, Sys 0 00:00:00  -  Run Remote Usage
		Usr 0 00:00:00, Sys 0 00:00:00  -  Run Local Usage
	187  -  Run Bytes Sent By Job
	52638  -  Run Bytes Received By Job
	Transfer output files failure at execution point slot1_6@node-w13.localdomain while sending files to access point tamsa2. Details: reading from file /var/lib/condor/execute/dir_3822182/*.png: (errno 2) No such file or directory
	Partitionable Resources :    Usage  Request Allocated 
	   Cpus                 :                 2         2 
	   Disk (KB)            :       68       75      2048 
	   GPUs                 :                           0 
	   Memory (MB)          :        1    16000     16000 
	   TimeExecute (s)      :        5                    
	   TimeSlotBusy (s)     :        6                    
...
012 (1247533.000.000) 2025-07-17 16:38:01 Job was held.
	Transfer output files failure at execution point slot1_6@node-w13.localdomain while sending files to access point tamsa2. Details: reading from file /var/lib/condor/execute/dir_3822182/*.png: (errno 2) No such file or directory
	Code 12 Subcode 2
...
009 (1247533.000.000) 2025-07-17 16:38:09 Job was aborted.
	via condor_rm (by user achihwan)

	Job terminated by itself at 2025-07-17T07:38:01Z (using method 0: OF_ITS_OWN_ACCORD).
...
000 (1247592.000.000) 2025-07-17 16:38:19 Job submitted from host: <172.30.1.200:9618?addrs=172.30.1.200-9618&alias=tamsa2&noUDP&sock=schedd_2531_a24a>
...
040 (1247592.000.000) 2025-07-17 16:40:38 Started transferring input files
	Transferring to host: <172.30.1.219:9618?addrs=172.30.1.219-9618&alias=node-w19.localdomain&noUDP&sock=slot1_2_5155_e9eb_110600>
...
040 (1247592.000.000) 2025-07-17 16:40:38 Finished transferring input files
...
001 (1247592.000.000) 2025-07-17 16:40:38 Job executing on host: <172.30.1.219:9618?addrs=172.30.1.219-9618&alias=node-w19.localdomain&noUDP&sock=startd_5121_2895>
	SlotName: slot1_2@node-w19.localdomain
	CondorScratchDir = "/var/lib/condor/execute/dir_1022988"
	Cpus = 2
	Disk = 2048
	GPUs = 0
	Memory = 16000
...
006 (1247592.000.000) 2025-07-17 16:40:43 Image size of job updated: 16
	1  -  MemoryUsage of job (MB)
	8  -  ResidentSetSize of job (KB)
...
040 (1247592.000.000) 2025-07-17 16:40:43 Started transferring output files
...
040 (1247592.000.000) 2025-07-17 16:40:43 Finished transferring output files
...
021 (1247592.000.000) 2025-07-17 16:40:43 Error from starter on slot1_2@node-w19.localdomain:
	STARTER at 172.30.1.219 failed to send file(s) to <172.30.1.200:9618>: |Error: reading from file /var/lib/condor/execute/dir_1022988/*.png: (errno 2) No such file or directory; SHADOW failed to receive file(s) from <172.30.1.219:36145>
	Code 13 Subcode 2
...
004 (1247592.000.000) 2025-07-17 16:40:43 Job was evicted.
	(0) CPU times
		Usr 0 00:00:00, Sys 0 00:00:00  -  Run Remote Usage
		Usr 0 00:00:00, Sys 0 00:00:00  -  Run Local Usage
	257  -  Run Bytes Sent By Job
	52642  -  Run Bytes Received By Job
	Transfer output files failure at execution point slot1_2@node-w19.localdomain while sending files to access point tamsa2. Details: reading from file /var/lib/condor/execute/dir_1022988/*.png: (errno 2) No such file or directory
	Partitionable Resources :    Usage  Request Allocated 
	   Cpus                 :                 2         2 
	   Disk (KB)            :       68       75      2048 
	   GPUs                 :                           0 
	   Memory (MB)          :        1    16000     16000 
	   TimeExecute (s)      :        5                    
	   TimeSlotBusy (s)     :        6                    
...
012 (1247592.000.000) 2025-07-17 16:40:43 Job was held.
	Transfer output files failure at execution point slot1_2@node-w19.localdomain while sending files to access point tamsa2. Details: reading from file /var/lib/condor/execute/dir_1022988/*.png: (errno 2) No such file or directory
	Code 12 Subcode 2
...
009 (1247592.000.000) 2025-07-17 16:41:21 Job was aborted.
	via condor_rm (by user achihwan)

	Job terminated by itself at 2025-07-17T07:40:43Z (using method 0: OF_ITS_OWN_ACCORD).
...
000 (1247654.000.000) 2025-07-17 16:51:14 Job submitted from host: <172.30.1.200:9618?addrs=172.30.1.200-9618&alias=tamsa2&noUDP&sock=schedd_2531_a24a>
...
040 (1247654.000.000) 2025-07-17 16:51:38 Entered queue to transfer input files
	Transferring to host: <172.30.1.211:9618?addrs=172.30.1.211-9618&alias=node-w11.localdomain&noUDP&sock=slot1_3_4969_dc23_57700>
...
040 (1247654.000.000) 2025-07-17 16:51:39 Started transferring input files
	Seconds spent in queue: 1
...
040 (1247654.000.000) 2025-07-17 16:51:41 Finished transferring input files
...
001 (1247654.000.000) 2025-07-17 16:51:41 Job executing on host: <172.30.1.211:9618?addrs=172.30.1.211-9618&alias=node-w11.localdomain&noUDP&sock=startd_4935_93f7>
	SlotName: slot1_3@node-w11.localdomain
	CondorScratchDir = "/var/lib/condor/execute/dir_364047"
	Cpus = 2
	Disk = 751616
	GPUs = 0
	Memory = 16000
...
006 (1247654.000.000) 2025-07-17 16:51:55 Image size of job updated: 1138224
	1112  -  MemoryUsage of job (MB)
	1138224  -  ResidentSetSize of job (KB)
...
006 (1247654.000.000) 2025-07-17 16:52:04 Image size of job updated: 2199792
	2149  -  MemoryUsage of job (MB)
	2199792  -  ResidentSetSize of job (KB)
...
040 (1247654.000.000) 2025-07-17 16:52:04 Started transferring output files
	Seconds spent in queue: 26
...
040 (1247654.000.000) 2025-07-17 16:52:04 Finished transferring output files
...
021 (1247654.000.000) 2025-07-17 16:52:04 Error from starter on slot1_3@node-w11.localdomain:
	STARTER at 172.30.1.211 failed to send file(s) to <172.30.1.200:9618>: |Error: reading from file /var/lib/condor/execute/dir_364047/*.png: (errno 2) No such file or directory; SHADOW failed to receive file(s) from <172.30.1.211:39831>
	Code 13 Subcode 2
...
004 (1247654.000.000) 2025-07-17 16:52:04 Job was evicted.
	(0) CPU times
		Usr 0 00:00:16, Sys 0 00:00:03  -  Run Remote Usage
		Usr 0 00:00:00, Sys 0 00:00:00  -  Run Local Usage
	585  -  Run Bytes Sent By Job
	690309504  -  Run Bytes Received By Job
	Transfer output files failure at execution point slot1_3@node-w11.localdomain while sending files to access point tamsa2. Details: reading from file /var/lib/condor/execute/dir_364047/*.png: (errno 2) No such file or directory
	Partitionable Resources :    Usage  Request Allocated 
	   Cpus                 :        0        2         2 
	   Disk (KB)            :  2774381   750000    751616 
	   GPUs                 :                           0 
	   Memory (MB)          :     2149    16000     16000 
	   TimeExecute (s)      :       23                    
	   TimeSlotBusy (s)     :       31                    
...
012 (1247654.000.000) 2025-07-17 16:52:04 Job was held.
	Transfer output files failure at execution point slot1_3@node-w11.localdomain while sending files to access point tamsa2. Details: reading from file /var/lib/condor/execute/dir_364047/*.png: (errno 2) No such file or directory
	Code 12 Subcode 2
...
009 (1247654.000.000) 2025-07-17 17:02:33 Job was aborted.
	via condor_rm (by user achihwan)

	Job terminated by itself at 2025-07-17T07:52:04Z (using method 0: OF_ITS_OWN_ACCORD).
...
000 (1247715.000.000) 2025-07-17 17:02:56 Job submitted from host: <172.30.1.200:9618?addrs=172.30.1.200-9618&alias=tamsa2&noUDP&sock=schedd_2531_a24a>
...
040 (1247715.000.000) 2025-07-17 17:03:14 Started transferring input files
	Transferring to host: <172.30.1.211:9618?addrs=172.30.1.211-9618&alias=node-w11.localdomain&noUDP&sock=slot1_16_4969_dc23_57738>
...
040 (1247715.000.000) 2025-07-17 17:03:14 Finished transferring input files
...
040 (1247715.000.000) 2025-07-17 17:03:15 Started transferring output files
...
021 (1247715.000.000) 2025-07-17 17:03:15 Error from starter on slot1_16@node-w11.localdomain:
	Failed to transfer files: SHADOW at 172.30.1.200 failed to send file(s) to <172.30.1.211:35667>: |Error: reading from file /data6/Users/achihwan/hepenv.tar.gz: (errno 2) No such file or directory; STARTER failed to receive file(s) from <172.30.1.200:9618>
	Code 13 Subcode 2
...
004 (1247715.000.000) 2025-07-17 17:03:15 Job was evicted.
	(0) CPU times
		Usr 0 00:00:00, Sys 0 00:00:00  -  Run Remote Usage
		Usr 0 00:00:00, Sys 0 00:00:00  -  Run Local Usage
	0  -  Run Bytes Sent By Job
	52686  -  Run Bytes Received By Job
	Transfer input files failure at access point tamsa2 while sending files to execution point slot1_16@node-w11.localdomain. Details: reading from file /data6/Users/achihwan/hepenv.tar.gz: (errno 2) No such file or directory
	Partitionable Resources :    Usage  Request Allocated 
	   Cpus                 :                 2         2 
	   Disk (KB)            :       68       75      2048 
	   GPUs                 :                           0 
	   Memory (MB)          :             16000     16000 
...
012 (1247715.000.000) 2025-07-17 17:03:15 Job was held.
	Transfer input files failure at access point tamsa2 while sending files to execution point slot1_16@node-w11.localdomain. Details: reading from file /data6/Users/achihwan/hepenv.tar.gz: (errno 2) No such file or directory
	Code 13 Subcode 2
...
009 (1247715.000.000) 2025-07-17 17:05:02 Job was aborted.
	via condor_rm (by user achihwan)
...
000 (1247775.000.000) 2025-07-17 17:05:08 Job submitted from host: <172.30.1.200:9618?addrs=172.30.1.200-9618&alias=tamsa2&noUDP&sock=schedd_2531_a24a>
...
040 (1247775.000.000) 2025-07-17 17:05:26 Started transferring input files
	Transferring to host: <172.30.1.211:9618?addrs=172.30.1.211-9618&alias=node-w11.localdomain&noUDP&sock=slot1_8_4969_dc23_57749>
...
040 (1247775.000.000) 2025-07-17 17:05:26 Finished transferring input files
...
040 (1247775.000.000) 2025-07-17 17:05:27 Started transferring output files
...
021 (1247775.000.000) 2025-07-17 17:05:27 Error from starter on slot1_8@node-w11.localdomain:
	Failed to transfer files: SHADOW at 172.30.1.200 failed to send file(s) to <172.30.1.211:46125>: |Error: reading from file /data6/Users/achihwan/hepenv.tar.gz: (errno 2) No such file or directory; STARTER failed to receive file(s) from <172.30.1.200:9618>
	Code 13 Subcode 2
...
004 (1247775.000.000) 2025-07-17 17:05:27 Job was evicted.
	(0) CPU times
		Usr 0 00:00:00, Sys 0 00:00:00  -  Run Remote Usage
		Usr 0 00:00:00, Sys 0 00:00:00  -  Run Local Usage
	0  -  Run Bytes Sent By Job
	52636  -  Run Bytes Received By Job
	Transfer input files failure at access point tamsa2 while sending files to execution point slot1_8@node-w11.localdomain. Details: reading from file /data6/Users/achihwan/hepenv.tar.gz: (errno 2) No such file or directory
	Partitionable Resources :    Usage  Request Allocated 
	   Cpus                 :                 2         2 
	   Disk (KB)            :       67       75      2048 
	   GPUs                 :                           0 
	   Memory (MB)          :             16000     16000 
...
012 (1247775.000.000) 2025-07-17 17:05:27 Job was held.
	Transfer input files failure at access point tamsa2 while sending files to execution point slot1_8@node-w11.localdomain. Details: reading from file /data6/Users/achihwan/hepenv.tar.gz: (errno 2) No such file or directory
	Code 13 Subcode 2
...
009 (1247775.000.000) 2025-07-17 17:06:33 Job was aborted.
	via condor_rm (by user achihwan)
...
000 (1247834.000.000) 2025-07-17 17:06:37 Job submitted from host: <172.30.1.200:9618?addrs=172.30.1.200-9618&alias=tamsa2&noUDP&sock=schedd_2531_a24a>
...
040 (1247834.000.000) 2025-07-17 17:06:48 Started transferring input files
	Transferring to host: <172.30.1.205:9618?addrs=172.30.1.205-9618&alias=node-w5.localdomain&noUDP&sock=slot1_24_5098_c088_47701>
...
001 (1247834.000.000) 2025-07-17 17:06:48 Job executing on host: <172.30.1.205:9618?addrs=172.30.1.205-9618&alias=node-w5.localdomain&noUDP&sock=startd_5064_0faf>
	SlotName: slot1_24@node-w5.localdomain
	CondorScratchDir = "/var/lib/condor/execute/dir_2820735"
	Cpus = 2
	Disk = 2048
	GPUs = 0
	Memory = 16000
...
040 (1247834.000.000) 2025-07-17 17:06:48 Finished transferring input files
...
006 (1247834.000.000) 2025-07-17 17:06:53 Image size of job updated: 120
	1  -  MemoryUsage of job (MB)
	8  -  ResidentSetSize of job (KB)
...
040 (1247834.000.000) 2025-07-17 17:06:53 Started transferring output files
...
040 (1247834.000.000) 2025-07-17 17:06:54 Finished transferring output files
...
021 (1247834.000.000) 2025-07-17 17:06:54 Error from starter on slot1_24@node-w5.localdomain:
	STARTER at 172.30.1.205 failed to send file(s) to <172.30.1.200:9618>: |Error: reading from file /var/lib/condor/execute/dir_2820735/*.png: (errno 2) No such file or directory; SHADOW failed to receive file(s) from <172.30.1.205:36587>
	Code 13 Subcode 2
...
004 (1247834.000.000) 2025-07-17 17:06:54 Job was evicted.
	(0) CPU times
		Usr 0 00:00:00, Sys 0 00:00:00  -  Run Remote Usage
		Usr 0 00:00:00, Sys 0 00:00:00  -  Run Local Usage
	257  -  Run Bytes Sent By Job
	52636  -  Run Bytes Received By Job
	Transfer output files failure at execution point slot1_24@node-w5.localdomain while sending files to access point tamsa2. Details: reading from file /var/lib/condor/execute/dir_2820735/*.png: (errno 2) No such file or directory
	Partitionable Resources :    Usage  Request Allocated 
	   Cpus                 :        0        2         2 
	   Disk (KB)            :       74       75      2048 
	   GPUs                 :                           0 
	   Memory (MB)          :        1    16000     16000 
	   TimeExecute (s)      :        5                    
	   TimeSlotBusy (s)     :        6                    
...
012 (1247834.000.000) 2025-07-17 17:06:54 Job was held.
	Transfer output files failure at execution point slot1_24@node-w5.localdomain while sending files to access point tamsa2. Details: reading from file /var/lib/condor/execute/dir_2820735/*.png: (errno 2) No such file or directory
	Code 12 Subcode 2
...
009 (1247834.000.000) 2025-07-17 17:08:13 Job was aborted.
	via condor_rm (by user achihwan)

	Job terminated by itself at 2025-07-17T08:06:53Z (using method 0: OF_ITS_OWN_ACCORD).
...
000 (1247893.000.000) 2025-07-17 17:08:24 Job submitted from host: <172.30.1.200:9618?addrs=172.30.1.200-9618&alias=tamsa2&noUDP&sock=schedd_2531_a24a>
...
009 (1247893.000.000) 2025-07-17 17:08:34 Job was aborted.
	via condor_rm (by user achihwan)
...
000 (1247952.000.000) 2025-07-17 17:08:53 Job submitted from host: <172.30.1.200:9618?addrs=172.30.1.200-9618&alias=tamsa2&noUDP&sock=schedd_2531_a24a>
...
040 (1247952.000.000) 2025-07-17 17:09:03 Started transferring input files
	Transferring to host: <172.30.1.206:9618?addrs=172.30.1.206-9618&alias=node-w6.localdomain&noUDP&sock=slot1_17_4969_dc23_29420>
...
001 (1247952.000.000) 2025-07-17 17:09:03 Job executing on host: <172.30.1.206:9618?addrs=172.30.1.206-9618&alias=node-w6.localdomain&noUDP&sock=startd_4935_93f7>
	SlotName: slot1_17@node-w6.localdomain
	CondorScratchDir = "/var/lib/condor/execute/dir_433638"
	Cpus = 2
	Disk = 2048
	GPUs = 0
	Memory = 16000
...
040 (1247952.000.000) 2025-07-17 17:09:03 Finished transferring input files
...
006 (1247952.000.000) 2025-07-17 17:09:08 Image size of job updated: 148
	1  -  MemoryUsage of job (MB)
	8  -  ResidentSetSize of job (KB)
...
040 (1247952.000.000) 2025-07-17 17:09:08 Started transferring output files
...
040 (1247952.000.000) 2025-07-17 17:09:09 Finished transferring output files
...
021 (1247952.000.000) 2025-07-17 17:09:09 Error from starter on slot1_17@node-w6.localdomain:
	STARTER at 172.30.1.206 failed to send file(s) to <172.30.1.200:9618>: |Error: reading from file /var/lib/condor/execute/dir_433638/*.png: (errno 2) No such file or directory; SHADOW failed to receive file(s) from <172.30.1.206:43421>
	Code 13 Subcode 2
...
004 (1247952.000.000) 2025-07-17 17:09:09 Job was evicted.
	(0) CPU times
		Usr 0 00:00:00, Sys 0 00:00:00  -  Run Remote Usage
		Usr 0 00:00:00, Sys 0 00:00:00  -  Run Local Usage
	256  -  Run Bytes Sent By Job
	52636  -  Run Bytes Received By Job
	Transfer output files failure at execution point slot1_17@node-w6.localdomain while sending files to access point tamsa2. Details: reading from file /var/lib/condor/execute/dir_433638/*.png: (errno 2) No such file or directory
	Partitionable Resources :    Usage  Request Allocated 
	   Cpus                 :        0        2         2 
	   Disk (KB)            :       74       75      2048 
	   GPUs                 :                           0 
	   Memory (MB)          :        1    16000     16000 
	   TimeExecute (s)      :        5                    
	   TimeSlotBusy (s)     :        6                    
...
012 (1247952.000.000) 2025-07-17 17:09:09 Job was held.
	Transfer output files failure at execution point slot1_17@node-w6.localdomain while sending files to access point tamsa2. Details: reading from file /var/lib/condor/execute/dir_433638/*.png: (errno 2) No such file or directory
	Code 12 Subcode 2
...
009 (1247952.000.000) 2025-07-17 17:10:28 Job was aborted.
	via condor_rm (by user achihwan)

	Job terminated by itself at 2025-07-17T08:09:08Z (using method 0: OF_ITS_OWN_ACCORD).
...
000 (1248012.000.000) 2025-07-17 17:10:36 Job submitted from host: <172.30.1.200:9618?addrs=172.30.1.200-9618&alias=tamsa2&noUDP&sock=schedd_2531_a24a>
...
040 (1248012.000.000) 2025-07-17 17:10:44 Started transferring input files
	Transferring to host: <172.30.1.107:9618?addrs=172.30.1.107-9618&alias=node-g7.localdomain&noUDP&sock=slot1_5_5631_4c7e_25462>
...
001 (1248012.000.000) 2025-07-17 17:10:44 Job executing on host: <172.30.1.107:9618?addrs=172.30.1.107-9618&alias=node-g7.localdomain&noUDP&sock=startd_5596_f811>
	SlotName: slot1_5@node-g7.localdomain
	CondorScratchDir = "/var/lib/condor/execute/dir_3001355"
	Cpus = 2
	Disk = 2048
	GPUs = 0
	Memory = 16000
...
040 (1248012.000.000) 2025-07-17 17:10:44 Finished transferring input files
...
006 (1248012.000.000) 2025-07-17 17:10:50 Image size of job updated: 108
	1  -  MemoryUsage of job (MB)
	8  -  ResidentSetSize of job (KB)
...
040 (1248012.000.000) 2025-07-17 17:10:50 Started transferring output files
...
040 (1248012.000.000) 2025-07-17 17:10:50 Finished transferring output files
...
021 (1248012.000.000) 2025-07-17 17:10:50 Error from starter on slot1_5@node-g7.localdomain:
	STARTER at 172.30.1.107 failed to send file(s) to <172.30.1.200:9618>: |Error: reading from file /var/lib/condor/execute/dir_3001355/*.png: (errno 2) No such file or directory; SHADOW failed to receive file(s) from <172.30.1.107:43273>
	Code 13 Subcode 2
...
004 (1248012.000.000) 2025-07-17 17:10:50 Job was evicted.
	(0) CPU times
		Usr 0 00:00:00, Sys 0 00:00:00  -  Run Remote Usage
		Usr 0 00:00:00, Sys 0 00:00:00  -  Run Local Usage
	279  -  Run Bytes Sent By Job
	52636  -  Run Bytes Received By Job
	Transfer output files failure at execution point slot1_5@node-g7.localdomain while sending files to access point tamsa2. Details: reading from file /var/lib/condor/execute/dir_3001355/*.png: (errno 2) No such file or directory
	Partitionable Resources :    Usage  Request Allocated 
	   Cpus                 :        0        2         2 
	   Disk (KB)            :       74       75      2048 
	   GPUs                 :                           0 
	   Memory (MB)          :        1    16000     16000 
	   TimeExecute (s)      :        6                    
	   TimeSlotBusy (s)     :        6                    
...
012 (1248012.000.000) 2025-07-17 17:10:50 Job was held.
	Transfer output files failure at execution point slot1_5@node-g7.localdomain while sending files to access point tamsa2. Details: reading from file /var/lib/condor/execute/dir_3001355/*.png: (errno 2) No such file or directory
	Code 12 Subcode 2
...
009 (1248012.000.000) 2025-07-17 17:11:47 Job was aborted.
	via condor_rm (by user achihwan)

	Job terminated by itself at 2025-07-17T08:10:50Z (using method 0: OF_ITS_OWN_ACCORD).
...
000 (1248072.000.000) 2025-07-17 17:12:03 Job submitted from host: <172.30.1.200:9618?addrs=172.30.1.200-9618&alias=tamsa2&noUDP&sock=schedd_2531_a24a>
...
040 (1248072.000.000) 2025-07-17 17:12:22 Started transferring input files
	Transferring to host: <172.30.1.110:9618?addrs=172.30.1.110-9618&alias=node-g10.localdomain&noUDP&sock=slot1_13_6414_fe3e_19814>
...
001 (1248072.000.000) 2025-07-17 17:12:22 Job executing on host: <172.30.1.110:9618?addrs=172.30.1.110-9618&alias=node-g10.localdomain&noUDP&sock=startd_6380_ba51>
	SlotName: slot1_13@node-g10.localdomain
	CondorScratchDir = "/var/lib/condor/execute/dir_3258421"
	Cpus = 2
	Disk = 2048
	GPUs = 0
	Memory = 16000
...
040 (1248072.000.000) 2025-07-17 17:12:22 Finished transferring input files
...
006 (1248072.000.000) 2025-07-17 17:12:27 Image size of job updated: 148
	1  -  MemoryUsage of job (MB)
	8  -  ResidentSetSize of job (KB)
...
040 (1248072.000.000) 2025-07-17 17:12:27 Started transferring output files
...
040 (1248072.000.000) 2025-07-17 17:12:27 Finished transferring output files
...
021 (1248072.000.000) 2025-07-17 17:12:28 Error from starter on slot1_13@node-g10.localdomain:
	STARTER at 172.30.1.110 failed to send file(s) to <172.30.1.200:9618>: |Error: reading from file /var/lib/condor/execute/dir_3258421/*.png: (errno 2) No such file or directory; SHADOW failed to receive file(s) from <172.30.1.110:42973>
	Code 13 Subcode 2
...
004 (1248072.000.000) 2025-07-17 17:12:28 Job was evicted.
	(0) CPU times
		Usr 0 00:00:00, Sys 0 00:00:00  -  Run Remote Usage
		Usr 0 00:00:00, Sys 0 00:00:00  -  Run Local Usage
	265  -  Run Bytes Sent By Job
	52636  -  Run Bytes Received By Job
	Transfer output files failure at execution point slot1_13@node-g10.localdomain while sending files to access point tamsa2. Details: reading from file /var/lib/condor/execute/dir_3258421/*.png: (errno 2) No such file or directory
	Partitionable Resources :    Usage  Request Allocated 
	   Cpus                 :        0        2         2 
	   Disk (KB)            :       74       75      2048 
	   GPUs                 :                           0 
	   Memory (MB)          :        1    16000     16000 
	   TimeExecute (s)      :        5                    
	   TimeSlotBusy (s)     :        6                    
...
012 (1248072.000.000) 2025-07-17 17:12:28 Job was held.
	Transfer output files failure at execution point slot1_13@node-g10.localdomain while sending files to access point tamsa2. Details: reading from file /var/lib/condor/execute/dir_3258421/*.png: (errno 2) No such file or directory
	Code 12 Subcode 2
...
000 (1248132.000.000) 2025-07-17 17:12:51 Job submitted from host: <172.30.1.200:9618?addrs=172.30.1.200-9618&alias=tamsa2&noUDP&sock=schedd_2531_a24a>
...
009 (1248132.000.000) 2025-07-17 17:13:09 Job was aborted.
	via condor_rm (by user achihwan)
...
009 (1248072.000.000) 2025-07-17 17:13:09 Job was aborted.
	via condor_rm (by user achihwan)

	Job terminated by itself at 2025-07-17T08:12:27Z (using method 0: OF_ITS_OWN_ACCORD).
...
000 (1248191.000.000) 2025-07-17 17:13:17 Job submitted from host: <172.30.1.200:9618?addrs=172.30.1.200-9618&alias=tamsa2&noUDP&sock=schedd_2531_a24a>
...
009 (1248191.000.000) 2025-07-17 17:14:42 Job was aborted.
	via condor_rm (by user achihwan)
...
000 (1248250.000.000) 2025-07-17 17:14:50 Job submitted from host: <172.30.1.200:9618?addrs=172.30.1.200-9618&alias=tamsa2&noUDP&sock=schedd_2531_a24a>
...
040 (1248250.000.000) 2025-07-17 17:17:14 Started transferring input files
	Transferring to host: <172.30.1.208:9618?addrs=172.30.1.208-9618&alias=node-w8.localdomain&noUDP&sock=slot1_17_4971_44e3_56797>
...
001 (1248250.000.000) 2025-07-17 17:17:14 Job executing on host: <172.30.1.208:9618?addrs=172.30.1.208-9618&alias=node-w8.localdomain&noUDP&sock=startd_4937_f328>
	SlotName: slot1_17@node-w8.localdomain
	CondorScratchDir = "/var/lib/condor/execute/dir_1014978"
	Cpus = 2
	Disk = 2048
	GPUs = 0
	Memory = 16000
...
040 (1248250.000.000) 2025-07-17 17:17:14 Finished transferring input files
...
006 (1248250.000.000) 2025-07-17 17:17:19 Image size of job updated: 120
	1  -  MemoryUsage of job (MB)
	8  -  ResidentSetSize of job (KB)
...
040 (1248250.000.000) 2025-07-17 17:17:20 Started transferring output files
...
040 (1248250.000.000) 2025-07-17 17:17:20 Finished transferring output files
...
021 (1248250.000.000) 2025-07-17 17:17:20 Error from starter on slot1_17@node-w8.localdomain:
	STARTER at 172.30.1.208 failed to send file(s) to <172.30.1.200:9618>: |Error: reading from file /var/lib/condor/execute/dir_1014978/*.png: (errno 2) No such file or directory; SHADOW failed to receive file(s) from <172.30.1.208:42017>
	Code 13 Subcode 2
...
004 (1248250.000.000) 2025-07-17 17:17:20 Job was evicted.
	(0) CPU times
		Usr 0 00:00:00, Sys 0 00:00:00  -  Run Remote Usage
		Usr 0 00:00:00, Sys 0 00:00:00  -  Run Local Usage
	258  -  Run Bytes Sent By Job
	52633  -  Run Bytes Received By Job
	Transfer output files failure at execution point slot1_17@node-w8.localdomain while sending files to access point tamsa2. Details: reading from file /var/lib/condor/execute/dir_1014978/*.png: (errno 2) No such file or directory
	Partitionable Resources :    Usage  Request Allocated 
	   Cpus                 :        0        2         2 
	   Disk (KB)            :       74       75      2048 
	   GPUs                 :                           0 
	   Memory (MB)          :        1    16000     16000 
	   TimeExecute (s)      :        5                    
	   TimeSlotBusy (s)     :        6                    
...
012 (1248250.000.000) 2025-07-17 17:17:20 Job was held.
	Transfer output files failure at execution point slot1_17@node-w8.localdomain while sending files to access point tamsa2. Details: reading from file /var/lib/condor/execute/dir_1014978/*.png: (errno 2) No such file or directory
	Code 12 Subcode 2
...
009 (1248250.000.000) 2025-07-17 17:18:37 Job was aborted.
	via condor_rm (by user achihwan)

	Job terminated by itself at 2025-07-17T08:17:19Z (using method 0: OF_ITS_OWN_ACCORD).
...
000 (1248311.000.000) 2025-07-17 17:23:12 Job submitted from host: <172.30.1.200:9618?addrs=172.30.1.200-9618&alias=tamsa2&noUDP&sock=schedd_2531_a24a>
...
040 (1248311.000.000) 2025-07-17 17:23:30 Started transferring input files
	Transferring to host: <172.30.1.208:9618?addrs=172.30.1.208-9618&alias=node-w8.localdomain&noUDP&sock=slot1_2_4971_44e3_56802>
...
001 (1248311.000.000) 2025-07-17 17:23:30 Job executing on host: <172.30.1.208:9618?addrs=172.30.1.208-9618&alias=node-w8.localdomain&noUDP&sock=startd_4937_f328>
	SlotName: slot1_2@node-w8.localdomain
	CondorScratchDir = "/var/lib/condor/execute/dir_1015342"
	Cpus = 2
	Disk = 2048
	GPUs = 0
	Memory = 16000
...
040 (1248311.000.000) 2025-07-17 17:23:30 Finished transferring input files
...
006 (1248311.000.000) 2025-07-17 17:23:35 Image size of job updated: 104
	1  -  MemoryUsage of job (MB)
	8  -  ResidentSetSize of job (KB)
...
040 (1248311.000.000) 2025-07-17 17:23:35 Started transferring output files
...
040 (1248311.000.000) 2025-07-17 17:23:35 Finished transferring output files
...
021 (1248311.000.000) 2025-07-17 17:23:35 Error from starter on slot1_2@node-w8.localdomain:
	STARTER at 172.30.1.208 failed to send file(s) to <172.30.1.200:9618>: |Error: reading from file /var/lib/condor/execute/dir_1015342/*.png: (errno 2) No such file or directory; SHADOW failed to receive file(s) from <172.30.1.208:42453>
	Code 13 Subcode 2
...
004 (1248311.000.000) 2025-07-17 17:23:35 Job was evicted.
	(0) CPU times
		Usr 0 00:00:00, Sys 0 00:00:00  -  Run Remote Usage
		Usr 0 00:00:00, Sys 0 00:00:00  -  Run Local Usage
	418  -  Run Bytes Sent By Job
	52711  -  Run Bytes Received By Job
	Transfer output files failure at execution point slot1_2@node-w8.localdomain while sending files to access point tamsa2. Details: reading from file /var/lib/condor/execute/dir_1015342/*.png: (errno 2) No such file or directory
	Partitionable Resources :    Usage  Request Allocated 
	   Cpus                 :        0        2         2 
	   Disk (KB)            :       75       75      2048 
	   GPUs                 :                           0 
	   Memory (MB)          :        1    16000     16000 
	   TimeExecute (s)      :        5                    
	   TimeSlotBusy (s)     :        5                    
...
012 (1248311.000.000) 2025-07-17 17:23:36 Job was held.
	Transfer output files failure at execution point slot1_2@node-w8.localdomain while sending files to access point tamsa2. Details: reading from file /var/lib/condor/execute/dir_1015342/*.png: (errno 2) No such file or directory
	Code 12 Subcode 2
...
009 (1248311.000.000) 2025-07-17 17:28:06 Job was aborted.
	via condor_rm (by user achihwan)

	Job terminated by itself at 2025-07-17T08:23:35Z (using method 0: OF_ITS_OWN_ACCORD).
...
000 (1248372.000.000) 2025-07-17 17:28:12 Job submitted from host: <172.30.1.200:9618?addrs=172.30.1.200-9618&alias=tamsa2&noUDP&sock=schedd_2531_a24a>
...
040 (1248372.000.000) 2025-07-17 17:28:30 Entered queue to transfer input files
	Transferring to host: <172.30.1.208:9618?addrs=172.30.1.208-9618&alias=node-w8.localdomain&noUDP&sock=slot1_13_4971_44e3_56814>
...
040 (1248372.000.000) 2025-07-17 17:28:39 Started transferring input files
	Seconds spent in queue: 9
...
040 (1248372.000.000) 2025-07-17 17:28:42 Finished transferring input files
...
001 (1248372.000.000) 2025-07-17 17:28:42 Job executing on host: <172.30.1.208:9618?addrs=172.30.1.208-9618&alias=node-w8.localdomain&noUDP&sock=startd_4937_f328>
	SlotName: slot1_13@node-w8.localdomain
	CondorScratchDir = "/var/lib/condor/execute/dir_1015775"
	Cpus = 2
	Disk = 751616
	GPUs = 0
	Memory = 16000
...
006 (1248372.000.000) 2025-07-17 17:28:57 Image size of job updated: 1140172
	1114  -  MemoryUsage of job (MB)
	1140172  -  ResidentSetSize of job (KB)
...
006 (1248372.000.000) 2025-07-17 17:29:05 Image size of job updated: 2199792
	2149  -  MemoryUsage of job (MB)
	2199792  -  ResidentSetSize of job (KB)
...
040 (1248372.000.000) 2025-07-17 17:29:05 Started transferring output files
	Seconds spent in queue: 35
...
040 (1248372.000.000) 2025-07-17 17:29:05 Finished transferring output files
...
021 (1248372.000.000) 2025-07-17 17:29:05 Error from starter on slot1_13@node-w8.localdomain:
	STARTER at 172.30.1.208 failed to send file(s) to <172.30.1.200:9618>: |Error: reading from file /var/lib/condor/execute/dir_1015775/*.png: (errno 2) No such file or directory; SHADOW failed to receive file(s) from <172.30.1.208:40615>
	Code 13 Subcode 2
...
004 (1248372.000.000) 2025-07-17 17:29:05 Job was evicted.
	(0) CPU times
		Usr 0 00:00:17, Sys 0 00:00:02  -  Run Remote Usage
		Usr 0 00:00:00, Sys 0 00:00:00  -  Run Local Usage
	378  -  Run Bytes Sent By Job
	690309504  -  Run Bytes Received By Job
	Transfer output files failure at execution point slot1_13@node-w8.localdomain while sending files to access point tamsa2. Details: reading from file /var/lib/condor/execute/dir_1015775/*.png: (errno 2) No such file or directory
	Partitionable Resources :    Usage  Request Allocated 
	   Cpus                 :                 2         2 
	   Disk (KB)            :  2774375   750000    751616 
	   GPUs                 :                           0 
	   Memory (MB)          :     2149    16000     16000 
	   TimeExecute (s)      :       23                    
	   TimeSlotBusy (s)     :       41                    
...
012 (1248372.000.000) 2025-07-17 17:29:05 Job was held.
	Transfer output files failure at execution point slot1_13@node-w8.localdomain while sending files to access point tamsa2. Details: reading from file /var/lib/condor/execute/dir_1015775/*.png: (errno 2) No such file or directory
	Code 12 Subcode 2
...
009 (1248372.000.000) 2025-07-17 17:30:19 Job was aborted.
	via condor_rm (by user achihwan)

	Job terminated by itself at 2025-07-17T08:29:05Z (using method 0: OF_ITS_OWN_ACCORD).
...
000 (1248432.000.000) 2025-07-17 17:33:24 Job submitted from host: <172.30.1.200:9618?addrs=172.30.1.200-9618&alias=tamsa2&noUDP&sock=schedd_2531_a24a>
...
040 (1248432.000.000) 2025-07-17 17:33:47 Started transferring input files
	Transferring to host: <172.30.1.203:9618?addrs=172.30.1.203-9618&alias=node-w3.localdomain&noUDP&sock=slot1_3_4993_c524_82535>
...
040 (1248432.000.000) 2025-07-17 17:33:50 Finished transferring input files
...
001 (1248432.000.000) 2025-07-17 17:33:50 Job executing on host: <172.30.1.203:9618?addrs=172.30.1.203-9618&alias=node-w3.localdomain&noUDP&sock=startd_4959_0a3d>
	SlotName: slot1_3@node-w3.localdomain
	CondorScratchDir = "/var/lib/condor/execute/dir_2420845"
	Cpus = 2
	Disk = 751616
	GPUs = 0
	Memory = 16000
...
006 (1248432.000.000) 2025-07-17 17:34:03 Image size of job updated: 1014256
	991  -  MemoryUsage of job (MB)
	1014256  -  ResidentSetSize of job (KB)
...
006 (1248432.000.000) 2025-07-17 17:34:12 Image size of job updated: 2199792
	2149  -  MemoryUsage of job (MB)
	2199792  -  ResidentSetSize of job (KB)
...
040 (1248432.000.000) 2025-07-17 17:34:12 Started transferring output files
...
040 (1248432.000.000) 2025-07-17 17:34:12 Finished transferring output files
...
021 (1248432.000.000) 2025-07-17 17:34:12 Error from starter on slot1_3@node-w3.localdomain:
	STARTER at 172.30.1.203 failed to send file(s) to <172.30.1.200:9618>: |Error: reading from file /var/lib/condor/execute/dir_2420845/*.png: (errno 2) No such file or directory; SHADOW failed to receive file(s) from <172.30.1.203:45585>
	Code 13 Subcode 2
...
004 (1248432.000.000) 2025-07-17 17:34:12 Job was evicted.
	(0) CPU times
		Usr 0 00:00:17, Sys 0 00:00:02  -  Run Remote Usage
		Usr 0 00:00:00, Sys 0 00:00:00  -  Run Local Usage
	378  -  Run Bytes Sent By Job
	690309504  -  Run Bytes Received By Job
	Transfer output files failure at execution point slot1_3@node-w3.localdomain while sending files to access point tamsa2. Details: reading from file /var/lib/condor/execute/dir_2420845/*.png: (errno 2) No such file or directory
	Partitionable Resources :    Usage  Request Allocated 
	   Cpus                 :        0        2         2 
	   Disk (KB)            :  2774381   750000    751616 
	   GPUs                 :                           0 
	   Memory (MB)          :     2149    16000     16000 
	   TimeExecute (s)      :       22                    
	   TimeSlotBusy (s)     :       29                    
...
012 (1248432.000.000) 2025-07-17 17:34:12 Job was held.
	Transfer output files failure at execution point slot1_3@node-w3.localdomain while sending files to access point tamsa2. Details: reading from file /var/lib/condor/execute/dir_2420845/*.png: (errno 2) No such file or directory
	Code 12 Subcode 2
...
009 (1248432.000.000) 2025-07-17 17:34:44 Job was aborted.
	via condor_rm (by user achihwan)

	Job terminated by itself at 2025-07-17T08:34:12Z (using method 0: OF_ITS_OWN_ACCORD).
...
000 (1248491.000.000) 2025-07-17 17:34:50 Job submitted from host: <172.30.1.200:9618?addrs=172.30.1.200-9618&alias=tamsa2&noUDP&sock=schedd_2531_a24a>
...
040 (1248491.000.000) 2025-07-17 17:35:11 Entered queue to transfer input files
	Transferring to host: <172.30.1.107:9618?addrs=172.30.1.107-9618&alias=node-g7.localdomain&noUDP&sock=slot1_27_5631_4c7e_25514>
...
040 (1248491.000.000) 2025-07-17 17:35:12 Started transferring input files
	Seconds spent in queue: 1
...
040 (1248491.000.000) 2025-07-17 17:35:15 Finished transferring input files
...
001 (1248491.000.000) 2025-07-17 17:35:15 Job executing on host: <172.30.1.107:9618?addrs=172.30.1.107-9618&alias=node-g7.localdomain&noUDP&sock=startd_5596_f811>
	SlotName: slot1_27@node-g7.localdomain
	CondorScratchDir = "/var/lib/condor/execute/dir_3008530"
	Cpus = 2
	Disk = 751616
	GPUs = 0
	Memory = 16000
...
006 (1248491.000.000) 2025-07-17 17:35:29 Image size of job updated: 1012816
	990  -  MemoryUsage of job (MB)
	1012816  -  ResidentSetSize of job (KB)
...
006 (1248491.000.000) 2025-07-17 17:35:38 Image size of job updated: 2199792
	2149  -  MemoryUsage of job (MB)
	2199792  -  ResidentSetSize of job (KB)
...
040 (1248491.000.000) 2025-07-17 17:35:38 Started transferring output files
	Seconds spent in queue: 27
...
040 (1248491.000.000) 2025-07-17 17:35:38 Finished transferring output files
...
021 (1248491.000.000) 2025-07-17 17:35:38 Error from starter on slot1_27@node-g7.localdomain:
	STARTER at 172.30.1.107 failed to send file(s) to <172.30.1.200:9618>: |Error: reading from file /var/lib/condor/execute/dir_3008530/*.png: (errno 2) No such file or directory; SHADOW failed to receive file(s) from <172.30.1.107:46127>
	Code 13 Subcode 2
...
004 (1248491.000.000) 2025-07-17 17:35:38 Job was evicted.
	(0) CPU times
		Usr 0 00:00:17, Sys 0 00:00:03  -  Run Remote Usage
		Usr 0 00:00:00, Sys 0 00:00:00  -  Run Local Usage
	782  -  Run Bytes Sent By Job
	690309504  -  Run Bytes Received By Job
	Transfer output files failure at execution point slot1_27@node-g7.localdomain while sending files to access point tamsa2. Details: reading from file /var/lib/condor/execute/dir_3008530/*.png: (errno 2) No such file or directory
	Partitionable Resources :    Usage  Request Allocated 
	   Cpus                 :                 2         2 
	   Disk (KB)            :  2774375   750000    751616 
	   GPUs                 :                           0 
	   Memory (MB)          :     2149    16000     16000 
	   TimeExecute (s)      :       23                    
	   TimeSlotBusy (s)     :       32                    
...
012 (1248491.000.000) 2025-07-17 17:35:38 Job was held.
	Transfer output files failure at execution point slot1_27@node-g7.localdomain while sending files to access point tamsa2. Details: reading from file /var/lib/condor/execute/dir_3008530/*.png: (errno 2) No such file or directory
	Code 12 Subcode 2
...
009 (1248491.000.000) 2025-07-17 17:36:48 Job was aborted.
	via condor_rm (by user achihwan)

	Job terminated by itself at 2025-07-17T08:35:38Z (using method 0: OF_ITS_OWN_ACCORD).
...
000 (1250152.000.000) 2025-07-17 17:36:56 Job submitted from host: <172.30.1.200:9618?addrs=172.30.1.200-9618&alias=tamsa2&noUDP&sock=schedd_2531_a24a>
...
040 (1250152.000.000) 2025-07-17 17:40:36 Started transferring input files
	Transferring to host: <172.30.1.208:9618?addrs=172.30.1.208-9618&alias=node-w8.localdomain&noUDP&sock=slot1_5_4971_44e3_56895>
...
040 (1250152.000.000) 2025-07-17 17:40:40 Finished transferring input files
...
001 (1250152.000.000) 2025-07-17 17:40:40 Job executing on host: <172.30.1.208:9618?addrs=172.30.1.208-9618&alias=node-w8.localdomain&noUDP&sock=startd_4937_f328>
	SlotName: slot1_5@node-w8.localdomain
	CondorScratchDir = "/var/lib/condor/execute/dir_1020872"
	Cpus = 2
	Disk = 751616
	GPUs = 0
	Memory = 16000
...
006 (1250152.000.000) 2025-07-17 17:40:53 Image size of job updated: 1017000
	994  -  MemoryUsage of job (MB)
	1017000  -  ResidentSetSize of job (KB)
...
006 (1250152.000.000) 2025-07-17 17:41:02 Image size of job updated: 2199792
	2149  -  MemoryUsage of job (MB)
	2199792  -  ResidentSetSize of job (KB)
...
040 (1250152.000.000) 2025-07-17 17:41:02 Started transferring output files
...
040 (1250152.000.000) 2025-07-17 17:41:02 Finished transferring output files
...
021 (1250152.000.000) 2025-07-17 17:41:02 Error from starter on slot1_5@node-w8.localdomain:
	STARTER at 172.30.1.208 failed to send file(s) to <172.30.1.200:9618>: |Error: reading from file /var/lib/condor/execute/dir_1020872/*.png: (errno 2) No such file or directory; SHADOW failed to receive file(s) from <172.30.1.208:44351>
	Code 13 Subcode 2
...
004 (1250152.000.000) 2025-07-17 17:41:02 Job was evicted.
	(0) CPU times
		Usr 0 00:00:16, Sys 0 00:00:02  -  Run Remote Usage
		Usr 0 00:00:00, Sys 0 00:00:00  -  Run Local Usage
	690  -  Run Bytes Sent By Job
	690309504  -  Run Bytes Received By Job
	Transfer output files failure at execution point slot1_5@node-w8.localdomain while sending files to access point tamsa2. Details: reading from file /var/lib/condor/execute/dir_1020872/*.png: (errno 2) No such file or directory
	Partitionable Resources :    Usage  Request Allocated 
	   Cpus                 :        0        2         2 
	   Disk (KB)            :  2774381   750000    751616 
	   GPUs                 :                           0 
	   Memory (MB)          :     2149    16000     16000 
	   TimeExecute (s)      :       22                    
	   TimeSlotBusy (s)     :       26                    
...
012 (1250152.000.000) 2025-07-17 17:41:02 Job was held.
	Transfer output files failure at execution point slot1_5@node-w8.localdomain while sending files to access point tamsa2. Details: reading from file /var/lib/condor/execute/dir_1020872/*.png: (errno 2) No such file or directory
	Code 12 Subcode 2
...
000 (1251237.000.000) 2025-07-17 17:42:41 Job submitted from host: <172.30.1.200:9618?addrs=172.30.1.200-9618&alias=tamsa2&noUDP&sock=schedd_2531_a24a>
...
009 (1250152.000.000) 2025-07-17 17:42:45 Job was aborted.
	via condor_rm (by user achihwan)

	Job terminated by itself at 2025-07-17T08:41:02Z (using method 0: OF_ITS_OWN_ACCORD).
...
040 (1251237.000.000) 2025-07-17 17:43:04 Entered queue to transfer input files
	Transferring to host: <172.30.1.106:9618?addrs=172.30.1.106-9618&alias=node-g6.localdomain&noUDP&sock=slot1_11_4834_bd7e_16080>
...
040 (1251237.000.000) 2025-07-17 17:43:06 Started transferring input files
	Seconds spent in queue: 2
...
040 (1251237.000.000) 2025-07-17 17:43:10 Finished transferring input files
...
001 (1251237.000.000) 2025-07-17 17:43:10 Job executing on host: <172.30.1.106:9618?addrs=172.30.1.106-9618&alias=node-g6.localdomain&noUDP&sock=startd_4799_4b16>
	SlotName: slot1_11@node-g6.localdomain
	CondorScratchDir = "/var/lib/condor/execute/dir_750413"
	Cpus = 2
	Disk = 751616
	GPUs = 0
	Memory = 16000
...
006 (1251237.000.000) 2025-07-17 17:43:23 Image size of job updated: 1052068
	1028  -  MemoryUsage of job (MB)
	1052068  -  ResidentSetSize of job (KB)
...
006 (1251237.000.000) 2025-07-17 17:43:32 Image size of job updated: 2199796
	2149  -  MemoryUsage of job (MB)
	2199796  -  ResidentSetSize of job (KB)
...
040 (1251237.000.000) 2025-07-17 17:43:32 Started transferring output files
	Seconds spent in queue: 28
...
040 (1251237.000.000) 2025-07-17 17:43:32 Finished transferring output files
...
021 (1251237.000.000) 2025-07-17 17:43:32 Error from starter on slot1_11@node-g6.localdomain:
	STARTER at 172.30.1.106 failed to send file(s) to <172.30.1.200:9618>: |Error: reading from file /var/lib/condor/execute/dir_750413/*.png: (errno 2) No such file or directory; SHADOW failed to receive file(s) from <172.30.1.106:41809>
	Code 13 Subcode 2
...
004 (1251237.000.000) 2025-07-17 17:43:32 Job was evicted.
	(0) CPU times
		Usr 0 00:00:16, Sys 0 00:00:04  -  Run Remote Usage
		Usr 0 00:00:00, Sys 0 00:00:00  -  Run Local Usage
	4412  -  Run Bytes Sent By Job
	690309504  -  Run Bytes Received By Job
	Transfer output files failure at execution point slot1_11@node-g6.localdomain while sending files to access point tamsa2. Details: reading from file /var/lib/condor/execute/dir_750413/*.png: (errno 2) No such file or directory
	Partitionable Resources :    Usage  Request Allocated 
	   Cpus                 :        0        2         2 
	   Disk (KB)            :  2774385   750000    751616 
	   GPUs                 :                           0 
	   Memory (MB)          :     2149    16000     16000 
	   TimeExecute (s)      :       22                    
	   TimeSlotBusy (s)     :       33                    
...
012 (1251237.000.000) 2025-07-17 17:43:32 Job was held.
	Transfer output files failure at execution point slot1_11@node-g6.localdomain while sending files to access point tamsa2. Details: reading from file /var/lib/condor/execute/dir_750413/*.png: (errno 2) No such file or directory
	Code 12 Subcode 2
...
009 (1251237.000.000) 2025-07-17 17:44:17 Job was aborted.
	via condor_rm (by user achihwan)

	Job terminated by itself at 2025-07-17T08:43:32Z (using method 0: OF_ITS_OWN_ACCORD).
...
000 (1253160.000.000) 2025-07-17 17:44:37 Job submitted from host: <172.30.1.200:9618?addrs=172.30.1.200-9618&alias=tamsa2&noUDP&sock=schedd_2531_a24a>
...
040 (1253160.000.000) 2025-07-17 17:44:52 Started transferring input files
	Transferring to host: <172.30.1.203:9618?addrs=172.30.1.203-9618&alias=node-w3.localdomain&noUDP&sock=slot1_10_4993_c524_82628>
...
040 (1253160.000.000) 2025-07-17 17:44:54 Finished transferring input files
...
001 (1253160.000.000) 2025-07-17 17:44:54 Job executing on host: <172.30.1.203:9618?addrs=172.30.1.203-9618&alias=node-w3.localdomain&noUDP&sock=startd_4959_0a3d>
	SlotName: slot1_10@node-w3.localdomain
	CondorScratchDir = "/var/lib/condor/execute/dir_2428536"
	Cpus = 2
	Disk = 751616
	GPUs = 0
	Memory = 16000
...
006 (1253160.000.000) 2025-07-17 17:45:08 Image size of job updated: 1144684
	1118  -  MemoryUsage of job (MB)
	1144684  -  ResidentSetSize of job (KB)
...
006 (1253160.000.000) 2025-07-17 17:45:17 Image size of job updated: 2199788
	2149  -  MemoryUsage of job (MB)
	2199788  -  ResidentSetSize of job (KB)
...
040 (1253160.000.000) 2025-07-17 17:45:17 Started transferring output files
...
040 (1253160.000.000) 2025-07-17 17:45:17 Finished transferring output files
...
021 (1253160.000.000) 2025-07-17 17:45:17 Error from starter on slot1_10@node-w3.localdomain:
	STARTER at 172.30.1.203 failed to send file(s) to <172.30.1.200:9618>: |Error: reading from file /var/lib/condor/execute/dir_2428536/*.png: (errno 2) No such file or directory; SHADOW failed to receive file(s) from <172.30.1.203:35309>
	Code 13 Subcode 2
...
004 (1253160.000.000) 2025-07-17 17:45:17 Job was evicted.
	(0) CPU times
		Usr 0 00:00:17, Sys 0 00:00:02  -  Run Remote Usage
		Usr 0 00:00:00, Sys 0 00:00:00  -  Run Local Usage
	460  -  Run Bytes Sent By Job
	690309504  -  Run Bytes Received By Job
	Transfer output files failure at execution point slot1_10@node-w3.localdomain while sending files to access point tamsa2. Details: reading from file /var/lib/condor/execute/dir_2428536/*.png: (errno 2) No such file or directory
	Partitionable Resources :    Usage  Request Allocated 
	   Cpus                 :                 2         2 
	   Disk (KB)            :  2774375   750000    751616 
	   GPUs                 :                           0 
	   Memory (MB)          :     2149    16000     16000 
	   TimeExecute (s)      :       23                    
	   TimeSlotBusy (s)     :       30                    
...
012 (1253160.000.000) 2025-07-17 17:45:17 Job was held.
	Transfer output files failure at execution point slot1_10@node-w3.localdomain while sending files to access point tamsa2. Details: reading from file /var/lib/condor/execute/dir_2428536/*.png: (errno 2) No such file or directory
	Code 12 Subcode 2
...
009 (1253160.000.000) 2025-07-17 17:54:41 Job was aborted.
	via condor_rm (by user achihwan)

	Job terminated by itself at 2025-07-17T08:45:17Z (using method 0: OF_ITS_OWN_ACCORD).
...
000 (1253227.000.000) 2025-07-17 17:58:18 Job submitted from host: <172.30.1.200:9618?addrs=172.30.1.200-9618&alias=tamsa2&noUDP&sock=schedd_2531_a24a>
...
040 (1253227.000.000) 2025-07-17 17:58:31 Started transferring input files
	Transferring to host: <172.30.1.217:9618?addrs=172.30.1.217-9618&alias=node-w17.localdomain&noUDP&sock=slot1_8_6391_c99d_117174>
...
040 (1253227.000.000) 2025-07-17 17:58:34 Finished transferring input files
...
001 (1253227.000.000) 2025-07-17 17:58:34 Job executing on host: <172.30.1.217:9618?addrs=172.30.1.217-9618&alias=node-w17.localdomain&noUDP&sock=startd_6357_f3a4>
	SlotName: slot1_8@node-w17.localdomain
	CondorScratchDir = "/var/lib/condor/execute/dir_3979859"
	Cpus = 2
	Disk = 751616
	GPUs = 0
	Memory = 16000
...
006 (1253227.000.000) 2025-07-17 17:58:48 Image size of job updated: 1107528
	1082  -  MemoryUsage of job (MB)
	1107528  -  ResidentSetSize of job (KB)
...
006 (1253227.000.000) 2025-07-17 17:58:59 Image size of job updated: 2199792
	2149  -  MemoryUsage of job (MB)
	2199792  -  ResidentSetSize of job (KB)
...
040 (1253227.000.000) 2025-07-17 17:58:59 Started transferring output files
...
040 (1253227.000.000) 2025-07-17 17:58:59 Finished transferring output files
...
021 (1253227.000.000) 2025-07-17 17:58:59 Error from starter on slot1_8@node-w17.localdomain:
	STARTER at 172.30.1.217 failed to send file(s) to <172.30.1.200:9618>: |Error: reading from file /var/lib/condor/execute/dir_3979859/*.png: (errno 2) No such file or directory; SHADOW failed to receive file(s) from <172.30.1.217:44945>
	Code 13 Subcode 2
...
004 (1253227.000.000) 2025-07-17 17:58:59 Job was evicted.
	(0) CPU times
		Usr 0 00:00:19, Sys 0 00:00:03  -  Run Remote Usage
		Usr 0 00:00:00, Sys 0 00:00:00  -  Run Local Usage
	448  -  Run Bytes Sent By Job
	690309504  -  Run Bytes Received By Job
	Transfer output files failure at execution point slot1_8@node-w17.localdomain while sending files to access point tamsa2. Details: reading from file /var/lib/condor/execute/dir_3979859/*.png: (errno 2) No such file or directory
	Partitionable Resources :    Usage  Request Allocated 
	   Cpus                 :                 2         2 
	   Disk (KB)            :  2774375   750000    751616 
	   GPUs                 :                           0 
	   Memory (MB)          :     2149    16000     16000 
	   TimeExecute (s)      :       25                    
	   TimeSlotBusy (s)     :       31                    
...
012 (1253227.000.000) 2025-07-17 17:58:59 Job was held.
	Transfer output files failure at execution point slot1_8@node-w17.localdomain while sending files to access point tamsa2. Details: reading from file /var/lib/condor/execute/dir_3979859/*.png: (errno 2) No such file or directory
	Code 12 Subcode 2
...
009 (1253227.000.000) 2025-07-17 18:04:59 Job was aborted.
	via condor_rm (by user achihwan)

	Job terminated by itself at 2025-07-17T08:58:59Z (using method 0: OF_ITS_OWN_ACCORD).
...
000 (1253290.000.000) 2025-07-17 18:05:04 Job submitted from host: <172.30.1.200:9618?addrs=172.30.1.200-9618&alias=tamsa2&noUDP&sock=schedd_2531_a24a>
...
040 (1253290.000.000) 2025-07-17 18:05:30 Entered queue to transfer input files
	Transferring to host: <172.30.1.217:9618?addrs=172.30.1.217-9618&alias=node-w17.localdomain&noUDP&sock=slot1_19_6391_c99d_117229>
...
040 (1253290.000.000) 2025-07-17 18:05:31 Started transferring input files
	Seconds spent in queue: 1
...
040 (1253290.000.000) 2025-07-17 18:05:34 Finished transferring input files
...
001 (1253290.000.000) 2025-07-17 18:05:34 Job executing on host: <172.30.1.217:9618?addrs=172.30.1.217-9618&alias=node-w17.localdomain&noUDP&sock=startd_6357_f3a4>
	SlotName: slot1_19@node-w17.localdomain
	CondorScratchDir = "/var/lib/condor/execute/dir_3985101"
	Cpus = 2
	Disk = 751616
	GPUs = 0
	Memory = 16000
...
006 (1253290.000.000) 2025-07-17 18:05:47 Image size of job updated: 1159372
	1133  -  MemoryUsage of job (MB)
	1159372  -  ResidentSetSize of job (KB)
...
006 (1253290.000.000) 2025-07-17 18:10:47 Image size of job updated: 2753232
	2645  -  MemoryUsage of job (MB)
	2708004  -  ResidentSetSize of job (KB)
...
006 (1253290.000.000) 2025-07-17 18:13:44 Image size of job updated: 2791712
	2645  -  MemoryUsage of job (MB)
	2708004  -  ResidentSetSize of job (KB)
...
004 (1253290.000.000) 2025-07-17 18:13:45 Job was evicted.
	(0) CPU times
		Usr 0 00:06:10, Sys 0 00:00:39  -  Run Remote Usage
		Usr 0 00:00:00, Sys 0 00:00:00  -  Run Local Usage
	0  -  Run Bytes Sent By Job
	690309440  -  Run Bytes Received By Job
	Partitionable Resources :      Usage  Request Allocated 
	   Cpus                 :       0.89        2         2 
	   Disk (KB)            : 2774420      750000    751616 
	   GPUs                 :                             0 
	   Memory (MB)          :    2645       16000     16000 
	   TimeExecute (s)      :     489                       
	   TimeSlotBusy (s)     :     502                       
...
009 (1253290.000.000) 2025-07-17 18:13:45 Job was aborted.
	via condor_rm (by user achihwan)
...
000 (1253354.000.000) 2025-07-17 18:13:49 Job submitted from host: <172.30.1.200:9618?addrs=172.30.1.200-9618&alias=tamsa2&noUDP&sock=schedd_2531_a24a>
...
040 (1253354.000.000) 2025-07-17 18:15:53 Started transferring input files
	Transferring to host: <172.30.1.208:9618?addrs=172.30.1.208-9618&alias=node-w8.localdomain&noUDP&sock=slot1_14_4971_44e3_56925>
...
040 (1253354.000.000) 2025-07-17 18:15:56 Finished transferring input files
...
001 (1253354.000.000) 2025-07-17 18:15:56 Job executing on host: <172.30.1.208:9618?addrs=172.30.1.208-9618&alias=node-w8.localdomain&noUDP&sock=startd_4937_f328>
	SlotName: slot1_14@node-w8.localdomain
	CondorScratchDir = "/var/lib/condor/execute/dir_1026518"
	Cpus = 2
	Disk = 751616
	GPUs = 0
	Memory = 16000
...
006 (1253354.000.000) 2025-07-17 18:16:09 Image size of job updated: 1010636
	987  -  MemoryUsage of job (MB)
	1010636  -  ResidentSetSize of job (KB)
...
006 (1253354.000.000) 2025-07-17 18:21:09 Image size of job updated: 2746396
	2638  -  MemoryUsage of job (MB)
	2700564  -  ResidentSetSize of job (KB)
...
006 (1253354.000.000) 2025-07-17 18:23:23 Image size of job updated: 2808072
	2638  -  MemoryUsage of job (MB)
	2700564  -  ResidentSetSize of job (KB)
...
004 (1253354.000.000) 2025-07-17 18:23:23 Job was evicted.
	(0) CPU times
		Usr 0 00:06:37, Sys 0 00:00:12  -  Run Remote Usage
		Usr 0 00:00:00, Sys 0 00:00:00  -  Run Local Usage
	0  -  Run Bytes Sent By Job
	690309440  -  Run Bytes Received By Job
	Partitionable Resources :      Usage  Request Allocated 
	   Cpus                 :       0.89        2         2 
	   Disk (KB)            : 2774420      750000    751616 
	   GPUs                 :                             0 
	   Memory (MB)          :    2638       16000     16000 
	   TimeExecute (s)      :     445                       
	   TimeSlotBusy (s)     :     453                       
...
009 (1253354.000.000) 2025-07-17 18:23:23 Job was aborted.
	via condor_rm (by user achihwan)
...
000 (1253434.000.000) 2025-07-17 18:23:26 Job submitted from host: <172.30.1.200:9618?addrs=172.30.1.200-9618&alias=tamsa2&noUDP&sock=schedd_2531_a24a>
...
040 (1253434.000.000) 2025-07-17 18:23:54 Entered queue to transfer input files
	Transferring to host: <172.30.1.203:9618?addrs=172.30.1.203-9618&alias=node-w3.localdomain&noUDP&sock=slot1_12_4993_c524_82728>
...
040 (1253434.000.000) 2025-07-17 18:23:55 Started transferring input files
	Seconds spent in queue: 1
...
040 (1253434.000.000) 2025-07-17 18:23:59 Finished transferring input files
...
001 (1253434.000.000) 2025-07-17 18:23:59 Job executing on host: <172.30.1.203:9618?addrs=172.30.1.203-9618&alias=node-w3.localdomain&noUDP&sock=startd_4959_0a3d>
	SlotName: slot1_12@node-w3.localdomain
	CondorScratchDir = "/var/lib/condor/execute/dir_2446479"
	Cpus = 2
	Disk = 751616
	GPUs = 0
	Memory = 16000
...
006 (1253434.000.000) 2025-07-17 18:24:13 Image size of job updated: 897204
	877  -  MemoryUsage of job (MB)
	897204  -  ResidentSetSize of job (KB)
...
006 (1253434.000.000) 2025-07-17 18:28:52 Image size of job updated: 2669064
	2580  -  MemoryUsage of job (MB)
	2641856  -  ResidentSetSize of job (KB)
...
004 (1253434.000.000) 2025-07-17 18:28:53 Job was evicted.
	(0) CPU times
		Usr 0 00:04:29, Sys 0 00:00:10  -  Run Remote Usage
		Usr 0 00:00:00, Sys 0 00:00:00  -  Run Local Usage
	0  -  Run Bytes Sent By Job
	690309504  -  Run Bytes Received By Job
	Partitionable Resources :      Usage  Request Allocated 
	   Cpus                 :       0.98        2         2 
	   Disk (KB)            : 2774414      750000    751616 
	   GPUs                 :                             0 
	   Memory (MB)          :    2580       16000     16000 
	   TimeExecute (s)      :     293                       
	   TimeSlotBusy (s)     :     307                       
...
009 (1253434.000.000) 2025-07-17 18:28:53 Job was aborted.
	via condor_rm (by user achihwan)
...
000 (1253494.000.000) 2025-07-17 18:29:04 Job submitted from host: <172.30.1.200:9618?addrs=172.30.1.200-9618&alias=tamsa2&noUDP&sock=schedd_2531_a24a>
...
040 (1253494.000.000) 2025-07-17 18:29:27 Started transferring input files
	Transferring to host: <172.30.1.203:9618?addrs=172.30.1.203-9618&alias=node-w3.localdomain&noUDP&sock=slot1_12_4993_c524_82749>
...
040 (1253494.000.000) 2025-07-17 18:29:31 Finished transferring input files
...
001 (1253494.000.000) 2025-07-17 18:29:31 Job executing on host: <172.30.1.203:9618?addrs=172.30.1.203-9618&alias=node-w3.localdomain&noUDP&sock=startd_4959_0a3d>
	SlotName: slot1_12@node-w3.localdomain
	CondorScratchDir = "/var/lib/condor/execute/dir_2449289"
	Cpus = 2
	Disk = 751616
	GPUs = 0
	Memory = 16000
...
006 (1253494.000.000) 2025-07-17 18:29:39 Image size of job updated: 761500
	744  -  MemoryUsage of job (MB)
	761500  -  ResidentSetSize of job (KB)
...
006 (1253494.000.000) 2025-07-17 18:34:40 Image size of job updated: 2831544
	2654  -  MemoryUsage of job (MB)
	2717276  -  ResidentSetSize of job (KB)
...
006 (1253494.000.000) 2025-07-17 18:39:40 Image size of job updated: 2892476
	2783  -  MemoryUsage of job (MB)
	2849056  -  ResidentSetSize of job (KB)
...
006 (1253494.000.000) 2025-07-17 18:44:41 Image size of job updated: 3088240
	2997  -  MemoryUsage of job (MB)
	3068764  -  ResidentSetSize of job (KB)
...
006 (1253494.000.000) 2025-07-17 18:48:31 Image size of job updated: 3137416
	2997  -  MemoryUsage of job (MB)
	3068764  -  ResidentSetSize of job (KB)
...
040 (1253494.000.000) 2025-07-17 18:48:31 Started transferring output files
...
040 (1253494.000.000) 2025-07-17 18:48:31 Finished transferring output files
...
005 (1253494.000.000) 2025-07-17 18:48:31 Job terminated.
	(1) Normal termination (return value 0)
		Usr 0 00:16:10, Sys 0 00:00:51  -  Run Remote Usage
		Usr 0 00:00:00, Sys 0 00:00:00  -  Run Local Usage
		Usr 0 00:16:10, Sys 0 00:00:51  -  Total Remote Usage
		Usr 0 00:00:00, Sys 0 00:00:00  -  Total Local Usage
	150552  -  Run Bytes Sent By Job
	690310080  -  Run Bytes Received By Job
	150552  -  Total Bytes Sent By Job
	690310080  -  Total Bytes Received By Job
	Partitionable Resources :      Usage  Request Allocated 
	   Cpus                 :       0.91        2         2 
	   Disk (KB)            : 2774623      750000    751616 
	   GPUs                 :                             0 
	   Memory (MB)          :    2997       16000     16000 
	   TimeExecute (s)      :    1140                       
	   TimeSlotBusy (s)     :    1148                       

	Job terminated of its own accord at 2025-07-17T09:48:31Z with exit-code 0.
...
000 (1265768.000.000) 2025-07-21 11:55:38 Job submitted from host: <172.30.1.200:9618?addrs=172.30.1.200-9618&alias=tamsa2&noUDP&sock=schedd_2531_a24a>
...
040 (1265768.000.000) 2025-07-21 11:55:42 Started transferring input files
	Transferring to host: <172.30.1.208:9618?addrs=172.30.1.208-9618&alias=node-w8.localdomain&noUDP&sock=slot1_2_4971_44e3_61180>
...
040 (1265768.000.000) 2025-07-21 11:55:47 Finished transferring input files
...
001 (1265768.000.000) 2025-07-21 11:55:47 Job executing on host: <172.30.1.208:9618?addrs=172.30.1.208-9618&alias=node-w8.localdomain&noUDP&sock=startd_4937_f328>
	SlotName: slot1_2@node-w8.localdomain
	CondorScratchDir = "/var/lib/condor/execute/dir_1893411"
	Cpus = 2
	Disk = 751616
	GPUs = 0
	Memory = 16000
...
006 (1265768.000.000) 2025-07-21 11:56:01 Image size of job updated: 1141232
	1115  -  MemoryUsage of job (MB)
	1141232  -  ResidentSetSize of job (KB)
...
006 (1265768.000.000) 2025-07-21 11:56:43 Image size of job updated: 2429956
	2369  -  MemoryUsage of job (MB)
	2425020  -  ResidentSetSize of job (KB)
...
004 (1265768.000.000) 2025-07-21 11:56:44 Job was evicted.
	(0) CPU times
		Usr 0 00:00:47, Sys 0 00:00:04  -  Run Remote Usage
		Usr 0 00:00:00, Sys 0 00:00:00  -  Run Local Usage
	0  -  Run Bytes Sent By Job
	690314496  -  Run Bytes Received By Job
	Partitionable Resources :      Usage  Request Allocated 
	   Cpus                 :       0.95        2         2 
	   Disk (KB)            : 2774417      750000    751616 
	   GPUs                 :                             0 
	   Memory (MB)          :    2369       16000     16000 
	   TimeExecute (s)      :      56                       
	   TimeSlotBusy (s)     :      62                       
...
009 (1265768.000.000) 2025-07-21 11:56:44 Job was aborted.
	via condor_rm (by user achihwan)
...
000 (1265828.000.000) 2025-07-21 11:56:58 Job submitted from host: <172.30.1.200:9618?addrs=172.30.1.200-9618&alias=tamsa2&noUDP&sock=schedd_2531_a24a>
...
040 (1265828.000.000) 2025-07-21 11:57:07 Started transferring input files
	Transferring to host: <172.30.1.208:9618?addrs=172.30.1.208-9618&alias=node-w8.localdomain&noUDP&sock=slot1_17_4971_44e3_61213>
...
040 (1265828.000.000) 2025-07-21 11:57:13 Finished transferring input files
...
001 (1265828.000.000) 2025-07-21 11:57:13 Job executing on host: <172.30.1.208:9618?addrs=172.30.1.208-9618&alias=node-w8.localdomain&noUDP&sock=startd_4937_f328>
	SlotName: slot1_17@node-w8.localdomain
	CondorScratchDir = "/var/lib/condor/execute/dir_1896782"
	Cpus = 2
	Disk = 751616
	GPUs = 0
	Memory = 16000
...
006 (1265828.000.000) 2025-07-21 11:57:27 Image size of job updated: 1140776
	1115  -  MemoryUsage of job (MB)
	1140776  -  ResidentSetSize of job (KB)
...
006 (1265828.000.000) 2025-07-21 12:02:28 Image size of job updated: 2758384
	2694  -  MemoryUsage of job (MB)
	2758384  -  ResidentSetSize of job (KB)
...
006 (1265828.000.000) 2025-07-21 12:07:29 Image size of job updated: 2907816
	2808  -  MemoryUsage of job (MB)
	2874976  -  ResidentSetSize of job (KB)
...
006 (1265828.000.000) 2025-07-21 12:12:29 Image size of job updated: 3178936
	2865  -  MemoryUsage of job (MB)
	2933276  -  ResidentSetSize of job (KB)
...
006 (1265828.000.000) 2025-07-21 12:17:10 Image size of job updated: 3178936
	2866  -  MemoryUsage of job (MB)
	2934580  -  ResidentSetSize of job (KB)
...
040 (1265828.000.000) 2025-07-21 12:17:11 Started transferring output files
...
040 (1265828.000.000) 2025-07-21 12:17:11 Finished transferring output files
...
005 (1265828.000.000) 2025-07-21 12:17:11 Job terminated.
	(1) Normal termination (return value 0)
		Usr 0 00:16:45, Sys 0 00:01:09  -  Run Remote Usage
		Usr 0 00:00:00, Sys 0 00:00:00  -  Run Local Usage
		Usr 0 00:16:45, Sys 0 00:01:09  -  Total Remote Usage
		Usr 0 00:00:00, Sys 0 00:00:00  -  Total Local Usage
	155232  -  Run Bytes Sent By Job
	690314496  -  Run Bytes Received By Job
	155232  -  Total Bytes Sent By Job
	690314496  -  Total Bytes Received By Job
	Partitionable Resources :      Usage  Request Allocated 
	   Cpus                 :       0.94        2         2 
	   Disk (KB)            : 2774635      750000    751616 
	   GPUs                 :                             0 
	   Memory (MB)          :    2866       16000     16000 
	   TimeExecute (s)      :    1197                       
	   TimeSlotBusy (s)     :    1204                       

	Job terminated of its own accord at 2025-07-21T03:17:10Z with exit-code 0.
...
