000 (1246638.000.000) 2025-07-17 16:10:36 Job submitted from host: <172.30.1.200:9618?addrs=172.30.1.200-9618&alias=tamsa2&noUDP&sock=schedd_2531_a24a>
...
040 (1246638.000.000) 2025-07-17 16:10:40 Started transferring input files
	Transferring to host: <172.30.1.207:9618?addrs=172.30.1.207-9618&alias=node-w7.localdomain&noUDP&sock=slot1_4_4978_3384_38184>
...
001 (1246638.000.000) 2025-07-17 16:10:40 Job executing on host: <172.30.1.207:9618?addrs=172.30.1.207-9618&alias=node-w7.localdomain&noUDP&sock=startd_4944_c052>
	SlotName: slot1_4@node-w7.localdomain
	CondorScratchDir = "/var/lib/condor/execute/dir_2116853"
	Cpus = 2
	Disk = 2048
	GPUs = 0
	Memory = 16000
...
040 (1246638.000.000) 2025-07-17 16:10:40 Finished transferring input files
...
021 (1246638.000.000) 2025-07-17 16:10:45 Error from starter on slot1_4@node-w7.localdomain:
	Failed to execute '/var/lib/condor/execute/dir_2116853/run_EGamma_C.py': (errno=8: 'Exec format error')
	Code 6 Subcode 8
...
004 (1246638.000.000) 2025-07-17 16:10:45 Job was evicted.
	(0) CPU times
		Usr 0 00:00:00, Sys 0 00:00:00  -  Run Remote Usage
		Usr 0 00:00:00, Sys 0 00:00:00  -  Run Local Usage
	0  -  Run Bytes Sent By Job
	51147  -  Run Bytes Received By Job
	Error from slot1_4@node-w7.localdomain: Failed to execute '/var/lib/condor/execute/dir_2116853/run_EGamma_C.py': (errno=8: 'Exec format error')
	Partitionable Resources :    Usage  Request Allocated 
	   Cpus                 :                 2         2 
	   Disk (KB)            :       75       75      2048 
	   GPUs                 :                           0 
	   Memory (MB)          :             16000     16000 
	   TimeSlotBusy (s)     :        5                    
...
012 (1246638.000.000) 2025-07-17 16:10:45 Job was held.
	Error from slot1_4@node-w7.localdomain: Failed to execute '/var/lib/condor/execute/dir_2116853/run_EGamma_C.py': (errno=8: 'Exec format error')
	Code 6 Subcode 8
...
009 (1246638.000.000) 2025-07-17 16:11:55 Job was aborted.
	via condor_rm (by user achihwan)
...
000 (1246690.000.000) 2025-07-17 16:14:07 Job submitted from host: <172.30.1.200:9618?addrs=172.30.1.200-9618&alias=tamsa2&noUDP&sock=schedd_2531_a24a>
...
040 (1246690.000.000) 2025-07-17 16:14:23 Started transferring input files
	Transferring to host: <172.30.1.211:9618?addrs=172.30.1.211-9618&alias=node-w11.localdomain&noUDP&sock=slot1_1_4969_dc23_57548>
...
001 (1246690.000.000) 2025-07-17 16:14:23 Job executing on host: <172.30.1.211:9618?addrs=172.30.1.211-9618&alias=node-w11.localdomain&noUDP&sock=startd_4935_93f7>
	SlotName: slot1_1@node-w11.localdomain
	CondorScratchDir = "/var/lib/condor/execute/dir_341109"
	Cpus = 2
	Disk = 2048
	GPUs = 0
	Memory = 16000
...
040 (1246690.000.000) 2025-07-17 16:14:23 Finished transferring input files
...
021 (1246690.000.000) 2025-07-17 16:14:28 Error from starter on slot1_1@node-w11.localdomain:
	Failed to execute '/var/lib/condor/execute/dir_341109/run_EGamma_C.py' with arguments python *.py: (errno=8: 'Exec format error')
	Code 6 Subcode 8
...
004 (1246690.000.000) 2025-07-17 16:14:28 Job was evicted.
	(0) CPU times
		Usr 0 00:00:00, Sys 0 00:00:00  -  Run Remote Usage
		Usr 0 00:00:00, Sys 0 00:00:00  -  Run Local Usage
	0  -  Run Bytes Sent By Job
	51147  -  Run Bytes Received By Job
	Error from slot1_1@node-w11.localdomain: Failed to execute '/var/lib/condor/execute/dir_341109/run_EGamma_C.py' with arguments python *.py: (errno=8: 'Exec format error')
	Partitionable Resources :    Usage  Request Allocated 
	   Cpus                 :                 2         2 
	   Disk (KB)            :       75       75      2048 
	   GPUs                 :                           0 
	   Memory (MB)          :             16000     16000 
	   TimeSlotBusy (s)     :        5                    
...
012 (1246690.000.000) 2025-07-17 16:14:28 Job was held.
	Error from slot1_1@node-w11.localdomain: Failed to execute '/var/lib/condor/execute/dir_341109/run_EGamma_C.py' with arguments python *.py: (errno=8: 'Exec format error')
	Code 6 Subcode 8
...
009 (1246690.000.000) 2025-07-17 16:16:03 Job was aborted.
	via condor_rm (by user achihwan)
...
000 (1247390.000.000) 2025-07-17 16:30:15 Job submitted from host: <172.30.1.200:9618?addrs=172.30.1.200-9618&alias=tamsa2&noUDP&sock=schedd_2531_a24a>
...
040 (1247390.000.000) 2025-07-17 16:30:36 Started transferring input files
	Transferring to host: <172.30.1.103:9618?addrs=172.30.1.103-9618&alias=node-g3.localdomain&noUDP&sock=slot1_8_5357_3db3_14691>
...
040 (1247390.000.000) 2025-07-17 16:30:36 Finished transferring input files
...
001 (1247390.000.000) 2025-07-17 16:30:36 Job executing on host: <172.30.1.103:9618?addrs=172.30.1.103-9618&alias=node-g3.localdomain&noUDP&sock=startd_5323_b6b6>
	SlotName: slot1_8@node-g3.localdomain
	CondorScratchDir = "/var/lib/condor/execute/dir_3258199"
	Cpus = 2
	Disk = 2048
	GPUs = 0
	Memory = 16000
...
006 (1247390.000.000) 2025-07-17 16:30:41 Image size of job updated: 108
	1  -  MemoryUsage of job (MB)
	4  -  ResidentSetSize of job (KB)
...
040 (1247390.000.000) 2025-07-17 16:30:41 Started transferring output files
...
040 (1247390.000.000) 2025-07-17 16:30:41 Finished transferring output files
...
021 (1247390.000.000) 2025-07-17 16:30:42 Error from starter on slot1_8@node-g3.localdomain:
	STARTER at 172.30.1.103 failed to send file(s) to <172.30.1.200:9618>: |Error: reading from file /var/lib/condor/execute/dir_3258199/*.png: (errno 2) No such file or directory; SHADOW failed to receive file(s) from <172.30.1.103:45353>
	Code 13 Subcode 2
...
004 (1247390.000.000) 2025-07-17 16:30:42 Job was evicted.
	(0) CPU times
		Usr 0 00:00:00, Sys 0 00:00:00  -  Run Remote Usage
		Usr 0 00:00:00, Sys 0 00:00:00  -  Run Local Usage
	133  -  Run Bytes Sent By Job
	51193  -  Run Bytes Received By Job
	Transfer output files failure at execution point slot1_8@node-g3.localdomain while sending files to access point tamsa2. Details: reading from file /var/lib/condor/execute/dir_3258199/*.png: (errno 2) No such file or directory
	Partitionable Resources :    Usage  Request Allocated 
	   Cpus                 :        0        2         2 
	   Disk (KB)            :       73       75      2048 
	   GPUs                 :                           0 
	   Memory (MB)          :        1    16000     16000 
	   TimeExecute (s)      :        5                    
	   TimeSlotBusy (s)     :        6                    
...
012 (1247390.000.000) 2025-07-17 16:30:42 Job was held.
	Transfer output files failure at execution point slot1_8@node-g3.localdomain while sending files to access point tamsa2. Details: reading from file /var/lib/condor/execute/dir_3258199/*.png: (errno 2) No such file or directory
	Code 12 Subcode 2
...
009 (1247390.000.000) 2025-07-17 16:32:04 Job was aborted.
	via condor_rm (by user achihwan)

	Job terminated by itself at 2025-07-17T07:30:41Z (using method 0: OF_ITS_OWN_ACCORD).
...
000 (1247450.000.000) 2025-07-17 16:32:08 Job submitted from host: <172.30.1.200:9618?addrs=172.30.1.200-9618&alias=tamsa2&noUDP&sock=schedd_2531_a24a>
...
040 (1247450.000.000) 2025-07-17 16:32:29 Started transferring input files
	Transferring to host: <172.30.1.110:9618?addrs=172.30.1.110-9618&alias=node-g10.localdomain&noUDP&sock=slot1_2_6414_fe3e_19782>
...
040 (1247450.000.000) 2025-07-17 16:32:29 Finished transferring input files
...
001 (1247450.000.000) 2025-07-17 16:32:29 Job executing on host: <172.30.1.110:9618?addrs=172.30.1.110-9618&alias=node-g10.localdomain&noUDP&sock=startd_6380_ba51>
	SlotName: slot1_2@node-g10.localdomain
	CondorScratchDir = "/var/lib/condor/execute/dir_3257148"
	Cpus = 2
	Disk = 2048
	GPUs = 0
	Memory = 16000
...
006 (1247450.000.000) 2025-07-17 16:32:34 Image size of job updated: 108
	1  -  MemoryUsage of job (MB)
	4  -  ResidentSetSize of job (KB)
...
040 (1247450.000.000) 2025-07-17 16:32:34 Started transferring output files
...
040 (1247450.000.000) 2025-07-17 16:32:34 Finished transferring output files
...
021 (1247450.000.000) 2025-07-17 16:32:34 Error from starter on slot1_2@node-g10.localdomain:
	STARTER at 172.30.1.110 failed to send file(s) to <172.30.1.200:9618>: |Error: reading from file /var/lib/condor/execute/dir_3257148/*.png: (errno 2) No such file or directory; SHADOW failed to receive file(s) from <172.30.1.110:41875>
	Code 13 Subcode 2
...
004 (1247450.000.000) 2025-07-17 16:32:34 Job was evicted.
	(0) CPU times
		Usr 0 00:00:00, Sys 0 00:00:00  -  Run Remote Usage
		Usr 0 00:00:00, Sys 0 00:00:00  -  Run Local Usage
	111  -  Run Bytes Sent By Job
	51182  -  Run Bytes Received By Job
	Transfer output files failure at execution point slot1_2@node-g10.localdomain while sending files to access point tamsa2. Details: reading from file /var/lib/condor/execute/dir_3257148/*.png: (errno 2) No such file or directory
	Partitionable Resources :    Usage  Request Allocated 
	   Cpus                 :        0        2         2 
	   Disk (KB)            :       73       75      2048 
	   GPUs                 :                           0 
	   Memory (MB)          :        1    16000     16000 
	   TimeExecute (s)      :        5                    
	   TimeSlotBusy (s)     :        5                    
...
012 (1247450.000.000) 2025-07-17 16:32:35 Job was held.
	Transfer output files failure at execution point slot1_2@node-g10.localdomain while sending files to access point tamsa2. Details: reading from file /var/lib/condor/execute/dir_3257148/*.png: (errno 2) No such file or directory
	Code 12 Subcode 2
...
009 (1247450.000.000) 2025-07-17 16:36:30 Job was aborted.
	via condor_rm (by user achihwan)

	Job terminated by itself at 2025-07-17T07:32:34Z (using method 0: OF_ITS_OWN_ACCORD).
...
000 (1247510.000.000) 2025-07-17 16:36:35 Job submitted from host: <172.30.1.200:9618?addrs=172.30.1.200-9618&alias=tamsa2&noUDP&sock=schedd_2531_a24a>
...
040 (1247510.000.000) 2025-07-17 16:36:55 Started transferring input files
	Transferring to host: <172.30.1.205:9618?addrs=172.30.1.205-9618&alias=node-w5.localdomain&noUDP&sock=slot1_13_5098_c088_47538>
...
040 (1247510.000.000) 2025-07-17 16:36:55 Finished transferring input files
...
001 (1247510.000.000) 2025-07-17 16:36:55 Job executing on host: <172.30.1.205:9618?addrs=172.30.1.205-9618&alias=node-w5.localdomain&noUDP&sock=startd_5064_0faf>
	SlotName: slot1_13@node-w5.localdomain
	CondorScratchDir = "/var/lib/condor/execute/dir_2794132"
	Cpus = 2
	Disk = 2048
	GPUs = 0
	Memory = 16000
...
006 (1247510.000.000) 2025-07-17 16:37:00 Image size of job updated: 116
	1  -  MemoryUsage of job (MB)
	8  -  ResidentSetSize of job (KB)
...
040 (1247510.000.000) 2025-07-17 16:37:01 Started transferring output files
...
040 (1247510.000.000) 2025-07-17 16:37:01 Finished transferring output files
...
021 (1247510.000.000) 2025-07-17 16:37:01 Error from starter on slot1_13@node-w5.localdomain:
	STARTER at 172.30.1.205 failed to send file(s) to <172.30.1.200:9618>: |Error: reading from file /var/lib/condor/execute/dir_2794132/*.png: (errno 2) No such file or directory; SHADOW failed to receive file(s) from <172.30.1.205:43535>
	Code 13 Subcode 2
...
004 (1247510.000.000) 2025-07-17 16:37:01 Job was evicted.
	(0) CPU times
		Usr 0 00:00:00, Sys 0 00:00:00  -  Run Remote Usage
		Usr 0 00:00:00, Sys 0 00:00:00  -  Run Local Usage
	195  -  Run Bytes Sent By Job
	51186  -  Run Bytes Received By Job
	Transfer output files failure at execution point slot1_13@node-w5.localdomain while sending files to access point tamsa2. Details: reading from file /var/lib/condor/execute/dir_2794132/*.png: (errno 2) No such file or directory
	Partitionable Resources :    Usage  Request Allocated 
	   Cpus                 :        0        2         2 
	   Disk (KB)            :       73       75      2048 
	   GPUs                 :                           0 
	   Memory (MB)          :        1    16000     16000 
	   TimeExecute (s)      :        5                    
	   TimeSlotBusy (s)     :        6                    
...
012 (1247510.000.000) 2025-07-17 16:37:01 Job was held.
	Transfer output files failure at execution point slot1_13@node-w5.localdomain while sending files to access point tamsa2. Details: reading from file /var/lib/condor/execute/dir_2794132/*.png: (errno 2) No such file or directory
	Code 12 Subcode 2
...
009 (1247510.000.000) 2025-07-17 16:38:09 Job was aborted.
	via condor_rm (by user achihwan)

	Job terminated by itself at 2025-07-17T07:37:00Z (using method 0: OF_ITS_OWN_ACCORD).
...
000 (1247569.000.000) 2025-07-17 16:38:17 Job submitted from host: <172.30.1.200:9618?addrs=172.30.1.200-9618&alias=tamsa2&noUDP&sock=schedd_2531_a24a>
...
040 (1247569.000.000) 2025-07-17 16:39:38 Started transferring input files
	Transferring to host: <172.30.1.212:9618?addrs=172.30.1.212-9618&alias=node-w12.localdomain&noUDP&sock=slot1_21_4978_3384_91632>
...
040 (1247569.000.000) 2025-07-17 16:39:38 Finished transferring input files
...
001 (1247569.000.000) 2025-07-17 16:39:38 Job executing on host: <172.30.1.212:9618?addrs=172.30.1.212-9618&alias=node-w12.localdomain&noUDP&sock=startd_4944_c052>
	SlotName: slot1_21@node-w12.localdomain
	CondorScratchDir = "/var/lib/condor/execute/dir_1062871"
	Cpus = 2
	Disk = 2048
	GPUs = 0
	Memory = 16000
...
006 (1247569.000.000) 2025-07-17 16:39:43 Image size of job updated: 144
	1  -  MemoryUsage of job (MB)
	8  -  ResidentSetSize of job (KB)
...
040 (1247569.000.000) 2025-07-17 16:39:43 Started transferring output files
...
040 (1247569.000.000) 2025-07-17 16:39:43 Finished transferring output files
...
021 (1247569.000.000) 2025-07-17 16:39:43 Error from starter on slot1_21@node-w12.localdomain:
	STARTER at 172.30.1.212 failed to send file(s) to <172.30.1.200:9618>: |Error: reading from file /var/lib/condor/execute/dir_1062871/*.png: (errno 2) No such file or directory; SHADOW failed to receive file(s) from <172.30.1.212:41383>
	Code 13 Subcode 2
...
004 (1247569.000.000) 2025-07-17 16:39:43 Job was evicted.
	(0) CPU times
		Usr 0 00:00:00, Sys 0 00:00:00  -  Run Remote Usage
		Usr 0 00:00:00, Sys 0 00:00:00  -  Run Local Usage
	265  -  Run Bytes Sent By Job
	51190  -  Run Bytes Received By Job
	Transfer output files failure at execution point slot1_21@node-w12.localdomain while sending files to access point tamsa2. Details: reading from file /var/lib/condor/execute/dir_1062871/*.png: (errno 2) No such file or directory
	Partitionable Resources :    Usage  Request Allocated 
	   Cpus                 :        0        2         2 
	   Disk (KB)            :       73       75      2048 
	   GPUs                 :                           0 
	   Memory (MB)          :        1    16000     16000 
	   TimeExecute (s)      :        5                    
	   TimeSlotBusy (s)     :        5                    
...
012 (1247569.000.000) 2025-07-17 16:39:43 Job was held.
	Transfer output files failure at execution point slot1_21@node-w12.localdomain while sending files to access point tamsa2. Details: reading from file /var/lib/condor/execute/dir_1062871/*.png: (errno 2) No such file or directory
	Code 12 Subcode 2
...
009 (1247569.000.000) 2025-07-17 16:41:20 Job was aborted.
	via condor_rm (by user achihwan)

	Job terminated by itself at 2025-07-17T07:39:43Z (using method 0: OF_ITS_OWN_ACCORD).
...
000 (1247631.000.000) 2025-07-17 16:51:13 Job submitted from host: <172.30.1.200:9618?addrs=172.30.1.200-9618&alias=tamsa2&noUDP&sock=schedd_2531_a24a>
...
040 (1247631.000.000) 2025-07-17 16:51:38 Entered queue to transfer input files
	Transferring to host: <172.30.1.204:9618?addrs=172.30.1.204-9618&alias=node-w4.localdomain&noUDP&sock=slot1_59_4930_6182_68140>
...
040 (1247631.000.000) 2025-07-17 16:51:49 Started transferring input files
	Seconds spent in queue: 11
...
040 (1247631.000.000) 2025-07-17 16:51:53 Finished transferring input files
...
001 (1247631.000.000) 2025-07-17 16:51:53 Job executing on host: <172.30.1.204:9618?addrs=172.30.1.204-9618&alias=node-w4.localdomain&noUDP&sock=startd_4896_d3c6>
	SlotName: slot1_59@node-w4.localdomain
	CondorScratchDir = "/var/lib/condor/execute/dir_1998128"
	Cpus = 2
	Disk = 751616
	GPUs = 0
	Memory = 16000
...
006 (1247631.000.000) 2025-07-17 16:52:06 Image size of job updated: 896044
	876  -  MemoryUsage of job (MB)
	896044  -  ResidentSetSize of job (KB)
...
006 (1247631.000.000) 2025-07-17 16:52:17 Image size of job updated: 2199792
	2149  -  MemoryUsage of job (MB)
	2199792  -  ResidentSetSize of job (KB)
...
040 (1247631.000.000) 2025-07-17 16:52:17 Started transferring output files
	Seconds spent in queue: 39
...
040 (1247631.000.000) 2025-07-17 16:52:17 Finished transferring output files
...
021 (1247631.000.000) 2025-07-17 16:52:17 Error from starter on slot1_59@node-w4.localdomain:
	STARTER at 172.30.1.204 failed to send file(s) to <172.30.1.200:9618>: |Error: reading from file /var/lib/condor/execute/dir_1998128/*.png: (errno 2) No such file or directory; SHADOW failed to receive file(s) from <172.30.1.204:43781>
	Code 13 Subcode 2
...
004 (1247631.000.000) 2025-07-17 16:52:17 Job was evicted.
	(0) CPU times
		Usr 0 00:00:18, Sys 0 00:00:04  -  Run Remote Usage
		Usr 0 00:00:00, Sys 0 00:00:00  -  Run Local Usage
	597  -  Run Bytes Sent By Job
	690308096  -  Run Bytes Received By Job
	Transfer output files failure at execution point slot1_59@node-w4.localdomain while sending files to access point tamsa2. Details: reading from file /var/lib/condor/execute/dir_1998128/*.png: (errno 2) No such file or directory
	Partitionable Resources :    Usage  Request Allocated 
	   Cpus                 :        0        2         2 
	   Disk (KB)            :  2774380   750000    751616 
	   GPUs                 :                           0 
	   Memory (MB)          :     2149    16000     16000 
	   TimeExecute (s)      :       24                    
	   TimeSlotBusy (s)     :       45                    
...
012 (1247631.000.000) 2025-07-17 16:52:17 Job was held.
	Transfer output files failure at execution point slot1_59@node-w4.localdomain while sending files to access point tamsa2. Details: reading from file /var/lib/condor/execute/dir_1998128/*.png: (errno 2) No such file or directory
	Code 12 Subcode 2
...
009 (1247631.000.000) 2025-07-17 17:02:33 Job was aborted.
	via condor_rm (by user achihwan)

	Job terminated by itself at 2025-07-17T07:52:17Z (using method 0: OF_ITS_OWN_ACCORD).
...
000 (1247692.000.000) 2025-07-17 17:02:55 Job submitted from host: <172.30.1.200:9618?addrs=172.30.1.200-9618&alias=tamsa2&noUDP&sock=schedd_2531_a24a>
...
040 (1247692.000.000) 2025-07-17 17:03:14 Started transferring input files
	Transferring to host: <172.30.1.203:9618?addrs=172.30.1.203-9618&alias=node-w3.localdomain&noUDP&sock=slot1_25_4993_c524_82441>
...
040 (1247692.000.000) 2025-07-17 17:03:14 Finished transferring input files
...
040 (1247692.000.000) 2025-07-17 17:03:15 Started transferring output files
...
021 (1247692.000.000) 2025-07-17 17:03:15 Error from starter on slot1_25@node-w3.localdomain:
	Failed to transfer files: SHADOW at 172.30.1.200 failed to send file(s) to <172.30.1.203:40769>: |Error: reading from file /data6/Users/achihwan/hepenv.tar.gz: (errno 2) No such file or directory; STARTER failed to receive file(s) from <172.30.1.200:9618>
	Code 13 Subcode 2
...
004 (1247692.000.000) 2025-07-17 17:03:15 Job was evicted.
	(0) CPU times
		Usr 0 00:00:00, Sys 0 00:00:00  -  Run Remote Usage
		Usr 0 00:00:00, Sys 0 00:00:00  -  Run Local Usage
	0  -  Run Bytes Sent By Job
	51234  -  Run Bytes Received By Job
	Transfer input files failure at access point tamsa2 while sending files to execution point slot1_25@node-w3.localdomain. Details: reading from file /data6/Users/achihwan/hepenv.tar.gz: (errno 2) No such file or directory
	Partitionable Resources :    Usage  Request Allocated 
	   Cpus                 :                 2         2 
	   Disk (KB)            :       66       75      2048 
	   GPUs                 :                           0 
	   Memory (MB)          :             16000     16000 
...
012 (1247692.000.000) 2025-07-17 17:03:15 Job was held.
	Transfer input files failure at access point tamsa2 while sending files to execution point slot1_25@node-w3.localdomain. Details: reading from file /data6/Users/achihwan/hepenv.tar.gz: (errno 2) No such file or directory
	Code 13 Subcode 2
...
009 (1247692.000.000) 2025-07-17 17:05:02 Job was aborted.
	via condor_rm (by user achihwan)
...
000 (1247752.000.000) 2025-07-17 17:05:06 Job submitted from host: <172.30.1.200:9618?addrs=172.30.1.200-9618&alias=tamsa2&noUDP&sock=schedd_2531_a24a>
...
040 (1247752.000.000) 2025-07-17 17:05:25 Started transferring input files
	Transferring to host: <172.30.1.214:9618?addrs=172.30.1.214-9618&alias=node-w14.localdomain&noUDP&sock=slot1_26_5193_b02c_90737>
...
040 (1247752.000.000) 2025-07-17 17:05:26 Finished transferring input files
...
040 (1247752.000.000) 2025-07-17 17:05:27 Started transferring output files
...
021 (1247752.000.000) 2025-07-17 17:05:27 Error from starter on slot1_26@node-w14.localdomain:
	Failed to transfer files: SHADOW at 172.30.1.200 failed to send file(s) to <172.30.1.214:36575>: |Error: reading from file /data6/Users/achihwan/hepenv.tar.gz: (errno 2) No such file or directory; STARTER failed to receive file(s) from <172.30.1.200:9618>
	Code 13 Subcode 2
...
004 (1247752.000.000) 2025-07-17 17:05:27 Job was evicted.
	(0) CPU times
		Usr 0 00:00:00, Sys 0 00:00:00  -  Run Remote Usage
		Usr 0 00:00:00, Sys 0 00:00:00  -  Run Local Usage
	0  -  Run Bytes Sent By Job
	51184  -  Run Bytes Received By Job
	Transfer input files failure at access point tamsa2 while sending files to execution point slot1_26@node-w14.localdomain. Details: reading from file /data6/Users/achihwan/hepenv.tar.gz: (errno 2) No such file or directory
	Partitionable Resources :    Usage  Request Allocated 
	   Cpus                 :                 2         2 
	   Disk (KB)            :       66       75      2048 
	   GPUs                 :                           0 
	   Memory (MB)          :             16000     16000 
...
012 (1247752.000.000) 2025-07-17 17:05:27 Job was held.
	Transfer input files failure at access point tamsa2 while sending files to execution point slot1_26@node-w14.localdomain. Details: reading from file /data6/Users/achihwan/hepenv.tar.gz: (errno 2) No such file or directory
	Code 13 Subcode 2
...
009 (1247752.000.000) 2025-07-17 17:06:33 Job was aborted.
	via condor_rm (by user achihwan)
...
000 (1247811.000.000) 2025-07-17 17:06:36 Job submitted from host: <172.30.1.200:9618?addrs=172.30.1.200-9618&alias=tamsa2&noUDP&sock=schedd_2531_a24a>
...
040 (1247811.000.000) 2025-07-17 17:06:48 Started transferring input files
	Transferring to host: <172.30.1.211:9618?addrs=172.30.1.211-9618&alias=node-w11.localdomain&noUDP&sock=slot1_4_4969_dc23_57765>
...
001 (1247811.000.000) 2025-07-17 17:06:48 Job executing on host: <172.30.1.211:9618?addrs=172.30.1.211-9618&alias=node-w11.localdomain&noUDP&sock=startd_4935_93f7>
	SlotName: slot1_4@node-w11.localdomain
	CondorScratchDir = "/var/lib/condor/execute/dir_367503"
	Cpus = 2
	Disk = 2048
	GPUs = 0
	Memory = 16000
...
040 (1247811.000.000) 2025-07-17 17:06:48 Finished transferring input files
...
006 (1247811.000.000) 2025-07-17 17:06:53 Image size of job updated: 136
	1  -  MemoryUsage of job (MB)
	8  -  ResidentSetSize of job (KB)
...
040 (1247811.000.000) 2025-07-17 17:06:53 Started transferring output files
...
040 (1247811.000.000) 2025-07-17 17:06:53 Finished transferring output files
...
021 (1247811.000.000) 2025-07-17 17:06:53 Error from starter on slot1_4@node-w11.localdomain:
	STARTER at 172.30.1.211 failed to send file(s) to <172.30.1.200:9618>: |Error: reading from file /var/lib/condor/execute/dir_367503/*.png: (errno 2) No such file or directory; SHADOW failed to receive file(s) from <172.30.1.211:38391>
	Code 13 Subcode 2
...
004 (1247811.000.000) 2025-07-17 17:06:53 Job was evicted.
	(0) CPU times
		Usr 0 00:00:00, Sys 0 00:00:00  -  Run Remote Usage
		Usr 0 00:00:00, Sys 0 00:00:00  -  Run Local Usage
	264  -  Run Bytes Sent By Job
	51184  -  Run Bytes Received By Job
	Transfer output files failure at execution point slot1_4@node-w11.localdomain while sending files to access point tamsa2. Details: reading from file /var/lib/condor/execute/dir_367503/*.png: (errno 2) No such file or directory
	Partitionable Resources :    Usage  Request Allocated 
	   Cpus                 :        0        2         2 
	   Disk (KB)            :       73       75      2048 
	   GPUs                 :                           0 
	   Memory (MB)          :        1    16000     16000 
	   TimeExecute (s)      :        5                    
	   TimeSlotBusy (s)     :        5                    
...
012 (1247811.000.000) 2025-07-17 17:06:53 Job was held.
	Transfer output files failure at execution point slot1_4@node-w11.localdomain while sending files to access point tamsa2. Details: reading from file /var/lib/condor/execute/dir_367503/*.png: (errno 2) No such file or directory
	Code 12 Subcode 2
...
009 (1247811.000.000) 2025-07-17 17:08:14 Job was aborted.
	via condor_rm (by user achihwan)

	Job terminated by itself at 2025-07-17T08:06:53Z (using method 0: OF_ITS_OWN_ACCORD).
...
000 (1247870.000.000) 2025-07-17 17:08:22 Job submitted from host: <172.30.1.200:9618?addrs=172.30.1.200-9618&alias=tamsa2&noUDP&sock=schedd_2531_a24a>
...
009 (1247870.000.000) 2025-07-17 17:08:34 Job was aborted.
	via condor_rm (by user achihwan)
...
000 (1247929.000.000) 2025-07-17 17:08:51 Job submitted from host: <172.30.1.200:9618?addrs=172.30.1.200-9618&alias=tamsa2&noUDP&sock=schedd_2531_a24a>
...
040 (1247929.000.000) 2025-07-17 17:09:03 Started transferring input files
	Transferring to host: <172.30.1.210:9618?addrs=172.30.1.210-9618&alias=node-w10.localdomain&noUDP&sock=slot1_5_4947_5be2_33409>
...
001 (1247929.000.000) 2025-07-17 17:09:03 Job executing on host: <172.30.1.210:9618?addrs=172.30.1.210-9618&alias=node-w10.localdomain&noUDP&sock=startd_4913_7ce2>
	SlotName: slot1_5@node-w10.localdomain
	CondorScratchDir = "/var/lib/condor/execute/dir_3645403"
	Cpus = 2
	Disk = 2048
	GPUs = 0
	Memory = 16000
...
040 (1247929.000.000) 2025-07-17 17:09:03 Finished transferring input files
...
006 (1247929.000.000) 2025-07-17 17:09:08 Image size of job updated: 104
	1  -  MemoryUsage of job (MB)
	8  -  ResidentSetSize of job (KB)
...
040 (1247929.000.000) 2025-07-17 17:09:08 Started transferring output files
...
040 (1247929.000.000) 2025-07-17 17:09:08 Finished transferring output files
...
021 (1247929.000.000) 2025-07-17 17:09:08 Error from starter on slot1_5@node-w10.localdomain:
	STARTER at 172.30.1.210 failed to send file(s) to <172.30.1.200:9618>: |Error: reading from file /var/lib/condor/execute/dir_3645403/*.png: (errno 2) No such file or directory; SHADOW failed to receive file(s) from <172.30.1.210:38337>
	Code 13 Subcode 2
...
004 (1247929.000.000) 2025-07-17 17:09:08 Job was evicted.
	(0) CPU times
		Usr 0 00:00:00, Sys 0 00:00:00  -  Run Remote Usage
		Usr 0 00:00:00, Sys 0 00:00:00  -  Run Local Usage
	265  -  Run Bytes Sent By Job
	51184  -  Run Bytes Received By Job
	Transfer output files failure at execution point slot1_5@node-w10.localdomain while sending files to access point tamsa2. Details: reading from file /var/lib/condor/execute/dir_3645403/*.png: (errno 2) No such file or directory
	Partitionable Resources :    Usage  Request Allocated 
	   Cpus                 :        0        2         2 
	   Disk (KB)            :       73       75      2048 
	   GPUs                 :                           0 
	   Memory (MB)          :        1    16000     16000 
	   TimeExecute (s)      :        5                    
	   TimeSlotBusy (s)     :        5                    
...
012 (1247929.000.000) 2025-07-17 17:09:08 Job was held.
	Transfer output files failure at execution point slot1_5@node-w10.localdomain while sending files to access point tamsa2. Details: reading from file /var/lib/condor/execute/dir_3645403/*.png: (errno 2) No such file or directory
	Code 12 Subcode 2
...
009 (1247929.000.000) 2025-07-17 17:10:28 Job was aborted.
	via condor_rm (by user achihwan)

	Job terminated by itself at 2025-07-17T08:09:08Z (using method 0: OF_ITS_OWN_ACCORD).
...
000 (1247989.000.000) 2025-07-17 17:10:34 Job submitted from host: <172.30.1.200:9618?addrs=172.30.1.200-9618&alias=tamsa2&noUDP&sock=schedd_2531_a24a>
...
040 (1247989.000.000) 2025-07-17 17:10:44 Started transferring input files
	Transferring to host: <172.30.1.103:9618?addrs=172.30.1.103-9618&alias=node-g3.localdomain&noUDP&sock=slot1_2_5357_3db3_14724>
...
001 (1247989.000.000) 2025-07-17 17:10:44 Job executing on host: <172.30.1.103:9618?addrs=172.30.1.103-9618&alias=node-g3.localdomain&noUDP&sock=startd_5323_b6b6>
	SlotName: slot1_2@node-g3.localdomain
	CondorScratchDir = "/var/lib/condor/execute/dir_3267570"
	Cpus = 2
	Disk = 2048
	GPUs = 0
	Memory = 16000
...
040 (1247989.000.000) 2025-07-17 17:10:44 Finished transferring input files
...
006 (1247989.000.000) 2025-07-17 17:10:50 Image size of job updated: 104
	1  -  MemoryUsage of job (MB)
	8  -  ResidentSetSize of job (KB)
...
040 (1247989.000.000) 2025-07-17 17:10:50 Started transferring output files
...
040 (1247989.000.000) 2025-07-17 17:10:50 Finished transferring output files
...
021 (1247989.000.000) 2025-07-17 17:10:50 Error from starter on slot1_2@node-g3.localdomain:
	STARTER at 172.30.1.103 failed to send file(s) to <172.30.1.200:9618>: |Error: reading from file /var/lib/condor/execute/dir_3267570/*.png: (errno 2) No such file or directory; SHADOW failed to receive file(s) from <172.30.1.103:41951>
	Code 13 Subcode 2
...
004 (1247989.000.000) 2025-07-17 17:10:50 Job was evicted.
	(0) CPU times
		Usr 0 00:00:00, Sys 0 00:00:00  -  Run Remote Usage
		Usr 0 00:00:00, Sys 0 00:00:00  -  Run Local Usage
	287  -  Run Bytes Sent By Job
	51184  -  Run Bytes Received By Job
	Transfer output files failure at execution point slot1_2@node-g3.localdomain while sending files to access point tamsa2. Details: reading from file /var/lib/condor/execute/dir_3267570/*.png: (errno 2) No such file or directory
	Partitionable Resources :    Usage  Request Allocated 
	   Cpus                 :        0        2         2 
	   Disk (KB)            :       73       75      2048 
	   GPUs                 :                           0 
	   Memory (MB)          :        1    16000     16000 
	   TimeExecute (s)      :        6                    
	   TimeSlotBusy (s)     :        6                    
...
012 (1247989.000.000) 2025-07-17 17:10:50 Job was held.
	Transfer output files failure at execution point slot1_2@node-g3.localdomain while sending files to access point tamsa2. Details: reading from file /var/lib/condor/execute/dir_3267570/*.png: (errno 2) No such file or directory
	Code 12 Subcode 2
...
009 (1247989.000.000) 2025-07-17 17:11:47 Job was aborted.
	via condor_rm (by user achihwan)

	Job terminated by itself at 2025-07-17T08:10:50Z (using method 0: OF_ITS_OWN_ACCORD).
...
000 (1248049.000.000) 2025-07-17 17:12:01 Job submitted from host: <172.30.1.200:9618?addrs=172.30.1.200-9618&alias=tamsa2&noUDP&sock=schedd_2531_a24a>
...
040 (1248049.000.000) 2025-07-17 17:12:22 Started transferring input files
	Transferring to host: <172.30.1.109:9618?addrs=172.30.1.109-9618&alias=node-g9.localdomain&noUDP&sock=slot1_11_5793_7145_22615>
...
001 (1248049.000.000) 2025-07-17 17:12:22 Job executing on host: <172.30.1.109:9618?addrs=172.30.1.109-9618&alias=node-g9.localdomain&noUDP&sock=startd_5759_c601>
	SlotName: slot1_11@node-g9.localdomain
	CondorScratchDir = "/var/lib/condor/execute/dir_1090143"
	Cpus = 2
	Disk = 2048
	GPUs = 0
	Memory = 16000
...
040 (1248049.000.000) 2025-07-17 17:12:22 Finished transferring input files
...
006 (1248049.000.000) 2025-07-17 17:12:27 Image size of job updated: 112
	1  -  MemoryUsage of job (MB)
	8  -  ResidentSetSize of job (KB)
...
040 (1248049.000.000) 2025-07-17 17:12:27 Started transferring output files
...
040 (1248049.000.000) 2025-07-17 17:12:27 Finished transferring output files
...
021 (1248049.000.000) 2025-07-17 17:12:27 Error from starter on slot1_11@node-g9.localdomain:
	STARTER at 172.30.1.109 failed to send file(s) to <172.30.1.200:9618>: |Error: reading from file /var/lib/condor/execute/dir_1090143/*.png: (errno 2) No such file or directory; SHADOW failed to receive file(s) from <172.30.1.109:33865>
	Code 13 Subcode 2
...
004 (1248049.000.000) 2025-07-17 17:12:28 Job was evicted.
	(0) CPU times
		Usr 0 00:00:00, Sys 0 00:00:00  -  Run Remote Usage
		Usr 0 00:00:00, Sys 0 00:00:00  -  Run Local Usage
	273  -  Run Bytes Sent By Job
	51184  -  Run Bytes Received By Job
	Transfer output files failure at execution point slot1_11@node-g9.localdomain while sending files to access point tamsa2. Details: reading from file /var/lib/condor/execute/dir_1090143/*.png: (errno 2) No such file or directory
	Partitionable Resources :    Usage  Request Allocated 
	   Cpus                 :        0        2         2 
	   Disk (KB)            :       73       75      2048 
	   GPUs                 :                           0 
	   Memory (MB)          :        1    16000     16000 
	   TimeExecute (s)      :        5                    
	   TimeSlotBusy (s)     :        5                    
...
012 (1248049.000.000) 2025-07-17 17:12:28 Job was held.
	Transfer output files failure at execution point slot1_11@node-g9.localdomain while sending files to access point tamsa2. Details: reading from file /var/lib/condor/execute/dir_1090143/*.png: (errno 2) No such file or directory
	Code 12 Subcode 2
...
000 (1248109.000.000) 2025-07-17 17:12:49 Job submitted from host: <172.30.1.200:9618?addrs=172.30.1.200-9618&alias=tamsa2&noUDP&sock=schedd_2531_a24a>
...
009 (1248109.000.000) 2025-07-17 17:13:09 Job was aborted.
	via condor_rm (by user achihwan)
...
009 (1248049.000.000) 2025-07-17 17:13:09 Job was aborted.
	via condor_rm (by user achihwan)

	Job terminated by itself at 2025-07-17T08:12:27Z (using method 0: OF_ITS_OWN_ACCORD).
...
000 (1248168.000.000) 2025-07-17 17:13:15 Job submitted from host: <172.30.1.200:9618?addrs=172.30.1.200-9618&alias=tamsa2&noUDP&sock=schedd_2531_a24a>
...
009 (1248168.000.000) 2025-07-17 17:14:42 Job was aborted.
	via condor_rm (by user achihwan)
...
000 (1248227.000.000) 2025-07-17 17:14:48 Job submitted from host: <172.30.1.200:9618?addrs=172.30.1.200-9618&alias=tamsa2&noUDP&sock=schedd_2531_a24a>
...
040 (1248227.000.000) 2025-07-17 17:17:14 Started transferring input files
	Transferring to host: <172.30.1.220:9618?addrs=172.30.1.220-9618&alias=node-w20.localdomain&noUDP&sock=slot1_12_5233_df2e_134761>
...
040 (1248227.000.000) 2025-07-17 17:17:14 Finished transferring input files
...
001 (1248227.000.000) 2025-07-17 17:17:14 Job executing on host: <172.30.1.220:9618?addrs=172.30.1.220-9618&alias=node-w20.localdomain&noUDP&sock=startd_5199_a8f8>
	SlotName: slot1_12@node-w20.localdomain
	CondorScratchDir = "/var/lib/condor/execute/dir_3114765"
	Cpus = 2
	Disk = 2048
	GPUs = 0
	Memory = 16000
...
006 (1248227.000.000) 2025-07-17 17:17:19 Image size of job updated: 184
	1  -  MemoryUsage of job (MB)
	8  -  ResidentSetSize of job (KB)
...
040 (1248227.000.000) 2025-07-17 17:17:19 Started transferring output files
...
040 (1248227.000.000) 2025-07-17 17:17:19 Finished transferring output files
...
021 (1248227.000.000) 2025-07-17 17:17:19 Error from starter on slot1_12@node-w20.localdomain:
	STARTER at 172.30.1.220 failed to send file(s) to <172.30.1.200:9618>: |Error: reading from file /var/lib/condor/execute/dir_3114765/*.png: (errno 2) No such file or directory; SHADOW failed to receive file(s) from <172.30.1.220:40639>
	Code 13 Subcode 2
...
004 (1248227.000.000) 2025-07-17 17:17:20 Job was evicted.
	(0) CPU times
		Usr 0 00:00:00, Sys 0 00:00:00  -  Run Remote Usage
		Usr 0 00:00:00, Sys 0 00:00:00  -  Run Local Usage
	266  -  Run Bytes Sent By Job
	51181  -  Run Bytes Received By Job
	Transfer output files failure at execution point slot1_12@node-w20.localdomain while sending files to access point tamsa2. Details: reading from file /var/lib/condor/execute/dir_3114765/*.png: (errno 2) No such file or directory
	Partitionable Resources :    Usage  Request Allocated 
	   Cpus                 :        0        2         2 
	   Disk (KB)            :       73       75      2048 
	   GPUs                 :                           0 
	   Memory (MB)          :        1    16000     16000 
	   TimeExecute (s)      :        5                    
	   TimeSlotBusy (s)     :        6                    
...
012 (1248227.000.000) 2025-07-17 17:17:20 Job was held.
	Transfer output files failure at execution point slot1_12@node-w20.localdomain while sending files to access point tamsa2. Details: reading from file /var/lib/condor/execute/dir_3114765/*.png: (errno 2) No such file or directory
	Code 12 Subcode 2
...
009 (1248227.000.000) 2025-07-17 17:18:37 Job was aborted.
	via condor_rm (by user achihwan)

	Job terminated by itself at 2025-07-17T08:17:19Z (using method 0: OF_ITS_OWN_ACCORD).
...
000 (1248288.000.000) 2025-07-17 17:23:10 Job submitted from host: <172.30.1.200:9618?addrs=172.30.1.200-9618&alias=tamsa2&noUDP&sock=schedd_2531_a24a>
...
040 (1248288.000.000) 2025-07-17 17:23:30 Started transferring input files
	Transferring to host: <172.30.1.219:9618?addrs=172.30.1.219-9618&alias=node-w19.localdomain&noUDP&sock=slot1_10_5155_e9eb_110812>
...
040 (1248288.000.000) 2025-07-17 17:23:30 Finished transferring input files
...
001 (1248288.000.000) 2025-07-17 17:23:31 Job executing on host: <172.30.1.219:9618?addrs=172.30.1.219-9618&alias=node-w19.localdomain&noUDP&sock=startd_5121_2895>
	SlotName: slot1_10@node-w19.localdomain
	CondorScratchDir = "/var/lib/condor/execute/dir_1060052"
	Cpus = 2
	Disk = 2048
	GPUs = 0
	Memory = 16000
...
006 (1248288.000.000) 2025-07-17 17:23:36 Image size of job updated: 108
	1  -  MemoryUsage of job (MB)
	8  -  ResidentSetSize of job (KB)
...
040 (1248288.000.000) 2025-07-17 17:23:36 Started transferring output files
...
040 (1248288.000.000) 2025-07-17 17:23:36 Finished transferring output files
...
021 (1248288.000.000) 2025-07-17 17:23:36 Error from starter on slot1_10@node-w19.localdomain:
	STARTER at 172.30.1.219 failed to send file(s) to <172.30.1.200:9618>: |Error: reading from file /var/lib/condor/execute/dir_1060052/*.png: (errno 2) No such file or directory; SHADOW failed to receive file(s) from <172.30.1.219:39891>
	Code 13 Subcode 2
...
004 (1248288.000.000) 2025-07-17 17:23:36 Job was evicted.
	(0) CPU times
		Usr 0 00:00:00, Sys 0 00:00:00  -  Run Remote Usage
		Usr 0 00:00:00, Sys 0 00:00:00  -  Run Local Usage
	434  -  Run Bytes Sent By Job
	51259  -  Run Bytes Received By Job
	Transfer output files failure at execution point slot1_10@node-w19.localdomain while sending files to access point tamsa2. Details: reading from file /var/lib/condor/execute/dir_1060052/*.png: (errno 2) No such file or directory
	Partitionable Resources :    Usage  Request Allocated 
	   Cpus                 :                 2         2 
	   Disk (KB)            :       67       75      2048 
	   GPUs                 :                           0 
	   Memory (MB)          :        1    16000     16000 
	   TimeExecute (s)      :        5                    
	   TimeSlotBusy (s)     :        6                    
...
012 (1248288.000.000) 2025-07-17 17:23:36 Job was held.
	Transfer output files failure at execution point slot1_10@node-w19.localdomain while sending files to access point tamsa2. Details: reading from file /var/lib/condor/execute/dir_1060052/*.png: (errno 2) No such file or directory
	Code 12 Subcode 2
...
009 (1248288.000.000) 2025-07-17 17:28:06 Job was aborted.
	via condor_rm (by user achihwan)

	Job terminated by itself at 2025-07-17T08:23:36Z (using method 0: OF_ITS_OWN_ACCORD).
...
000 (1248349.000.000) 2025-07-17 17:28:10 Job submitted from host: <172.30.1.200:9618?addrs=172.30.1.200-9618&alias=tamsa2&noUDP&sock=schedd_2531_a24a>
...
040 (1248349.000.000) 2025-07-17 17:28:30 Entered queue to transfer input files
	Transferring to host: <172.30.1.221:9618?addrs=172.30.1.221-9618&alias=node-w21.localdomain&noUDP&sock=slot1_51_6000_4aed_140375>
...
040 (1248349.000.000) 2025-07-17 17:28:40 Started transferring input files
	Seconds spent in queue: 10
...
040 (1248349.000.000) 2025-07-17 17:28:43 Finished transferring input files
...
001 (1248349.000.000) 2025-07-17 17:28:43 Job executing on host: <172.30.1.221:9618?addrs=172.30.1.221-9618&alias=node-w21.localdomain&noUDP&sock=startd_5966_c21c>
	SlotName: slot1_51@node-w21.localdomain
	CondorScratchDir = "/var/lib/condor/execute/dir_2338736"
	Cpus = 2
	Disk = 751616
	GPUs = 0
	Memory = 16000
...
006 (1248349.000.000) 2025-07-17 17:28:56 Image size of job updated: 851796
	832  -  MemoryUsage of job (MB)
	851796  -  ResidentSetSize of job (KB)
...
006 (1248349.000.000) 2025-07-17 17:29:09 Image size of job updated: 2199792
	2149  -  MemoryUsage of job (MB)
	2199792  -  ResidentSetSize of job (KB)
...
040 (1248349.000.000) 2025-07-17 17:29:09 Started transferring output files
	Seconds spent in queue: 39
...
040 (1248349.000.000) 2025-07-17 17:29:09 Finished transferring output files
...
021 (1248349.000.000) 2025-07-17 17:29:09 Error from starter on slot1_51@node-w21.localdomain:
	STARTER at 172.30.1.221 failed to send file(s) to <172.30.1.200:9618>: |Error: reading from file /var/lib/condor/execute/dir_2338736/*.png: (errno 2) No such file or directory; SHADOW failed to receive file(s) from <172.30.1.221:43573>
	Code 13 Subcode 2
...
004 (1248349.000.000) 2025-07-17 17:29:09 Job was evicted.
	(0) CPU times
		Usr 0 00:00:21, Sys 0 00:00:03  -  Run Remote Usage
		Usr 0 00:00:00, Sys 0 00:00:00  -  Run Local Usage
	388  -  Run Bytes Sent By Job
	690308032  -  Run Bytes Received By Job
	Transfer output files failure at execution point slot1_51@node-w21.localdomain while sending files to access point tamsa2. Details: reading from file /var/lib/condor/execute/dir_2338736/*.png: (errno 2) No such file or directory
	Partitionable Resources :    Usage  Request Allocated 
	   Cpus                 :        0        2         2 
	   Disk (KB)            :  2774380   750000    751616 
	   GPUs                 :                           0 
	   Memory (MB)          :     2149    16000     16000 
	   TimeExecute (s)      :       26                    
	   TimeSlotBusy (s)     :       45                    
...
012 (1248349.000.000) 2025-07-17 17:29:09 Job was held.
	Transfer output files failure at execution point slot1_51@node-w21.localdomain while sending files to access point tamsa2. Details: reading from file /var/lib/condor/execute/dir_2338736/*.png: (errno 2) No such file or directory
	Code 12 Subcode 2
...
009 (1248349.000.000) 2025-07-17 17:30:19 Job was aborted.
	via condor_rm (by user achihwan)

	Job terminated by itself at 2025-07-17T08:29:09Z (using method 0: OF_ITS_OWN_ACCORD).
...
000 (1248409.000.000) 2025-07-17 17:33:23 Job submitted from host: <172.30.1.200:9618?addrs=172.30.1.200-9618&alias=tamsa2&noUDP&sock=schedd_2531_a24a>
...
040 (1248409.000.000) 2025-07-17 17:33:48 Entered queue to transfer input files
	Transferring to host: <172.30.1.220:9618?addrs=172.30.1.220-9618&alias=node-w20.localdomain&noUDP&sock=slot1_55_5233_df2e_134908>
...
040 (1248409.000.000) 2025-07-17 17:33:50 Started transferring input files
	Seconds spent in queue: 2
...
040 (1248409.000.000) 2025-07-17 17:33:53 Finished transferring input files
...
001 (1248409.000.000) 2025-07-17 17:33:53 Job executing on host: <172.30.1.220:9618?addrs=172.30.1.220-9618&alias=node-w20.localdomain&noUDP&sock=startd_5199_a8f8>
	SlotName: slot1_55@node-w20.localdomain
	CondorScratchDir = "/var/lib/condor/execute/dir_3139624"
	Cpus = 2
	Disk = 751616
	GPUs = 0
	Memory = 16000
...
006 (1248409.000.000) 2025-07-17 17:34:06 Image size of job updated: 780472
	763  -  MemoryUsage of job (MB)
	780472  -  ResidentSetSize of job (KB)
...
006 (1248409.000.000) 2025-07-17 17:34:21 Image size of job updated: 2199792
	2149  -  MemoryUsage of job (MB)
	2199792  -  ResidentSetSize of job (KB)
...
040 (1248409.000.000) 2025-07-17 17:34:21 Started transferring output files
	Seconds spent in queue: 33
...
040 (1248409.000.000) 2025-07-17 17:34:21 Finished transferring output files
...
021 (1248409.000.000) 2025-07-17 17:34:21 Error from starter on slot1_55@node-w20.localdomain:
	STARTER at 172.30.1.220 failed to send file(s) to <172.30.1.200:9618>: |Error: reading from file /var/lib/condor/execute/dir_3139624/*.png: (errno 2) No such file or directory; SHADOW failed to receive file(s) from <172.30.1.220:41123>
	Code 13 Subcode 2
...
004 (1248409.000.000) 2025-07-17 17:34:21 Job was evicted.
	(0) CPU times
		Usr 0 00:00:22, Sys 0 00:00:03  -  Run Remote Usage
		Usr 0 00:00:00, Sys 0 00:00:00  -  Run Local Usage
	388  -  Run Bytes Sent By Job
	690308032  -  Run Bytes Received By Job
	Transfer output files failure at execution point slot1_55@node-w20.localdomain while sending files to access point tamsa2. Details: reading from file /var/lib/condor/execute/dir_3139624/*.png: (errno 2) No such file or directory
	Partitionable Resources :    Usage  Request Allocated 
	   Cpus                 :        0        2         2 
	   Disk (KB)            :  2774380   750000    751616 
	   GPUs                 :                           0 
	   Memory (MB)          :     2149    16000     16000 
	   TimeExecute (s)      :       28                    
	   TimeSlotBusy (s)     :       38                    
...
012 (1248409.000.000) 2025-07-17 17:34:21 Job was held.
	Transfer output files failure at execution point slot1_55@node-w20.localdomain while sending files to access point tamsa2. Details: reading from file /var/lib/condor/execute/dir_3139624/*.png: (errno 2) No such file or directory
	Code 12 Subcode 2
...
009 (1248409.000.000) 2025-07-17 17:34:44 Job was aborted.
	via condor_rm (by user achihwan)

	Job terminated by itself at 2025-07-17T08:34:21Z (using method 0: OF_ITS_OWN_ACCORD).
...
000 (1248468.000.000) 2025-07-17 17:34:48 Job submitted from host: <172.30.1.200:9618?addrs=172.30.1.200-9618&alias=tamsa2&noUDP&sock=schedd_2531_a24a>
...
040 (1248468.000.000) 2025-07-17 17:35:11 Entered queue to transfer input files
	Transferring to host: <172.30.1.205:9618?addrs=172.30.1.205-9618&alias=node-w5.localdomain&noUDP&sock=slot1_3_5098_c088_47830>
...
040 (1248468.000.000) 2025-07-17 17:35:15 Started transferring input files
	Seconds spent in queue: 4
...
040 (1248468.000.000) 2025-07-17 17:35:18 Finished transferring input files
...
001 (1248468.000.000) 2025-07-17 17:35:18 Job executing on host: <172.30.1.205:9618?addrs=172.30.1.205-9618&alias=node-w5.localdomain&noUDP&sock=startd_5064_0faf>
	SlotName: slot1_3@node-w5.localdomain
	CondorScratchDir = "/var/lib/condor/execute/dir_2842908"
	Cpus = 2
	Disk = 751616
	GPUs = 0
	Memory = 16000
...
006 (1248468.000.000) 2025-07-17 17:35:32 Image size of job updated: 974096
	952  -  MemoryUsage of job (MB)
	974096  -  ResidentSetSize of job (KB)
...
006 (1248468.000.000) 2025-07-17 17:35:44 Image size of job updated: 2199792
	2149  -  MemoryUsage of job (MB)
	2199792  -  ResidentSetSize of job (KB)
...
040 (1248468.000.000) 2025-07-17 17:35:44 Started transferring output files
	Seconds spent in queue: 33
...
040 (1248468.000.000) 2025-07-17 17:35:44 Finished transferring output files
...
021 (1248468.000.000) 2025-07-17 17:35:44 Error from starter on slot1_3@node-w5.localdomain:
	STARTER at 172.30.1.205 failed to send file(s) to <172.30.1.200:9618>: |Error: reading from file /var/lib/condor/execute/dir_2842908/*.png: (errno 2) No such file or directory; SHADOW failed to receive file(s) from <172.30.1.205:35209>
	Code 13 Subcode 2
...
004 (1248468.000.000) 2025-07-17 17:35:44 Job was evicted.
	(0) CPU times
		Usr 0 00:00:19, Sys 0 00:00:04  -  Run Remote Usage
		Usr 0 00:00:00, Sys 0 00:00:00  -  Run Local Usage
	800  -  Run Bytes Sent By Job
	690308096  -  Run Bytes Received By Job
	Transfer output files failure at execution point slot1_3@node-w5.localdomain while sending files to access point tamsa2. Details: reading from file /var/lib/condor/execute/dir_2842908/*.png: (errno 2) No such file or directory
	Partitionable Resources :    Usage  Request Allocated 
	   Cpus                 :                 2         2 
	   Disk (KB)            :  2774374   750000    751616 
	   GPUs                 :                           0 
	   Memory (MB)          :     2149    16000     16000 
	   TimeExecute (s)      :       26                    
	   TimeSlotBusy (s)     :       39                    
...
012 (1248468.000.000) 2025-07-17 17:35:44 Job was held.
	Transfer output files failure at execution point slot1_3@node-w5.localdomain while sending files to access point tamsa2. Details: reading from file /var/lib/condor/execute/dir_2842908/*.png: (errno 2) No such file or directory
	Code 12 Subcode 2
...
009 (1248468.000.000) 2025-07-17 17:36:48 Job was aborted.
	via condor_rm (by user achihwan)

	Job terminated by itself at 2025-07-17T08:35:44Z (using method 0: OF_ITS_OWN_ACCORD).
...
000 (1250068.000.000) 2025-07-17 17:36:54 Job submitted from host: <172.30.1.200:9618?addrs=172.30.1.200-9618&alias=tamsa2&noUDP&sock=schedd_2531_a24a>
...
040 (1250068.000.000) 2025-07-17 17:39:35 Started transferring input files
	Transferring to host: <172.30.1.221:9618?addrs=172.30.1.221-9618&alias=node-w21.localdomain&noUDP&sock=slot1_4_6000_4aed_140497>
...
040 (1250068.000.000) 2025-07-17 17:39:39 Finished transferring input files
...
001 (1250068.000.000) 2025-07-17 17:39:39 Job executing on host: <172.30.1.221:9618?addrs=172.30.1.221-9618&alias=node-w21.localdomain&noUDP&sock=startd_5966_c21c>
	SlotName: slot1_4@node-w21.localdomain
	CondorScratchDir = "/var/lib/condor/execute/dir_2370212"
	Cpus = 2
	Disk = 751616
	GPUs = 0
	Memory = 16000
...
006 (1250068.000.000) 2025-07-17 17:39:52 Image size of job updated: 1054896
	1031  -  MemoryUsage of job (MB)
	1054896  -  ResidentSetSize of job (KB)
...
006 (1250068.000.000) 2025-07-17 17:40:00 Image size of job updated: 2199792
	2149  -  MemoryUsage of job (MB)
	2199792  -  ResidentSetSize of job (KB)
...
040 (1250068.000.000) 2025-07-17 17:40:00 Started transferring output files
...
040 (1250068.000.000) 2025-07-17 17:40:00 Finished transferring output files
...
021 (1250068.000.000) 2025-07-17 17:40:00 Error from starter on slot1_4@node-w21.localdomain:
	STARTER at 172.30.1.221 failed to send file(s) to <172.30.1.200:9618>: |Error: reading from file /var/lib/condor/execute/dir_2370212/*.png: (errno 2) No such file or directory; SHADOW failed to receive file(s) from <172.30.1.221:46483>
	Code 13 Subcode 2
...
004 (1250068.000.000) 2025-07-17 17:40:00 Job was evicted.
	(0) CPU times
		Usr 0 00:00:16, Sys 0 00:00:04  -  Run Remote Usage
		Usr 0 00:00:00, Sys 0 00:00:00  -  Run Local Usage
	702  -  Run Bytes Sent By Job
	690308096  -  Run Bytes Received By Job
	Transfer output files failure at execution point slot1_4@node-w21.localdomain while sending files to access point tamsa2. Details: reading from file /var/lib/condor/execute/dir_2370212/*.png: (errno 2) No such file or directory
	Partitionable Resources :    Usage  Request Allocated 
	   Cpus                 :        0        2         2 
	   Disk (KB)            :  2774380   750000    751616 
	   GPUs                 :                           0 
	   Memory (MB)          :     2149    16000     16000 
	   TimeExecute (s)      :       21                    
	   TimeSlotBusy (s)     :       25                    
...
012 (1250068.000.000) 2025-07-17 17:40:00 Job was held.
	Transfer output files failure at execution point slot1_4@node-w21.localdomain while sending files to access point tamsa2. Details: reading from file /var/lib/condor/execute/dir_2370212/*.png: (errno 2) No such file or directory
	Code 12 Subcode 2
...
000 (1251214.000.000) 2025-07-17 17:42:37 Job submitted from host: <172.30.1.200:9618?addrs=172.30.1.200-9618&alias=tamsa2&noUDP&sock=schedd_2531_a24a>
...
009 (1250068.000.000) 2025-07-17 17:42:45 Job was aborted.
	via condor_rm (by user achihwan)

	Job terminated by itself at 2025-07-17T08:40:00Z (using method 0: OF_ITS_OWN_ACCORD).
...
040 (1251214.000.000) 2025-07-17 17:43:04 Entered queue to transfer input files
	Transferring to host: <172.30.1.220:9618?addrs=172.30.1.220-9618&alias=node-w20.localdomain&noUDP&sock=slot1_21_5233_df2e_135132>
...
040 (1251214.000.000) 2025-07-17 17:43:07 Started transferring input files
	Seconds spent in queue: 3
...
040 (1251214.000.000) 2025-07-17 17:43:09 Finished transferring input files
...
001 (1251214.000.000) 2025-07-17 17:43:09 Job executing on host: <172.30.1.220:9618?addrs=172.30.1.220-9618&alias=node-w20.localdomain&noUDP&sock=startd_5199_a8f8>
	SlotName: slot1_21@node-w20.localdomain
	CondorScratchDir = "/var/lib/condor/execute/dir_3168231"
	Cpus = 2
	Disk = 751616
	GPUs = 0
	Memory = 16000
...
006 (1251214.000.000) 2025-07-17 17:43:23 Image size of job updated: 1109476
	1084  -  MemoryUsage of job (MB)
	1109476  -  ResidentSetSize of job (KB)
...
006 (1251214.000.000) 2025-07-17 17:43:32 Image size of job updated: 2199796
	2149  -  MemoryUsage of job (MB)
	2199796  -  ResidentSetSize of job (KB)
...
040 (1251214.000.000) 2025-07-17 17:43:32 Started transferring output files
	Seconds spent in queue: 28
...
040 (1251214.000.000) 2025-07-17 17:43:32 Finished transferring output files
...
021 (1251214.000.000) 2025-07-17 17:43:32 Error from starter on slot1_21@node-w20.localdomain:
	STARTER at 172.30.1.220 failed to send file(s) to <172.30.1.200:9618>: |Error: reading from file /var/lib/condor/execute/dir_3168231/*.png: (errno 2) No such file or directory; SHADOW failed to receive file(s) from <172.30.1.220:32955>
	Code 13 Subcode 2
...
004 (1251214.000.000) 2025-07-17 17:43:32 Job was evicted.
	(0) CPU times
		Usr 0 00:00:17, Sys 0 00:00:04  -  Run Remote Usage
		Usr 0 00:00:00, Sys 0 00:00:00  -  Run Local Usage
	4418  -  Run Bytes Sent By Job
	690308032  -  Run Bytes Received By Job
	Transfer output files failure at execution point slot1_21@node-w20.localdomain while sending files to access point tamsa2. Details: reading from file /var/lib/condor/execute/dir_3168231/*.png: (errno 2) No such file or directory
	Partitionable Resources :    Usage  Request Allocated 
	   Cpus                 :        0        2         2 
	   Disk (KB)            :  2774384   750000    751616 
	   GPUs                 :                           0 
	   Memory (MB)          :     2149    16000     16000 
	   TimeExecute (s)      :       23                    
	   TimeSlotBusy (s)     :       33                    
...
012 (1251214.000.000) 2025-07-17 17:43:32 Job was held.
	Transfer output files failure at execution point slot1_21@node-w20.localdomain while sending files to access point tamsa2. Details: reading from file /var/lib/condor/execute/dir_3168231/*.png: (errno 2) No such file or directory
	Code 12 Subcode 2
...
009 (1251214.000.000) 2025-07-17 17:44:17 Job was aborted.
	via condor_rm (by user achihwan)

	Job terminated by itself at 2025-07-17T08:43:32Z (using method 0: OF_ITS_OWN_ACCORD).
...
000 (1253137.000.000) 2025-07-17 17:44:34 Job submitted from host: <172.30.1.200:9618?addrs=172.30.1.200-9618&alias=tamsa2&noUDP&sock=schedd_2531_a24a>
...
040 (1253137.000.000) 2025-07-17 17:44:56 Entered queue to transfer input files
	Transferring to host: <172.30.1.221:9618?addrs=172.30.1.221-9618&alias=node-w21.localdomain&noUDP&sock=slot1_26_6000_4aed_140638>
...
040 (1253137.000.000) 2025-07-17 17:44:56 Started transferring input files
	Seconds spent in queue: 0
...
040 (1253137.000.000) 2025-07-17 17:44:57 Finished transferring input files
...
001 (1253137.000.000) 2025-07-17 17:44:57 Job executing on host: <172.30.1.221:9618?addrs=172.30.1.221-9618&alias=node-w21.localdomain&noUDP&sock=startd_5966_c21c>
	SlotName: slot1_26@node-w21.localdomain
	CondorScratchDir = "/var/lib/condor/execute/dir_2379184"
	Cpus = 2
	Disk = 751616
	GPUs = 0
	Memory = 16000
...
006 (1253137.000.000) 2025-07-17 17:45:11 Image size of job updated: 1013480
	990  -  MemoryUsage of job (MB)
	1013480  -  ResidentSetSize of job (KB)
...
006 (1253137.000.000) 2025-07-17 17:45:19 Image size of job updated: 2199788
	2149  -  MemoryUsage of job (MB)
	2199788  -  ResidentSetSize of job (KB)
...
040 (1253137.000.000) 2025-07-17 17:45:20 Started transferring output files
	Seconds spent in queue: 24
...
040 (1253137.000.000) 2025-07-17 17:45:20 Finished transferring output files
...
021 (1253137.000.000) 2025-07-17 17:45:20 Error from starter on slot1_26@node-w21.localdomain:
	STARTER at 172.30.1.221 failed to send file(s) to <172.30.1.200:9618>: |Error: reading from file /var/lib/condor/execute/dir_2379184/*.png: (errno 2) No such file or directory; SHADOW failed to receive file(s) from <172.30.1.221:40169>
	Code 13 Subcode 2
...
004 (1253137.000.000) 2025-07-17 17:45:20 Job was evicted.
	(0) CPU times
		Usr 0 00:00:16, Sys 0 00:00:04  -  Run Remote Usage
		Usr 0 00:00:00, Sys 0 00:00:00  -  Run Local Usage
	464  -  Run Bytes Sent By Job
	690308032  -  Run Bytes Received By Job
	Transfer output files failure at execution point slot1_26@node-w21.localdomain while sending files to access point tamsa2. Details: reading from file /var/lib/condor/execute/dir_2379184/*.png: (errno 2) No such file or directory
	Partitionable Resources :    Usage  Request Allocated 
	   Cpus                 :                 2         2 
	   Disk (KB)            :  2774373   750000    751616 
	   GPUs                 :                           0 
	   Memory (MB)          :     2149    16000     16000 
	   TimeExecute (s)      :       22                    
	   TimeSlotBusy (s)     :       31                    
...
012 (1253137.000.000) 2025-07-17 17:45:20 Job was held.
	Transfer output files failure at execution point slot1_26@node-w21.localdomain while sending files to access point tamsa2. Details: reading from file /var/lib/condor/execute/dir_2379184/*.png: (errno 2) No such file or directory
	Code 12 Subcode 2
...
009 (1253137.000.000) 2025-07-17 17:54:41 Job was aborted.
	via condor_rm (by user achihwan)

	Job terminated by itself at 2025-07-17T08:45:19Z (using method 0: OF_ITS_OWN_ACCORD).
...
000 (1253204.000.000) 2025-07-17 17:58:16 Job submitted from host: <172.30.1.200:9618?addrs=172.30.1.200-9618&alias=tamsa2&noUDP&sock=schedd_2531_a24a>
...
040 (1253204.000.000) 2025-07-17 17:58:34 Entered queue to transfer input files
	Transferring to host: <172.30.1.214:9618?addrs=172.30.1.214-9618&alias=node-w14.localdomain&noUDP&sock=slot1_4_5193_b02c_91184>
...
040 (1253204.000.000) 2025-07-17 17:58:36 Started transferring input files
	Seconds spent in queue: 2
...
040 (1253204.000.000) 2025-07-17 17:58:40 Finished transferring input files
...
001 (1253204.000.000) 2025-07-17 17:58:40 Job executing on host: <172.30.1.214:9618?addrs=172.30.1.214-9618&alias=node-w14.localdomain&noUDP&sock=startd_5159_392e>
	SlotName: slot1_4@node-w14.localdomain
	CondorScratchDir = "/var/lib/condor/execute/dir_791410"
	Cpus = 2
	Disk = 751616
	GPUs = 0
	Memory = 16000
...
006 (1253204.000.000) 2025-07-17 17:58:54 Image size of job updated: 1053388
	1029  -  MemoryUsage of job (MB)
	1053388  -  ResidentSetSize of job (KB)
...
006 (1253204.000.000) 2025-07-17 17:59:06 Image size of job updated: 2199792
	2149  -  MemoryUsage of job (MB)
	2199792  -  ResidentSetSize of job (KB)
...
040 (1253204.000.000) 2025-07-17 17:59:07 Started transferring output files
	Seconds spent in queue: 33
...
040 (1253204.000.000) 2025-07-17 17:59:07 Finished transferring output files
...
021 (1253204.000.000) 2025-07-17 17:59:07 Error from starter on slot1_4@node-w14.localdomain:
	STARTER at 172.30.1.214 failed to send file(s) to <172.30.1.200:9618>: |Error: reading from file /var/lib/condor/execute/dir_791410/*.png: (errno 2) No such file or directory; SHADOW failed to receive file(s) from <172.30.1.214:33427>
	Code 13 Subcode 2
...
004 (1253204.000.000) 2025-07-17 17:59:07 Job was evicted.
	(0) CPU times
		Usr 0 00:00:20, Sys 0 00:00:05  -  Run Remote Usage
		Usr 0 00:00:00, Sys 0 00:00:00  -  Run Local Usage
	452  -  Run Bytes Sent By Job
	690308096  -  Run Bytes Received By Job
	Transfer output files failure at execution point slot1_4@node-w14.localdomain while sending files to access point tamsa2. Details: reading from file /var/lib/condor/execute/dir_791410/*.png: (errno 2) No such file or directory
	Partitionable Resources :    Usage  Request Allocated 
	   Cpus                 :                 2         2 
	   Disk (KB)            :  2774373   750000    751616 
	   GPUs                 :                           0 
	   Memory (MB)          :     2149    16000     16000 
	   TimeExecute (s)      :       26                    
	   TimeSlotBusy (s)     :       39                    
...
012 (1253204.000.000) 2025-07-17 17:59:07 Job was held.
	Transfer output files failure at execution point slot1_4@node-w14.localdomain while sending files to access point tamsa2. Details: reading from file /var/lib/condor/execute/dir_791410/*.png: (errno 2) No such file or directory
	Code 12 Subcode 2
...
009 (1253204.000.000) 2025-07-17 18:04:59 Job was aborted.
	via condor_rm (by user achihwan)

	Job terminated by itself at 2025-07-17T08:59:06Z (using method 0: OF_ITS_OWN_ACCORD).
...
000 (1253266.000.000) 2025-07-17 18:05:02 Job submitted from host: <172.30.1.200:9618?addrs=172.30.1.200-9618&alias=tamsa2&noUDP&sock=schedd_2531_a24a>
...
040 (1253266.000.000) 2025-07-17 18:05:22 Started transferring input files
	Transferring to host: <172.30.1.214:9618?addrs=172.30.1.214-9618&alias=node-w14.localdomain&noUDP&sock=slot1_8_5193_b02c_91275>
...
040 (1253266.000.000) 2025-07-17 18:05:25 Finished transferring input files
...
001 (1253266.000.000) 2025-07-17 18:05:25 Job executing on host: <172.30.1.214:9618?addrs=172.30.1.214-9618&alias=node-w14.localdomain&noUDP&sock=startd_5159_392e>
	SlotName: slot1_8@node-w14.localdomain
	CondorScratchDir = "/var/lib/condor/execute/dir_799294"
	Cpus = 2
	Disk = 751616
	GPUs = 0
	Memory = 16000
...
006 (1253266.000.000) 2025-07-17 18:05:40 Image size of job updated: 1169328
	1142  -  MemoryUsage of job (MB)
	1169328  -  ResidentSetSize of job (KB)
...
006 (1253266.000.000) 2025-07-17 18:05:50 Image size of job updated: 2199820
	2149  -  MemoryUsage of job (MB)
	2199820  -  ResidentSetSize of job (KB)
...
040 (1253266.000.000) 2025-07-17 18:05:50 Started transferring output files
...
040 (1253266.000.000) 2025-07-17 18:05:50 Finished transferring output files
...
021 (1253266.000.000) 2025-07-17 18:05:50 Error from starter on slot1_8@node-w14.localdomain:
	STARTER at 172.30.1.214 failed to send file(s) to <172.30.1.200:9618>: |Error: reading from file /var/lib/condor/execute/dir_799294/*.png: (errno 2) No such file or directory; SHADOW failed to receive file(s) from <172.30.1.214:39905>
	Code 13 Subcode 2
...
004 (1253266.000.000) 2025-07-17 18:05:50 Job was evicted.
	(0) CPU times
		Usr 0 00:00:18, Sys 0 00:00:04  -  Run Remote Usage
		Usr 0 00:00:00, Sys 0 00:00:00  -  Run Local Usage
	30505  -  Run Bytes Sent By Job
	690307968  -  Run Bytes Received By Job
	Transfer output files failure at execution point slot1_8@node-w14.localdomain while sending files to access point tamsa2. Details: reading from file /var/lib/condor/execute/dir_799294/*.png: (errno 2) No such file or directory
	Partitionable Resources :      Usage  Request Allocated 
	   Cpus                 :       0.05        2         2 
	   Disk (KB)            : 2774409      750000    751616 
	   GPUs                 :                             0 
	   Memory (MB)          :    2149       16000     16000 
	   TimeExecute (s)      :      25                       
	   TimeSlotBusy (s)     :      28                       
...
012 (1253266.000.000) 2025-07-17 18:05:50 Job was held.
	Transfer output files failure at execution point slot1_8@node-w14.localdomain while sending files to access point tamsa2. Details: reading from file /var/lib/condor/execute/dir_799294/*.png: (errno 2) No such file or directory
	Code 12 Subcode 2
...
009 (1253266.000.000) 2025-07-17 18:13:43 Job was aborted.
	via condor_rm (by user achihwan)

	Job terminated by itself at 2025-07-17T09:05:50Z (using method 0: OF_ITS_OWN_ACCORD).
...
000 (1253331.000.000) 2025-07-17 18:13:47 Job submitted from host: <172.30.1.200:9618?addrs=172.30.1.200-9618&alias=tamsa2&noUDP&sock=schedd_2531_a24a>
...
040 (1253331.000.000) 2025-07-17 18:15:49 Started transferring input files
	Transferring to host: <172.30.1.216:9618?addrs=172.30.1.216-9618&alias=node-w16.localdomain&noUDP&sock=slot1_12_5179_d2ec_90203>
...
040 (1253331.000.000) 2025-07-17 18:15:53 Finished transferring input files
...
001 (1253331.000.000) 2025-07-17 18:15:53 Job executing on host: <172.30.1.216:9618?addrs=172.30.1.216-9618&alias=node-w16.localdomain&noUDP&sock=startd_5145_9edb>
	SlotName: slot1_12@node-w16.localdomain
	CondorScratchDir = "/var/lib/condor/execute/dir_2637118"
	Cpus = 2
	Disk = 751616
	GPUs = 0
	Memory = 16000
...
006 (1253331.000.000) 2025-07-17 18:16:08 Image size of job updated: 837152
	818  -  MemoryUsage of job (MB)
	837152  -  ResidentSetSize of job (KB)
...
006 (1253331.000.000) 2025-07-17 18:16:26 Image size of job updated: 2234700
	2149  -  MemoryUsage of job (MB)
	2199820  -  ResidentSetSize of job (KB)
...
040 (1253331.000.000) 2025-07-17 18:16:27 Started transferring output files
...
040 (1253331.000.000) 2025-07-17 18:16:27 Finished transferring output files
...
021 (1253331.000.000) 2025-07-17 18:16:27 Error from starter on slot1_12@node-w16.localdomain:
	STARTER at 172.30.1.216 failed to send file(s) to <172.30.1.200:9618>: |Error: reading from file /var/lib/condor/execute/dir_2637118/*.png: (errno 2) No such file or directory; SHADOW failed to receive file(s) from <172.30.1.216:43341>
	Code 13 Subcode 2
...
004 (1253331.000.000) 2025-07-17 18:16:27 Job was evicted.
	(0) CPU times
		Usr 0 00:00:27, Sys 0 00:00:04  -  Run Remote Usage
		Usr 0 00:00:00, Sys 0 00:00:00  -  Run Local Usage
	30819  -  Run Bytes Sent By Job
	690307968  -  Run Bytes Received By Job
	Transfer output files failure at execution point slot1_12@node-w16.localdomain while sending files to access point tamsa2. Details: reading from file /var/lib/condor/execute/dir_2637118/*.png: (errno 2) No such file or directory
	Partitionable Resources :      Usage  Request Allocated 
	   Cpus                 :       1.12        2         2 
	   Disk (KB)            : 2774410      750000    751616 
	   GPUs                 :                             0 
	   Memory (MB)          :    2149       16000     16000 
	   TimeExecute (s)      :      33                       
	   TimeSlotBusy (s)     :      38                       
...
012 (1253331.000.000) 2025-07-17 18:16:27 Job was held.
	Transfer output files failure at execution point slot1_12@node-w16.localdomain while sending files to access point tamsa2. Details: reading from file /var/lib/condor/execute/dir_2637118/*.png: (errno 2) No such file or directory
	Code 12 Subcode 2
...
009 (1253331.000.000) 2025-07-17 18:23:21 Job was aborted.
	via condor_rm (by user achihwan)

	Job terminated by itself at 2025-07-17T09:16:26Z (using method 0: OF_ITS_OWN_ACCORD).
...
000 (1253411.000.000) 2025-07-17 18:23:25 Job submitted from host: <172.30.1.200:9618?addrs=172.30.1.200-9618&alias=tamsa2&noUDP&sock=schedd_2531_a24a>
...
040 (1253411.000.000) 2025-07-17 18:23:45 Started transferring input files
	Transferring to host: <172.30.1.201:9618?addrs=172.30.1.201-9618&alias=node-w1.localdomain&noUDP&sock=slot1_46_5447_a777_104782>
...
040 (1253411.000.000) 2025-07-17 18:23:50 Finished transferring input files
...
001 (1253411.000.000) 2025-07-17 18:23:50 Job executing on host: <172.30.1.201:9618?addrs=172.30.1.201-9618&alias=node-w1.localdomain&noUDP&sock=startd_5412_c2a4>
	SlotName: slot1_46@node-w1.localdomain
	CondorScratchDir = "/var/lib/condor/execute/dir_1777920"
	Cpus = 2
	Disk = 751617
	GPUs = 0
	Memory = 16000
...
006 (1253411.000.000) 2025-07-17 18:24:03 Image size of job updated: 693248
	677  -  MemoryUsage of job (MB)
	693248  -  ResidentSetSize of job (KB)
...
006 (1253411.000.000) 2025-07-17 18:24:25 Image size of job updated: 2272904
	2149  -  MemoryUsage of job (MB)
	2199820  -  ResidentSetSize of job (KB)
...
040 (1253411.000.000) 2025-07-17 18:24:25 Started transferring output files
...
040 (1253411.000.000) 2025-07-17 18:24:25 Finished transferring output files
...
005 (1253411.000.000) 2025-07-17 18:24:26 Job terminated.
	(1) Normal termination (return value 0)
		Usr 0 00:00:26, Sys 0 00:00:04  -  Run Remote Usage
		Usr 0 00:00:00, Sys 0 00:00:00  -  Run Local Usage
		Usr 0 00:00:26, Sys 0 00:00:04  -  Total Remote Usage
		Usr 0 00:00:00, Sys 0 00:00:00  -  Total Local Usage
	30562  -  Run Bytes Sent By Job
	690308096  -  Run Bytes Received By Job
	30562  -  Total Bytes Sent By Job
	690308096  -  Total Bytes Received By Job
	Partitionable Resources :    Usage  Request Allocated 
	   Cpus                 :        0        2         2 
	   Disk (KB)            :  2774409   750000    751617 
	   GPUs                 :                           0 
	   Memory (MB)          :     2149    16000     16000 
	   TimeExecute (s)      :       35                    
	   TimeSlotBusy (s)     :       41                    

	Job terminated of its own accord at 2025-07-17T09:24:25Z with exit-code 0.
...
000 (1253471.000.000) 2025-07-17 18:29:02 Job submitted from host: <172.30.1.200:9618?addrs=172.30.1.200-9618&alias=tamsa2&noUDP&sock=schedd_2531_a24a>
...
040 (1253471.000.000) 2025-07-17 18:29:22 Started transferring input files
	Transferring to host: <172.30.1.201:9618?addrs=172.30.1.201-9618&alias=node-w1.localdomain&noUDP&sock=slot1_4_5447_a777_104792>
...
040 (1253471.000.000) 2025-07-17 18:29:26 Finished transferring input files
...
001 (1253471.000.000) 2025-07-17 18:29:26 Job executing on host: <172.30.1.201:9618?addrs=172.30.1.201-9618&alias=node-w1.localdomain&noUDP&sock=startd_5412_c2a4>
	SlotName: slot1_4@node-w1.localdomain
	CondorScratchDir = "/var/lib/condor/execute/dir_1779539"
	Cpus = 2
	Disk = 751617
	GPUs = 0
	Memory = 16000
...
006 (1253471.000.000) 2025-07-17 18:29:40 Image size of job updated: 716316
	700  -  MemoryUsage of job (MB)
	716316  -  ResidentSetSize of job (KB)
...
006 (1253471.000.000) 2025-07-17 18:30:01 Image size of job updated: 2216800
	2149  -  MemoryUsage of job (MB)
	2199820  -  ResidentSetSize of job (KB)
...
040 (1253471.000.000) 2025-07-17 18:30:01 Started transferring output files
...
040 (1253471.000.000) 2025-07-17 18:30:01 Finished transferring output files
...
005 (1253471.000.000) 2025-07-17 18:30:01 Job terminated.
	(1) Normal termination (return value 0)
		Usr 0 00:00:26, Sys 0 00:00:04  -  Run Remote Usage
		Usr 0 00:00:00, Sys 0 00:00:00  -  Run Local Usage
		Usr 0 00:00:26, Sys 0 00:00:04  -  Total Remote Usage
		Usr 0 00:00:00, Sys 0 00:00:00  -  Total Local Usage
	30562  -  Run Bytes Sent By Job
	690308608  -  Run Bytes Received By Job
	30562  -  Total Bytes Sent By Job
	690308608  -  Total Bytes Received By Job
	Partitionable Resources :    Usage  Request Allocated 
	   Cpus                 :        0        2         2 
	   Disk (KB)            :  2774410   750000    751617 
	   GPUs                 :                           0 
	   Memory (MB)          :     2149    16000     16000 
	   TimeExecute (s)      :       35                    
	   TimeSlotBusy (s)     :       39                    

	Job terminated of its own accord at 2025-07-17T09:30:01Z with exit-code 0.
...
