000 (1246648.000.000) 2025-07-17 16:10:37 Job submitted from host: <172.30.1.200:9618?addrs=172.30.1.200-9618&alias=tamsa2&noUDP&sock=schedd_2531_a24a>
...
040 (1246648.000.000) 2025-07-17 16:10:41 Started transferring input files
	Transferring to host: <172.30.1.207:9618?addrs=172.30.1.207-9618&alias=node-w7.localdomain&noUDP&sock=slot1_14_4978_3384_38194>
...
001 (1246648.000.000) 2025-07-17 16:10:41 Job executing on host: <172.30.1.207:9618?addrs=172.30.1.207-9618&alias=node-w7.localdomain&noUDP&sock=startd_4944_c052>
	SlotName: slot1_14@node-w7.localdomain
	CondorScratchDir = "/var/lib/condor/execute/dir_2116876"
	Cpus = 2
	Disk = 2048
	GPUs = 0
	Memory = 16000
...
040 (1246648.000.000) 2025-07-17 16:10:41 Finished transferring input files
...
021 (1246648.000.000) 2025-07-17 16:10:41 Error from starter on slot1_14@node-w7.localdomain:
	Failed to execute '/var/lib/condor/execute/dir_2116876/run_JetMET_B.py': (errno=8: 'Exec format error')
	Code 6 Subcode 8
...
004 (1246648.000.000) 2025-07-17 16:10:41 Job was evicted.
	(0) CPU times
		Usr 0 00:00:00, Sys 0 00:00:00  -  Run Remote Usage
		Usr 0 00:00:00, Sys 0 00:00:00  -  Run Local Usage
	0  -  Run Bytes Sent By Job
	19619  -  Run Bytes Received By Job
	Error from slot1_14@node-w7.localdomain: Failed to execute '/var/lib/condor/execute/dir_2116876/run_JetMET_B.py': (errno=8: 'Exec format error')
	Partitionable Resources :    Usage  Request Allocated 
	   Cpus                 :                 2         2 
	   Disk (KB)            :       22       22      2048 
	   GPUs                 :                           0 
	   Memory (MB)          :             16000     16000 
	   TimeSlotBusy (s)     :        0                    
...
012 (1246648.000.000) 2025-07-17 16:10:41 Job was held.
	Error from slot1_14@node-w7.localdomain: Failed to execute '/var/lib/condor/execute/dir_2116876/run_JetMET_B.py': (errno=8: 'Exec format error')
	Code 6 Subcode 8
...
009 (1246648.000.000) 2025-07-17 16:11:55 Job was aborted.
	via condor_rm (by user achihwan)
...
000 (1246702.000.000) 2025-07-17 16:14:08 Job submitted from host: <172.30.1.200:9618?addrs=172.30.1.200-9618&alias=tamsa2&noUDP&sock=schedd_2531_a24a>
...
040 (1246702.000.000) 2025-07-17 16:14:23 Started transferring input files
	Transferring to host: <172.30.1.211:9618?addrs=172.30.1.211-9618&alias=node-w11.localdomain&noUDP&sock=slot1_16_4969_dc23_57560>
...
001 (1246702.000.000) 2025-07-17 16:14:23 Job executing on host: <172.30.1.211:9618?addrs=172.30.1.211-9618&alias=node-w11.localdomain&noUDP&sock=startd_4935_93f7>
	SlotName: slot1_16@node-w11.localdomain
	CondorScratchDir = "/var/lib/condor/execute/dir_341133"
	Cpus = 2
	Disk = 2048
	GPUs = 0
	Memory = 16000
...
040 (1246702.000.000) 2025-07-17 16:14:23 Finished transferring input files
...
021 (1246702.000.000) 2025-07-17 16:14:28 Error from starter on slot1_16@node-w11.localdomain:
	Failed to execute '/var/lib/condor/execute/dir_341133/run_JetMET_B.py' with arguments python *.py: (errno=8: 'Exec format error')
	Code 6 Subcode 8
...
004 (1246702.000.000) 2025-07-17 16:14:28 Job was evicted.
	(0) CPU times
		Usr 0 00:00:00, Sys 0 00:00:00  -  Run Remote Usage
		Usr 0 00:00:00, Sys 0 00:00:00  -  Run Local Usage
	0  -  Run Bytes Sent By Job
	19619  -  Run Bytes Received By Job
	Error from slot1_16@node-w11.localdomain: Failed to execute '/var/lib/condor/execute/dir_341133/run_JetMET_B.py' with arguments python *.py: (errno=8: 'Exec format error')
	Partitionable Resources :    Usage  Request Allocated 
	   Cpus                 :                 2         2 
	   Disk (KB)            :       22       22      2048 
	   GPUs                 :                           0 
	   Memory (MB)          :             16000     16000 
	   TimeSlotBusy (s)     :        5                    
...
012 (1246702.000.000) 2025-07-17 16:14:28 Job was held.
	Error from slot1_16@node-w11.localdomain: Failed to execute '/var/lib/condor/execute/dir_341133/run_JetMET_B.py' with arguments python *.py: (errno=8: 'Exec format error')
	Code 6 Subcode 8
...
009 (1246702.000.000) 2025-07-17 16:16:03 Job was aborted.
	via condor_rm (by user achihwan)
...
000 (1247402.000.000) 2025-07-17 16:30:16 Job submitted from host: <172.30.1.200:9618?addrs=172.30.1.200-9618&alias=tamsa2&noUDP&sock=schedd_2531_a24a>
...
040 (1247402.000.000) 2025-07-17 16:30:36 Started transferring input files
	Transferring to host: <172.30.1.105:9618?addrs=172.30.1.105-9618&alias=node-g5.localdomain&noUDP&sock=slot1_9_5280_fcd0_13878>
...
001 (1247402.000.000) 2025-07-17 16:30:36 Job executing on host: <172.30.1.105:9618?addrs=172.30.1.105-9618&alias=node-g5.localdomain&noUDP&sock=startd_5246_e5ec>
	SlotName: slot1_9@node-g5.localdomain
	CondorScratchDir = "/var/lib/condor/execute/dir_2567286"
	Cpus = 2
	Disk = 2048
	GPUs = 0
	Memory = 16000
...
040 (1247402.000.000) 2025-07-17 16:30:36 Finished transferring input files
...
006 (1247402.000.000) 2025-07-17 16:30:41 Image size of job updated: 96
	1  -  MemoryUsage of job (MB)
	4  -  ResidentSetSize of job (KB)
...
040 (1247402.000.000) 2025-07-17 16:30:42 Started transferring output files
...
040 (1247402.000.000) 2025-07-17 16:30:42 Finished transferring output files
...
021 (1247402.000.000) 2025-07-17 16:30:42 Error from starter on slot1_9@node-g5.localdomain:
	STARTER at 172.30.1.105 failed to send file(s) to <172.30.1.200:9618>: |Error: reading from file /var/lib/condor/execute/dir_2567286/*.png: (errno 2) No such file or directory; SHADOW failed to receive file(s) from <172.30.1.105:34689>
	Code 13 Subcode 2
...
004 (1247402.000.000) 2025-07-17 16:30:42 Job was evicted.
	(0) CPU times
		Usr 0 00:00:00, Sys 0 00:00:00  -  Run Remote Usage
		Usr 0 00:00:00, Sys 0 00:00:00  -  Run Local Usage
	133  -  Run Bytes Sent By Job
	19665  -  Run Bytes Received By Job
	Transfer output files failure at execution point slot1_9@node-g5.localdomain while sending files to access point tamsa2. Details: reading from file /var/lib/condor/execute/dir_2567286/*.png: (errno 2) No such file or directory
	Partitionable Resources :    Usage  Request Allocated 
	   Cpus                 :        0        2         2 
	   Disk (KB)            :       42       22      2048 
	   GPUs                 :                           0 
	   Memory (MB)          :        1    16000     16000 
	   TimeExecute (s)      :        5                    
	   TimeSlotBusy (s)     :        6                    
...
012 (1247402.000.000) 2025-07-17 16:30:42 Job was held.
	Transfer output files failure at execution point slot1_9@node-g5.localdomain while sending files to access point tamsa2. Details: reading from file /var/lib/condor/execute/dir_2567286/*.png: (errno 2) No such file or directory
	Code 12 Subcode 2
...
009 (1247402.000.000) 2025-07-17 16:32:04 Job was aborted.
	via condor_rm (by user achihwan)

	Job terminated by itself at 2025-07-17T07:30:41Z (using method 0: OF_ITS_OWN_ACCORD).
...
000 (1247462.000.000) 2025-07-17 16:32:09 Job submitted from host: <172.30.1.200:9618?addrs=172.30.1.200-9618&alias=tamsa2&noUDP&sock=schedd_2531_a24a>
...
040 (1247462.000.000) 2025-07-17 16:32:30 Started transferring input files
	Transferring to host: <172.30.1.110:9618?addrs=172.30.1.110-9618&alias=node-g10.localdomain&noUDP&sock=slot1_14_6414_fe3e_19794>
...
001 (1247462.000.000) 2025-07-17 16:32:30 Job executing on host: <172.30.1.110:9618?addrs=172.30.1.110-9618&alias=node-g10.localdomain&noUDP&sock=startd_6380_ba51>
	SlotName: slot1_14@node-g10.localdomain
	CondorScratchDir = "/var/lib/condor/execute/dir_3257172"
	Cpus = 2
	Disk = 2048
	GPUs = 0
	Memory = 16000
...
040 (1247462.000.000) 2025-07-17 16:32:30 Finished transferring input files
...
006 (1247462.000.000) 2025-07-17 16:32:35 Image size of job updated: 104
	1  -  MemoryUsage of job (MB)
	4  -  ResidentSetSize of job (KB)
...
040 (1247462.000.000) 2025-07-17 16:32:35 Started transferring output files
...
040 (1247462.000.000) 2025-07-17 16:32:35 Finished transferring output files
...
021 (1247462.000.000) 2025-07-17 16:32:35 Error from starter on slot1_14@node-g10.localdomain:
	STARTER at 172.30.1.110 failed to send file(s) to <172.30.1.200:9618>: |Error: reading from file /var/lib/condor/execute/dir_3257172/*.png: (errno 2) No such file or directory; SHADOW failed to receive file(s) from <172.30.1.110:42003>
	Code 13 Subcode 2
...
004 (1247462.000.000) 2025-07-17 16:32:35 Job was evicted.
	(0) CPU times
		Usr 0 00:00:00, Sys 0 00:00:00  -  Run Remote Usage
		Usr 0 00:00:00, Sys 0 00:00:00  -  Run Local Usage
	111  -  Run Bytes Sent By Job
	19654  -  Run Bytes Received By Job
	Transfer output files failure at execution point slot1_14@node-g10.localdomain while sending files to access point tamsa2. Details: reading from file /var/lib/condor/execute/dir_3257172/*.png: (errno 2) No such file or directory
	Partitionable Resources :    Usage  Request Allocated 
	   Cpus                 :        0        2         2 
	   Disk (KB)            :       42       22      2048 
	   GPUs                 :                           0 
	   Memory (MB)          :        1    16000     16000 
	   TimeExecute (s)      :        5                    
	   TimeSlotBusy (s)     :        5                    
...
012 (1247462.000.000) 2025-07-17 16:32:35 Job was held.
	Transfer output files failure at execution point slot1_14@node-g10.localdomain while sending files to access point tamsa2. Details: reading from file /var/lib/condor/execute/dir_3257172/*.png: (errno 2) No such file or directory
	Code 12 Subcode 2
...
009 (1247462.000.000) 2025-07-17 16:36:30 Job was aborted.
	via condor_rm (by user achihwan)

	Job terminated by itself at 2025-07-17T07:32:35Z (using method 0: OF_ITS_OWN_ACCORD).
...
000 (1247522.000.000) 2025-07-17 16:36:36 Job submitted from host: <172.30.1.200:9618?addrs=172.30.1.200-9618&alias=tamsa2&noUDP&sock=schedd_2531_a24a>
...
040 (1247522.000.000) 2025-07-17 16:36:56 Started transferring input files
	Transferring to host: <172.30.1.206:9618?addrs=172.30.1.206-9618&alias=node-w6.localdomain&noUDP&sock=slot1_16_4969_dc23_29393>
...
040 (1247522.000.000) 2025-07-17 16:36:56 Finished transferring input files
...
001 (1247522.000.000) 2025-07-17 16:36:56 Job executing on host: <172.30.1.206:9618?addrs=172.30.1.206-9618&alias=node-w6.localdomain&noUDP&sock=startd_4935_93f7>
	SlotName: slot1_16@node-w6.localdomain
	CondorScratchDir = "/var/lib/condor/execute/dir_431123"
	Cpus = 2
	Disk = 2048
	GPUs = 0
	Memory = 16000
...
006 (1247522.000.000) 2025-07-17 16:37:01 Image size of job updated: 136
	1  -  MemoryUsage of job (MB)
	8  -  ResidentSetSize of job (KB)
...
040 (1247522.000.000) 2025-07-17 16:37:01 Started transferring output files
...
040 (1247522.000.000) 2025-07-17 16:37:01 Finished transferring output files
...
021 (1247522.000.000) 2025-07-17 16:37:01 Error from starter on slot1_16@node-w6.localdomain:
	STARTER at 172.30.1.206 failed to send file(s) to <172.30.1.200:9618>: |Error: reading from file /var/lib/condor/execute/dir_431123/*.png: (errno 2) No such file or directory; SHADOW failed to receive file(s) from <172.30.1.206:41169>
	Code 13 Subcode 2
...
004 (1247522.000.000) 2025-07-17 16:37:01 Job was evicted.
	(0) CPU times
		Usr 0 00:00:00, Sys 0 00:00:00  -  Run Remote Usage
		Usr 0 00:00:00, Sys 0 00:00:00  -  Run Local Usage
	194  -  Run Bytes Sent By Job
	19658  -  Run Bytes Received By Job
	Transfer output files failure at execution point slot1_16@node-w6.localdomain while sending files to access point tamsa2. Details: reading from file /var/lib/condor/execute/dir_431123/*.png: (errno 2) No such file or directory
	Partitionable Resources :    Usage  Request Allocated 
	   Cpus                 :                 2         2 
	   Disk (KB)            :       35       22      2048 
	   GPUs                 :                           0 
	   Memory (MB)          :        1    16000     16000 
	   TimeExecute (s)      :        5                    
	   TimeSlotBusy (s)     :        5                    
...
012 (1247522.000.000) 2025-07-17 16:37:01 Job was held.
	Transfer output files failure at execution point slot1_16@node-w6.localdomain while sending files to access point tamsa2. Details: reading from file /var/lib/condor/execute/dir_431123/*.png: (errno 2) No such file or directory
	Code 12 Subcode 2
...
009 (1247522.000.000) 2025-07-17 16:38:09 Job was aborted.
	via condor_rm (by user achihwan)

	Job terminated by itself at 2025-07-17T07:37:01Z (using method 0: OF_ITS_OWN_ACCORD).
...
000 (1247581.000.000) 2025-07-17 16:38:18 Job submitted from host: <172.30.1.200:9618?addrs=172.30.1.200-9618&alias=tamsa2&noUDP&sock=schedd_2531_a24a>
...
040 (1247581.000.000) 2025-07-17 16:39:38 Started transferring input files
	Transferring to host: <172.30.1.207:9618?addrs=172.30.1.207-9618&alias=node-w7.localdomain&noUDP&sock=slot1_5_4978_3384_38291>
...
001 (1247581.000.000) 2025-07-17 16:39:38 Job executing on host: <172.30.1.207:9618?addrs=172.30.1.207-9618&alias=node-w7.localdomain&noUDP&sock=startd_4944_c052>
	SlotName: slot1_5@node-w7.localdomain
	CondorScratchDir = "/var/lib/condor/execute/dir_2133170"
	Cpus = 2
	Disk = 2048
	GPUs = 0
	Memory = 16000
...
040 (1247581.000.000) 2025-07-17 16:39:38 Finished transferring input files
...
006 (1247581.000.000) 2025-07-17 16:39:43 Image size of job updated: 184
	1  -  MemoryUsage of job (MB)
	8  -  ResidentSetSize of job (KB)
...
040 (1247581.000.000) 2025-07-17 16:39:43 Started transferring output files
...
040 (1247581.000.000) 2025-07-17 16:39:43 Finished transferring output files
...
021 (1247581.000.000) 2025-07-17 16:39:43 Error from starter on slot1_5@node-w7.localdomain:
	STARTER at 172.30.1.207 failed to send file(s) to <172.30.1.200:9618>: |Error: reading from file /var/lib/condor/execute/dir_2133170/*.png: (errno 2) No such file or directory; SHADOW failed to receive file(s) from <172.30.1.207:37691>
	Code 13 Subcode 2
...
004 (1247581.000.000) 2025-07-17 16:39:43 Job was evicted.
	(0) CPU times
		Usr 0 00:00:00, Sys 0 00:00:00  -  Run Remote Usage
		Usr 0 00:00:00, Sys 0 00:00:00  -  Run Local Usage
	265  -  Run Bytes Sent By Job
	19662  -  Run Bytes Received By Job
	Transfer output files failure at execution point slot1_5@node-w7.localdomain while sending files to access point tamsa2. Details: reading from file /var/lib/condor/execute/dir_2133170/*.png: (errno 2) No such file or directory
	Partitionable Resources :    Usage  Request Allocated 
	   Cpus                 :        0        2         2 
	   Disk (KB)            :       42       22      2048 
	   GPUs                 :                           0 
	   Memory (MB)          :        1    16000     16000 
	   TimeExecute (s)      :        5                    
	   TimeSlotBusy (s)     :        5                    
...
012 (1247581.000.000) 2025-07-17 16:39:43 Job was held.
	Transfer output files failure at execution point slot1_5@node-w7.localdomain while sending files to access point tamsa2. Details: reading from file /var/lib/condor/execute/dir_2133170/*.png: (errno 2) No such file or directory
	Code 12 Subcode 2
...
009 (1247581.000.000) 2025-07-17 16:41:21 Job was aborted.
	via condor_rm (by user achihwan)

	Job terminated by itself at 2025-07-17T07:39:43Z (using method 0: OF_ITS_OWN_ACCORD).
...
000 (1247643.000.000) 2025-07-17 16:51:14 Job submitted from host: <172.30.1.200:9618?addrs=172.30.1.200-9618&alias=tamsa2&noUDP&sock=schedd_2531_a24a>
...
040 (1247643.000.000) 2025-07-17 16:51:38 Entered queue to transfer input files
	Transferring to host: <172.30.1.208:9618?addrs=172.30.1.208-9618&alias=node-w8.localdomain&noUDP&sock=slot1_13_4971_44e3_56684>
...
040 (1247643.000.000) 2025-07-17 16:51:44 Started transferring input files
	Seconds spent in queue: 6
...
040 (1247643.000.000) 2025-07-17 16:51:47 Finished transferring input files
...
001 (1247643.000.000) 2025-07-17 16:51:47 Job executing on host: <172.30.1.208:9618?addrs=172.30.1.208-9618&alias=node-w8.localdomain&noUDP&sock=startd_4937_f328>
	SlotName: slot1_13@node-w8.localdomain
	CondorScratchDir = "/var/lib/condor/execute/dir_1004330"
	Cpus = 2
	Disk = 751616
	GPUs = 0
	Memory = 16000
...
006 (1247643.000.000) 2025-07-17 16:52:01 Image size of job updated: 1136424
	1110  -  MemoryUsage of job (MB)
	1136424  -  ResidentSetSize of job (KB)
...
006 (1247643.000.000) 2025-07-17 16:52:09 Image size of job updated: 2199792
	2149  -  MemoryUsage of job (MB)
	2199792  -  ResidentSetSize of job (KB)
...
040 (1247643.000.000) 2025-07-17 16:52:10 Started transferring output files
	Seconds spent in queue: 32
...
040 (1247643.000.000) 2025-07-17 16:52:10 Finished transferring output files
...
021 (1247643.000.000) 2025-07-17 16:52:10 Error from starter on slot1_13@node-w8.localdomain:
	STARTER at 172.30.1.208 failed to send file(s) to <172.30.1.200:9618>: |Error: reading from file /var/lib/condor/execute/dir_1004330/*.png: (errno 2) No such file or directory; SHADOW failed to receive file(s) from <172.30.1.208:46077>
	Code 13 Subcode 2
...
004 (1247643.000.000) 2025-07-17 16:52:10 Job was evicted.
	(0) CPU times
		Usr 0 00:00:16, Sys 0 00:00:02  -  Run Remote Usage
		Usr 0 00:00:00, Sys 0 00:00:00  -  Run Local Usage
	597  -  Run Bytes Sent By Job
	690276544  -  Run Bytes Received By Job
	Transfer output files failure at execution point slot1_13@node-w8.localdomain while sending files to access point tamsa2. Details: reading from file /var/lib/condor/execute/dir_1004330/*.png: (errno 2) No such file or directory
	Partitionable Resources :    Usage  Request Allocated 
	   Cpus                 :        0        2         2 
	   Disk (KB)            :  2774349   750000    751616 
	   GPUs                 :                           0 
	   Memory (MB)          :     2149    16000     16000 
	   TimeExecute (s)      :       22                    
	   TimeSlotBusy (s)     :       37                    
...
012 (1247643.000.000) 2025-07-17 16:52:10 Job was held.
	Transfer output files failure at execution point slot1_13@node-w8.localdomain while sending files to access point tamsa2. Details: reading from file /var/lib/condor/execute/dir_1004330/*.png: (errno 2) No such file or directory
	Code 12 Subcode 2
...
009 (1247643.000.000) 2025-07-17 17:02:33 Job was aborted.
	via condor_rm (by user achihwan)

	Job terminated by itself at 2025-07-17T07:52:09Z (using method 0: OF_ITS_OWN_ACCORD).
...
000 (1247704.000.000) 2025-07-17 17:02:55 Job submitted from host: <172.30.1.200:9618?addrs=172.30.1.200-9618&alias=tamsa2&noUDP&sock=schedd_2531_a24a>
...
040 (1247704.000.000) 2025-07-17 17:03:14 Started transferring input files
	Transferring to host: <172.30.1.208:9618?addrs=172.30.1.208-9618&alias=node-w8.localdomain&noUDP&sock=slot1_18_4971_44e3_56714>
...
040 (1247704.000.000) 2025-07-17 17:03:14 Finished transferring input files
...
040 (1247704.000.000) 2025-07-17 17:03:15 Started transferring output files
...
021 (1247704.000.000) 2025-07-17 17:03:15 Error from starter on slot1_18@node-w8.localdomain:
	Failed to transfer files: SHADOW at 172.30.1.200 failed to send file(s) to <172.30.1.208:43015>: |Error: reading from file /data6/Users/achihwan/hepenv.tar.gz: (errno 2) No such file or directory; STARTER failed to receive file(s) from <172.30.1.200:9618>
	Code 13 Subcode 2
...
004 (1247704.000.000) 2025-07-17 17:03:15 Job was evicted.
	(0) CPU times
		Usr 0 00:00:00, Sys 0 00:00:00  -  Run Remote Usage
		Usr 0 00:00:00, Sys 0 00:00:00  -  Run Local Usage
	0  -  Run Bytes Sent By Job
	19706  -  Run Bytes Received By Job
	Transfer input files failure at access point tamsa2 while sending files to execution point slot1_18@node-w8.localdomain. Details: reading from file /data6/Users/achihwan/hepenv.tar.gz: (errno 2) No such file or directory
	Partitionable Resources :    Usage  Request Allocated 
	   Cpus                 :                 2         2 
	   Disk (KB)            :       35       22      2048 
	   GPUs                 :                           0 
	   Memory (MB)          :             16000     16000 
...
012 (1247704.000.000) 2025-07-17 17:03:15 Job was held.
	Transfer input files failure at access point tamsa2 while sending files to execution point slot1_18@node-w8.localdomain. Details: reading from file /data6/Users/achihwan/hepenv.tar.gz: (errno 2) No such file or directory
	Code 13 Subcode 2
...
009 (1247704.000.000) 2025-07-17 17:05:02 Job was aborted.
	via condor_rm (by user achihwan)
...
000 (1247764.000.000) 2025-07-17 17:05:07 Job submitted from host: <172.30.1.200:9618?addrs=172.30.1.200-9618&alias=tamsa2&noUDP&sock=schedd_2531_a24a>
...
040 (1247764.000.000) 2025-07-17 17:05:26 Started transferring input files
	Transferring to host: <172.30.1.208:9618?addrs=172.30.1.208-9618&alias=node-w8.localdomain&noUDP&sock=slot1_12_4971_44e3_56754>
...
040 (1247764.000.000) 2025-07-17 17:05:26 Finished transferring input files
...
040 (1247764.000.000) 2025-07-17 17:05:27 Started transferring output files
...
021 (1247764.000.000) 2025-07-17 17:05:27 Error from starter on slot1_12@node-w8.localdomain:
	Failed to transfer files: SHADOW at 172.30.1.200 failed to send file(s) to <172.30.1.208:37909>: |Error: reading from file /data6/Users/achihwan/hepenv.tar.gz: (errno 2) No such file or directory; STARTER failed to receive file(s) from <172.30.1.200:9618>
	Code 13 Subcode 2
...
004 (1247764.000.000) 2025-07-17 17:05:27 Job was evicted.
	(0) CPU times
		Usr 0 00:00:00, Sys 0 00:00:00  -  Run Remote Usage
		Usr 0 00:00:00, Sys 0 00:00:00  -  Run Local Usage
	0  -  Run Bytes Sent By Job
	19656  -  Run Bytes Received By Job
	Transfer input files failure at access point tamsa2 while sending files to execution point slot1_12@node-w8.localdomain. Details: reading from file /data6/Users/achihwan/hepenv.tar.gz: (errno 2) No such file or directory
	Partitionable Resources :    Usage  Request Allocated 
	   Cpus                 :                 2         2 
	   Disk (KB)            :       35       22      2048 
	   GPUs                 :                           0 
	   Memory (MB)          :             16000     16000 
...
012 (1247764.000.000) 2025-07-17 17:05:27 Job was held.
	Transfer input files failure at access point tamsa2 while sending files to execution point slot1_12@node-w8.localdomain. Details: reading from file /data6/Users/achihwan/hepenv.tar.gz: (errno 2) No such file or directory
	Code 13 Subcode 2
...
009 (1247764.000.000) 2025-07-17 17:06:33 Job was aborted.
	via condor_rm (by user achihwan)
...
000 (1247823.000.000) 2025-07-17 17:06:37 Job submitted from host: <172.30.1.200:9618?addrs=172.30.1.200-9618&alias=tamsa2&noUDP&sock=schedd_2531_a24a>
...
040 (1247823.000.000) 2025-07-17 17:06:48 Started transferring input files
	Transferring to host: <172.30.1.211:9618?addrs=172.30.1.211-9618&alias=node-w11.localdomain&noUDP&sock=slot1_18_4969_dc23_57777>
...
040 (1247823.000.000) 2025-07-17 17:06:48 Finished transferring input files
...
001 (1247823.000.000) 2025-07-17 17:06:48 Job executing on host: <172.30.1.211:9618?addrs=172.30.1.211-9618&alias=node-w11.localdomain&noUDP&sock=startd_4935_93f7>
	SlotName: slot1_18@node-w11.localdomain
	CondorScratchDir = "/var/lib/condor/execute/dir_367526"
	Cpus = 2
	Disk = 2048
	GPUs = 0
	Memory = 16000
...
006 (1247823.000.000) 2025-07-17 17:06:53 Image size of job updated: 152
	1  -  MemoryUsage of job (MB)
	8  -  ResidentSetSize of job (KB)
...
040 (1247823.000.000) 2025-07-17 17:06:54 Started transferring output files
...
040 (1247823.000.000) 2025-07-17 17:06:54 Finished transferring output files
...
021 (1247823.000.000) 2025-07-17 17:06:54 Error from starter on slot1_18@node-w11.localdomain:
	STARTER at 172.30.1.211 failed to send file(s) to <172.30.1.200:9618>: |Error: reading from file /var/lib/condor/execute/dir_367526/*.png: (errno 2) No such file or directory; SHADOW failed to receive file(s) from <172.30.1.211:35599>
	Code 13 Subcode 2
...
004 (1247823.000.000) 2025-07-17 17:06:54 Job was evicted.
	(0) CPU times
		Usr 0 00:00:00, Sys 0 00:00:00  -  Run Remote Usage
		Usr 0 00:00:00, Sys 0 00:00:00  -  Run Local Usage
	264  -  Run Bytes Sent By Job
	19656  -  Run Bytes Received By Job
	Transfer output files failure at execution point slot1_18@node-w11.localdomain while sending files to access point tamsa2. Details: reading from file /var/lib/condor/execute/dir_367526/*.png: (errno 2) No such file or directory
	Partitionable Resources :    Usage  Request Allocated 
	   Cpus                 :        0        2         2 
	   Disk (KB)            :       42       22      2048 
	   GPUs                 :                           0 
	   Memory (MB)          :        1    16000     16000 
	   TimeExecute (s)      :        5                    
	   TimeSlotBusy (s)     :        6                    
...
012 (1247823.000.000) 2025-07-17 17:06:54 Job was held.
	Transfer output files failure at execution point slot1_18@node-w11.localdomain while sending files to access point tamsa2. Details: reading from file /var/lib/condor/execute/dir_367526/*.png: (errno 2) No such file or directory
	Code 12 Subcode 2
...
009 (1247823.000.000) 2025-07-17 17:08:13 Job was aborted.
	via condor_rm (by user achihwan)

	Job terminated by itself at 2025-07-17T08:06:53Z (using method 0: OF_ITS_OWN_ACCORD).
...
000 (1247882.000.000) 2025-07-17 17:08:23 Job submitted from host: <172.30.1.200:9618?addrs=172.30.1.200-9618&alias=tamsa2&noUDP&sock=schedd_2531_a24a>
...
009 (1247882.000.000) 2025-07-17 17:08:34 Job was aborted.
	via condor_rm (by user achihwan)
...
000 (1247941.000.000) 2025-07-17 17:08:52 Job submitted from host: <172.30.1.200:9618?addrs=172.30.1.200-9618&alias=tamsa2&noUDP&sock=schedd_2531_a24a>
...
040 (1247941.000.000) 2025-07-17 17:09:03 Started transferring input files
	Transferring to host: <172.30.1.210:9618?addrs=172.30.1.210-9618&alias=node-w10.localdomain&noUDP&sock=slot1_17_4947_5be2_33421>
...
001 (1247941.000.000) 2025-07-17 17:09:03 Job executing on host: <172.30.1.210:9618?addrs=172.30.1.210-9618&alias=node-w10.localdomain&noUDP&sock=startd_4913_7ce2>
	SlotName: slot1_17@node-w10.localdomain
	CondorScratchDir = "/var/lib/condor/execute/dir_3645427"
	Cpus = 2
	Disk = 2048
	GPUs = 0
	Memory = 16000
...
040 (1247941.000.000) 2025-07-17 17:09:03 Finished transferring input files
...
006 (1247941.000.000) 2025-07-17 17:09:08 Image size of job updated: 116
	1  -  MemoryUsage of job (MB)
	8  -  ResidentSetSize of job (KB)
...
040 (1247941.000.000) 2025-07-17 17:09:08 Started transferring output files
...
040 (1247941.000.000) 2025-07-17 17:09:09 Finished transferring output files
...
021 (1247941.000.000) 2025-07-17 17:09:09 Error from starter on slot1_17@node-w10.localdomain:
	STARTER at 172.30.1.210 failed to send file(s) to <172.30.1.200:9618>: |Error: reading from file /var/lib/condor/execute/dir_3645427/*.png: (errno 2) No such file or directory; SHADOW failed to receive file(s) from <172.30.1.210:40931>
	Code 13 Subcode 2
...
004 (1247941.000.000) 2025-07-17 17:09:09 Job was evicted.
	(0) CPU times
		Usr 0 00:00:00, Sys 0 00:00:00  -  Run Remote Usage
		Usr 0 00:00:00, Sys 0 00:00:00  -  Run Local Usage
	265  -  Run Bytes Sent By Job
	19656  -  Run Bytes Received By Job
	Transfer output files failure at execution point slot1_17@node-w10.localdomain while sending files to access point tamsa2. Details: reading from file /var/lib/condor/execute/dir_3645427/*.png: (errno 2) No such file or directory
	Partitionable Resources :    Usage  Request Allocated 
	   Cpus                 :        0        2         2 
	   Disk (KB)            :       42       22      2048 
	   GPUs                 :                           0 
	   Memory (MB)          :        1    16000     16000 
	   TimeExecute (s)      :        5                    
	   TimeSlotBusy (s)     :        6                    
...
012 (1247941.000.000) 2025-07-17 17:09:09 Job was held.
	Transfer output files failure at execution point slot1_17@node-w10.localdomain while sending files to access point tamsa2. Details: reading from file /var/lib/condor/execute/dir_3645427/*.png: (errno 2) No such file or directory
	Code 12 Subcode 2
...
009 (1247941.000.000) 2025-07-17 17:10:28 Job was aborted.
	via condor_rm (by user achihwan)

	Job terminated by itself at 2025-07-17T08:09:08Z (using method 0: OF_ITS_OWN_ACCORD).
...
000 (1248001.000.000) 2025-07-17 17:10:35 Job submitted from host: <172.30.1.200:9618?addrs=172.30.1.200-9618&alias=tamsa2&noUDP&sock=schedd_2531_a24a>
...
040 (1248001.000.000) 2025-07-17 17:10:44 Started transferring input files
	Transferring to host: <172.30.1.105:9618?addrs=172.30.1.105-9618&alias=node-g5.localdomain&noUDP&sock=slot1_4_5280_fcd0_13883>
...
001 (1248001.000.000) 2025-07-17 17:10:44 Job executing on host: <172.30.1.105:9618?addrs=172.30.1.105-9618&alias=node-g5.localdomain&noUDP&sock=startd_5246_e5ec>
	SlotName: slot1_4@node-g5.localdomain
	CondorScratchDir = "/var/lib/condor/execute/dir_2568427"
	Cpus = 2
	Disk = 2048
	GPUs = 0
	Memory = 16000
...
040 (1248001.000.000) 2025-07-17 17:10:44 Finished transferring input files
...
006 (1248001.000.000) 2025-07-17 17:10:50 Image size of job updated: 148
	1  -  MemoryUsage of job (MB)
	8  -  ResidentSetSize of job (KB)
...
040 (1248001.000.000) 2025-07-17 17:10:50 Started transferring output files
...
040 (1248001.000.000) 2025-07-17 17:10:50 Finished transferring output files
...
021 (1248001.000.000) 2025-07-17 17:10:50 Error from starter on slot1_4@node-g5.localdomain:
	STARTER at 172.30.1.105 failed to send file(s) to <172.30.1.200:9618>: |Error: reading from file /var/lib/condor/execute/dir_2568427/*.png: (errno 2) No such file or directory; SHADOW failed to receive file(s) from <172.30.1.105:46505>
	Code 13 Subcode 2
...
004 (1248001.000.000) 2025-07-17 17:10:50 Job was evicted.
	(0) CPU times
		Usr 0 00:00:00, Sys 0 00:00:00  -  Run Remote Usage
		Usr 0 00:00:00, Sys 0 00:00:00  -  Run Local Usage
	287  -  Run Bytes Sent By Job
	19656  -  Run Bytes Received By Job
	Transfer output files failure at execution point slot1_4@node-g5.localdomain while sending files to access point tamsa2. Details: reading from file /var/lib/condor/execute/dir_2568427/*.png: (errno 2) No such file or directory
	Partitionable Resources :    Usage  Request Allocated 
	   Cpus                 :        0        2         2 
	   Disk (KB)            :       42       22      2048 
	   GPUs                 :                           0 
	   Memory (MB)          :        1    16000     16000 
	   TimeExecute (s)      :        6                    
	   TimeSlotBusy (s)     :        6                    
...
012 (1248001.000.000) 2025-07-17 17:10:50 Job was held.
	Transfer output files failure at execution point slot1_4@node-g5.localdomain while sending files to access point tamsa2. Details: reading from file /var/lib/condor/execute/dir_2568427/*.png: (errno 2) No such file or directory
	Code 12 Subcode 2
...
009 (1248001.000.000) 2025-07-17 17:11:47 Job was aborted.
	via condor_rm (by user achihwan)

	Job terminated by itself at 2025-07-17T08:10:50Z (using method 0: OF_ITS_OWN_ACCORD).
...
000 (1248061.000.000) 2025-07-17 17:12:02 Job submitted from host: <172.30.1.200:9618?addrs=172.30.1.200-9618&alias=tamsa2&noUDP&sock=schedd_2531_a24a>
...
040 (1248061.000.000) 2025-07-17 17:12:22 Started transferring input files
	Transferring to host: <172.30.1.110:9618?addrs=172.30.1.110-9618&alias=node-g10.localdomain&noUDP&sock=slot1_2_6414_fe3e_19803>
...
001 (1248061.000.000) 2025-07-17 17:12:22 Job executing on host: <172.30.1.110:9618?addrs=172.30.1.110-9618&alias=node-g10.localdomain&noUDP&sock=startd_6380_ba51>
	SlotName: slot1_2@node-g10.localdomain
	CondorScratchDir = "/var/lib/condor/execute/dir_3258399"
	Cpus = 2
	Disk = 2048
	GPUs = 0
	Memory = 16000
...
040 (1248061.000.000) 2025-07-17 17:12:22 Finished transferring input files
...
006 (1248061.000.000) 2025-07-17 17:12:27 Image size of job updated: 104
	1  -  MemoryUsage of job (MB)
	8  -  ResidentSetSize of job (KB)
...
040 (1248061.000.000) 2025-07-17 17:12:27 Started transferring output files
...
040 (1248061.000.000) 2025-07-17 17:12:27 Finished transferring output files
...
021 (1248061.000.000) 2025-07-17 17:12:27 Error from starter on slot1_2@node-g10.localdomain:
	STARTER at 172.30.1.110 failed to send file(s) to <172.30.1.200:9618>: |Error: reading from file /var/lib/condor/execute/dir_3258399/*.png: (errno 2) No such file or directory; SHADOW failed to receive file(s) from <172.30.1.110:41313>
	Code 13 Subcode 2
...
004 (1248061.000.000) 2025-07-17 17:12:27 Job was evicted.
	(0) CPU times
		Usr 0 00:00:00, Sys 0 00:00:00  -  Run Remote Usage
		Usr 0 00:00:00, Sys 0 00:00:00  -  Run Local Usage
	273  -  Run Bytes Sent By Job
	19656  -  Run Bytes Received By Job
	Transfer output files failure at execution point slot1_2@node-g10.localdomain while sending files to access point tamsa2. Details: reading from file /var/lib/condor/execute/dir_3258399/*.png: (errno 2) No such file or directory
	Partitionable Resources :    Usage  Request Allocated 
	   Cpus                 :        0        2         2 
	   Disk (KB)            :       42       22      2048 
	   GPUs                 :                           0 
	   Memory (MB)          :        1    16000     16000 
	   TimeExecute (s)      :        5                    
	   TimeSlotBusy (s)     :        5                    
...
012 (1248061.000.000) 2025-07-17 17:12:27 Job was held.
	Transfer output files failure at execution point slot1_2@node-g10.localdomain while sending files to access point tamsa2. Details: reading from file /var/lib/condor/execute/dir_3258399/*.png: (errno 2) No such file or directory
	Code 12 Subcode 2
...
000 (1248121.000.000) 2025-07-17 17:12:50 Job submitted from host: <172.30.1.200:9618?addrs=172.30.1.200-9618&alias=tamsa2&noUDP&sock=schedd_2531_a24a>
...
009 (1248121.000.000) 2025-07-17 17:13:09 Job was aborted.
	via condor_rm (by user achihwan)
...
009 (1248061.000.000) 2025-07-17 17:13:09 Job was aborted.
	via condor_rm (by user achihwan)

	Job terminated by itself at 2025-07-17T08:12:27Z (using method 0: OF_ITS_OWN_ACCORD).
...
000 (1248180.000.000) 2025-07-17 17:13:16 Job submitted from host: <172.30.1.200:9618?addrs=172.30.1.200-9618&alias=tamsa2&noUDP&sock=schedd_2531_a24a>
...
009 (1248180.000.000) 2025-07-17 17:14:42 Job was aborted.
	via condor_rm (by user achihwan)
...
000 (1248239.000.000) 2025-07-17 17:14:49 Job submitted from host: <172.30.1.200:9618?addrs=172.30.1.200-9618&alias=tamsa2&noUDP&sock=schedd_2531_a24a>
...
040 (1248239.000.000) 2025-07-17 17:17:13 Started transferring input files
	Transferring to host: <172.30.1.208:9618?addrs=172.30.1.208-9618&alias=node-w8.localdomain&noUDP&sock=slot1_3_4971_44e3_56786>
...
001 (1248239.000.000) 2025-07-17 17:17:13 Job executing on host: <172.30.1.208:9618?addrs=172.30.1.208-9618&alias=node-w8.localdomain&noUDP&sock=startd_4937_f328>
	SlotName: slot1_3@node-w8.localdomain
	CondorScratchDir = "/var/lib/condor/execute/dir_1014956"
	Cpus = 2
	Disk = 2048
	GPUs = 0
	Memory = 16000
...
040 (1248239.000.000) 2025-07-17 17:17:13 Finished transferring input files
...
006 (1248239.000.000) 2025-07-17 17:17:19 Image size of job updated: 92
	1  -  MemoryUsage of job (MB)
	8  -  ResidentSetSize of job (KB)
...
040 (1248239.000.000) 2025-07-17 17:17:19 Started transferring output files
...
021 (1248239.000.000) 2025-07-17 17:17:19 Error from starter on slot1_3@node-w8.localdomain:
	STARTER at 172.30.1.208 failed to send file(s) to <172.30.1.200:9618>: |Error: reading from file /var/lib/condor/execute/dir_1014956/*.png: (errno 2) No such file or directory; SHADOW failed to receive file(s) from <172.30.1.208:40671>
	Code 13 Subcode 2
...
004 (1248239.000.000) 2025-07-17 17:17:19 Job was evicted.
	(0) CPU times
		Usr 0 00:00:00, Sys 0 00:00:00  -  Run Remote Usage
		Usr 0 00:00:00, Sys 0 00:00:00  -  Run Local Usage
	266  -  Run Bytes Sent By Job
	19653  -  Run Bytes Received By Job
	Transfer output files failure at execution point slot1_3@node-w8.localdomain while sending files to access point tamsa2. Details: reading from file /var/lib/condor/execute/dir_1014956/*.png: (errno 2) No such file or directory
	Partitionable Resources :    Usage  Request Allocated 
	   Cpus                 :        0        2         2 
	   Disk (KB)            :       42       22      2048 
	   GPUs                 :                           0 
	   Memory (MB)          :        1    16000     16000 
	   TimeExecute (s)      :        6                    
	   TimeSlotBusy (s)     :        6                    
...
012 (1248239.000.000) 2025-07-17 17:17:19 Job was held.
	Transfer output files failure at execution point slot1_3@node-w8.localdomain while sending files to access point tamsa2. Details: reading from file /var/lib/condor/execute/dir_1014956/*.png: (errno 2) No such file or directory
	Code 12 Subcode 2
...
009 (1248239.000.000) 2025-07-17 17:18:37 Job was aborted.
	via condor_rm (by user achihwan)

	Job terminated by itself at 2025-07-17T08:17:19Z (using method 0: OF_ITS_OWN_ACCORD).
...
000 (1248300.000.000) 2025-07-17 17:23:11 Job submitted from host: <172.30.1.200:9618?addrs=172.30.1.200-9618&alias=tamsa2&noUDP&sock=schedd_2531_a24a>
...
040 (1248300.000.000) 2025-07-17 17:23:30 Started transferring input files
	Transferring to host: <172.30.1.203:9618?addrs=172.30.1.203-9618&alias=node-w3.localdomain&noUDP&sock=slot1_3_4993_c524_82508>
...
001 (1248300.000.000) 2025-07-17 17:23:30 Job executing on host: <172.30.1.203:9618?addrs=172.30.1.203-9618&alias=node-w3.localdomain&noUDP&sock=startd_4959_0a3d>
	SlotName: slot1_3@node-w3.localdomain
	CondorScratchDir = "/var/lib/condor/execute/dir_2418351"
	Cpus = 2
	Disk = 2048
	GPUs = 0
	Memory = 16000
...
040 (1248300.000.000) 2025-07-17 17:23:30 Finished transferring input files
...
006 (1248300.000.000) 2025-07-17 17:23:35 Image size of job updated: 160
	1  -  MemoryUsage of job (MB)
	8  -  ResidentSetSize of job (KB)
...
040 (1248300.000.000) 2025-07-17 17:23:35 Started transferring output files
...
040 (1248300.000.000) 2025-07-17 17:23:35 Finished transferring output files
...
021 (1248300.000.000) 2025-07-17 17:23:36 Error from starter on slot1_3@node-w3.localdomain:
	STARTER at 172.30.1.203 failed to send file(s) to <172.30.1.200:9618>: |Error: reading from file /var/lib/condor/execute/dir_2418351/*.png: (errno 2) No such file or directory; SHADOW failed to receive file(s) from <172.30.1.203:36115>
	Code 13 Subcode 2
...
004 (1248300.000.000) 2025-07-17 17:23:36 Job was evicted.
	(0) CPU times
		Usr 0 00:00:00, Sys 0 00:00:00  -  Run Remote Usage
		Usr 0 00:00:00, Sys 0 00:00:00  -  Run Local Usage
	434  -  Run Bytes Sent By Job
	19731  -  Run Bytes Received By Job
	Transfer output files failure at execution point slot1_3@node-w3.localdomain while sending files to access point tamsa2. Details: reading from file /var/lib/condor/execute/dir_2418351/*.png: (errno 2) No such file or directory
	Partitionable Resources :    Usage  Request Allocated 
	   Cpus                 :        0        2         2 
	   Disk (KB)            :       42       22      2048 
	   GPUs                 :                           0 
	   Memory (MB)          :        1    16000     16000 
	   TimeExecute (s)      :        5                    
	   TimeSlotBusy (s)     :        6                    
...
012 (1248300.000.000) 2025-07-17 17:23:36 Job was held.
	Transfer output files failure at execution point slot1_3@node-w3.localdomain while sending files to access point tamsa2. Details: reading from file /var/lib/condor/execute/dir_2418351/*.png: (errno 2) No such file or directory
	Code 12 Subcode 2
...
009 (1248300.000.000) 2025-07-17 17:28:06 Job was aborted.
	via condor_rm (by user achihwan)

	Job terminated by itself at 2025-07-17T08:23:35Z (using method 0: OF_ITS_OWN_ACCORD).
...
000 (1248361.000.000) 2025-07-17 17:28:11 Job submitted from host: <172.30.1.200:9618?addrs=172.30.1.200-9618&alias=tamsa2&noUDP&sock=schedd_2531_a24a>
...
040 (1248361.000.000) 2025-07-17 17:28:29 Entered queue to transfer input files
	Transferring to host: <172.30.1.203:9618?addrs=172.30.1.203-9618&alias=node-w3.localdomain&noUDP&sock=slot1_11_4993_c524_82527>
...
040 (1248361.000.000) 2025-07-17 17:28:34 Started transferring input files
	Seconds spent in queue: 5
...
040 (1248361.000.000) 2025-07-17 17:28:37 Finished transferring input files
...
001 (1248361.000.000) 2025-07-17 17:28:37 Job executing on host: <172.30.1.203:9618?addrs=172.30.1.203-9618&alias=node-w3.localdomain&noUDP&sock=startd_4959_0a3d>
	SlotName: slot1_11@node-w3.localdomain
	CondorScratchDir = "/var/lib/condor/execute/dir_2420004"
	Cpus = 2
	Disk = 751616
	GPUs = 0
	Memory = 16000
...
006 (1248361.000.000) 2025-07-17 17:28:50 Image size of job updated: 1015724
	992  -  MemoryUsage of job (MB)
	1015724  -  ResidentSetSize of job (KB)
...
006 (1248361.000.000) 2025-07-17 17:28:59 Image size of job updated: 2199796
	2149  -  MemoryUsage of job (MB)
	2199796  -  ResidentSetSize of job (KB)
...
040 (1248361.000.000) 2025-07-17 17:28:59 Started transferring output files
	Seconds spent in queue: 30
...
040 (1248361.000.000) 2025-07-17 17:28:59 Finished transferring output files
...
021 (1248361.000.000) 2025-07-17 17:28:59 Error from starter on slot1_11@node-w3.localdomain:
	STARTER at 172.30.1.203 failed to send file(s) to <172.30.1.200:9618>: |Error: reading from file /var/lib/condor/execute/dir_2420004/*.png: (errno 2) No such file or directory; SHADOW failed to receive file(s) from <172.30.1.203:39087>
	Code 13 Subcode 2
...
004 (1248361.000.000) 2025-07-17 17:28:59 Job was evicted.
	(0) CPU times
		Usr 0 00:00:16, Sys 0 00:00:02  -  Run Remote Usage
		Usr 0 00:00:00, Sys 0 00:00:00  -  Run Local Usage
	388  -  Run Bytes Sent By Job
	690276544  -  Run Bytes Received By Job
	Transfer output files failure at execution point slot1_11@node-w3.localdomain while sending files to access point tamsa2. Details: reading from file /var/lib/condor/execute/dir_2420004/*.png: (errno 2) No such file or directory
	Partitionable Resources :    Usage  Request Allocated 
	   Cpus                 :        0        2         2 
	   Disk (KB)            :  2774349   750000    751616 
	   GPUs                 :                           0 
	   Memory (MB)          :     2149    16000     16000 
	   TimeExecute (s)      :       22                    
	   TimeSlotBusy (s)     :       35                    
...
012 (1248361.000.000) 2025-07-17 17:28:59 Job was held.
	Transfer output files failure at execution point slot1_11@node-w3.localdomain while sending files to access point tamsa2. Details: reading from file /var/lib/condor/execute/dir_2420004/*.png: (errno 2) No such file or directory
	Code 12 Subcode 2
...
009 (1248361.000.000) 2025-07-17 17:30:19 Job was aborted.
	via condor_rm (by user achihwan)

	Job terminated by itself at 2025-07-17T08:28:59Z (using method 0: OF_ITS_OWN_ACCORD).
...
000 (1248421.000.000) 2025-07-17 17:33:23 Job submitted from host: <172.30.1.200:9618?addrs=172.30.1.200-9618&alias=tamsa2&noUDP&sock=schedd_2531_a24a>
...
040 (1248421.000.000) 2025-07-17 17:33:49 Entered queue to transfer input files
	Transferring to host: <172.30.1.219:9618?addrs=172.30.1.219-9618&alias=node-w19.localdomain&noUDP&sock=slot1_12_5155_e9eb_110858>
...
040 (1248421.000.000) 2025-07-17 17:33:52 Started transferring input files
	Seconds spent in queue: 3
...
040 (1248421.000.000) 2025-07-17 17:33:55 Finished transferring input files
...
001 (1248421.000.000) 2025-07-17 17:33:55 Job executing on host: <172.30.1.219:9618?addrs=172.30.1.219-9618&alias=node-w19.localdomain&noUDP&sock=startd_5121_2895>
	SlotName: slot1_12@node-w19.localdomain
	CondorScratchDir = "/var/lib/condor/execute/dir_1064722"
	Cpus = 2
	Disk = 751616
	GPUs = 0
	Memory = 16000
...
006 (1248421.000.000) 2025-07-17 17:34:09 Image size of job updated: 1197488
	1170  -  MemoryUsage of job (MB)
	1197488  -  ResidentSetSize of job (KB)
...
006 (1248421.000.000) 2025-07-17 17:34:17 Image size of job updated: 2199792
	2149  -  MemoryUsage of job (MB)
	2199792  -  ResidentSetSize of job (KB)
...
040 (1248421.000.000) 2025-07-17 17:34:17 Started transferring output files
	Seconds spent in queue: 28
...
040 (1248421.000.000) 2025-07-17 17:34:17 Finished transferring output files
...
021 (1248421.000.000) 2025-07-17 17:34:17 Error from starter on slot1_12@node-w19.localdomain:
	STARTER at 172.30.1.219 failed to send file(s) to <172.30.1.200:9618>: |Error: reading from file /var/lib/condor/execute/dir_1064722/*.png: (errno 2) No such file or directory; SHADOW failed to receive file(s) from <172.30.1.219:36819>
	Code 13 Subcode 2
...
004 (1248421.000.000) 2025-07-17 17:34:17 Job was evicted.
	(0) CPU times
		Usr 0 00:00:16, Sys 0 00:00:04  -  Run Remote Usage
		Usr 0 00:00:00, Sys 0 00:00:00  -  Run Local Usage
	388  -  Run Bytes Sent By Job
	690276544  -  Run Bytes Received By Job
	Transfer output files failure at execution point slot1_12@node-w19.localdomain while sending files to access point tamsa2. Details: reading from file /var/lib/condor/execute/dir_1064722/*.png: (errno 2) No such file or directory
	Partitionable Resources :    Usage  Request Allocated 
	   Cpus                 :                 2         2 
	   Disk (KB)            :  2774342   750000    751616 
	   GPUs                 :                           0 
	   Memory (MB)          :     2149    16000     16000 
	   TimeExecute (s)      :       22                    
	   TimeSlotBusy (s)     :       34                    
...
012 (1248421.000.000) 2025-07-17 17:34:17 Job was held.
	Transfer output files failure at execution point slot1_12@node-w19.localdomain while sending files to access point tamsa2. Details: reading from file /var/lib/condor/execute/dir_1064722/*.png: (errno 2) No such file or directory
	Code 12 Subcode 2
...
009 (1248421.000.000) 2025-07-17 17:34:44 Job was aborted.
	via condor_rm (by user achihwan)

	Job terminated by itself at 2025-07-17T08:34:17Z (using method 0: OF_ITS_OWN_ACCORD).
...
000 (1248480.000.000) 2025-07-17 17:34:49 Job submitted from host: <172.30.1.200:9618?addrs=172.30.1.200-9618&alias=tamsa2&noUDP&sock=schedd_2531_a24a>
...
040 (1248480.000.000) 2025-07-17 17:35:11 Entered queue to transfer input files
	Transferring to host: <172.30.1.107:9618?addrs=172.30.1.107-9618&alias=node-g7.localdomain&noUDP&sock=slot1_2_5631_4c7e_25518>
...
040 (1248480.000.000) 2025-07-17 17:35:16 Started transferring input files
	Seconds spent in queue: 5
...
040 (1248480.000.000) 2025-07-17 17:35:19 Finished transferring input files
...
001 (1248480.000.000) 2025-07-17 17:35:19 Job executing on host: <172.30.1.107:9618?addrs=172.30.1.107-9618&alias=node-g7.localdomain&noUDP&sock=startd_5596_f811>
	SlotName: slot1_2@node-g7.localdomain
	CondorScratchDir = "/var/lib/condor/execute/dir_3008538"
	Cpus = 2
	Disk = 751616
	GPUs = 0
	Memory = 16000
...
006 (1248480.000.000) 2025-07-17 17:35:32 Image size of job updated: 1016344
	993  -  MemoryUsage of job (MB)
	1016344  -  ResidentSetSize of job (KB)
...
006 (1248480.000.000) 2025-07-17 17:35:41 Image size of job updated: 2199792
	2149  -  MemoryUsage of job (MB)
	2199792  -  ResidentSetSize of job (KB)
...
040 (1248480.000.000) 2025-07-17 17:35:41 Started transferring output files
	Seconds spent in queue: 30
...
040 (1248480.000.000) 2025-07-17 17:35:41 Finished transferring output files
...
021 (1248480.000.000) 2025-07-17 17:35:41 Error from starter on slot1_2@node-g7.localdomain:
	STARTER at 172.30.1.107 failed to send file(s) to <172.30.1.200:9618>: |Error: reading from file /var/lib/condor/execute/dir_3008538/*.png: (errno 2) No such file or directory; SHADOW failed to receive file(s) from <172.30.1.107:39689>
	Code 13 Subcode 2
...
004 (1248480.000.000) 2025-07-17 17:35:41 Job was evicted.
	(0) CPU times
		Usr 0 00:00:17, Sys 0 00:00:03  -  Run Remote Usage
		Usr 0 00:00:00, Sys 0 00:00:00  -  Run Local Usage
	800  -  Run Bytes Sent By Job
	690276544  -  Run Bytes Received By Job
	Transfer output files failure at execution point slot1_2@node-g7.localdomain while sending files to access point tamsa2. Details: reading from file /var/lib/condor/execute/dir_3008538/*.png: (errno 2) No such file or directory
	Partitionable Resources :    Usage  Request Allocated 
	   Cpus                 :        0        2         2 
	   Disk (KB)            :  2774349   750000    751616 
	   GPUs                 :                           0 
	   Memory (MB)          :     2149    16000     16000 
	   TimeExecute (s)      :       22                    
	   TimeSlotBusy (s)     :       35                    
...
012 (1248480.000.000) 2025-07-17 17:35:41 Job was held.
	Transfer output files failure at execution point slot1_2@node-g7.localdomain while sending files to access point tamsa2. Details: reading from file /var/lib/condor/execute/dir_3008538/*.png: (errno 2) No such file or directory
	Code 12 Subcode 2
...
009 (1248480.000.000) 2025-07-17 17:36:48 Job was aborted.
	via condor_rm (by user achihwan)

	Job terminated by itself at 2025-07-17T08:35:41Z (using method 0: OF_ITS_OWN_ACCORD).
...
000 (1250141.000.000) 2025-07-17 17:36:55 Job submitted from host: <172.30.1.200:9618?addrs=172.30.1.200-9618&alias=tamsa2&noUDP&sock=schedd_2531_a24a>
...
040 (1250141.000.000) 2025-07-17 17:39:38 Started transferring input files
	Transferring to host: <172.30.1.211:9618?addrs=172.30.1.211-9618&alias=node-w11.localdomain&noUDP&sock=slot1_57_4969_dc23_57919>
...
040 (1250141.000.000) 2025-07-17 17:39:41 Finished transferring input files
...
001 (1250141.000.000) 2025-07-17 17:39:41 Job executing on host: <172.30.1.211:9618?addrs=172.30.1.211-9618&alias=node-w11.localdomain&noUDP&sock=startd_4935_93f7>
	SlotName: slot1_57@node-w11.localdomain
	CondorScratchDir = "/var/lib/condor/execute/dir_400803"
	Cpus = 2
	Disk = 751616
	GPUs = 0
	Memory = 16000
...
006 (1250141.000.000) 2025-07-17 17:39:55 Image size of job updated: 1132224
	1106  -  MemoryUsage of job (MB)
	1132224  -  ResidentSetSize of job (KB)
...
006 (1250141.000.000) 2025-07-17 17:40:04 Image size of job updated: 2199792
	2149  -  MemoryUsage of job (MB)
	2199792  -  ResidentSetSize of job (KB)
...
040 (1250141.000.000) 2025-07-17 17:40:04 Started transferring output files
...
040 (1250141.000.000) 2025-07-17 17:40:04 Finished transferring output files
...
021 (1250141.000.000) 2025-07-17 17:40:04 Error from starter on slot1_57@node-w11.localdomain:
	STARTER at 172.30.1.211 failed to send file(s) to <172.30.1.200:9618>: |Error: reading from file /var/lib/condor/execute/dir_400803/*.png: (errno 2) No such file or directory; SHADOW failed to receive file(s) from <172.30.1.211:35095>
	Code 13 Subcode 2
...
004 (1250141.000.000) 2025-07-17 17:40:04 Job was evicted.
	(0) CPU times
		Usr 0 00:00:17, Sys 0 00:00:02  -  Run Remote Usage
		Usr 0 00:00:00, Sys 0 00:00:00  -  Run Local Usage
	699  -  Run Bytes Sent By Job
	690276544  -  Run Bytes Received By Job
	Transfer output files failure at execution point slot1_57@node-w11.localdomain while sending files to access point tamsa2. Details: reading from file /var/lib/condor/execute/dir_400803/*.png: (errno 2) No such file or directory
	Partitionable Resources :    Usage  Request Allocated 
	   Cpus                 :        0        2         2 
	   Disk (KB)            :  2774349   750000    751616 
	   GPUs                 :                           0 
	   Memory (MB)          :     2149    16000     16000 
	   TimeExecute (s)      :       23                    
	   TimeSlotBusy (s)     :       29                    
...
012 (1250141.000.000) 2025-07-17 17:40:04 Job was held.
	Transfer output files failure at execution point slot1_57@node-w11.localdomain while sending files to access point tamsa2. Details: reading from file /var/lib/condor/execute/dir_400803/*.png: (errno 2) No such file or directory
	Code 12 Subcode 2
...
000 (1251226.000.000) 2025-07-17 17:42:40 Job submitted from host: <172.30.1.200:9618?addrs=172.30.1.200-9618&alias=tamsa2&noUDP&sock=schedd_2531_a24a>
...
009 (1250141.000.000) 2025-07-17 17:42:45 Job was aborted.
	via condor_rm (by user achihwan)

	Job terminated by itself at 2025-07-17T08:40:04Z (using method 0: OF_ITS_OWN_ACCORD).
...
040 (1251226.000.000) 2025-07-17 17:43:04 Started transferring input files
	Transferring to host: <172.30.1.204:9618?addrs=172.30.1.204-9618&alias=node-w4.localdomain&noUDP&sock=slot1_12_4930_6182_68271>
...
040 (1251226.000.000) 2025-07-17 17:43:06 Finished transferring input files
...
001 (1251226.000.000) 2025-07-17 17:43:06 Job executing on host: <172.30.1.204:9618?addrs=172.30.1.204-9618&alias=node-w4.localdomain&noUDP&sock=startd_4896_d3c6>
	SlotName: slot1_12@node-w4.localdomain
	CondorScratchDir = "/var/lib/condor/execute/dir_2024822"
	Cpus = 2
	Disk = 751616
	GPUs = 0
	Memory = 16000
...
006 (1251226.000.000) 2025-07-17 17:43:20 Image size of job updated: 1144844
	1119  -  MemoryUsage of job (MB)
	1144844  -  ResidentSetSize of job (KB)
...
006 (1251226.000.000) 2025-07-17 17:43:29 Image size of job updated: 2199796
	2149  -  MemoryUsage of job (MB)
	2199796  -  ResidentSetSize of job (KB)
...
040 (1251226.000.000) 2025-07-17 17:43:29 Started transferring output files
...
040 (1251226.000.000) 2025-07-17 17:43:29 Finished transferring output files
...
021 (1251226.000.000) 2025-07-17 17:43:29 Error from starter on slot1_12@node-w4.localdomain:
	STARTER at 172.30.1.204 failed to send file(s) to <172.30.1.200:9618>: |Error: reading from file /var/lib/condor/execute/dir_2024822/*.png: (errno 2) No such file or directory; SHADOW failed to receive file(s) from <172.30.1.204:38033>
	Code 13 Subcode 2
...
004 (1251226.000.000) 2025-07-17 17:43:29 Job was evicted.
	(0) CPU times
		Usr 0 00:00:16, Sys 0 00:00:02  -  Run Remote Usage
		Usr 0 00:00:00, Sys 0 00:00:00  -  Run Local Usage
	4418  -  Run Bytes Sent By Job
	690276544  -  Run Bytes Received By Job
	Transfer output files failure at execution point slot1_12@node-w4.localdomain while sending files to access point tamsa2. Details: reading from file /var/lib/condor/execute/dir_2024822/*.png: (errno 2) No such file or directory
	Partitionable Resources :    Usage  Request Allocated 
	   Cpus                 :                 2         2 
	   Disk (KB)            :  2774346   750000    751616 
	   GPUs                 :                           0 
	   Memory (MB)          :     2149    16000     16000 
	   TimeExecute (s)      :       23                    
	   TimeSlotBusy (s)     :       30                    
...
012 (1251226.000.000) 2025-07-17 17:43:29 Job was held.
	Transfer output files failure at execution point slot1_12@node-w4.localdomain while sending files to access point tamsa2. Details: reading from file /var/lib/condor/execute/dir_2024822/*.png: (errno 2) No such file or directory
	Code 12 Subcode 2
...
009 (1251226.000.000) 2025-07-17 17:44:17 Job was aborted.
	via condor_rm (by user achihwan)

	Job terminated by itself at 2025-07-17T08:43:29Z (using method 0: OF_ITS_OWN_ACCORD).
...
000 (1253149.000.000) 2025-07-17 17:44:35 Job submitted from host: <172.30.1.200:9618?addrs=172.30.1.200-9618&alias=tamsa2&noUDP&sock=schedd_2531_a24a>
...
040 (1253149.000.000) 2025-07-17 17:44:56 Started transferring input files
	Transferring to host: <172.30.1.219:9618?addrs=172.30.1.219-9618&alias=node-w19.localdomain&noUDP&sock=slot1_16_5155_e9eb_111058>
...
040 (1253149.000.000) 2025-07-17 17:44:58 Finished transferring input files
...
001 (1253149.000.000) 2025-07-17 17:44:58 Job executing on host: <172.30.1.219:9618?addrs=172.30.1.219-9618&alias=node-w19.localdomain&noUDP&sock=startd_5121_2895>
	SlotName: slot1_16@node-w19.localdomain
	CondorScratchDir = "/var/lib/condor/execute/dir_1079233"
	Cpus = 2
	Disk = 751616
	GPUs = 0
	Memory = 16000
...
006 (1253149.000.000) 2025-07-17 17:45:12 Image size of job updated: 1147204
	1121  -  MemoryUsage of job (MB)
	1147204  -  ResidentSetSize of job (KB)
...
006 (1253149.000.000) 2025-07-17 17:45:20 Image size of job updated: 2199788
	2149  -  MemoryUsage of job (MB)
	2199788  -  ResidentSetSize of job (KB)
...
040 (1253149.000.000) 2025-07-17 17:45:20 Started transferring output files
...
040 (1253149.000.000) 2025-07-17 17:45:20 Finished transferring output files
...
021 (1253149.000.000) 2025-07-17 17:45:20 Error from starter on slot1_16@node-w19.localdomain:
	STARTER at 172.30.1.219 failed to send file(s) to <172.30.1.200:9618>: |Error: reading from file /var/lib/condor/execute/dir_1079233/*.png: (errno 2) No such file or directory; SHADOW failed to receive file(s) from <172.30.1.219:44957>
	Code 13 Subcode 2
...
004 (1253149.000.000) 2025-07-17 17:45:20 Job was evicted.
	(0) CPU times
		Usr 0 00:00:17, Sys 0 00:00:04  -  Run Remote Usage
		Usr 0 00:00:00, Sys 0 00:00:00  -  Run Local Usage
	464  -  Run Bytes Sent By Job
	690276544  -  Run Bytes Received By Job
	Transfer output files failure at execution point slot1_16@node-w19.localdomain while sending files to access point tamsa2. Details: reading from file /var/lib/condor/execute/dir_1079233/*.png: (errno 2) No such file or directory
	Partitionable Resources :    Usage  Request Allocated 
	   Cpus                 :        0        2         2 
	   Disk (KB)            :  2774349   750000    751616 
	   GPUs                 :                           0 
	   Memory (MB)          :     2149    16000     16000 
	   TimeExecute (s)      :       22                    
	   TimeSlotBusy (s)     :       29                    
...
012 (1253149.000.000) 2025-07-17 17:45:20 Job was held.
	Transfer output files failure at execution point slot1_16@node-w19.localdomain while sending files to access point tamsa2. Details: reading from file /var/lib/condor/execute/dir_1079233/*.png: (errno 2) No such file or directory
	Code 12 Subcode 2
...
009 (1253149.000.000) 2025-07-17 17:54:41 Job was aborted.
	via condor_rm (by user achihwan)

	Job terminated by itself at 2025-07-17T08:45:20Z (using method 0: OF_ITS_OWN_ACCORD).
...
000 (1253216.000.000) 2025-07-17 17:58:17 Job submitted from host: <172.30.1.200:9618?addrs=172.30.1.200-9618&alias=tamsa2&noUDP&sock=schedd_2531_a24a>
...
040 (1253216.000.000) 2025-07-17 17:58:28 Started transferring input files
	Transferring to host: <172.30.1.212:9618?addrs=172.30.1.212-9618&alias=node-w12.localdomain&noUDP&sock=slot1_7_4978_3384_92225>
...
040 (1253216.000.000) 2025-07-17 17:58:33 Finished transferring input files
...
001 (1253216.000.000) 2025-07-17 17:58:33 Job executing on host: <172.30.1.212:9618?addrs=172.30.1.212-9618&alias=node-w12.localdomain&noUDP&sock=startd_4944_c052>
	SlotName: slot1_7@node-w12.localdomain
	CondorScratchDir = "/var/lib/condor/execute/dir_1166316"
	Cpus = 2
	Disk = 751616
	GPUs = 0
	Memory = 16000
...
006 (1253216.000.000) 2025-07-17 17:58:46 Image size of job updated: 773048
	755  -  MemoryUsage of job (MB)
	773048  -  ResidentSetSize of job (KB)
...
006 (1253216.000.000) 2025-07-17 17:59:02 Image size of job updated: 2199792
	2149  -  MemoryUsage of job (MB)
	2199792  -  ResidentSetSize of job (KB)
...
040 (1253216.000.000) 2025-07-17 17:59:02 Started transferring output files
...
040 (1253216.000.000) 2025-07-17 17:59:02 Finished transferring output files
...
021 (1253216.000.000) 2025-07-17 17:59:02 Error from starter on slot1_7@node-w12.localdomain:
	STARTER at 172.30.1.212 failed to send file(s) to <172.30.1.200:9618>: |Error: reading from file /var/lib/condor/execute/dir_1166316/*.png: (errno 2) No such file or directory; SHADOW failed to receive file(s) from <172.30.1.212:43519>
	Code 13 Subcode 2
...
004 (1253216.000.000) 2025-07-17 17:59:02 Job was evicted.
	(0) CPU times
		Usr 0 00:00:23, Sys 0 00:00:04  -  Run Remote Usage
		Usr 0 00:00:00, Sys 0 00:00:00  -  Run Local Usage
	454  -  Run Bytes Sent By Job
	690276544  -  Run Bytes Received By Job
	Transfer output files failure at execution point slot1_7@node-w12.localdomain while sending files to access point tamsa2. Details: reading from file /var/lib/condor/execute/dir_1166316/*.png: (errno 2) No such file or directory
	Partitionable Resources :    Usage  Request Allocated 
	   Cpus                 :        0        2         2 
	   Disk (KB)            :  2774349   750000    751616 
	   GPUs                 :                           0 
	   Memory (MB)          :     2149    16000     16000 
	   TimeExecute (s)      :       29                    
	   TimeSlotBusy (s)     :       34                    
...
012 (1253216.000.000) 2025-07-17 17:59:02 Job was held.
	Transfer output files failure at execution point slot1_7@node-w12.localdomain while sending files to access point tamsa2. Details: reading from file /var/lib/condor/execute/dir_1166316/*.png: (errno 2) No such file or directory
	Code 12 Subcode 2
...
009 (1253216.000.000) 2025-07-17 18:04:59 Job was aborted.
	via condor_rm (by user achihwan)

	Job terminated by itself at 2025-07-17T08:59:02Z (using method 0: OF_ITS_OWN_ACCORD).
...
000 (1253278.000.000) 2025-07-17 18:05:03 Job submitted from host: <172.30.1.200:9618?addrs=172.30.1.200-9618&alias=tamsa2&noUDP&sock=schedd_2531_a24a>
...
040 (1253278.000.000) 2025-07-17 18:05:30 Entered queue to transfer input files
	Transferring to host: <172.30.1.212:9618?addrs=172.30.1.212-9618&alias=node-w12.localdomain&noUDP&sock=slot1_16_4978_3384_92310>
...
040 (1253278.000.000) 2025-07-17 18:05:31 Started transferring input files
	Seconds spent in queue: 1
...
040 (1253278.000.000) 2025-07-17 18:05:34 Finished transferring input files
...
001 (1253278.000.000) 2025-07-17 18:05:34 Job executing on host: <172.30.1.212:9618?addrs=172.30.1.212-9618&alias=node-w12.localdomain&noUDP&sock=startd_4944_c052>
	SlotName: slot1_16@node-w12.localdomain
	CondorScratchDir = "/var/lib/condor/execute/dir_1174850"
	Cpus = 2
	Disk = 751616
	GPUs = 0
	Memory = 16000
...
006 (1253278.000.000) 2025-07-17 18:05:47 Image size of job updated: 887952
	868  -  MemoryUsage of job (MB)
	887952  -  ResidentSetSize of job (KB)
...
006 (1253278.000.000) 2025-07-17 18:05:59 Image size of job updated: 2199792
	2149  -  MemoryUsage of job (MB)
	2199792  -  ResidentSetSize of job (KB)
...
040 (1253278.000.000) 2025-07-17 18:05:59 Started transferring output files
	Seconds spent in queue: 29
...
040 (1253278.000.000) 2025-07-17 18:05:59 Finished transferring output files
...
021 (1253278.000.000) 2025-07-17 18:05:59 Error from starter on slot1_16@node-w12.localdomain:
	STARTER at 172.30.1.212 failed to send file(s) to <172.30.1.200:9618>: |Error: reading from file /var/lib/condor/execute/dir_1174850/*.png: (errno 2) No such file or directory; SHADOW failed to receive file(s) from <172.30.1.212:44677>
	Code 13 Subcode 2
...
004 (1253278.000.000) 2025-07-17 18:05:59 Job was evicted.
	(0) CPU times
		Usr 0 00:00:19, Sys 0 00:00:05  -  Run Remote Usage
		Usr 0 00:00:00, Sys 0 00:00:00  -  Run Local Usage
	466  -  Run Bytes Sent By Job
	690276480  -  Run Bytes Received By Job
	Transfer output files failure at execution point slot1_16@node-w12.localdomain while sending files to access point tamsa2. Details: reading from file /var/lib/condor/execute/dir_1174850/*.png: (errno 2) No such file or directory
	Partitionable Resources :    Usage  Request Allocated 
	   Cpus                 :                 2         2 
	   Disk (KB)            :  2774342   750000    751616 
	   GPUs                 :                           0 
	   Memory (MB)          :     2149    16000     16000 
	   TimeExecute (s)      :       25                    
	   TimeSlotBusy (s)     :       36                    
...
012 (1253278.000.000) 2025-07-17 18:05:59 Job was held.
	Transfer output files failure at execution point slot1_16@node-w12.localdomain while sending files to access point tamsa2. Details: reading from file /var/lib/condor/execute/dir_1174850/*.png: (errno 2) No such file or directory
	Code 12 Subcode 2
...
009 (1253278.000.000) 2025-07-17 18:13:43 Job was aborted.
	via condor_rm (by user achihwan)

	Job terminated by itself at 2025-07-17T09:05:59Z (using method 0: OF_ITS_OWN_ACCORD).
...
000 (1253343.000.000) 2025-07-17 18:13:48 Job submitted from host: <172.30.1.200:9618?addrs=172.30.1.200-9618&alias=tamsa2&noUDP&sock=schedd_2531_a24a>
...
040 (1253343.000.000) 2025-07-17 18:15:53 Started transferring input files
	Transferring to host: <172.30.1.217:9618?addrs=172.30.1.217-9618&alias=node-w17.localdomain&noUDP&sock=slot1_15_6391_c99d_117331>
...
040 (1253343.000.000) 2025-07-17 18:15:55 Finished transferring input files
...
001 (1253343.000.000) 2025-07-17 18:15:55 Job executing on host: <172.30.1.217:9618?addrs=172.30.1.217-9618&alias=node-w17.localdomain&noUDP&sock=startd_6357_f3a4>
	SlotName: slot1_15@node-w17.localdomain
	CondorScratchDir = "/var/lib/condor/execute/dir_4005214"
	Cpus = 2
	Disk = 751616
	GPUs = 0
	Memory = 16000
...
006 (1253343.000.000) 2025-07-17 18:16:10 Image size of job updated: 839244
	820  -  MemoryUsage of job (MB)
	839244  -  ResidentSetSize of job (KB)
...
006 (1253343.000.000) 2025-07-17 18:16:26 Image size of job updated: 2215328
	2149  -  MemoryUsage of job (MB)
	2199792  -  ResidentSetSize of job (KB)
...
040 (1253343.000.000) 2025-07-17 18:16:26 Started transferring output files
...
040 (1253343.000.000) 2025-07-17 18:16:26 Finished transferring output files
...
021 (1253343.000.000) 2025-07-17 18:16:26 Error from starter on slot1_15@node-w17.localdomain:
	STARTER at 172.30.1.217 failed to send file(s) to <172.30.1.200:9618>: |Error: reading from file /var/lib/condor/execute/dir_4005214/*.png: (errno 2) No such file or directory; SHADOW failed to receive file(s) from <172.30.1.217:40655>
	Code 13 Subcode 2
...
004 (1253343.000.000) 2025-07-17 18:16:26 Job was evicted.
	(0) CPU times
		Usr 0 00:00:23, Sys 0 00:00:04  -  Run Remote Usage
		Usr 0 00:00:00, Sys 0 00:00:00  -  Run Local Usage
	774  -  Run Bytes Sent By Job
	690276480  -  Run Bytes Received By Job
	Transfer output files failure at execution point slot1_15@node-w17.localdomain while sending files to access point tamsa2. Details: reading from file /var/lib/condor/execute/dir_4005214/*.png: (errno 2) No such file or directory
	Partitionable Resources :    Usage  Request Allocated 
	   Cpus                 :                 2         2 
	   Disk (KB)            :  2774343   750000    751616 
	   GPUs                 :                           0 
	   Memory (MB)          :     2149    16000     16000 
	   TimeExecute (s)      :       31                    
	   TimeSlotBusy (s)     :       36                    
...
012 (1253343.000.000) 2025-07-17 18:16:26 Job was held.
	Transfer output files failure at execution point slot1_15@node-w17.localdomain while sending files to access point tamsa2. Details: reading from file /var/lib/condor/execute/dir_4005214/*.png: (errno 2) No such file or directory
	Code 12 Subcode 2
...
009 (1253343.000.000) 2025-07-17 18:23:21 Job was aborted.
	via condor_rm (by user achihwan)

	Job terminated by itself at 2025-07-17T09:16:26Z (using method 0: OF_ITS_OWN_ACCORD).
...
000 (1253423.000.000) 2025-07-17 18:23:26 Job submitted from host: <172.30.1.200:9618?addrs=172.30.1.200-9618&alias=tamsa2&noUDP&sock=schedd_2531_a24a>
...
040 (1253423.000.000) 2025-07-17 18:23:51 Started transferring input files
	Transferring to host: <172.30.1.218:9618?addrs=172.30.1.218-9618&alias=node-w18.localdomain&noUDP&sock=slot1_32_5306_4e91_96590>
...
040 (1253423.000.000) 2025-07-17 18:23:55 Finished transferring input files
...
001 (1253423.000.000) 2025-07-17 18:23:55 Job executing on host: <172.30.1.218:9618?addrs=172.30.1.218-9618&alias=node-w18.localdomain&noUDP&sock=startd_5272_bb62>
	SlotName: slot1_32@node-w18.localdomain
	CondorScratchDir = "/var/lib/condor/execute/dir_2110625"
	Cpus = 2
	Disk = 751616
	GPUs = 0
	Memory = 16000
...
006 (1253423.000.000) 2025-07-17 18:24:08 Image size of job updated: 739516
	723  -  MemoryUsage of job (MB)
	739516  -  ResidentSetSize of job (KB)
...
006 (1253423.000.000) 2025-07-17 18:24:25 Image size of job updated: 2263812
	2149  -  MemoryUsage of job (MB)
	2199792  -  ResidentSetSize of job (KB)
...
040 (1253423.000.000) 2025-07-17 18:24:26 Started transferring output files
...
040 (1253423.000.000) 2025-07-17 18:24:26 Finished transferring output files
...
005 (1253423.000.000) 2025-07-17 18:24:26 Job terminated.
	(1) Normal termination (return value 0)
		Usr 0 00:00:24, Sys 0 00:00:04  -  Run Remote Usage
		Usr 0 00:00:00, Sys 0 00:00:00  -  Run Local Usage
		Usr 0 00:00:24, Sys 0 00:00:04  -  Total Remote Usage
		Usr 0 00:00:00, Sys 0 00:00:00  -  Total Local Usage
	517  -  Run Bytes Sent By Job
	690276544  -  Run Bytes Received By Job
	517  -  Total Bytes Sent By Job
	690276544  -  Total Bytes Received By Job
	Partitionable Resources :    Usage  Request Allocated 
	   Cpus                 :                 2         2 
	   Disk (KB)            :  2774343   750000    751616 
	   GPUs                 :                           0 
	   Memory (MB)          :     2149    16000     16000 
	   TimeExecute (s)      :       30                    
	   TimeSlotBusy (s)     :       39                    

	Job terminated of its own accord at 2025-07-17T09:24:25Z with exit-code 0.
...
000 (1253483.000.000) 2025-07-17 18:29:03 Job submitted from host: <172.30.1.200:9618?addrs=172.30.1.200-9618&alias=tamsa2&noUDP&sock=schedd_2531_a24a>
...
040 (1253483.000.000) 2025-07-17 18:29:26 Started transferring input files
	Transferring to host: <172.30.1.218:9618?addrs=172.30.1.218-9618&alias=node-w18.localdomain&noUDP&sock=slot1_28_5306_4e91_96617>
...
040 (1253483.000.000) 2025-07-17 18:29:30 Finished transferring input files
...
001 (1253483.000.000) 2025-07-17 18:29:30 Job executing on host: <172.30.1.218:9618?addrs=172.30.1.218-9618&alias=node-w18.localdomain&noUDP&sock=startd_5272_bb62>
	SlotName: slot1_28@node-w18.localdomain
	CondorScratchDir = "/var/lib/condor/execute/dir_2114048"
	Cpus = 2
	Disk = 751616
	GPUs = 0
	Memory = 16000
...
006 (1253483.000.000) 2025-07-17 18:29:45 Image size of job updated: 821264
	803  -  MemoryUsage of job (MB)
	821264  -  ResidentSetSize of job (KB)
...
006 (1253483.000.000) 2025-07-17 18:29:59 Image size of job updated: 2199792
	2149  -  MemoryUsage of job (MB)
	2199792  -  ResidentSetSize of job (KB)
...
040 (1253483.000.000) 2025-07-17 18:29:59 Started transferring output files
...
040 (1253483.000.000) 2025-07-17 18:29:59 Finished transferring output files
...
005 (1253483.000.000) 2025-07-17 18:29:59 Job terminated.
	(1) Normal termination (return value 0)
		Usr 0 00:00:22, Sys 0 00:00:04  -  Run Remote Usage
		Usr 0 00:00:00, Sys 0 00:00:00  -  Run Local Usage
		Usr 0 00:00:22, Sys 0 00:00:04  -  Total Remote Usage
		Usr 0 00:00:00, Sys 0 00:00:00  -  Total Local Usage
	517  -  Run Bytes Sent By Job
	690277120  -  Run Bytes Received By Job
	517  -  Total Bytes Sent By Job
	690277120  -  Total Bytes Received By Job
	Partitionable Resources :      Usage  Request Allocated 
	   Cpus                 :       0.95        2         2 
	   Disk (KB)            : 2774350      750000    751616 
	   GPUs                 :                             0 
	   Memory (MB)          :    2149       16000     16000 
	   TimeExecute (s)      :      29                       
	   TimeSlotBusy (s)     :      36                       

	Job terminated of its own accord at 2025-07-17T09:29:59Z with exit-code 0.
...
