000 (1246642.000.000) 2025-07-17 16:10:36 Job submitted from host: <172.30.1.200:9618?addrs=172.30.1.200-9618&alias=tamsa2&noUDP&sock=schedd_2531_a24a>
...
040 (1246642.000.000) 2025-07-17 16:10:40 Started transferring input files
	Transferring to host: <172.30.1.207:9618?addrs=172.30.1.207-9618&alias=node-w7.localdomain&noUDP&sock=slot1_8_4978_3384_38188>
...
001 (1246642.000.000) 2025-07-17 16:10:41 Job executing on host: <172.30.1.207:9618?addrs=172.30.1.207-9618&alias=node-w7.localdomain&noUDP&sock=startd_4944_c052>
	SlotName: slot1_8@node-w7.localdomain
	CondorScratchDir = "/var/lib/condor/execute/dir_2116861"
	Cpus = 2
	Disk = 2048
	GPUs = 0
	Memory = 16000
...
040 (1246642.000.000) 2025-07-17 16:10:41 Finished transferring input files
...
021 (1246642.000.000) 2025-07-17 16:10:46 Error from starter on slot1_8@node-w7.localdomain:
	Failed to execute '/var/lib/condor/execute/dir_2116861/run_QCD_HT100to200.py': (errno=8: 'Exec format error')
	Code 6 Subcode 8
...
004 (1246642.000.000) 2025-07-17 16:10:46 Job was evicted.
	(0) CPU times
		Usr 0 00:00:00, Sys 0 00:00:00  -  Run Remote Usage
		Usr 0 00:00:00, Sys 0 00:00:00  -  Run Local Usage
	0  -  Run Bytes Sent By Job
	31435  -  Run Bytes Received By Job
	Error from slot1_8@node-w7.localdomain: Failed to execute '/var/lib/condor/execute/dir_2116861/run_QCD_HT100to200.py': (errno=8: 'Exec format error')
	Partitionable Resources :    Usage  Request Allocated 
	   Cpus                 :                 2         2 
	   Disk (KB)            :       32       32      2048 
	   GPUs                 :                           0 
	   Memory (MB)          :             16000     16000 
	   TimeSlotBusy (s)     :        6                    
...
012 (1246642.000.000) 2025-07-17 16:10:46 Job was held.
	Error from slot1_8@node-w7.localdomain: Failed to execute '/var/lib/condor/execute/dir_2116861/run_QCD_HT100to200.py': (errno=8: 'Exec format error')
	Code 6 Subcode 8
...
009 (1246642.000.000) 2025-07-17 16:11:55 Job was aborted.
	via condor_rm (by user achihwan)
...
000 (1246695.000.000) 2025-07-17 16:14:08 Job submitted from host: <172.30.1.200:9618?addrs=172.30.1.200-9618&alias=tamsa2&noUDP&sock=schedd_2531_a24a>
...
040 (1246695.000.000) 2025-07-17 16:14:23 Started transferring input files
	Transferring to host: <172.30.1.211:9618?addrs=172.30.1.211-9618&alias=node-w11.localdomain&noUDP&sock=slot1_8_4969_dc23_57553>
...
001 (1246695.000.000) 2025-07-17 16:14:23 Job executing on host: <172.30.1.211:9618?addrs=172.30.1.211-9618&alias=node-w11.localdomain&noUDP&sock=startd_4935_93f7>
	SlotName: slot1_8@node-w11.localdomain
	CondorScratchDir = "/var/lib/condor/execute/dir_341119"
	Cpus = 2
	Disk = 2048
	GPUs = 0
	Memory = 16000
...
040 (1246695.000.000) 2025-07-17 16:14:23 Finished transferring input files
...
021 (1246695.000.000) 2025-07-17 16:14:28 Error from starter on slot1_8@node-w11.localdomain:
	Failed to execute '/var/lib/condor/execute/dir_341119/run_QCD_HT100to200.py' with arguments python *.py: (errno=8: 'Exec format error')
	Code 6 Subcode 8
...
004 (1246695.000.000) 2025-07-17 16:14:28 Job was evicted.
	(0) CPU times
		Usr 0 00:00:00, Sys 0 00:00:00  -  Run Remote Usage
		Usr 0 00:00:00, Sys 0 00:00:00  -  Run Local Usage
	0  -  Run Bytes Sent By Job
	31435  -  Run Bytes Received By Job
	Error from slot1_8@node-w11.localdomain: Failed to execute '/var/lib/condor/execute/dir_341119/run_QCD_HT100to200.py' with arguments python *.py: (errno=8: 'Exec format error')
	Partitionable Resources :    Usage  Request Allocated 
	   Cpus                 :                 2         2 
	   Disk (KB)            :       32       32      2048 
	   GPUs                 :                           0 
	   Memory (MB)          :             16000     16000 
	   TimeSlotBusy (s)     :        5                    
...
012 (1246695.000.000) 2025-07-17 16:14:28 Job was held.
	Error from slot1_8@node-w11.localdomain: Failed to execute '/var/lib/condor/execute/dir_341119/run_QCD_HT100to200.py' with arguments python *.py: (errno=8: 'Exec format error')
	Code 6 Subcode 8
...
009 (1246695.000.000) 2025-07-17 16:16:03 Job was aborted.
	via condor_rm (by user achihwan)
...
000 (1247395.000.000) 2025-07-17 16:30:16 Job submitted from host: <172.30.1.200:9618?addrs=172.30.1.200-9618&alias=tamsa2&noUDP&sock=schedd_2531_a24a>
...
040 (1247395.000.000) 2025-07-17 16:30:36 Started transferring input files
	Transferring to host: <172.30.1.105:9618?addrs=172.30.1.105-9618&alias=node-g5.localdomain&noUDP&sock=slot1_2_5280_fcd0_13871>
...
040 (1247395.000.000) 2025-07-17 16:30:36 Finished transferring input files
...
001 (1247395.000.000) 2025-07-17 16:30:36 Job executing on host: <172.30.1.105:9618?addrs=172.30.1.105-9618&alias=node-g5.localdomain&noUDP&sock=startd_5246_e5ec>
	SlotName: slot1_2@node-g5.localdomain
	CondorScratchDir = "/var/lib/condor/execute/dir_2567272"
	Cpus = 2
	Disk = 2048
	GPUs = 0
	Memory = 16000
...
006 (1247395.000.000) 2025-07-17 16:30:41 Image size of job updated: 104
	1  -  MemoryUsage of job (MB)
	4  -  ResidentSetSize of job (KB)
...
040 (1247395.000.000) 2025-07-17 16:30:41 Started transferring output files
...
040 (1247395.000.000) 2025-07-17 16:30:41 Finished transferring output files
...
021 (1247395.000.000) 2025-07-17 16:30:41 Error from starter on slot1_2@node-g5.localdomain:
	STARTER at 172.30.1.105 failed to send file(s) to <172.30.1.200:9618>: |Error: reading from file /var/lib/condor/execute/dir_2567272/*.png: (errno 2) No such file or directory; SHADOW failed to receive file(s) from <172.30.1.105:43983>
	Code 13 Subcode 2
...
004 (1247395.000.000) 2025-07-17 16:30:41 Job was evicted.
	(0) CPU times
		Usr 0 00:00:00, Sys 0 00:00:00  -  Run Remote Usage
		Usr 0 00:00:00, Sys 0 00:00:00  -  Run Local Usage
	145  -  Run Bytes Sent By Job
	31487  -  Run Bytes Received By Job
	Transfer output files failure at execution point slot1_2@node-g5.localdomain while sending files to access point tamsa2. Details: reading from file /var/lib/condor/execute/dir_2567272/*.png: (errno 2) No such file or directory
	Partitionable Resources :    Usage  Request Allocated 
	   Cpus                 :        0        2         2 
	   Disk (KB)            :       53       35      2048 
	   GPUs                 :                           0 
	   Memory (MB)          :        1    16000     16000 
	   TimeExecute (s)      :        5                    
	   TimeSlotBusy (s)     :        5                    
...
012 (1247395.000.000) 2025-07-17 16:30:41 Job was held.
	Transfer output files failure at execution point slot1_2@node-g5.localdomain while sending files to access point tamsa2. Details: reading from file /var/lib/condor/execute/dir_2567272/*.png: (errno 2) No such file or directory
	Code 12 Subcode 2
...
009 (1247395.000.000) 2025-07-17 16:32:04 Job was aborted.
	via condor_rm (by user achihwan)

	Job terminated by itself at 2025-07-17T07:30:41Z (using method 0: OF_ITS_OWN_ACCORD).
...
000 (1247455.000.000) 2025-07-17 16:32:09 Job submitted from host: <172.30.1.200:9618?addrs=172.30.1.200-9618&alias=tamsa2&noUDP&sock=schedd_2531_a24a>
...
040 (1247455.000.000) 2025-07-17 16:32:29 Started transferring input files
	Transferring to host: <172.30.1.110:9618?addrs=172.30.1.110-9618&alias=node-g10.localdomain&noUDP&sock=slot1_7_6414_fe3e_19787>
...
040 (1247455.000.000) 2025-07-17 16:32:29 Finished transferring input files
...
001 (1247455.000.000) 2025-07-17 16:32:29 Job executing on host: <172.30.1.110:9618?addrs=172.30.1.110-9618&alias=node-g10.localdomain&noUDP&sock=startd_6380_ba51>
	SlotName: slot1_7@node-g10.localdomain
	CondorScratchDir = "/var/lib/condor/execute/dir_3257158"
	Cpus = 2
	Disk = 2048
	GPUs = 0
	Memory = 16000
...
006 (1247455.000.000) 2025-07-17 16:32:34 Image size of job updated: 148
	1  -  MemoryUsage of job (MB)
	4  -  ResidentSetSize of job (KB)
...
040 (1247455.000.000) 2025-07-17 16:32:34 Started transferring output files
...
040 (1247455.000.000) 2025-07-17 16:32:34 Finished transferring output files
...
021 (1247455.000.000) 2025-07-17 16:32:35 Error from starter on slot1_7@node-g10.localdomain:
	STARTER at 172.30.1.110 failed to send file(s) to <172.30.1.200:9618>: |Error: reading from file /var/lib/condor/execute/dir_3257158/*.png: (errno 2) No such file or directory; SHADOW failed to receive file(s) from <172.30.1.110:38019>
	Code 13 Subcode 2
...
004 (1247455.000.000) 2025-07-17 16:32:35 Job was evicted.
	(0) CPU times
		Usr 0 00:00:00, Sys 0 00:00:00  -  Run Remote Usage
		Usr 0 00:00:00, Sys 0 00:00:00  -  Run Local Usage
	117  -  Run Bytes Sent By Job
	31476  -  Run Bytes Received By Job
	Transfer output files failure at execution point slot1_7@node-g10.localdomain while sending files to access point tamsa2. Details: reading from file /var/lib/condor/execute/dir_3257158/*.png: (errno 2) No such file or directory
	Partitionable Resources :    Usage  Request Allocated 
	   Cpus                 :        0        2         2 
	   Disk (KB)            :       53       35      2048 
	   GPUs                 :                           0 
	   Memory (MB)          :        1    16000     16000 
	   TimeExecute (s)      :        5                    
	   TimeSlotBusy (s)     :        6                    
...
012 (1247455.000.000) 2025-07-17 16:32:35 Job was held.
	Transfer output files failure at execution point slot1_7@node-g10.localdomain while sending files to access point tamsa2. Details: reading from file /var/lib/condor/execute/dir_3257158/*.png: (errno 2) No such file or directory
	Code 12 Subcode 2
...
009 (1247455.000.000) 2025-07-17 16:36:30 Job was aborted.
	via condor_rm (by user achihwan)

	Job terminated by itself at 2025-07-17T07:32:34Z (using method 0: OF_ITS_OWN_ACCORD).
...
000 (1247515.000.000) 2025-07-17 16:36:35 Job submitted from host: <172.30.1.200:9618?addrs=172.30.1.200-9618&alias=tamsa2&noUDP&sock=schedd_2531_a24a>
...
040 (1247515.000.000) 2025-07-17 16:36:55 Started transferring input files
	Transferring to host: <172.30.1.206:9618?addrs=172.30.1.206-9618&alias=node-w6.localdomain&noUDP&sock=slot1_4_4969_dc23_29384>
...
001 (1247515.000.000) 2025-07-17 16:36:55 Job executing on host: <172.30.1.206:9618?addrs=172.30.1.206-9618&alias=node-w6.localdomain&noUDP&sock=startd_4935_93f7>
	SlotName: slot1_4@node-w6.localdomain
	CondorScratchDir = "/var/lib/condor/execute/dir_431106"
	Cpus = 2
	Disk = 2048
	GPUs = 0
	Memory = 16000
...
040 (1247515.000.000) 2025-07-17 16:36:55 Finished transferring input files
...
006 (1247515.000.000) 2025-07-17 16:37:00 Image size of job updated: 136
	1  -  MemoryUsage of job (MB)
	8  -  ResidentSetSize of job (KB)
...
040 (1247515.000.000) 2025-07-17 16:37:00 Started transferring output files
...
040 (1247515.000.000) 2025-07-17 16:37:00 Finished transferring output files
...
021 (1247515.000.000) 2025-07-17 16:37:01 Error from starter on slot1_4@node-w6.localdomain:
	STARTER at 172.30.1.206 failed to send file(s) to <172.30.1.200:9618>: |Error: reading from file /var/lib/condor/execute/dir_431106/*.png: (errno 2) No such file or directory; SHADOW failed to receive file(s) from <172.30.1.206:35675>
	Code 13 Subcode 2
...
004 (1247515.000.000) 2025-07-17 16:37:01 Job was evicted.
	(0) CPU times
		Usr 0 00:00:00, Sys 0 00:00:00  -  Run Remote Usage
		Usr 0 00:00:00, Sys 0 00:00:00  -  Run Local Usage
	218  -  Run Bytes Sent By Job
	31480  -  Run Bytes Received By Job
	Transfer output files failure at execution point slot1_4@node-w6.localdomain while sending files to access point tamsa2. Details: reading from file /var/lib/condor/execute/dir_431106/*.png: (errno 2) No such file or directory
	Partitionable Resources :    Usage  Request Allocated 
	   Cpus                 :        0        2         2 
	   Disk (KB)            :       54       35      2048 
	   GPUs                 :                           0 
	   Memory (MB)          :        1    16000     16000 
	   TimeExecute (s)      :        5                    
	   TimeSlotBusy (s)     :        6                    
...
012 (1247515.000.000) 2025-07-17 16:37:01 Job was held.
	Transfer output files failure at execution point slot1_4@node-w6.localdomain while sending files to access point tamsa2. Details: reading from file /var/lib/condor/execute/dir_431106/*.png: (errno 2) No such file or directory
	Code 12 Subcode 2
...
009 (1247515.000.000) 2025-07-17 16:38:09 Job was aborted.
	via condor_rm (by user achihwan)

	Job terminated by itself at 2025-07-17T07:37:00Z (using method 0: OF_ITS_OWN_ACCORD).
...
000 (1247574.000.000) 2025-07-17 16:38:18 Job submitted from host: <172.30.1.200:9618?addrs=172.30.1.200-9618&alias=tamsa2&noUDP&sock=schedd_2531_a24a>
...
040 (1247574.000.000) 2025-07-17 16:39:38 Started transferring input files
	Transferring to host: <172.30.1.220:9618?addrs=172.30.1.220-9618&alias=node-w20.localdomain&noUDP&sock=slot1_15_5233_df2e_134524>
...
040 (1247574.000.000) 2025-07-17 16:39:38 Finished transferring input files
...
001 (1247574.000.000) 2025-07-17 16:39:38 Job executing on host: <172.30.1.220:9618?addrs=172.30.1.220-9618&alias=node-w20.localdomain&noUDP&sock=startd_5199_a8f8>
	SlotName: slot1_15@node-w20.localdomain
	CondorScratchDir = "/var/lib/condor/execute/dir_3074373"
	Cpus = 2
	Disk = 2048
	GPUs = 0
	Memory = 16000
...
006 (1247574.000.000) 2025-07-17 16:39:43 Image size of job updated: 164
	1  -  MemoryUsage of job (MB)
	8  -  ResidentSetSize of job (KB)
...
040 (1247574.000.000) 2025-07-17 16:39:43 Started transferring output files
...
040 (1247574.000.000) 2025-07-17 16:39:43 Finished transferring output files
...
021 (1247574.000.000) 2025-07-17 16:39:43 Error from starter on slot1_15@node-w20.localdomain:
	STARTER at 172.30.1.220 failed to send file(s) to <172.30.1.200:9618>: |Error: reading from file /var/lib/condor/execute/dir_3074373/*.png: (errno 2) No such file or directory; SHADOW failed to receive file(s) from <172.30.1.220:34397>
	Code 13 Subcode 2
...
004 (1247574.000.000) 2025-07-17 16:39:43 Job was evicted.
	(0) CPU times
		Usr 0 00:00:00, Sys 0 00:00:00  -  Run Remote Usage
		Usr 0 00:00:00, Sys 0 00:00:00  -  Run Local Usage
	289  -  Run Bytes Sent By Job
	31484  -  Run Bytes Received By Job
	Transfer output files failure at execution point slot1_15@node-w20.localdomain while sending files to access point tamsa2. Details: reading from file /var/lib/condor/execute/dir_3074373/*.png: (errno 2) No such file or directory
	Partitionable Resources :    Usage  Request Allocated 
	   Cpus                 :        0        2         2 
	   Disk (KB)            :       54       35      2048 
	   GPUs                 :                           0 
	   Memory (MB)          :        1    16000     16000 
	   TimeExecute (s)      :        5                    
	   TimeSlotBusy (s)     :        5                    
...
012 (1247574.000.000) 2025-07-17 16:39:43 Job was held.
	Transfer output files failure at execution point slot1_15@node-w20.localdomain while sending files to access point tamsa2. Details: reading from file /var/lib/condor/execute/dir_3074373/*.png: (errno 2) No such file or directory
	Code 12 Subcode 2
...
009 (1247574.000.000) 2025-07-17 16:41:20 Job was aborted.
	via condor_rm (by user achihwan)

	Job terminated by itself at 2025-07-17T07:39:43Z (using method 0: OF_ITS_OWN_ACCORD).
...
000 (1247636.000.000) 2025-07-17 16:51:13 Job submitted from host: <172.30.1.200:9618?addrs=172.30.1.200-9618&alias=tamsa2&noUDP&sock=schedd_2531_a24a>
...
040 (1247636.000.000) 2025-07-17 16:51:36 Started transferring input files
	Transferring to host: <172.30.1.208:9618?addrs=172.30.1.208-9618&alias=node-w8.localdomain&noUDP&sock=slot1_5_4971_44e3_56676>
...
040 (1247636.000.000) 2025-07-17 16:51:40 Finished transferring input files
...
001 (1247636.000.000) 2025-07-17 16:51:40 Job executing on host: <172.30.1.208:9618?addrs=172.30.1.208-9618&alias=node-w8.localdomain&noUDP&sock=startd_4937_f328>
	SlotName: slot1_5@node-w8.localdomain
	CondorScratchDir = "/var/lib/condor/execute/dir_1004304"
	Cpus = 2
	Disk = 751616
	GPUs = 0
	Memory = 16000
...
006 (1247636.000.000) 2025-07-17 16:51:53 Image size of job updated: 987592
	965  -  MemoryUsage of job (MB)
	987592  -  ResidentSetSize of job (KB)
...
006 (1247636.000.000) 2025-07-17 16:52:03 Image size of job updated: 2199792
	2149  -  MemoryUsage of job (MB)
	2199792  -  ResidentSetSize of job (KB)
...
040 (1247636.000.000) 2025-07-17 16:52:03 Started transferring output files
...
040 (1247636.000.000) 2025-07-17 16:52:03 Finished transferring output files
...
021 (1247636.000.000) 2025-07-17 16:52:03 Error from starter on slot1_5@node-w8.localdomain:
	STARTER at 172.30.1.208 failed to send file(s) to <172.30.1.200:9618>: |Error: reading from file /var/lib/condor/execute/dir_1004304/*.png: (errno 2) No such file or directory; SHADOW failed to receive file(s) from <172.30.1.208:43773>
	Code 13 Subcode 2
...
004 (1247636.000.000) 2025-07-17 16:52:03 Job was evicted.
	(0) CPU times
		Usr 0 00:00:16, Sys 0 00:00:02  -  Run Remote Usage
		Usr 0 00:00:00, Sys 0 00:00:00  -  Run Local Usage
	627  -  Run Bytes Sent By Job
	690288384  -  Run Bytes Received By Job
	Transfer output files failure at execution point slot1_5@node-w8.localdomain while sending files to access point tamsa2. Details: reading from file /var/lib/condor/execute/dir_1004304/*.png: (errno 2) No such file or directory
	Partitionable Resources :    Usage  Request Allocated 
	   Cpus                 :        0        2         2 
	   Disk (KB)            :  2774361   750000    751616 
	   GPUs                 :                           0 
	   Memory (MB)          :     2149    16000     16000 
	   TimeExecute (s)      :       23                    
	   TimeSlotBusy (s)     :       30                    
...
012 (1247636.000.000) 2025-07-17 16:52:03 Job was held.
	Transfer output files failure at execution point slot1_5@node-w8.localdomain while sending files to access point tamsa2. Details: reading from file /var/lib/condor/execute/dir_1004304/*.png: (errno 2) No such file or directory
	Code 12 Subcode 2
...
009 (1247636.000.000) 2025-07-17 17:02:33 Job was aborted.
	via condor_rm (by user achihwan)

	Job terminated by itself at 2025-07-17T07:52:03Z (using method 0: OF_ITS_OWN_ACCORD).
...
000 (1247697.000.000) 2025-07-17 17:02:55 Job submitted from host: <172.30.1.200:9618?addrs=172.30.1.200-9618&alias=tamsa2&noUDP&sock=schedd_2531_a24a>
...
040 (1247697.000.000) 2025-07-17 17:03:14 Started transferring input files
	Transferring to host: <172.30.1.208:9618?addrs=172.30.1.208-9618&alias=node-w8.localdomain&noUDP&sock=slot1_9_4971_44e3_56707>
...
040 (1247697.000.000) 2025-07-17 17:03:14 Finished transferring input files
...
040 (1247697.000.000) 2025-07-17 17:03:15 Started transferring output files
...
021 (1247697.000.000) 2025-07-17 17:03:15 Error from starter on slot1_9@node-w8.localdomain:
	Failed to transfer files: SHADOW at 172.30.1.200 failed to send file(s) to <172.30.1.208:42653>: |Error: reading from file /data6/Users/achihwan/hepenv.tar.gz: (errno 2) No such file or directory; STARTER failed to receive file(s) from <172.30.1.200:9618>
	Code 13 Subcode 2
...
004 (1247697.000.000) 2025-07-17 17:03:15 Job was evicted.
	(0) CPU times
		Usr 0 00:00:00, Sys 0 00:00:00  -  Run Remote Usage
		Usr 0 00:00:00, Sys 0 00:00:00  -  Run Local Usage
	0  -  Run Bytes Sent By Job
	31528  -  Run Bytes Received By Job
	Transfer input files failure at access point tamsa2 while sending files to execution point slot1_9@node-w8.localdomain. Details: reading from file /data6/Users/achihwan/hepenv.tar.gz: (errno 2) No such file or directory
	Partitionable Resources :    Usage  Request Allocated 
	   Cpus                 :                 2         2 
	   Disk (KB)            :       47       35      2048 
	   GPUs                 :                           0 
	   Memory (MB)          :             16000     16000 
...
012 (1247697.000.000) 2025-07-17 17:03:15 Job was held.
	Transfer input files failure at access point tamsa2 while sending files to execution point slot1_9@node-w8.localdomain. Details: reading from file /data6/Users/achihwan/hepenv.tar.gz: (errno 2) No such file or directory
	Code 13 Subcode 2
...
009 (1247697.000.000) 2025-07-17 17:05:02 Job was aborted.
	via condor_rm (by user achihwan)
...
000 (1247757.000.000) 2025-07-17 17:05:06 Job submitted from host: <172.30.1.200:9618?addrs=172.30.1.200-9618&alias=tamsa2&noUDP&sock=schedd_2531_a24a>
...
040 (1247757.000.000) 2025-07-17 17:05:26 Started transferring input files
	Transferring to host: <172.30.1.215:9618?addrs=172.30.1.215-9618&alias=node-w15.localdomain&noUDP&sock=slot1_5_5185_0d2c_105086>
...
040 (1247757.000.000) 2025-07-17 17:05:26 Finished transferring input files
...
040 (1247757.000.000) 2025-07-17 17:05:27 Started transferring output files
...
021 (1247757.000.000) 2025-07-17 17:05:27 Error from starter on slot1_5@node-w15.localdomain:
	Failed to transfer files: SHADOW at 172.30.1.200 failed to send file(s) to <172.30.1.215:33839>: |Error: reading from file /data6/Users/achihwan/hepenv.tar.gz: (errno 2) No such file or directory; STARTER failed to receive file(s) from <172.30.1.200:9618>
	Code 13 Subcode 2
...
004 (1247757.000.000) 2025-07-17 17:05:27 Job was evicted.
	(0) CPU times
		Usr 0 00:00:00, Sys 0 00:00:00  -  Run Remote Usage
		Usr 0 00:00:00, Sys 0 00:00:00  -  Run Local Usage
	0  -  Run Bytes Sent By Job
	31478  -  Run Bytes Received By Job
	Transfer input files failure at access point tamsa2 while sending files to execution point slot1_5@node-w15.localdomain. Details: reading from file /data6/Users/achihwan/hepenv.tar.gz: (errno 2) No such file or directory
	Partitionable Resources :    Usage  Request Allocated 
	   Cpus                 :                 2         2 
	   Disk (KB)            :       47       35      2048 
	   GPUs                 :                           0 
	   Memory (MB)          :             16000     16000 
...
012 (1247757.000.000) 2025-07-17 17:05:27 Job was held.
	Transfer input files failure at access point tamsa2 while sending files to execution point slot1_5@node-w15.localdomain. Details: reading from file /data6/Users/achihwan/hepenv.tar.gz: (errno 2) No such file or directory
	Code 13 Subcode 2
...
009 (1247757.000.000) 2025-07-17 17:06:33 Job was aborted.
	via condor_rm (by user achihwan)
...
000 (1247816.000.000) 2025-07-17 17:06:36 Job submitted from host: <172.30.1.200:9618?addrs=172.30.1.200-9618&alias=tamsa2&noUDP&sock=schedd_2531_a24a>
...
040 (1247816.000.000) 2025-07-17 17:06:48 Started transferring input files
	Transferring to host: <172.30.1.211:9618?addrs=172.30.1.211-9618&alias=node-w11.localdomain&noUDP&sock=slot1_10_4969_dc23_57770>
...
001 (1247816.000.000) 2025-07-17 17:06:48 Job executing on host: <172.30.1.211:9618?addrs=172.30.1.211-9618&alias=node-w11.localdomain&noUDP&sock=startd_4935_93f7>
	SlotName: slot1_10@node-w11.localdomain
	CondorScratchDir = "/var/lib/condor/execute/dir_367513"
	Cpus = 2
	Disk = 2048
	GPUs = 0
	Memory = 16000
...
040 (1247816.000.000) 2025-07-17 17:06:48 Finished transferring input files
...
006 (1247816.000.000) 2025-07-17 17:06:53 Image size of job updated: 108
	1  -  MemoryUsage of job (MB)
	8  -  ResidentSetSize of job (KB)
...
040 (1247816.000.000) 2025-07-17 17:06:53 Started transferring output files
...
040 (1247816.000.000) 2025-07-17 17:06:53 Finished transferring output files
...
021 (1247816.000.000) 2025-07-17 17:06:54 Error from starter on slot1_10@node-w11.localdomain:
	STARTER at 172.30.1.211 failed to send file(s) to <172.30.1.200:9618>: |Error: reading from file /var/lib/condor/execute/dir_367513/*.png: (errno 2) No such file or directory; SHADOW failed to receive file(s) from <172.30.1.211:36315>
	Code 13 Subcode 2
...
004 (1247816.000.000) 2025-07-17 17:06:54 Job was evicted.
	(0) CPU times
		Usr 0 00:00:00, Sys 0 00:00:00  -  Run Remote Usage
		Usr 0 00:00:00, Sys 0 00:00:00  -  Run Local Usage
	288  -  Run Bytes Sent By Job
	31478  -  Run Bytes Received By Job
	Transfer output files failure at execution point slot1_10@node-w11.localdomain while sending files to access point tamsa2. Details: reading from file /var/lib/condor/execute/dir_367513/*.png: (errno 2) No such file or directory
	Partitionable Resources :    Usage  Request Allocated 
	   Cpus                 :        0        2         2 
	   Disk (KB)            :       54       35      2048 
	   GPUs                 :                           0 
	   Memory (MB)          :        1    16000     16000 
	   TimeExecute (s)      :        5                    
	   TimeSlotBusy (s)     :        6                    
...
012 (1247816.000.000) 2025-07-17 17:06:54 Job was held.
	Transfer output files failure at execution point slot1_10@node-w11.localdomain while sending files to access point tamsa2. Details: reading from file /var/lib/condor/execute/dir_367513/*.png: (errno 2) No such file or directory
	Code 12 Subcode 2
...
009 (1247816.000.000) 2025-07-17 17:08:14 Job was aborted.
	via condor_rm (by user achihwan)

	Job terminated by itself at 2025-07-17T08:06:53Z (using method 0: OF_ITS_OWN_ACCORD).
...
000 (1247875.000.000) 2025-07-17 17:08:22 Job submitted from host: <172.30.1.200:9618?addrs=172.30.1.200-9618&alias=tamsa2&noUDP&sock=schedd_2531_a24a>
...
009 (1247875.000.000) 2025-07-17 17:08:34 Job was aborted.
	via condor_rm (by user achihwan)
...
000 (1247934.000.000) 2025-07-17 17:08:51 Job submitted from host: <172.30.1.200:9618?addrs=172.30.1.200-9618&alias=tamsa2&noUDP&sock=schedd_2531_a24a>
...
040 (1247934.000.000) 2025-07-17 17:09:03 Started transferring input files
	Transferring to host: <172.30.1.210:9618?addrs=172.30.1.210-9618&alias=node-w10.localdomain&noUDP&sock=slot1_10_4947_5be2_33414>
...
001 (1247934.000.000) 2025-07-17 17:09:03 Job executing on host: <172.30.1.210:9618?addrs=172.30.1.210-9618&alias=node-w10.localdomain&noUDP&sock=startd_4913_7ce2>
	SlotName: slot1_10@node-w10.localdomain
	CondorScratchDir = "/var/lib/condor/execute/dir_3645414"
	Cpus = 2
	Disk = 2048
	GPUs = 0
	Memory = 16000
...
040 (1247934.000.000) 2025-07-17 17:09:03 Finished transferring input files
...
006 (1247934.000.000) 2025-07-17 17:09:08 Image size of job updated: 104
	1  -  MemoryUsage of job (MB)
	8  -  ResidentSetSize of job (KB)
...
040 (1247934.000.000) 2025-07-17 17:09:08 Started transferring output files
...
040 (1247934.000.000) 2025-07-17 17:09:09 Finished transferring output files
...
021 (1247934.000.000) 2025-07-17 17:09:09 Error from starter on slot1_10@node-w10.localdomain:
	STARTER at 172.30.1.210 failed to send file(s) to <172.30.1.200:9618>: |Error: reading from file /var/lib/condor/execute/dir_3645414/*.png: (errno 2) No such file or directory; SHADOW failed to receive file(s) from <172.30.1.210:34433>
	Code 13 Subcode 2
...
004 (1247934.000.000) 2025-07-17 17:09:09 Job was evicted.
	(0) CPU times
		Usr 0 00:00:00, Sys 0 00:00:00  -  Run Remote Usage
		Usr 0 00:00:00, Sys 0 00:00:00  -  Run Local Usage
	289  -  Run Bytes Sent By Job
	31478  -  Run Bytes Received By Job
	Transfer output files failure at execution point slot1_10@node-w10.localdomain while sending files to access point tamsa2. Details: reading from file /var/lib/condor/execute/dir_3645414/*.png: (errno 2) No such file or directory
	Partitionable Resources :    Usage  Request Allocated 
	   Cpus                 :        0        2         2 
	   Disk (KB)            :       54       35      2048 
	   GPUs                 :                           0 
	   Memory (MB)          :        1    16000     16000 
	   TimeExecute (s)      :        5                    
	   TimeSlotBusy (s)     :        6                    
...
012 (1247934.000.000) 2025-07-17 17:09:09 Job was held.
	Transfer output files failure at execution point slot1_10@node-w10.localdomain while sending files to access point tamsa2. Details: reading from file /var/lib/condor/execute/dir_3645414/*.png: (errno 2) No such file or directory
	Code 12 Subcode 2
...
009 (1247934.000.000) 2025-07-17 17:10:28 Job was aborted.
	via condor_rm (by user achihwan)

	Job terminated by itself at 2025-07-17T08:09:08Z (using method 0: OF_ITS_OWN_ACCORD).
...
000 (1247994.000.000) 2025-07-17 17:10:34 Job submitted from host: <172.30.1.200:9618?addrs=172.30.1.200-9618&alias=tamsa2&noUDP&sock=schedd_2531_a24a>
...
040 (1247994.000.000) 2025-07-17 17:10:45 Started transferring input files
	Transferring to host: <172.30.1.103:9618?addrs=172.30.1.103-9618&alias=node-g3.localdomain&noUDP&sock=slot1_7_5357_3db3_14729>
...
001 (1247994.000.000) 2025-07-17 17:10:45 Job executing on host: <172.30.1.103:9618?addrs=172.30.1.103-9618&alias=node-g3.localdomain&noUDP&sock=startd_5323_b6b6>
	SlotName: slot1_7@node-g3.localdomain
	CondorScratchDir = "/var/lib/condor/execute/dir_3267580"
	Cpus = 2
	Disk = 2048
	GPUs = 0
	Memory = 16000
...
040 (1247994.000.000) 2025-07-17 17:10:45 Finished transferring input files
...
006 (1247994.000.000) 2025-07-17 17:10:50 Image size of job updated: 148
	1  -  MemoryUsage of job (MB)
	8  -  ResidentSetSize of job (KB)
...
040 (1247994.000.000) 2025-07-17 17:10:50 Started transferring output files
...
040 (1247994.000.000) 2025-07-17 17:10:50 Finished transferring output files
...
021 (1247994.000.000) 2025-07-17 17:10:50 Error from starter on slot1_7@node-g3.localdomain:
	STARTER at 172.30.1.103 failed to send file(s) to <172.30.1.200:9618>: |Error: reading from file /var/lib/condor/execute/dir_3267580/*.png: (errno 2) No such file or directory; SHADOW failed to receive file(s) from <172.30.1.103:34023>
	Code 13 Subcode 2
...
004 (1247994.000.000) 2025-07-17 17:10:51 Job was evicted.
	(0) CPU times
		Usr 0 00:00:00, Sys 0 00:00:00  -  Run Remote Usage
		Usr 0 00:00:00, Sys 0 00:00:00  -  Run Local Usage
	311  -  Run Bytes Sent By Job
	31478  -  Run Bytes Received By Job
	Transfer output files failure at execution point slot1_7@node-g3.localdomain while sending files to access point tamsa2. Details: reading from file /var/lib/condor/execute/dir_3267580/*.png: (errno 2) No such file or directory
	Partitionable Resources :    Usage  Request Allocated 
	   Cpus                 :        0        2         2 
	   Disk (KB)            :       54       35      2048 
	   GPUs                 :                           0 
	   Memory (MB)          :        1    16000     16000 
	   TimeExecute (s)      :        5                    
	   TimeSlotBusy (s)     :        5                    
...
012 (1247994.000.000) 2025-07-17 17:10:51 Job was held.
	Transfer output files failure at execution point slot1_7@node-g3.localdomain while sending files to access point tamsa2. Details: reading from file /var/lib/condor/execute/dir_3267580/*.png: (errno 2) No such file or directory
	Code 12 Subcode 2
...
009 (1247994.000.000) 2025-07-17 17:11:47 Job was aborted.
	via condor_rm (by user achihwan)

	Job terminated by itself at 2025-07-17T08:10:50Z (using method 0: OF_ITS_OWN_ACCORD).
...
000 (1248054.000.000) 2025-07-17 17:12:02 Job submitted from host: <172.30.1.200:9618?addrs=172.30.1.200-9618&alias=tamsa2&noUDP&sock=schedd_2531_a24a>
...
040 (1248054.000.000) 2025-07-17 17:12:22 Started transferring input files
	Transferring to host: <172.30.1.109:9618?addrs=172.30.1.109-9618&alias=node-g9.localdomain&noUDP&sock=slot1_16_5793_7145_22620>
...
001 (1248054.000.000) 2025-07-17 17:12:22 Job executing on host: <172.30.1.109:9618?addrs=172.30.1.109-9618&alias=node-g9.localdomain&noUDP&sock=startd_5759_c601>
	SlotName: slot1_16@node-g9.localdomain
	CondorScratchDir = "/var/lib/condor/execute/dir_1090153"
	Cpus = 2
	Disk = 2048
	GPUs = 0
	Memory = 16000
...
040 (1248054.000.000) 2025-07-17 17:12:22 Finished transferring input files
...
006 (1248054.000.000) 2025-07-17 17:12:27 Image size of job updated: 104
	1  -  MemoryUsage of job (MB)
	8  -  ResidentSetSize of job (KB)
...
040 (1248054.000.000) 2025-07-17 17:12:27 Started transferring output files
...
040 (1248054.000.000) 2025-07-17 17:12:28 Finished transferring output files
...
021 (1248054.000.000) 2025-07-17 17:12:28 Error from starter on slot1_16@node-g9.localdomain:
	STARTER at 172.30.1.109 failed to send file(s) to <172.30.1.200:9618>: |Error: reading from file /var/lib/condor/execute/dir_1090153/*.png: (errno 2) No such file or directory; SHADOW failed to receive file(s) from <172.30.1.109:41619>
	Code 13 Subcode 2
...
004 (1248054.000.000) 2025-07-17 17:12:28 Job was evicted.
	(0) CPU times
		Usr 0 00:00:00, Sys 0 00:00:00  -  Run Remote Usage
		Usr 0 00:00:00, Sys 0 00:00:00  -  Run Local Usage
	297  -  Run Bytes Sent By Job
	31478  -  Run Bytes Received By Job
	Transfer output files failure at execution point slot1_16@node-g9.localdomain while sending files to access point tamsa2. Details: reading from file /var/lib/condor/execute/dir_1090153/*.png: (errno 2) No such file or directory
	Partitionable Resources :    Usage  Request Allocated 
	   Cpus                 :        0        2         2 
	   Disk (KB)            :       54       35      2048 
	   GPUs                 :                           0 
	   Memory (MB)          :        1    16000     16000 
	   TimeExecute (s)      :        5                    
	   TimeSlotBusy (s)     :        6                    
...
012 (1248054.000.000) 2025-07-17 17:12:28 Job was held.
	Transfer output files failure at execution point slot1_16@node-g9.localdomain while sending files to access point tamsa2. Details: reading from file /var/lib/condor/execute/dir_1090153/*.png: (errno 2) No such file or directory
	Code 12 Subcode 2
...
000 (1248114.000.000) 2025-07-17 17:12:49 Job submitted from host: <172.30.1.200:9618?addrs=172.30.1.200-9618&alias=tamsa2&noUDP&sock=schedd_2531_a24a>
...
009 (1248114.000.000) 2025-07-17 17:13:09 Job was aborted.
	via condor_rm (by user achihwan)
...
009 (1248054.000.000) 2025-07-17 17:13:09 Job was aborted.
	via condor_rm (by user achihwan)

	Job terminated by itself at 2025-07-17T08:12:27Z (using method 0: OF_ITS_OWN_ACCORD).
...
000 (1248173.000.000) 2025-07-17 17:13:15 Job submitted from host: <172.30.1.200:9618?addrs=172.30.1.200-9618&alias=tamsa2&noUDP&sock=schedd_2531_a24a>
...
009 (1248173.000.000) 2025-07-17 17:14:42 Job was aborted.
	via condor_rm (by user achihwan)
...
000 (1248232.000.000) 2025-07-17 17:14:48 Job submitted from host: <172.30.1.200:9618?addrs=172.30.1.200-9618&alias=tamsa2&noUDP&sock=schedd_2531_a24a>
...
040 (1248232.000.000) 2025-07-17 17:17:14 Started transferring input files
	Transferring to host: <172.30.1.221:9618?addrs=172.30.1.221-9618&alias=node-w21.localdomain&noUDP&sock=slot1_4_6000_4aed_140308>
...
040 (1248232.000.000) 2025-07-17 17:17:14 Finished transferring input files
...
001 (1248232.000.000) 2025-07-17 17:17:14 Job executing on host: <172.30.1.221:9618?addrs=172.30.1.221-9618&alias=node-w21.localdomain&noUDP&sock=startd_5966_c21c>
	SlotName: slot1_4@node-w21.localdomain
	CondorScratchDir = "/var/lib/condor/execute/dir_2327884"
	Cpus = 2
	Disk = 2048
	GPUs = 0
	Memory = 16000
...
006 (1248232.000.000) 2025-07-17 17:17:19 Image size of job updated: 148
	1  -  MemoryUsage of job (MB)
	8  -  ResidentSetSize of job (KB)
...
040 (1248232.000.000) 2025-07-17 17:17:19 Started transferring output files
...
040 (1248232.000.000) 2025-07-17 17:17:19 Finished transferring output files
...
021 (1248232.000.000) 2025-07-17 17:17:19 Error from starter on slot1_4@node-w21.localdomain:
	STARTER at 172.30.1.221 failed to send file(s) to <172.30.1.200:9618>: |Error: reading from file /var/lib/condor/execute/dir_2327884/*.png: (errno 2) No such file or directory; SHADOW failed to receive file(s) from <172.30.1.221:34257>
	Code 13 Subcode 2
...
004 (1248232.000.000) 2025-07-17 17:17:19 Job was evicted.
	(0) CPU times
		Usr 0 00:00:00, Sys 0 00:00:00  -  Run Remote Usage
		Usr 0 00:00:00, Sys 0 00:00:00  -  Run Local Usage
	290  -  Run Bytes Sent By Job
	31475  -  Run Bytes Received By Job
	Transfer output files failure at execution point slot1_4@node-w21.localdomain while sending files to access point tamsa2. Details: reading from file /var/lib/condor/execute/dir_2327884/*.png: (errno 2) No such file or directory
	Partitionable Resources :    Usage  Request Allocated 
	   Cpus                 :                 2         2 
	   Disk (KB)            :       47       35      2048 
	   GPUs                 :                           0 
	   Memory (MB)          :        1    16000     16000 
	   TimeExecute (s)      :        5                    
	   TimeSlotBusy (s)     :        6                    
...
012 (1248232.000.000) 2025-07-17 17:17:20 Job was held.
	Transfer output files failure at execution point slot1_4@node-w21.localdomain while sending files to access point tamsa2. Details: reading from file /var/lib/condor/execute/dir_2327884/*.png: (errno 2) No such file or directory
	Code 12 Subcode 2
...
009 (1248232.000.000) 2025-07-17 17:18:37 Job was aborted.
	via condor_rm (by user achihwan)

	Job terminated by itself at 2025-07-17T08:17:19Z (using method 0: OF_ITS_OWN_ACCORD).
...
000 (1248293.000.000) 2025-07-17 17:23:10 Job submitted from host: <172.30.1.200:9618?addrs=172.30.1.200-9618&alias=tamsa2&noUDP&sock=schedd_2531_a24a>
...
040 (1248293.000.000) 2025-07-17 17:23:31 Started transferring input files
	Transferring to host: <172.30.1.219:9618?addrs=172.30.1.219-9618&alias=node-w19.localdomain&noUDP&sock=slot1_17_5155_e9eb_110817>
...
040 (1248293.000.000) 2025-07-17 17:23:31 Finished transferring input files
...
001 (1248293.000.000) 2025-07-17 17:23:31 Job executing on host: <172.30.1.219:9618?addrs=172.30.1.219-9618&alias=node-w19.localdomain&noUDP&sock=startd_5121_2895>
	SlotName: slot1_17@node-w19.localdomain
	CondorScratchDir = "/var/lib/condor/execute/dir_1060062"
	Cpus = 2
	Disk = 2048
	GPUs = 0
	Memory = 16000
...
006 (1248293.000.000) 2025-07-17 17:23:36 Image size of job updated: 180
	1  -  MemoryUsage of job (MB)
	8  -  ResidentSetSize of job (KB)
...
040 (1248293.000.000) 2025-07-17 17:23:36 Started transferring output files
...
040 (1248293.000.000) 2025-07-17 17:23:36 Finished transferring output files
...
021 (1248293.000.000) 2025-07-17 17:23:36 Error from starter on slot1_17@node-w19.localdomain:
	STARTER at 172.30.1.219 failed to send file(s) to <172.30.1.200:9618>: |Error: reading from file /var/lib/condor/execute/dir_1060062/*.png: (errno 2) No such file or directory; SHADOW failed to receive file(s) from <172.30.1.219:41097>
	Code 13 Subcode 2
...
004 (1248293.000.000) 2025-07-17 17:23:36 Job was evicted.
	(0) CPU times
		Usr 0 00:00:00, Sys 0 00:00:00  -  Run Remote Usage
		Usr 0 00:00:00, Sys 0 00:00:00  -  Run Local Usage
	482  -  Run Bytes Sent By Job
	31553  -  Run Bytes Received By Job
	Transfer output files failure at execution point slot1_17@node-w19.localdomain while sending files to access point tamsa2. Details: reading from file /var/lib/condor/execute/dir_1060062/*.png: (errno 2) No such file or directory
	Partitionable Resources :    Usage  Request Allocated 
	   Cpus                 :        0        2         2 
	   Disk (KB)            :       54       35      2048 
	   GPUs                 :                           0 
	   Memory (MB)          :        1    16000     16000 
	   TimeExecute (s)      :        5                    
	   TimeSlotBusy (s)     :        5                    
...
012 (1248293.000.000) 2025-07-17 17:23:36 Job was held.
	Transfer output files failure at execution point slot1_17@node-w19.localdomain while sending files to access point tamsa2. Details: reading from file /var/lib/condor/execute/dir_1060062/*.png: (errno 2) No such file or directory
	Code 12 Subcode 2
...
009 (1248293.000.000) 2025-07-17 17:28:06 Job was aborted.
	via condor_rm (by user achihwan)

	Job terminated by itself at 2025-07-17T08:23:36Z (using method 0: OF_ITS_OWN_ACCORD).
...
000 (1248354.000.000) 2025-07-17 17:28:10 Job submitted from host: <172.30.1.200:9618?addrs=172.30.1.200-9618&alias=tamsa2&noUDP&sock=schedd_2531_a24a>
...
040 (1248354.000.000) 2025-07-17 17:28:30 Entered queue to transfer input files
	Transferring to host: <172.30.1.219:9618?addrs=172.30.1.219-9618&alias=node-w19.localdomain&noUDP&sock=slot1_15_5155_e9eb_110840>
...
040 (1248354.000.000) 2025-07-17 17:28:37 Started transferring input files
	Seconds spent in queue: 7
...
040 (1248354.000.000) 2025-07-17 17:28:40 Finished transferring input files
...
001 (1248354.000.000) 2025-07-17 17:28:40 Job executing on host: <172.30.1.219:9618?addrs=172.30.1.219-9618&alias=node-w19.localdomain&noUDP&sock=startd_5121_2895>
	SlotName: slot1_15@node-w19.localdomain
	CondorScratchDir = "/var/lib/condor/execute/dir_1062780"
	Cpus = 2
	Disk = 751616
	GPUs = 0
	Memory = 16000
...
006 (1248354.000.000) 2025-07-17 17:28:53 Image size of job updated: 1147196
	1121  -  MemoryUsage of job (MB)
	1147196  -  ResidentSetSize of job (KB)
...
006 (1248354.000.000) 2025-07-17 17:29:00 Image size of job updated: 2199792
	2149  -  MemoryUsage of job (MB)
	2199792  -  ResidentSetSize of job (KB)
...
040 (1248354.000.000) 2025-07-17 17:29:01 Started transferring output files
	Seconds spent in queue: 31
...
040 (1248354.000.000) 2025-07-17 17:29:01 Finished transferring output files
...
021 (1248354.000.000) 2025-07-17 17:29:01 Error from starter on slot1_15@node-w19.localdomain:
	STARTER at 172.30.1.219 failed to send file(s) to <172.30.1.200:9618>: |Error: reading from file /var/lib/condor/execute/dir_1062780/*.png: (errno 2) No such file or directory; SHADOW failed to receive file(s) from <172.30.1.219:37559>
	Code 13 Subcode 2
...
004 (1248354.000.000) 2025-07-17 17:29:01 Job was evicted.
	(0) CPU times
		Usr 0 00:00:15, Sys 0 00:00:04  -  Run Remote Usage
		Usr 0 00:00:00, Sys 0 00:00:00  -  Run Local Usage
	418  -  Run Bytes Sent By Job
	690288320  -  Run Bytes Received By Job
	Transfer output files failure at execution point slot1_15@node-w19.localdomain while sending files to access point tamsa2. Details: reading from file /var/lib/condor/execute/dir_1062780/*.png: (errno 2) No such file or directory
	Partitionable Resources :    Usage  Request Allocated 
	   Cpus                 :                 2         2 
	   Disk (KB)            :  2774354   750000    751616 
	   GPUs                 :                           0 
	   Memory (MB)          :     2149    16000     16000 
	   TimeExecute (s)      :       20                    
	   TimeSlotBusy (s)     :       37                    
...
012 (1248354.000.000) 2025-07-17 17:29:01 Job was held.
	Transfer output files failure at execution point slot1_15@node-w19.localdomain while sending files to access point tamsa2. Details: reading from file /var/lib/condor/execute/dir_1062780/*.png: (errno 2) No such file or directory
	Code 12 Subcode 2
...
009 (1248354.000.000) 2025-07-17 17:30:19 Job was aborted.
	via condor_rm (by user achihwan)

	Job terminated by itself at 2025-07-17T08:29:00Z (using method 0: OF_ITS_OWN_ACCORD).
...
000 (1248414.000.000) 2025-07-17 17:33:23 Job submitted from host: <172.30.1.200:9618?addrs=172.30.1.200-9618&alias=tamsa2&noUDP&sock=schedd_2531_a24a>
...
040 (1248414.000.000) 2025-07-17 17:33:48 Entered queue to transfer input files
	Transferring to host: <172.30.1.221:9618?addrs=172.30.1.221-9618&alias=node-w21.localdomain&noUDP&sock=slot1_27_6000_4aed_140414>
...
040 (1248414.000.000) 2025-07-17 17:33:49 Started transferring input files
	Seconds spent in queue: 1
...
040 (1248414.000.000) 2025-07-17 17:33:52 Finished transferring input files
...
001 (1248414.000.000) 2025-07-17 17:33:52 Job executing on host: <172.30.1.221:9618?addrs=172.30.1.221-9618&alias=node-w21.localdomain&noUDP&sock=startd_5966_c21c>
	SlotName: slot1_27@node-w21.localdomain
	CondorScratchDir = "/var/lib/condor/execute/dir_2345129"
	Cpus = 2
	Disk = 751616
	GPUs = 0
	Memory = 16000
...
006 (1248414.000.000) 2025-07-17 17:34:06 Image size of job updated: 1054252
	1030  -  MemoryUsage of job (MB)
	1054252  -  ResidentSetSize of job (KB)
...
006 (1248414.000.000) 2025-07-17 17:34:16 Image size of job updated: 2199792
	2149  -  MemoryUsage of job (MB)
	2199792  -  ResidentSetSize of job (KB)
...
040 (1248414.000.000) 2025-07-17 17:34:16 Started transferring output files
	Seconds spent in queue: 28
...
040 (1248414.000.000) 2025-07-17 17:34:16 Finished transferring output files
...
021 (1248414.000.000) 2025-07-17 17:34:16 Error from starter on slot1_27@node-w21.localdomain:
	STARTER at 172.30.1.221 failed to send file(s) to <172.30.1.200:9618>: |Error: reading from file /var/lib/condor/execute/dir_2345129/*.png: (errno 2) No such file or directory; SHADOW failed to receive file(s) from <172.30.1.221:37227>
	Code 13 Subcode 2
...
004 (1248414.000.000) 2025-07-17 17:34:16 Job was evicted.
	(0) CPU times
		Usr 0 00:00:18, Sys 0 00:00:03  -  Run Remote Usage
		Usr 0 00:00:00, Sys 0 00:00:00  -  Run Local Usage
	418  -  Run Bytes Sent By Job
	690288320  -  Run Bytes Received By Job
	Transfer output files failure at execution point slot1_27@node-w21.localdomain while sending files to access point tamsa2. Details: reading from file /var/lib/condor/execute/dir_2345129/*.png: (errno 2) No such file or directory
	Partitionable Resources :    Usage  Request Allocated 
	   Cpus                 :        0        2         2 
	   Disk (KB)            :  2774361   750000    751616 
	   GPUs                 :                           0 
	   Memory (MB)          :     2149    16000     16000 
	   TimeExecute (s)      :       24                    
	   TimeSlotBusy (s)     :       33                    
...
012 (1248414.000.000) 2025-07-17 17:34:16 Job was held.
	Transfer output files failure at execution point slot1_27@node-w21.localdomain while sending files to access point tamsa2. Details: reading from file /var/lib/condor/execute/dir_2345129/*.png: (errno 2) No such file or directory
	Code 12 Subcode 2
...
009 (1248414.000.000) 2025-07-17 17:34:44 Job was aborted.
	via condor_rm (by user achihwan)

	Job terminated by itself at 2025-07-17T08:34:16Z (using method 0: OF_ITS_OWN_ACCORD).
...
000 (1248473.000.000) 2025-07-17 17:34:49 Job submitted from host: <172.30.1.200:9618?addrs=172.30.1.200-9618&alias=tamsa2&noUDP&sock=schedd_2531_a24a>
...
040 (1248473.000.000) 2025-07-17 17:35:11 Entered queue to transfer input files
	Transferring to host: <172.30.1.205:9618?addrs=172.30.1.205-9618&alias=node-w5.localdomain&noUDP&sock=slot1_11_5098_c088_47835>
...
040 (1248473.000.000) 2025-07-17 17:35:19 Started transferring input files
	Seconds spent in queue: 8
...
040 (1248473.000.000) 2025-07-17 17:35:23 Finished transferring input files
...
001 (1248473.000.000) 2025-07-17 17:35:23 Job executing on host: <172.30.1.205:9618?addrs=172.30.1.205-9618&alias=node-w5.localdomain&noUDP&sock=startd_5064_0faf>
	SlotName: slot1_11@node-w5.localdomain
	CondorScratchDir = "/var/lib/condor/execute/dir_2842917"
	Cpus = 2
	Disk = 751616
	GPUs = 0
	Memory = 16000
...
006 (1248473.000.000) 2025-07-17 17:35:37 Image size of job updated: 976396
	954  -  MemoryUsage of job (MB)
	976396  -  ResidentSetSize of job (KB)
...
006 (1248473.000.000) 2025-07-17 17:35:49 Image size of job updated: 2205280
	2149  -  MemoryUsage of job (MB)
	2199792  -  ResidentSetSize of job (KB)
...
040 (1248473.000.000) 2025-07-17 17:35:49 Started transferring output files
	Seconds spent in queue: 38
...
040 (1248473.000.000) 2025-07-17 17:35:49 Finished transferring output files
...
021 (1248473.000.000) 2025-07-17 17:35:49 Error from starter on slot1_11@node-w5.localdomain:
	STARTER at 172.30.1.205 failed to send file(s) to <172.30.1.200:9618>: |Error: reading from file /var/lib/condor/execute/dir_2842917/*.png: (errno 2) No such file or directory; SHADOW failed to receive file(s) from <172.30.1.205:34417>
	Code 13 Subcode 2
...
004 (1248473.000.000) 2025-07-17 17:35:49 Job was evicted.
	(0) CPU times
		Usr 0 00:00:19, Sys 0 00:00:04  -  Run Remote Usage
		Usr 0 00:00:00, Sys 0 00:00:00  -  Run Local Usage
	854  -  Run Bytes Sent By Job
	690288384  -  Run Bytes Received By Job
	Transfer output files failure at execution point slot1_11@node-w5.localdomain while sending files to access point tamsa2. Details: reading from file /var/lib/condor/execute/dir_2842917/*.png: (errno 2) No such file or directory
	Partitionable Resources :    Usage  Request Allocated 
	   Cpus                 :        0        2         2 
	   Disk (KB)            :  2774361   750000    751616 
	   GPUs                 :                           0 
	   Memory (MB)          :     2149    16000     16000 
	   TimeExecute (s)      :       26                    
	   TimeSlotBusy (s)     :       43                    
...
012 (1248473.000.000) 2025-07-17 17:35:49 Job was held.
	Transfer output files failure at execution point slot1_11@node-w5.localdomain while sending files to access point tamsa2. Details: reading from file /var/lib/condor/execute/dir_2842917/*.png: (errno 2) No such file or directory
	Code 12 Subcode 2
...
009 (1248473.000.000) 2025-07-17 17:36:48 Job was aborted.
	via condor_rm (by user achihwan)

	Job terminated by itself at 2025-07-17T08:35:48Z (using method 0: OF_ITS_OWN_ACCORD).
...
000 (1250119.000.000) 2025-07-17 17:36:55 Job submitted from host: <172.30.1.200:9618?addrs=172.30.1.200-9618&alias=tamsa2&noUDP&sock=schedd_2531_a24a>
...
040 (1250119.000.000) 2025-07-17 17:39:35 Started transferring input files
	Transferring to host: <172.30.1.208:9618?addrs=172.30.1.208-9618&alias=node-w8.localdomain&noUDP&sock=slot1_64_4971_44e3_56886>
...
040 (1250119.000.000) 2025-07-17 17:39:40 Finished transferring input files
...
001 (1250119.000.000) 2025-07-17 17:39:40 Job executing on host: <172.30.1.208:9618?addrs=172.30.1.208-9618&alias=node-w8.localdomain&noUDP&sock=startd_4937_f328>
	SlotName: slot1_64@node-w8.localdomain
	CondorScratchDir = "/var/lib/condor/execute/dir_1020218"
	Cpus = 2
	Disk = 751616
	GPUs = 0
	Memory = 16000
...
006 (1250119.000.000) 2025-07-17 17:39:53 Image size of job updated: 1017032
	994  -  MemoryUsage of job (MB)
	1017032  -  ResidentSetSize of job (KB)
...
006 (1250119.000.000) 2025-07-17 17:40:02 Image size of job updated: 2199792
	2149  -  MemoryUsage of job (MB)
	2199792  -  ResidentSetSize of job (KB)
...
040 (1250119.000.000) 2025-07-17 17:40:03 Started transferring output files
...
040 (1250119.000.000) 2025-07-17 17:40:03 Finished transferring output files
...
021 (1250119.000.000) 2025-07-17 17:40:03 Error from starter on slot1_64@node-w8.localdomain:
	STARTER at 172.30.1.208 failed to send file(s) to <172.30.1.200:9618>: |Error: reading from file /var/lib/condor/execute/dir_1020218/*.png: (errno 2) No such file or directory; SHADOW failed to receive file(s) from <172.30.1.208:36497>
	Code 13 Subcode 2
...
004 (1250119.000.000) 2025-07-17 17:40:03 Job was evicted.
	(0) CPU times
		Usr 0 00:00:16, Sys 0 00:00:03  -  Run Remote Usage
		Usr 0 00:00:00, Sys 0 00:00:00  -  Run Local Usage
	738  -  Run Bytes Sent By Job
	690288384  -  Run Bytes Received By Job
	Transfer output files failure at execution point slot1_64@node-w8.localdomain while sending files to access point tamsa2. Details: reading from file /var/lib/condor/execute/dir_1020218/*.png: (errno 2) No such file or directory
	Partitionable Resources :    Usage  Request Allocated 
	   Cpus                 :        0        2         2 
	   Disk (KB)            :  2774361   750000    751616 
	   GPUs                 :                           0 
	   Memory (MB)          :     2149    16000     16000 
	   TimeExecute (s)      :       22                    
	   TimeSlotBusy (s)     :       28                    
...
012 (1250119.000.000) 2025-07-17 17:40:03 Job was held.
	Transfer output files failure at execution point slot1_64@node-w8.localdomain while sending files to access point tamsa2. Details: reading from file /var/lib/condor/execute/dir_1020218/*.png: (errno 2) No such file or directory
	Code 12 Subcode 2
...
000 (1251219.000.000) 2025-07-17 17:42:38 Job submitted from host: <172.30.1.200:9618?addrs=172.30.1.200-9618&alias=tamsa2&noUDP&sock=schedd_2531_a24a>
...
009 (1250119.000.000) 2025-07-17 17:42:45 Job was aborted.
	via condor_rm (by user achihwan)

	Job terminated by itself at 2025-07-17T08:40:02Z (using method 0: OF_ITS_OWN_ACCORD).
...
040 (1251219.000.000) 2025-07-17 17:43:04 Entered queue to transfer input files
	Transferring to host: <172.30.1.221:9618?addrs=172.30.1.221-9618&alias=node-w21.localdomain&noUDP&sock=slot1_18_6000_4aed_140626>
...
040 (1251219.000.000) 2025-07-17 17:43:06 Started transferring input files
	Seconds spent in queue: 2
...
040 (1251219.000.000) 2025-07-17 17:43:08 Finished transferring input files
...
001 (1251219.000.000) 2025-07-17 17:43:08 Job executing on host: <172.30.1.221:9618?addrs=172.30.1.221-9618&alias=node-w21.localdomain&noUDP&sock=startd_5966_c21c>
	SlotName: slot1_18@node-w21.localdomain
	CondorScratchDir = "/var/lib/condor/execute/dir_2378722"
	Cpus = 2
	Disk = 751616
	GPUs = 0
	Memory = 16000
...
006 (1251219.000.000) 2025-07-17 17:43:21 Image size of job updated: 989744
	967  -  MemoryUsage of job (MB)
	989744  -  ResidentSetSize of job (KB)
...
006 (1251219.000.000) 2025-07-17 17:43:31 Image size of job updated: 2199796
	2149  -  MemoryUsage of job (MB)
	2199796  -  ResidentSetSize of job (KB)
...
040 (1251219.000.000) 2025-07-17 17:43:32 Started transferring output files
	Seconds spent in queue: 28
...
040 (1251219.000.000) 2025-07-17 17:43:32 Finished transferring output files
...
021 (1251219.000.000) 2025-07-17 17:43:32 Error from starter on slot1_18@node-w21.localdomain:
	STARTER at 172.30.1.221 failed to send file(s) to <172.30.1.200:9618>: |Error: reading from file /var/lib/condor/execute/dir_2378722/*.png: (errno 2) No such file or directory; SHADOW failed to receive file(s) from <172.30.1.221:39087>
	Code 13 Subcode 2
...
004 (1251219.000.000) 2025-07-17 17:43:32 Job was evicted.
	(0) CPU times
		Usr 0 00:00:17, Sys 0 00:00:04  -  Run Remote Usage
		Usr 0 00:00:00, Sys 0 00:00:00  -  Run Local Usage
	4430  -  Run Bytes Sent By Job
	690288384  -  Run Bytes Received By Job
	Transfer output files failure at execution point slot1_18@node-w21.localdomain while sending files to access point tamsa2. Details: reading from file /var/lib/condor/execute/dir_2378722/*.png: (errno 2) No such file or directory
	Partitionable Resources :    Usage  Request Allocated 
	   Cpus                 :        0        2         2 
	   Disk (KB)            :  2774365   750000    751616 
	   GPUs                 :                           0 
	   Memory (MB)          :     2149    16000     16000 
	   TimeExecute (s)      :       23                    
	   TimeSlotBusy (s)     :       34                    
...
012 (1251219.000.000) 2025-07-17 17:43:32 Job was held.
	Transfer output files failure at execution point slot1_18@node-w21.localdomain while sending files to access point tamsa2. Details: reading from file /var/lib/condor/execute/dir_2378722/*.png: (errno 2) No such file or directory
	Code 12 Subcode 2
...
009 (1251219.000.000) 2025-07-17 17:44:17 Job was aborted.
	via condor_rm (by user achihwan)

	Job terminated by itself at 2025-07-17T08:43:31Z (using method 0: OF_ITS_OWN_ACCORD).
...
000 (1253142.000.000) 2025-07-17 17:44:35 Job submitted from host: <172.30.1.200:9618?addrs=172.30.1.200-9618&alias=tamsa2&noUDP&sock=schedd_2531_a24a>
...
040 (1253142.000.000) 2025-07-17 17:44:53 Started transferring input files
	Transferring to host: <172.30.1.219:9618?addrs=172.30.1.219-9618&alias=node-w19.localdomain&noUDP&sock=slot1_7_5155_e9eb_111046>
...
040 (1253142.000.000) 2025-07-17 17:44:55 Finished transferring input files
...
001 (1253142.000.000) 2025-07-17 17:44:55 Job executing on host: <172.30.1.219:9618?addrs=172.30.1.219-9618&alias=node-w19.localdomain&noUDP&sock=startd_5121_2895>
	SlotName: slot1_7@node-w19.localdomain
	CondorScratchDir = "/var/lib/condor/execute/dir_1079212"
	Cpus = 2
	Disk = 751616
	GPUs = 0
	Memory = 16000
...
006 (1253142.000.000) 2025-07-17 17:45:10 Image size of job updated: 1177064
	1150  -  MemoryUsage of job (MB)
	1177064  -  ResidentSetSize of job (KB)
...
006 (1253142.000.000) 2025-07-17 17:45:18 Image size of job updated: 2199788
	2149  -  MemoryUsage of job (MB)
	2199788  -  ResidentSetSize of job (KB)
...
040 (1253142.000.000) 2025-07-17 17:45:18 Started transferring output files
...
040 (1253142.000.000) 2025-07-17 17:45:18 Finished transferring output files
...
021 (1253142.000.000) 2025-07-17 17:45:18 Error from starter on slot1_7@node-w19.localdomain:
	STARTER at 172.30.1.219 failed to send file(s) to <172.30.1.200:9618>: |Error: reading from file /var/lib/condor/execute/dir_1079212/*.png: (errno 2) No such file or directory; SHADOW failed to receive file(s) from <172.30.1.219:42809>
	Code 13 Subcode 2
...
004 (1253142.000.000) 2025-07-17 17:45:18 Job was evicted.
	(0) CPU times
		Usr 0 00:00:17, Sys 0 00:00:05  -  Run Remote Usage
		Usr 0 00:00:00, Sys 0 00:00:00  -  Run Local Usage
	476  -  Run Bytes Sent By Job
	690288384  -  Run Bytes Received By Job
	Transfer output files failure at execution point slot1_7@node-w19.localdomain while sending files to access point tamsa2. Details: reading from file /var/lib/condor/execute/dir_1079212/*.png: (errno 2) No such file or directory
	Partitionable Resources :    Usage  Request Allocated 
	   Cpus                 :        0        2         2 
	   Disk (KB)            :  2774361   750000    751616 
	   GPUs                 :                           0 
	   Memory (MB)          :     2149    16000     16000 
	   TimeExecute (s)      :       23                    
	   TimeSlotBusy (s)     :       30                    
...
012 (1253142.000.000) 2025-07-17 17:45:18 Job was held.
	Transfer output files failure at execution point slot1_7@node-w19.localdomain while sending files to access point tamsa2. Details: reading from file /var/lib/condor/execute/dir_1079212/*.png: (errno 2) No such file or directory
	Code 12 Subcode 2
...
009 (1253142.000.000) 2025-07-17 17:54:41 Job was aborted.
	via condor_rm (by user achihwan)

	Job terminated by itself at 2025-07-17T08:45:18Z (using method 0: OF_ITS_OWN_ACCORD).
...
000 (1253209.000.000) 2025-07-17 17:58:17 Job submitted from host: <172.30.1.200:9618?addrs=172.30.1.200-9618&alias=tamsa2&noUDP&sock=schedd_2531_a24a>
...
040 (1253209.000.000) 2025-07-17 17:58:34 Entered queue to transfer input files
	Transferring to host: <172.30.1.214:9618?addrs=172.30.1.214-9618&alias=node-w14.localdomain&noUDP&sock=slot1_12_5193_b02c_91189>
...
040 (1253209.000.000) 2025-07-17 17:58:34 Started transferring input files
	Seconds spent in queue: 0
...
040 (1253209.000.000) 2025-07-17 17:58:37 Finished transferring input files
...
001 (1253209.000.000) 2025-07-17 17:58:37 Job executing on host: <172.30.1.214:9618?addrs=172.30.1.214-9618&alias=node-w14.localdomain&noUDP&sock=startd_5159_392e>
	SlotName: slot1_12@node-w14.localdomain
	CondorScratchDir = "/var/lib/condor/execute/dir_791418"
	Cpus = 2
	Disk = 751616
	GPUs = 0
	Memory = 16000
...
006 (1253209.000.000) 2025-07-17 17:58:51 Image size of job updated: 966176
	944  -  MemoryUsage of job (MB)
	966176  -  ResidentSetSize of job (KB)
...
006 (1253209.000.000) 2025-07-17 17:59:02 Image size of job updated: 2263948
	2149  -  MemoryUsage of job (MB)
	2199792  -  ResidentSetSize of job (KB)
...
040 (1253209.000.000) 2025-07-17 17:59:03 Started transferring output files
	Seconds spent in queue: 29
...
040 (1253209.000.000) 2025-07-17 17:59:03 Finished transferring output files
...
021 (1253209.000.000) 2025-07-17 17:59:03 Error from starter on slot1_12@node-w14.localdomain:
	STARTER at 172.30.1.214 failed to send file(s) to <172.30.1.200:9618>: |Error: reading from file /var/lib/condor/execute/dir_791418/*.png: (errno 2) No such file or directory; SHADOW failed to receive file(s) from <172.30.1.214:45115>
	Code 13 Subcode 2
...
004 (1253209.000.000) 2025-07-17 17:59:03 Job was evicted.
	(0) CPU times
		Usr 0 00:00:19, Sys 0 00:00:05  -  Run Remote Usage
		Usr 0 00:00:00, Sys 0 00:00:00  -  Run Local Usage
	470  -  Run Bytes Sent By Job
	690288384  -  Run Bytes Received By Job
	Transfer output files failure at execution point slot1_12@node-w14.localdomain while sending files to access point tamsa2. Details: reading from file /var/lib/condor/execute/dir_791418/*.png: (errno 2) No such file or directory
	Partitionable Resources :    Usage  Request Allocated 
	   Cpus                 :                 2         2 
	   Disk (KB)            :  2774354   750000    751616 
	   GPUs                 :                           0 
	   Memory (MB)          :     2149    16000     16000 
	   TimeExecute (s)      :       25                    
	   TimeSlotBusy (s)     :       34                    
...
012 (1253209.000.000) 2025-07-17 17:59:03 Job was held.
	Transfer output files failure at execution point slot1_12@node-w14.localdomain while sending files to access point tamsa2. Details: reading from file /var/lib/condor/execute/dir_791418/*.png: (errno 2) No such file or directory
	Code 12 Subcode 2
...
009 (1253209.000.000) 2025-07-17 18:04:59 Job was aborted.
	via condor_rm (by user achihwan)

	Job terminated by itself at 2025-07-17T08:59:02Z (using method 0: OF_ITS_OWN_ACCORD).
...
000 (1253271.000.000) 2025-07-17 18:05:03 Job submitted from host: <172.30.1.200:9618?addrs=172.30.1.200-9618&alias=tamsa2&noUDP&sock=schedd_2531_a24a>
...
040 (1253271.000.000) 2025-07-17 18:05:22 Started transferring input files
	Transferring to host: <172.30.1.212:9618?addrs=172.30.1.212-9618&alias=node-w12.localdomain&noUDP&sock=slot1_1_4978_3384_92302>
...
040 (1253271.000.000) 2025-07-17 18:05:27 Finished transferring input files
...
001 (1253271.000.000) 2025-07-17 18:05:27 Job executing on host: <172.30.1.212:9618?addrs=172.30.1.212-9618&alias=node-w12.localdomain&noUDP&sock=startd_4944_c052>
	SlotName: slot1_1@node-w12.localdomain
	CondorScratchDir = "/var/lib/condor/execute/dir_1174836"
	Cpus = 2
	Disk = 751616
	GPUs = 0
	Memory = 16000
...
006 (1253271.000.000) 2025-07-17 18:05:41 Image size of job updated: 1017508
	994  -  MemoryUsage of job (MB)
	1017508  -  ResidentSetSize of job (KB)
...
006 (1253271.000.000) 2025-07-17 18:10:42 Image size of job updated: 3960772
	3288  -  MemoryUsage of job (MB)
	3366056  -  ResidentSetSize of job (KB)
...
006 (1253271.000.000) 2025-07-17 18:13:44 Image size of job updated: 6104564
	3288  -  MemoryUsage of job (MB)
	3366056  -  ResidentSetSize of job (KB)
...
004 (1253271.000.000) 2025-07-17 18:13:45 Job was evicted.
	(0) CPU times
		Usr 0 00:05:43, Sys 0 00:01:19  -  Run Remote Usage
		Usr 0 00:00:00, Sys 0 00:00:00  -  Run Local Usage
	0  -  Run Bytes Sent By Job
	690288320  -  Run Bytes Received By Job
	Partitionable Resources :      Usage  Request Allocated 
	   Cpus                 :       1.08        2         2 
	   Disk (KB)            : 2774373      750000    751616 
	   GPUs                 :                             0 
	   Memory (MB)          :    3288       16000     16000 
	   TimeExecute (s)      :     496                       
	   TimeSlotBusy (s)     :     503                       
...
009 (1253271.000.000) 2025-07-17 18:13:45 Job was aborted.
	via condor_rm (by user achihwan)
...
000 (1253336.000.000) 2025-07-17 18:13:48 Job submitted from host: <172.30.1.200:9618?addrs=172.30.1.200-9618&alias=tamsa2&noUDP&sock=schedd_2531_a24a>
...
040 (1253336.000.000) 2025-07-17 18:15:50 Started transferring input files
	Transferring to host: <172.30.1.214:9618?addrs=172.30.1.214-9618&alias=node-w14.localdomain&noUDP&sock=slot1_30_5193_b02c_91360>
...
040 (1253336.000.000) 2025-07-17 18:15:54 Finished transferring input files
...
001 (1253336.000.000) 2025-07-17 18:15:54 Job executing on host: <172.30.1.214:9618?addrs=172.30.1.214-9618&alias=node-w14.localdomain&noUDP&sock=startd_5159_392e>
	SlotName: slot1_30@node-w14.localdomain
	CondorScratchDir = "/var/lib/condor/execute/dir_816029"
	Cpus = 2
	Disk = 751616
	GPUs = 0
	Memory = 16000
...
006 (1253336.000.000) 2025-07-17 18:16:08 Image size of job updated: 890928
	871  -  MemoryUsage of job (MB)
	890928  -  ResidentSetSize of job (KB)
...
006 (1253336.000.000) 2025-07-17 18:21:09 Image size of job updated: 3734944
	3267  -  MemoryUsage of job (MB)
	3344480  -  ResidentSetSize of job (KB)
...
006 (1253336.000.000) 2025-07-17 18:23:22 Image size of job updated: 4490864
	4150  -  MemoryUsage of job (MB)
	4249220  -  ResidentSetSize of job (KB)
...
004 (1253336.000.000) 2025-07-17 18:23:22 Job was evicted.
	(0) CPU times
		Usr 0 00:06:23, Sys 0 00:00:27  -  Run Remote Usage
		Usr 0 00:00:00, Sys 0 00:00:00  -  Run Local Usage
	0  -  Run Bytes Sent By Job
	690288320  -  Run Bytes Received By Job
	Partitionable Resources :      Usage  Request Allocated 
	   Cpus                 :       0.70        2         2 
	   Disk (KB)            : 2774373      750000    751616 
	   GPUs                 :                             0 
	   Memory (MB)          :    4150       16000     16000 
	   TimeExecute (s)      :     447                       
	   TimeSlotBusy (s)     :     452                       
...
009 (1253336.000.000) 2025-07-17 18:23:22 Job was aborted.
	via condor_rm (by user achihwan)
...
000 (1253416.000.000) 2025-07-17 18:23:25 Job submitted from host: <172.30.1.200:9618?addrs=172.30.1.200-9618&alias=tamsa2&noUDP&sock=schedd_2531_a24a>
...
040 (1253416.000.000) 2025-07-17 18:23:54 Entered queue to transfer input files
	Transferring to host: <172.30.1.218:9618?addrs=172.30.1.218-9618&alias=node-w18.localdomain&noUDP&sock=slot1_25_5306_4e91_96595>
...
040 (1253416.000.000) 2025-07-17 18:23:55 Started transferring input files
	Seconds spent in queue: 1
...
040 (1253416.000.000) 2025-07-17 18:23:59 Finished transferring input files
...
001 (1253416.000.000) 2025-07-17 18:23:59 Job executing on host: <172.30.1.218:9618?addrs=172.30.1.218-9618&alias=node-w18.localdomain&noUDP&sock=startd_5272_bb62>
	SlotName: slot1_25@node-w18.localdomain
	CondorScratchDir = "/var/lib/condor/execute/dir_2110638"
	Cpus = 2
	Disk = 751616
	GPUs = 0
	Memory = 16000
...
006 (1253416.000.000) 2025-07-17 18:24:13 Image size of job updated: 739164
	722  -  MemoryUsage of job (MB)
	739164  -  ResidentSetSize of job (KB)
...
006 (1253416.000.000) 2025-07-17 18:28:53 Image size of job updated: 3702912
	2149  -  MemoryUsage of job (MB)
	2199800  -  ResidentSetSize of job (KB)
...
004 (1253416.000.000) 2025-07-17 18:28:54 Job was evicted.
	(0) CPU times
		Usr 0 00:04:14, Sys 0 00:00:14  -  Run Remote Usage
		Usr 0 00:00:00, Sys 0 00:00:00  -  Run Local Usage
	0  -  Run Bytes Sent By Job
	690288384  -  Run Bytes Received By Job
	Partitionable Resources :      Usage  Request Allocated 
	   Cpus                 :       0.91        2         2 
	   Disk (KB)            : 2774373      750000    751616 
	   GPUs                 :                             0 
	   Memory (MB)          :    2149       16000     16000 
	   TimeExecute (s)      :     293                       
	   TimeSlotBusy (s)     :     306                       
...
009 (1253416.000.000) 2025-07-17 18:28:54 Job was aborted.
	via condor_rm (by user achihwan)
...
000 (1253476.000.000) 2025-07-17 18:29:03 Job submitted from host: <172.30.1.200:9618?addrs=172.30.1.200-9618&alias=tamsa2&noUDP&sock=schedd_2531_a24a>
...
040 (1253476.000.000) 2025-07-17 18:29:22 Started transferring input files
	Transferring to host: <172.30.1.219:9618?addrs=172.30.1.219-9618&alias=node-w19.localdomain&noUDP&sock=slot1_7_5155_e9eb_111239>
...
040 (1253476.000.000) 2025-07-17 18:29:28 Finished transferring input files
...
001 (1253476.000.000) 2025-07-17 18:29:28 Job executing on host: <172.30.1.219:9618?addrs=172.30.1.219-9618&alias=node-w19.localdomain&noUDP&sock=startd_5121_2895>
	SlotName: slot1_7@node-w19.localdomain
	CondorScratchDir = "/var/lib/condor/execute/dir_1116645"
	Cpus = 2
	Disk = 751616
	GPUs = 0
	Memory = 16000
...
006 (1253476.000.000) 2025-07-17 18:29:41 Image size of job updated: 700448
	685  -  MemoryUsage of job (MB)
	700448  -  ResidentSetSize of job (KB)
...
006 (1253476.000.000) 2025-07-17 18:34:41 Image size of job updated: 4112556
	3412  -  MemoryUsage of job (MB)
	3493808  -  ResidentSetSize of job (KB)
...
006 (1253476.000.000) 2025-07-17 18:39:42 Image size of job updated: 5692968
	3841  -  MemoryUsage of job (MB)
	3933008  -  ResidentSetSize of job (KB)
...
006 (1253476.000.000) 2025-07-17 18:44:42 Image size of job updated: 5692968
	3843  -  MemoryUsage of job (MB)
	3935100  -  ResidentSetSize of job (KB)
...
040 (1253476.000.000) 2025-07-17 18:48:10 Started transferring output files
...
040 (1253476.000.000) 2025-07-17 18:48:10 Finished transferring output files
...
005 (1253476.000.000) 2025-07-17 18:48:10 Job terminated.
	(1) Normal termination (return value 0)
		Usr 0 00:15:36, Sys 0 00:00:50  -  Run Remote Usage
		Usr 0 00:00:00, Sys 0 00:00:00  -  Run Local Usage
		Usr 0 00:15:36, Sys 0 00:00:50  -  Total Remote Usage
		Usr 0 00:00:00, Sys 0 00:00:00  -  Total Local Usage
	118386  -  Run Bytes Sent By Job
	690288960  -  Run Bytes Received By Job
	118386  -  Total Bytes Sent By Job
	690288960  -  Total Bytes Received By Job
	Partitionable Resources :      Usage  Request Allocated 
	   Cpus                 :       0.86        2         2 
	   Disk (KB)            : 2774574      750000    751616 
	   GPUs                 :                             0 
	   Memory (MB)          :    3843       16000     16000 
	   TimeExecute (s)      :    1122                       
	   TimeSlotBusy (s)     :    1128                       

	Job terminated of its own accord at 2025-07-17T09:48:10Z with exit-code 0.
...
000 (1254370.000.000) 2025-07-17 22:18:37 Job submitted from host: <172.30.1.200:9618?addrs=172.30.1.200-9618&alias=tamsa2&noUDP&sock=schedd_2531_a24a>
...
040 (1254370.000.000) 2025-07-17 22:18:39 Started transferring input files
	Transferring to host: <172.30.1.212:9618?addrs=172.30.1.212-9618&alias=node-w12.localdomain&noUDP&sock=slot1_4_4978_3384_93624>
...
040 (1254370.000.000) 2025-07-17 22:18:43 Finished transferring input files
...
001 (1254370.000.000) 2025-07-17 22:18:43 Job executing on host: <172.30.1.212:9618?addrs=172.30.1.212-9618&alias=node-w12.localdomain&noUDP&sock=startd_4944_c052>
	SlotName: slot1_4@node-w12.localdomain
	CondorScratchDir = "/var/lib/condor/execute/dir_1414680"
	Cpus = 2
	Disk = 751616
	GPUs = 0
	Memory = 16000
...
006 (1254370.000.000) 2025-07-17 22:18:57 Image size of job updated: 1039532
	1016  -  MemoryUsage of job (MB)
	1039532  -  ResidentSetSize of job (KB)
...
006 (1254370.000.000) 2025-07-17 22:23:58 Image size of job updated: 3943120
	3168  -  MemoryUsage of job (MB)
	3243888  -  ResidentSetSize of job (KB)
...
006 (1254370.000.000) 2025-07-17 22:28:58 Image size of job updated: 5694672
	3758  -  MemoryUsage of job (MB)
	3847184  -  ResidentSetSize of job (KB)
...
006 (1254370.000.000) 2025-07-17 22:33:58 Image size of job updated: 5694672
	3898  -  MemoryUsage of job (MB)
	3990832  -  ResidentSetSize of job (KB)
...
006 (1254370.000.000) 2025-07-17 22:38:59 Image size of job updated: 5694672
	3997  -  MemoryUsage of job (MB)
	4092028  -  ResidentSetSize of job (KB)
...
040 (1254370.000.000) 2025-07-17 22:40:50 Started transferring output files
...
040 (1254370.000.000) 2025-07-17 22:40:50 Finished transferring output files
...
005 (1254370.000.000) 2025-07-17 22:40:50 Job terminated.
	(1) Normal termination (return value 0)
		Usr 0 00:17:31, Sys 0 00:02:25  -  Run Remote Usage
		Usr 0 00:00:00, Sys 0 00:00:00  -  Run Local Usage
		Usr 0 00:17:31, Sys 0 00:02:25  -  Total Remote Usage
		Usr 0 00:00:00, Sys 0 00:00:00  -  Total Local Usage
	119569  -  Run Bytes Sent By Job
	690288960  -  Run Bytes Received By Job
	119569  -  Total Bytes Sent By Job
	690288960  -  Total Bytes Received By Job
	Partitionable Resources :      Usage  Request Allocated 
	   Cpus                 :       0.97        2         2 
	   Disk (KB)            : 2774577      750000    751616 
	   GPUs                 :                             0 
	   Memory (MB)          :    3997       16000     16000 
	   TimeExecute (s)      :    1326                       
	   TimeSlotBusy (s)     :    1331                       

	Job terminated of its own accord at 2025-07-17T13:40:49Z with exit-code 0.
...
000 (1255935.000.000) 2025-07-18 11:53:48 Job submitted from host: <172.30.1.200:9618?addrs=172.30.1.200-9618&alias=tamsa2&noUDP&sock=schedd_2531_a24a>
...
040 (1255935.000.000) 2025-07-18 11:53:55 Started transferring input files
	Transferring to host: <172.30.1.213:9618?addrs=172.30.1.213-9618&alias=node-w13.localdomain&noUDP&sock=slot1_5_4972_f943_102311>
...
040 (1255935.000.000) 2025-07-18 11:54:03 Finished transferring input files
...
001 (1255935.000.000) 2025-07-18 11:54:03 Job executing on host: <172.30.1.213:9618?addrs=172.30.1.213-9618&alias=node-w13.localdomain&noUDP&sock=startd_4938_a2c0>
	SlotName: slot1_5@node-w13.localdomain
	CondorScratchDir = "/var/lib/condor/execute/dir_1220951"
	Cpus = 2
	Disk = 751616
	GPUs = 0
	Memory = 16000
...
006 (1255935.000.000) 2025-07-18 11:54:16 Image size of job updated: 735092
	718  -  MemoryUsage of job (MB)
	735092  -  ResidentSetSize of job (KB)
...
006 (1255935.000.000) 2025-07-18 11:59:18 Image size of job updated: 3956756
	3466  -  MemoryUsage of job (MB)
	3548736  -  ResidentSetSize of job (KB)
...
006 (1255935.000.000) 2025-07-18 12:04:19 Image size of job updated: 5290684
	4097  -  MemoryUsage of job (MB)
	4194320  -  ResidentSetSize of job (KB)
...
040 (1255935.000.000) 2025-07-18 12:15:19 Started transferring output files
...
040 (1255935.000.000) 2025-07-18 12:15:19 Finished transferring output files
...
005 (1255935.000.000) 2025-07-18 12:15:20 Job terminated.
	(1) Normal termination (return value 0)
		Usr 0 00:16:32, Sys 0 00:02:35  -  Run Remote Usage
		Usr 0 00:00:00, Sys 0 00:00:00  -  Run Local Usage
		Usr 0 00:16:32, Sys 0 00:02:35  -  Total Remote Usage
		Usr 0 00:00:00, Sys 0 00:00:00  -  Total Local Usage
	119569  -  Run Bytes Sent By Job
	690289408  -  Run Bytes Received By Job
	119569  -  Total Bytes Sent By Job
	690289408  -  Total Bytes Received By Job
	Partitionable Resources :      Usage  Request Allocated 
	   Cpus                 :       0.96        2         2 
	   Disk (KB)            : 2774577      750000    751616 
	   GPUs                 :                             0 
	   Memory (MB)          :    4097       16000     16000 
	   TimeExecute (s)      :    1276                       
	   TimeSlotBusy (s)     :    1286                       

	Job terminated of its own accord at 2025-07-18T03:15:19Z with exit-code 0.
...
000 (1256848.000.000) 2025-07-18 16:32:09 Job submitted from host: <172.30.1.200:9618?addrs=172.30.1.200-9618&alias=tamsa2&noUDP&sock=schedd_2531_a24a>
...
040 (1256848.000.000) 2025-07-18 16:32:29 Started transferring input files
	Transferring to host: <172.30.1.217:9618?addrs=172.30.1.217-9618&alias=node-w17.localdomain&noUDP&sock=slot1_14_6391_c99d_127999>
...
040 (1256848.000.000) 2025-07-18 16:32:33 Finished transferring input files
...
001 (1256848.000.000) 2025-07-18 16:32:33 Job executing on host: <172.30.1.217:9618?addrs=172.30.1.217-9618&alias=node-w17.localdomain&noUDP&sock=startd_6357_f3a4>
	SlotName: slot1_14@node-w17.localdomain
	CondorScratchDir = "/var/lib/condor/execute/dir_1840824"
	Cpus = 2
	Disk = 751616
	GPUs = 0
	Memory = 16000
...
006 (1256848.000.000) 2025-07-18 16:32:47 Image size of job updated: 1132452
	1106  -  MemoryUsage of job (MB)
	1132452  -  ResidentSetSize of job (KB)
...
006 (1256848.000.000) 2025-07-18 16:37:48 Image size of job updated: 4263768
	3343  -  MemoryUsage of job (MB)
	3422228  -  ResidentSetSize of job (KB)
...
006 (1256848.000.000) 2025-07-18 16:42:48 Image size of job updated: 5794976
	3727  -  MemoryUsage of job (MB)
	3815980  -  ResidentSetSize of job (KB)
...
006 (1256848.000.000) 2025-07-18 16:47:49 Image size of job updated: 5794976
	3819  -  MemoryUsage of job (MB)
	3910012  -  ResidentSetSize of job (KB)
...
040 (1256848.000.000) 2025-07-18 16:49:03 Started transferring output files
...
040 (1256848.000.000) 2025-07-18 16:49:03 Finished transferring output files
...
005 (1256848.000.000) 2025-07-18 16:49:03 Job terminated.
	(1) Normal termination (return value 0)
		Usr 0 00:12:21, Sys 0 00:02:00  -  Run Remote Usage
		Usr 0 00:00:00, Sys 0 00:00:00  -  Run Local Usage
		Usr 0 00:12:21, Sys 0 00:02:00  -  Total Remote Usage
		Usr 0 00:00:00, Sys 0 00:00:00  -  Total Local Usage
	119569  -  Run Bytes Sent By Job
	690289344  -  Run Bytes Received By Job
	119569  -  Total Bytes Sent By Job
	690289344  -  Total Bytes Received By Job
	Partitionable Resources :      Usage  Request Allocated 
	   Cpus                 :       0.82        2         2 
	   Disk (KB)            : 2774578      750000    751616 
	   GPUs                 :                             0 
	   Memory (MB)          :    3819       16000     16000 
	   TimeExecute (s)      :     989                       
	   TimeSlotBusy (s)     :     996                       

	Job terminated of its own accord at 2025-07-18T07:49:02Z with exit-code 0.
...
000 (1256906.000.000) 2025-07-18 18:01:24 Job submitted from host: <172.30.1.200:9618?addrs=172.30.1.200-9618&alias=tamsa2&noUDP&sock=schedd_2531_a24a>
...
040 (1256906.000.000) 2025-07-18 18:01:49 Started transferring input files
	Transferring to host: <172.30.1.213:9618?addrs=172.30.1.213-9618&alias=node-w13.localdomain&noUDP&sock=slot1_13_4972_f943_103992>
...
040 (1256906.000.000) 2025-07-18 18:01:56 Finished transferring input files
...
001 (1256906.000.000) 2025-07-18 18:01:56 Job executing on host: <172.30.1.213:9618?addrs=172.30.1.213-9618&alias=node-w13.localdomain&noUDP&sock=startd_4938_a2c0>
	SlotName: slot1_13@node-w13.localdomain
	CondorScratchDir = "/var/lib/condor/execute/dir_1533395"
	Cpus = 2
	Disk = 751616
	GPUs = 0
	Memory = 16000
...
006 (1256906.000.000) 2025-07-18 18:02:10 Image size of job updated: 1002480
	979  -  MemoryUsage of job (MB)
	1002480  -  ResidentSetSize of job (KB)
...
006 (1256906.000.000) 2025-07-18 18:02:21 Image size of job updated: 2201480
	2149  -  MemoryUsage of job (MB)
	2199792  -  ResidentSetSize of job (KB)
...
040 (1256906.000.000) 2025-07-18 18:02:22 Started transferring output files
...
040 (1256906.000.000) 2025-07-18 18:02:22 Finished transferring output files
...
005 (1256906.000.000) 2025-07-18 18:02:22 Job terminated.
	(1) Normal termination (return value 0)
		Usr 0 00:00:19, Sys 0 00:00:04  -  Run Remote Usage
		Usr 0 00:00:00, Sys 0 00:00:00  -  Run Local Usage
		Usr 0 00:00:19, Sys 0 00:00:04  -  Total Remote Usage
		Usr 0 00:00:00, Sys 0 00:00:00  -  Total Local Usage
	281  -  Run Bytes Sent By Job
	690291968  -  Run Bytes Received By Job
	281  -  Total Bytes Sent By Job
	690291968  -  Total Bytes Received By Job
	Partitionable Resources :    Usage  Request Allocated 
	   Cpus                 :                 2         2 
	   Disk (KB)            :  2774358   750000    751616 
	   GPUs                 :                           0 
	   Memory (MB)          :     2149    16000     16000 
	   TimeExecute (s)      :       25                    
	   TimeSlotBusy (s)     :       38                    

	Job terminated of its own accord at 2025-07-18T09:02:21Z with exit-code 0.
...
000 (1257015.000.000) 2025-07-18 18:09:55 Job submitted from host: <172.30.1.200:9618?addrs=172.30.1.200-9618&alias=tamsa2&noUDP&sock=schedd_2531_a24a>
...
040 (1257015.000.000) 2025-07-18 18:09:57 Started transferring input files
	Transferring to host: <172.30.1.213:9618?addrs=172.30.1.213-9618&alias=node-w13.localdomain&noUDP&sock=slot1_15_4972_f943_104082>
...
040 (1257015.000.000) 2025-07-18 18:10:07 Finished transferring input files
...
001 (1257015.000.000) 2025-07-18 18:10:07 Job executing on host: <172.30.1.213:9618?addrs=172.30.1.213-9618&alias=node-w13.localdomain&noUDP&sock=startd_4938_a2c0>
	SlotName: slot1_15@node-w13.localdomain
	CondorScratchDir = "/var/lib/condor/execute/dir_1546107"
	Cpus = 2
	Disk = 751616
	GPUs = 0
	Memory = 16000
...
006 (1257015.000.000) 2025-07-18 18:10:20 Image size of job updated: 818352
	800  -  MemoryUsage of job (MB)
	818352  -  ResidentSetSize of job (KB)
...
006 (1257015.000.000) 2025-07-18 18:10:31 Image size of job updated: 2199792
	2149  -  MemoryUsage of job (MB)
	2199792  -  ResidentSetSize of job (KB)
...
040 (1257015.000.000) 2025-07-18 18:10:32 Started transferring output files
...
040 (1257015.000.000) 2025-07-18 18:10:32 Finished transferring output files
...
005 (1257015.000.000) 2025-07-18 18:10:32 Job terminated.
	(1) Normal termination (return value 0)
		Usr 0 00:00:19, Sys 0 00:00:04  -  Run Remote Usage
		Usr 0 00:00:00, Sys 0 00:00:00  -  Run Local Usage
		Usr 0 00:00:19, Sys 0 00:00:04  -  Total Remote Usage
		Usr 0 00:00:00, Sys 0 00:00:00  -  Total Local Usage
	281  -  Run Bytes Sent By Job
	690292224  -  Run Bytes Received By Job
	281  -  Total Bytes Sent By Job
	690292224  -  Total Bytes Received By Job
	Partitionable Resources :    Usage  Request Allocated 
	   Cpus                 :        0        2         2 
	   Disk (KB)            :  2774365   750000    751616 
	   GPUs                 :                           0 
	   Memory (MB)          :     2149    16000     16000 
	   TimeExecute (s)      :       24                    
	   TimeSlotBusy (s)     :       35                    

	Job terminated of its own accord at 2025-07-18T09:10:31Z with exit-code 0.
...
000 (1257063.000.000) 2025-07-18 18:22:36 Job submitted from host: <172.30.1.200:9618?addrs=172.30.1.200-9618&alias=tamsa2&noUDP&sock=schedd_2531_a24a>
...
040 (1257063.000.000) 2025-07-18 18:22:55 Started transferring input files
	Transferring to host: <172.30.1.221:9618?addrs=172.30.1.221-9618&alias=node-w21.localdomain&noUDP&sock=slot1_14_6000_4aed_143287>
...
040 (1257063.000.000) 2025-07-18 18:23:00 Finished transferring input files
...
001 (1257063.000.000) 2025-07-18 18:23:00 Job executing on host: <172.30.1.221:9618?addrs=172.30.1.221-9618&alias=node-w21.localdomain&noUDP&sock=startd_5966_c21c>
	SlotName: slot1_14@node-w21.localdomain
	CondorScratchDir = "/var/lib/condor/execute/dir_2931668"
	Cpus = 2
	Disk = 751616
	GPUs = 0
	Memory = 16000
...
006 (1257063.000.000) 2025-07-18 18:23:14 Image size of job updated: 1132940
	1107  -  MemoryUsage of job (MB)
	1132940  -  ResidentSetSize of job (KB)
...
006 (1257063.000.000) 2025-07-18 18:23:23 Image size of job updated: 2199792
	2149  -  MemoryUsage of job (MB)
	2199792  -  ResidentSetSize of job (KB)
...
040 (1257063.000.000) 2025-07-18 18:23:23 Started transferring output files
...
040 (1257063.000.000) 2025-07-18 18:23:23 Finished transferring output files
...
005 (1257063.000.000) 2025-07-18 18:23:24 Job terminated.
	(1) Normal termination (return value 0)
		Usr 0 00:00:17, Sys 0 00:00:05  -  Run Remote Usage
		Usr 0 00:00:00, Sys 0 00:00:00  -  Run Local Usage
		Usr 0 00:00:17, Sys 0 00:00:05  -  Total Remote Usage
		Usr 0 00:00:00, Sys 0 00:00:00  -  Total Local Usage
	281  -  Run Bytes Sent By Job
	690292224  -  Run Bytes Received By Job
	281  -  Total Bytes Sent By Job
	690292224  -  Total Bytes Received By Job
	Partitionable Resources :    Usage  Request Allocated 
	   Cpus                 :                 2         2 
	   Disk (KB)            :  2774358   750000    751616 
	   GPUs                 :                           0 
	   Memory (MB)          :     2149    16000     16000 
	   TimeExecute (s)      :       23                    
	   TimeSlotBusy (s)     :       29                    

	Job terminated of its own accord at 2025-07-18T09:23:23Z with exit-code 0.
...
000 (1257109.000.000) 2025-07-18 18:24:32 Job submitted from host: <172.30.1.200:9618?addrs=172.30.1.200-9618&alias=tamsa2&noUDP&sock=schedd_2531_a24a>
...
040 (1257109.000.000) 2025-07-18 18:24:53 Started transferring input files
	Transferring to host: <172.30.1.221:9618?addrs=172.30.1.221-9618&alias=node-w21.localdomain&noUDP&sock=slot1_13_6000_4aed_143305>
...
040 (1257109.000.000) 2025-07-18 18:24:57 Finished transferring input files
...
001 (1257109.000.000) 2025-07-18 18:24:57 Job executing on host: <172.30.1.221:9618?addrs=172.30.1.221-9618&alias=node-w21.localdomain&noUDP&sock=startd_5966_c21c>
	SlotName: slot1_13@node-w21.localdomain
	CondorScratchDir = "/var/lib/condor/execute/dir_2931992"
	Cpus = 2
	Disk = 751616
	GPUs = 0
	Memory = 16000
...
006 (1257109.000.000) 2025-07-18 18:25:10 Image size of job updated: 1005836
	983  -  MemoryUsage of job (MB)
	1005836  -  ResidentSetSize of job (KB)
...
006 (1257109.000.000) 2025-07-18 18:30:11 Image size of job updated: 4335876
	4235  -  MemoryUsage of job (MB)
	4335876  -  ResidentSetSize of job (KB)
...
006 (1257109.000.000) 2025-07-18 18:35:11 Image size of job updated: 5891644
	4235  -  MemoryUsage of job (MB)
	4335876  -  ResidentSetSize of job (KB)
...
040 (1257109.000.000) 2025-07-18 18:44:02 Started transferring output files
...
040 (1257109.000.000) 2025-07-18 18:44:02 Finished transferring output files
...
005 (1257109.000.000) 2025-07-18 18:44:02 Job terminated.
	(1) Normal termination (return value 0)
		Usr 0 00:12:58, Sys 0 00:04:02  -  Run Remote Usage
		Usr 0 00:00:00, Sys 0 00:00:00  -  Run Local Usage
		Usr 0 00:12:58, Sys 0 00:04:02  -  Total Remote Usage
		Usr 0 00:00:00, Sys 0 00:00:00  -  Total Local Usage
	122048  -  Run Bytes Sent By Job
	690292224  -  Run Bytes Received By Job
	122048  -  Total Bytes Sent By Job
	690292224  -  Total Bytes Received By Job
	Partitionable Resources :      Usage  Request Allocated 
	   Cpus                 :       0.96        2         2 
	   Disk (KB)            : 2774583      750000    751616 
	   GPUs                 :                             0 
	   Memory (MB)          :    4235       16000     16000 
	   TimeExecute (s)      :    1145                       
	   TimeSlotBusy (s)     :    1149                       

	Job terminated of its own accord at 2025-07-18T09:44:02Z with exit-code 0.
...
000 (1257301.000.000) 2025-07-18 19:06:44 Job submitted from host: <172.30.1.200:9618?addrs=172.30.1.200-9618&alias=tamsa2&noUDP&sock=schedd_2531_a24a>
...
040 (1257301.000.000) 2025-07-18 19:07:01 Started transferring input files
	Transferring to host: <172.30.1.213:9618?addrs=172.30.1.213-9618&alias=node-w13.localdomain&noUDP&sock=slot1_21_4972_f943_104252>
...
040 (1257301.000.000) 2025-07-18 19:07:06 Finished transferring input files
...
001 (1257301.000.000) 2025-07-18 19:07:06 Job executing on host: <172.30.1.213:9618?addrs=172.30.1.213-9618&alias=node-w13.localdomain&noUDP&sock=startd_4938_a2c0>
	SlotName: slot1_21@node-w13.localdomain
	CondorScratchDir = "/var/lib/condor/execute/dir_1571888"
	Cpus = 2
	Disk = 751616
	GPUs = 0
	Memory = 16000
...
006 (1257301.000.000) 2025-07-18 19:07:20 Image size of job updated: 937932
	916  -  MemoryUsage of job (MB)
	937932  -  ResidentSetSize of job (KB)
...
006 (1257301.000.000) 2025-07-18 19:10:54 Image size of job updated: 4197380
	3083  -  MemoryUsage of job (MB)
	3156436  -  ResidentSetSize of job (KB)
...
004 (1257301.000.000) 2025-07-18 19:10:54 Job was evicted.
	(0) CPU times
		Usr 0 00:03:01, Sys 0 00:00:23  -  Run Remote Usage
		Usr 0 00:00:00, Sys 0 00:00:00  -  Run Local Usage
	0  -  Run Bytes Sent By Job
	690293248  -  Run Bytes Received By Job
	Partitionable Resources :      Usage  Request Allocated 
	   Cpus                 :       0.90        2         2 
	   Disk (KB)            : 2774378      750000    751616 
	   GPUs                 :                             0 
	   Memory (MB)          :    3083       16000     16000 
	   TimeExecute (s)      :     227                       
	   TimeSlotBusy (s)     :     238                       
...
009 (1257301.000.000) 2025-07-18 19:10:54 Job was aborted.
	via condor_rm (by user achihwan)
...
000 (1257533.000.000) 2025-07-18 19:18:38 Job submitted from host: <172.30.1.200:9618?addrs=172.30.1.200-9618&alias=tamsa2&noUDP&sock=schedd_2531_a24a>
...
040 (1257533.000.000) 2025-07-18 19:18:43 Started transferring input files
	Transferring to host: <172.30.1.219:9618?addrs=172.30.1.219-9618&alias=node-w19.localdomain&noUDP&sock=slot1_6_5155_e9eb_113604>
...
040 (1257533.000.000) 2025-07-18 19:18:50 Finished transferring input files
...
001 (1257533.000.000) 2025-07-18 19:18:50 Job executing on host: <172.30.1.219:9618?addrs=172.30.1.219-9618&alias=node-w19.localdomain&noUDP&sock=startd_5121_2895>
	SlotName: slot1_6@node-w19.localdomain
	CondorScratchDir = "/var/lib/condor/execute/dir_1637127"
	Cpus = 2
	Disk = 751616
	GPUs = 0
	Memory = 16000
...
006 (1257533.000.000) 2025-07-18 19:19:04 Image size of job updated: 1118360
	1093  -  MemoryUsage of job (MB)
	1118360  -  ResidentSetSize of job (KB)
...
006 (1257533.000.000) 2025-07-18 19:24:05 Image size of job updated: 4326276
	3590  -  MemoryUsage of job (MB)
	3675660  -  ResidentSetSize of job (KB)
...
006 (1257533.000.000) 2025-07-18 19:29:05 Image size of job updated: 6010696
	3922  -  MemoryUsage of job (MB)
	4015380  -  ResidentSetSize of job (KB)
...
040 (1257533.000.000) 2025-07-18 19:33:36 Started transferring output files
...
040 (1257533.000.000) 2025-07-18 19:33:36 Finished transferring output files
...
005 (1257533.000.000) 2025-07-18 19:33:36 Job terminated.
	(1) Normal termination (return value 0)
		Usr 0 00:11:33, Sys 0 00:01:10  -  Run Remote Usage
		Usr 0 00:00:00, Sys 0 00:00:00  -  Run Local Usage
		Usr 0 00:11:33, Sys 0 00:01:10  -  Total Remote Usage
		Usr 0 00:00:00, Sys 0 00:00:00  -  Total Local Usage
	122723  -  Run Bytes Sent By Job
	690293312  -  Run Bytes Received By Job
	122723  -  Total Bytes Sent By Job
	690293312  -  Total Bytes Received By Job
	Partitionable Resources :      Usage  Request Allocated 
	   Cpus                 :       0.92        2         2 
	   Disk (KB)            : 2774585      750000    751616 
	   GPUs                 :                             0 
	   Memory (MB)          :    3922       16000     16000 
	   TimeExecute (s)      :     886                       
	   TimeSlotBusy (s)     :     894                       

	Job terminated of its own accord at 2025-07-18T10:33:36Z with exit-code 0.
...
000 (1265679.000.000) 2025-07-21 11:45:56 Job submitted from host: <172.30.1.200:9618?addrs=172.30.1.200-9618&alias=tamsa2&noUDP&sock=schedd_2531_a24a>
...
040 (1265679.000.000) 2025-07-21 11:46:08 Started transferring input files
	Transferring to host: <172.30.1.204:9618?addrs=172.30.1.204-9618&alias=node-w4.localdomain&noUDP&sock=slot1_1_4930_6182_74161>
...
040 (1265679.000.000) 2025-07-21 11:46:17 Finished transferring input files
...
001 (1265679.000.000) 2025-07-21 11:46:17 Job executing on host: <172.30.1.204:9618?addrs=172.30.1.204-9618&alias=node-w4.localdomain&noUDP&sock=startd_4896_d3c6>
	SlotName: slot1_1@node-w4.localdomain
	CondorScratchDir = "/var/lib/condor/execute/dir_3222729"
	Cpus = 2
	Disk = 751616
	GPUs = 0
	Memory = 16000
...
006 (1265679.000.000) 2025-07-21 11:46:31 Image size of job updated: 1137232
	1111  -  MemoryUsage of job (MB)
	1137232  -  ResidentSetSize of job (KB)
...
006 (1265679.000.000) 2025-07-21 11:51:04 Image size of job updated: 4277248
	2149  -  MemoryUsage of job (MB)
	2199800  -  ResidentSetSize of job (KB)
...
004 (1265679.000.000) 2025-07-21 11:51:04 Job was evicted.
	(0) CPU times
		Usr 0 00:03:40, Sys 0 00:00:20  -  Run Remote Usage
		Usr 0 00:00:00, Sys 0 00:00:00  -  Run Local Usage
	0  -  Run Bytes Sent By Job
	690293312  -  Run Bytes Received By Job
	Partitionable Resources :      Usage  Request Allocated 
	   Cpus                 :       0.92        2         2 
	   Disk (KB)            : 2774379      750000    751616 
	   GPUs                 :                             0 
	   Memory (MB)          :    2149       16000     16000 
	   TimeExecute (s)      :     286                       
	   TimeSlotBusy (s)     :     296                       
...
009 (1265679.000.000) 2025-07-21 11:51:04 Job was aborted.
	via condor_rm (by user achihwan)
...
000 (1265860.000.000) 2025-07-21 11:57:45 Job submitted from host: <172.30.1.200:9618?addrs=172.30.1.200-9618&alias=tamsa2&noUDP&sock=schedd_2531_a24a>
...
040 (1265860.000.000) 2025-07-21 11:58:10 Started transferring input files
	Transferring to host: <172.30.1.205:9618?addrs=172.30.1.205-9618&alias=node-w5.localdomain&noUDP&sock=slot1_14_5098_c088_49508>
...
040 (1265860.000.000) 2025-07-21 11:58:14 Finished transferring input files
...
001 (1265860.000.000) 2025-07-21 11:58:14 Job executing on host: <172.30.1.205:9618?addrs=172.30.1.205-9618&alias=node-w5.localdomain&noUDP&sock=startd_5064_0faf>
	SlotName: slot1_14@node-w5.localdomain
	CondorScratchDir = "/var/lib/condor/execute/dir_3247558"
	Cpus = 2
	Disk = 751616
	GPUs = 0
	Memory = 16000
...
006 (1265860.000.000) 2025-07-21 11:58:28 Image size of job updated: 1099816
	1075  -  MemoryUsage of job (MB)
	1099816  -  ResidentSetSize of job (KB)
...
006 (1265860.000.000) 2025-07-21 12:03:29 Image size of job updated: 4363448
	3410  -  MemoryUsage of job (MB)
	3490984  -  ResidentSetSize of job (KB)
...
006 (1265860.000.000) 2025-07-21 12:08:30 Image size of job updated: 5816784
	3904  -  MemoryUsage of job (MB)
	3997548  -  ResidentSetSize of job (KB)
...
040 (1265860.000.000) 2025-07-21 12:14:18 Started transferring output files
...
040 (1265860.000.000) 2025-07-21 12:14:18 Finished transferring output files
...
005 (1265860.000.000) 2025-07-21 12:14:19 Job terminated.
	(1) Normal termination (return value 0)
		Usr 0 00:12:29, Sys 0 00:02:13  -  Run Remote Usage
		Usr 0 00:00:00, Sys 0 00:00:00  -  Run Local Usage
		Usr 0 00:12:29, Sys 0 00:02:13  -  Total Remote Usage
		Usr 0 00:00:00, Sys 0 00:00:00  -  Total Local Usage
	123091  -  Run Bytes Sent By Job
	690293376  -  Run Bytes Received By Job
	123091  -  Total Bytes Sent By Job
	690293376  -  Total Bytes Received By Job
	Partitionable Resources :      Usage  Request Allocated 
	   Cpus                 :       0.93        2         2 
	   Disk (KB)            : 2774586      750000    751616 
	   GPUs                 :                             0 
	   Memory (MB)          :    3904       16000     16000 
	   TimeExecute (s)      :     964                       
	   TimeSlotBusy (s)     :     972                       

	Job terminated of its own accord at 2025-07-21T03:14:18Z with exit-code 0.
...
