000 (1246649.000.000) 2025-07-17 16:10:37 Job submitted from host: <172.30.1.200:9618?addrs=172.30.1.200-9618&alias=tamsa2&noUDP&sock=schedd_2531_a24a>
...
040 (1246649.000.000) 2025-07-17 16:10:41 Started transferring input files
	Transferring to host: <172.30.1.207:9618?addrs=172.30.1.207-9618&alias=node-w7.localdomain&noUDP&sock=slot1_15_4978_3384_38195>
...
001 (1246649.000.000) 2025-07-17 16:10:41 Job executing on host: <172.30.1.207:9618?addrs=172.30.1.207-9618&alias=node-w7.localdomain&noUDP&sock=startd_4944_c052>
	SlotName: slot1_15@node-w7.localdomain
	CondorScratchDir = "/var/lib/condor/execute/dir_2116878"
	Cpus = 2
	Disk = 2048
	GPUs = 0
	Memory = 16000
...
040 (1246649.000.000) 2025-07-17 16:10:41 Finished transferring input files
...
021 (1246649.000.000) 2025-07-17 16:10:46 Error from starter on slot1_15@node-w7.localdomain:
	Failed to execute '/var/lib/condor/execute/dir_2116878/run_ST_tW_top_Lep.py': (errno=8: 'Exec format error')
	Code 6 Subcode 8
...
004 (1246649.000.000) 2025-07-17 16:10:46 Job was evicted.
	(0) CPU times
		Usr 0 00:00:00, Sys 0 00:00:00  -  Run Remote Usage
		Usr 0 00:00:00, Sys 0 00:00:00  -  Run Local Usage
	0  -  Run Bytes Sent By Job
	27002  -  Run Bytes Received By Job
	Error from slot1_15@node-w7.localdomain: Failed to execute '/var/lib/condor/execute/dir_2116878/run_ST_tW_top_Lep.py': (errno=8: 'Exec format error')
	Partitionable Resources :    Usage  Request Allocated 
	   Cpus                 :                 2         2 
	   Disk (KB)            :       30       30      2048 
	   GPUs                 :                           0 
	   Memory (MB)          :             16000     16000 
	   TimeSlotBusy (s)     :        5                    
...
012 (1246649.000.000) 2025-07-17 16:10:46 Job was held.
	Error from slot1_15@node-w7.localdomain: Failed to execute '/var/lib/condor/execute/dir_2116878/run_ST_tW_top_Lep.py': (errno=8: 'Exec format error')
	Code 6 Subcode 8
...
009 (1246649.000.000) 2025-07-17 16:11:55 Job was aborted.
	via condor_rm (by user achihwan)
...
000 (1246704.000.000) 2025-07-17 16:14:08 Job submitted from host: <172.30.1.200:9618?addrs=172.30.1.200-9618&alias=tamsa2&noUDP&sock=schedd_2531_a24a>
...
040 (1246704.000.000) 2025-07-17 16:14:23 Started transferring input files
	Transferring to host: <172.30.1.205:9618?addrs=172.30.1.205-9618&alias=node-w5.localdomain&noUDP&sock=slot1_3_5098_c088_47444>
...
001 (1246704.000.000) 2025-07-17 16:14:23 Job executing on host: <172.30.1.205:9618?addrs=172.30.1.205-9618&alias=node-w5.localdomain&noUDP&sock=startd_5064_0faf>
	SlotName: slot1_3@node-w5.localdomain
	CondorScratchDir = "/var/lib/condor/execute/dir_2779962"
	Cpus = 2
	Disk = 2048
	GPUs = 0
	Memory = 16000
...
040 (1246704.000.000) 2025-07-17 16:14:23 Finished transferring input files
...
021 (1246704.000.000) 2025-07-17 16:14:28 Error from starter on slot1_3@node-w5.localdomain:
	Failed to execute '/var/lib/condor/execute/dir_2779962/run_ST_tW_top_Lep.py' with arguments python *.py: (errno=8: 'Exec format error')
	Code 6 Subcode 8
...
004 (1246704.000.000) 2025-07-17 16:14:28 Job was evicted.
	(0) CPU times
		Usr 0 00:00:00, Sys 0 00:00:00  -  Run Remote Usage
		Usr 0 00:00:00, Sys 0 00:00:00  -  Run Local Usage
	0  -  Run Bytes Sent By Job
	27002  -  Run Bytes Received By Job
	Error from slot1_3@node-w5.localdomain: Failed to execute '/var/lib/condor/execute/dir_2779962/run_ST_tW_top_Lep.py' with arguments python *.py: (errno=8: 'Exec format error')
	Partitionable Resources :    Usage  Request Allocated 
	   Cpus                 :                 2         2 
	   Disk (KB)            :       30       30      2048 
	   GPUs                 :                           0 
	   Memory (MB)          :             16000     16000 
	   TimeSlotBusy (s)     :        5                    
...
012 (1246704.000.000) 2025-07-17 16:14:28 Job was held.
	Error from slot1_3@node-w5.localdomain: Failed to execute '/var/lib/condor/execute/dir_2779962/run_ST_tW_top_Lep.py' with arguments python *.py: (errno=8: 'Exec format error')
	Code 6 Subcode 8
...
009 (1246704.000.000) 2025-07-17 16:16:03 Job was aborted.
	via condor_rm (by user achihwan)
...
000 (1247404.000.000) 2025-07-17 16:30:17 Job submitted from host: <172.30.1.200:9618?addrs=172.30.1.200-9618&alias=tamsa2&noUDP&sock=schedd_2531_a24a>
...
040 (1247404.000.000) 2025-07-17 16:30:36 Started transferring input files
	Transferring to host: <172.30.1.107:9618?addrs=172.30.1.107-9618&alias=node-g7.localdomain&noUDP&sock=slot1_1_5631_4c7e_25437>
...
040 (1247404.000.000) 2025-07-17 16:30:36 Finished transferring input files
...
001 (1247404.000.000) 2025-07-17 16:30:36 Job executing on host: <172.30.1.107:9618?addrs=172.30.1.107-9618&alias=node-g7.localdomain&noUDP&sock=startd_5596_f811>
	SlotName: slot1_1@node-g7.localdomain
	CondorScratchDir = "/var/lib/condor/execute/dir_3000041"
	Cpus = 2
	Disk = 2048
	GPUs = 0
	Memory = 16000
...
006 (1247404.000.000) 2025-07-17 16:30:41 Image size of job updated: 104
	1  -  MemoryUsage of job (MB)
	4  -  ResidentSetSize of job (KB)
...
040 (1247404.000.000) 2025-07-17 16:30:41 Started transferring output files
...
040 (1247404.000.000) 2025-07-17 16:30:41 Finished transferring output files
...
021 (1247404.000.000) 2025-07-17 16:30:41 Error from starter on slot1_1@node-g7.localdomain:
	STARTER at 172.30.1.107 failed to send file(s) to <172.30.1.200:9618>: |Error: reading from file /var/lib/condor/execute/dir_3000041/*.png: (errno 2) No such file or directory; SHADOW failed to receive file(s) from <172.30.1.107:35633>
	Code 13 Subcode 2
...
004 (1247404.000.000) 2025-07-17 16:30:41 Job was evicted.
	(0) CPU times
		Usr 0 00:00:00, Sys 0 00:00:00  -  Run Remote Usage
		Usr 0 00:00:00, Sys 0 00:00:00  -  Run Local Usage
	143  -  Run Bytes Sent By Job
	27053  -  Run Bytes Received By Job
	Transfer output files failure at execution point slot1_1@node-g7.localdomain while sending files to access point tamsa2. Details: reading from file /var/lib/condor/execute/dir_3000041/*.png: (errno 2) No such file or directory
	Partitionable Resources :    Usage  Request Allocated 
	   Cpus                 :        0        2         2 
	   Disk (KB)            :       49       30      2048 
	   GPUs                 :                           0 
	   Memory (MB)          :        1    16000     16000 
	   TimeExecute (s)      :        5                    
	   TimeSlotBusy (s)     :        5                    
...
012 (1247404.000.000) 2025-07-17 16:30:41 Job was held.
	Transfer output files failure at execution point slot1_1@node-g7.localdomain while sending files to access point tamsa2. Details: reading from file /var/lib/condor/execute/dir_3000041/*.png: (errno 2) No such file or directory
	Code 12 Subcode 2
...
009 (1247404.000.000) 2025-07-17 16:32:04 Job was aborted.
	via condor_rm (by user achihwan)

	Job terminated by itself at 2025-07-17T07:30:41Z (using method 0: OF_ITS_OWN_ACCORD).
...
000 (1247464.000.000) 2025-07-17 16:32:09 Job submitted from host: <172.30.1.200:9618?addrs=172.30.1.200-9618&alias=tamsa2&noUDP&sock=schedd_2531_a24a>
...
040 (1247464.000.000) 2025-07-17 16:32:30 Started transferring input files
	Transferring to host: <172.30.1.110:9618?addrs=172.30.1.110-9618&alias=node-g10.localdomain&noUDP&sock=slot1_16_6414_fe3e_19796>
...
001 (1247464.000.000) 2025-07-17 16:32:30 Job executing on host: <172.30.1.110:9618?addrs=172.30.1.110-9618&alias=node-g10.localdomain&noUDP&sock=startd_6380_ba51>
	SlotName: slot1_16@node-g10.localdomain
	CondorScratchDir = "/var/lib/condor/execute/dir_3257176"
	Cpus = 2
	Disk = 2048
	GPUs = 0
	Memory = 16000
...
040 (1247464.000.000) 2025-07-17 16:32:30 Finished transferring input files
...
006 (1247464.000.000) 2025-07-17 16:32:35 Image size of job updated: 104
	1  -  MemoryUsage of job (MB)
	4  -  ResidentSetSize of job (KB)
...
040 (1247464.000.000) 2025-07-17 16:32:35 Started transferring output files
...
040 (1247464.000.000) 2025-07-17 16:32:35 Finished transferring output files
...
021 (1247464.000.000) 2025-07-17 16:32:35 Error from starter on slot1_16@node-g10.localdomain:
	STARTER at 172.30.1.110 failed to send file(s) to <172.30.1.200:9618>: |Error: reading from file /var/lib/condor/execute/dir_3257176/*.png: (errno 2) No such file or directory; SHADOW failed to receive file(s) from <172.30.1.110:43299>
	Code 13 Subcode 2
...
004 (1247464.000.000) 2025-07-17 16:32:35 Job was evicted.
	(0) CPU times
		Usr 0 00:00:00, Sys 0 00:00:00  -  Run Remote Usage
		Usr 0 00:00:00, Sys 0 00:00:00  -  Run Local Usage
	116  -  Run Bytes Sent By Job
	27042  -  Run Bytes Received By Job
	Transfer output files failure at execution point slot1_16@node-g10.localdomain while sending files to access point tamsa2. Details: reading from file /var/lib/condor/execute/dir_3257176/*.png: (errno 2) No such file or directory
	Partitionable Resources :    Usage  Request Allocated 
	   Cpus                 :        0        2         2 
	   Disk (KB)            :       49       30      2048 
	   GPUs                 :                           0 
	   Memory (MB)          :        1    16000     16000 
	   TimeExecute (s)      :        5                    
	   TimeSlotBusy (s)     :        5                    
...
012 (1247464.000.000) 2025-07-17 16:32:35 Job was held.
	Transfer output files failure at execution point slot1_16@node-g10.localdomain while sending files to access point tamsa2. Details: reading from file /var/lib/condor/execute/dir_3257176/*.png: (errno 2) No such file or directory
	Code 12 Subcode 2
...
009 (1247464.000.000) 2025-07-17 16:36:30 Job was aborted.
	via condor_rm (by user achihwan)

	Job terminated by itself at 2025-07-17T07:32:35Z (using method 0: OF_ITS_OWN_ACCORD).
...
000 (1247524.000.000) 2025-07-17 16:36:36 Job submitted from host: <172.30.1.200:9618?addrs=172.30.1.200-9618&alias=tamsa2&noUDP&sock=schedd_2531_a24a>
...
040 (1247524.000.000) 2025-07-17 16:36:55 Started transferring input files
	Transferring to host: <172.30.1.104:9618?addrs=172.30.1.104-9618&alias=node-g4.localdomain&noUDP&sock=slot1_2_5231_766e_14672>
...
001 (1247524.000.000) 2025-07-17 16:36:55 Job executing on host: <172.30.1.104:9618?addrs=172.30.1.104-9618&alias=node-g4.localdomain&noUDP&sock=startd_5197_49c8>
	SlotName: slot1_2@node-g4.localdomain
	CondorScratchDir = "/var/lib/condor/execute/dir_3374346"
	Cpus = 2
	Disk = 2048
	GPUs = 0
	Memory = 16000
...
040 (1247524.000.000) 2025-07-17 16:36:55 Finished transferring input files
...
006 (1247524.000.000) 2025-07-17 16:37:00 Image size of job updated: 144
	1  -  MemoryUsage of job (MB)
	8  -  ResidentSetSize of job (KB)
...
040 (1247524.000.000) 2025-07-17 16:37:00 Started transferring output files
...
040 (1247524.000.000) 2025-07-17 16:37:00 Finished transferring output files
...
021 (1247524.000.000) 2025-07-17 16:37:00 Error from starter on slot1_2@node-g4.localdomain:
	STARTER at 172.30.1.104 failed to send file(s) to <172.30.1.200:9618>: |Error: reading from file /var/lib/condor/execute/dir_3374346/*.png: (errno 2) No such file or directory; SHADOW failed to receive file(s) from <172.30.1.104:40701>
	Code 13 Subcode 2
...
004 (1247524.000.000) 2025-07-17 16:37:01 Job was evicted.
	(0) CPU times
		Usr 0 00:00:00, Sys 0 00:00:00  -  Run Remote Usage
		Usr 0 00:00:00, Sys 0 00:00:00  -  Run Local Usage
	215  -  Run Bytes Sent By Job
	27046  -  Run Bytes Received By Job
	Transfer output files failure at execution point slot1_2@node-g4.localdomain while sending files to access point tamsa2. Details: reading from file /var/lib/condor/execute/dir_3374346/*.png: (errno 2) No such file or directory
	Partitionable Resources :    Usage  Request Allocated 
	   Cpus                 :        0        2         2 
	   Disk (KB)            :       49       30      2048 
	   GPUs                 :                           0 
	   Memory (MB)          :        1    16000     16000 
	   TimeExecute (s)      :        5                    
	   TimeSlotBusy (s)     :        5                    
...
012 (1247524.000.000) 2025-07-17 16:37:01 Job was held.
	Transfer output files failure at execution point slot1_2@node-g4.localdomain while sending files to access point tamsa2. Details: reading from file /var/lib/condor/execute/dir_3374346/*.png: (errno 2) No such file or directory
	Code 12 Subcode 2
...
009 (1247524.000.000) 2025-07-17 16:38:09 Job was aborted.
	via condor_rm (by user achihwan)

	Job terminated by itself at 2025-07-17T07:37:00Z (using method 0: OF_ITS_OWN_ACCORD).
...
000 (1247583.000.000) 2025-07-17 16:38:18 Job submitted from host: <172.30.1.200:9618?addrs=172.30.1.200-9618&alias=tamsa2&noUDP&sock=schedd_2531_a24a>
...
040 (1247583.000.000) 2025-07-17 16:40:37 Started transferring input files
	Transferring to host: <172.30.1.216:9618?addrs=172.30.1.216-9618&alias=node-w16.localdomain&noUDP&sock=slot1_20_5179_d2ec_89379>
...
001 (1247583.000.000) 2025-07-17 16:40:37 Job executing on host: <172.30.1.216:9618?addrs=172.30.1.216-9618&alias=node-w16.localdomain&noUDP&sock=startd_5145_9edb>
	SlotName: slot1_20@node-w16.localdomain
	CondorScratchDir = "/var/lib/condor/execute/dir_2489825"
	Cpus = 2
	Disk = 2048
	GPUs = 0
	Memory = 16000
...
040 (1247583.000.000) 2025-07-17 16:40:37 Finished transferring input files
...
006 (1247583.000.000) 2025-07-17 16:40:42 Image size of job updated: 148
	1  -  MemoryUsage of job (MB)
	8  -  ResidentSetSize of job (KB)
...
040 (1247583.000.000) 2025-07-17 16:40:42 Started transferring output files
...
040 (1247583.000.000) 2025-07-17 16:40:42 Finished transferring output files
...
021 (1247583.000.000) 2025-07-17 16:40:42 Error from starter on slot1_20@node-w16.localdomain:
	STARTER at 172.30.1.216 failed to send file(s) to <172.30.1.200:9618>: |Error: reading from file /var/lib/condor/execute/dir_2489825/*.png: (errno 2) No such file or directory; SHADOW failed to receive file(s) from <172.30.1.216:39887>
	Code 13 Subcode 2
...
004 (1247583.000.000) 2025-07-17 16:40:42 Job was evicted.
	(0) CPU times
		Usr 0 00:00:00, Sys 0 00:00:00  -  Run Remote Usage
		Usr 0 00:00:00, Sys 0 00:00:00  -  Run Local Usage
	285  -  Run Bytes Sent By Job
	27050  -  Run Bytes Received By Job
	Transfer output files failure at execution point slot1_20@node-w16.localdomain while sending files to access point tamsa2. Details: reading from file /var/lib/condor/execute/dir_2489825/*.png: (errno 2) No such file or directory
	Partitionable Resources :    Usage  Request Allocated 
	   Cpus                 :        0        2         2 
	   Disk (KB)            :       49       30      2048 
	   GPUs                 :                           0 
	   Memory (MB)          :        1    16000     16000 
	   TimeExecute (s)      :        5                    
	   TimeSlotBusy (s)     :        5                    
...
012 (1247583.000.000) 2025-07-17 16:40:42 Job was held.
	Transfer output files failure at execution point slot1_20@node-w16.localdomain while sending files to access point tamsa2. Details: reading from file /var/lib/condor/execute/dir_2489825/*.png: (errno 2) No such file or directory
	Code 12 Subcode 2
...
009 (1247583.000.000) 2025-07-17 16:41:21 Job was aborted.
	via condor_rm (by user achihwan)

	Job terminated by itself at 2025-07-17T07:40:42Z (using method 0: OF_ITS_OWN_ACCORD).
...
000 (1247645.000.000) 2025-07-17 16:51:14 Job submitted from host: <172.30.1.200:9618?addrs=172.30.1.200-9618&alias=tamsa2&noUDP&sock=schedd_2531_a24a>
...
040 (1247645.000.000) 2025-07-17 16:51:38 Entered queue to transfer input files
	Transferring to host: <172.30.1.208:9618?addrs=172.30.1.208-9618&alias=node-w8.localdomain&noUDP&sock=slot1_15_4971_44e3_56686>
...
040 (1247645.000.000) 2025-07-17 16:51:46 Started transferring input files
	Seconds spent in queue: 8
...
040 (1247645.000.000) 2025-07-17 16:51:49 Finished transferring input files
...
001 (1247645.000.000) 2025-07-17 16:51:49 Job executing on host: <172.30.1.208:9618?addrs=172.30.1.208-9618&alias=node-w8.localdomain&noUDP&sock=startd_4937_f328>
	SlotName: slot1_15@node-w8.localdomain
	CondorScratchDir = "/var/lib/condor/execute/dir_1004334"
	Cpus = 2
	Disk = 751616
	GPUs = 0
	Memory = 16000
...
006 (1247645.000.000) 2025-07-17 16:52:02 Image size of job updated: 1018064
	995  -  MemoryUsage of job (MB)
	1018064  -  ResidentSetSize of job (KB)
...
006 (1247645.000.000) 2025-07-17 16:52:11 Image size of job updated: 2199792
	2149  -  MemoryUsage of job (MB)
	2199792  -  ResidentSetSize of job (KB)
...
040 (1247645.000.000) 2025-07-17 16:52:11 Started transferring output files
	Seconds spent in queue: 33
...
040 (1247645.000.000) 2025-07-17 16:52:11 Finished transferring output files
...
021 (1247645.000.000) 2025-07-17 16:52:11 Error from starter on slot1_15@node-w8.localdomain:
	STARTER at 172.30.1.208 failed to send file(s) to <172.30.1.200:9618>: |Error: reading from file /var/lib/condor/execute/dir_1004334/*.png: (errno 2) No such file or directory; SHADOW failed to receive file(s) from <172.30.1.208:44427>
	Code 13 Subcode 2
...
004 (1247645.000.000) 2025-07-17 16:52:11 Job was evicted.
	(0) CPU times
		Usr 0 00:00:16, Sys 0 00:00:02  -  Run Remote Usage
		Usr 0 00:00:00, Sys 0 00:00:00  -  Run Local Usage
	622  -  Run Bytes Sent By Job
	690283904  -  Run Bytes Received By Job
	Transfer output files failure at execution point slot1_15@node-w8.localdomain while sending files to access point tamsa2. Details: reading from file /var/lib/condor/execute/dir_1004334/*.png: (errno 2) No such file or directory
	Partitionable Resources :    Usage  Request Allocated 
	   Cpus                 :        0        2         2 
	   Disk (KB)            :  2774356   750000    751616 
	   GPUs                 :                           0 
	   Memory (MB)          :     2149    16000     16000 
	   TimeExecute (s)      :       22                    
	   TimeSlotBusy (s)     :       38                    
...
012 (1247645.000.000) 2025-07-17 16:52:11 Job was held.
	Transfer output files failure at execution point slot1_15@node-w8.localdomain while sending files to access point tamsa2. Details: reading from file /var/lib/condor/execute/dir_1004334/*.png: (errno 2) No such file or directory
	Code 12 Subcode 2
...
009 (1247645.000.000) 2025-07-17 17:02:33 Job was aborted.
	via condor_rm (by user achihwan)

	Job terminated by itself at 2025-07-17T07:52:11Z (using method 0: OF_ITS_OWN_ACCORD).
...
000 (1247706.000.000) 2025-07-17 17:02:55 Job submitted from host: <172.30.1.200:9618?addrs=172.30.1.200-9618&alias=tamsa2&noUDP&sock=schedd_2531_a24a>
...
040 (1247706.000.000) 2025-07-17 17:03:14 Started transferring input files
	Transferring to host: <172.30.1.208:9618?addrs=172.30.1.208-9618&alias=node-w8.localdomain&noUDP&sock=slot1_2_4971_44e3_56700>
...
040 (1247706.000.000) 2025-07-17 17:03:14 Finished transferring input files
...
040 (1247706.000.000) 2025-07-17 17:03:15 Started transferring output files
...
021 (1247706.000.000) 2025-07-17 17:03:15 Error from starter on slot1_2@node-w8.localdomain:
	Failed to transfer files: SHADOW at 172.30.1.200 failed to send file(s) to <172.30.1.208:42851>: |Error: reading from file /data6/Users/achihwan/hepenv.tar.gz: (errno 2) No such file or directory; STARTER failed to receive file(s) from <172.30.1.200:9618>
	Code 13 Subcode 2
...
004 (1247706.000.000) 2025-07-17 17:03:15 Job was evicted.
	(0) CPU times
		Usr 0 00:00:00, Sys 0 00:00:00  -  Run Remote Usage
		Usr 0 00:00:00, Sys 0 00:00:00  -  Run Local Usage
	0  -  Run Bytes Sent By Job
	27094  -  Run Bytes Received By Job
	Transfer input files failure at access point tamsa2 while sending files to execution point slot1_2@node-w8.localdomain. Details: reading from file /data6/Users/achihwan/hepenv.tar.gz: (errno 2) No such file or directory
	Partitionable Resources :    Usage  Request Allocated 
	   Cpus                 :                 2         2 
	   Disk (KB)            :       43       30      2048 
	   GPUs                 :                           0 
	   Memory (MB)          :             16000     16000 
...
012 (1247706.000.000) 2025-07-17 17:03:15 Job was held.
	Transfer input files failure at access point tamsa2 while sending files to execution point slot1_2@node-w8.localdomain. Details: reading from file /data6/Users/achihwan/hepenv.tar.gz: (errno 2) No such file or directory
	Code 13 Subcode 2
...
009 (1247706.000.000) 2025-07-17 17:05:02 Job was aborted.
	via condor_rm (by user achihwan)
...
000 (1247766.000.000) 2025-07-17 17:05:07 Job submitted from host: <172.30.1.200:9618?addrs=172.30.1.200-9618&alias=tamsa2&noUDP&sock=schedd_2531_a24a>
...
040 (1247766.000.000) 2025-07-17 17:05:26 Started transferring input files
	Transferring to host: <172.30.1.208:9618?addrs=172.30.1.208-9618&alias=node-w8.localdomain&noUDP&sock=slot1_14_4971_44e3_56756>
...
040 (1247766.000.000) 2025-07-17 17:05:26 Finished transferring input files
...
040 (1247766.000.000) 2025-07-17 17:05:27 Started transferring output files
...
021 (1247766.000.000) 2025-07-17 17:05:27 Error from starter on slot1_14@node-w8.localdomain:
	Failed to transfer files: SHADOW at 172.30.1.200 failed to send file(s) to <172.30.1.208:34577>: |Error: reading from file /data6/Users/achihwan/hepenv.tar.gz: (errno 2) No such file or directory; STARTER failed to receive file(s) from <172.30.1.200:9618>
	Code 13 Subcode 2
...
004 (1247766.000.000) 2025-07-17 17:05:27 Job was evicted.
	(0) CPU times
		Usr 0 00:00:00, Sys 0 00:00:00  -  Run Remote Usage
		Usr 0 00:00:00, Sys 0 00:00:00  -  Run Local Usage
	0  -  Run Bytes Sent By Job
	27044  -  Run Bytes Received By Job
	Transfer input files failure at access point tamsa2 while sending files to execution point slot1_14@node-w8.localdomain. Details: reading from file /data6/Users/achihwan/hepenv.tar.gz: (errno 2) No such file or directory
	Partitionable Resources :    Usage  Request Allocated 
	   Cpus                 :                 2         2 
	   Disk (KB)            :       43       30      2048 
	   GPUs                 :                           0 
	   Memory (MB)          :             16000     16000 
...
012 (1247766.000.000) 2025-07-17 17:05:27 Job was held.
	Transfer input files failure at access point tamsa2 while sending files to execution point slot1_14@node-w8.localdomain. Details: reading from file /data6/Users/achihwan/hepenv.tar.gz: (errno 2) No such file or directory
	Code 13 Subcode 2
...
009 (1247766.000.000) 2025-07-17 17:06:33 Job was aborted.
	via condor_rm (by user achihwan)
...
000 (1247825.000.000) 2025-07-17 17:06:37 Job submitted from host: <172.30.1.200:9618?addrs=172.30.1.200-9618&alias=tamsa2&noUDP&sock=schedd_2531_a24a>
...
040 (1247825.000.000) 2025-07-17 17:06:48 Started transferring input files
	Transferring to host: <172.30.1.205:9618?addrs=172.30.1.205-9618&alias=node-w5.localdomain&noUDP&sock=slot1_2_5098_c088_47692>
...
001 (1247825.000.000) 2025-07-17 17:06:48 Job executing on host: <172.30.1.205:9618?addrs=172.30.1.205-9618&alias=node-w5.localdomain&noUDP&sock=startd_5064_0faf>
	SlotName: slot1_2@node-w5.localdomain
	CondorScratchDir = "/var/lib/condor/execute/dir_2820717"
	Cpus = 2
	Disk = 2048
	GPUs = 0
	Memory = 16000
...
040 (1247825.000.000) 2025-07-17 17:06:48 Finished transferring input files
...
006 (1247825.000.000) 2025-07-17 17:06:53 Image size of job updated: 148
	1  -  MemoryUsage of job (MB)
	8  -  ResidentSetSize of job (KB)
...
040 (1247825.000.000) 2025-07-17 17:06:53 Started transferring output files
...
040 (1247825.000.000) 2025-07-17 17:06:53 Finished transferring output files
...
021 (1247825.000.000) 2025-07-17 17:06:53 Error from starter on slot1_2@node-w5.localdomain:
	STARTER at 172.30.1.205 failed to send file(s) to <172.30.1.200:9618>: |Error: reading from file /var/lib/condor/execute/dir_2820717/*.png: (errno 2) No such file or directory; SHADOW failed to receive file(s) from <172.30.1.205:38115>
	Code 13 Subcode 2
...
004 (1247825.000.000) 2025-07-17 17:06:53 Job was evicted.
	(0) CPU times
		Usr 0 00:00:00, Sys 0 00:00:00  -  Run Remote Usage
		Usr 0 00:00:00, Sys 0 00:00:00  -  Run Local Usage
	285  -  Run Bytes Sent By Job
	27044  -  Run Bytes Received By Job
	Transfer output files failure at execution point slot1_2@node-w5.localdomain while sending files to access point tamsa2. Details: reading from file /var/lib/condor/execute/dir_2820717/*.png: (errno 2) No such file or directory
	Partitionable Resources :    Usage  Request Allocated 
	   Cpus                 :        0        2         2 
	   Disk (KB)            :       49       30      2048 
	   GPUs                 :                           0 
	   Memory (MB)          :        1    16000     16000 
	   TimeExecute (s)      :        5                    
	   TimeSlotBusy (s)     :        5                    
...
012 (1247825.000.000) 2025-07-17 17:06:53 Job was held.
	Transfer output files failure at execution point slot1_2@node-w5.localdomain while sending files to access point tamsa2. Details: reading from file /var/lib/condor/execute/dir_2820717/*.png: (errno 2) No such file or directory
	Code 12 Subcode 2
...
009 (1247825.000.000) 2025-07-17 17:08:13 Job was aborted.
	via condor_rm (by user achihwan)

	Job terminated by itself at 2025-07-17T08:06:53Z (using method 0: OF_ITS_OWN_ACCORD).
...
000 (1247884.000.000) 2025-07-17 17:08:23 Job submitted from host: <172.30.1.200:9618?addrs=172.30.1.200-9618&alias=tamsa2&noUDP&sock=schedd_2531_a24a>
...
009 (1247884.000.000) 2025-07-17 17:08:34 Job was aborted.
	via condor_rm (by user achihwan)
...
000 (1247943.000.000) 2025-07-17 17:08:52 Job submitted from host: <172.30.1.200:9618?addrs=172.30.1.200-9618&alias=tamsa2&noUDP&sock=schedd_2531_a24a>
...
040 (1247943.000.000) 2025-07-17 17:09:03 Started transferring input files
	Transferring to host: <172.30.1.206:9618?addrs=172.30.1.206-9618&alias=node-w6.localdomain&noUDP&sock=slot1_1_4969_dc23_29404>
...
040 (1247943.000.000) 2025-07-17 17:09:03 Finished transferring input files
...
001 (1247943.000.000) 2025-07-17 17:09:03 Job executing on host: <172.30.1.206:9618?addrs=172.30.1.206-9618&alias=node-w6.localdomain&noUDP&sock=startd_4935_93f7>
	SlotName: slot1_1@node-w6.localdomain
	CondorScratchDir = "/var/lib/condor/execute/dir_433607"
	Cpus = 2
	Disk = 2048
	GPUs = 0
	Memory = 16000
...
006 (1247943.000.000) 2025-07-17 17:09:08 Image size of job updated: 96
	1  -  MemoryUsage of job (MB)
	8  -  ResidentSetSize of job (KB)
...
040 (1247943.000.000) 2025-07-17 17:09:08 Started transferring output files
...
040 (1247943.000.000) 2025-07-17 17:09:08 Finished transferring output files
...
021 (1247943.000.000) 2025-07-17 17:09:08 Error from starter on slot1_1@node-w6.localdomain:
	STARTER at 172.30.1.206 failed to send file(s) to <172.30.1.200:9618>: |Error: reading from file /var/lib/condor/execute/dir_433607/*.png: (errno 2) No such file or directory; SHADOW failed to receive file(s) from <172.30.1.206:45723>
	Code 13 Subcode 2
...
004 (1247943.000.000) 2025-07-17 17:09:08 Job was evicted.
	(0) CPU times
		Usr 0 00:00:00, Sys 0 00:00:00  -  Run Remote Usage
		Usr 0 00:00:00, Sys 0 00:00:00  -  Run Local Usage
	284  -  Run Bytes Sent By Job
	27044  -  Run Bytes Received By Job
	Transfer output files failure at execution point slot1_1@node-w6.localdomain while sending files to access point tamsa2. Details: reading from file /var/lib/condor/execute/dir_433607/*.png: (errno 2) No such file or directory
	Partitionable Resources :    Usage  Request Allocated 
	   Cpus                 :        0        2         2 
	   Disk (KB)            :       49       30      2048 
	   GPUs                 :                           0 
	   Memory (MB)          :        1    16000     16000 
	   TimeExecute (s)      :        5                    
	   TimeSlotBusy (s)     :        5                    
...
012 (1247943.000.000) 2025-07-17 17:09:08 Job was held.
	Transfer output files failure at execution point slot1_1@node-w6.localdomain while sending files to access point tamsa2. Details: reading from file /var/lib/condor/execute/dir_433607/*.png: (errno 2) No such file or directory
	Code 12 Subcode 2
...
009 (1247943.000.000) 2025-07-17 17:10:28 Job was aborted.
	via condor_rm (by user achihwan)

	Job terminated by itself at 2025-07-17T08:09:08Z (using method 0: OF_ITS_OWN_ACCORD).
...
000 (1248003.000.000) 2025-07-17 17:10:35 Job submitted from host: <172.30.1.200:9618?addrs=172.30.1.200-9618&alias=tamsa2&noUDP&sock=schedd_2531_a24a>
...
040 (1248003.000.000) 2025-07-17 17:10:45 Started transferring input files
	Transferring to host: <172.30.1.105:9618?addrs=172.30.1.105-9618&alias=node-g5.localdomain&noUDP&sock=slot1_6_5280_fcd0_13885>
...
001 (1248003.000.000) 2025-07-17 17:10:45 Job executing on host: <172.30.1.105:9618?addrs=172.30.1.105-9618&alias=node-g5.localdomain&noUDP&sock=startd_5246_e5ec>
	SlotName: slot1_6@node-g5.localdomain
	CondorScratchDir = "/var/lib/condor/execute/dir_2568430"
	Cpus = 2
	Disk = 2048
	GPUs = 0
	Memory = 16000
...
040 (1248003.000.000) 2025-07-17 17:10:45 Finished transferring input files
...
006 (1248003.000.000) 2025-07-17 17:10:50 Image size of job updated: 124
	1  -  MemoryUsage of job (MB)
	8  -  ResidentSetSize of job (KB)
...
040 (1248003.000.000) 2025-07-17 17:10:50 Started transferring output files
...
040 (1248003.000.000) 2025-07-17 17:10:50 Finished transferring output files
...
021 (1248003.000.000) 2025-07-17 17:10:50 Error from starter on slot1_6@node-g5.localdomain:
	STARTER at 172.30.1.105 failed to send file(s) to <172.30.1.200:9618>: |Error: reading from file /var/lib/condor/execute/dir_2568430/*.png: (errno 2) No such file or directory; SHADOW failed to receive file(s) from <172.30.1.105:41297>
	Code 13 Subcode 2
...
004 (1248003.000.000) 2025-07-17 17:10:50 Job was evicted.
	(0) CPU times
		Usr 0 00:00:00, Sys 0 00:00:00  -  Run Remote Usage
		Usr 0 00:00:00, Sys 0 00:00:00  -  Run Local Usage
	307  -  Run Bytes Sent By Job
	27044  -  Run Bytes Received By Job
	Transfer output files failure at execution point slot1_6@node-g5.localdomain while sending files to access point tamsa2. Details: reading from file /var/lib/condor/execute/dir_2568430/*.png: (errno 2) No such file or directory
	Partitionable Resources :    Usage  Request Allocated 
	   Cpus                 :                 2         2 
	   Disk (KB)            :       43       30      2048 
	   GPUs                 :                           0 
	   Memory (MB)          :        1    16000     16000 
	   TimeExecute (s)      :        5                    
	   TimeSlotBusy (s)     :        6                    
...
012 (1248003.000.000) 2025-07-17 17:10:51 Job was held.
	Transfer output files failure at execution point slot1_6@node-g5.localdomain while sending files to access point tamsa2. Details: reading from file /var/lib/condor/execute/dir_2568430/*.png: (errno 2) No such file or directory
	Code 12 Subcode 2
...
009 (1248003.000.000) 2025-07-17 17:11:47 Job was aborted.
	via condor_rm (by user achihwan)

	Job terminated by itself at 2025-07-17T08:10:50Z (using method 0: OF_ITS_OWN_ACCORD).
...
000 (1248063.000.000) 2025-07-17 17:12:02 Job submitted from host: <172.30.1.200:9618?addrs=172.30.1.200-9618&alias=tamsa2&noUDP&sock=schedd_2531_a24a>
...
040 (1248063.000.000) 2025-07-17 17:12:22 Started transferring input files
	Transferring to host: <172.30.1.110:9618?addrs=172.30.1.110-9618&alias=node-g10.localdomain&noUDP&sock=slot1_4_6414_fe3e_19805>
...
001 (1248063.000.000) 2025-07-17 17:12:22 Job executing on host: <172.30.1.110:9618?addrs=172.30.1.110-9618&alias=node-g10.localdomain&noUDP&sock=startd_6380_ba51>
	SlotName: slot1_4@node-g10.localdomain
	CondorScratchDir = "/var/lib/condor/execute/dir_3258404"
	Cpus = 2
	Disk = 2048
	GPUs = 0
	Memory = 16000
...
040 (1248063.000.000) 2025-07-17 17:12:22 Finished transferring input files
...
006 (1248063.000.000) 2025-07-17 17:12:27 Image size of job updated: 108
	1  -  MemoryUsage of job (MB)
	8  -  ResidentSetSize of job (KB)
...
040 (1248063.000.000) 2025-07-17 17:12:27 Started transferring output files
...
040 (1248063.000.000) 2025-07-17 17:12:27 Finished transferring output files
...
021 (1248063.000.000) 2025-07-17 17:12:27 Error from starter on slot1_4@node-g10.localdomain:
	STARTER at 172.30.1.110 failed to send file(s) to <172.30.1.200:9618>: |Error: reading from file /var/lib/condor/execute/dir_3258404/*.png: (errno 2) No such file or directory; SHADOW failed to receive file(s) from <172.30.1.110:39403>
	Code 13 Subcode 2
...
004 (1248063.000.000) 2025-07-17 17:12:27 Job was evicted.
	(0) CPU times
		Usr 0 00:00:00, Sys 0 00:00:00  -  Run Remote Usage
		Usr 0 00:00:00, Sys 0 00:00:00  -  Run Local Usage
	293  -  Run Bytes Sent By Job
	27044  -  Run Bytes Received By Job
	Transfer output files failure at execution point slot1_4@node-g10.localdomain while sending files to access point tamsa2. Details: reading from file /var/lib/condor/execute/dir_3258404/*.png: (errno 2) No such file or directory
	Partitionable Resources :    Usage  Request Allocated 
	   Cpus                 :        0        2         2 
	   Disk (KB)            :       49       30      2048 
	   GPUs                 :                           0 
	   Memory (MB)          :        1    16000     16000 
	   TimeExecute (s)      :        5                    
	   TimeSlotBusy (s)     :        5                    
...
012 (1248063.000.000) 2025-07-17 17:12:27 Job was held.
	Transfer output files failure at execution point slot1_4@node-g10.localdomain while sending files to access point tamsa2. Details: reading from file /var/lib/condor/execute/dir_3258404/*.png: (errno 2) No such file or directory
	Code 12 Subcode 2
...
000 (1248123.000.000) 2025-07-17 17:12:50 Job submitted from host: <172.30.1.200:9618?addrs=172.30.1.200-9618&alias=tamsa2&noUDP&sock=schedd_2531_a24a>
...
009 (1248123.000.000) 2025-07-17 17:13:09 Job was aborted.
	via condor_rm (by user achihwan)
...
009 (1248063.000.000) 2025-07-17 17:13:09 Job was aborted.
	via condor_rm (by user achihwan)

	Job terminated by itself at 2025-07-17T08:12:27Z (using method 0: OF_ITS_OWN_ACCORD).
...
000 (1248182.000.000) 2025-07-17 17:13:16 Job submitted from host: <172.30.1.200:9618?addrs=172.30.1.200-9618&alias=tamsa2&noUDP&sock=schedd_2531_a24a>
...
009 (1248182.000.000) 2025-07-17 17:14:42 Job was aborted.
	via condor_rm (by user achihwan)
...
000 (1248241.000.000) 2025-07-17 17:14:49 Job submitted from host: <172.30.1.200:9618?addrs=172.30.1.200-9618&alias=tamsa2&noUDP&sock=schedd_2531_a24a>
...
040 (1248241.000.000) 2025-07-17 17:17:13 Started transferring input files
	Transferring to host: <172.30.1.208:9618?addrs=172.30.1.208-9618&alias=node-w8.localdomain&noUDP&sock=slot1_6_4971_44e3_56788>
...
001 (1248241.000.000) 2025-07-17 17:17:14 Job executing on host: <172.30.1.208:9618?addrs=172.30.1.208-9618&alias=node-w8.localdomain&noUDP&sock=startd_4937_f328>
	SlotName: slot1_6@node-w8.localdomain
	CondorScratchDir = "/var/lib/condor/execute/dir_1014960"
	Cpus = 2
	Disk = 2048
	GPUs = 0
	Memory = 16000
...
040 (1248241.000.000) 2025-07-17 17:17:14 Finished transferring input files
...
006 (1248241.000.000) 2025-07-17 17:17:19 Image size of job updated: 124
	1  -  MemoryUsage of job (MB)
	8  -  ResidentSetSize of job (KB)
...
040 (1248241.000.000) 2025-07-17 17:17:19 Started transferring output files
...
040 (1248241.000.000) 2025-07-17 17:17:19 Finished transferring output files
...
021 (1248241.000.000) 2025-07-17 17:17:19 Error from starter on slot1_6@node-w8.localdomain:
	STARTER at 172.30.1.208 failed to send file(s) to <172.30.1.200:9618>: |Error: reading from file /var/lib/condor/execute/dir_1014960/*.png: (errno 2) No such file or directory; SHADOW failed to receive file(s) from <172.30.1.208:39559>
	Code 13 Subcode 2
...
004 (1248241.000.000) 2025-07-17 17:17:19 Job was evicted.
	(0) CPU times
		Usr 0 00:00:00, Sys 0 00:00:00  -  Run Remote Usage
		Usr 0 00:00:00, Sys 0 00:00:00  -  Run Local Usage
	286  -  Run Bytes Sent By Job
	27041  -  Run Bytes Received By Job
	Transfer output files failure at execution point slot1_6@node-w8.localdomain while sending files to access point tamsa2. Details: reading from file /var/lib/condor/execute/dir_1014960/*.png: (errno 2) No such file or directory
	Partitionable Resources :    Usage  Request Allocated 
	   Cpus                 :        0        2         2 
	   Disk (KB)            :       49       30      2048 
	   GPUs                 :                           0 
	   Memory (MB)          :        1    16000     16000 
	   TimeExecute (s)      :        5                    
	   TimeSlotBusy (s)     :        6                    
...
012 (1248241.000.000) 2025-07-17 17:17:19 Job was held.
	Transfer output files failure at execution point slot1_6@node-w8.localdomain while sending files to access point tamsa2. Details: reading from file /var/lib/condor/execute/dir_1014960/*.png: (errno 2) No such file or directory
	Code 12 Subcode 2
...
009 (1248241.000.000) 2025-07-17 17:18:37 Job was aborted.
	via condor_rm (by user achihwan)

	Job terminated by itself at 2025-07-17T08:17:19Z (using method 0: OF_ITS_OWN_ACCORD).
...
000 (1248302.000.000) 2025-07-17 17:23:11 Job submitted from host: <172.30.1.200:9618?addrs=172.30.1.200-9618&alias=tamsa2&noUDP&sock=schedd_2531_a24a>
...
040 (1248302.000.000) 2025-07-17 17:23:30 Started transferring input files
	Transferring to host: <172.30.1.203:9618?addrs=172.30.1.203-9618&alias=node-w3.localdomain&noUDP&sock=slot1_10_4993_c524_82510>
...
040 (1248302.000.000) 2025-07-17 17:23:30 Finished transferring input files
...
001 (1248302.000.000) 2025-07-17 17:23:30 Job executing on host: <172.30.1.203:9618?addrs=172.30.1.203-9618&alias=node-w3.localdomain&noUDP&sock=startd_4959_0a3d>
	SlotName: slot1_10@node-w3.localdomain
	CondorScratchDir = "/var/lib/condor/execute/dir_2418355"
	Cpus = 2
	Disk = 2048
	GPUs = 0
	Memory = 16000
...
006 (1248302.000.000) 2025-07-17 17:23:36 Image size of job updated: 148
	1  -  MemoryUsage of job (MB)
	8  -  ResidentSetSize of job (KB)
...
040 (1248302.000.000) 2025-07-17 17:23:36 Started transferring output files
...
040 (1248302.000.000) 2025-07-17 17:23:36 Finished transferring output files
...
021 (1248302.000.000) 2025-07-17 17:23:36 Error from starter on slot1_10@node-w3.localdomain:
	STARTER at 172.30.1.203 failed to send file(s) to <172.30.1.200:9618>: |Error: reading from file /var/lib/condor/execute/dir_2418355/*.png: (errno 2) No such file or directory; SHADOW failed to receive file(s) from <172.30.1.203:44509>
	Code 13 Subcode 2
...
004 (1248302.000.000) 2025-07-17 17:23:36 Job was evicted.
	(0) CPU times
		Usr 0 00:00:00, Sys 0 00:00:00  -  Run Remote Usage
		Usr 0 00:00:00, Sys 0 00:00:00  -  Run Local Usage
	474  -  Run Bytes Sent By Job
	27119  -  Run Bytes Received By Job
	Transfer output files failure at execution point slot1_10@node-w3.localdomain while sending files to access point tamsa2. Details: reading from file /var/lib/condor/execute/dir_2418355/*.png: (errno 2) No such file or directory
	Partitionable Resources :    Usage  Request Allocated 
	   Cpus                 :        0        2         2 
	   Disk (KB)            :       50       30      2048 
	   GPUs                 :                           0 
	   Memory (MB)          :        1    16000     16000 
	   TimeExecute (s)      :        6                    
	   TimeSlotBusy (s)     :        6                    
...
012 (1248302.000.000) 2025-07-17 17:23:36 Job was held.
	Transfer output files failure at execution point slot1_10@node-w3.localdomain while sending files to access point tamsa2. Details: reading from file /var/lib/condor/execute/dir_2418355/*.png: (errno 2) No such file or directory
	Code 12 Subcode 2
...
009 (1248302.000.000) 2025-07-17 17:28:06 Job was aborted.
	via condor_rm (by user achihwan)

	Job terminated by itself at 2025-07-17T08:23:36Z (using method 0: OF_ITS_OWN_ACCORD).
...
000 (1248363.000.000) 2025-07-17 17:28:11 Job submitted from host: <172.30.1.200:9618?addrs=172.30.1.200-9618&alias=tamsa2&noUDP&sock=schedd_2531_a24a>
...
040 (1248363.000.000) 2025-07-17 17:28:29 Entered queue to transfer input files
	Transferring to host: <172.30.1.204:9618?addrs=172.30.1.204-9618&alias=node-w4.localdomain&noUDP&sock=slot1_18_4930_6182_68178>
...
040 (1248363.000.000) 2025-07-17 17:28:31 Started transferring input files
	Seconds spent in queue: 2
...
040 (1248363.000.000) 2025-07-17 17:28:35 Finished transferring input files
...
001 (1248363.000.000) 2025-07-17 17:28:35 Job executing on host: <172.30.1.204:9618?addrs=172.30.1.204-9618&alias=node-w4.localdomain&noUDP&sock=startd_4896_d3c6>
	SlotName: slot1_18@node-w4.localdomain
	CondorScratchDir = "/var/lib/condor/execute/dir_2004249"
	Cpus = 2
	Disk = 751616
	GPUs = 0
	Memory = 16000
...
006 (1248363.000.000) 2025-07-17 17:28:48 Image size of job updated: 903328
	883  -  MemoryUsage of job (MB)
	903328  -  ResidentSetSize of job (KB)
...
006 (1248363.000.000) 2025-07-17 17:28:59 Image size of job updated: 2199796
	2149  -  MemoryUsage of job (MB)
	2199796  -  ResidentSetSize of job (KB)
...
040 (1248363.000.000) 2025-07-17 17:29:00 Started transferring output files
	Seconds spent in queue: 31
...
040 (1248363.000.000) 2025-07-17 17:29:00 Finished transferring output files
...
021 (1248363.000.000) 2025-07-17 17:29:00 Error from starter on slot1_18@node-w4.localdomain:
	STARTER at 172.30.1.204 failed to send file(s) to <172.30.1.200:9618>: |Error: reading from file /var/lib/condor/execute/dir_2004249/*.png: (errno 2) No such file or directory; SHADOW failed to receive file(s) from <172.30.1.204:38211>
	Code 13 Subcode 2
...
004 (1248363.000.000) 2025-07-17 17:29:00 Job was evicted.
	(0) CPU times
		Usr 0 00:00:18, Sys 0 00:00:04  -  Run Remote Usage
		Usr 0 00:00:00, Sys 0 00:00:00  -  Run Local Usage
	413  -  Run Bytes Sent By Job
	690283904  -  Run Bytes Received By Job
	Transfer output files failure at execution point slot1_18@node-w4.localdomain while sending files to access point tamsa2. Details: reading from file /var/lib/condor/execute/dir_2004249/*.png: (errno 2) No such file or directory
	Partitionable Resources :    Usage  Request Allocated 
	   Cpus                 :        0        2         2 
	   Disk (KB)            :  2774356   750000    751616 
	   GPUs                 :                           0 
	   Memory (MB)          :     2149    16000     16000 
	   TimeExecute (s)      :       24                    
	   TimeSlotBusy (s)     :       36                    
...
012 (1248363.000.000) 2025-07-17 17:29:00 Job was held.
	Transfer output files failure at execution point slot1_18@node-w4.localdomain while sending files to access point tamsa2. Details: reading from file /var/lib/condor/execute/dir_2004249/*.png: (errno 2) No such file or directory
	Code 12 Subcode 2
...
009 (1248363.000.000) 2025-07-17 17:30:19 Job was aborted.
	via condor_rm (by user achihwan)

	Job terminated by itself at 2025-07-17T08:28:59Z (using method 0: OF_ITS_OWN_ACCORD).
...
000 (1248423.000.000) 2025-07-17 17:33:24 Job submitted from host: <172.30.1.200:9618?addrs=172.30.1.200-9618&alias=tamsa2&noUDP&sock=schedd_2531_a24a>
...
040 (1248423.000.000) 2025-07-17 17:33:49 Entered queue to transfer input files
	Transferring to host: <172.30.1.219:9618?addrs=172.30.1.219-9618&alias=node-w19.localdomain&noUDP&sock=slot1_16_5155_e9eb_110859>
...
040 (1248423.000.000) 2025-07-17 17:33:52 Started transferring input files
	Seconds spent in queue: 3
...
040 (1248423.000.000) 2025-07-17 17:33:55 Finished transferring input files
...
001 (1248423.000.000) 2025-07-17 17:33:55 Job executing on host: <172.30.1.219:9618?addrs=172.30.1.219-9618&alias=node-w19.localdomain&noUDP&sock=startd_5121_2895>
	SlotName: slot1_16@node-w19.localdomain
	CondorScratchDir = "/var/lib/condor/execute/dir_1064724"
	Cpus = 2
	Disk = 751616
	GPUs = 0
	Memory = 16000
...
006 (1248423.000.000) 2025-07-17 17:34:09 Image size of job updated: 1180016
	1153  -  MemoryUsage of job (MB)
	1180016  -  ResidentSetSize of job (KB)
...
006 (1248423.000.000) 2025-07-17 17:34:17 Image size of job updated: 2199792
	2149  -  MemoryUsage of job (MB)
	2199792  -  ResidentSetSize of job (KB)
...
040 (1248423.000.000) 2025-07-17 17:34:17 Started transferring output files
	Seconds spent in queue: 28
...
040 (1248423.000.000) 2025-07-17 17:34:17 Finished transferring output files
...
021 (1248423.000.000) 2025-07-17 17:34:17 Error from starter on slot1_16@node-w19.localdomain:
	STARTER at 172.30.1.219 failed to send file(s) to <172.30.1.200:9618>: |Error: reading from file /var/lib/condor/execute/dir_1064724/*.png: (errno 2) No such file or directory; SHADOW failed to receive file(s) from <172.30.1.219:39943>
	Code 13 Subcode 2
...
004 (1248423.000.000) 2025-07-17 17:34:17 Job was evicted.
	(0) CPU times
		Usr 0 00:00:16, Sys 0 00:00:04  -  Run Remote Usage
		Usr 0 00:00:00, Sys 0 00:00:00  -  Run Local Usage
	413  -  Run Bytes Sent By Job
	690283904  -  Run Bytes Received By Job
	Transfer output files failure at execution point slot1_16@node-w19.localdomain while sending files to access point tamsa2. Details: reading from file /var/lib/condor/execute/dir_1064724/*.png: (errno 2) No such file or directory
	Partitionable Resources :    Usage  Request Allocated 
	   Cpus                 :                 2         2 
	   Disk (KB)            :  2774350   750000    751616 
	   GPUs                 :                           0 
	   Memory (MB)          :     2149    16000     16000 
	   TimeExecute (s)      :       22                    
	   TimeSlotBusy (s)     :       33                    
...
012 (1248423.000.000) 2025-07-17 17:34:17 Job was held.
	Transfer output files failure at execution point slot1_16@node-w19.localdomain while sending files to access point tamsa2. Details: reading from file /var/lib/condor/execute/dir_1064724/*.png: (errno 2) No such file or directory
	Code 12 Subcode 2
...
009 (1248423.000.000) 2025-07-17 17:34:44 Job was aborted.
	via condor_rm (by user achihwan)

	Job terminated by itself at 2025-07-17T08:34:17Z (using method 0: OF_ITS_OWN_ACCORD).
...
000 (1248482.000.000) 2025-07-17 17:34:49 Job submitted from host: <172.30.1.200:9618?addrs=172.30.1.200-9618&alias=tamsa2&noUDP&sock=schedd_2531_a24a>
...
040 (1248482.000.000) 2025-07-17 17:35:11 Entered queue to transfer input files
	Transferring to host: <172.30.1.107:9618?addrs=172.30.1.107-9618&alias=node-g7.localdomain&noUDP&sock=slot1_6_5631_4c7e_25507>
...
040 (1248482.000.000) 2025-07-17 17:35:21 Started transferring input files
	Seconds spent in queue: 10
...
040 (1248482.000.000) 2025-07-17 17:35:25 Finished transferring input files
...
001 (1248482.000.000) 2025-07-17 17:35:25 Job executing on host: <172.30.1.107:9618?addrs=172.30.1.107-9618&alias=node-g7.localdomain&noUDP&sock=startd_5596_f811>
	SlotName: slot1_6@node-g7.localdomain
	CondorScratchDir = "/var/lib/condor/execute/dir_3008519"
	Cpus = 2
	Disk = 751616
	GPUs = 0
	Memory = 16000
...
006 (1248482.000.000) 2025-07-17 17:35:38 Image size of job updated: 967700
	946  -  MemoryUsage of job (MB)
	967700  -  ResidentSetSize of job (KB)
...
006 (1248482.000.000) 2025-07-17 17:35:47 Image size of job updated: 2199792
	2149  -  MemoryUsage of job (MB)
	2199792  -  ResidentSetSize of job (KB)
...
040 (1248482.000.000) 2025-07-17 17:35:48 Started transferring output files
	Seconds spent in queue: 37
...
040 (1248482.000.000) 2025-07-17 17:35:48 Finished transferring output files
...
021 (1248482.000.000) 2025-07-17 17:35:48 Error from starter on slot1_6@node-g7.localdomain:
	STARTER at 172.30.1.107 failed to send file(s) to <172.30.1.200:9618>: |Error: reading from file /var/lib/condor/execute/dir_3008519/*.png: (errno 2) No such file or directory; SHADOW failed to receive file(s) from <172.30.1.107:45849>
	Code 13 Subcode 2
...
004 (1248482.000.000) 2025-07-17 17:35:48 Job was evicted.
	(0) CPU times
		Usr 0 00:00:17, Sys 0 00:00:03  -  Run Remote Usage
		Usr 0 00:00:00, Sys 0 00:00:00  -  Run Local Usage
	845  -  Run Bytes Sent By Job
	690283904  -  Run Bytes Received By Job
	Transfer output files failure at execution point slot1_6@node-g7.localdomain while sending files to access point tamsa2. Details: reading from file /var/lib/condor/execute/dir_3008519/*.png: (errno 2) No such file or directory
	Partitionable Resources :    Usage  Request Allocated 
	   Cpus                 :                 2         2 
	   Disk (KB)            :  2774350   750000    751616 
	   GPUs                 :                           0 
	   Memory (MB)          :     2149    16000     16000 
	   TimeExecute (s)      :       22                    
	   TimeSlotBusy (s)     :       43                    
...
012 (1248482.000.000) 2025-07-17 17:35:48 Job was held.
	Transfer output files failure at execution point slot1_6@node-g7.localdomain while sending files to access point tamsa2. Details: reading from file /var/lib/condor/execute/dir_3008519/*.png: (errno 2) No such file or directory
	Code 12 Subcode 2
...
009 (1248482.000.000) 2025-07-17 17:36:48 Job was aborted.
	via condor_rm (by user achihwan)

	Job terminated by itself at 2025-07-17T08:35:47Z (using method 0: OF_ITS_OWN_ACCORD).
...
000 (1250143.000.000) 2025-07-17 17:36:56 Job submitted from host: <172.30.1.200:9618?addrs=172.30.1.200-9618&alias=tamsa2&noUDP&sock=schedd_2531_a24a>
...
040 (1250143.000.000) 2025-07-17 17:40:37 Started transferring input files
	Transferring to host: <172.30.1.202:9618?addrs=172.30.1.202-9618&alias=node-w2.localdomain&noUDP&sock=slot1_24_4999_ff64_66886>
...
040 (1250143.000.000) 2025-07-17 17:40:40 Finished transferring input files
...
001 (1250143.000.000) 2025-07-17 17:40:40 Job executing on host: <172.30.1.202:9618?addrs=172.30.1.202-9618&alias=node-w2.localdomain&noUDP&sock=startd_4964_7836>
	SlotName: slot1_24@node-w2.localdomain
	CondorScratchDir = "/var/lib/condor/execute/dir_2890100"
	Cpus = 2
	Disk = 751616
	GPUs = 0
	Memory = 16000
...
006 (1250143.000.000) 2025-07-17 17:40:54 Image size of job updated: 1106860
	1081  -  MemoryUsage of job (MB)
	1106860  -  ResidentSetSize of job (KB)
...
006 (1250143.000.000) 2025-07-17 17:41:03 Image size of job updated: 2199792
	2149  -  MemoryUsage of job (MB)
	2199792  -  ResidentSetSize of job (KB)
...
040 (1250143.000.000) 2025-07-17 17:41:03 Started transferring output files
...
040 (1250143.000.000) 2025-07-17 17:41:03 Finished transferring output files
...
021 (1250143.000.000) 2025-07-17 17:41:03 Error from starter on slot1_24@node-w2.localdomain:
	STARTER at 172.30.1.202 failed to send file(s) to <172.30.1.200:9618>: |Error: reading from file /var/lib/condor/execute/dir_2890100/*.png: (errno 2) No such file or directory; SHADOW failed to receive file(s) from <172.30.1.202:44293>
	Code 13 Subcode 2
...
004 (1250143.000.000) 2025-07-17 17:41:03 Job was evicted.
	(0) CPU times
		Usr 0 00:00:17, Sys 0 00:00:03  -  Run Remote Usage
		Usr 0 00:00:00, Sys 0 00:00:00  -  Run Local Usage
	732  -  Run Bytes Sent By Job
	690283904  -  Run Bytes Received By Job
	Transfer output files failure at execution point slot1_24@node-w2.localdomain while sending files to access point tamsa2. Details: reading from file /var/lib/condor/execute/dir_2890100/*.png: (errno 2) No such file or directory
	Partitionable Resources :    Usage  Request Allocated 
	   Cpus                 :        0        2         2 
	   Disk (KB)            :  2774357   750000    751616 
	   GPUs                 :                           0 
	   Memory (MB)          :     2149    16000     16000 
	   TimeExecute (s)      :       23                    
	   TimeSlotBusy (s)     :       26                    
...
012 (1250143.000.000) 2025-07-17 17:41:03 Job was held.
	Transfer output files failure at execution point slot1_24@node-w2.localdomain while sending files to access point tamsa2. Details: reading from file /var/lib/condor/execute/dir_2890100/*.png: (errno 2) No such file or directory
	Code 12 Subcode 2
...
000 (1251228.000.000) 2025-07-17 17:42:40 Job submitted from host: <172.30.1.200:9618?addrs=172.30.1.200-9618&alias=tamsa2&noUDP&sock=schedd_2531_a24a>
...
009 (1250143.000.000) 2025-07-17 17:42:45 Job was aborted.
	via condor_rm (by user achihwan)

	Job terminated by itself at 2025-07-17T08:41:03Z (using method 0: OF_ITS_OWN_ACCORD).
...
040 (1251228.000.000) 2025-07-17 17:43:04 Entered queue to transfer input files
	Transferring to host: <172.30.1.211:9618?addrs=172.30.1.211-9618&alias=node-w11.localdomain&noUDP&sock=slot1_12_4969_dc23_57923>
...
040 (1251228.000.000) 2025-07-17 17:43:04 Started transferring input files
	Seconds spent in queue: 0
...
040 (1251228.000.000) 2025-07-17 17:43:07 Finished transferring input files
...
001 (1251228.000.000) 2025-07-17 17:43:07 Job executing on host: <172.30.1.211:9618?addrs=172.30.1.211-9618&alias=node-w11.localdomain&noUDP&sock=startd_4935_93f7>
	SlotName: slot1_12@node-w11.localdomain
	CondorScratchDir = "/var/lib/condor/execute/dir_401346"
	Cpus = 2
	Disk = 751616
	GPUs = 0
	Memory = 16000
...
006 (1251228.000.000) 2025-07-17 17:43:20 Image size of job updated: 1010924
	988  -  MemoryUsage of job (MB)
	1010924  -  ResidentSetSize of job (KB)
...
006 (1251228.000.000) 2025-07-17 17:43:29 Image size of job updated: 2199796
	2149  -  MemoryUsage of job (MB)
	2199796  -  ResidentSetSize of job (KB)
...
040 (1251228.000.000) 2025-07-17 17:43:29 Started transferring output files
	Seconds spent in queue: 25
...
040 (1251228.000.000) 2025-07-17 17:43:29 Finished transferring output files
...
021 (1251228.000.000) 2025-07-17 17:43:29 Error from starter on slot1_12@node-w11.localdomain:
	STARTER at 172.30.1.211 failed to send file(s) to <172.30.1.200:9618>: |Error: reading from file /var/lib/condor/execute/dir_401346/*.png: (errno 2) No such file or directory; SHADOW failed to receive file(s) from <172.30.1.211:41457>
	Code 13 Subcode 2
...
004 (1251228.000.000) 2025-07-17 17:43:29 Job was evicted.
	(0) CPU times
		Usr 0 00:00:16, Sys 0 00:00:03  -  Run Remote Usage
		Usr 0 00:00:00, Sys 0 00:00:00  -  Run Local Usage
	4426  -  Run Bytes Sent By Job
	690283904  -  Run Bytes Received By Job
	Transfer output files failure at execution point slot1_12@node-w11.localdomain while sending files to access point tamsa2. Details: reading from file /var/lib/condor/execute/dir_401346/*.png: (errno 2) No such file or directory
	Partitionable Resources :    Usage  Request Allocated 
	   Cpus                 :        0        2         2 
	   Disk (KB)            :  2774360   750000    751616 
	   GPUs                 :                           0 
	   Memory (MB)          :     2149    16000     16000 
	   TimeExecute (s)      :       22                    
	   TimeSlotBusy (s)     :       30                    
...
012 (1251228.000.000) 2025-07-17 17:43:29 Job was held.
	Transfer output files failure at execution point slot1_12@node-w11.localdomain while sending files to access point tamsa2. Details: reading from file /var/lib/condor/execute/dir_401346/*.png: (errno 2) No such file or directory
	Code 12 Subcode 2
...
009 (1251228.000.000) 2025-07-17 17:44:17 Job was aborted.
	via condor_rm (by user achihwan)

	Job terminated by itself at 2025-07-17T08:43:29Z (using method 0: OF_ITS_OWN_ACCORD).
...
000 (1253151.000.000) 2025-07-17 17:44:36 Job submitted from host: <172.30.1.200:9618?addrs=172.30.1.200-9618&alias=tamsa2&noUDP&sock=schedd_2531_a24a>
...
040 (1253151.000.000) 2025-07-17 17:45:46 Started transferring input files
	Transferring to host: <172.30.1.216:9618?addrs=172.30.1.216-9618&alias=node-w16.localdomain&noUDP&sock=slot1_1_5179_d2ec_89927>
...
040 (1253151.000.000) 2025-07-17 17:45:52 Finished transferring input files
...
001 (1253151.000.000) 2025-07-17 17:45:52 Job executing on host: <172.30.1.216:9618?addrs=172.30.1.216-9618&alias=node-w16.localdomain&noUDP&sock=startd_5145_9edb>
	SlotName: slot1_1@node-w16.localdomain
	CondorScratchDir = "/var/lib/condor/execute/dir_2592722"
	Cpus = 2
	Disk = 751616
	GPUs = 0
	Memory = 16000
...
006 (1253151.000.000) 2025-07-17 17:46:05 Image size of job updated: 969508
	947  -  MemoryUsage of job (MB)
	969508  -  ResidentSetSize of job (KB)
...
006 (1253151.000.000) 2025-07-17 17:46:15 Image size of job updated: 2199788
	2149  -  MemoryUsage of job (MB)
	2199788  -  ResidentSetSize of job (KB)
...
040 (1253151.000.000) 2025-07-17 17:46:15 Started transferring output files
...
040 (1253151.000.000) 2025-07-17 17:46:15 Finished transferring output files
...
021 (1253151.000.000) 2025-07-17 17:46:15 Error from starter on slot1_1@node-w16.localdomain:
	STARTER at 172.30.1.216 failed to send file(s) to <172.30.1.200:9618>: |Error: reading from file /var/lib/condor/execute/dir_2592722/*.png: (errno 2) No such file or directory; SHADOW failed to receive file(s) from <172.30.1.216:43619>
	Code 13 Subcode 2
...
004 (1253151.000.000) 2025-07-17 17:46:15 Job was evicted.
	(0) CPU times
		Usr 0 00:00:18, Sys 0 00:00:03  -  Run Remote Usage
		Usr 0 00:00:00, Sys 0 00:00:00  -  Run Local Usage
	474  -  Run Bytes Sent By Job
	690283904  -  Run Bytes Received By Job
	Transfer output files failure at execution point slot1_1@node-w16.localdomain while sending files to access point tamsa2. Details: reading from file /var/lib/condor/execute/dir_2592722/*.png: (errno 2) No such file or directory
	Partitionable Resources :    Usage  Request Allocated 
	   Cpus                 :        0        2         2 
	   Disk (KB)            :  2774356   750000    751616 
	   GPUs                 :                           0 
	   Memory (MB)          :     2149    16000     16000 
	   TimeExecute (s)      :       23                    
	   TimeSlotBusy (s)     :       29                    
...
012 (1253151.000.000) 2025-07-17 17:46:15 Job was held.
	Transfer output files failure at execution point slot1_1@node-w16.localdomain while sending files to access point tamsa2. Details: reading from file /var/lib/condor/execute/dir_2592722/*.png: (errno 2) No such file or directory
	Code 12 Subcode 2
...
009 (1253151.000.000) 2025-07-17 17:54:41 Job was aborted.
	via condor_rm (by user achihwan)

	Job terminated by itself at 2025-07-17T08:46:15Z (using method 0: OF_ITS_OWN_ACCORD).
...
000 (1253218.000.000) 2025-07-17 17:58:18 Job submitted from host: <172.30.1.200:9618?addrs=172.30.1.200-9618&alias=tamsa2&noUDP&sock=schedd_2531_a24a>
...
040 (1253218.000.000) 2025-07-17 17:58:29 Started transferring input files
	Transferring to host: <172.30.1.212:9618?addrs=172.30.1.212-9618&alias=node-w12.localdomain&noUDP&sock=slot1_10_4978_3384_92227>
...
040 (1253218.000.000) 2025-07-17 17:58:33 Finished transferring input files
...
001 (1253218.000.000) 2025-07-17 17:58:33 Job executing on host: <172.30.1.212:9618?addrs=172.30.1.212-9618&alias=node-w12.localdomain&noUDP&sock=startd_4944_c052>
	SlotName: slot1_10@node-w12.localdomain
	CondorScratchDir = "/var/lib/condor/execute/dir_1166319"
	Cpus = 2
	Disk = 751616
	GPUs = 0
	Memory = 16000
...
006 (1253218.000.000) 2025-07-17 17:58:46 Image size of job updated: 790452
	772  -  MemoryUsage of job (MB)
	790452  -  ResidentSetSize of job (KB)
...
006 (1253218.000.000) 2025-07-17 17:59:01 Image size of job updated: 2199792
	2149  -  MemoryUsage of job (MB)
	2199792  -  ResidentSetSize of job (KB)
...
040 (1253218.000.000) 2025-07-17 17:59:02 Started transferring output files
...
040 (1253218.000.000) 2025-07-17 17:59:02 Finished transferring output files
...
021 (1253218.000.000) 2025-07-17 17:59:02 Error from starter on slot1_10@node-w12.localdomain:
	STARTER at 172.30.1.212 failed to send file(s) to <172.30.1.200:9618>: |Error: reading from file /var/lib/condor/execute/dir_1166319/*.png: (errno 2) No such file or directory; SHADOW failed to receive file(s) from <172.30.1.212:41757>
	Code 13 Subcode 2
...
004 (1253218.000.000) 2025-07-17 17:59:02 Job was evicted.
	(0) CPU times
		Usr 0 00:00:22, Sys 0 00:00:04  -  Run Remote Usage
		Usr 0 00:00:00, Sys 0 00:00:00  -  Run Local Usage
	469  -  Run Bytes Sent By Job
	690283968  -  Run Bytes Received By Job
	Transfer output files failure at execution point slot1_10@node-w12.localdomain while sending files to access point tamsa2. Details: reading from file /var/lib/condor/execute/dir_1166319/*.png: (errno 2) No such file or directory
	Partitionable Resources :    Usage  Request Allocated 
	   Cpus                 :        0        2         2 
	   Disk (KB)            :  2774356   750000    751616 
	   GPUs                 :                           0 
	   Memory (MB)          :     2149    16000     16000 
	   TimeExecute (s)      :       28                    
	   TimeSlotBusy (s)     :       34                    
...
012 (1253218.000.000) 2025-07-17 17:59:02 Job was held.
	Transfer output files failure at execution point slot1_10@node-w12.localdomain while sending files to access point tamsa2. Details: reading from file /var/lib/condor/execute/dir_1166319/*.png: (errno 2) No such file or directory
	Code 12 Subcode 2
...
009 (1253218.000.000) 2025-07-17 18:04:59 Job was aborted.
	via condor_rm (by user achihwan)

	Job terminated by itself at 2025-07-17T08:59:01Z (using method 0: OF_ITS_OWN_ACCORD).
...
000 (1253280.000.000) 2025-07-17 18:05:03 Job submitted from host: <172.30.1.200:9618?addrs=172.30.1.200-9618&alias=tamsa2&noUDP&sock=schedd_2531_a24a>
...
040 (1253280.000.000) 2025-07-17 18:05:30 Entered queue to transfer input files
	Transferring to host: <172.30.1.212:9618?addrs=172.30.1.212-9618&alias=node-w12.localdomain&noUDP&sock=slot1_19_4978_3384_92312>
...
040 (1253280.000.000) 2025-07-17 18:05:32 Started transferring input files
	Seconds spent in queue: 2
...
040 (1253280.000.000) 2025-07-17 18:05:35 Finished transferring input files
...
001 (1253280.000.000) 2025-07-17 18:05:35 Job executing on host: <172.30.1.212:9618?addrs=172.30.1.212-9618&alias=node-w12.localdomain&noUDP&sock=startd_4944_c052>
	SlotName: slot1_19@node-w12.localdomain
	CondorScratchDir = "/var/lib/condor/execute/dir_1174852"
	Cpus = 2
	Disk = 751616
	GPUs = 0
	Memory = 16000
...
006 (1253280.000.000) 2025-07-17 18:05:49 Image size of job updated: 1026380
	1003  -  MemoryUsage of job (MB)
	1026380  -  ResidentSetSize of job (KB)
...
006 (1253280.000.000) 2025-07-17 18:10:50 Image size of job updated: 3056224
	2776  -  MemoryUsage of job (MB)
	2842384  -  ResidentSetSize of job (KB)
...
040 (1253280.000.000) 2025-07-17 18:11:47 Started transferring output files
	Seconds spent in queue: 377
...
040 (1253280.000.000) 2025-07-17 18:11:47 Finished transferring output files
...
021 (1253280.000.000) 2025-07-17 18:11:47 Error from starter on slot1_19@node-w12.localdomain:
	STARTER at 172.30.1.212 failed to send file(s) to <172.30.1.200:9618>: |Error: reading from file /var/lib/condor/execute/dir_1174852/*.png: (errno 2) No such file or directory; SHADOW failed to receive file(s) from <172.30.1.212:45975>
	Code 13 Subcode 2
...
004 (1253280.000.000) 2025-07-17 18:11:47 Job was evicted.
	(0) CPU times
		Usr 0 00:04:45, Sys 0 00:00:39  -  Run Remote Usage
		Usr 0 00:00:00, Sys 0 00:00:00  -  Run Local Usage
	12069  -  Run Bytes Sent By Job
	690283840  -  Run Bytes Received By Job
	Transfer output files failure at execution point slot1_19@node-w12.localdomain while sending files to access point tamsa2. Details: reading from file /var/lib/condor/execute/dir_1174852/*.png: (errno 2) No such file or directory
	Partitionable Resources :      Usage  Request Allocated 
	   Cpus                 :       0.88        2         2 
	   Disk (KB)            : 2774449      750000    751616 
	   GPUs                 :                             0 
	   Memory (MB)          :    2776       16000     16000 
	   TimeExecute (s)      :     372                       
	   TimeSlotBusy (s)     :     384                       
...
012 (1253280.000.000) 2025-07-17 18:11:47 Job was held.
	Transfer output files failure at execution point slot1_19@node-w12.localdomain while sending files to access point tamsa2. Details: reading from file /var/lib/condor/execute/dir_1174852/*.png: (errno 2) No such file or directory
	Code 12 Subcode 2
...
009 (1253280.000.000) 2025-07-17 18:13:43 Job was aborted.
	via condor_rm (by user achihwan)

	Job terminated by itself at 2025-07-17T09:11:47Z (using method 0: OF_ITS_OWN_ACCORD).
...
000 (1253345.000.000) 2025-07-17 18:13:48 Job submitted from host: <172.30.1.200:9618?addrs=172.30.1.200-9618&alias=tamsa2&noUDP&sock=schedd_2531_a24a>
...
040 (1253345.000.000) 2025-07-17 18:15:50 Started transferring input files
	Transferring to host: <172.30.1.203:9618?addrs=172.30.1.203-9618&alias=node-w3.localdomain&noUDP&sock=slot1_13_4993_c524_82704>
...
040 (1253345.000.000) 2025-07-17 18:15:54 Finished transferring input files
...
001 (1253345.000.000) 2025-07-17 18:15:54 Job executing on host: <172.30.1.203:9618?addrs=172.30.1.203-9618&alias=node-w3.localdomain&noUDP&sock=startd_4959_0a3d>
	SlotName: slot1_13@node-w3.localdomain
	CondorScratchDir = "/var/lib/condor/execute/dir_2445197"
	Cpus = 2
	Disk = 751616
	GPUs = 0
	Memory = 16000
...
006 (1253345.000.000) 2025-07-17 18:16:07 Image size of job updated: 702104
	686  -  MemoryUsage of job (MB)
	702104  -  ResidentSetSize of job (KB)
...
006 (1253345.000.000) 2025-07-17 18:21:09 Image size of job updated: 2890684
	2801  -  MemoryUsage of job (MB)
	2868040  -  ResidentSetSize of job (KB)
...
004 (1253345.000.000) 2025-07-17 18:23:22 Job was evicted.
	(0) CPU times
		Usr 0 00:06:51, Sys 0 00:00:11  -  Run Remote Usage
		Usr 0 00:00:00, Sys 0 00:00:00  -  Run Local Usage
	0  -  Run Bytes Sent By Job
	690283840  -  Run Bytes Received By Job
	Partitionable Resources :      Usage  Request Allocated 
	   Cpus                 :       0.94        2         2 
	   Disk (KB)            : 2774367      750000    751616 
	   GPUs                 :                             0 
	   Memory (MB)          :    2801       16000     16000 
	   TimeExecute (s)      :     447                       
	   TimeSlotBusy (s)     :     453                       
...
009 (1253345.000.000) 2025-07-17 18:23:22 Job was aborted.
	via condor_rm (by user achihwan)
...
000 (1253425.000.000) 2025-07-17 18:23:26 Job submitted from host: <172.30.1.200:9618?addrs=172.30.1.200-9618&alias=tamsa2&noUDP&sock=schedd_2531_a24a>
...
040 (1253425.000.000) 2025-07-17 18:23:54 Entered queue to transfer input files
	Transferring to host: <172.30.1.218:9618?addrs=172.30.1.218-9618&alias=node-w18.localdomain&noUDP&sock=slot1_34_5306_4e91_96591>
...
040 (1253425.000.000) 2025-07-17 18:23:55 Started transferring input files
	Seconds spent in queue: 1
...
040 (1253425.000.000) 2025-07-17 18:23:59 Finished transferring input files
...
001 (1253425.000.000) 2025-07-17 18:23:59 Job executing on host: <172.30.1.218:9618?addrs=172.30.1.218-9618&alias=node-w18.localdomain&noUDP&sock=startd_5272_bb62>
	SlotName: slot1_34@node-w18.localdomain
	CondorScratchDir = "/var/lib/condor/execute/dir_2110626"
	Cpus = 2
	Disk = 751616
	GPUs = 0
	Memory = 16000
...
006 (1253425.000.000) 2025-07-17 18:24:12 Image size of job updated: 774748
	757  -  MemoryUsage of job (MB)
	774748  -  ResidentSetSize of job (KB)
...
006 (1253425.000.000) 2025-07-17 18:28:53 Image size of job updated: 2893584
	2149  -  MemoryUsage of job (MB)
	2199796  -  ResidentSetSize of job (KB)
...
004 (1253425.000.000) 2025-07-17 18:28:54 Job was evicted.
	(0) CPU times
		Usr 0 00:04:21, Sys 0 00:00:11  -  Run Remote Usage
		Usr 0 00:00:00, Sys 0 00:00:00  -  Run Local Usage
	0  -  Run Bytes Sent By Job
	690283968  -  Run Bytes Received By Job
	Partitionable Resources :      Usage  Request Allocated 
	   Cpus                 :       0.93        2         2 
	   Disk (KB)            : 2774365      750000    751616 
	   GPUs                 :                             0 
	   Memory (MB)          :    2149       16000     16000 
	   TimeExecute (s)      :     293                       
	   TimeSlotBusy (s)     :     307                       
...
009 (1253425.000.000) 2025-07-17 18:28:54 Job was aborted.
	via condor_rm (by user achihwan)
...
000 (1253485.000.000) 2025-07-17 18:29:03 Job submitted from host: <172.30.1.200:9618?addrs=172.30.1.200-9618&alias=tamsa2&noUDP&sock=schedd_2531_a24a>
...
040 (1253485.000.000) 2025-07-17 18:29:29 Entered queue to transfer input files
	Transferring to host: <172.30.1.218:9618?addrs=172.30.1.218-9618&alias=node-w18.localdomain&noUDP&sock=slot1_30_5306_4e91_96624>
...
040 (1253485.000.000) 2025-07-17 18:29:30 Started transferring input files
	Seconds spent in queue: 1
...
040 (1253485.000.000) 2025-07-17 18:29:34 Finished transferring input files
...
001 (1253485.000.000) 2025-07-17 18:29:34 Job executing on host: <172.30.1.218:9618?addrs=172.30.1.218-9618&alias=node-w18.localdomain&noUDP&sock=startd_5272_bb62>
	SlotName: slot1_30@node-w18.localdomain
	CondorScratchDir = "/var/lib/condor/execute/dir_2114062"
	Cpus = 2
	Disk = 751616
	GPUs = 0
	Memory = 16000
...
006 (1253485.000.000) 2025-07-17 18:29:48 Image size of job updated: 826548
	808  -  MemoryUsage of job (MB)
	826548  -  ResidentSetSize of job (KB)
...
006 (1253485.000.000) 2025-07-17 18:33:55 Image size of job updated: 2866212
	2149  -  MemoryUsage of job (MB)
	2200008  -  ResidentSetSize of job (KB)
...
040 (1253485.000.000) 2025-07-17 18:33:55 Started transferring output files
	Seconds spent in queue: 266
...
040 (1253485.000.000) 2025-07-17 18:33:55 Finished transferring output files
...
005 (1253485.000.000) 2025-07-17 18:33:55 Job terminated.
	(1) Normal termination (return value 0)
		Usr 0 00:03:49, Sys 0 00:00:10  -  Run Remote Usage
		Usr 0 00:00:00, Sys 0 00:00:00  -  Run Local Usage
		Usr 0 00:03:49, Sys 0 00:00:10  -  Total Remote Usage
		Usr 0 00:00:00, Sys 0 00:00:00  -  Total Local Usage
	112898  -  Run Bytes Sent By Job
	690284480  -  Run Bytes Received By Job
	112898  -  Total Bytes Sent By Job
	690284480  -  Total Bytes Received By Job
	Partitionable Resources :      Usage  Request Allocated 
	   Cpus                 :       0.00        2         2 
	   Disk (KB)            : 2774565      750000    751616 
	   GPUs                 :                             0 
	   Memory (MB)          :    2149       16000     16000 
	   TimeExecute (s)      :     261                       
	   TimeSlotBusy (s)     :     271                       

	Job terminated of its own accord at 2025-07-17T09:33:55Z with exit-code 0.
...
000 (1254378.000.000) 2025-07-17 22:18:37 Job submitted from host: <172.30.1.200:9618?addrs=172.30.1.200-9618&alias=tamsa2&noUDP&sock=schedd_2531_a24a>
...
040 (1254378.000.000) 2025-07-17 22:18:43 Started transferring input files
	Transferring to host: <172.30.1.212:9618?addrs=172.30.1.212-9618&alias=node-w12.localdomain&noUDP&sock=slot1_18_4978_3384_93632>
...
040 (1254378.000.000) 2025-07-17 22:18:47 Finished transferring input files
...
001 (1254378.000.000) 2025-07-17 22:18:47 Job executing on host: <172.30.1.212:9618?addrs=172.30.1.212-9618&alias=node-w12.localdomain&noUDP&sock=startd_4944_c052>
	SlotName: slot1_18@node-w12.localdomain
	CondorScratchDir = "/var/lib/condor/execute/dir_1414696"
	Cpus = 2
	Disk = 751616
	GPUs = 0
	Memory = 16000
...
006 (1254378.000.000) 2025-07-17 22:19:00 Image size of job updated: 950480
	929  -  MemoryUsage of job (MB)
	950480  -  ResidentSetSize of job (KB)
...
006 (1254378.000.000) 2025-07-17 22:24:01 Image size of job updated: 3018504
	2785  -  MemoryUsage of job (MB)
	2851464  -  ResidentSetSize of job (KB)
...
040 (1254378.000.000) 2025-07-17 22:25:33 Started transferring output files
...
040 (1254378.000.000) 2025-07-17 22:25:33 Finished transferring output files
...
005 (1254378.000.000) 2025-07-17 22:25:34 Job terminated.
	(1) Normal termination (return value 0)
		Usr 0 00:05:25, Sys 0 00:00:52  -  Run Remote Usage
		Usr 0 00:00:00, Sys 0 00:00:00  -  Run Local Usage
		Usr 0 00:05:25, Sys 0 00:00:52  -  Total Remote Usage
		Usr 0 00:00:00, Sys 0 00:00:00  -  Total Local Usage
	107095  -  Run Bytes Sent By Job
	690284480  -  Run Bytes Received By Job
	107095  -  Total Bytes Sent By Job
	690284480  -  Total Bytes Received By Job
	Partitionable Resources :      Usage  Request Allocated 
	   Cpus                 :       0.90        2         2 
	   Disk (KB)            : 2774555      750000    751616 
	   GPUs                 :                             0 
	   Memory (MB)          :    2785       16000     16000 
	   TimeExecute (s)      :     406                       
	   TimeSlotBusy (s)     :     414                       

	Job terminated of its own accord at 2025-07-17T13:25:33Z with exit-code 0.
...
000 (1255943.000.000) 2025-07-18 11:53:49 Job submitted from host: <172.30.1.200:9618?addrs=172.30.1.200-9618&alias=tamsa2&noUDP&sock=schedd_2531_a24a>
...
040 (1255943.000.000) 2025-07-18 11:53:59 Started transferring input files
	Transferring to host: <172.30.1.213:9618?addrs=172.30.1.213-9618&alias=node-w13.localdomain&noUDP&sock=slot1_19_4972_f943_102323>
...
040 (1255943.000.000) 2025-07-18 11:54:05 Finished transferring input files
...
001 (1255943.000.000) 2025-07-18 11:54:05 Job executing on host: <172.30.1.213:9618?addrs=172.30.1.213-9618&alias=node-w13.localdomain&noUDP&sock=startd_4938_a2c0>
	SlotName: slot1_19@node-w13.localdomain
	CondorScratchDir = "/var/lib/condor/execute/dir_1220972"
	Cpus = 2
	Disk = 751616
	GPUs = 0
	Memory = 16000
...
006 (1255943.000.000) 2025-07-18 11:54:19 Image size of job updated: 989640
	967  -  MemoryUsage of job (MB)
	989640  -  ResidentSetSize of job (KB)
...
006 (1255943.000.000) 2025-07-18 11:59:20 Image size of job updated: 3077768
	2787  -  MemoryUsage of job (MB)
	2853460  -  ResidentSetSize of job (KB)
...
006 (1255943.000.000) 2025-07-18 11:59:37 Image size of job updated: 3077768
	2787  -  MemoryUsage of job (MB)
	2853580  -  ResidentSetSize of job (KB)
...
040 (1255943.000.000) 2025-07-18 11:59:38 Started transferring output files
...
040 (1255943.000.000) 2025-07-18 11:59:38 Finished transferring output files
...
005 (1255943.000.000) 2025-07-18 11:59:38 Job terminated.
	(1) Normal termination (return value 0)
		Usr 0 00:04:38, Sys 0 00:00:27  -  Run Remote Usage
		Usr 0 00:00:00, Sys 0 00:00:00  -  Run Local Usage
		Usr 0 00:04:38, Sys 0 00:00:27  -  Total Remote Usage
		Usr 0 00:00:00, Sys 0 00:00:00  -  Total Local Usage
	113307  -  Run Bytes Sent By Job
	690284928  -  Run Bytes Received By Job
	113307  -  Total Bytes Sent By Job
	690284928  -  Total Bytes Received By Job
	Partitionable Resources :      Usage  Request Allocated 
	   Cpus                 :       0.92        2         2 
	   Disk (KB)            : 2774567      750000    751616 
	   GPUs                 :                             0 
	   Memory (MB)          :    2787       16000     16000 
	   TimeExecute (s)      :     332                       
	   TimeSlotBusy (s)     :     343                       

	Job terminated of its own accord at 2025-07-18T02:59:37Z with exit-code 0.
...
000 (1256856.000.000) 2025-07-18 16:32:10 Job submitted from host: <172.30.1.200:9618?addrs=172.30.1.200-9618&alias=tamsa2&noUDP&sock=schedd_2531_a24a>
...
040 (1256856.000.000) 2025-07-18 16:32:25 Started transferring input files
	Transferring to host: <172.30.1.215:9618?addrs=172.30.1.215-9618&alias=node-w15.localdomain&noUDP&sock=slot1_1_5185_0d2c_112276>
...
040 (1256856.000.000) 2025-07-18 16:32:31 Finished transferring input files
...
001 (1256856.000.000) 2025-07-18 16:32:31 Job executing on host: <172.30.1.215:9618?addrs=172.30.1.215-9618&alias=node-w15.localdomain&noUDP&sock=startd_5151_bc6c>
	SlotName: slot1_1@node-w15.localdomain
	CondorScratchDir = "/var/lib/condor/execute/dir_2040211"
	Cpus = 2
	Disk = 751616
	GPUs = 0
	Memory = 16000
...
006 (1256856.000.000) 2025-07-18 16:32:45 Image size of job updated: 671188
	656  -  MemoryUsage of job (MB)
	671188  -  ResidentSetSize of job (KB)
...
006 (1256856.000.000) 2025-07-18 16:37:46 Image size of job updated: 2881872
	2769  -  MemoryUsage of job (MB)
	2835320  -  ResidentSetSize of job (KB)
...
040 (1256856.000.000) 2025-07-18 16:39:35 Started transferring output files
...
040 (1256856.000.000) 2025-07-18 16:39:35 Finished transferring output files
...
005 (1256856.000.000) 2025-07-18 16:39:35 Job terminated.
	(1) Normal termination (return value 0)
		Usr 0 00:06:21, Sys 0 00:00:18  -  Run Remote Usage
		Usr 0 00:00:00, Sys 0 00:00:00  -  Run Local Usage
		Usr 0 00:06:21, Sys 0 00:00:18  -  Total Remote Usage
		Usr 0 00:00:00, Sys 0 00:00:00  -  Total Local Usage
	113307  -  Run Bytes Sent By Job
	690284928  -  Run Bytes Received By Job
	113307  -  Total Bytes Sent By Job
	690284928  -  Total Bytes Received By Job
	Partitionable Resources :      Usage  Request Allocated 
	   Cpus                 :       0.91        2         2 
	   Disk (KB)            : 2774567      750000    751616 
	   GPUs                 :                             0 
	   Memory (MB)          :    2769       16000     16000 
	   TimeExecute (s)      :     423                       
	   TimeSlotBusy (s)     :     430                       

	Job terminated of its own accord at 2025-07-18T07:39:34Z with exit-code 0.
...
000 (1256914.000.000) 2025-07-18 18:01:25 Job submitted from host: <172.30.1.200:9618?addrs=172.30.1.200-9618&alias=tamsa2&noUDP&sock=schedd_2531_a24a>
...
040 (1256914.000.000) 2025-07-18 18:01:44 Started transferring input files
	Transferring to host: <172.30.1.214:9618?addrs=172.30.1.214-9618&alias=node-w14.localdomain&noUDP&sock=slot1_1_5193_b02c_100730>
...
040 (1256914.000.000) 2025-07-18 18:01:50 Finished transferring input files
...
001 (1256914.000.000) 2025-07-18 18:01:50 Job executing on host: <172.30.1.214:9618?addrs=172.30.1.214-9618&alias=node-w14.localdomain&noUDP&sock=startd_5159_392e>
	SlotName: slot1_1@node-w14.localdomain
	CondorScratchDir = "/var/lib/condor/execute/dir_2553146"
	Cpus = 2
	Disk = 751616
	GPUs = 0
	Memory = 16000
...
006 (1256914.000.000) 2025-07-18 18:02:03 Image size of job updated: 840692
	821  -  MemoryUsage of job (MB)
	840692  -  ResidentSetSize of job (KB)
...
006 (1256914.000.000) 2025-07-18 18:02:17 Image size of job updated: 2199796
	2149  -  MemoryUsage of job (MB)
	2199796  -  ResidentSetSize of job (KB)
...
040 (1256914.000.000) 2025-07-18 18:02:17 Started transferring output files
...
040 (1256914.000.000) 2025-07-18 18:02:18 Finished transferring output files
...
005 (1256914.000.000) 2025-07-18 18:02:18 Job terminated.
	(1) Normal termination (return value 0)
		Usr 0 00:00:21, Sys 0 00:00:04  -  Run Remote Usage
		Usr 0 00:00:00, Sys 0 00:00:00  -  Run Local Usage
		Usr 0 00:00:21, Sys 0 00:00:04  -  Total Remote Usage
		Usr 0 00:00:00, Sys 0 00:00:00  -  Total Local Usage
	278  -  Run Bytes Sent By Job
	690287488  -  Run Bytes Received By Job
	278  -  Total Bytes Sent By Job
	690287488  -  Total Bytes Received By Job
	Partitionable Resources :      Usage  Request Allocated 
	   Cpus                 :       0.04        2         2 
	   Disk (KB)            : 2774360      750000    751616 
	   GPUs                 :                             0 
	   Memory (MB)          :    2149       16000     16000 
	   TimeExecute (s)      :      27                       
	   TimeSlotBusy (s)     :      34                       

	Job terminated of its own accord at 2025-07-18T09:02:17Z with exit-code 0.
...
000 (1257023.000.000) 2025-07-18 18:09:56 Job submitted from host: <172.30.1.200:9618?addrs=172.30.1.200-9618&alias=tamsa2&noUDP&sock=schedd_2531_a24a>
...
040 (1257023.000.000) 2025-07-18 18:09:56 Started transferring input files
	Transferring to host: <172.30.1.214:9618?addrs=172.30.1.214-9618&alias=node-w14.localdomain&noUDP&sock=slot1_3_5193_b02c_100828>
...
040 (1257023.000.000) 2025-07-18 18:09:59 Finished transferring input files
...
001 (1257023.000.000) 2025-07-18 18:09:59 Job executing on host: <172.30.1.214:9618?addrs=172.30.1.214-9618&alias=node-w14.localdomain&noUDP&sock=startd_5159_392e>
	SlotName: slot1_3@node-w14.localdomain
	CondorScratchDir = "/var/lib/condor/execute/dir_2566588"
	Cpus = 2
	Disk = 751616
	GPUs = 0
	Memory = 16000
...
006 (1257023.000.000) 2025-07-18 18:10:13 Image size of job updated: 903084
	882  -  MemoryUsage of job (MB)
	903084  -  ResidentSetSize of job (KB)
...
006 (1257023.000.000) 2025-07-18 18:10:24 Image size of job updated: 2199792
	2149  -  MemoryUsage of job (MB)
	2199792  -  ResidentSetSize of job (KB)
...
040 (1257023.000.000) 2025-07-18 18:10:25 Started transferring output files
...
040 (1257023.000.000) 2025-07-18 18:10:25 Finished transferring output files
...
005 (1257023.000.000) 2025-07-18 18:10:25 Job terminated.
	(1) Normal termination (return value 0)
		Usr 0 00:00:19, Sys 0 00:00:04  -  Run Remote Usage
		Usr 0 00:00:00, Sys 0 00:00:00  -  Run Local Usage
		Usr 0 00:00:19, Sys 0 00:00:04  -  Total Remote Usage
		Usr 0 00:00:00, Sys 0 00:00:00  -  Total Local Usage
	278  -  Run Bytes Sent By Job
	690287808  -  Run Bytes Received By Job
	278  -  Total Bytes Sent By Job
	690287808  -  Total Bytes Received By Job
	Partitionable Resources :    Usage  Request Allocated 
	   Cpus                 :        0        2         2 
	   Disk (KB)            :  2774361   750000    751616 
	   GPUs                 :                           0 
	   Memory (MB)          :     2149    16000     16000 
	   TimeExecute (s)      :       25                    
	   TimeSlotBusy (s)     :       29                    

	Job terminated of its own accord at 2025-07-18T09:10:24Z with exit-code 0.
...
000 (1257071.000.000) 2025-07-18 18:22:37 Job submitted from host: <172.30.1.200:9618?addrs=172.30.1.200-9618&alias=tamsa2&noUDP&sock=schedd_2531_a24a>
...
040 (1257071.000.000) 2025-07-18 18:22:59 Started transferring input files
	Transferring to host: <172.30.1.221:9618?addrs=172.30.1.221-9618&alias=node-w21.localdomain&noUDP&sock=slot1_30_6000_4aed_143295>
...
040 (1257071.000.000) 2025-07-18 18:23:03 Finished transferring input files
...
001 (1257071.000.000) 2025-07-18 18:23:03 Job executing on host: <172.30.1.221:9618?addrs=172.30.1.221-9618&alias=node-w21.localdomain&noUDP&sock=startd_5966_c21c>
	SlotName: slot1_30@node-w21.localdomain
	CondorScratchDir = "/var/lib/condor/execute/dir_2931683"
	Cpus = 2
	Disk = 751616
	GPUs = 0
	Memory = 16000
...
006 (1257071.000.000) 2025-07-18 18:23:18 Image size of job updated: 1099076
	1074  -  MemoryUsage of job (MB)
	1099076  -  ResidentSetSize of job (KB)
...
006 (1257071.000.000) 2025-07-18 18:23:27 Image size of job updated: 2199792
	2149  -  MemoryUsage of job (MB)
	2199792  -  ResidentSetSize of job (KB)
...
040 (1257071.000.000) 2025-07-18 18:23:27 Started transferring output files
...
040 (1257071.000.000) 2025-07-18 18:23:27 Finished transferring output files
...
005 (1257071.000.000) 2025-07-18 18:23:27 Job terminated.
	(1) Normal termination (return value 0)
		Usr 0 00:00:18, Sys 0 00:00:05  -  Run Remote Usage
		Usr 0 00:00:00, Sys 0 00:00:00  -  Run Local Usage
		Usr 0 00:00:18, Sys 0 00:00:05  -  Total Remote Usage
		Usr 0 00:00:00, Sys 0 00:00:00  -  Total Local Usage
	278  -  Run Bytes Sent By Job
	690287808  -  Run Bytes Received By Job
	278  -  Total Bytes Sent By Job
	690287808  -  Total Bytes Received By Job
	Partitionable Resources :    Usage  Request Allocated 
	   Cpus                 :        0        2         2 
	   Disk (KB)            :  2774361   750000    751616 
	   GPUs                 :                           0 
	   Memory (MB)          :     2149    16000     16000 
	   TimeExecute (s)      :       24                    
	   TimeSlotBusy (s)     :       31                    

	Job terminated of its own accord at 2025-07-18T09:23:27Z with exit-code 0.
...
000 (1257117.000.000) 2025-07-18 18:24:32 Job submitted from host: <172.30.1.200:9618?addrs=172.30.1.200-9618&alias=tamsa2&noUDP&sock=schedd_2531_a24a>
...
040 (1257117.000.000) 2025-07-18 18:24:57 Started transferring input files
	Transferring to host: <172.30.1.221:9618?addrs=172.30.1.221-9618&alias=node-w21.localdomain&noUDP&sock=slot1_26_6000_4aed_143311>
...
040 (1257117.000.000) 2025-07-18 18:25:00 Finished transferring input files
...
001 (1257117.000.000) 2025-07-18 18:25:00 Job executing on host: <172.30.1.221:9618?addrs=172.30.1.221-9618&alias=node-w21.localdomain&noUDP&sock=startd_5966_c21c>
	SlotName: slot1_26@node-w21.localdomain
	CondorScratchDir = "/var/lib/condor/execute/dir_2932002"
	Cpus = 2
	Disk = 751616
	GPUs = 0
	Memory = 16000
...
006 (1257117.000.000) 2025-07-18 18:25:14 Image size of job updated: 1078244
	1053  -  MemoryUsage of job (MB)
	1078244  -  ResidentSetSize of job (KB)
...
006 (1257117.000.000) 2025-07-18 18:30:06 Image size of job updated: 2919376
	2149  -  MemoryUsage of job (MB)
	2200032  -  ResidentSetSize of job (KB)
...
040 (1257117.000.000) 2025-07-18 18:30:07 Started transferring output files
...
040 (1257117.000.000) 2025-07-18 18:30:07 Finished transferring output files
...
005 (1257117.000.000) 2025-07-18 18:30:07 Job terminated.
	(1) Normal termination (return value 0)
		Usr 0 00:04:04, Sys 0 00:00:36  -  Run Remote Usage
		Usr 0 00:00:00, Sys 0 00:00:00  -  Run Local Usage
		Usr 0 00:04:04, Sys 0 00:00:36  -  Total Remote Usage
		Usr 0 00:00:00, Sys 0 00:00:00  -  Total Local Usage
	115780  -  Run Bytes Sent By Job
	690287744  -  Run Bytes Received By Job
	115780  -  Total Bytes Sent By Job
	690287744  -  Total Bytes Received By Job
	Partitionable Resources :      Usage  Request Allocated 
	   Cpus                 :       0.89        2         2 
	   Disk (KB)            : 2774573      750000    751616 
	   GPUs                 :                             0 
	   Memory (MB)          :    2149       16000     16000 
	   TimeExecute (s)      :     306                       
	   TimeSlotBusy (s)     :     314                       

	Job terminated of its own accord at 2025-07-18T09:30:06Z with exit-code 0.
...
000 (1257309.000.000) 2025-07-18 19:06:45 Job submitted from host: <172.30.1.200:9618?addrs=172.30.1.200-9618&alias=tamsa2&noUDP&sock=schedd_2531_a24a>
...
040 (1257309.000.000) 2025-07-18 19:06:55 Started transferring input files
	Transferring to host: <172.30.1.214:9618?addrs=172.30.1.214-9618&alias=node-w14.localdomain&noUDP&sock=slot1_11_5193_b02c_100993>
...
040 (1257309.000.000) 2025-07-18 19:07:02 Finished transferring input files
...
001 (1257309.000.000) 2025-07-18 19:07:02 Job executing on host: <172.30.1.214:9618?addrs=172.30.1.214-9618&alias=node-w14.localdomain&noUDP&sock=startd_5159_392e>
	SlotName: slot1_11@node-w14.localdomain
	CondorScratchDir = "/var/lib/condor/execute/dir_2592834"
	Cpus = 2
	Disk = 751616
	GPUs = 0
	Memory = 16000
...
006 (1257309.000.000) 2025-07-18 19:07:17 Image size of job updated: 937164
	916  -  MemoryUsage of job (MB)
	937164  -  ResidentSetSize of job (KB)
...
006 (1257309.000.000) 2025-07-18 19:10:55 Image size of job updated: 3025920
	2149  -  MemoryUsage of job (MB)
	2199796  -  ResidentSetSize of job (KB)
...
004 (1257309.000.000) 2025-07-18 19:10:56 Job was evicted.
	(0) CPU times
		Usr 0 00:02:59, Sys 0 00:00:33  -  Run Remote Usage
		Usr 0 00:00:00, Sys 0 00:00:00  -  Run Local Usage
	0  -  Run Bytes Sent By Job
	690288768  -  Run Bytes Received By Job
	Partitionable Resources :      Usage  Request Allocated 
	   Cpus                 :       0.96        2         2 
	   Disk (KB)            : 2774370      750000    751616 
	   GPUs                 :                             0 
	   Memory (MB)          :    2149       16000     16000 
	   TimeExecute (s)      :     232                       
	   TimeSlotBusy (s)     :     240                       
...
009 (1257309.000.000) 2025-07-18 19:10:56 Job was aborted.
	via condor_rm (by user achihwan)
...
000 (1257542.000.000) 2025-07-18 19:18:39 Job submitted from host: <172.30.1.200:9618?addrs=172.30.1.200-9618&alias=tamsa2&noUDP&sock=schedd_2531_a24a>
...
040 (1257542.000.000) 2025-07-18 19:18:46 Started transferring input files
	Transferring to host: <172.30.1.219:9618?addrs=172.30.1.219-9618&alias=node-w19.localdomain&noUDP&sock=slot1_16_5155_e9eb_113621>
...
040 (1257542.000.000) 2025-07-18 19:18:51 Finished transferring input files
...
001 (1257542.000.000) 2025-07-18 19:18:51 Job executing on host: <172.30.1.219:9618?addrs=172.30.1.219-9618&alias=node-w19.localdomain&noUDP&sock=startd_5121_2895>
	SlotName: slot1_16@node-w19.localdomain
	CondorScratchDir = "/var/lib/condor/execute/dir_1637159"
	Cpus = 2
	Disk = 751616
	GPUs = 0
	Memory = 16000
...
006 (1257542.000.000) 2025-07-18 19:19:06 Image size of job updated: 1134880
	1109  -  MemoryUsage of job (MB)
	1134880  -  ResidentSetSize of job (KB)
...
006 (1257542.000.000) 2025-07-18 19:23:37 Image size of job updated: 2962076
	2149  -  MemoryUsage of job (MB)
	2200060  -  ResidentSetSize of job (KB)
...
040 (1257542.000.000) 2025-07-18 19:23:38 Started transferring output files
...
040 (1257542.000.000) 2025-07-18 19:23:38 Finished transferring output files
...
005 (1257542.000.000) 2025-07-18 19:23:38 Job terminated.
	(1) Normal termination (return value 0)
		Usr 0 00:03:37, Sys 0 00:00:41  -  Run Remote Usage
		Usr 0 00:00:00, Sys 0 00:00:00  -  Run Local Usage
		Usr 0 00:03:37, Sys 0 00:00:41  -  Total Remote Usage
		Usr 0 00:00:00, Sys 0 00:00:00  -  Total Local Usage
	116307  -  Run Bytes Sent By Job
	690288832  -  Run Bytes Received By Job
	116307  -  Total Bytes Sent By Job
	690288832  -  Total Bytes Received By Job
	Partitionable Resources :      Usage  Request Allocated 
	   Cpus                 :       0.96        2         2 
	   Disk (KB)            : 2774575      750000    751616 
	   GPUs                 :                             0 
	   Memory (MB)          :    2149       16000     16000 
	   TimeExecute (s)      :     286                       
	   TimeSlotBusy (s)     :     295                       

	Job terminated of its own accord at 2025-07-18T10:23:37Z with exit-code 0.
...
000 (1265687.000.000) 2025-07-21 11:45:57 Job submitted from host: <172.30.1.200:9618?addrs=172.30.1.200-9618&alias=tamsa2&noUDP&sock=schedd_2531_a24a>
...
040 (1265687.000.000) 2025-07-21 11:46:15 Started transferring input files
	Transferring to host: <172.30.1.204:9618?addrs=172.30.1.204-9618&alias=node-w4.localdomain&noUDP&sock=slot1_9_4930_6182_74177>
...
040 (1265687.000.000) 2025-07-21 11:46:18 Finished transferring input files
...
001 (1265687.000.000) 2025-07-21 11:46:18 Job executing on host: <172.30.1.204:9618?addrs=172.30.1.204-9618&alias=node-w4.localdomain&noUDP&sock=startd_4896_d3c6>
	SlotName: slot1_9@node-w4.localdomain
	CondorScratchDir = "/var/lib/condor/execute/dir_3222770"
	Cpus = 2
	Disk = 751616
	GPUs = 0
	Memory = 16000
...
006 (1265687.000.000) 2025-07-21 11:46:32 Image size of job updated: 1142888
	1117  -  MemoryUsage of job (MB)
	1142888  -  ResidentSetSize of job (KB)
...
006 (1265687.000.000) 2025-07-21 11:51:04 Image size of job updated: 2966156
	2149  -  MemoryUsage of job (MB)
	2199800  -  ResidentSetSize of job (KB)
...
004 (1265687.000.000) 2025-07-21 11:51:05 Job was evicted.
	(0) CPU times
		Usr 0 00:03:54, Sys 0 00:00:12  -  Run Remote Usage
		Usr 0 00:00:00, Sys 0 00:00:00  -  Run Local Usage
	0  -  Run Bytes Sent By Job
	690288832  -  Run Bytes Received By Job
	Partitionable Resources :      Usage  Request Allocated 
	   Cpus                 :       0.91        2         2 
	   Disk (KB)            : 2774373      750000    751616 
	   GPUs                 :                             0 
	   Memory (MB)          :    2149       16000     16000 
	   TimeExecute (s)      :     285                       
	   TimeSlotBusy (s)     :     290                       
...
009 (1265687.000.000) 2025-07-21 11:51:05 Job was aborted.
	via condor_rm (by user achihwan)
...
000 (1265868.000.000) 2025-07-21 11:57:46 Job submitted from host: <172.30.1.200:9618?addrs=172.30.1.200-9618&alias=tamsa2&noUDP&sock=schedd_2531_a24a>
...
040 (1265868.000.000) 2025-07-21 11:58:06 Started transferring input files
	Transferring to host: <172.30.1.205:9618?addrs=172.30.1.205-9618&alias=node-w5.localdomain&noUDP&sock=slot1_6_5098_c088_49498>
...
040 (1265868.000.000) 2025-07-21 11:58:13 Finished transferring input files
...
001 (1265868.000.000) 2025-07-21 11:58:13 Job executing on host: <172.30.1.205:9618?addrs=172.30.1.205-9618&alias=node-w5.localdomain&noUDP&sock=startd_5064_0faf>
	SlotName: slot1_6@node-w5.localdomain
	CondorScratchDir = "/var/lib/condor/execute/dir_3247537"
	Cpus = 2
	Disk = 751616
	GPUs = 0
	Memory = 16000
...
006 (1265868.000.000) 2025-07-21 11:58:27 Image size of job updated: 1132428
	1106  -  MemoryUsage of job (MB)
	1132428  -  ResidentSetSize of job (KB)
...
006 (1265868.000.000) 2025-07-21 12:02:49 Image size of job updated: 2914904
	2149  -  MemoryUsage of job (MB)
	2200056  -  ResidentSetSize of job (KB)
...
040 (1265868.000.000) 2025-07-21 12:02:49 Started transferring output files
...
040 (1265868.000.000) 2025-07-21 12:02:49 Finished transferring output files
...
005 (1265868.000.000) 2025-07-21 12:02:49 Job terminated.
	(1) Normal termination (return value 0)
		Usr 0 00:04:00, Sys 0 00:00:13  -  Run Remote Usage
		Usr 0 00:00:00, Sys 0 00:00:00  -  Run Local Usage
		Usr 0 00:04:00, Sys 0 00:00:13  -  Total Remote Usage
		Usr 0 00:00:00, Sys 0 00:00:00  -  Total Local Usage
	116675  -  Run Bytes Sent By Job
	690288960  -  Run Bytes Received By Job
	116675  -  Total Bytes Sent By Job
	690288960  -  Total Bytes Received By Job
	Partitionable Resources :      Usage  Request Allocated 
	   Cpus                 :       0.97        2         2 
	   Disk (KB)            : 2774575      750000    751616 
	   GPUs                 :                             0 
	   Memory (MB)          :    2149       16000     16000 
	   TimeExecute (s)      :     276                       
	   TimeSlotBusy (s)     :     284                       

	Job terminated of its own accord at 2025-07-21T03:02:49Z with exit-code 0.
...
