000 (1246660.000.000) 2025-07-17 16:10:38 Job submitted from host: <172.30.1.200:9618?addrs=172.30.1.200-9618&alias=tamsa2&noUDP&sock=schedd_2531_a24a>
...
040 (1246660.000.000) 2025-07-17 16:10:41 Started transferring input files
	Transferring to host: <172.30.1.209:9618?addrs=172.30.1.209-9618&alias=node-w9.localdomain&noUDP&sock=slot1_8_5028_6e46_35112>
...
001 (1246660.000.000) 2025-07-17 16:10:41 Job executing on host: <172.30.1.209:9618?addrs=172.30.1.209-9618&alias=node-w9.localdomain&noUDP&sock=startd_4994_0c0e>
	SlotName: slot1_8@node-w9.localdomain
	CondorScratchDir = "/var/lib/condor/execute/dir_4045506"
	Cpus = 2
	Disk = 2048
	GPUs = 0
	Memory = 16000
...
040 (1246660.000.000) 2025-07-17 16:10:41 Finished transferring input files
...
021 (1246660.000.000) 2025-07-17 16:10:46 Error from starter on slot1_8@node-w9.localdomain:
	Failed to execute '/var/lib/condor/execute/dir_4045506/run_Tau_C.py': (errno=8: 'Exec format error')
	Code 6 Subcode 8
...
004 (1246660.000.000) 2025-07-17 16:10:46 Job was evicted.
	(0) CPU times
		Usr 0 00:00:00, Sys 0 00:00:00  -  Run Remote Usage
		Usr 0 00:00:00, Sys 0 00:00:00  -  Run Local Usage
	0  -  Run Bytes Sent By Job
	22923  -  Run Bytes Received By Job
	Error from slot1_8@node-w9.localdomain: Failed to execute '/var/lib/condor/execute/dir_4045506/run_Tau_C.py': (errno=8: 'Exec format error')
	Partitionable Resources :    Usage  Request Allocated 
	   Cpus                 :                 2         2 
	   Disk (KB)            :       25       25      2048 
	   GPUs                 :                           0 
	   Memory (MB)          :             16000     16000 
	   TimeSlotBusy (s)     :        6                    
...
012 (1246660.000.000) 2025-07-17 16:10:46 Job was held.
	Error from slot1_8@node-w9.localdomain: Failed to execute '/var/lib/condor/execute/dir_4045506/run_Tau_C.py': (errno=8: 'Exec format error')
	Code 6 Subcode 8
...
009 (1246660.000.000) 2025-07-17 16:11:55 Job was aborted.
	via condor_rm (by user achihwan)
...
000 (1246716.000.000) 2025-07-17 16:14:10 Job submitted from host: <172.30.1.200:9618?addrs=172.30.1.200-9618&alias=tamsa2&noUDP&sock=schedd_2531_a24a>
...
040 (1246716.000.000) 2025-07-17 16:14:23 Started transferring input files
	Transferring to host: <172.30.1.207:9618?addrs=172.30.1.207-9618&alias=node-w7.localdomain&noUDP&sock=slot1_1_4978_3384_38199>
...
001 (1246716.000.000) 2025-07-17 16:14:23 Job executing on host: <172.30.1.207:9618?addrs=172.30.1.207-9618&alias=node-w7.localdomain&noUDP&sock=startd_4944_c052>
	SlotName: slot1_1@node-w7.localdomain
	CondorScratchDir = "/var/lib/condor/execute/dir_2116950"
	Cpus = 2
	Disk = 2048
	GPUs = 0
	Memory = 16000
...
040 (1246716.000.000) 2025-07-17 16:14:23 Finished transferring input files
...
021 (1246716.000.000) 2025-07-17 16:14:23 Error from starter on slot1_1@node-w7.localdomain:
	Failed to execute '/var/lib/condor/execute/dir_2116950/run_Tau_C.py' with arguments python *.py: (errno=8: 'Exec format error')
	Code 6 Subcode 8
...
004 (1246716.000.000) 2025-07-17 16:14:23 Job was evicted.
	(0) CPU times
		Usr 0 00:00:00, Sys 0 00:00:00  -  Run Remote Usage
		Usr 0 00:00:00, Sys 0 00:00:00  -  Run Local Usage
	0  -  Run Bytes Sent By Job
	22923  -  Run Bytes Received By Job
	Error from slot1_1@node-w7.localdomain: Failed to execute '/var/lib/condor/execute/dir_2116950/run_Tau_C.py' with arguments python *.py: (errno=8: 'Exec format error')
	Partitionable Resources :    Usage  Request Allocated 
	   Cpus                 :                 2         2 
	   Disk (KB)            :       25       25      2048 
	   GPUs                 :                           0 
	   Memory (MB)          :             16000     16000 
	   TimeSlotBusy (s)     :        0                    
...
012 (1246716.000.000) 2025-07-17 16:14:23 Job was held.
	Error from slot1_1@node-w7.localdomain: Failed to execute '/var/lib/condor/execute/dir_2116950/run_Tau_C.py' with arguments python *.py: (errno=8: 'Exec format error')
	Code 6 Subcode 8
...
009 (1246716.000.000) 2025-07-17 16:16:03 Job was aborted.
	via condor_rm (by user achihwan)
...
000 (1247416.000.000) 2025-07-17 16:30:18 Job submitted from host: <172.30.1.200:9618?addrs=172.30.1.200-9618&alias=tamsa2&noUDP&sock=schedd_2531_a24a>
...
040 (1247416.000.000) 2025-07-17 16:30:36 Started transferring input files
	Transferring to host: <172.30.1.107:9618?addrs=172.30.1.107-9618&alias=node-g7.localdomain&noUDP&sock=slot1_13_5631_4c7e_25449>
...
001 (1247416.000.000) 2025-07-17 16:30:36 Job executing on host: <172.30.1.107:9618?addrs=172.30.1.107-9618&alias=node-g7.localdomain&noUDP&sock=startd_5596_f811>
	SlotName: slot1_13@node-g7.localdomain
	CondorScratchDir = "/var/lib/condor/execute/dir_3000064"
	Cpus = 2
	Disk = 2048
	GPUs = 0
	Memory = 16000
...
040 (1247416.000.000) 2025-07-17 16:30:36 Finished transferring input files
...
006 (1247416.000.000) 2025-07-17 16:30:41 Image size of job updated: 96
	1  -  MemoryUsage of job (MB)
	4  -  ResidentSetSize of job (KB)
...
040 (1247416.000.000) 2025-07-17 16:30:41 Started transferring output files
...
040 (1247416.000.000) 2025-07-17 16:30:41 Finished transferring output files
...
021 (1247416.000.000) 2025-07-17 16:30:41 Error from starter on slot1_13@node-g7.localdomain:
	STARTER at 172.30.1.107 failed to send file(s) to <172.30.1.200:9618>: |Error: reading from file /var/lib/condor/execute/dir_3000064/*.png: (errno 2) No such file or directory; SHADOW failed to receive file(s) from <172.30.1.107:41785>
	Code 13 Subcode 2
...
004 (1247416.000.000) 2025-07-17 16:30:42 Job was evicted.
	(0) CPU times
		Usr 0 00:00:00, Sys 0 00:00:00  -  Run Remote Usage
		Usr 0 00:00:00, Sys 0 00:00:00  -  Run Local Usage
	127  -  Run Bytes Sent By Job
	22966  -  Run Bytes Received By Job
	Transfer output files failure at execution point slot1_13@node-g7.localdomain while sending files to access point tamsa2. Details: reading from file /var/lib/condor/execute/dir_3000064/*.png: (errno 2) No such file or directory
	Partitionable Resources :    Usage  Request Allocated 
	   Cpus                 :        0        2         2 
	   Disk (KB)            :       45       25      2048 
	   GPUs                 :                           0 
	   Memory (MB)          :        1    16000     16000 
	   TimeExecute (s)      :        5                    
	   TimeSlotBusy (s)     :        5                    
...
012 (1247416.000.000) 2025-07-17 16:30:42 Job was held.
	Transfer output files failure at execution point slot1_13@node-g7.localdomain while sending files to access point tamsa2. Details: reading from file /var/lib/condor/execute/dir_3000064/*.png: (errno 2) No such file or directory
	Code 12 Subcode 2
...
009 (1247416.000.000) 2025-07-17 16:32:04 Job was aborted.
	via condor_rm (by user achihwan)

	Job terminated by itself at 2025-07-17T07:30:41Z (using method 0: OF_ITS_OWN_ACCORD).
...
000 (1247476.000.000) 2025-07-17 16:32:11 Job submitted from host: <172.30.1.200:9618?addrs=172.30.1.200-9618&alias=tamsa2&noUDP&sock=schedd_2531_a24a>
...
040 (1247476.000.000) 2025-07-17 16:32:30 Started transferring input files
	Transferring to host: <172.30.1.108:9618?addrs=172.30.1.108-9618&alias=node-g8.localdomain&noUDP&sock=slot1_7_6196_6475_19938>
...
001 (1247476.000.000) 2025-07-17 16:32:30 Job executing on host: <172.30.1.108:9618?addrs=172.30.1.108-9618&alias=node-g8.localdomain&noUDP&sock=startd_6162_32ac>
	SlotName: slot1_7@node-g8.localdomain
	CondorScratchDir = "/var/lib/condor/execute/dir_613854"
	Cpus = 2
	Disk = 2048
	GPUs = 0
	Memory = 16000
...
040 (1247476.000.000) 2025-07-17 16:32:30 Finished transferring input files
...
006 (1247476.000.000) 2025-07-17 16:32:35 Image size of job updated: 100
	1  -  MemoryUsage of job (MB)
	4  -  ResidentSetSize of job (KB)
...
040 (1247476.000.000) 2025-07-17 16:32:35 Started transferring output files
...
040 (1247476.000.000) 2025-07-17 16:32:35 Finished transferring output files
...
021 (1247476.000.000) 2025-07-17 16:32:35 Error from starter on slot1_7@node-g8.localdomain:
	STARTER at 172.30.1.108 failed to send file(s) to <172.30.1.200:9618>: |Error: reading from file /var/lib/condor/execute/dir_613854/*.png: (errno 2) No such file or directory; SHADOW failed to receive file(s) from <172.30.1.108:35701>
	Code 13 Subcode 2
...
004 (1247476.000.000) 2025-07-17 16:32:35 Job was evicted.
	(0) CPU times
		Usr 0 00:00:00, Sys 0 00:00:00  -  Run Remote Usage
		Usr 0 00:00:00, Sys 0 00:00:00  -  Run Local Usage
	107  -  Run Bytes Sent By Job
	22955  -  Run Bytes Received By Job
	Transfer output files failure at execution point slot1_7@node-g8.localdomain while sending files to access point tamsa2. Details: reading from file /var/lib/condor/execute/dir_613854/*.png: (errno 2) No such file or directory
	Partitionable Resources :    Usage  Request Allocated 
	   Cpus                 :        0        2         2 
	   Disk (KB)            :       45       25      2048 
	   GPUs                 :                           0 
	   Memory (MB)          :        1    16000     16000 
	   TimeExecute (s)      :        5                    
	   TimeSlotBusy (s)     :        5                    
...
012 (1247476.000.000) 2025-07-17 16:32:35 Job was held.
	Transfer output files failure at execution point slot1_7@node-g8.localdomain while sending files to access point tamsa2. Details: reading from file /var/lib/condor/execute/dir_613854/*.png: (errno 2) No such file or directory
	Code 12 Subcode 2
...
009 (1247476.000.000) 2025-07-17 16:36:30 Job was aborted.
	via condor_rm (by user achihwan)

	Job terminated by itself at 2025-07-17T07:32:35Z (using method 0: OF_ITS_OWN_ACCORD).
...
000 (1247536.000.000) 2025-07-17 16:36:37 Job submitted from host: <172.30.1.200:9618?addrs=172.30.1.200-9618&alias=tamsa2&noUDP&sock=schedd_2531_a24a>
...
040 (1247536.000.000) 2025-07-17 16:37:55 Started transferring input files
	Transferring to host: <172.30.1.212:9618?addrs=172.30.1.212-9618&alias=node-w12.localdomain&noUDP&sock=slot1_15_4978_3384_91625>
...
001 (1247536.000.000) 2025-07-17 16:37:56 Job executing on host: <172.30.1.212:9618?addrs=172.30.1.212-9618&alias=node-w12.localdomain&noUDP&sock=startd_4944_c052>
	SlotName: slot1_15@node-w12.localdomain
	CondorScratchDir = "/var/lib/condor/execute/dir_1062004"
	Cpus = 2
	Disk = 2048
	GPUs = 0
	Memory = 16000
...
040 (1247536.000.000) 2025-07-17 16:37:56 Finished transferring input files
...
006 (1247536.000.000) 2025-07-17 16:38:01 Image size of job updated: 20
	1  -  MemoryUsage of job (MB)
	8  -  ResidentSetSize of job (KB)
...
040 (1247536.000.000) 2025-07-17 16:38:01 Started transferring output files
...
040 (1247536.000.000) 2025-07-17 16:38:01 Finished transferring output files
...
021 (1247536.000.000) 2025-07-17 16:38:01 Error from starter on slot1_15@node-w12.localdomain:
	STARTER at 172.30.1.212 failed to send file(s) to <172.30.1.200:9618>: |Error: reading from file /var/lib/condor/execute/dir_1062004/*.png: (errno 2) No such file or directory; SHADOW failed to receive file(s) from <172.30.1.212:42907>
	Code 13 Subcode 2
...
004 (1247536.000.000) 2025-07-17 16:38:01 Job was evicted.
	(0) CPU times
		Usr 0 00:00:00, Sys 0 00:00:00  -  Run Remote Usage
		Usr 0 00:00:00, Sys 0 00:00:00  -  Run Local Usage
	183  -  Run Bytes Sent By Job
	22959  -  Run Bytes Received By Job
	Transfer output files failure at execution point slot1_15@node-w12.localdomain while sending files to access point tamsa2. Details: reading from file /var/lib/condor/execute/dir_1062004/*.png: (errno 2) No such file or directory
	Partitionable Resources :    Usage  Request Allocated 
	   Cpus                 :        0        2         2 
	   Disk (KB)            :       45       25      2048 
	   GPUs                 :                           0 
	   Memory (MB)          :        1    16000     16000 
	   TimeExecute (s)      :        5                    
	   TimeSlotBusy (s)     :        6                    
...
012 (1247536.000.000) 2025-07-17 16:38:01 Job was held.
	Transfer output files failure at execution point slot1_15@node-w12.localdomain while sending files to access point tamsa2. Details: reading from file /var/lib/condor/execute/dir_1062004/*.png: (errno 2) No such file or directory
	Code 12 Subcode 2
...
009 (1247536.000.000) 2025-07-17 16:38:09 Job was aborted.
	via condor_rm (by user achihwan)

	Job terminated by itself at 2025-07-17T07:38:01Z (using method 0: OF_ITS_OWN_ACCORD).
...
000 (1247595.000.000) 2025-07-17 16:38:19 Job submitted from host: <172.30.1.200:9618?addrs=172.30.1.200-9618&alias=tamsa2&noUDP&sock=schedd_2531_a24a>
...
040 (1247595.000.000) 2025-07-17 16:40:37 Started transferring input files
	Transferring to host: <172.30.1.211:9618?addrs=172.30.1.211-9618&alias=node-w11.localdomain&noUDP&sock=slot1_21_4969_dc23_57646>
...
001 (1247595.000.000) 2025-07-17 16:40:38 Job executing on host: <172.30.1.211:9618?addrs=172.30.1.211-9618&alias=node-w11.localdomain&noUDP&sock=startd_4935_93f7>
	SlotName: slot1_21@node-w11.localdomain
	CondorScratchDir = "/var/lib/condor/execute/dir_355321"
	Cpus = 2
	Disk = 2048
	GPUs = 0
	Memory = 16000
...
040 (1247595.000.000) 2025-07-17 16:40:38 Finished transferring input files
...
006 (1247595.000.000) 2025-07-17 16:40:43 Image size of job updated: 164
	1  -  MemoryUsage of job (MB)
	8  -  ResidentSetSize of job (KB)
...
040 (1247595.000.000) 2025-07-17 16:40:43 Started transferring output files
...
040 (1247595.000.000) 2025-07-17 16:40:43 Finished transferring output files
...
021 (1247595.000.000) 2025-07-17 16:40:43 Error from starter on slot1_21@node-w11.localdomain:
	STARTER at 172.30.1.211 failed to send file(s) to <172.30.1.200:9618>: |Error: reading from file /var/lib/condor/execute/dir_355321/*.png: (errno 2) No such file or directory; SHADOW failed to receive file(s) from <172.30.1.211:42175>
	Code 13 Subcode 2
...
004 (1247595.000.000) 2025-07-17 16:40:43 Job was evicted.
	(0) CPU times
		Usr 0 00:00:00, Sys 0 00:00:00  -  Run Remote Usage
		Usr 0 00:00:00, Sys 0 00:00:00  -  Run Local Usage
	252  -  Run Bytes Sent By Job
	22963  -  Run Bytes Received By Job
	Transfer output files failure at execution point slot1_21@node-w11.localdomain while sending files to access point tamsa2. Details: reading from file /var/lib/condor/execute/dir_355321/*.png: (errno 2) No such file or directory
	Partitionable Resources :    Usage  Request Allocated 
	   Cpus                 :        0        2         2 
	   Disk (KB)            :       45       25      2048 
	   GPUs                 :                           0 
	   Memory (MB)          :        1    16000     16000 
	   TimeExecute (s)      :        6                    
	   TimeSlotBusy (s)     :        6                    
...
012 (1247595.000.000) 2025-07-17 16:40:43 Job was held.
	Transfer output files failure at execution point slot1_21@node-w11.localdomain while sending files to access point tamsa2. Details: reading from file /var/lib/condor/execute/dir_355321/*.png: (errno 2) No such file or directory
	Code 12 Subcode 2
...
009 (1247595.000.000) 2025-07-17 16:41:21 Job was aborted.
	via condor_rm (by user achihwan)

	Job terminated by itself at 2025-07-17T07:40:43Z (using method 0: OF_ITS_OWN_ACCORD).
...
000 (1247657.000.000) 2025-07-17 16:51:14 Job submitted from host: <172.30.1.200:9618?addrs=172.30.1.200-9618&alias=tamsa2&noUDP&sock=schedd_2531_a24a>
...
040 (1247657.000.000) 2025-07-17 16:51:38 Entered queue to transfer input files
	Transferring to host: <172.30.1.211:9618?addrs=172.30.1.211-9618&alias=node-w11.localdomain&noUDP&sock=slot1_7_4969_dc23_57703>
...
040 (1247657.000.000) 2025-07-17 16:51:42 Started transferring input files
	Seconds spent in queue: 4
...
040 (1247657.000.000) 2025-07-17 16:51:44 Finished transferring input files
...
001 (1247657.000.000) 2025-07-17 16:51:44 Job executing on host: <172.30.1.211:9618?addrs=172.30.1.211-9618&alias=node-w11.localdomain&noUDP&sock=startd_4935_93f7>
	SlotName: slot1_7@node-w11.localdomain
	CondorScratchDir = "/var/lib/condor/execute/dir_364052"
	Cpus = 2
	Disk = 751616
	GPUs = 0
	Memory = 16000
...
006 (1247657.000.000) 2025-07-17 16:51:58 Image size of job updated: 1139592
	1113  -  MemoryUsage of job (MB)
	1139592  -  ResidentSetSize of job (KB)
...
006 (1247657.000.000) 2025-07-17 16:52:07 Image size of job updated: 2199792
	2149  -  MemoryUsage of job (MB)
	2199792  -  ResidentSetSize of job (KB)
...
040 (1247657.000.000) 2025-07-17 16:52:07 Started transferring output files
	Seconds spent in queue: 29
...
040 (1247657.000.000) 2025-07-17 16:52:07 Finished transferring output files
...
021 (1247657.000.000) 2025-07-17 16:52:07 Error from starter on slot1_7@node-w11.localdomain:
	STARTER at 172.30.1.211 failed to send file(s) to <172.30.1.200:9618>: |Error: reading from file /var/lib/condor/execute/dir_364052/*.png: (errno 2) No such file or directory; SHADOW failed to receive file(s) from <172.30.1.211:41279>
	Code 13 Subcode 2
...
004 (1247657.000.000) 2025-07-17 16:52:07 Job was evicted.
	(0) CPU times
		Usr 0 00:00:16, Sys 0 00:00:03  -  Run Remote Usage
		Usr 0 00:00:00, Sys 0 00:00:00  -  Run Local Usage
	580  -  Run Bytes Sent By Job
	690279808  -  Run Bytes Received By Job
	Transfer output files failure at execution point slot1_7@node-w11.localdomain while sending files to access point tamsa2. Details: reading from file /var/lib/condor/execute/dir_364052/*.png: (errno 2) No such file or directory
	Partitionable Resources :    Usage  Request Allocated 
	   Cpus                 :        0        2         2 
	   Disk (KB)            :  2774352   750000    751616 
	   GPUs                 :                           0 
	   Memory (MB)          :     2149    16000     16000 
	   TimeExecute (s)      :       23                    
	   TimeSlotBusy (s)     :       34                    
...
012 (1247657.000.000) 2025-07-17 16:52:07 Job was held.
	Transfer output files failure at execution point slot1_7@node-w11.localdomain while sending files to access point tamsa2. Details: reading from file /var/lib/condor/execute/dir_364052/*.png: (errno 2) No such file or directory
	Code 12 Subcode 2
...
009 (1247657.000.000) 2025-07-17 17:02:33 Job was aborted.
	via condor_rm (by user achihwan)

	Job terminated by itself at 2025-07-17T07:52:07Z (using method 0: OF_ITS_OWN_ACCORD).
...
000 (1247718.000.000) 2025-07-17 17:02:56 Job submitted from host: <172.30.1.200:9618?addrs=172.30.1.200-9618&alias=tamsa2&noUDP&sock=schedd_2531_a24a>
...
040 (1247718.000.000) 2025-07-17 17:03:14 Started transferring input files
	Transferring to host: <172.30.1.211:9618?addrs=172.30.1.211-9618&alias=node-w11.localdomain&noUDP&sock=slot1_4_4969_dc23_57729>
...
040 (1247718.000.000) 2025-07-17 17:03:14 Finished transferring input files
...
040 (1247718.000.000) 2025-07-17 17:03:15 Started transferring output files
...
021 (1247718.000.000) 2025-07-17 17:03:15 Error from starter on slot1_4@node-w11.localdomain:
	Failed to transfer files: SHADOW at 172.30.1.200 failed to send file(s) to <172.30.1.211:45627>: |Error: reading from file /data6/Users/achihwan/hepenv.tar.gz: (errno 2) No such file or directory; STARTER failed to receive file(s) from <172.30.1.200:9618>
	Code 13 Subcode 2
...
004 (1247718.000.000) 2025-07-17 17:03:15 Job was evicted.
	(0) CPU times
		Usr 0 00:00:00, Sys 0 00:00:00  -  Run Remote Usage
		Usr 0 00:00:00, Sys 0 00:00:00  -  Run Local Usage
	0  -  Run Bytes Sent By Job
	23007  -  Run Bytes Received By Job
	Transfer input files failure at access point tamsa2 while sending files to execution point slot1_4@node-w11.localdomain. Details: reading from file /data6/Users/achihwan/hepenv.tar.gz: (errno 2) No such file or directory
	Partitionable Resources :    Usage  Request Allocated 
	   Cpus                 :                 2         2 
	   Disk (KB)            :       39       25      2048 
	   GPUs                 :                           0 
	   Memory (MB)          :             16000     16000 
...
012 (1247718.000.000) 2025-07-17 17:03:15 Job was held.
	Transfer input files failure at access point tamsa2 while sending files to execution point slot1_4@node-w11.localdomain. Details: reading from file /data6/Users/achihwan/hepenv.tar.gz: (errno 2) No such file or directory
	Code 13 Subcode 2
...
009 (1247718.000.000) 2025-07-17 17:05:02 Job was aborted.
	via condor_rm (by user achihwan)
...
000 (1247778.000.000) 2025-07-17 17:05:08 Job submitted from host: <172.30.1.200:9618?addrs=172.30.1.200-9618&alias=tamsa2&noUDP&sock=schedd_2531_a24a>
...
040 (1247778.000.000) 2025-07-17 17:05:26 Started transferring input files
	Transferring to host: <172.30.1.211:9618?addrs=172.30.1.211-9618&alias=node-w11.localdomain&noUDP&sock=slot1_11_4969_dc23_57752>
...
040 (1247778.000.000) 2025-07-17 17:05:26 Finished transferring input files
...
040 (1247778.000.000) 2025-07-17 17:05:27 Started transferring output files
...
021 (1247778.000.000) 2025-07-17 17:05:27 Error from starter on slot1_11@node-w11.localdomain:
	Failed to transfer files: SHADOW at 172.30.1.200 failed to send file(s) to <172.30.1.211:45725>: |Error: reading from file /data6/Users/achihwan/hepenv.tar.gz: (errno 2) No such file or directory; STARTER failed to receive file(s) from <172.30.1.200:9618>
	Code 13 Subcode 2
...
004 (1247778.000.000) 2025-07-17 17:05:27 Job was evicted.
	(0) CPU times
		Usr 0 00:00:00, Sys 0 00:00:00  -  Run Remote Usage
		Usr 0 00:00:00, Sys 0 00:00:00  -  Run Local Usage
	0  -  Run Bytes Sent By Job
	22957  -  Run Bytes Received By Job
	Transfer input files failure at access point tamsa2 while sending files to execution point slot1_11@node-w11.localdomain. Details: reading from file /data6/Users/achihwan/hepenv.tar.gz: (errno 2) No such file or directory
	Partitionable Resources :    Usage  Request Allocated 
	   Cpus                 :                 2         2 
	   Disk (KB)            :       38       25      2048 
	   GPUs                 :                           0 
	   Memory (MB)          :             16000     16000 
...
012 (1247778.000.000) 2025-07-17 17:05:27 Job was held.
	Transfer input files failure at access point tamsa2 while sending files to execution point slot1_11@node-w11.localdomain. Details: reading from file /data6/Users/achihwan/hepenv.tar.gz: (errno 2) No such file or directory
	Code 13 Subcode 2
...
009 (1247778.000.000) 2025-07-17 17:06:33 Job was aborted.
	via condor_rm (by user achihwan)
...
000 (1247837.000.000) 2025-07-17 17:06:37 Job submitted from host: <172.30.1.200:9618?addrs=172.30.1.200-9618&alias=tamsa2&noUDP&sock=schedd_2531_a24a>
...
040 (1247837.000.000) 2025-07-17 17:06:48 Started transferring input files
	Transferring to host: <172.30.1.207:9618?addrs=172.30.1.207-9618&alias=node-w7.localdomain&noUDP&sock=slot1_6_4978_3384_38396>
...
001 (1247837.000.000) 2025-07-17 17:06:48 Job executing on host: <172.30.1.207:9618?addrs=172.30.1.207-9618&alias=node-w7.localdomain&noUDP&sock=startd_4944_c052>
	SlotName: slot1_6@node-w7.localdomain
	CondorScratchDir = "/var/lib/condor/execute/dir_2151310"
	Cpus = 2
	Disk = 2048
	GPUs = 0
	Memory = 16000
...
040 (1247837.000.000) 2025-07-17 17:06:48 Finished transferring input files
...
006 (1247837.000.000) 2025-07-17 17:06:53 Image size of job updated: 112
	1  -  MemoryUsage of job (MB)
	8  -  ResidentSetSize of job (KB)
...
040 (1247837.000.000) 2025-07-17 17:06:53 Started transferring output files
...
040 (1247837.000.000) 2025-07-17 17:06:53 Finished transferring output files
...
021 (1247837.000.000) 2025-07-17 17:06:53 Error from starter on slot1_6@node-w7.localdomain:
	STARTER at 172.30.1.207 failed to send file(s) to <172.30.1.200:9618>: |Error: reading from file /var/lib/condor/execute/dir_2151310/*.png: (errno 2) No such file or directory; SHADOW failed to receive file(s) from <172.30.1.207:40395>
	Code 13 Subcode 2
...
004 (1247837.000.000) 2025-07-17 17:06:53 Job was evicted.
	(0) CPU times
		Usr 0 00:00:00, Sys 0 00:00:00  -  Run Remote Usage
		Usr 0 00:00:00, Sys 0 00:00:00  -  Run Local Usage
	253  -  Run Bytes Sent By Job
	22957  -  Run Bytes Received By Job
	Transfer output files failure at execution point slot1_6@node-w7.localdomain while sending files to access point tamsa2. Details: reading from file /var/lib/condor/execute/dir_2151310/*.png: (errno 2) No such file or directory
	Partitionable Resources :    Usage  Request Allocated 
	   Cpus                 :        0        2         2 
	   Disk (KB)            :       45       25      2048 
	   GPUs                 :                           0 
	   Memory (MB)          :        1    16000     16000 
	   TimeExecute (s)      :        5                    
	   TimeSlotBusy (s)     :        5                    
...
012 (1247837.000.000) 2025-07-17 17:06:53 Job was held.
	Transfer output files failure at execution point slot1_6@node-w7.localdomain while sending files to access point tamsa2. Details: reading from file /var/lib/condor/execute/dir_2151310/*.png: (errno 2) No such file or directory
	Code 12 Subcode 2
...
009 (1247837.000.000) 2025-07-17 17:08:13 Job was aborted.
	via condor_rm (by user achihwan)

	Job terminated by itself at 2025-07-17T08:06:53Z (using method 0: OF_ITS_OWN_ACCORD).
...
000 (1247896.000.000) 2025-07-17 17:08:24 Job submitted from host: <172.30.1.200:9618?addrs=172.30.1.200-9618&alias=tamsa2&noUDP&sock=schedd_2531_a24a>
...
009 (1247896.000.000) 2025-07-17 17:08:34 Job was aborted.
	via condor_rm (by user achihwan)
...
000 (1247955.000.000) 2025-07-17 17:08:53 Job submitted from host: <172.30.1.200:9618?addrs=172.30.1.200-9618&alias=tamsa2&noUDP&sock=schedd_2531_a24a>
...
040 (1247955.000.000) 2025-07-17 17:09:03 Started transferring input files
	Transferring to host: <172.30.1.206:9618?addrs=172.30.1.206-9618&alias=node-w6.localdomain&noUDP&sock=slot1_4_4969_dc23_29407>
...
001 (1247955.000.000) 2025-07-17 17:09:03 Job executing on host: <172.30.1.206:9618?addrs=172.30.1.206-9618&alias=node-w6.localdomain&noUDP&sock=startd_4935_93f7>
	SlotName: slot1_4@node-w6.localdomain
	CondorScratchDir = "/var/lib/condor/execute/dir_433612"
	Cpus = 2
	Disk = 2048
	GPUs = 0
	Memory = 16000
...
040 (1247955.000.000) 2025-07-17 17:09:03 Finished transferring input files
...
006 (1247955.000.000) 2025-07-17 17:09:08 Image size of job updated: 120
	1  -  MemoryUsage of job (MB)
	8  -  ResidentSetSize of job (KB)
...
040 (1247955.000.000) 2025-07-17 17:09:08 Started transferring output files
...
040 (1247955.000.000) 2025-07-17 17:09:08 Finished transferring output files
...
021 (1247955.000.000) 2025-07-17 17:09:08 Error from starter on slot1_4@node-w6.localdomain:
	STARTER at 172.30.1.206 failed to send file(s) to <172.30.1.200:9618>: |Error: reading from file /var/lib/condor/execute/dir_433612/*.png: (errno 2) No such file or directory; SHADOW failed to receive file(s) from <172.30.1.206:36921>
	Code 13 Subcode 2
...
004 (1247955.000.000) 2025-07-17 17:09:08 Job was evicted.
	(0) CPU times
		Usr 0 00:00:00, Sys 0 00:00:00  -  Run Remote Usage
		Usr 0 00:00:00, Sys 0 00:00:00  -  Run Local Usage
	252  -  Run Bytes Sent By Job
	22957  -  Run Bytes Received By Job
	Transfer output files failure at execution point slot1_4@node-w6.localdomain while sending files to access point tamsa2. Details: reading from file /var/lib/condor/execute/dir_433612/*.png: (errno 2) No such file or directory
	Partitionable Resources :    Usage  Request Allocated 
	   Cpus                 :        0        2         2 
	   Disk (KB)            :       45       25      2048 
	   GPUs                 :                           0 
	   Memory (MB)          :        1    16000     16000 
	   TimeExecute (s)      :        5                    
	   TimeSlotBusy (s)     :        5                    
...
012 (1247955.000.000) 2025-07-17 17:09:08 Job was held.
	Transfer output files failure at execution point slot1_4@node-w6.localdomain while sending files to access point tamsa2. Details: reading from file /var/lib/condor/execute/dir_433612/*.png: (errno 2) No such file or directory
	Code 12 Subcode 2
...
009 (1247955.000.000) 2025-07-17 17:10:28 Job was aborted.
	via condor_rm (by user achihwan)

	Job terminated by itself at 2025-07-17T08:09:08Z (using method 0: OF_ITS_OWN_ACCORD).
...
000 (1248015.000.000) 2025-07-17 17:10:36 Job submitted from host: <172.30.1.200:9618?addrs=172.30.1.200-9618&alias=tamsa2&noUDP&sock=schedd_2531_a24a>
...
040 (1248015.000.000) 2025-07-17 17:10:44 Started transferring input files
	Transferring to host: <172.30.1.107:9618?addrs=172.30.1.107-9618&alias=node-g7.localdomain&noUDP&sock=slot1_8_5631_4c7e_25465>
...
001 (1248015.000.000) 2025-07-17 17:10:45 Job executing on host: <172.30.1.107:9618?addrs=172.30.1.107-9618&alias=node-g7.localdomain&noUDP&sock=startd_5596_f811>
	SlotName: slot1_8@node-g7.localdomain
	CondorScratchDir = "/var/lib/condor/execute/dir_3001360"
	Cpus = 2
	Disk = 2048
	GPUs = 0
	Memory = 16000
...
040 (1248015.000.000) 2025-07-17 17:10:45 Finished transferring input files
...
006 (1248015.000.000) 2025-07-17 17:10:50 Image size of job updated: 104
	1  -  MemoryUsage of job (MB)
	8  -  ResidentSetSize of job (KB)
...
040 (1248015.000.000) 2025-07-17 17:10:50 Started transferring output files
...
040 (1248015.000.000) 2025-07-17 17:10:50 Finished transferring output files
...
021 (1248015.000.000) 2025-07-17 17:10:50 Error from starter on slot1_8@node-g7.localdomain:
	STARTER at 172.30.1.107 failed to send file(s) to <172.30.1.200:9618>: |Error: reading from file /var/lib/condor/execute/dir_3001360/*.png: (errno 2) No such file or directory; SHADOW failed to receive file(s) from <172.30.1.107:38119>
	Code 13 Subcode 2
...
004 (1248015.000.000) 2025-07-17 17:10:50 Job was evicted.
	(0) CPU times
		Usr 0 00:00:00, Sys 0 00:00:00  -  Run Remote Usage
		Usr 0 00:00:00, Sys 0 00:00:00  -  Run Local Usage
	275  -  Run Bytes Sent By Job
	22957  -  Run Bytes Received By Job
	Transfer output files failure at execution point slot1_8@node-g7.localdomain while sending files to access point tamsa2. Details: reading from file /var/lib/condor/execute/dir_3001360/*.png: (errno 2) No such file or directory
	Partitionable Resources :    Usage  Request Allocated 
	   Cpus                 :        0        2         2 
	   Disk (KB)            :       45       25      2048 
	   GPUs                 :                           0 
	   Memory (MB)          :        1    16000     16000 
	   TimeExecute (s)      :        6                    
	   TimeSlotBusy (s)     :        6                    
...
012 (1248015.000.000) 2025-07-17 17:10:50 Job was held.
	Transfer output files failure at execution point slot1_8@node-g7.localdomain while sending files to access point tamsa2. Details: reading from file /var/lib/condor/execute/dir_3001360/*.png: (errno 2) No such file or directory
	Code 12 Subcode 2
...
009 (1248015.000.000) 2025-07-17 17:11:47 Job was aborted.
	via condor_rm (by user achihwan)

	Job terminated by itself at 2025-07-17T08:10:50Z (using method 0: OF_ITS_OWN_ACCORD).
...
000 (1248075.000.000) 2025-07-17 17:12:04 Job submitted from host: <172.30.1.200:9618?addrs=172.30.1.200-9618&alias=tamsa2&noUDP&sock=schedd_2531_a24a>
...
040 (1248075.000.000) 2025-07-17 17:12:22 Started transferring input files
	Transferring to host: <172.30.1.110:9618?addrs=172.30.1.110-9618&alias=node-g10.localdomain&noUDP&sock=slot1_16_6414_fe3e_19817>
...
001 (1248075.000.000) 2025-07-17 17:12:22 Job executing on host: <172.30.1.110:9618?addrs=172.30.1.110-9618&alias=node-g10.localdomain&noUDP&sock=startd_6380_ba51>
	SlotName: slot1_16@node-g10.localdomain
	CondorScratchDir = "/var/lib/condor/execute/dir_3258427"
	Cpus = 2
	Disk = 2048
	GPUs = 0
	Memory = 16000
...
040 (1248075.000.000) 2025-07-17 17:12:22 Finished transferring input files
...
006 (1248075.000.000) 2025-07-17 17:12:27 Image size of job updated: 104
	1  -  MemoryUsage of job (MB)
	8  -  ResidentSetSize of job (KB)
...
040 (1248075.000.000) 2025-07-17 17:12:27 Started transferring output files
...
040 (1248075.000.000) 2025-07-17 17:12:28 Finished transferring output files
...
021 (1248075.000.000) 2025-07-17 17:12:28 Error from starter on slot1_16@node-g10.localdomain:
	STARTER at 172.30.1.110 failed to send file(s) to <172.30.1.200:9618>: |Error: reading from file /var/lib/condor/execute/dir_3258427/*.png: (errno 2) No such file or directory; SHADOW failed to receive file(s) from <172.30.1.110:42629>
	Code 13 Subcode 2
...
004 (1248075.000.000) 2025-07-17 17:12:28 Job was evicted.
	(0) CPU times
		Usr 0 00:00:00, Sys 0 00:00:00  -  Run Remote Usage
		Usr 0 00:00:00, Sys 0 00:00:00  -  Run Local Usage
	261  -  Run Bytes Sent By Job
	22957  -  Run Bytes Received By Job
	Transfer output files failure at execution point slot1_16@node-g10.localdomain while sending files to access point tamsa2. Details: reading from file /var/lib/condor/execute/dir_3258427/*.png: (errno 2) No such file or directory
	Partitionable Resources :    Usage  Request Allocated 
	   Cpus                 :        0        2         2 
	   Disk (KB)            :       45       25      2048 
	   GPUs                 :                           0 
	   Memory (MB)          :        1    16000     16000 
	   TimeExecute (s)      :        5                    
	   TimeSlotBusy (s)     :        6                    
...
012 (1248075.000.000) 2025-07-17 17:12:28 Job was held.
	Transfer output files failure at execution point slot1_16@node-g10.localdomain while sending files to access point tamsa2. Details: reading from file /var/lib/condor/execute/dir_3258427/*.png: (errno 2) No such file or directory
	Code 12 Subcode 2
...
000 (1248135.000.000) 2025-07-17 17:12:51 Job submitted from host: <172.30.1.200:9618?addrs=172.30.1.200-9618&alias=tamsa2&noUDP&sock=schedd_2531_a24a>
...
009 (1248135.000.000) 2025-07-17 17:13:09 Job was aborted.
	via condor_rm (by user achihwan)
...
009 (1248075.000.000) 2025-07-17 17:13:09 Job was aborted.
	via condor_rm (by user achihwan)

	Job terminated by itself at 2025-07-17T08:12:27Z (using method 0: OF_ITS_OWN_ACCORD).
...
000 (1248194.000.000) 2025-07-17 17:13:17 Job submitted from host: <172.30.1.200:9618?addrs=172.30.1.200-9618&alias=tamsa2&noUDP&sock=schedd_2531_a24a>
...
009 (1248194.000.000) 2025-07-17 17:14:42 Job was aborted.
	via condor_rm (by user achihwan)
...
000 (1248253.000.000) 2025-07-17 17:14:50 Job submitted from host: <172.30.1.200:9618?addrs=172.30.1.200-9618&alias=tamsa2&noUDP&sock=schedd_2531_a24a>
...
040 (1248253.000.000) 2025-07-17 17:17:14 Started transferring input files
	Transferring to host: <172.30.1.211:9618?addrs=172.30.1.211-9618&alias=node-w11.localdomain&noUDP&sock=slot1_1_4969_dc23_57788>
...
040 (1248253.000.000) 2025-07-17 17:17:14 Finished transferring input files
...
001 (1248253.000.000) 2025-07-17 17:17:14 Job executing on host: <172.30.1.211:9618?addrs=172.30.1.211-9618&alias=node-w11.localdomain&noUDP&sock=startd_4935_93f7>
	SlotName: slot1_1@node-w11.localdomain
	CondorScratchDir = "/var/lib/condor/execute/dir_369502"
	Cpus = 2
	Disk = 2048
	GPUs = 0
	Memory = 16000
...
006 (1248253.000.000) 2025-07-17 17:17:19 Image size of job updated: 104
	1  -  MemoryUsage of job (MB)
	8  -  ResidentSetSize of job (KB)
...
040 (1248253.000.000) 2025-07-17 17:17:19 Started transferring output files
...
040 (1248253.000.000) 2025-07-17 17:17:19 Finished transferring output files
...
021 (1248253.000.000) 2025-07-17 17:17:19 Error from starter on slot1_1@node-w11.localdomain:
	STARTER at 172.30.1.211 failed to send file(s) to <172.30.1.200:9618>: |Error: reading from file /var/lib/condor/execute/dir_369502/*.png: (errno 2) No such file or directory; SHADOW failed to receive file(s) from <172.30.1.211:33727>
	Code 13 Subcode 2
...
004 (1248253.000.000) 2025-07-17 17:17:19 Job was evicted.
	(0) CPU times
		Usr 0 00:00:00, Sys 0 00:00:00  -  Run Remote Usage
		Usr 0 00:00:00, Sys 0 00:00:00  -  Run Local Usage
	253  -  Run Bytes Sent By Job
	22954  -  Run Bytes Received By Job
	Transfer output files failure at execution point slot1_1@node-w11.localdomain while sending files to access point tamsa2. Details: reading from file /var/lib/condor/execute/dir_369502/*.png: (errno 2) No such file or directory
	Partitionable Resources :    Usage  Request Allocated 
	   Cpus                 :        0        2         2 
	   Disk (KB)            :       45       25      2048 
	   GPUs                 :                           0 
	   Memory (MB)          :        1    16000     16000 
	   TimeExecute (s)      :        5                    
	   TimeSlotBusy (s)     :        5                    
...
012 (1248253.000.000) 2025-07-17 17:17:20 Job was held.
	Transfer output files failure at execution point slot1_1@node-w11.localdomain while sending files to access point tamsa2. Details: reading from file /var/lib/condor/execute/dir_369502/*.png: (errno 2) No such file or directory
	Code 12 Subcode 2
...
009 (1248253.000.000) 2025-07-17 17:18:37 Job was aborted.
	via condor_rm (by user achihwan)

	Job terminated by itself at 2025-07-17T08:17:19Z (using method 0: OF_ITS_OWN_ACCORD).
...
000 (1248314.000.000) 2025-07-17 17:23:12 Job submitted from host: <172.30.1.200:9618?addrs=172.30.1.200-9618&alias=tamsa2&noUDP&sock=schedd_2531_a24a>
...
040 (1248314.000.000) 2025-07-17 17:23:30 Started transferring input files
	Transferring to host: <172.30.1.211:9618?addrs=172.30.1.211-9618&alias=node-w11.localdomain&noUDP&sock=slot1_16_4969_dc23_57829>
...
001 (1248314.000.000) 2025-07-17 17:23:30 Job executing on host: <172.30.1.211:9618?addrs=172.30.1.211-9618&alias=node-w11.localdomain&noUDP&sock=startd_4935_93f7>
	SlotName: slot1_16@node-w11.localdomain
	CondorScratchDir = "/var/lib/condor/execute/dir_374199"
	Cpus = 2
	Disk = 2048
	GPUs = 0
	Memory = 16000
...
040 (1248314.000.000) 2025-07-17 17:23:30 Finished transferring input files
...
006 (1248314.000.000) 2025-07-17 17:23:35 Image size of job updated: 116
	1  -  MemoryUsage of job (MB)
	8  -  ResidentSetSize of job (KB)
...
040 (1248314.000.000) 2025-07-17 17:23:35 Started transferring output files
...
040 (1248314.000.000) 2025-07-17 17:23:35 Finished transferring output files
...
021 (1248314.000.000) 2025-07-17 17:23:36 Error from starter on slot1_16@node-w11.localdomain:
	STARTER at 172.30.1.211 failed to send file(s) to <172.30.1.200:9618>: |Error: reading from file /var/lib/condor/execute/dir_374199/*.png: (errno 2) No such file or directory; SHADOW failed to receive file(s) from <172.30.1.211:38843>
	Code 13 Subcode 2
...
004 (1248314.000.000) 2025-07-17 17:23:36 Job was evicted.
	(0) CPU times
		Usr 0 00:00:00, Sys 0 00:00:00  -  Run Remote Usage
		Usr 0 00:00:00, Sys 0 00:00:00  -  Run Local Usage
	408  -  Run Bytes Sent By Job
	23032  -  Run Bytes Received By Job
	Transfer output files failure at execution point slot1_16@node-w11.localdomain while sending files to access point tamsa2. Details: reading from file /var/lib/condor/execute/dir_374199/*.png: (errno 2) No such file or directory
	Partitionable Resources :    Usage  Request Allocated 
	   Cpus                 :        0        2         2 
	   Disk (KB)            :       46       25      2048 
	   GPUs                 :                           0 
	   Memory (MB)          :        1    16000     16000 
	   TimeExecute (s)      :        5                    
	   TimeSlotBusy (s)     :        6                    
...
012 (1248314.000.000) 2025-07-17 17:23:36 Job was held.
	Transfer output files failure at execution point slot1_16@node-w11.localdomain while sending files to access point tamsa2. Details: reading from file /var/lib/condor/execute/dir_374199/*.png: (errno 2) No such file or directory
	Code 12 Subcode 2
...
009 (1248314.000.000) 2025-07-17 17:28:06 Job was aborted.
	via condor_rm (by user achihwan)

	Job terminated by itself at 2025-07-17T08:23:35Z (using method 0: OF_ITS_OWN_ACCORD).
...
000 (1248375.000.000) 2025-07-17 17:28:12 Job submitted from host: <172.30.1.200:9618?addrs=172.30.1.200-9618&alias=tamsa2&noUDP&sock=schedd_2531_a24a>
...
040 (1248375.000.000) 2025-07-17 17:28:30 Entered queue to transfer input files
	Transferring to host: <172.30.1.208:9618?addrs=172.30.1.208-9618&alias=node-w8.localdomain&noUDP&sock=slot1_16_4971_44e3_56816>
...
040 (1248375.000.000) 2025-07-17 17:28:40 Started transferring input files
	Seconds spent in queue: 10
...
040 (1248375.000.000) 2025-07-17 17:28:42 Finished transferring input files
...
001 (1248375.000.000) 2025-07-17 17:28:42 Job executing on host: <172.30.1.208:9618?addrs=172.30.1.208-9618&alias=node-w8.localdomain&noUDP&sock=startd_4937_f328>
	SlotName: slot1_16@node-w8.localdomain
	CondorScratchDir = "/var/lib/condor/execute/dir_1015781"
	Cpus = 2
	Disk = 751616
	GPUs = 0
	Memory = 16000
...
006 (1248375.000.000) 2025-07-17 17:28:56 Image size of job updated: 1146956
	1121  -  MemoryUsage of job (MB)
	1146956  -  ResidentSetSize of job (KB)
...
006 (1248375.000.000) 2025-07-17 17:29:05 Image size of job updated: 2199792
	2149  -  MemoryUsage of job (MB)
	2199792  -  ResidentSetSize of job (KB)
...
040 (1248375.000.000) 2025-07-17 17:29:05 Started transferring output files
	Seconds spent in queue: 35
...
040 (1248375.000.000) 2025-07-17 17:29:05 Finished transferring output files
...
021 (1248375.000.000) 2025-07-17 17:29:05 Error from starter on slot1_16@node-w8.localdomain:
	STARTER at 172.30.1.208 failed to send file(s) to <172.30.1.200:9618>: |Error: reading from file /var/lib/condor/execute/dir_1015781/*.png: (errno 2) No such file or directory; SHADOW failed to receive file(s) from <172.30.1.208:32969>
	Code 13 Subcode 2
...
004 (1248375.000.000) 2025-07-17 17:29:05 Job was evicted.
	(0) CPU times
		Usr 0 00:00:16, Sys 0 00:00:02  -  Run Remote Usage
		Usr 0 00:00:00, Sys 0 00:00:00  -  Run Local Usage
	373  -  Run Bytes Sent By Job
	690279808  -  Run Bytes Received By Job
	Transfer output files failure at execution point slot1_16@node-w8.localdomain while sending files to access point tamsa2. Details: reading from file /var/lib/condor/execute/dir_1015781/*.png: (errno 2) No such file or directory
	Partitionable Resources :    Usage  Request Allocated 
	   Cpus                 :                 2         2 
	   Disk (KB)            :  2774346   750000    751616 
	   GPUs                 :                           0 
	   Memory (MB)          :     2149    16000     16000 
	   TimeExecute (s)      :       23                    
	   TimeSlotBusy (s)     :       40                    
...
012 (1248375.000.000) 2025-07-17 17:29:05 Job was held.
	Transfer output files failure at execution point slot1_16@node-w8.localdomain while sending files to access point tamsa2. Details: reading from file /var/lib/condor/execute/dir_1015781/*.png: (errno 2) No such file or directory
	Code 12 Subcode 2
...
009 (1248375.000.000) 2025-07-17 17:30:19 Job was aborted.
	via condor_rm (by user achihwan)

	Job terminated by itself at 2025-07-17T08:29:05Z (using method 0: OF_ITS_OWN_ACCORD).
...
000 (1248435.000.000) 2025-07-17 17:33:25 Job submitted from host: <172.30.1.200:9618?addrs=172.30.1.200-9618&alias=tamsa2&noUDP&sock=schedd_2531_a24a>
...
040 (1248435.000.000) 2025-07-17 17:33:46 Started transferring input files
	Transferring to host: <172.30.1.203:9618?addrs=172.30.1.203-9618&alias=node-w3.localdomain&noUDP&sock=slot1_10_4993_c524_82537>
...
040 (1248435.000.000) 2025-07-17 17:33:49 Finished transferring input files
...
001 (1248435.000.000) 2025-07-17 17:33:49 Job executing on host: <172.30.1.203:9618?addrs=172.30.1.203-9618&alias=node-w3.localdomain&noUDP&sock=startd_4959_0a3d>
	SlotName: slot1_10@node-w3.localdomain
	CondorScratchDir = "/var/lib/condor/execute/dir_2420847"
	Cpus = 2
	Disk = 751616
	GPUs = 0
	Memory = 16000
...
006 (1248435.000.000) 2025-07-17 17:34:03 Image size of job updated: 1143508
	1117  -  MemoryUsage of job (MB)
	1143508  -  ResidentSetSize of job (KB)
...
006 (1248435.000.000) 2025-07-17 17:34:11 Image size of job updated: 2199792
	2149  -  MemoryUsage of job (MB)
	2199792  -  ResidentSetSize of job (KB)
...
040 (1248435.000.000) 2025-07-17 17:34:12 Started transferring output files
...
040 (1248435.000.000) 2025-07-17 17:34:12 Finished transferring output files
...
021 (1248435.000.000) 2025-07-17 17:34:12 Error from starter on slot1_10@node-w3.localdomain:
	STARTER at 172.30.1.203 failed to send file(s) to <172.30.1.200:9618>: |Error: reading from file /var/lib/condor/execute/dir_2420847/*.png: (errno 2) No such file or directory; SHADOW failed to receive file(s) from <172.30.1.203:37223>
	Code 13 Subcode 2
...
004 (1248435.000.000) 2025-07-17 17:34:12 Job was evicted.
	(0) CPU times
		Usr 0 00:00:16, Sys 0 00:00:02  -  Run Remote Usage
		Usr 0 00:00:00, Sys 0 00:00:00  -  Run Local Usage
	373  -  Run Bytes Sent By Job
	690279808  -  Run Bytes Received By Job
	Transfer output files failure at execution point slot1_10@node-w3.localdomain while sending files to access point tamsa2. Details: reading from file /var/lib/condor/execute/dir_2420847/*.png: (errno 2) No such file or directory
	Partitionable Resources :    Usage  Request Allocated 
	   Cpus                 :        0        2         2 
	   Disk (KB)            :  2774352   750000    751616 
	   GPUs                 :                           0 
	   Memory (MB)          :     2149    16000     16000 
	   TimeExecute (s)      :       22                    
	   TimeSlotBusy (s)     :       29                    
...
012 (1248435.000.000) 2025-07-17 17:34:12 Job was held.
	Transfer output files failure at execution point slot1_10@node-w3.localdomain while sending files to access point tamsa2. Details: reading from file /var/lib/condor/execute/dir_2420847/*.png: (errno 2) No such file or directory
	Code 12 Subcode 2
...
009 (1248435.000.000) 2025-07-17 17:34:44 Job was aborted.
	via condor_rm (by user achihwan)

	Job terminated by itself at 2025-07-17T08:34:11Z (using method 0: OF_ITS_OWN_ACCORD).
...
000 (1248494.000.000) 2025-07-17 17:34:51 Job submitted from host: <172.30.1.200:9618?addrs=172.30.1.200-9618&alias=tamsa2&noUDP&sock=schedd_2531_a24a>
...
040 (1248494.000.000) 2025-07-17 17:35:11 Entered queue to transfer input files
	Transferring to host: <172.30.1.107:9618?addrs=172.30.1.107-9618&alias=node-g7.localdomain&noUDP&sock=slot1_30_5631_4c7e_25516>
...
040 (1248494.000.000) 2025-07-17 17:35:14 Started transferring input files
	Seconds spent in queue: 3
...
040 (1248494.000.000) 2025-07-17 17:35:16 Finished transferring input files
...
001 (1248494.000.000) 2025-07-17 17:35:16 Job executing on host: <172.30.1.107:9618?addrs=172.30.1.107-9618&alias=node-g7.localdomain&noUDP&sock=startd_5596_f811>
	SlotName: slot1_30@node-g7.localdomain
	CondorScratchDir = "/var/lib/condor/execute/dir_3008534"
	Cpus = 2
	Disk = 751616
	GPUs = 0
	Memory = 16000
...
006 (1248494.000.000) 2025-07-17 17:35:30 Image size of job updated: 1121232
	1095  -  MemoryUsage of job (MB)
	1121232  -  ResidentSetSize of job (KB)
...
006 (1248494.000.000) 2025-07-17 17:35:39 Image size of job updated: 2199792
	2149  -  MemoryUsage of job (MB)
	2199792  -  ResidentSetSize of job (KB)
...
040 (1248494.000.000) 2025-07-17 17:35:39 Started transferring output files
	Seconds spent in queue: 28
...
040 (1248494.000.000) 2025-07-17 17:35:39 Finished transferring output files
...
021 (1248494.000.000) 2025-07-17 17:35:39 Error from starter on slot1_30@node-g7.localdomain:
	STARTER at 172.30.1.107 failed to send file(s) to <172.30.1.200:9618>: |Error: reading from file /var/lib/condor/execute/dir_3008534/*.png: (errno 2) No such file or directory; SHADOW failed to receive file(s) from <172.30.1.107:38833>
	Code 13 Subcode 2
...
004 (1248494.000.000) 2025-07-17 17:35:39 Job was evicted.
	(0) CPU times
		Usr 0 00:00:17, Sys 0 00:00:03  -  Run Remote Usage
		Usr 0 00:00:00, Sys 0 00:00:00  -  Run Local Usage
	773  -  Run Bytes Sent By Job
	690279872  -  Run Bytes Received By Job
	Transfer output files failure at execution point slot1_30@node-g7.localdomain while sending files to access point tamsa2. Details: reading from file /var/lib/condor/execute/dir_3008534/*.png: (errno 2) No such file or directory
	Partitionable Resources :    Usage  Request Allocated 
	   Cpus                 :                 2         2 
	   Disk (KB)            :  2774346   750000    751616 
	   GPUs                 :                           0 
	   Memory (MB)          :     2149    16000     16000 
	   TimeExecute (s)      :       23                    
	   TimeSlotBusy (s)     :       33                    
...
012 (1248494.000.000) 2025-07-17 17:35:39 Job was held.
	Transfer output files failure at execution point slot1_30@node-g7.localdomain while sending files to access point tamsa2. Details: reading from file /var/lib/condor/execute/dir_3008534/*.png: (errno 2) No such file or directory
	Code 12 Subcode 2
...
009 (1248494.000.000) 2025-07-17 17:36:48 Job was aborted.
	via condor_rm (by user achihwan)

	Job terminated by itself at 2025-07-17T08:35:39Z (using method 0: OF_ITS_OWN_ACCORD).
...
000 (1250155.000.000) 2025-07-17 17:36:57 Job submitted from host: <172.30.1.200:9618?addrs=172.30.1.200-9618&alias=tamsa2&noUDP&sock=schedd_2531_a24a>
...
040 (1250155.000.000) 2025-07-17 17:40:39 Started transferring input files
	Transferring to host: <172.30.1.208:9618?addrs=172.30.1.208-9618&alias=node-w8.localdomain&noUDP&sock=slot1_8_4971_44e3_56900>
...
040 (1250155.000.000) 2025-07-17 17:40:43 Finished transferring input files
...
001 (1250155.000.000) 2025-07-17 17:40:43 Job executing on host: <172.30.1.208:9618?addrs=172.30.1.208-9618&alias=node-w8.localdomain&noUDP&sock=startd_4937_f328>
	SlotName: slot1_8@node-w8.localdomain
	CondorScratchDir = "/var/lib/condor/execute/dir_1020880"
	Cpus = 2
	Disk = 751616
	GPUs = 0
	Memory = 16000
...
006 (1250155.000.000) 2025-07-17 17:40:56 Image size of job updated: 998412
	976  -  MemoryUsage of job (MB)
	998412  -  ResidentSetSize of job (KB)
...
006 (1250155.000.000) 2025-07-17 17:41:05 Image size of job updated: 2199792
	2149  -  MemoryUsage of job (MB)
	2199792  -  ResidentSetSize of job (KB)
...
040 (1250155.000.000) 2025-07-17 17:41:05 Started transferring output files
...
040 (1250155.000.000) 2025-07-17 17:41:06 Finished transferring output files
...
021 (1250155.000.000) 2025-07-17 17:41:06 Error from starter on slot1_8@node-w8.localdomain:
	STARTER at 172.30.1.208 failed to send file(s) to <172.30.1.200:9618>: |Error: reading from file /var/lib/condor/execute/dir_1020880/*.png: (errno 2) No such file or directory; SHADOW failed to receive file(s) from <172.30.1.208:39069>
	Code 13 Subcode 2
...
004 (1250155.000.000) 2025-07-17 17:41:06 Job was evicted.
	(0) CPU times
		Usr 0 00:00:17, Sys 0 00:00:02  -  Run Remote Usage
		Usr 0 00:00:00, Sys 0 00:00:00  -  Run Local Usage
	684  -  Run Bytes Sent By Job
	690279872  -  Run Bytes Received By Job
	Transfer output files failure at execution point slot1_8@node-w8.localdomain while sending files to access point tamsa2. Details: reading from file /var/lib/condor/execute/dir_1020880/*.png: (errno 2) No such file or directory
	Partitionable Resources :    Usage  Request Allocated 
	   Cpus                 :        0        2         2 
	   Disk (KB)            :  2774352   750000    751616 
	   GPUs                 :                           0 
	   Memory (MB)          :     2149    16000     16000 
	   TimeExecute (s)      :       22                    
	   TimeSlotBusy (s)     :       28                    
...
012 (1250155.000.000) 2025-07-17 17:41:06 Job was held.
	Transfer output files failure at execution point slot1_8@node-w8.localdomain while sending files to access point tamsa2. Details: reading from file /var/lib/condor/execute/dir_1020880/*.png: (errno 2) No such file or directory
	Code 12 Subcode 2
...
000 (1251240.000.000) 2025-07-17 17:42:41 Job submitted from host: <172.30.1.200:9618?addrs=172.30.1.200-9618&alias=tamsa2&noUDP&sock=schedd_2531_a24a>
...
009 (1250155.000.000) 2025-07-17 17:42:45 Job was aborted.
	via condor_rm (by user achihwan)

	Job terminated by itself at 2025-07-17T08:41:05Z (using method 0: OF_ITS_OWN_ACCORD).
...
040 (1251240.000.000) 2025-07-17 17:42:59 Started transferring input files
	Transferring to host: <172.30.1.103:9618?addrs=172.30.1.103-9618&alias=node-g3.localdomain&noUDP&sock=slot1_6_5357_3db3_14775>
...
040 (1251240.000.000) 2025-07-17 17:43:04 Finished transferring input files
...
001 (1251240.000.000) 2025-07-17 17:43:04 Job executing on host: <172.30.1.103:9618?addrs=172.30.1.103-9618&alias=node-g3.localdomain&noUDP&sock=startd_5323_b6b6>
	SlotName: slot1_6@node-g3.localdomain
	CondorScratchDir = "/var/lib/condor/execute/dir_3279049"
	Cpus = 2
	Disk = 751616
	GPUs = 0
	Memory = 16000
...
006 (1251240.000.000) 2025-07-17 17:43:17 Image size of job updated: 1063748
	1039  -  MemoryUsage of job (MB)
	1063748  -  ResidentSetSize of job (KB)
...
006 (1251240.000.000) 2025-07-17 17:43:25 Image size of job updated: 2199796
	2149  -  MemoryUsage of job (MB)
	2199796  -  ResidentSetSize of job (KB)
...
040 (1251240.000.000) 2025-07-17 17:43:26 Started transferring output files
...
040 (1251240.000.000) 2025-07-17 17:43:26 Finished transferring output files
...
021 (1251240.000.000) 2025-07-17 17:43:26 Error from starter on slot1_6@node-g3.localdomain:
	STARTER at 172.30.1.103 failed to send file(s) to <172.30.1.200:9618>: |Error: reading from file /var/lib/condor/execute/dir_3279049/*.png: (errno 2) No such file or directory; SHADOW failed to receive file(s) from <172.30.1.103:37659>
	Code 13 Subcode 2
...
004 (1251240.000.000) 2025-07-17 17:43:26 Job was evicted.
	(0) CPU times
		Usr 0 00:00:15, Sys 0 00:00:04  -  Run Remote Usage
		Usr 0 00:00:00, Sys 0 00:00:00  -  Run Local Usage
	4412  -  Run Bytes Sent By Job
	690279808  -  Run Bytes Received By Job
	Transfer output files failure at execution point slot1_6@node-g3.localdomain while sending files to access point tamsa2. Details: reading from file /var/lib/condor/execute/dir_3279049/*.png: (errno 2) No such file or directory
	Partitionable Resources :    Usage  Request Allocated 
	   Cpus                 :                 2         2 
	   Disk (KB)            :  2774350   750000    751616 
	   GPUs                 :                           0 
	   Memory (MB)          :     2149    16000     16000 
	   TimeExecute (s)      :       21                    
	   TimeSlotBusy (s)     :       27                    
...
012 (1251240.000.000) 2025-07-17 17:43:26 Job was held.
	Transfer output files failure at execution point slot1_6@node-g3.localdomain while sending files to access point tamsa2. Details: reading from file /var/lib/condor/execute/dir_3279049/*.png: (errno 2) No such file or directory
	Code 12 Subcode 2
...
009 (1251240.000.000) 2025-07-17 17:44:17 Job was aborted.
	via condor_rm (by user achihwan)

	Job terminated by itself at 2025-07-17T08:43:25Z (using method 0: OF_ITS_OWN_ACCORD).
...
000 (1253163.000.000) 2025-07-17 17:44:37 Job submitted from host: <172.30.1.200:9618?addrs=172.30.1.200-9618&alias=tamsa2&noUDP&sock=schedd_2531_a24a>
...
040 (1253163.000.000) 2025-07-17 17:44:56 Entered queue to transfer input files
	Transferring to host: <172.30.1.203:9618?addrs=172.30.1.203-9618&alias=node-w3.localdomain&noUDP&sock=slot1_16_4993_c524_82637>
...
040 (1253163.000.000) 2025-07-17 17:44:57 Started transferring input files
	Seconds spent in queue: 1
...
040 (1253163.000.000) 2025-07-17 17:45:00 Finished transferring input files
...
001 (1253163.000.000) 2025-07-17 17:45:00 Job executing on host: <172.30.1.203:9618?addrs=172.30.1.203-9618&alias=node-w3.localdomain&noUDP&sock=startd_4959_0a3d>
	SlotName: slot1_16@node-w3.localdomain
	CondorScratchDir = "/var/lib/condor/execute/dir_2428553"
	Cpus = 2
	Disk = 751616
	GPUs = 0
	Memory = 16000
...
006 (1253163.000.000) 2025-07-17 17:45:14 Image size of job updated: 1138992
	1113  -  MemoryUsage of job (MB)
	1138992  -  ResidentSetSize of job (KB)
...
006 (1253163.000.000) 2025-07-17 17:45:22 Image size of job updated: 2199788
	2149  -  MemoryUsage of job (MB)
	2199788  -  ResidentSetSize of job (KB)
...
040 (1253163.000.000) 2025-07-17 17:45:23 Started transferring output files
	Seconds spent in queue: 27
...
040 (1253163.000.000) 2025-07-17 17:45:23 Finished transferring output files
...
021 (1253163.000.000) 2025-07-17 17:45:23 Error from starter on slot1_16@node-w3.localdomain:
	STARTER at 172.30.1.203 failed to send file(s) to <172.30.1.200:9618>: |Error: reading from file /var/lib/condor/execute/dir_2428553/*.png: (errno 2) No such file or directory; SHADOW failed to receive file(s) from <172.30.1.203:40101>
	Code 13 Subcode 2
...
004 (1253163.000.000) 2025-07-17 17:45:23 Job was evicted.
	(0) CPU times
		Usr 0 00:00:17, Sys 0 00:00:02  -  Run Remote Usage
		Usr 0 00:00:00, Sys 0 00:00:00  -  Run Local Usage
	458  -  Run Bytes Sent By Job
	690279808  -  Run Bytes Received By Job
	Transfer output files failure at execution point slot1_16@node-w3.localdomain while sending files to access point tamsa2. Details: reading from file /var/lib/condor/execute/dir_2428553/*.png: (errno 2) No such file or directory
	Partitionable Resources :    Usage  Request Allocated 
	   Cpus                 :        0        2         2 
	   Disk (KB)            :  2774352   750000    751616 
	   GPUs                 :                           0 
	   Memory (MB)          :     2149    16000     16000 
	   TimeExecute (s)      :       22                    
	   TimeSlotBusy (s)     :       32                    
...
012 (1253163.000.000) 2025-07-17 17:45:23 Job was held.
	Transfer output files failure at execution point slot1_16@node-w3.localdomain while sending files to access point tamsa2. Details: reading from file /var/lib/condor/execute/dir_2428553/*.png: (errno 2) No such file or directory
	Code 12 Subcode 2
...
009 (1253163.000.000) 2025-07-17 17:54:41 Job was aborted.
	via condor_rm (by user achihwan)

	Job terminated by itself at 2025-07-17T08:45:22Z (using method 0: OF_ITS_OWN_ACCORD).
...
000 (1253230.000.000) 2025-07-17 17:58:19 Job submitted from host: <172.30.1.200:9618?addrs=172.30.1.200-9618&alias=tamsa2&noUDP&sock=schedd_2531_a24a>
...
040 (1253230.000.000) 2025-07-17 17:58:34 Entered queue to transfer input files
	Transferring to host: <172.30.1.217:9618?addrs=172.30.1.217-9618&alias=node-w17.localdomain&noUDP&sock=slot1_15_6391_c99d_117177>
...
040 (1253230.000.000) 2025-07-17 17:58:34 Started transferring input files
	Seconds spent in queue: 0
...
040 (1253230.000.000) 2025-07-17 17:58:37 Finished transferring input files
...
001 (1253230.000.000) 2025-07-17 17:58:37 Job executing on host: <172.30.1.217:9618?addrs=172.30.1.217-9618&alias=node-w17.localdomain&noUDP&sock=startd_6357_f3a4>
	SlotName: slot1_15@node-w17.localdomain
	CondorScratchDir = "/var/lib/condor/execute/dir_3979864"
	Cpus = 2
	Disk = 751616
	GPUs = 0
	Memory = 16000
...
006 (1253230.000.000) 2025-07-17 17:58:51 Image size of job updated: 1110884
	1085  -  MemoryUsage of job (MB)
	1110884  -  ResidentSetSize of job (KB)
...
006 (1253230.000.000) 2025-07-17 17:59:01 Image size of job updated: 2199792
	2149  -  MemoryUsage of job (MB)
	2199792  -  ResidentSetSize of job (KB)
...
040 (1253230.000.000) 2025-07-17 17:59:02 Started transferring output files
	Seconds spent in queue: 28
...
040 (1253230.000.000) 2025-07-17 17:59:02 Finished transferring output files
...
021 (1253230.000.000) 2025-07-17 17:59:02 Error from starter on slot1_15@node-w17.localdomain:
	STARTER at 172.30.1.217 failed to send file(s) to <172.30.1.200:9618>: |Error: reading from file /var/lib/condor/execute/dir_3979864/*.png: (errno 2) No such file or directory; SHADOW failed to receive file(s) from <172.30.1.217:36283>
	Code 13 Subcode 2
...
004 (1253230.000.000) 2025-07-17 17:59:02 Job was evicted.
	(0) CPU times
		Usr 0 00:00:18, Sys 0 00:00:04  -  Run Remote Usage
		Usr 0 00:00:00, Sys 0 00:00:00  -  Run Local Usage
	445  -  Run Bytes Sent By Job
	690279872  -  Run Bytes Received By Job
	Transfer output files failure at execution point slot1_15@node-w17.localdomain while sending files to access point tamsa2. Details: reading from file /var/lib/condor/execute/dir_3979864/*.png: (errno 2) No such file or directory
	Partitionable Resources :    Usage  Request Allocated 
	   Cpus                 :                 2         2 
	   Disk (KB)            :  2774346   750000    751616 
	   GPUs                 :                           0 
	   Memory (MB)          :     2149    16000     16000 
	   TimeExecute (s)      :       24                    
	   TimeSlotBusy (s)     :       33                    
...
012 (1253230.000.000) 2025-07-17 17:59:02 Job was held.
	Transfer output files failure at execution point slot1_15@node-w17.localdomain while sending files to access point tamsa2. Details: reading from file /var/lib/condor/execute/dir_3979864/*.png: (errno 2) No such file or directory
	Code 12 Subcode 2
...
009 (1253230.000.000) 2025-07-17 18:04:59 Job was aborted.
	via condor_rm (by user achihwan)

	Job terminated by itself at 2025-07-17T08:59:01Z (using method 0: OF_ITS_OWN_ACCORD).
...
000 (1253293.000.000) 2025-07-17 18:05:04 Job submitted from host: <172.30.1.200:9618?addrs=172.30.1.200-9618&alias=tamsa2&noUDP&sock=schedd_2531_a24a>
...
040 (1253293.000.000) 2025-07-17 18:05:30 Entered queue to transfer input files
	Transferring to host: <172.30.1.217:9618?addrs=172.30.1.217-9618&alias=node-w17.localdomain&noUDP&sock=slot1_23_6391_c99d_117227>
...
040 (1253293.000.000) 2025-07-17 18:05:31 Started transferring input files
	Seconds spent in queue: 1
...
040 (1253293.000.000) 2025-07-17 18:05:33 Finished transferring input files
...
001 (1253293.000.000) 2025-07-17 18:05:33 Job executing on host: <172.30.1.217:9618?addrs=172.30.1.217-9618&alias=node-w17.localdomain&noUDP&sock=startd_6357_f3a4>
	SlotName: slot1_23@node-w17.localdomain
	CondorScratchDir = "/var/lib/condor/execute/dir_3985099"
	Cpus = 2
	Disk = 751616
	GPUs = 0
	Memory = 16000
...
006 (1253293.000.000) 2025-07-17 18:05:47 Image size of job updated: 1303740
	1274  -  MemoryUsage of job (MB)
	1303740  -  ResidentSetSize of job (KB)
...
006 (1253293.000.000) 2025-07-17 18:05:56 Image size of job updated: 2199792
	2149  -  MemoryUsage of job (MB)
	2199792  -  ResidentSetSize of job (KB)
...
040 (1253293.000.000) 2025-07-17 18:05:56 Started transferring output files
	Seconds spent in queue: 26
...
040 (1253293.000.000) 2025-07-17 18:05:56 Finished transferring output files
...
021 (1253293.000.000) 2025-07-17 18:05:56 Error from starter on slot1_23@node-w17.localdomain:
	STARTER at 172.30.1.217 failed to send file(s) to <172.30.1.200:9618>: |Error: reading from file /var/lib/condor/execute/dir_3985099/*.png: (errno 2) No such file or directory; SHADOW failed to receive file(s) from <172.30.1.217:34407>
	Code 13 Subcode 2
...
004 (1253293.000.000) 2025-07-17 18:05:56 Job was evicted.
	(0) CPU times
		Usr 0 00:00:17, Sys 0 00:00:04  -  Run Remote Usage
		Usr 0 00:00:00, Sys 0 00:00:00  -  Run Local Usage
	4505  -  Run Bytes Sent By Job
	690279744  -  Run Bytes Received By Job
	Transfer output files failure at execution point slot1_23@node-w17.localdomain while sending files to access point tamsa2. Details: reading from file /var/lib/condor/execute/dir_3985099/*.png: (errno 2) No such file or directory
	Partitionable Resources :    Usage  Request Allocated 
	   Cpus                 :                 2         2 
	   Disk (KB)            :  2774350   750000    751616 
	   GPUs                 :                           0 
	   Memory (MB)          :     2149    16000     16000 
	   TimeExecute (s)      :       23                    
	   TimeSlotBusy (s)     :       33                    
...
012 (1253293.000.000) 2025-07-17 18:05:56 Job was held.
	Transfer output files failure at execution point slot1_23@node-w17.localdomain while sending files to access point tamsa2. Details: reading from file /var/lib/condor/execute/dir_3985099/*.png: (errno 2) No such file or directory
	Code 12 Subcode 2
...
009 (1253293.000.000) 2025-07-17 18:13:43 Job was aborted.
	via condor_rm (by user achihwan)

	Job terminated by itself at 2025-07-17T09:05:56Z (using method 0: OF_ITS_OWN_ACCORD).
...
000 (1253357.000.000) 2025-07-17 18:13:50 Job submitted from host: <172.30.1.200:9618?addrs=172.30.1.200-9618&alias=tamsa2&noUDP&sock=schedd_2531_a24a>
...
040 (1253357.000.000) 2025-07-17 18:15:54 Started transferring input files
	Transferring to host: <172.30.1.211:9618?addrs=172.30.1.211-9618&alias=node-w11.localdomain&noUDP&sock=slot1_1_4969_dc23_57936>
...
040 (1253357.000.000) 2025-07-17 18:15:56 Finished transferring input files
...
001 (1253357.000.000) 2025-07-17 18:15:56 Job executing on host: <172.30.1.211:9618?addrs=172.30.1.211-9618&alias=node-w11.localdomain&noUDP&sock=startd_4935_93f7>
	SlotName: slot1_1@node-w11.localdomain
	CondorScratchDir = "/var/lib/condor/execute/dir_408865"
	Cpus = 2
	Disk = 751616
	GPUs = 0
	Memory = 16000
...
006 (1253357.000.000) 2025-07-17 18:16:10 Image size of job updated: 1124456
	1099  -  MemoryUsage of job (MB)
	1124456  -  ResidentSetSize of job (KB)
...
006 (1253357.000.000) 2025-07-17 18:16:22 Image size of job updated: 2289548
	2149  -  MemoryUsage of job (MB)
	2199792  -  ResidentSetSize of job (KB)
...
040 (1253357.000.000) 2025-07-17 18:16:22 Started transferring output files
...
040 (1253357.000.000) 2025-07-17 18:16:22 Finished transferring output files
...
021 (1253357.000.000) 2025-07-17 18:16:22 Error from starter on slot1_1@node-w11.localdomain:
	STARTER at 172.30.1.211 failed to send file(s) to <172.30.1.200:9618>: |Error: reading from file /var/lib/condor/execute/dir_408865/*.png: (errno 2) No such file or directory; SHADOW failed to receive file(s) from <172.30.1.211:44139>
	Code 13 Subcode 2
...
004 (1253357.000.000) 2025-07-17 18:16:22 Job was evicted.
	(0) CPU times
		Usr 0 00:00:20, Sys 0 00:00:03  -  Run Remote Usage
		Usr 0 00:00:00, Sys 0 00:00:00  -  Run Local Usage
	4798  -  Run Bytes Sent By Job
	690279744  -  Run Bytes Received By Job
	Transfer output files failure at execution point slot1_1@node-w11.localdomain while sending files to access point tamsa2. Details: reading from file /var/lib/condor/execute/dir_408865/*.png: (errno 2) No such file or directory
	Partitionable Resources :    Usage  Request Allocated 
	   Cpus                 :                 2         2 
	   Disk (KB)            :  2774350   750000    751616 
	   GPUs                 :                           0 
	   Memory (MB)          :     2149    16000     16000 
	   TimeExecute (s)      :       26                    
	   TimeSlotBusy (s)     :       32                    
...
012 (1253357.000.000) 2025-07-17 18:16:22 Job was held.
	Transfer output files failure at execution point slot1_1@node-w11.localdomain while sending files to access point tamsa2. Details: reading from file /var/lib/condor/execute/dir_408865/*.png: (errno 2) No such file or directory
	Code 12 Subcode 2
...
009 (1253357.000.000) 2025-07-17 18:23:21 Job was aborted.
	via condor_rm (by user achihwan)

	Job terminated by itself at 2025-07-17T09:16:22Z (using method 0: OF_ITS_OWN_ACCORD).
...
000 (1253437.000.000) 2025-07-17 18:23:27 Job submitted from host: <172.30.1.200:9618?addrs=172.30.1.200-9618&alias=tamsa2&noUDP&sock=schedd_2531_a24a>
...
040 (1253437.000.000) 2025-07-17 18:23:45 Started transferring input files
	Transferring to host: <172.30.1.208:9618?addrs=172.30.1.208-9618&alias=node-w8.localdomain&noUDP&sock=slot1_4_4971_44e3_56931>
...
040 (1253437.000.000) 2025-07-17 18:23:48 Finished transferring input files
...
001 (1253437.000.000) 2025-07-17 18:23:48 Job executing on host: <172.30.1.208:9618?addrs=172.30.1.208-9618&alias=node-w8.localdomain&noUDP&sock=startd_4937_f328>
	SlotName: slot1_4@node-w8.localdomain
	CondorScratchDir = "/var/lib/condor/execute/dir_1027091"
	Cpus = 2
	Disk = 751616
	GPUs = 0
	Memory = 16000
...
006 (1253437.000.000) 2025-07-17 18:24:02 Image size of job updated: 1143504
	1117  -  MemoryUsage of job (MB)
	1143504  -  ResidentSetSize of job (KB)
...
006 (1253437.000.000) 2025-07-17 18:24:13 Image size of job updated: 2199792
	2149  -  MemoryUsage of job (MB)
	2199792  -  ResidentSetSize of job (KB)
...
040 (1253437.000.000) 2025-07-17 18:24:13 Started transferring output files
...
040 (1253437.000.000) 2025-07-17 18:24:13 Finished transferring output files
...
005 (1253437.000.000) 2025-07-17 18:24:13 Job terminated.
	(1) Normal termination (return value 0)
		Usr 0 00:00:19, Sys 0 00:00:03  -  Run Remote Usage
		Usr 0 00:00:00, Sys 0 00:00:00  -  Run Local Usage
		Usr 0 00:00:19, Sys 0 00:00:03  -  Total Remote Usage
		Usr 0 00:00:00, Sys 0 00:00:00  -  Total Local Usage
	4556  -  Run Bytes Sent By Job
	690279808  -  Run Bytes Received By Job
	4556  -  Total Bytes Sent By Job
	690279808  -  Total Bytes Received By Job
	Partitionable Resources :    Usage  Request Allocated 
	   Cpus                 :        0        2         2 
	   Disk (KB)            :  2774356   750000    751616 
	   GPUs                 :                           0 
	   Memory (MB)          :     2149    16000     16000 
	   TimeExecute (s)      :       25                    
	   TimeSlotBusy (s)     :       28                    

	Job terminated of its own accord at 2025-07-17T09:24:13Z with exit-code 0.
...
000 (1253497.000.000) 2025-07-17 18:29:04 Job submitted from host: <172.30.1.200:9618?addrs=172.30.1.200-9618&alias=tamsa2&noUDP&sock=schedd_2531_a24a>
...
040 (1253497.000.000) 2025-07-17 18:29:22 Started transferring input files
	Transferring to host: <172.30.1.208:9618?addrs=172.30.1.208-9618&alias=node-w8.localdomain&noUDP&sock=slot1_1_4971_44e3_56944>
...
040 (1253497.000.000) 2025-07-17 18:29:26 Finished transferring input files
...
001 (1253497.000.000) 2025-07-17 18:29:26 Job executing on host: <172.30.1.208:9618?addrs=172.30.1.208-9618&alias=node-w8.localdomain&noUDP&sock=startd_4937_f328>
	SlotName: slot1_1@node-w8.localdomain
	CondorScratchDir = "/var/lib/condor/execute/dir_1028178"
	Cpus = 2
	Disk = 751616
	GPUs = 0
	Memory = 16000
...
006 (1253497.000.000) 2025-07-17 18:29:40 Image size of job updated: 1142764
	1116  -  MemoryUsage of job (MB)
	1142764  -  ResidentSetSize of job (KB)
...
006 (1253497.000.000) 2025-07-17 18:29:51 Image size of job updated: 2199792
	2149  -  MemoryUsage of job (MB)
	2199792  -  ResidentSetSize of job (KB)
...
040 (1253497.000.000) 2025-07-17 18:29:51 Started transferring output files
...
040 (1253497.000.000) 2025-07-17 18:29:51 Finished transferring output files
...
005 (1253497.000.000) 2025-07-17 18:29:51 Job terminated.
	(1) Normal termination (return value 0)
		Usr 0 00:00:19, Sys 0 00:00:02  -  Run Remote Usage
		Usr 0 00:00:00, Sys 0 00:00:00  -  Run Local Usage
		Usr 0 00:00:19, Sys 0 00:00:02  -  Total Remote Usage
		Usr 0 00:00:00, Sys 0 00:00:00  -  Total Local Usage
	4556  -  Run Bytes Sent By Job
	690280384  -  Run Bytes Received By Job
	4556  -  Total Bytes Sent By Job
	690280384  -  Total Bytes Received By Job
	Partitionable Resources :    Usage  Request Allocated 
	   Cpus                 :        0        2         2 
	   Disk (KB)            :  2774357   750000    751616 
	   GPUs                 :                           0 
	   Memory (MB)          :     2149    16000     16000 
	   TimeExecute (s)      :       25                    
	   TimeSlotBusy (s)     :       29                    

	Job terminated of its own accord at 2025-07-17T09:29:51Z with exit-code 0.
...
