000 (1246666.000.000) 2025-07-17 16:10:38 Job submitted from host: <172.30.1.200:9618?addrs=172.30.1.200-9618&alias=tamsa2&noUDP&sock=schedd_2531_a24a>
...
040 (1246666.000.000) 2025-07-17 16:10:41 Started transferring input files
	Transferring to host: <172.30.1.209:9618?addrs=172.30.1.209-9618&alias=node-w9.localdomain&noUDP&sock=slot1_14_5028_6e46_35117>
...
001 (1246666.000.000) 2025-07-17 16:10:41 Job executing on host: <172.30.1.209:9618?addrs=172.30.1.209-9618&alias=node-w9.localdomain&noUDP&sock=startd_4994_0c0e>
	SlotName: slot1_14@node-w9.localdomain
	CondorScratchDir = "/var/lib/condor/execute/dir_4045516"
	Cpus = 2
	Disk = 2048
	GPUs = 0
	Memory = 16000
...
040 (1246666.000.000) 2025-07-17 16:10:41 Finished transferring input files
...
021 (1246666.000.000) 2025-07-17 16:10:46 Error from starter on slot1_14@node-w9.localdomain:
	Failed to execute '/var/lib/condor/execute/dir_4045516/run_TTJJ_powheg.py': (errno=8: 'Exec format error')
	Code 6 Subcode 8
...
004 (1246666.000.000) 2025-07-17 16:10:46 Job was evicted.
	(0) CPU times
		Usr 0 00:00:00, Sys 0 00:00:00  -  Run Remote Usage
		Usr 0 00:00:00, Sys 0 00:00:00  -  Run Local Usage
	0  -  Run Bytes Sent By Job
	80417  -  Run Bytes Received By Job
	Error from slot1_14@node-w9.localdomain: Failed to execute '/var/lib/condor/execute/dir_4045516/run_TTJJ_powheg.py': (errno=8: 'Exec format error')
	Partitionable Resources :    Usage  Request Allocated 
	   Cpus                 :                 2         2 
	   Disk (KB)            :      100      100      2048 
	   GPUs                 :                           0 
	   Memory (MB)          :             16000     16000 
	   TimeSlotBusy (s)     :        5                    
...
012 (1246666.000.000) 2025-07-17 16:10:46 Job was held.
	Error from slot1_14@node-w9.localdomain: Failed to execute '/var/lib/condor/execute/dir_4045516/run_TTJJ_powheg.py': (errno=8: 'Exec format error')
	Code 6 Subcode 8
...
009 (1246666.000.000) 2025-07-17 16:11:55 Job was aborted.
	via condor_rm (by user achihwan)
...
000 (1246722.000.000) 2025-07-17 16:14:10 Job submitted from host: <172.30.1.200:9618?addrs=172.30.1.200-9618&alias=tamsa2&noUDP&sock=schedd_2531_a24a>
...
040 (1246722.000.000) 2025-07-17 16:14:23 Started transferring input files
	Transferring to host: <172.30.1.207:9618?addrs=172.30.1.207-9618&alias=node-w7.localdomain&noUDP&sock=slot1_7_4978_3384_38205>
...
001 (1246722.000.000) 2025-07-17 16:14:23 Job executing on host: <172.30.1.207:9618?addrs=172.30.1.207-9618&alias=node-w7.localdomain&noUDP&sock=startd_4944_c052>
	SlotName: slot1_7@node-w7.localdomain
	CondorScratchDir = "/var/lib/condor/execute/dir_2116975"
	Cpus = 2
	Disk = 2048
	GPUs = 0
	Memory = 16000
...
040 (1246722.000.000) 2025-07-17 16:14:23 Finished transferring input files
...
021 (1246722.000.000) 2025-07-17 16:14:23 Error from starter on slot1_7@node-w7.localdomain:
	Failed to execute '/var/lib/condor/execute/dir_2116975/run_TTJJ_powheg.py' with arguments python *.py: (errno=8: 'Exec format error')
	Code 6 Subcode 8
...
004 (1246722.000.000) 2025-07-17 16:14:23 Job was evicted.
	(0) CPU times
		Usr 0 00:00:00, Sys 0 00:00:00  -  Run Remote Usage
		Usr 0 00:00:00, Sys 0 00:00:00  -  Run Local Usage
	0  -  Run Bytes Sent By Job
	80417  -  Run Bytes Received By Job
	Error from slot1_7@node-w7.localdomain: Failed to execute '/var/lib/condor/execute/dir_2116975/run_TTJJ_powheg.py' with arguments python *.py: (errno=8: 'Exec format error')
	Partitionable Resources :    Usage  Request Allocated 
	   Cpus                 :                 2         2 
	   Disk (KB)            :      100      100      2048 
	   GPUs                 :                           0 
	   Memory (MB)          :             16000     16000 
	   TimeSlotBusy (s)     :        0                    
...
012 (1246722.000.000) 2025-07-17 16:14:23 Job was held.
	Error from slot1_7@node-w7.localdomain: Failed to execute '/var/lib/condor/execute/dir_2116975/run_TTJJ_powheg.py' with arguments python *.py: (errno=8: 'Exec format error')
	Code 6 Subcode 8
...
009 (1246722.000.000) 2025-07-17 16:16:03 Job was aborted.
	via condor_rm (by user achihwan)
...
000 (1247422.000.000) 2025-07-17 16:30:18 Job submitted from host: <172.30.1.200:9618?addrs=172.30.1.200-9618&alias=tamsa2&noUDP&sock=schedd_2531_a24a>
...
040 (1247422.000.000) 2025-07-17 16:30:36 Started transferring input files
	Transferring to host: <172.30.1.107:9618?addrs=172.30.1.107-9618&alias=node-g7.localdomain&noUDP&sock=slot1_19_5631_4c7e_25454>
...
040 (1247422.000.000) 2025-07-17 16:30:36 Finished transferring input files
...
001 (1247422.000.000) 2025-07-17 16:30:36 Job executing on host: <172.30.1.107:9618?addrs=172.30.1.107-9618&alias=node-g7.localdomain&noUDP&sock=startd_5596_f811>
	SlotName: slot1_19@node-g7.localdomain
	CondorScratchDir = "/var/lib/condor/execute/dir_3000074"
	Cpus = 2
	Disk = 2048
	GPUs = 0
	Memory = 16000
...
006 (1247422.000.000) 2025-07-17 16:30:41 Image size of job updated: 84
	1  -  MemoryUsage of job (MB)
	4  -  ResidentSetSize of job (KB)
...
040 (1247422.000.000) 2025-07-17 16:30:42 Started transferring output files
...
040 (1247422.000.000) 2025-07-17 16:30:42 Finished transferring output files
...
021 (1247422.000.000) 2025-07-17 16:30:42 Error from starter on slot1_19@node-g7.localdomain:
	STARTER at 172.30.1.107 failed to send file(s) to <172.30.1.200:9618>: |Error: reading from file /var/lib/condor/execute/dir_3000074/*.png: (errno 2) No such file or directory; SHADOW failed to receive file(s) from <172.30.1.107:37747>
	Code 13 Subcode 2
...
004 (1247422.000.000) 2025-07-17 16:30:42 Job was evicted.
	(0) CPU times
		Usr 0 00:00:00, Sys 0 00:00:00  -  Run Remote Usage
		Usr 0 00:00:00, Sys 0 00:00:00  -  Run Local Usage
	139  -  Run Bytes Sent By Job
	80466  -  Run Bytes Received By Job
	Transfer output files failure at execution point slot1_19@node-g7.localdomain while sending files to access point tamsa2. Details: reading from file /var/lib/condor/execute/dir_3000074/*.png: (errno 2) No such file or directory
	Partitionable Resources :    Usage  Request Allocated 
	   Cpus                 :        0        2         2 
	   Disk (KB)            :      101      100      2048 
	   GPUs                 :                           0 
	   Memory (MB)          :        1    16000     16000 
	   TimeExecute (s)      :        5                    
	   TimeSlotBusy (s)     :        6                    
...
012 (1247422.000.000) 2025-07-17 16:30:42 Job was held.
	Transfer output files failure at execution point slot1_19@node-g7.localdomain while sending files to access point tamsa2. Details: reading from file /var/lib/condor/execute/dir_3000074/*.png: (errno 2) No such file or directory
	Code 12 Subcode 2
...
009 (1247422.000.000) 2025-07-17 16:32:04 Job was aborted.
	via condor_rm (by user achihwan)

	Job terminated by itself at 2025-07-17T07:30:41Z (using method 0: OF_ITS_OWN_ACCORD).
...
000 (1247482.000.000) 2025-07-17 16:32:11 Job submitted from host: <172.30.1.200:9618?addrs=172.30.1.200-9618&alias=tamsa2&noUDP&sock=schedd_2531_a24a>
...
040 (1247482.000.000) 2025-07-17 16:32:30 Started transferring input files
	Transferring to host: <172.30.1.108:9618?addrs=172.30.1.108-9618&alias=node-g8.localdomain&noUDP&sock=slot1_13_6196_6475_19944>
...
001 (1247482.000.000) 2025-07-17 16:32:30 Job executing on host: <172.30.1.108:9618?addrs=172.30.1.108-9618&alias=node-g8.localdomain&noUDP&sock=startd_6162_32ac>
	SlotName: slot1_13@node-g8.localdomain
	CondorScratchDir = "/var/lib/condor/execute/dir_613866"
	Cpus = 2
	Disk = 2048
	GPUs = 0
	Memory = 16000
...
040 (1247482.000.000) 2025-07-17 16:32:30 Finished transferring input files
...
006 (1247482.000.000) 2025-07-17 16:32:35 Image size of job updated: 108
	1  -  MemoryUsage of job (MB)
	4  -  ResidentSetSize of job (KB)
...
040 (1247482.000.000) 2025-07-17 16:32:35 Started transferring output files
...
040 (1247482.000.000) 2025-07-17 16:32:35 Finished transferring output files
...
021 (1247482.000.000) 2025-07-17 16:32:35 Error from starter on slot1_13@node-g8.localdomain:
	STARTER at 172.30.1.108 failed to send file(s) to <172.30.1.200:9618>: |Error: reading from file /var/lib/condor/execute/dir_613866/*.png: (errno 2) No such file or directory; SHADOW failed to receive file(s) from <172.30.1.108:42967>
	Code 13 Subcode 2
...
004 (1247482.000.000) 2025-07-17 16:32:35 Job was evicted.
	(0) CPU times
		Usr 0 00:00:00, Sys 0 00:00:00  -  Run Remote Usage
		Usr 0 00:00:00, Sys 0 00:00:00  -  Run Local Usage
	113  -  Run Bytes Sent By Job
	80455  -  Run Bytes Received By Job
	Transfer output files failure at execution point slot1_13@node-g8.localdomain while sending files to access point tamsa2. Details: reading from file /var/lib/condor/execute/dir_613866/*.png: (errno 2) No such file or directory
	Partitionable Resources :    Usage  Request Allocated 
	   Cpus                 :        0        2         2 
	   Disk (KB)            :      101      100      2048 
	   GPUs                 :                           0 
	   Memory (MB)          :        1    16000     16000 
	   TimeExecute (s)      :        5                    
	   TimeSlotBusy (s)     :        5                    
...
012 (1247482.000.000) 2025-07-17 16:32:35 Job was held.
	Transfer output files failure at execution point slot1_13@node-g8.localdomain while sending files to access point tamsa2. Details: reading from file /var/lib/condor/execute/dir_613866/*.png: (errno 2) No such file or directory
	Code 12 Subcode 2
...
009 (1247482.000.000) 2025-07-17 16:36:30 Job was aborted.
	via condor_rm (by user achihwan)

	Job terminated by itself at 2025-07-17T07:32:35Z (using method 0: OF_ITS_OWN_ACCORD).
...
000 (1247542.000.000) 2025-07-17 16:36:38 Job submitted from host: <172.30.1.200:9618?addrs=172.30.1.200-9618&alias=tamsa2&noUDP&sock=schedd_2531_a24a>
...
040 (1247542.000.000) 2025-07-17 16:37:56 Started transferring input files
	Transferring to host: <172.30.1.205:9618?addrs=172.30.1.205-9618&alias=node-w5.localdomain&noUDP&sock=slot1_6_5098_c088_47543>
...
001 (1247542.000.000) 2025-07-17 16:37:56 Job executing on host: <172.30.1.205:9618?addrs=172.30.1.205-9618&alias=node-w5.localdomain&noUDP&sock=startd_5064_0faf>
	SlotName: slot1_6@node-w5.localdomain
	CondorScratchDir = "/var/lib/condor/execute/dir_2794690"
	Cpus = 2
	Disk = 2048
	GPUs = 0
	Memory = 16000
...
040 (1247542.000.000) 2025-07-17 16:37:56 Finished transferring input files
...
006 (1247542.000.000) 2025-07-17 16:38:01 Image size of job updated: 128
	1  -  MemoryUsage of job (MB)
	8  -  ResidentSetSize of job (KB)
...
040 (1247542.000.000) 2025-07-17 16:38:01 Started transferring output files
...
040 (1247542.000.000) 2025-07-17 16:38:01 Finished transferring output files
...
021 (1247542.000.000) 2025-07-17 16:38:01 Error from starter on slot1_6@node-w5.localdomain:
	STARTER at 172.30.1.205 failed to send file(s) to <172.30.1.200:9618>: |Error: reading from file /var/lib/condor/execute/dir_2794690/*.png: (errno 2) No such file or directory; SHADOW failed to receive file(s) from <172.30.1.205:42767>
	Code 13 Subcode 2
...
004 (1247542.000.000) 2025-07-17 16:38:01 Job was evicted.
	(0) CPU times
		Usr 0 00:00:00, Sys 0 00:00:00  -  Run Remote Usage
		Usr 0 00:00:00, Sys 0 00:00:00  -  Run Local Usage
	207  -  Run Bytes Sent By Job
	80459  -  Run Bytes Received By Job
	Transfer output files failure at execution point slot1_6@node-w5.localdomain while sending files to access point tamsa2. Details: reading from file /var/lib/condor/execute/dir_2794690/*.png: (errno 2) No such file or directory
	Partitionable Resources :    Usage  Request Allocated 
	   Cpus                 :                 2         2 
	   Disk (KB)            :       95      100      2048 
	   GPUs                 :                           0 
	   Memory (MB)          :        1    16000     16000 
	   TimeExecute (s)      :        5                    
	   TimeSlotBusy (s)     :        6                    
...
012 (1247542.000.000) 2025-07-17 16:38:01 Job was held.
	Transfer output files failure at execution point slot1_6@node-w5.localdomain while sending files to access point tamsa2. Details: reading from file /var/lib/condor/execute/dir_2794690/*.png: (errno 2) No such file or directory
	Code 12 Subcode 2
...
009 (1247542.000.000) 2025-07-17 16:38:10 Job was aborted.
	via condor_rm (by user achihwan)

	Job terminated by itself at 2025-07-17T07:38:01Z (using method 0: OF_ITS_OWN_ACCORD).
...
000 (1247601.000.000) 2025-07-17 16:38:20 Job submitted from host: <172.30.1.200:9618?addrs=172.30.1.200-9618&alias=tamsa2&noUDP&sock=schedd_2531_a24a>
...
040 (1247601.000.000) 2025-07-17 16:40:38 Started transferring input files
	Transferring to host: <172.30.1.209:9618?addrs=172.30.1.209-9618&alias=node-w9.localdomain&noUDP&sock=slot1_9_5028_6e46_35211>
...
001 (1247601.000.000) 2025-07-17 16:40:38 Job executing on host: <172.30.1.209:9618?addrs=172.30.1.209-9618&alias=node-w9.localdomain&noUDP&sock=startd_4994_0c0e>
	SlotName: slot1_9@node-w9.localdomain
	CondorScratchDir = "/var/lib/condor/execute/dir_4061334"
	Cpus = 2
	Disk = 2048
	GPUs = 0
	Memory = 16000
...
040 (1247601.000.000) 2025-07-17 16:40:38 Finished transferring input files
...
006 (1247601.000.000) 2025-07-17 16:40:43 Image size of job updated: 128
	1  -  MemoryUsage of job (MB)
	8  -  ResidentSetSize of job (KB)
...
040 (1247601.000.000) 2025-07-17 16:40:43 Started transferring output files
...
040 (1247601.000.000) 2025-07-17 16:40:43 Finished transferring output files
...
021 (1247601.000.000) 2025-07-17 16:40:43 Error from starter on slot1_9@node-w9.localdomain:
	STARTER at 172.30.1.209 failed to send file(s) to <172.30.1.200:9618>: |Error: reading from file /var/lib/condor/execute/dir_4061334/*.png: (errno 2) No such file or directory; SHADOW failed to receive file(s) from <172.30.1.209:37567>
	Code 13 Subcode 2
...
004 (1247601.000.000) 2025-07-17 16:40:43 Job was evicted.
	(0) CPU times
		Usr 0 00:00:00, Sys 0 00:00:00  -  Run Remote Usage
		Usr 0 00:00:00, Sys 0 00:00:00  -  Run Local Usage
	277  -  Run Bytes Sent By Job
	80463  -  Run Bytes Received By Job
	Transfer output files failure at execution point slot1_9@node-w9.localdomain while sending files to access point tamsa2. Details: reading from file /var/lib/condor/execute/dir_4061334/*.png: (errno 2) No such file or directory
	Partitionable Resources :    Usage  Request Allocated 
	   Cpus                 :        0        2         2 
	   Disk (KB)            :      102      100      2048 
	   GPUs                 :                           0 
	   Memory (MB)          :        1    16000     16000 
	   TimeExecute (s)      :        5                    
	   TimeSlotBusy (s)     :        6                    
...
012 (1247601.000.000) 2025-07-17 16:40:43 Job was held.
	Transfer output files failure at execution point slot1_9@node-w9.localdomain while sending files to access point tamsa2. Details: reading from file /var/lib/condor/execute/dir_4061334/*.png: (errno 2) No such file or directory
	Code 12 Subcode 2
...
009 (1247601.000.000) 2025-07-17 16:41:21 Job was aborted.
	via condor_rm (by user achihwan)

	Job terminated by itself at 2025-07-17T07:40:43Z (using method 0: OF_ITS_OWN_ACCORD).
...
000 (1247663.000.000) 2025-07-17 16:51:14 Job submitted from host: <172.30.1.200:9618?addrs=172.30.1.200-9618&alias=tamsa2&noUDP&sock=schedd_2531_a24a>
...
040 (1247663.000.000) 2025-07-17 16:51:38 Entered queue to transfer input files
	Transferring to host: <172.30.1.205:9618?addrs=172.30.1.205-9618&alias=node-w5.localdomain&noUDP&sock=slot1_1_5098_c088_47572>
...
040 (1247663.000.000) 2025-07-17 16:51:40 Started transferring input files
	Seconds spent in queue: 2
...
040 (1247663.000.000) 2025-07-17 16:51:43 Finished transferring input files
...
001 (1247663.000.000) 2025-07-17 16:51:43 Job executing on host: <172.30.1.205:9618?addrs=172.30.1.205-9618&alias=node-w5.localdomain&noUDP&sock=startd_5064_0faf>
	SlotName: slot1_1@node-w5.localdomain
	CondorScratchDir = "/var/lib/condor/execute/dir_2798605"
	Cpus = 2
	Disk = 751616
	GPUs = 0
	Memory = 16000
...
006 (1247663.000.000) 2025-07-17 16:51:56 Image size of job updated: 1016976
	994  -  MemoryUsage of job (MB)
	1016976  -  ResidentSetSize of job (KB)
...
006 (1247663.000.000) 2025-07-17 16:52:05 Image size of job updated: 2199792
	2149  -  MemoryUsage of job (MB)
	2199792  -  ResidentSetSize of job (KB)
...
040 (1247663.000.000) 2025-07-17 16:52:05 Started transferring output files
	Seconds spent in queue: 27
...
040 (1247663.000.000) 2025-07-17 16:52:05 Finished transferring output files
...
021 (1247663.000.000) 2025-07-17 16:52:05 Error from starter on slot1_1@node-w5.localdomain:
	STARTER at 172.30.1.205 failed to send file(s) to <172.30.1.200:9618>: |Error: reading from file /var/lib/condor/execute/dir_2798605/*.png: (errno 2) No such file or directory; SHADOW failed to receive file(s) from <172.30.1.205:34915>
	Code 13 Subcode 2
...
004 (1247663.000.000) 2025-07-17 16:52:05 Job was evicted.
	(0) CPU times
		Usr 0 00:00:16, Sys 0 00:00:02  -  Run Remote Usage
		Usr 0 00:00:00, Sys 0 00:00:00  -  Run Local Usage
	612  -  Run Bytes Sent By Job
	690337344  -  Run Bytes Received By Job
	Transfer output files failure at execution point slot1_1@node-w5.localdomain while sending files to access point tamsa2. Details: reading from file /var/lib/condor/execute/dir_2798605/*.png: (errno 2) No such file or directory
	Partitionable Resources :    Usage  Request Allocated 
	   Cpus                 :        0        2         2 
	   Disk (KB)            :  2774408   750000    751616 
	   GPUs                 :                           0 
	   Memory (MB)          :     2149    16000     16000 
	   TimeExecute (s)      :       22                    
	   TimeSlotBusy (s)     :       32                    
...
012 (1247663.000.000) 2025-07-17 16:52:05 Job was held.
	Transfer output files failure at execution point slot1_1@node-w5.localdomain while sending files to access point tamsa2. Details: reading from file /var/lib/condor/execute/dir_2798605/*.png: (errno 2) No such file or directory
	Code 12 Subcode 2
...
009 (1247663.000.000) 2025-07-17 17:02:33 Job was aborted.
	via condor_rm (by user achihwan)

	Job terminated by itself at 2025-07-17T07:52:05Z (using method 0: OF_ITS_OWN_ACCORD).
...
000 (1247724.000.000) 2025-07-17 17:02:57 Job submitted from host: <172.30.1.200:9618?addrs=172.30.1.200-9618&alias=tamsa2&noUDP&sock=schedd_2531_a24a>
...
040 (1247724.000.000) 2025-07-17 17:03:14 Started transferring input files
	Transferring to host: <172.30.1.211:9618?addrs=172.30.1.211-9618&alias=node-w11.localdomain&noUDP&sock=slot1_17_4969_dc23_57739>
...
040 (1247724.000.000) 2025-07-17 17:03:14 Finished transferring input files
...
040 (1247724.000.000) 2025-07-17 17:03:15 Started transferring output files
...
021 (1247724.000.000) 2025-07-17 17:03:15 Error from starter on slot1_17@node-w11.localdomain:
	Failed to transfer files: SHADOW at 172.30.1.200 failed to send file(s) to <172.30.1.211:34981>: |Error: reading from file /data6/Users/achihwan/hepenv.tar.gz: (errno 2) No such file or directory; STARTER failed to receive file(s) from <172.30.1.200:9618>
	Code 13 Subcode 2
...
004 (1247724.000.000) 2025-07-17 17:03:15 Job was evicted.
	(0) CPU times
		Usr 0 00:00:00, Sys 0 00:00:00  -  Run Remote Usage
		Usr 0 00:00:00, Sys 0 00:00:00  -  Run Local Usage
	0  -  Run Bytes Sent By Job
	80507  -  Run Bytes Received By Job
	Transfer input files failure at access point tamsa2 while sending files to execution point slot1_17@node-w11.localdomain. Details: reading from file /data6/Users/achihwan/hepenv.tar.gz: (errno 2) No such file or directory
	Partitionable Resources :    Usage  Request Allocated 
	   Cpus                 :                 2         2 
	   Disk (KB)            :       95      100      2048 
	   GPUs                 :                           0 
	   Memory (MB)          :             16000     16000 
...
012 (1247724.000.000) 2025-07-17 17:03:15 Job was held.
	Transfer input files failure at access point tamsa2 while sending files to execution point slot1_17@node-w11.localdomain. Details: reading from file /data6/Users/achihwan/hepenv.tar.gz: (errno 2) No such file or directory
	Code 13 Subcode 2
...
009 (1247724.000.000) 2025-07-17 17:05:02 Job was aborted.
	via condor_rm (by user achihwan)
...
000 (1247784.000.000) 2025-07-17 17:05:08 Job submitted from host: <172.30.1.200:9618?addrs=172.30.1.200-9618&alias=tamsa2&noUDP&sock=schedd_2531_a24a>
...
040 (1247784.000.000) 2025-07-17 17:05:26 Started transferring input files
	Transferring to host: <172.30.1.211:9618?addrs=172.30.1.211-9618&alias=node-w11.localdomain&noUDP&sock=slot1_18_4969_dc23_57758>
...
040 (1247784.000.000) 2025-07-17 17:05:26 Finished transferring input files
...
040 (1247784.000.000) 2025-07-17 17:05:27 Started transferring output files
...
021 (1247784.000.000) 2025-07-17 17:05:27 Error from starter on slot1_18@node-w11.localdomain:
	Failed to transfer files: SHADOW at 172.30.1.200 failed to send file(s) to <172.30.1.211:43249>: |Error: reading from file /data6/Users/achihwan/hepenv.tar.gz: (errno 2) No such file or directory; STARTER failed to receive file(s) from <172.30.1.200:9618>
	Code 13 Subcode 2
...
004 (1247784.000.000) 2025-07-17 17:05:27 Job was evicted.
	(0) CPU times
		Usr 0 00:00:00, Sys 0 00:00:00  -  Run Remote Usage
		Usr 0 00:00:00, Sys 0 00:00:00  -  Run Local Usage
	0  -  Run Bytes Sent By Job
	80457  -  Run Bytes Received By Job
	Transfer input files failure at access point tamsa2 while sending files to execution point slot1_18@node-w11.localdomain. Details: reading from file /data6/Users/achihwan/hepenv.tar.gz: (errno 2) No such file or directory
	Partitionable Resources :    Usage  Request Allocated 
	   Cpus                 :                 2         2 
	   Disk (KB)            :       95      100      2048 
	   GPUs                 :                           0 
	   Memory (MB)          :             16000     16000 
...
012 (1247784.000.000) 2025-07-17 17:05:27 Job was held.
	Transfer input files failure at access point tamsa2 while sending files to execution point slot1_18@node-w11.localdomain. Details: reading from file /data6/Users/achihwan/hepenv.tar.gz: (errno 2) No such file or directory
	Code 13 Subcode 2
...
009 (1247784.000.000) 2025-07-17 17:06:33 Job was aborted.
	via condor_rm (by user achihwan)
...
000 (1247843.000.000) 2025-07-17 17:06:38 Job submitted from host: <172.30.1.200:9618?addrs=172.30.1.200-9618&alias=tamsa2&noUDP&sock=schedd_2531_a24a>
...
040 (1247843.000.000) 2025-07-17 17:06:48 Started transferring input files
	Transferring to host: <172.30.1.207:9618?addrs=172.30.1.207-9618&alias=node-w7.localdomain&noUDP&sock=slot1_13_4978_3384_38402>
...
001 (1247843.000.000) 2025-07-17 17:06:48 Job executing on host: <172.30.1.207:9618?addrs=172.30.1.207-9618&alias=node-w7.localdomain&noUDP&sock=startd_4944_c052>
	SlotName: slot1_13@node-w7.localdomain
	CondorScratchDir = "/var/lib/condor/execute/dir_2151323"
	Cpus = 2
	Disk = 2048
	GPUs = 0
	Memory = 16000
...
040 (1247843.000.000) 2025-07-17 17:06:48 Finished transferring input files
...
006 (1247843.000.000) 2025-07-17 17:06:53 Image size of job updated: 156
	1  -  MemoryUsage of job (MB)
	12  -  ResidentSetSize of job (KB)
...
040 (1247843.000.000) 2025-07-17 17:06:53 Started transferring output files
...
040 (1247843.000.000) 2025-07-17 17:06:53 Finished transferring output files
...
021 (1247843.000.000) 2025-07-17 17:06:54 Error from starter on slot1_13@node-w7.localdomain:
	STARTER at 172.30.1.207 failed to send file(s) to <172.30.1.200:9618>: |Error: reading from file /var/lib/condor/execute/dir_2151323/*.png: (errno 2) No such file or directory; SHADOW failed to receive file(s) from <172.30.1.207:34053>
	Code 13 Subcode 2
...
004 (1247843.000.000) 2025-07-17 17:06:54 Job was evicted.
	(0) CPU times
		Usr 0 00:00:00, Sys 0 00:00:00  -  Run Remote Usage
		Usr 0 00:00:00, Sys 0 00:00:00  -  Run Local Usage
	277  -  Run Bytes Sent By Job
	80457  -  Run Bytes Received By Job
	Transfer output files failure at execution point slot1_13@node-w7.localdomain while sending files to access point tamsa2. Details: reading from file /var/lib/condor/execute/dir_2151323/*.png: (errno 2) No such file or directory
	Partitionable Resources :    Usage  Request Allocated 
	   Cpus                 :        0        2         2 
	   Disk (KB)            :      101      100      2048 
	   GPUs                 :                           0 
	   Memory (MB)          :        1    16000     16000 
	   TimeExecute (s)      :        5                    
	   TimeSlotBusy (s)     :        6                    
...
012 (1247843.000.000) 2025-07-17 17:06:54 Job was held.
	Transfer output files failure at execution point slot1_13@node-w7.localdomain while sending files to access point tamsa2. Details: reading from file /var/lib/condor/execute/dir_2151323/*.png: (errno 2) No such file or directory
	Code 12 Subcode 2
...
009 (1247843.000.000) 2025-07-17 17:08:13 Job was aborted.
	via condor_rm (by user achihwan)

	Job terminated by itself at 2025-07-17T08:06:53Z (using method 0: OF_ITS_OWN_ACCORD).
...
000 (1247902.000.000) 2025-07-17 17:08:25 Job submitted from host: <172.30.1.200:9618?addrs=172.30.1.200-9618&alias=tamsa2&noUDP&sock=schedd_2531_a24a>
...
009 (1247902.000.000) 2025-07-17 17:08:34 Job was aborted.
	via condor_rm (by user achihwan)
...
000 (1247961.000.000) 2025-07-17 17:08:54 Job submitted from host: <172.30.1.200:9618?addrs=172.30.1.200-9618&alias=tamsa2&noUDP&sock=schedd_2531_a24a>
...
040 (1247961.000.000) 2025-07-17 17:09:03 Started transferring input files
	Transferring to host: <172.30.1.104:9618?addrs=172.30.1.104-9618&alias=node-g4.localdomain&noUDP&sock=slot1_8_5231_766e_14691>
...
040 (1247961.000.000) 2025-07-17 17:09:03 Finished transferring input files
...
001 (1247961.000.000) 2025-07-17 17:09:03 Job executing on host: <172.30.1.104:9618?addrs=172.30.1.104-9618&alias=node-g4.localdomain&noUDP&sock=startd_5197_49c8>
	SlotName: slot1_8@node-g4.localdomain
	CondorScratchDir = "/var/lib/condor/execute/dir_3376762"
	Cpus = 2
	Disk = 2048
	GPUs = 0
	Memory = 16000
...
006 (1247961.000.000) 2025-07-17 17:09:08 Image size of job updated: 120
	1  -  MemoryUsage of job (MB)
	8  -  ResidentSetSize of job (KB)
...
040 (1247961.000.000) 2025-07-17 17:09:09 Started transferring output files
...
040 (1247961.000.000) 2025-07-17 17:09:09 Finished transferring output files
...
021 (1247961.000.000) 2025-07-17 17:09:09 Error from starter on slot1_8@node-g4.localdomain:
	STARTER at 172.30.1.104 failed to send file(s) to <172.30.1.200:9618>: |Error: reading from file /var/lib/condor/execute/dir_3376762/*.png: (errno 2) No such file or directory; SHADOW failed to receive file(s) from <172.30.1.104:38447>
	Code 13 Subcode 2
...
004 (1247961.000.000) 2025-07-17 17:09:09 Job was evicted.
	(0) CPU times
		Usr 0 00:00:00, Sys 0 00:00:00  -  Run Remote Usage
		Usr 0 00:00:00, Sys 0 00:00:00  -  Run Local Usage
	277  -  Run Bytes Sent By Job
	80457  -  Run Bytes Received By Job
	Transfer output files failure at execution point slot1_8@node-g4.localdomain while sending files to access point tamsa2. Details: reading from file /var/lib/condor/execute/dir_3376762/*.png: (errno 2) No such file or directory
	Partitionable Resources :    Usage  Request Allocated 
	   Cpus                 :        0        2         2 
	   Disk (KB)            :      101      100      2048 
	   GPUs                 :                           0 
	   Memory (MB)          :        1    16000     16000 
	   TimeExecute (s)      :        5                    
	   TimeSlotBusy (s)     :        6                    
...
012 (1247961.000.000) 2025-07-17 17:09:09 Job was held.
	Transfer output files failure at execution point slot1_8@node-g4.localdomain while sending files to access point tamsa2. Details: reading from file /var/lib/condor/execute/dir_3376762/*.png: (errno 2) No such file or directory
	Code 12 Subcode 2
...
009 (1247961.000.000) 2025-07-17 17:10:28 Job was aborted.
	via condor_rm (by user achihwan)

	Job terminated by itself at 2025-07-17T08:09:08Z (using method 0: OF_ITS_OWN_ACCORD).
...
000 (1248021.000.000) 2025-07-17 17:10:37 Job submitted from host: <172.30.1.200:9618?addrs=172.30.1.200-9618&alias=tamsa2&noUDP&sock=schedd_2531_a24a>
...
040 (1248021.000.000) 2025-07-17 17:10:45 Started transferring input files
	Transferring to host: <172.30.1.107:9618?addrs=172.30.1.107-9618&alias=node-g7.localdomain&noUDP&sock=slot1_14_5631_4c7e_25471>
...
001 (1248021.000.000) 2025-07-17 17:10:45 Job executing on host: <172.30.1.107:9618?addrs=172.30.1.107-9618&alias=node-g7.localdomain&noUDP&sock=startd_5596_f811>
	SlotName: slot1_14@node-g7.localdomain
	CondorScratchDir = "/var/lib/condor/execute/dir_3001373"
	Cpus = 2
	Disk = 2048
	GPUs = 0
	Memory = 16000
...
040 (1248021.000.000) 2025-07-17 17:10:45 Finished transferring input files
...
006 (1248021.000.000) 2025-07-17 17:10:50 Image size of job updated: 120
	1  -  MemoryUsage of job (MB)
	8  -  ResidentSetSize of job (KB)
...
040 (1248021.000.000) 2025-07-17 17:10:50 Started transferring output files
...
040 (1248021.000.000) 2025-07-17 17:10:50 Finished transferring output files
...
021 (1248021.000.000) 2025-07-17 17:10:50 Error from starter on slot1_14@node-g7.localdomain:
	STARTER at 172.30.1.107 failed to send file(s) to <172.30.1.200:9618>: |Error: reading from file /var/lib/condor/execute/dir_3001373/*.png: (errno 2) No such file or directory; SHADOW failed to receive file(s) from <172.30.1.107:43099>
	Code 13 Subcode 2
...
004 (1248021.000.000) 2025-07-17 17:10:50 Job was evicted.
	(0) CPU times
		Usr 0 00:00:00, Sys 0 00:00:00  -  Run Remote Usage
		Usr 0 00:00:00, Sys 0 00:00:00  -  Run Local Usage
	299  -  Run Bytes Sent By Job
	80457  -  Run Bytes Received By Job
	Transfer output files failure at execution point slot1_14@node-g7.localdomain while sending files to access point tamsa2. Details: reading from file /var/lib/condor/execute/dir_3001373/*.png: (errno 2) No such file or directory
	Partitionable Resources :    Usage  Request Allocated 
	   Cpus                 :        0        2         2 
	   Disk (KB)            :      101      100      2048 
	   GPUs                 :                           0 
	   Memory (MB)          :        1    16000     16000 
	   TimeExecute (s)      :        5                    
	   TimeSlotBusy (s)     :        5                    
...
012 (1248021.000.000) 2025-07-17 17:10:50 Job was held.
	Transfer output files failure at execution point slot1_14@node-g7.localdomain while sending files to access point tamsa2. Details: reading from file /var/lib/condor/execute/dir_3001373/*.png: (errno 2) No such file or directory
	Code 12 Subcode 2
...
009 (1248021.000.000) 2025-07-17 17:11:47 Job was aborted.
	via condor_rm (by user achihwan)

	Job terminated by itself at 2025-07-17T08:10:50Z (using method 0: OF_ITS_OWN_ACCORD).
...
000 (1248081.000.000) 2025-07-17 17:12:04 Job submitted from host: <172.30.1.200:9618?addrs=172.30.1.200-9618&alias=tamsa2&noUDP&sock=schedd_2531_a24a>
...
040 (1248081.000.000) 2025-07-17 17:12:21 Started transferring input files
	Transferring to host: <172.30.1.108:9618?addrs=172.30.1.108-9618&alias=node-g8.localdomain&noUDP&sock=slot1_1_6196_6475_19953>
...
001 (1248081.000.000) 2025-07-17 17:12:22 Job executing on host: <172.30.1.108:9618?addrs=172.30.1.108-9618&alias=node-g8.localdomain&noUDP&sock=startd_6162_32ac>
	SlotName: slot1_1@node-g8.localdomain
	CondorScratchDir = "/var/lib/condor/execute/dir_615105"
	Cpus = 2
	Disk = 2048
	GPUs = 0
	Memory = 16000
...
040 (1248081.000.000) 2025-07-17 17:12:22 Finished transferring input files
...
006 (1248081.000.000) 2025-07-17 17:12:27 Image size of job updated: 100
	1  -  MemoryUsage of job (MB)
	8  -  ResidentSetSize of job (KB)
...
040 (1248081.000.000) 2025-07-17 17:12:27 Started transferring output files
...
040 (1248081.000.000) 2025-07-17 17:12:27 Finished transferring output files
...
021 (1248081.000.000) 2025-07-17 17:12:27 Error from starter on slot1_1@node-g8.localdomain:
	STARTER at 172.30.1.108 failed to send file(s) to <172.30.1.200:9618>: |Error: reading from file /var/lib/condor/execute/dir_615105/*.png: (errno 2) No such file or directory; SHADOW failed to receive file(s) from <172.30.1.108:42015>
	Code 13 Subcode 2
...
004 (1248081.000.000) 2025-07-17 17:12:27 Job was evicted.
	(0) CPU times
		Usr 0 00:00:00, Sys 0 00:00:00  -  Run Remote Usage
		Usr 0 00:00:00, Sys 0 00:00:00  -  Run Local Usage
	284  -  Run Bytes Sent By Job
	80457  -  Run Bytes Received By Job
	Transfer output files failure at execution point slot1_1@node-g8.localdomain while sending files to access point tamsa2. Details: reading from file /var/lib/condor/execute/dir_615105/*.png: (errno 2) No such file or directory
	Partitionable Resources :    Usage  Request Allocated 
	   Cpus                 :        0        2         2 
	   Disk (KB)            :      101      100      2048 
	   GPUs                 :                           0 
	   Memory (MB)          :        1    16000     16000 
	   TimeExecute (s)      :        6                    
	   TimeSlotBusy (s)     :        6                    
...
012 (1248081.000.000) 2025-07-17 17:12:27 Job was held.
	Transfer output files failure at execution point slot1_1@node-g8.localdomain while sending files to access point tamsa2. Details: reading from file /var/lib/condor/execute/dir_615105/*.png: (errno 2) No such file or directory
	Code 12 Subcode 2
...
000 (1248141.000.000) 2025-07-17 17:12:52 Job submitted from host: <172.30.1.200:9618?addrs=172.30.1.200-9618&alias=tamsa2&noUDP&sock=schedd_2531_a24a>
...
009 (1248141.000.000) 2025-07-17 17:13:09 Job was aborted.
	via condor_rm (by user achihwan)
...
009 (1248081.000.000) 2025-07-17 17:13:09 Job was aborted.
	via condor_rm (by user achihwan)

	Job terminated by itself at 2025-07-17T08:12:27Z (using method 0: OF_ITS_OWN_ACCORD).
...
000 (1248200.000.000) 2025-07-17 17:13:18 Job submitted from host: <172.30.1.200:9618?addrs=172.30.1.200-9618&alias=tamsa2&noUDP&sock=schedd_2531_a24a>
...
009 (1248200.000.000) 2025-07-17 17:14:42 Job was aborted.
	via condor_rm (by user achihwan)
...
000 (1248259.000.000) 2025-07-17 17:14:51 Job submitted from host: <172.30.1.200:9618?addrs=172.30.1.200-9618&alias=tamsa2&noUDP&sock=schedd_2531_a24a>
...
040 (1248259.000.000) 2025-07-17 17:17:14 Started transferring input files
	Transferring to host: <172.30.1.211:9618?addrs=172.30.1.211-9618&alias=node-w11.localdomain&noUDP&sock=slot1_7_4969_dc23_57794>
...
001 (1248259.000.000) 2025-07-17 17:17:14 Job executing on host: <172.30.1.211:9618?addrs=172.30.1.211-9618&alias=node-w11.localdomain&noUDP&sock=startd_4935_93f7>
	SlotName: slot1_7@node-w11.localdomain
	CondorScratchDir = "/var/lib/condor/execute/dir_369513"
	Cpus = 2
	Disk = 2048
	GPUs = 0
	Memory = 16000
...
040 (1248259.000.000) 2025-07-17 17:17:14 Finished transferring input files
...
006 (1248259.000.000) 2025-07-17 17:17:19 Image size of job updated: 116
	1  -  MemoryUsage of job (MB)
	8  -  ResidentSetSize of job (KB)
...
040 (1248259.000.000) 2025-07-17 17:17:19 Started transferring output files
...
040 (1248259.000.000) 2025-07-17 17:17:19 Finished transferring output files
...
021 (1248259.000.000) 2025-07-17 17:17:19 Error from starter on slot1_7@node-w11.localdomain:
	STARTER at 172.30.1.211 failed to send file(s) to <172.30.1.200:9618>: |Error: reading from file /var/lib/condor/execute/dir_369513/*.png: (errno 2) No such file or directory; SHADOW failed to receive file(s) from <172.30.1.211:37953>
	Code 13 Subcode 2
...
004 (1248259.000.000) 2025-07-17 17:17:20 Job was evicted.
	(0) CPU times
		Usr 0 00:00:00, Sys 0 00:00:00  -  Run Remote Usage
		Usr 0 00:00:00, Sys 0 00:00:00  -  Run Local Usage
	277  -  Run Bytes Sent By Job
	80454  -  Run Bytes Received By Job
	Transfer output files failure at execution point slot1_7@node-w11.localdomain while sending files to access point tamsa2. Details: reading from file /var/lib/condor/execute/dir_369513/*.png: (errno 2) No such file or directory
	Partitionable Resources :    Usage  Request Allocated 
	   Cpus                 :        0        2         2 
	   Disk (KB)            :      101      100      2048 
	   GPUs                 :                           0 
	   Memory (MB)          :        1    16000     16000 
	   TimeExecute (s)      :        5                    
	   TimeSlotBusy (s)     :        5                    
...
012 (1248259.000.000) 2025-07-17 17:17:20 Job was held.
	Transfer output files failure at execution point slot1_7@node-w11.localdomain while sending files to access point tamsa2. Details: reading from file /var/lib/condor/execute/dir_369513/*.png: (errno 2) No such file or directory
	Code 12 Subcode 2
...
009 (1248259.000.000) 2025-07-17 17:18:37 Job was aborted.
	via condor_rm (by user achihwan)

	Job terminated by itself at 2025-07-17T08:17:19Z (using method 0: OF_ITS_OWN_ACCORD).
...
000 (1248320.000.000) 2025-07-17 17:23:13 Job submitted from host: <172.30.1.200:9618?addrs=172.30.1.200-9618&alias=tamsa2&noUDP&sock=schedd_2531_a24a>
...
040 (1248320.000.000) 2025-07-17 17:23:31 Started transferring input files
	Transferring to host: <172.30.1.205:9618?addrs=172.30.1.205-9618&alias=node-w5.localdomain&noUDP&sock=slot1_11_5098_c088_47789>
...
040 (1248320.000.000) 2025-07-17 17:23:31 Finished transferring input files
...
001 (1248320.000.000) 2025-07-17 17:23:31 Job executing on host: <172.30.1.205:9618?addrs=172.30.1.205-9618&alias=node-w5.localdomain&noUDP&sock=startd_5064_0faf>
	SlotName: slot1_11@node-w5.localdomain
	CondorScratchDir = "/var/lib/condor/execute/dir_2836088"
	Cpus = 2
	Disk = 2048
	GPUs = 0
	Memory = 16000
...
006 (1248320.000.000) 2025-07-17 17:23:36 Image size of job updated: 160
	1  -  MemoryUsage of job (MB)
	8  -  ResidentSetSize of job (KB)
...
040 (1248320.000.000) 2025-07-17 17:23:36 Started transferring output files
...
040 (1248320.000.000) 2025-07-17 17:23:36 Finished transferring output files
...
021 (1248320.000.000) 2025-07-17 17:23:36 Error from starter on slot1_11@node-w5.localdomain:
	STARTER at 172.30.1.205 failed to send file(s) to <172.30.1.200:9618>: |Error: reading from file /var/lib/condor/execute/dir_2836088/*.png: (errno 2) No such file or directory; SHADOW failed to receive file(s) from <172.30.1.205:46453>
	Code 13 Subcode 2
...
004 (1248320.000.000) 2025-07-17 17:23:36 Job was evicted.
	(0) CPU times
		Usr 0 00:00:00, Sys 0 00:00:00  -  Run Remote Usage
		Usr 0 00:00:00, Sys 0 00:00:00  -  Run Local Usage
	458  -  Run Bytes Sent By Job
	80532  -  Run Bytes Received By Job
	Transfer output files failure at execution point slot1_11@node-w5.localdomain while sending files to access point tamsa2. Details: reading from file /var/lib/condor/execute/dir_2836088/*.png: (errno 2) No such file or directory
	Partitionable Resources :    Usage  Request Allocated 
	   Cpus                 :                 2         2 
	   Disk (KB)            :       95      100      2048 
	   GPUs                 :                           0 
	   Memory (MB)          :        1    16000     16000 
	   TimeExecute (s)      :        5                    
	   TimeSlotBusy (s)     :        6                    
...
012 (1248320.000.000) 2025-07-17 17:23:36 Job was held.
	Transfer output files failure at execution point slot1_11@node-w5.localdomain while sending files to access point tamsa2. Details: reading from file /var/lib/condor/execute/dir_2836088/*.png: (errno 2) No such file or directory
	Code 12 Subcode 2
...
009 (1248320.000.000) 2025-07-17 17:28:06 Job was aborted.
	via condor_rm (by user achihwan)

	Job terminated by itself at 2025-07-17T08:23:36Z (using method 0: OF_ITS_OWN_ACCORD).
...
000 (1248381.000.000) 2025-07-17 17:28:13 Job submitted from host: <172.30.1.200:9618?addrs=172.30.1.200-9618&alias=tamsa2&noUDP&sock=schedd_2531_a24a>
...
040 (1248381.000.000) 2025-07-17 17:28:29 Entered queue to transfer input files
	Transferring to host: <172.30.1.211:9618?addrs=172.30.1.211-9618&alias=node-w11.localdomain&noUDP&sock=slot1_4_4969_dc23_57834>
...
040 (1248381.000.000) 2025-07-17 17:28:35 Started transferring input files
	Seconds spent in queue: 6
...
040 (1248381.000.000) 2025-07-17 17:28:38 Finished transferring input files
...
001 (1248381.000.000) 2025-07-17 17:28:38 Job executing on host: <172.30.1.211:9618?addrs=172.30.1.211-9618&alias=node-w11.localdomain&noUDP&sock=startd_4935_93f7>
	SlotName: slot1_4@node-w11.localdomain
	CondorScratchDir = "/var/lib/condor/execute/dir_374497"
	Cpus = 2
	Disk = 751616
	GPUs = 0
	Memory = 16000
...
006 (1248381.000.000) 2025-07-17 17:28:51 Image size of job updated: 1018672
	995  -  MemoryUsage of job (MB)
	1018672  -  ResidentSetSize of job (KB)
...
006 (1248381.000.000) 2025-07-17 17:29:00 Image size of job updated: 2199792
	2149  -  MemoryUsage of job (MB)
	2199792  -  ResidentSetSize of job (KB)
...
040 (1248381.000.000) 2025-07-17 17:29:00 Started transferring output files
	Seconds spent in queue: 31
...
040 (1248381.000.000) 2025-07-17 17:29:01 Finished transferring output files
...
021 (1248381.000.000) 2025-07-17 17:29:01 Error from starter on slot1_4@node-w11.localdomain:
	STARTER at 172.30.1.211 failed to send file(s) to <172.30.1.200:9618>: |Error: reading from file /var/lib/condor/execute/dir_374497/*.png: (errno 2) No such file or directory; SHADOW failed to receive file(s) from <172.30.1.211:32883>
	Code 13 Subcode 2
...
004 (1248381.000.000) 2025-07-17 17:29:01 Job was evicted.
	(0) CPU times
		Usr 0 00:00:16, Sys 0 00:00:02  -  Run Remote Usage
		Usr 0 00:00:00, Sys 0 00:00:00  -  Run Local Usage
	401  -  Run Bytes Sent By Job
	690337344  -  Run Bytes Received By Job
	Transfer output files failure at execution point slot1_4@node-w11.localdomain while sending files to access point tamsa2. Details: reading from file /var/lib/condor/execute/dir_374497/*.png: (errno 2) No such file or directory
	Partitionable Resources :    Usage  Request Allocated 
	   Cpus                 :        0        2         2 
	   Disk (KB)            :  2774408   750000    751616 
	   GPUs                 :                           0 
	   Memory (MB)          :     2149    16000     16000 
	   TimeExecute (s)      :       22                    
	   TimeSlotBusy (s)     :       37                    
...
012 (1248381.000.000) 2025-07-17 17:29:01 Job was held.
	Transfer output files failure at execution point slot1_4@node-w11.localdomain while sending files to access point tamsa2. Details: reading from file /var/lib/condor/execute/dir_374497/*.png: (errno 2) No such file or directory
	Code 12 Subcode 2
...
009 (1248381.000.000) 2025-07-17 17:30:19 Job was aborted.
	via condor_rm (by user achihwan)

	Job terminated by itself at 2025-07-17T08:29:00Z (using method 0: OF_ITS_OWN_ACCORD).
...
000 (1248441.000.000) 2025-07-17 17:33:25 Job submitted from host: <172.30.1.200:9618?addrs=172.30.1.200-9618&alias=tamsa2&noUDP&sock=schedd_2531_a24a>
...
040 (1248441.000.000) 2025-07-17 17:33:49 Entered queue to transfer input files
	Transferring to host: <172.30.1.202:9618?addrs=172.30.1.202-9618&alias=node-w2.localdomain&noUDP&sock=slot1_6_4999_ff64_66839>
...
040 (1248441.000.000) 2025-07-17 17:33:55 Started transferring input files
	Seconds spent in queue: 6
...
040 (1248441.000.000) 2025-07-17 17:34:00 Finished transferring input files
...
001 (1248441.000.000) 2025-07-17 17:34:00 Job executing on host: <172.30.1.202:9618?addrs=172.30.1.202-9618&alias=node-w2.localdomain&noUDP&sock=startd_4964_7836>
	SlotName: slot1_6@node-w2.localdomain
	CondorScratchDir = "/var/lib/condor/execute/dir_2879327"
	Cpus = 2
	Disk = 751616
	GPUs = 0
	Memory = 16000
...
006 (1248441.000.000) 2025-07-17 17:34:13 Image size of job updated: 879992
	860  -  MemoryUsage of job (MB)
	879992  -  ResidentSetSize of job (KB)
...
006 (1248441.000.000) 2025-07-17 17:34:25 Image size of job updated: 2199792
	2149  -  MemoryUsage of job (MB)
	2199792  -  ResidentSetSize of job (KB)
...
040 (1248441.000.000) 2025-07-17 17:34:25 Started transferring output files
	Seconds spent in queue: 36
...
040 (1248441.000.000) 2025-07-17 17:34:25 Finished transferring output files
...
021 (1248441.000.000) 2025-07-17 17:34:25 Error from starter on slot1_6@node-w2.localdomain:
	STARTER at 172.30.1.202 failed to send file(s) to <172.30.1.200:9618>: |Error: reading from file /var/lib/condor/execute/dir_2879327/*.png: (errno 2) No such file or directory; SHADOW failed to receive file(s) from <172.30.1.202:38831>
	Code 13 Subcode 2
...
004 (1248441.000.000) 2025-07-17 17:34:25 Job was evicted.
	(0) CPU times
		Usr 0 00:00:18, Sys 0 00:00:04  -  Run Remote Usage
		Usr 0 00:00:00, Sys 0 00:00:00  -  Run Local Usage
	403  -  Run Bytes Sent By Job
	690337344  -  Run Bytes Received By Job
	Transfer output files failure at execution point slot1_6@node-w2.localdomain while sending files to access point tamsa2. Details: reading from file /var/lib/condor/execute/dir_2879327/*.png: (errno 2) No such file or directory
	Partitionable Resources :    Usage  Request Allocated 
	   Cpus                 :        0        2         2 
	   Disk (KB)            :  2774408   750000    751616 
	   GPUs                 :                           0 
	   Memory (MB)          :     2149    16000     16000 
	   TimeExecute (s)      :       25                    
	   TimeSlotBusy (s)     :       41                    
...
012 (1248441.000.000) 2025-07-17 17:34:25 Job was held.
	Transfer output files failure at execution point slot1_6@node-w2.localdomain while sending files to access point tamsa2. Details: reading from file /var/lib/condor/execute/dir_2879327/*.png: (errno 2) No such file or directory
	Code 12 Subcode 2
...
009 (1248441.000.000) 2025-07-17 17:34:44 Job was aborted.
	via condor_rm (by user achihwan)

	Job terminated by itself at 2025-07-17T08:34:25Z (using method 0: OF_ITS_OWN_ACCORD).
...
000 (1248500.000.000) 2025-07-17 17:34:51 Job submitted from host: <172.30.1.200:9618?addrs=172.30.1.200-9618&alias=tamsa2&noUDP&sock=schedd_2531_a24a>
...
040 (1248500.000.000) 2025-07-17 17:35:11 Entered queue to transfer input files
	Transferring to host: <172.30.1.109:9618?addrs=172.30.1.109-9618&alias=node-g9.localdomain&noUDP&sock=slot1_5_5793_7145_22632>
...
040 (1248500.000.000) 2025-07-17 17:35:12 Started transferring input files
	Seconds spent in queue: 1
...
040 (1248500.000.000) 2025-07-17 17:35:15 Finished transferring input files
...
001 (1248500.000.000) 2025-07-17 17:35:15 Job executing on host: <172.30.1.109:9618?addrs=172.30.1.109-9618&alias=node-g9.localdomain&noUDP&sock=startd_5759_c601>
	SlotName: slot1_5@node-g9.localdomain
	CondorScratchDir = "/var/lib/condor/execute/dir_1090675"
	Cpus = 2
	Disk = 751616
	GPUs = 0
	Memory = 16000
...
006 (1248500.000.000) 2025-07-17 17:35:29 Image size of job updated: 1140048
	1114  -  MemoryUsage of job (MB)
	1140048  -  ResidentSetSize of job (KB)
...
006 (1248500.000.000) 2025-07-17 17:35:37 Image size of job updated: 2199792
	2149  -  MemoryUsage of job (MB)
	2199792  -  ResidentSetSize of job (KB)
...
040 (1248500.000.000) 2025-07-17 17:35:38 Started transferring output files
	Seconds spent in queue: 27
...
040 (1248500.000.000) 2025-07-17 17:35:38 Finished transferring output files
...
021 (1248500.000.000) 2025-07-17 17:35:38 Error from starter on slot1_5@node-g9.localdomain:
	STARTER at 172.30.1.109 failed to send file(s) to <172.30.1.200:9618>: |Error: reading from file /var/lib/condor/execute/dir_1090675/*.png: (errno 2) No such file or directory; SHADOW failed to receive file(s) from <172.30.1.109:40779>
	Code 13 Subcode 2
...
004 (1248500.000.000) 2025-07-17 17:35:38 Job was evicted.
	(0) CPU times
		Usr 0 00:00:16, Sys 0 00:00:03  -  Run Remote Usage
		Usr 0 00:00:00, Sys 0 00:00:00  -  Run Local Usage
	827  -  Run Bytes Sent By Job
	690337344  -  Run Bytes Received By Job
	Transfer output files failure at execution point slot1_5@node-g9.localdomain while sending files to access point tamsa2. Details: reading from file /var/lib/condor/execute/dir_1090675/*.png: (errno 2) No such file or directory
	Partitionable Resources :    Usage  Request Allocated 
	   Cpus                 :        0        2         2 
	   Disk (KB)            :  2774409   750000    751616 
	   GPUs                 :                           0 
	   Memory (MB)          :     2149    16000     16000 
	   TimeExecute (s)      :       22                    
	   TimeSlotBusy (s)     :       32                    
...
012 (1248500.000.000) 2025-07-17 17:35:38 Job was held.
	Transfer output files failure at execution point slot1_5@node-g9.localdomain while sending files to access point tamsa2. Details: reading from file /var/lib/condor/execute/dir_1090675/*.png: (errno 2) No such file or directory
	Code 12 Subcode 2
...
009 (1248500.000.000) 2025-07-17 17:36:48 Job was aborted.
	via condor_rm (by user achihwan)

	Job terminated by itself at 2025-07-17T08:35:37Z (using method 0: OF_ITS_OWN_ACCORD).
...
000 (1250161.000.000) 2025-07-17 17:36:57 Job submitted from host: <172.30.1.200:9618?addrs=172.30.1.200-9618&alias=tamsa2&noUDP&sock=schedd_2531_a24a>
...
040 (1250161.000.000) 2025-07-17 17:41:38 Started transferring input files
	Transferring to host: <172.30.1.219:9618?addrs=172.30.1.219-9618&alias=node-w19.localdomain&noUDP&sock=slot1_51_5155_e9eb_111014>
...
040 (1250161.000.000) 2025-07-17 17:41:41 Finished transferring input files
...
001 (1250161.000.000) 2025-07-17 17:41:41 Job executing on host: <172.30.1.219:9618?addrs=172.30.1.219-9618&alias=node-w19.localdomain&noUDP&sock=startd_5121_2895>
	SlotName: slot1_51@node-w19.localdomain
	CondorScratchDir = "/var/lib/condor/execute/dir_1071843"
	Cpus = 2
	Disk = 751616
	GPUs = 0
	Memory = 16000
...
006 (1250161.000.000) 2025-07-17 17:41:54 Image size of job updated: 1093316
	1068  -  MemoryUsage of job (MB)
	1093316  -  ResidentSetSize of job (KB)
...
006 (1250161.000.000) 2025-07-17 17:42:02 Image size of job updated: 2199792
	2149  -  MemoryUsage of job (MB)
	2199792  -  ResidentSetSize of job (KB)
...
040 (1250161.000.000) 2025-07-17 17:42:03 Started transferring output files
...
040 (1250161.000.000) 2025-07-17 17:42:03 Finished transferring output files
...
021 (1250161.000.000) 2025-07-17 17:42:04 Error from starter on slot1_51@node-w19.localdomain:
	STARTER at 172.30.1.219 failed to send file(s) to <172.30.1.200:9618>: |Error: reading from file /var/lib/condor/execute/dir_1071843/*.png: (errno 2) No such file or directory; SHADOW failed to receive file(s) from <172.30.1.219:42999>
	Code 13 Subcode 2
...
004 (1250161.000.000) 2025-07-17 17:42:05 Job was evicted.
	(0) CPU times
		Usr 0 00:00:16, Sys 0 00:00:04  -  Run Remote Usage
		Usr 0 00:00:00, Sys 0 00:00:00  -  Run Local Usage
	720  -  Run Bytes Sent By Job
	690337344  -  Run Bytes Received By Job
	Transfer output files failure at execution point slot1_51@node-w19.localdomain while sending files to access point tamsa2. Details: reading from file /var/lib/condor/execute/dir_1071843/*.png: (errno 2) No such file or directory
	Partitionable Resources :    Usage  Request Allocated 
	   Cpus                 :        0        2         2 
	   Disk (KB)            :  2774409   750000    751616 
	   GPUs                 :                           0 
	   Memory (MB)          :     2149    16000     16000 
	   TimeExecute (s)      :       21                    
	   TimeSlotBusy (s)     :       26                    
...
012 (1250161.000.000) 2025-07-17 17:42:05 Job was held.
	Transfer output files failure at execution point slot1_51@node-w19.localdomain while sending files to access point tamsa2. Details: reading from file /var/lib/condor/execute/dir_1071843/*.png: (errno 2) No such file or directory
	Code 12 Subcode 2
...
000 (1251246.000.000) 2025-07-17 17:42:41 Job submitted from host: <172.30.1.200:9618?addrs=172.30.1.200-9618&alias=tamsa2&noUDP&sock=schedd_2531_a24a>
...
009 (1250161.000.000) 2025-07-17 17:42:45 Job was aborted.
	via condor_rm (by user achihwan)

	Job terminated by itself at 2025-07-17T08:42:02Z (using method 0: OF_ITS_OWN_ACCORD).
...
040 (1251246.000.000) 2025-07-17 17:43:01 Started transferring input files
	Transferring to host: <172.30.1.109:9618?addrs=172.30.1.109-9618&alias=node-g9.localdomain&noUDP&sock=slot1_14_5793_7145_22683>
...
040 (1251246.000.000) 2025-07-17 17:43:04 Finished transferring input files
...
001 (1251246.000.000) 2025-07-17 17:43:04 Job executing on host: <172.30.1.109:9618?addrs=172.30.1.109-9618&alias=node-g9.localdomain&noUDP&sock=startd_5759_c601>
	SlotName: slot1_14@node-g9.localdomain
	CondorScratchDir = "/var/lib/condor/execute/dir_1117838"
	Cpus = 2
	Disk = 751616
	GPUs = 0
	Memory = 16000
...
006 (1251246.000.000) 2025-07-17 17:43:17 Image size of job updated: 1015156
	992  -  MemoryUsage of job (MB)
	1015156  -  ResidentSetSize of job (KB)
...
006 (1251246.000.000) 2025-07-17 17:43:26 Image size of job updated: 2199796
	2149  -  MemoryUsage of job (MB)
	2199796  -  ResidentSetSize of job (KB)
...
040 (1251246.000.000) 2025-07-17 17:43:26 Started transferring output files
...
040 (1251246.000.000) 2025-07-17 17:43:26 Finished transferring output files
...
021 (1251246.000.000) 2025-07-17 17:43:26 Error from starter on slot1_14@node-g9.localdomain:
	STARTER at 172.30.1.109 failed to send file(s) to <172.30.1.200:9618>: |Error: reading from file /var/lib/condor/execute/dir_1117838/*.png: (errno 2) No such file or directory; SHADOW failed to receive file(s) from <172.30.1.109:39071>
	Code 13 Subcode 2
...
004 (1251246.000.000) 2025-07-17 17:43:26 Job was evicted.
	(0) CPU times
		Usr 0 00:00:16, Sys 0 00:00:02  -  Run Remote Usage
		Usr 0 00:00:00, Sys 0 00:00:00  -  Run Local Usage
	4424  -  Run Bytes Sent By Job
	690337344  -  Run Bytes Received By Job
	Transfer output files failure at execution point slot1_14@node-g9.localdomain while sending files to access point tamsa2. Details: reading from file /var/lib/condor/execute/dir_1117838/*.png: (errno 2) No such file or directory
	Partitionable Resources :    Usage  Request Allocated 
	   Cpus                 :                 2         2 
	   Disk (KB)            :  2774406   750000    751616 
	   GPUs                 :                           0 
	   Memory (MB)          :     2149    16000     16000 
	   TimeExecute (s)      :       22                    
	   TimeSlotBusy (s)     :       28                    
...
012 (1251246.000.000) 2025-07-17 17:43:27 Job was held.
	Transfer output files failure at execution point slot1_14@node-g9.localdomain while sending files to access point tamsa2. Details: reading from file /var/lib/condor/execute/dir_1117838/*.png: (errno 2) No such file or directory
	Code 12 Subcode 2
...
009 (1251246.000.000) 2025-07-17 17:44:17 Job was aborted.
	via condor_rm (by user achihwan)

	Job terminated by itself at 2025-07-17T08:43:26Z (using method 0: OF_ITS_OWN_ACCORD).
...
000 (1253169.000.000) 2025-07-17 17:44:38 Job submitted from host: <172.30.1.200:9618?addrs=172.30.1.200-9618&alias=tamsa2&noUDP&sock=schedd_2531_a24a>
...
040 (1253169.000.000) 2025-07-17 17:44:56 Started transferring input files
	Transferring to host: <172.30.1.202:9618?addrs=172.30.1.202-9618&alias=node-w2.localdomain&noUDP&sock=slot1_5_4999_ff64_66932>
...
040 (1253169.000.000) 2025-07-17 17:44:58 Finished transferring input files
...
001 (1253169.000.000) 2025-07-17 17:44:58 Job executing on host: <172.30.1.202:9618?addrs=172.30.1.202-9618&alias=node-w2.localdomain&noUDP&sock=startd_4964_7836>
	SlotName: slot1_5@node-w2.localdomain
	CondorScratchDir = "/var/lib/condor/execute/dir_2900200"
	Cpus = 2
	Disk = 751616
	GPUs = 0
	Memory = 16000
...
006 (1253169.000.000) 2025-07-17 17:45:12 Image size of job updated: 1013880
	991  -  MemoryUsage of job (MB)
	1013880  -  ResidentSetSize of job (KB)
...
006 (1253169.000.000) 2025-07-17 17:45:21 Image size of job updated: 2199788
	2149  -  MemoryUsage of job (MB)
	2199788  -  ResidentSetSize of job (KB)
...
040 (1253169.000.000) 2025-07-17 17:45:21 Started transferring output files
...
040 (1253169.000.000) 2025-07-17 17:45:21 Finished transferring output files
...
021 (1253169.000.000) 2025-07-17 17:45:21 Error from starter on slot1_5@node-w2.localdomain:
	STARTER at 172.30.1.202 failed to send file(s) to <172.30.1.200:9618>: |Error: reading from file /var/lib/condor/execute/dir_2900200/*.png: (errno 2) No such file or directory; SHADOW failed to receive file(s) from <172.30.1.202:38067>
	Code 13 Subcode 2
...
004 (1253169.000.000) 2025-07-17 17:45:21 Job was evicted.
	(0) CPU times
		Usr 0 00:00:16, Sys 0 00:00:02  -  Run Remote Usage
		Usr 0 00:00:00, Sys 0 00:00:00  -  Run Local Usage
	470  -  Run Bytes Sent By Job
	690337344  -  Run Bytes Received By Job
	Transfer output files failure at execution point slot1_5@node-w2.localdomain while sending files to access point tamsa2. Details: reading from file /var/lib/condor/execute/dir_2900200/*.png: (errno 2) No such file or directory
	Partitionable Resources :    Usage  Request Allocated 
	   Cpus                 :                 2         2 
	   Disk (KB)            :  2774402   750000    751616 
	   GPUs                 :                           0 
	   Memory (MB)          :     2149    16000     16000 
	   TimeExecute (s)      :       23                    
	   TimeSlotBusy (s)     :       33                    
...
012 (1253169.000.000) 2025-07-17 17:45:21 Job was held.
	Transfer output files failure at execution point slot1_5@node-w2.localdomain while sending files to access point tamsa2. Details: reading from file /var/lib/condor/execute/dir_2900200/*.png: (errno 2) No such file or directory
	Code 12 Subcode 2
...
009 (1253169.000.000) 2025-07-17 17:54:41 Job was aborted.
	via condor_rm (by user achihwan)

	Job terminated by itself at 2025-07-17T08:45:21Z (using method 0: OF_ITS_OWN_ACCORD).
...
000 (1253236.000.000) 2025-07-17 17:58:19 Job submitted from host: <172.30.1.200:9618?addrs=172.30.1.200-9618&alias=tamsa2&noUDP&sock=schedd_2531_a24a>
...
040 (1253236.000.000) 2025-07-17 17:58:34 Entered queue to transfer input files
	Transferring to host: <172.30.1.215:9618?addrs=172.30.1.215-9618&alias=node-w15.localdomain&noUDP&sock=slot1_8_5185_0d2c_105456>
...
040 (1253236.000.000) 2025-07-17 17:58:34 Started transferring input files
	Seconds spent in queue: 0
...
040 (1253236.000.000) 2025-07-17 17:58:37 Finished transferring input files
...
001 (1253236.000.000) 2025-07-17 17:58:37 Job executing on host: <172.30.1.215:9618?addrs=172.30.1.215-9618&alias=node-w15.localdomain&noUDP&sock=startd_5151_bc6c>
	SlotName: slot1_8@node-w15.localdomain
	CondorScratchDir = "/var/lib/condor/execute/dir_773396"
	Cpus = 2
	Disk = 751616
	GPUs = 0
	Memory = 16000
...
006 (1253236.000.000) 2025-07-17 17:58:51 Image size of job updated: 893560
	873  -  MemoryUsage of job (MB)
	893560  -  ResidentSetSize of job (KB)
...
006 (1253236.000.000) 2025-07-17 17:59:03 Image size of job updated: 2242284
	2149  -  MemoryUsage of job (MB)
	2199792  -  ResidentSetSize of job (KB)
...
040 (1253236.000.000) 2025-07-17 17:59:03 Started transferring output files
	Seconds spent in queue: 29
...
040 (1253236.000.000) 2025-07-17 17:59:03 Finished transferring output files
...
021 (1253236.000.000) 2025-07-17 17:59:03 Error from starter on slot1_8@node-w15.localdomain:
	STARTER at 172.30.1.215 failed to send file(s) to <172.30.1.200:9618>: |Error: reading from file /var/lib/condor/execute/dir_773396/*.png: (errno 2) No such file or directory; SHADOW failed to receive file(s) from <172.30.1.215:34421>
	Code 13 Subcode 2
...
004 (1253236.000.000) 2025-07-17 17:59:03 Job was evicted.
	(0) CPU times
		Usr 0 00:00:20, Sys 0 00:00:04  -  Run Remote Usage
		Usr 0 00:00:00, Sys 0 00:00:00  -  Run Local Usage
	461  -  Run Bytes Sent By Job
	690337344  -  Run Bytes Received By Job
	Transfer output files failure at execution point slot1_8@node-w15.localdomain while sending files to access point tamsa2. Details: reading from file /var/lib/condor/execute/dir_773396/*.png: (errno 2) No such file or directory
	Partitionable Resources :    Usage  Request Allocated 
	   Cpus                 :                 2         2 
	   Disk (KB)            :  2774402   750000    751616 
	   GPUs                 :                           0 
	   Memory (MB)          :     2149    16000     16000 
	   TimeExecute (s)      :       26                    
	   TimeSlotBusy (s)     :       35                    
...
012 (1253236.000.000) 2025-07-17 17:59:04 Job was held.
	Transfer output files failure at execution point slot1_8@node-w15.localdomain while sending files to access point tamsa2. Details: reading from file /var/lib/condor/execute/dir_773396/*.png: (errno 2) No such file or directory
	Code 12 Subcode 2
...
009 (1253236.000.000) 2025-07-17 18:04:59 Job was aborted.
	via condor_rm (by user achihwan)

	Job terminated by itself at 2025-07-17T08:59:03Z (using method 0: OF_ITS_OWN_ACCORD).
...
000 (1253299.000.000) 2025-07-17 18:05:04 Job submitted from host: <172.30.1.200:9618?addrs=172.30.1.200-9618&alias=tamsa2&noUDP&sock=schedd_2531_a24a>
...
040 (1253299.000.000) 2025-07-17 18:05:30 Started transferring input files
	Transferring to host: <172.30.1.215:9618?addrs=172.30.1.215-9618&alias=node-w15.localdomain&noUDP&sock=slot1_12_5185_0d2c_105498>
...
040 (1253299.000.000) 2025-07-17 18:05:33 Finished transferring input files
...
001 (1253299.000.000) 2025-07-17 18:05:33 Job executing on host: <172.30.1.215:9618?addrs=172.30.1.215-9618&alias=node-w15.localdomain&noUDP&sock=startd_5151_bc6c>
	SlotName: slot1_12@node-w15.localdomain
	CondorScratchDir = "/var/lib/condor/execute/dir_775867"
	Cpus = 2
	Disk = 751616
	GPUs = 0
	Memory = 16000
...
006 (1253299.000.000) 2025-07-17 18:05:46 Image size of job updated: 905648
	885  -  MemoryUsage of job (MB)
	905648  -  ResidentSetSize of job (KB)
...
006 (1253299.000.000) 2025-07-17 18:10:47 Image size of job updated: 3365192
	2745  -  MemoryUsage of job (MB)
	2810144  -  ResidentSetSize of job (KB)
...
006 (1253299.000.000) 2025-07-17 18:13:43 Image size of job updated: 3383888
	2745  -  MemoryUsage of job (MB)
	2810144  -  ResidentSetSize of job (KB)
...
004 (1253299.000.000) 2025-07-17 18:13:44 Job was evicted.
	(0) CPU times
		Usr 0 00:05:11, Sys 0 00:01:51  -  Run Remote Usage
		Usr 0 00:00:00, Sys 0 00:00:00  -  Run Local Usage
	0  -  Run Bytes Sent By Job
	690337280  -  Run Bytes Received By Job
	Partitionable Resources :      Usage  Request Allocated 
	   Cpus                 :       0.83        2         2 
	   Disk (KB)            : 2774465      750000    751616 
	   GPUs                 :                             0 
	   Memory (MB)          :    2745       16000     16000 
	   TimeExecute (s)      :     490                       
	   TimeSlotBusy (s)     :     501                       
...
009 (1253299.000.000) 2025-07-17 18:13:44 Job was aborted.
	via condor_rm (by user achihwan)
...
000 (1253363.000.000) 2025-07-17 18:13:50 Job submitted from host: <172.30.1.200:9618?addrs=172.30.1.200-9618&alias=tamsa2&noUDP&sock=schedd_2531_a24a>
...
040 (1253363.000.000) 2025-07-17 18:15:54 Started transferring input files
	Transferring to host: <172.30.1.211:9618?addrs=172.30.1.211-9618&alias=node-w11.localdomain&noUDP&sock=slot1_7_4969_dc23_57941>
...
040 (1253363.000.000) 2025-07-17 18:15:57 Finished transferring input files
...
001 (1253363.000.000) 2025-07-17 18:15:57 Job executing on host: <172.30.1.211:9618?addrs=172.30.1.211-9618&alias=node-w11.localdomain&noUDP&sock=startd_4935_93f7>
	SlotName: slot1_7@node-w11.localdomain
	CondorScratchDir = "/var/lib/condor/execute/dir_408871"
	Cpus = 2
	Disk = 751616
	GPUs = 0
	Memory = 16000
...
006 (1253363.000.000) 2025-07-17 18:16:10 Image size of job updated: 1007468
	984  -  MemoryUsage of job (MB)
	1007468  -  ResidentSetSize of job (KB)
...
006 (1253363.000.000) 2025-07-17 18:21:10 Image size of job updated: 3434420
	2778  -  MemoryUsage of job (MB)
	2844388  -  ResidentSetSize of job (KB)
...
004 (1253363.000.000) 2025-07-17 18:23:23 Job was evicted.
	(0) CPU times
		Usr 0 00:05:51, Sys 0 00:00:46  -  Run Remote Usage
		Usr 0 00:00:00, Sys 0 00:00:00  -  Run Local Usage
	0  -  Run Bytes Sent By Job
	690337280  -  Run Bytes Received By Job
	Partitionable Resources :      Usage  Request Allocated 
	   Cpus                 :       0.95        2         2 
	   Disk (KB)            : 2774466      750000    751616 
	   GPUs                 :                             0 
	   Memory (MB)          :    2778       16000     16000 
	   TimeExecute (s)      :     444                       
	   TimeSlotBusy (s)     :     452                       
...
009 (1253363.000.000) 2025-07-17 18:23:23 Job was aborted.
	via condor_rm (by user achihwan)
...
000 (1253443.000.000) 2025-07-17 18:23:27 Job submitted from host: <172.30.1.200:9618?addrs=172.30.1.200-9618&alias=tamsa2&noUDP&sock=schedd_2531_a24a>
...
040 (1253443.000.000) 2025-07-17 18:23:53 Started transferring input files
	Transferring to host: <172.30.1.208:9618?addrs=172.30.1.208-9618&alias=node-w8.localdomain&noUDP&sock=slot1_14_4971_44e3_56937>
...
040 (1253443.000.000) 2025-07-17 18:23:56 Finished transferring input files
...
001 (1253443.000.000) 2025-07-17 18:23:56 Job executing on host: <172.30.1.208:9618?addrs=172.30.1.208-9618&alias=node-w8.localdomain&noUDP&sock=startd_4937_f328>
	SlotName: slot1_14@node-w8.localdomain
	CondorScratchDir = "/var/lib/condor/execute/dir_1027099"
	Cpus = 2
	Disk = 751616
	GPUs = 0
	Memory = 16000
...
006 (1253443.000.000) 2025-07-17 18:24:09 Image size of job updated: 1013904
	991  -  MemoryUsage of job (MB)
	1013904  -  ResidentSetSize of job (KB)
...
006 (1253443.000.000) 2025-07-17 18:28:53 Image size of job updated: 3376760
	2149  -  MemoryUsage of job (MB)
	2199844  -  ResidentSetSize of job (KB)
...
004 (1253443.000.000) 2025-07-17 18:28:53 Job was evicted.
	(0) CPU times
		Usr 0 00:04:02, Sys 0 00:00:23  -  Run Remote Usage
		Usr 0 00:00:00, Sys 0 00:00:00  -  Run Local Usage
	0  -  Run Bytes Sent By Job
	690337344  -  Run Bytes Received By Job
	Partitionable Resources :      Usage  Request Allocated 
	   Cpus                 :       0.89        2         2 
	   Disk (KB)            : 2774465      750000    751616 
	   GPUs                 :                             0 
	   Memory (MB)          :    2149       16000     16000 
	   TimeExecute (s)      :     296                       
	   TimeSlotBusy (s)     :     306                       
...
009 (1253443.000.000) 2025-07-17 18:28:53 Job was aborted.
	via condor_rm (by user achihwan)
...
000 (1253503.000.000) 2025-07-17 18:29:04 Job submitted from host: <172.30.1.200:9618?addrs=172.30.1.200-9618&alias=tamsa2&noUDP&sock=schedd_2531_a24a>
...
040 (1253503.000.000) 2025-07-17 18:29:27 Started transferring input files
	Transferring to host: <172.30.1.208:9618?addrs=172.30.1.208-9618&alias=node-w8.localdomain&noUDP&sock=slot1_12_4971_44e3_56951>
...
040 (1253503.000.000) 2025-07-17 18:29:30 Finished transferring input files
...
001 (1253503.000.000) 2025-07-17 18:29:30 Job executing on host: <172.30.1.208:9618?addrs=172.30.1.208-9618&alias=node-w8.localdomain&noUDP&sock=startd_4937_f328>
	SlotName: slot1_12@node-w8.localdomain
	CondorScratchDir = "/var/lib/condor/execute/dir_1028191"
	Cpus = 2
	Disk = 751616
	GPUs = 0
	Memory = 16000
...
006 (1253503.000.000) 2025-07-17 18:29:45 Image size of job updated: 1144816
	1118  -  MemoryUsage of job (MB)
	1144816  -  ResidentSetSize of job (KB)
...
006 (1253503.000.000) 2025-07-17 18:34:45 Image size of job updated: 3413584
	2881  -  MemoryUsage of job (MB)
	2949180  -  ResidentSetSize of job (KB)
...
006 (1253503.000.000) 2025-07-17 18:39:45 Image size of job updated: 3677616
	3284  -  MemoryUsage of job (MB)
	3361860  -  ResidentSetSize of job (KB)
...
006 (1253503.000.000) 2025-07-17 18:44:45 Image size of job updated: 3677616
	3290  -  MemoryUsage of job (MB)
	3368004  -  ResidentSetSize of job (KB)
...
006 (1253503.000.000) 2025-07-17 18:49:46 Image size of job updated: 3921024
	3398  -  MemoryUsage of job (MB)
	3478636  -  ResidentSetSize of job (KB)
...
006 (1253503.000.000) 2025-07-17 18:54:46 Image size of job updated: 3925860
	3398  -  MemoryUsage of job (MB)
	3478636  -  ResidentSetSize of job (KB)
...
006 (1253503.000.000) 2025-07-17 18:59:46 Image size of job updated: 4285712
	3445  -  MemoryUsage of job (MB)
	3527364  -  ResidentSetSize of job (KB)
...
006 (1253503.000.000) 2025-07-17 19:04:47 Image size of job updated: 4290424
	4190  -  MemoryUsage of job (MB)
	4290424  -  ResidentSetSize of job (KB)
...
006 (1253503.000.000) 2025-07-17 19:09:47 Image size of job updated: 4391720
	4190  -  MemoryUsage of job (MB)
	4290424  -  ResidentSetSize of job (KB)
...
006 (1253503.000.000) 2025-07-17 19:14:47 Image size of job updated: 4521628
	4276  -  MemoryUsage of job (MB)
	4377720  -  ResidentSetSize of job (KB)
...
006 (1253503.000.000) 2025-07-17 19:19:48 Image size of job updated: 4816692
	4409  -  MemoryUsage of job (MB)
	4514408  -  ResidentSetSize of job (KB)
...
006 (1253503.000.000) 2025-07-17 19:29:49 Image size of job updated: 4965684
	4443  -  MemoryUsage of job (MB)
	4549316  -  ResidentSetSize of job (KB)
...
006 (1253503.000.000) 2025-07-17 19:34:49 Image size of job updated: 5325660
	4589  -  MemoryUsage of job (MB)
	4698168  -  ResidentSetSize of job (KB)
...
006 (1253503.000.000) 2025-07-17 19:39:49 Image size of job updated: 5332812
	4835  -  MemoryUsage of job (MB)
	4950620  -  ResidentSetSize of job (KB)
...
006 (1253503.000.000) 2025-07-17 19:44:50 Image size of job updated: 5627004
	4873  -  MemoryUsage of job (MB)
	4989376  -  ResidentSetSize of job (KB)
...
006 (1253503.000.000) 2025-07-17 19:49:50 Image size of job updated: 5793856
	5027  -  MemoryUsage of job (MB)
	5147176  -  ResidentSetSize of job (KB)
...
006 (1253503.000.000) 2025-07-17 19:54:51 Image size of job updated: 6047424
	5233  -  MemoryUsage of job (MB)
	5358564  -  ResidentSetSize of job (KB)
...
040 (1253503.000.000) 2025-07-17 19:57:08 Started transferring output files
...
040 (1253503.000.000) 2025-07-17 19:57:08 Finished transferring output files
...
005 (1253503.000.000) 2025-07-17 19:57:09 Job terminated.
	(1) Normal termination (return value 0)
		Usr 0 01:07:01, Sys 0 00:10:57  -  Run Remote Usage
		Usr 0 00:00:00, Sys 0 00:00:00  -  Run Local Usage
		Usr 0 01:07:01, Sys 0 00:10:57  -  Total Remote Usage
		Usr 0 00:00:00, Sys 0 00:00:00  -  Total Local Usage
	209494  -  Run Bytes Sent By Job
	690337920  -  Run Bytes Received By Job
	209494  -  Total Bytes Sent By Job
	690337920  -  Total Bytes Received By Job
	Partitionable Resources :      Usage  Request Allocated 
	   Cpus                 :       0.89        2         2 
	   Disk (KB)            : 2774721      750000    751616 
	   GPUs                 :                             0 
	   Memory (MB)          :    5233       16000     16000 
	   TimeExecute (s)      :    5258                       
	   TimeSlotBusy (s)     :    5266                       

	Job terminated of its own accord at 2025-07-17T10:57:08Z with exit-code 0.
...
000 (1254388.000.000) 2025-07-17 22:18:39 Job submitted from host: <172.30.1.200:9618?addrs=172.30.1.200-9618&alias=tamsa2&noUDP&sock=schedd_2531_a24a>
...
040 (1254388.000.000) 2025-07-17 22:18:58 Started transferring input files
	Transferring to host: <172.30.1.214:9618?addrs=172.30.1.214-9618&alias=node-w14.localdomain&noUDP&sock=slot1_1_5193_b02c_93040>
...
040 (1254388.000.000) 2025-07-17 22:19:02 Finished transferring input files
...
001 (1254388.000.000) 2025-07-17 22:19:02 Job executing on host: <172.30.1.214:9618?addrs=172.30.1.214-9618&alias=node-w14.localdomain&noUDP&sock=startd_5159_392e>
	SlotName: slot1_1@node-w14.localdomain
	CondorScratchDir = "/var/lib/condor/execute/dir_1112871"
	Cpus = 2
	Disk = 751616
	GPUs = 0
	Memory = 16000
...
006 (1254388.000.000) 2025-07-17 22:19:15 Image size of job updated: 862360
	843  -  MemoryUsage of job (MB)
	862360  -  ResidentSetSize of job (KB)
...
006 (1254388.000.000) 2025-07-17 22:24:15 Image size of job updated: 3415552
	3221  -  MemoryUsage of job (MB)
	3297840  -  ResidentSetSize of job (KB)
...
