000 (1246637.000.000) 2025-07-17 16:10:36 Job submitted from host: <172.30.1.200:9618?addrs=172.30.1.200-9618&alias=tamsa2&noUDP&sock=schedd_2531_a24a>
...
040 (1246637.000.000) 2025-07-17 16:10:40 Started transferring input files
	Transferring to host: <172.30.1.207:9618?addrs=172.30.1.207-9618&alias=node-w7.localdomain&noUDP&sock=slot1_3_4978_3384_38183>
...
001 (1246637.000.000) 2025-07-17 16:10:40 Job executing on host: <172.30.1.207:9618?addrs=172.30.1.207-9618&alias=node-w7.localdomain&noUDP&sock=startd_4944_c052>
	SlotName: slot1_3@node-w7.localdomain
	CondorScratchDir = "/var/lib/condor/execute/dir_2116850"
	Cpus = 2
	Disk = 2048
	GPUs = 0
	Memory = 16000
...
040 (1246637.000.000) 2025-07-17 16:10:40 Finished transferring input files
...
021 (1246637.000.000) 2025-07-17 16:10:45 Error from starter on slot1_3@node-w7.localdomain:
	Failed to execute '/var/lib/condor/execute/dir_2116850/run_WZto2L2Q.py': (errno=8: 'Exec format error')
	Code 6 Subcode 8
...
004 (1246637.000.000) 2025-07-17 16:10:45 Job was evicted.
	(0) CPU times
		Usr 0 00:00:00, Sys 0 00:00:00  -  Run Remote Usage
		Usr 0 00:00:00, Sys 0 00:00:00  -  Run Local Usage
	0  -  Run Bytes Sent By Job
	24716  -  Run Bytes Received By Job
	Error from slot1_3@node-w7.localdomain: Failed to execute '/var/lib/condor/execute/dir_2116850/run_WZto2L2Q.py': (errno=8: 'Exec format error')
	Partitionable Resources :    Usage  Request Allocated 
	   Cpus                 :                 2         2 
	   Disk (KB)            :       27       27      2048 
	   GPUs                 :                           0 
	   Memory (MB)          :             16000     16000 
	   TimeSlotBusy (s)     :        5                    
...
012 (1246637.000.000) 2025-07-17 16:10:45 Job was held.
	Error from slot1_3@node-w7.localdomain: Failed to execute '/var/lib/condor/execute/dir_2116850/run_WZto2L2Q.py': (errno=8: 'Exec format error')
	Code 6 Subcode 8
...
009 (1246637.000.000) 2025-07-17 16:11:55 Job was aborted.
	via condor_rm (by user achihwan)
...
000 (1246689.000.000) 2025-07-17 16:14:07 Job submitted from host: <172.30.1.200:9618?addrs=172.30.1.200-9618&alias=tamsa2&noUDP&sock=schedd_2531_a24a>
...
040 (1246689.000.000) 2025-07-17 16:14:23 Started transferring input files
	Transferring to host: <172.30.1.208:9618?addrs=172.30.1.208-9618&alias=node-w8.localdomain&noUDP&sock=slot1_37_4971_44e3_56491>
...
001 (1246689.000.000) 2025-07-17 16:14:23 Job executing on host: <172.30.1.208:9618?addrs=172.30.1.208-9618&alias=node-w8.localdomain&noUDP&sock=startd_4937_f328>
	SlotName: slot1_37@node-w8.localdomain
	CondorScratchDir = "/var/lib/condor/execute/dir_972528"
	Cpus = 2
	Disk = 2048
	GPUs = 0
	Memory = 16000
...
040 (1246689.000.000) 2025-07-17 16:14:23 Finished transferring input files
...
021 (1246689.000.000) 2025-07-17 16:14:28 Error from starter on slot1_37@node-w8.localdomain:
	Failed to execute '/var/lib/condor/execute/dir_972528/run_WZto2L2Q.py' with arguments python *.py: (errno=8: 'Exec format error')
	Code 6 Subcode 8
...
004 (1246689.000.000) 2025-07-17 16:14:28 Job was evicted.
	(0) CPU times
		Usr 0 00:00:00, Sys 0 00:00:00  -  Run Remote Usage
		Usr 0 00:00:00, Sys 0 00:00:00  -  Run Local Usage
	0  -  Run Bytes Sent By Job
	24716  -  Run Bytes Received By Job
	Error from slot1_37@node-w8.localdomain: Failed to execute '/var/lib/condor/execute/dir_972528/run_WZto2L2Q.py' with arguments python *.py: (errno=8: 'Exec format error')
	Partitionable Resources :    Usage  Request Allocated 
	   Cpus                 :                 2         2 
	   Disk (KB)            :       27       27      2048 
	   GPUs                 :                           0 
	   Memory (MB)          :             16000     16000 
	   TimeSlotBusy (s)     :        5                    
...
012 (1246689.000.000) 2025-07-17 16:14:28 Job was held.
	Error from slot1_37@node-w8.localdomain: Failed to execute '/var/lib/condor/execute/dir_972528/run_WZto2L2Q.py' with arguments python *.py: (errno=8: 'Exec format error')
	Code 6 Subcode 8
...
009 (1246689.000.000) 2025-07-17 16:16:03 Job was aborted.
	via condor_rm (by user achihwan)
...
000 (1247389.000.000) 2025-07-17 16:30:15 Job submitted from host: <172.30.1.200:9618?addrs=172.30.1.200-9618&alias=tamsa2&noUDP&sock=schedd_2531_a24a>
...
040 (1247389.000.000) 2025-07-17 16:30:36 Started transferring input files
	Transferring to host: <172.30.1.103:9618?addrs=172.30.1.103-9618&alias=node-g3.localdomain&noUDP&sock=slot1_7_5357_3db3_14690>
...
001 (1247389.000.000) 2025-07-17 16:30:36 Job executing on host: <172.30.1.103:9618?addrs=172.30.1.103-9618&alias=node-g3.localdomain&noUDP&sock=startd_5323_b6b6>
	SlotName: slot1_7@node-g3.localdomain
	CondorScratchDir = "/var/lib/condor/execute/dir_3258197"
	Cpus = 2
	Disk = 2048
	GPUs = 0
	Memory = 16000
...
040 (1247389.000.000) 2025-07-17 16:30:36 Finished transferring input files
...
006 (1247389.000.000) 2025-07-17 16:30:41 Image size of job updated: 108
	1  -  MemoryUsage of job (MB)
	4  -  ResidentSetSize of job (KB)
...
040 (1247389.000.000) 2025-07-17 16:30:41 Started transferring output files
...
040 (1247389.000.000) 2025-07-17 16:30:41 Finished transferring output files
...
021 (1247389.000.000) 2025-07-17 16:30:42 Error from starter on slot1_7@node-g3.localdomain:
	STARTER at 172.30.1.103 failed to send file(s) to <172.30.1.200:9618>: |Error: reading from file /var/lib/condor/execute/dir_3258197/*.png: (errno 2) No such file or directory; SHADOW failed to receive file(s) from <172.30.1.103:35757>
	Code 13 Subcode 2
...
004 (1247389.000.000) 2025-07-17 16:30:42 Job was evicted.
	(0) CPU times
		Usr 0 00:00:00, Sys 0 00:00:00  -  Run Remote Usage
		Usr 0 00:00:00, Sys 0 00:00:00  -  Run Local Usage
	133  -  Run Bytes Sent By Job
	24762  -  Run Bytes Received By Job
	Transfer output files failure at execution point slot1_7@node-g3.localdomain while sending files to access point tamsa2. Details: reading from file /var/lib/condor/execute/dir_3258197/*.png: (errno 2) No such file or directory
	Partitionable Resources :    Usage  Request Allocated 
	   Cpus                 :        0        2         2 
	   Disk (KB)            :       47       27      2048 
	   GPUs                 :                           0 
	   Memory (MB)          :        1    16000     16000 
	   TimeExecute (s)      :        5                    
	   TimeSlotBusy (s)     :        6                    
...
012 (1247389.000.000) 2025-07-17 16:30:42 Job was held.
	Transfer output files failure at execution point slot1_7@node-g3.localdomain while sending files to access point tamsa2. Details: reading from file /var/lib/condor/execute/dir_3258197/*.png: (errno 2) No such file or directory
	Code 12 Subcode 2
...
009 (1247389.000.000) 2025-07-17 16:32:04 Job was aborted.
	via condor_rm (by user achihwan)

	Job terminated by itself at 2025-07-17T07:30:41Z (using method 0: OF_ITS_OWN_ACCORD).
...
000 (1247449.000.000) 2025-07-17 16:32:08 Job submitted from host: <172.30.1.200:9618?addrs=172.30.1.200-9618&alias=tamsa2&noUDP&sock=schedd_2531_a24a>
...
040 (1247449.000.000) 2025-07-17 16:32:29 Started transferring input files
	Transferring to host: <172.30.1.110:9618?addrs=172.30.1.110-9618&alias=node-g10.localdomain&noUDP&sock=slot1_1_6414_fe3e_19781>
...
040 (1247449.000.000) 2025-07-17 16:32:29 Finished transferring input files
...
001 (1247449.000.000) 2025-07-17 16:32:29 Job executing on host: <172.30.1.110:9618?addrs=172.30.1.110-9618&alias=node-g10.localdomain&noUDP&sock=startd_6380_ba51>
	SlotName: slot1_1@node-g10.localdomain
	CondorScratchDir = "/var/lib/condor/execute/dir_3257147"
	Cpus = 2
	Disk = 2048
	GPUs = 0
	Memory = 16000
...
006 (1247449.000.000) 2025-07-17 16:32:34 Image size of job updated: 104
	1  -  MemoryUsage of job (MB)
	4  -  ResidentSetSize of job (KB)
...
040 (1247449.000.000) 2025-07-17 16:32:34 Started transferring output files
...
040 (1247449.000.000) 2025-07-17 16:32:34 Finished transferring output files
...
021 (1247449.000.000) 2025-07-17 16:32:34 Error from starter on slot1_1@node-g10.localdomain:
	STARTER at 172.30.1.110 failed to send file(s) to <172.30.1.200:9618>: |Error: reading from file /var/lib/condor/execute/dir_3257147/*.png: (errno 2) No such file or directory; SHADOW failed to receive file(s) from <172.30.1.110:44407>
	Code 13 Subcode 2
...
004 (1247449.000.000) 2025-07-17 16:32:34 Job was evicted.
	(0) CPU times
		Usr 0 00:00:00, Sys 0 00:00:00  -  Run Remote Usage
		Usr 0 00:00:00, Sys 0 00:00:00  -  Run Local Usage
	111  -  Run Bytes Sent By Job
	24751  -  Run Bytes Received By Job
	Transfer output files failure at execution point slot1_1@node-g10.localdomain while sending files to access point tamsa2. Details: reading from file /var/lib/condor/execute/dir_3257147/*.png: (errno 2) No such file or directory
	Partitionable Resources :    Usage  Request Allocated 
	   Cpus                 :        0        2         2 
	   Disk (KB)            :       47       27      2048 
	   GPUs                 :                           0 
	   Memory (MB)          :        1    16000     16000 
	   TimeExecute (s)      :        5                    
	   TimeSlotBusy (s)     :        5                    
...
012 (1247449.000.000) 2025-07-17 16:32:35 Job was held.
	Transfer output files failure at execution point slot1_1@node-g10.localdomain while sending files to access point tamsa2. Details: reading from file /var/lib/condor/execute/dir_3257147/*.png: (errno 2) No such file or directory
	Code 12 Subcode 2
...
009 (1247449.000.000) 2025-07-17 16:36:30 Job was aborted.
	via condor_rm (by user achihwan)

	Job terminated by itself at 2025-07-17T07:32:34Z (using method 0: OF_ITS_OWN_ACCORD).
...
000 (1247509.000.000) 2025-07-17 16:36:35 Job submitted from host: <172.30.1.200:9618?addrs=172.30.1.200-9618&alias=tamsa2&noUDP&sock=schedd_2531_a24a>
...
040 (1247509.000.000) 2025-07-17 16:36:55 Started transferring input files
	Transferring to host: <172.30.1.205:9618?addrs=172.30.1.205-9618&alias=node-w5.localdomain&noUDP&sock=slot1_4_5098_c088_47537>
...
040 (1247509.000.000) 2025-07-17 16:36:55 Finished transferring input files
...
001 (1247509.000.000) 2025-07-17 16:36:55 Job executing on host: <172.30.1.205:9618?addrs=172.30.1.205-9618&alias=node-w5.localdomain&noUDP&sock=startd_5064_0faf>
	SlotName: slot1_4@node-w5.localdomain
	CondorScratchDir = "/var/lib/condor/execute/dir_2794130"
	Cpus = 2
	Disk = 2048
	GPUs = 0
	Memory = 16000
...
006 (1247509.000.000) 2025-07-17 16:37:00 Image size of job updated: 164
	1  -  MemoryUsage of job (MB)
	8  -  ResidentSetSize of job (KB)
...
040 (1247509.000.000) 2025-07-17 16:37:01 Started transferring output files
...
040 (1247509.000.000) 2025-07-17 16:37:01 Finished transferring output files
...
021 (1247509.000.000) 2025-07-17 16:37:01 Error from starter on slot1_4@node-w5.localdomain:
	STARTER at 172.30.1.205 failed to send file(s) to <172.30.1.200:9618>: |Error: reading from file /var/lib/condor/execute/dir_2794130/*.png: (errno 2) No such file or directory; SHADOW failed to receive file(s) from <172.30.1.205:36585>
	Code 13 Subcode 2
...
004 (1247509.000.000) 2025-07-17 16:37:01 Job was evicted.
	(0) CPU times
		Usr 0 00:00:00, Sys 0 00:00:00  -  Run Remote Usage
		Usr 0 00:00:00, Sys 0 00:00:00  -  Run Local Usage
	195  -  Run Bytes Sent By Job
	24755  -  Run Bytes Received By Job
	Transfer output files failure at execution point slot1_4@node-w5.localdomain while sending files to access point tamsa2. Details: reading from file /var/lib/condor/execute/dir_2794130/*.png: (errno 2) No such file or directory
	Partitionable Resources :    Usage  Request Allocated 
	   Cpus                 :        0        2         2 
	   Disk (KB)            :       47       27      2048 
	   GPUs                 :                           0 
	   Memory (MB)          :        1    16000     16000 
	   TimeExecute (s)      :        5                    
	   TimeSlotBusy (s)     :        6                    
...
012 (1247509.000.000) 2025-07-17 16:37:01 Job was held.
	Transfer output files failure at execution point slot1_4@node-w5.localdomain while sending files to access point tamsa2. Details: reading from file /var/lib/condor/execute/dir_2794130/*.png: (errno 2) No such file or directory
	Code 12 Subcode 2
...
009 (1247509.000.000) 2025-07-17 16:38:09 Job was aborted.
	via condor_rm (by user achihwan)

	Job terminated by itself at 2025-07-17T07:37:00Z (using method 0: OF_ITS_OWN_ACCORD).
...
000 (1247568.000.000) 2025-07-17 16:38:17 Job submitted from host: <172.30.1.200:9618?addrs=172.30.1.200-9618&alias=tamsa2&noUDP&sock=schedd_2531_a24a>
...
040 (1247568.000.000) 2025-07-17 16:39:38 Started transferring input files
	Transferring to host: <172.30.1.212:9618?addrs=172.30.1.212-9618&alias=node-w12.localdomain&noUDP&sock=slot1_18_4978_3384_91631>
...
001 (1247568.000.000) 2025-07-17 16:39:38 Job executing on host: <172.30.1.212:9618?addrs=172.30.1.212-9618&alias=node-w12.localdomain&noUDP&sock=startd_4944_c052>
	SlotName: slot1_18@node-w12.localdomain
	CondorScratchDir = "/var/lib/condor/execute/dir_1062869"
	Cpus = 2
	Disk = 2048
	GPUs = 0
	Memory = 16000
...
040 (1247568.000.000) 2025-07-17 16:39:38 Finished transferring input files
...
006 (1247568.000.000) 2025-07-17 16:39:43 Image size of job updated: 148
	1  -  MemoryUsage of job (MB)
	8  -  ResidentSetSize of job (KB)
...
040 (1247568.000.000) 2025-07-17 16:39:43 Started transferring output files
...
040 (1247568.000.000) 2025-07-17 16:39:43 Finished transferring output files
...
021 (1247568.000.000) 2025-07-17 16:39:43 Error from starter on slot1_18@node-w12.localdomain:
	STARTER at 172.30.1.212 failed to send file(s) to <172.30.1.200:9618>: |Error: reading from file /var/lib/condor/execute/dir_1062869/*.png: (errno 2) No such file or directory; SHADOW failed to receive file(s) from <172.30.1.212:45139>
	Code 13 Subcode 2
...
004 (1247568.000.000) 2025-07-17 16:39:43 Job was evicted.
	(0) CPU times
		Usr 0 00:00:00, Sys 0 00:00:00  -  Run Remote Usage
		Usr 0 00:00:00, Sys 0 00:00:00  -  Run Local Usage
	265  -  Run Bytes Sent By Job
	24759  -  Run Bytes Received By Job
	Transfer output files failure at execution point slot1_18@node-w12.localdomain while sending files to access point tamsa2. Details: reading from file /var/lib/condor/execute/dir_1062869/*.png: (errno 2) No such file or directory
	Partitionable Resources :    Usage  Request Allocated 
	   Cpus                 :        0        2         2 
	   Disk (KB)            :       47       27      2048 
	   GPUs                 :                           0 
	   Memory (MB)          :        1    16000     16000 
	   TimeExecute (s)      :        5                    
	   TimeSlotBusy (s)     :        5                    
...
012 (1247568.000.000) 2025-07-17 16:39:43 Job was held.
	Transfer output files failure at execution point slot1_18@node-w12.localdomain while sending files to access point tamsa2. Details: reading from file /var/lib/condor/execute/dir_1062869/*.png: (errno 2) No such file or directory
	Code 12 Subcode 2
...
009 (1247568.000.000) 2025-07-17 16:41:20 Job was aborted.
	via condor_rm (by user achihwan)

	Job terminated by itself at 2025-07-17T07:39:43Z (using method 0: OF_ITS_OWN_ACCORD).
...
000 (1247630.000.000) 2025-07-17 16:51:13 Job submitted from host: <172.30.1.200:9618?addrs=172.30.1.200-9618&alias=tamsa2&noUDP&sock=schedd_2531_a24a>
...
040 (1247630.000.000) 2025-07-17 16:51:32 Started transferring input files
	Transferring to host: <172.30.1.204:9618?addrs=172.30.1.204-9618&alias=node-w4.localdomain&noUDP&sock=slot1_5_4930_6182_68139>
...
040 (1247630.000.000) 2025-07-17 16:51:36 Finished transferring input files
...
001 (1247630.000.000) 2025-07-17 16:51:36 Job executing on host: <172.30.1.204:9618?addrs=172.30.1.204-9618&alias=node-w4.localdomain&noUDP&sock=startd_4896_d3c6>
	SlotName: slot1_5@node-w4.localdomain
	CondorScratchDir = "/var/lib/condor/execute/dir_1998126"
	Cpus = 2
	Disk = 751616
	GPUs = 0
	Memory = 16000
...
006 (1247630.000.000) 2025-07-17 16:51:50 Image size of job updated: 997104
	974  -  MemoryUsage of job (MB)
	997104  -  ResidentSetSize of job (KB)
...
006 (1247630.000.000) 2025-07-17 16:52:01 Image size of job updated: 2199792
	2149  -  MemoryUsage of job (MB)
	2199792  -  ResidentSetSize of job (KB)
...
040 (1247630.000.000) 2025-07-17 16:52:01 Started transferring output files
...
040 (1247630.000.000) 2025-07-17 16:52:01 Finished transferring output files
...
021 (1247630.000.000) 2025-07-17 16:52:01 Error from starter on slot1_5@node-w4.localdomain:
	STARTER at 172.30.1.204 failed to send file(s) to <172.30.1.200:9618>: |Error: reading from file /var/lib/condor/execute/dir_1998126/*.png: (errno 2) No such file or directory; SHADOW failed to receive file(s) from <172.30.1.204:39161>
	Code 13 Subcode 2
...
004 (1247630.000.000) 2025-07-17 16:52:01 Job was evicted.
	(0) CPU times
		Usr 0 00:00:19, Sys 0 00:00:04  -  Run Remote Usage
		Usr 0 00:00:00, Sys 0 00:00:00  -  Run Local Usage
	597  -  Run Bytes Sent By Job
	690281664  -  Run Bytes Received By Job
	Transfer output files failure at execution point slot1_5@node-w4.localdomain while sending files to access point tamsa2. Details: reading from file /var/lib/condor/execute/dir_1998126/*.png: (errno 2) No such file or directory
	Partitionable Resources :    Usage  Request Allocated 
	   Cpus                 :        0        2         2 
	   Disk (KB)            :  2774354   750000    751616 
	   GPUs                 :                           0 
	   Memory (MB)          :     2149    16000     16000 
	   TimeExecute (s)      :       25                    
	   TimeSlotBusy (s)     :       29                    
...
012 (1247630.000.000) 2025-07-17 16:52:01 Job was held.
	Transfer output files failure at execution point slot1_5@node-w4.localdomain while sending files to access point tamsa2. Details: reading from file /var/lib/condor/execute/dir_1998126/*.png: (errno 2) No such file or directory
	Code 12 Subcode 2
...
009 (1247630.000.000) 2025-07-17 17:02:33 Job was aborted.
	via condor_rm (by user achihwan)

	Job terminated by itself at 2025-07-17T07:52:01Z (using method 0: OF_ITS_OWN_ACCORD).
...
000 (1247691.000.000) 2025-07-17 17:02:55 Job submitted from host: <172.30.1.200:9618?addrs=172.30.1.200-9618&alias=tamsa2&noUDP&sock=schedd_2531_a24a>
...
040 (1247691.000.000) 2025-07-17 17:03:14 Started transferring input files
	Transferring to host: <172.30.1.203:9618?addrs=172.30.1.203-9618&alias=node-w3.localdomain&noUDP&sock=slot1_23_4993_c524_82440>
...
040 (1247691.000.000) 2025-07-17 17:03:14 Finished transferring input files
...
040 (1247691.000.000) 2025-07-17 17:03:15 Started transferring output files
...
021 (1247691.000.000) 2025-07-17 17:03:15 Error from starter on slot1_23@node-w3.localdomain:
	Failed to transfer files: SHADOW at 172.30.1.200 failed to send file(s) to <172.30.1.203:41995>: |Error: reading from file /data6/Users/achihwan/hepenv.tar.gz: (errno 2) No such file or directory; STARTER failed to receive file(s) from <172.30.1.200:9618>
	Code 13 Subcode 2
...
004 (1247691.000.000) 2025-07-17 17:03:15 Job was evicted.
	(0) CPU times
		Usr 0 00:00:00, Sys 0 00:00:00  -  Run Remote Usage
		Usr 0 00:00:00, Sys 0 00:00:00  -  Run Local Usage
	0  -  Run Bytes Sent By Job
	24803  -  Run Bytes Received By Job
	Transfer input files failure at access point tamsa2 while sending files to execution point slot1_23@node-w3.localdomain. Details: reading from file /data6/Users/achihwan/hepenv.tar.gz: (errno 2) No such file or directory
	Partitionable Resources :    Usage  Request Allocated 
	   Cpus                 :                 2         2 
	   Disk (KB)            :       40       27      2048 
	   GPUs                 :                           0 
	   Memory (MB)          :             16000     16000 
...
012 (1247691.000.000) 2025-07-17 17:03:15 Job was held.
	Transfer input files failure at access point tamsa2 while sending files to execution point slot1_23@node-w3.localdomain. Details: reading from file /data6/Users/achihwan/hepenv.tar.gz: (errno 2) No such file or directory
	Code 13 Subcode 2
...
009 (1247691.000.000) 2025-07-17 17:05:02 Job was aborted.
	via condor_rm (by user achihwan)
...
000 (1247751.000.000) 2025-07-17 17:05:06 Job submitted from host: <172.30.1.200:9618?addrs=172.30.1.200-9618&alias=tamsa2&noUDP&sock=schedd_2531_a24a>
...
040 (1247751.000.000) 2025-07-17 17:05:25 Started transferring input files
	Transferring to host: <172.30.1.213:9618?addrs=172.30.1.213-9618&alias=node-w13.localdomain&noUDP&sock=slot1_16_4972_f943_94093>
...
040 (1247751.000.000) 2025-07-17 17:05:25 Finished transferring input files
...
040 (1247751.000.000) 2025-07-17 17:05:27 Started transferring output files
...
021 (1247751.000.000) 2025-07-17 17:05:27 Error from starter on slot1_16@node-w13.localdomain:
	Failed to transfer files: SHADOW at 172.30.1.200 failed to send file(s) to <172.30.1.213:44069>: |Error: reading from file /data6/Users/achihwan/hepenv.tar.gz: (errno 2) No such file or directory; STARTER failed to receive file(s) from <172.30.1.200:9618>
	Code 13 Subcode 2
...
004 (1247751.000.000) 2025-07-17 17:05:27 Job was evicted.
	(0) CPU times
		Usr 0 00:00:00, Sys 0 00:00:00  -  Run Remote Usage
		Usr 0 00:00:00, Sys 0 00:00:00  -  Run Local Usage
	0  -  Run Bytes Sent By Job
	24753  -  Run Bytes Received By Job
	Transfer input files failure at access point tamsa2 while sending files to execution point slot1_16@node-w13.localdomain. Details: reading from file /data6/Users/achihwan/hepenv.tar.gz: (errno 2) No such file or directory
	Partitionable Resources :    Usage  Request Allocated 
	   Cpus                 :                 2         2 
	   Disk (KB)            :       40       27      2048 
	   GPUs                 :                           0 
	   Memory (MB)          :             16000     16000 
...
012 (1247751.000.000) 2025-07-17 17:05:27 Job was held.
	Transfer input files failure at access point tamsa2 while sending files to execution point slot1_16@node-w13.localdomain. Details: reading from file /data6/Users/achihwan/hepenv.tar.gz: (errno 2) No such file or directory
	Code 13 Subcode 2
...
009 (1247751.000.000) 2025-07-17 17:06:33 Job was aborted.
	via condor_rm (by user achihwan)
...
000 (1247810.000.000) 2025-07-17 17:06:36 Job submitted from host: <172.30.1.200:9618?addrs=172.30.1.200-9618&alias=tamsa2&noUDP&sock=schedd_2531_a24a>
...
040 (1247810.000.000) 2025-07-17 17:06:48 Started transferring input files
	Transferring to host: <172.30.1.211:9618?addrs=172.30.1.211-9618&alias=node-w11.localdomain&noUDP&sock=slot1_3_4969_dc23_57764>
...
001 (1247810.000.000) 2025-07-17 17:06:48 Job executing on host: <172.30.1.211:9618?addrs=172.30.1.211-9618&alias=node-w11.localdomain&noUDP&sock=startd_4935_93f7>
	SlotName: slot1_3@node-w11.localdomain
	CondorScratchDir = "/var/lib/condor/execute/dir_367501"
	Cpus = 2
	Disk = 2048
	GPUs = 0
	Memory = 16000
...
040 (1247810.000.000) 2025-07-17 17:06:48 Finished transferring input files
...
006 (1247810.000.000) 2025-07-17 17:06:53 Image size of job updated: 108
	1  -  MemoryUsage of job (MB)
	8  -  ResidentSetSize of job (KB)
...
040 (1247810.000.000) 2025-07-17 17:06:53 Started transferring output files
...
040 (1247810.000.000) 2025-07-17 17:06:53 Finished transferring output files
...
021 (1247810.000.000) 2025-07-17 17:06:53 Error from starter on slot1_3@node-w11.localdomain:
	STARTER at 172.30.1.211 failed to send file(s) to <172.30.1.200:9618>: |Error: reading from file /var/lib/condor/execute/dir_367501/*.png: (errno 2) No such file or directory; SHADOW failed to receive file(s) from <172.30.1.211:33387>
	Code 13 Subcode 2
...
004 (1247810.000.000) 2025-07-17 17:06:53 Job was evicted.
	(0) CPU times
		Usr 0 00:00:00, Sys 0 00:00:00  -  Run Remote Usage
		Usr 0 00:00:00, Sys 0 00:00:00  -  Run Local Usage
	264  -  Run Bytes Sent By Job
	24753  -  Run Bytes Received By Job
	Transfer output files failure at execution point slot1_3@node-w11.localdomain while sending files to access point tamsa2. Details: reading from file /var/lib/condor/execute/dir_367501/*.png: (errno 2) No such file or directory
	Partitionable Resources :    Usage  Request Allocated 
	   Cpus                 :        0        2         2 
	   Disk (KB)            :       47       27      2048 
	   GPUs                 :                           0 
	   Memory (MB)          :        1    16000     16000 
	   TimeExecute (s)      :        5                    
	   TimeSlotBusy (s)     :        5                    
...
012 (1247810.000.000) 2025-07-17 17:06:53 Job was held.
	Transfer output files failure at execution point slot1_3@node-w11.localdomain while sending files to access point tamsa2. Details: reading from file /var/lib/condor/execute/dir_367501/*.png: (errno 2) No such file or directory
	Code 12 Subcode 2
...
009 (1247810.000.000) 2025-07-17 17:08:14 Job was aborted.
	via condor_rm (by user achihwan)

	Job terminated by itself at 2025-07-17T08:06:53Z (using method 0: OF_ITS_OWN_ACCORD).
...
000 (1247869.000.000) 2025-07-17 17:08:22 Job submitted from host: <172.30.1.200:9618?addrs=172.30.1.200-9618&alias=tamsa2&noUDP&sock=schedd_2531_a24a>
...
009 (1247869.000.000) 2025-07-17 17:08:34 Job was aborted.
	via condor_rm (by user achihwan)
...
000 (1247928.000.000) 2025-07-17 17:08:51 Job submitted from host: <172.30.1.200:9618?addrs=172.30.1.200-9618&alias=tamsa2&noUDP&sock=schedd_2531_a24a>
...
040 (1247928.000.000) 2025-07-17 17:09:03 Started transferring input files
	Transferring to host: <172.30.1.210:9618?addrs=172.30.1.210-9618&alias=node-w10.localdomain&noUDP&sock=slot1_4_4947_5be2_33408>
...
001 (1247928.000.000) 2025-07-17 17:09:03 Job executing on host: <172.30.1.210:9618?addrs=172.30.1.210-9618&alias=node-w10.localdomain&noUDP&sock=startd_4913_7ce2>
	SlotName: slot1_4@node-w10.localdomain
	CondorScratchDir = "/var/lib/condor/execute/dir_3645401"
	Cpus = 2
	Disk = 2048
	GPUs = 0
	Memory = 16000
...
040 (1247928.000.000) 2025-07-17 17:09:03 Finished transferring input files
...
006 (1247928.000.000) 2025-07-17 17:09:08 Image size of job updated: 120
	1  -  MemoryUsage of job (MB)
	8  -  ResidentSetSize of job (KB)
...
040 (1247928.000.000) 2025-07-17 17:09:08 Started transferring output files
...
040 (1247928.000.000) 2025-07-17 17:09:08 Finished transferring output files
...
021 (1247928.000.000) 2025-07-17 17:09:08 Error from starter on slot1_4@node-w10.localdomain:
	STARTER at 172.30.1.210 failed to send file(s) to <172.30.1.200:9618>: |Error: reading from file /var/lib/condor/execute/dir_3645401/*.png: (errno 2) No such file or directory; SHADOW failed to receive file(s) from <172.30.1.210:39389>
	Code 13 Subcode 2
...
004 (1247928.000.000) 2025-07-17 17:09:08 Job was evicted.
	(0) CPU times
		Usr 0 00:00:00, Sys 0 00:00:00  -  Run Remote Usage
		Usr 0 00:00:00, Sys 0 00:00:00  -  Run Local Usage
	265  -  Run Bytes Sent By Job
	24753  -  Run Bytes Received By Job
	Transfer output files failure at execution point slot1_4@node-w10.localdomain while sending files to access point tamsa2. Details: reading from file /var/lib/condor/execute/dir_3645401/*.png: (errno 2) No such file or directory
	Partitionable Resources :    Usage  Request Allocated 
	   Cpus                 :        0        2         2 
	   Disk (KB)            :       47       27      2048 
	   GPUs                 :                           0 
	   Memory (MB)          :        1    16000     16000 
	   TimeExecute (s)      :        5                    
	   TimeSlotBusy (s)     :        5                    
...
012 (1247928.000.000) 2025-07-17 17:09:08 Job was held.
	Transfer output files failure at execution point slot1_4@node-w10.localdomain while sending files to access point tamsa2. Details: reading from file /var/lib/condor/execute/dir_3645401/*.png: (errno 2) No such file or directory
	Code 12 Subcode 2
...
009 (1247928.000.000) 2025-07-17 17:10:28 Job was aborted.
	via condor_rm (by user achihwan)

	Job terminated by itself at 2025-07-17T08:09:08Z (using method 0: OF_ITS_OWN_ACCORD).
...
000 (1247988.000.000) 2025-07-17 17:10:33 Job submitted from host: <172.30.1.200:9618?addrs=172.30.1.200-9618&alias=tamsa2&noUDP&sock=schedd_2531_a24a>
...
040 (1247988.000.000) 2025-07-17 17:10:44 Started transferring input files
	Transferring to host: <172.30.1.103:9618?addrs=172.30.1.103-9618&alias=node-g3.localdomain&noUDP&sock=slot1_1_5357_3db3_14723>
...
001 (1247988.000.000) 2025-07-17 17:10:44 Job executing on host: <172.30.1.103:9618?addrs=172.30.1.103-9618&alias=node-g3.localdomain&noUDP&sock=startd_5323_b6b6>
	SlotName: slot1_1@node-g3.localdomain
	CondorScratchDir = "/var/lib/condor/execute/dir_3267569"
	Cpus = 2
	Disk = 2048
	GPUs = 0
	Memory = 16000
...
040 (1247988.000.000) 2025-07-17 17:10:44 Finished transferring input files
...
006 (1247988.000.000) 2025-07-17 17:10:50 Image size of job updated: 116
	1  -  MemoryUsage of job (MB)
	8  -  ResidentSetSize of job (KB)
...
040 (1247988.000.000) 2025-07-17 17:10:50 Started transferring output files
...
040 (1247988.000.000) 2025-07-17 17:10:50 Finished transferring output files
...
021 (1247988.000.000) 2025-07-17 17:10:50 Error from starter on slot1_1@node-g3.localdomain:
	STARTER at 172.30.1.103 failed to send file(s) to <172.30.1.200:9618>: |Error: reading from file /var/lib/condor/execute/dir_3267569/*.png: (errno 2) No such file or directory; SHADOW failed to receive file(s) from <172.30.1.103:40571>
	Code 13 Subcode 2
...
004 (1247988.000.000) 2025-07-17 17:10:50 Job was evicted.
	(0) CPU times
		Usr 0 00:00:00, Sys 0 00:00:00  -  Run Remote Usage
		Usr 0 00:00:00, Sys 0 00:00:00  -  Run Local Usage
	287  -  Run Bytes Sent By Job
	24753  -  Run Bytes Received By Job
	Transfer output files failure at execution point slot1_1@node-g3.localdomain while sending files to access point tamsa2. Details: reading from file /var/lib/condor/execute/dir_3267569/*.png: (errno 2) No such file or directory
	Partitionable Resources :    Usage  Request Allocated 
	   Cpus                 :        0        2         2 
	   Disk (KB)            :       47       27      2048 
	   GPUs                 :                           0 
	   Memory (MB)          :        1    16000     16000 
	   TimeExecute (s)      :        6                    
	   TimeSlotBusy (s)     :        6                    
...
012 (1247988.000.000) 2025-07-17 17:10:50 Job was held.
	Transfer output files failure at execution point slot1_1@node-g3.localdomain while sending files to access point tamsa2. Details: reading from file /var/lib/condor/execute/dir_3267569/*.png: (errno 2) No such file or directory
	Code 12 Subcode 2
...
009 (1247988.000.000) 2025-07-17 17:11:47 Job was aborted.
	via condor_rm (by user achihwan)

	Job terminated by itself at 2025-07-17T08:10:50Z (using method 0: OF_ITS_OWN_ACCORD).
...
000 (1248048.000.000) 2025-07-17 17:12:01 Job submitted from host: <172.30.1.200:9618?addrs=172.30.1.200-9618&alias=tamsa2&noUDP&sock=schedd_2531_a24a>
...
040 (1248048.000.000) 2025-07-17 17:12:22 Started transferring input files
	Transferring to host: <172.30.1.109:9618?addrs=172.30.1.109-9618&alias=node-g9.localdomain&noUDP&sock=slot1_10_5793_7145_22614>
...
001 (1248048.000.000) 2025-07-17 17:12:22 Job executing on host: <172.30.1.109:9618?addrs=172.30.1.109-9618&alias=node-g9.localdomain&noUDP&sock=startd_5759_c601>
	SlotName: slot1_10@node-g9.localdomain
	CondorScratchDir = "/var/lib/condor/execute/dir_1090141"
	Cpus = 2
	Disk = 2048
	GPUs = 0
	Memory = 16000
...
040 (1248048.000.000) 2025-07-17 17:12:22 Finished transferring input files
...
006 (1248048.000.000) 2025-07-17 17:12:27 Image size of job updated: 108
	1  -  MemoryUsage of job (MB)
	8  -  ResidentSetSize of job (KB)
...
040 (1248048.000.000) 2025-07-17 17:12:27 Started transferring output files
...
040 (1248048.000.000) 2025-07-17 17:12:27 Finished transferring output files
...
021 (1248048.000.000) 2025-07-17 17:12:27 Error from starter on slot1_10@node-g9.localdomain:
	STARTER at 172.30.1.109 failed to send file(s) to <172.30.1.200:9618>: |Error: reading from file /var/lib/condor/execute/dir_1090141/*.png: (errno 2) No such file or directory; SHADOW failed to receive file(s) from <172.30.1.109:42105>
	Code 13 Subcode 2
...
004 (1248048.000.000) 2025-07-17 17:12:27 Job was evicted.
	(0) CPU times
		Usr 0 00:00:00, Sys 0 00:00:00  -  Run Remote Usage
		Usr 0 00:00:00, Sys 0 00:00:00  -  Run Local Usage
	273  -  Run Bytes Sent By Job
	24753  -  Run Bytes Received By Job
	Transfer output files failure at execution point slot1_10@node-g9.localdomain while sending files to access point tamsa2. Details: reading from file /var/lib/condor/execute/dir_1090141/*.png: (errno 2) No such file or directory
	Partitionable Resources :    Usage  Request Allocated 
	   Cpus                 :        0        2         2 
	   Disk (KB)            :       47       27      2048 
	   GPUs                 :                           0 
	   Memory (MB)          :        1    16000     16000 
	   TimeExecute (s)      :        5                    
	   TimeSlotBusy (s)     :        5                    
...
012 (1248048.000.000) 2025-07-17 17:12:28 Job was held.
	Transfer output files failure at execution point slot1_10@node-g9.localdomain while sending files to access point tamsa2. Details: reading from file /var/lib/condor/execute/dir_1090141/*.png: (errno 2) No such file or directory
	Code 12 Subcode 2
...
000 (1248108.000.000) 2025-07-17 17:12:49 Job submitted from host: <172.30.1.200:9618?addrs=172.30.1.200-9618&alias=tamsa2&noUDP&sock=schedd_2531_a24a>
...
009 (1248108.000.000) 2025-07-17 17:13:09 Job was aborted.
	via condor_rm (by user achihwan)
...
009 (1248048.000.000) 2025-07-17 17:13:09 Job was aborted.
	via condor_rm (by user achihwan)

	Job terminated by itself at 2025-07-17T08:12:27Z (using method 0: OF_ITS_OWN_ACCORD).
...
000 (1248167.000.000) 2025-07-17 17:13:15 Job submitted from host: <172.30.1.200:9618?addrs=172.30.1.200-9618&alias=tamsa2&noUDP&sock=schedd_2531_a24a>
...
009 (1248167.000.000) 2025-07-17 17:14:42 Job was aborted.
	via condor_rm (by user achihwan)
...
000 (1248226.000.000) 2025-07-17 17:14:48 Job submitted from host: <172.30.1.200:9618?addrs=172.30.1.200-9618&alias=tamsa2&noUDP&sock=schedd_2531_a24a>
...
040 (1248226.000.000) 2025-07-17 17:17:14 Started transferring input files
	Transferring to host: <172.30.1.220:9618?addrs=172.30.1.220-9618&alias=node-w20.localdomain&noUDP&sock=slot1_8_5233_df2e_134760>
...
040 (1248226.000.000) 2025-07-17 17:17:14 Finished transferring input files
...
001 (1248226.000.000) 2025-07-17 17:17:14 Job executing on host: <172.30.1.220:9618?addrs=172.30.1.220-9618&alias=node-w20.localdomain&noUDP&sock=startd_5199_a8f8>
	SlotName: slot1_8@node-w20.localdomain
	CondorScratchDir = "/var/lib/condor/execute/dir_3114763"
	Cpus = 2
	Disk = 2048
	GPUs = 0
	Memory = 16000
...
006 (1248226.000.000) 2025-07-17 17:17:19 Image size of job updated: 88
	1  -  MemoryUsage of job (MB)
	8  -  ResidentSetSize of job (KB)
...
040 (1248226.000.000) 2025-07-17 17:17:19 Started transferring output files
...
040 (1248226.000.000) 2025-07-17 17:17:19 Finished transferring output files
...
021 (1248226.000.000) 2025-07-17 17:17:19 Error from starter on slot1_8@node-w20.localdomain:
	STARTER at 172.30.1.220 failed to send file(s) to <172.30.1.200:9618>: |Error: reading from file /var/lib/condor/execute/dir_3114763/*.png: (errno 2) No such file or directory; SHADOW failed to receive file(s) from <172.30.1.220:46729>
	Code 13 Subcode 2
...
004 (1248226.000.000) 2025-07-17 17:17:20 Job was evicted.
	(0) CPU times
		Usr 0 00:00:00, Sys 0 00:00:00  -  Run Remote Usage
		Usr 0 00:00:00, Sys 0 00:00:00  -  Run Local Usage
	266  -  Run Bytes Sent By Job
	24750  -  Run Bytes Received By Job
	Transfer output files failure at execution point slot1_8@node-w20.localdomain while sending files to access point tamsa2. Details: reading from file /var/lib/condor/execute/dir_3114763/*.png: (errno 2) No such file or directory
	Partitionable Resources :    Usage  Request Allocated 
	   Cpus                 :        0        2         2 
	   Disk (KB)            :       47       27      2048 
	   GPUs                 :                           0 
	   Memory (MB)          :        1    16000     16000 
	   TimeExecute (s)      :        5                    
	   TimeSlotBusy (s)     :        6                    
...
012 (1248226.000.000) 2025-07-17 17:17:20 Job was held.
	Transfer output files failure at execution point slot1_8@node-w20.localdomain while sending files to access point tamsa2. Details: reading from file /var/lib/condor/execute/dir_3114763/*.png: (errno 2) No such file or directory
	Code 12 Subcode 2
...
009 (1248226.000.000) 2025-07-17 17:18:37 Job was aborted.
	via condor_rm (by user achihwan)

	Job terminated by itself at 2025-07-17T08:17:19Z (using method 0: OF_ITS_OWN_ACCORD).
...
000 (1248287.000.000) 2025-07-17 17:23:10 Job submitted from host: <172.30.1.200:9618?addrs=172.30.1.200-9618&alias=tamsa2&noUDP&sock=schedd_2531_a24a>
...
040 (1248287.000.000) 2025-07-17 17:23:30 Started transferring input files
	Transferring to host: <172.30.1.219:9618?addrs=172.30.1.219-9618&alias=node-w19.localdomain&noUDP&sock=slot1_9_5155_e9eb_110811>
...
040 (1248287.000.000) 2025-07-17 17:23:30 Finished transferring input files
...
001 (1248287.000.000) 2025-07-17 17:23:30 Job executing on host: <172.30.1.219:9618?addrs=172.30.1.219-9618&alias=node-w19.localdomain&noUDP&sock=startd_5121_2895>
	SlotName: slot1_9@node-w19.localdomain
	CondorScratchDir = "/var/lib/condor/execute/dir_1060051"
	Cpus = 2
	Disk = 2048
	GPUs = 0
	Memory = 16000
...
006 (1248287.000.000) 2025-07-17 17:23:36 Image size of job updated: 92
	1  -  MemoryUsage of job (MB)
	8  -  ResidentSetSize of job (KB)
...
040 (1248287.000.000) 2025-07-17 17:23:36 Started transferring output files
...
040 (1248287.000.000) 2025-07-17 17:23:36 Finished transferring output files
...
021 (1248287.000.000) 2025-07-17 17:23:36 Error from starter on slot1_9@node-w19.localdomain:
	STARTER at 172.30.1.219 failed to send file(s) to <172.30.1.200:9618>: |Error: reading from file /var/lib/condor/execute/dir_1060051/*.png: (errno 2) No such file or directory; SHADOW failed to receive file(s) from <172.30.1.219:39607>
	Code 13 Subcode 2
...
004 (1248287.000.000) 2025-07-17 17:23:36 Job was evicted.
	(0) CPU times
		Usr 0 00:00:00, Sys 0 00:00:00  -  Run Remote Usage
		Usr 0 00:00:00, Sys 0 00:00:00  -  Run Local Usage
	434  -  Run Bytes Sent By Job
	24828  -  Run Bytes Received By Job
	Transfer output files failure at execution point slot1_9@node-w19.localdomain while sending files to access point tamsa2. Details: reading from file /var/lib/condor/execute/dir_1060051/*.png: (errno 2) No such file or directory
	Partitionable Resources :    Usage  Request Allocated 
	   Cpus                 :        0        2         2 
	   Disk (KB)            :       48       27      2048 
	   GPUs                 :                           0 
	   Memory (MB)          :        1    16000     16000 
	   TimeExecute (s)      :        6                    
	   TimeSlotBusy (s)     :        6                    
...
012 (1248287.000.000) 2025-07-17 17:23:36 Job was held.
	Transfer output files failure at execution point slot1_9@node-w19.localdomain while sending files to access point tamsa2. Details: reading from file /var/lib/condor/execute/dir_1060051/*.png: (errno 2) No such file or directory
	Code 12 Subcode 2
...
009 (1248287.000.000) 2025-07-17 17:28:06 Job was aborted.
	via condor_rm (by user achihwan)

	Job terminated by itself at 2025-07-17T08:23:36Z (using method 0: OF_ITS_OWN_ACCORD).
...
000 (1248348.000.000) 2025-07-17 17:28:09 Job submitted from host: <172.30.1.200:9618?addrs=172.30.1.200-9618&alias=tamsa2&noUDP&sock=schedd_2531_a24a>
...
040 (1248348.000.000) 2025-07-17 17:28:29 Entered queue to transfer input files
	Transferring to host: <172.30.1.221:9618?addrs=172.30.1.221-9618&alias=node-w21.localdomain&noUDP&sock=slot1_9_6000_4aed_140374>
...
040 (1248348.000.000) 2025-07-17 17:28:34 Started transferring input files
	Seconds spent in queue: 5
...
040 (1248348.000.000) 2025-07-17 17:28:38 Finished transferring input files
...
001 (1248348.000.000) 2025-07-17 17:28:38 Job executing on host: <172.30.1.221:9618?addrs=172.30.1.221-9618&alias=node-w21.localdomain&noUDP&sock=startd_5966_c21c>
	SlotName: slot1_9@node-w21.localdomain
	CondorScratchDir = "/var/lib/condor/execute/dir_2338735"
	Cpus = 2
	Disk = 751616
	GPUs = 0
	Memory = 16000
...
006 (1248348.000.000) 2025-07-17 17:28:51 Image size of job updated: 982992
	960  -  MemoryUsage of job (MB)
	982992  -  ResidentSetSize of job (KB)
...
006 (1248348.000.000) 2025-07-17 17:29:01 Image size of job updated: 2199792
	2149  -  MemoryUsage of job (MB)
	2199792  -  ResidentSetSize of job (KB)
...
040 (1248348.000.000) 2025-07-17 17:29:01 Started transferring output files
	Seconds spent in queue: 32
...
040 (1248348.000.000) 2025-07-17 17:29:01 Finished transferring output files
...
021 (1248348.000.000) 2025-07-17 17:29:01 Error from starter on slot1_9@node-w21.localdomain:
	STARTER at 172.30.1.221 failed to send file(s) to <172.30.1.200:9618>: |Error: reading from file /var/lib/condor/execute/dir_2338735/*.png: (errno 2) No such file or directory; SHADOW failed to receive file(s) from <172.30.1.221:36927>
	Code 13 Subcode 2
...
004 (1248348.000.000) 2025-07-17 17:29:01 Job was evicted.
	(0) CPU times
		Usr 0 00:00:18, Sys 0 00:00:03  -  Run Remote Usage
		Usr 0 00:00:00, Sys 0 00:00:00  -  Run Local Usage
	388  -  Run Bytes Sent By Job
	690281600  -  Run Bytes Received By Job
	Transfer output files failure at execution point slot1_9@node-w21.localdomain while sending files to access point tamsa2. Details: reading from file /var/lib/condor/execute/dir_2338735/*.png: (errno 2) No such file or directory
	Partitionable Resources :    Usage  Request Allocated 
	   Cpus                 :        0        2         2 
	   Disk (KB)            :  2774354   750000    751616 
	   GPUs                 :                           0 
	   Memory (MB)          :     2149    16000     16000 
	   TimeExecute (s)      :       23                    
	   TimeSlotBusy (s)     :       37                    
...
012 (1248348.000.000) 2025-07-17 17:29:01 Job was held.
	Transfer output files failure at execution point slot1_9@node-w21.localdomain while sending files to access point tamsa2. Details: reading from file /var/lib/condor/execute/dir_2338735/*.png: (errno 2) No such file or directory
	Code 12 Subcode 2
...
009 (1248348.000.000) 2025-07-17 17:30:19 Job was aborted.
	via condor_rm (by user achihwan)

	Job terminated by itself at 2025-07-17T08:29:01Z (using method 0: OF_ITS_OWN_ACCORD).
...
000 (1248408.000.000) 2025-07-17 17:33:23 Job submitted from host: <172.30.1.200:9618?addrs=172.30.1.200-9618&alias=tamsa2&noUDP&sock=schedd_2531_a24a>
...
040 (1248408.000.000) 2025-07-17 17:33:43 Started transferring input files
	Transferring to host: <172.30.1.220:9618?addrs=172.30.1.220-9618&alias=node-w20.localdomain&noUDP&sock=slot1_7_5233_df2e_134907>
...
040 (1248408.000.000) 2025-07-17 17:33:47 Finished transferring input files
...
001 (1248408.000.000) 2025-07-17 17:33:47 Job executing on host: <172.30.1.220:9618?addrs=172.30.1.220-9618&alias=node-w20.localdomain&noUDP&sock=startd_5199_a8f8>
	SlotName: slot1_7@node-w20.localdomain
	CondorScratchDir = "/var/lib/condor/execute/dir_3139622"
	Cpus = 2
	Disk = 751616
	GPUs = 0
	Memory = 16000
...
006 (1248408.000.000) 2025-07-17 17:34:00 Image size of job updated: 782692
	765  -  MemoryUsage of job (MB)
	782692  -  ResidentSetSize of job (KB)
...
006 (1248408.000.000) 2025-07-17 17:34:14 Image size of job updated: 2199792
	2149  -  MemoryUsage of job (MB)
	2199792  -  ResidentSetSize of job (KB)
...
040 (1248408.000.000) 2025-07-17 17:34:15 Started transferring output files
...
040 (1248408.000.000) 2025-07-17 17:34:15 Finished transferring output files
...
021 (1248408.000.000) 2025-07-17 17:34:15 Error from starter on slot1_7@node-w20.localdomain:
	STARTER at 172.30.1.220 failed to send file(s) to <172.30.1.200:9618>: |Error: reading from file /var/lib/condor/execute/dir_3139622/*.png: (errno 2) No such file or directory; SHADOW failed to receive file(s) from <172.30.1.220:39995>
	Code 13 Subcode 2
...
004 (1248408.000.000) 2025-07-17 17:34:15 Job was evicted.
	(0) CPU times
		Usr 0 00:00:22, Sys 0 00:00:03  -  Run Remote Usage
		Usr 0 00:00:00, Sys 0 00:00:00  -  Run Local Usage
	388  -  Run Bytes Sent By Job
	690281600  -  Run Bytes Received By Job
	Transfer output files failure at execution point slot1_7@node-w20.localdomain while sending files to access point tamsa2. Details: reading from file /var/lib/condor/execute/dir_3139622/*.png: (errno 2) No such file or directory
	Partitionable Resources :    Usage  Request Allocated 
	   Cpus                 :        0        2         2 
	   Disk (KB)            :  2774354   750000    751616 
	   GPUs                 :                           0 
	   Memory (MB)          :     2149    16000     16000 
	   TimeExecute (s)      :       27                    
	   TimeSlotBusy (s)     :       33                    
...
012 (1248408.000.000) 2025-07-17 17:34:15 Job was held.
	Transfer output files failure at execution point slot1_7@node-w20.localdomain while sending files to access point tamsa2. Details: reading from file /var/lib/condor/execute/dir_3139622/*.png: (errno 2) No such file or directory
	Code 12 Subcode 2
...
009 (1248408.000.000) 2025-07-17 17:34:44 Job was aborted.
	via condor_rm (by user achihwan)

	Job terminated by itself at 2025-07-17T08:34:14Z (using method 0: OF_ITS_OWN_ACCORD).
...
000 (1248467.000.000) 2025-07-17 17:34:48 Job submitted from host: <172.30.1.200:9618?addrs=172.30.1.200-9618&alias=tamsa2&noUDP&sock=schedd_2531_a24a>
...
040 (1248467.000.000) 2025-07-17 17:35:11 Entered queue to transfer input files
	Transferring to host: <172.30.1.205:9618?addrs=172.30.1.205-9618&alias=node-w5.localdomain&noUDP&sock=slot1_2_5098_c088_47829>
...
040 (1248467.000.000) 2025-07-17 17:35:19 Started transferring input files
	Seconds spent in queue: 8
...
040 (1248467.000.000) 2025-07-17 17:35:23 Finished transferring input files
...
001 (1248467.000.000) 2025-07-17 17:35:23 Job executing on host: <172.30.1.205:9618?addrs=172.30.1.205-9618&alias=node-w5.localdomain&noUDP&sock=startd_5064_0faf>
	SlotName: slot1_2@node-w5.localdomain
	CondorScratchDir = "/var/lib/condor/execute/dir_2842907"
	Cpus = 2
	Disk = 751616
	GPUs = 0
	Memory = 16000
...
006 (1248467.000.000) 2025-07-17 17:35:36 Image size of job updated: 863840
	844  -  MemoryUsage of job (MB)
	863840  -  ResidentSetSize of job (KB)
...
006 (1248467.000.000) 2025-07-17 17:35:48 Image size of job updated: 2199796
	2149  -  MemoryUsage of job (MB)
	2199796  -  ResidentSetSize of job (KB)
...
040 (1248467.000.000) 2025-07-17 17:35:48 Started transferring output files
	Seconds spent in queue: 37
...
040 (1248467.000.000) 2025-07-17 17:35:48 Finished transferring output files
...
021 (1248467.000.000) 2025-07-17 17:35:48 Error from starter on slot1_2@node-w5.localdomain:
	STARTER at 172.30.1.205 failed to send file(s) to <172.30.1.200:9618>: |Error: reading from file /var/lib/condor/execute/dir_2842907/*.png: (errno 2) No such file or directory; SHADOW failed to receive file(s) from <172.30.1.205:40943>
	Code 13 Subcode 2
...
004 (1248467.000.000) 2025-07-17 17:35:48 Job was evicted.
	(0) CPU times
		Usr 0 00:00:19, Sys 0 00:00:04  -  Run Remote Usage
		Usr 0 00:00:00, Sys 0 00:00:00  -  Run Local Usage
	800  -  Run Bytes Sent By Job
	690281664  -  Run Bytes Received By Job
	Transfer output files failure at execution point slot1_2@node-w5.localdomain while sending files to access point tamsa2. Details: reading from file /var/lib/condor/execute/dir_2842907/*.png: (errno 2) No such file or directory
	Partitionable Resources :    Usage  Request Allocated 
	   Cpus                 :                 2         2 
	   Disk (KB)            :  2774348   750000    751616 
	   GPUs                 :                           0 
	   Memory (MB)          :     2149    16000     16000 
	   TimeExecute (s)      :       25                    
	   TimeSlotBusy (s)     :       44                    
...
012 (1248467.000.000) 2025-07-17 17:35:48 Job was held.
	Transfer output files failure at execution point slot1_2@node-w5.localdomain while sending files to access point tamsa2. Details: reading from file /var/lib/condor/execute/dir_2842907/*.png: (errno 2) No such file or directory
	Code 12 Subcode 2
...
009 (1248467.000.000) 2025-07-17 17:36:48 Job was aborted.
	via condor_rm (by user achihwan)

	Job terminated by itself at 2025-07-17T08:35:48Z (using method 0: OF_ITS_OWN_ACCORD).
...
000 (1250055.000.000) 2025-07-17 17:36:54 Job submitted from host: <172.30.1.200:9618?addrs=172.30.1.200-9618&alias=tamsa2&noUDP&sock=schedd_2531_a24a>
...
040 (1250055.000.000) 2025-07-17 17:39:40 Started transferring input files
	Transferring to host: <172.30.1.201:9618?addrs=172.30.1.201-9618&alias=node-w1.localdomain&noUDP&sock=slot1_20_5447_a777_104541>
...
040 (1250055.000.000) 2025-07-17 17:39:43 Finished transferring input files
...
001 (1250055.000.000) 2025-07-17 17:39:43 Job executing on host: <172.30.1.201:9618?addrs=172.30.1.201-9618&alias=node-w1.localdomain&noUDP&sock=startd_5412_c2a4>
	SlotName: slot1_20@node-w1.localdomain
	CondorScratchDir = "/var/lib/condor/execute/dir_1734571"
	Cpus = 2
	Disk = 751617
	GPUs = 0
	Memory = 16000
...
006 (1250055.000.000) 2025-07-17 17:39:57 Image size of job updated: 1140176
	1114  -  MemoryUsage of job (MB)
	1140176  -  ResidentSetSize of job (KB)
...
006 (1250055.000.000) 2025-07-17 17:40:06 Image size of job updated: 2199796
	2149  -  MemoryUsage of job (MB)
	2199796  -  ResidentSetSize of job (KB)
...
040 (1250055.000.000) 2025-07-17 17:40:06 Started transferring output files
...
040 (1250055.000.000) 2025-07-17 17:40:06 Finished transferring output files
...
021 (1250055.000.000) 2025-07-17 17:40:06 Error from starter on slot1_20@node-w1.localdomain:
	STARTER at 172.30.1.201 failed to send file(s) to <172.30.1.200:9618>: |Error: reading from file /var/lib/condor/execute/dir_1734571/*.png: (errno 2) No such file or directory; SHADOW failed to receive file(s) from <172.30.1.201:36707>
	Code 13 Subcode 2
...
004 (1250055.000.000) 2025-07-17 17:40:06 Job was evicted.
	(0) CPU times
		Usr 0 00:00:17, Sys 0 00:00:03  -  Run Remote Usage
		Usr 0 00:00:00, Sys 0 00:00:00  -  Run Local Usage
	702  -  Run Bytes Sent By Job
	690281664  -  Run Bytes Received By Job
	Transfer output files failure at execution point slot1_20@node-w1.localdomain while sending files to access point tamsa2. Details: reading from file /var/lib/condor/execute/dir_1734571/*.png: (errno 2) No such file or directory
	Partitionable Resources :    Usage  Request Allocated 
	   Cpus                 :                 2         2 
	   Disk (KB)            :  2774348   750000    751617 
	   GPUs                 :                           0 
	   Memory (MB)          :     2149    16000     16000 
	   TimeExecute (s)      :       23                    
	   TimeSlotBusy (s)     :       30                    
...
012 (1250055.000.000) 2025-07-17 17:40:06 Job was held.
	Transfer output files failure at execution point slot1_20@node-w1.localdomain while sending files to access point tamsa2. Details: reading from file /var/lib/condor/execute/dir_1734571/*.png: (errno 2) No such file or directory
	Code 12 Subcode 2
...
000 (1251213.000.000) 2025-07-17 17:42:37 Job submitted from host: <172.30.1.200:9618?addrs=172.30.1.200-9618&alias=tamsa2&noUDP&sock=schedd_2531_a24a>
...
009 (1250055.000.000) 2025-07-17 17:42:45 Job was aborted.
	via condor_rm (by user achihwan)

	Job terminated by itself at 2025-07-17T08:40:06Z (using method 0: OF_ITS_OWN_ACCORD).
...
040 (1251213.000.000) 2025-07-17 17:43:04 Entered queue to transfer input files
	Transferring to host: <172.30.1.220:9618?addrs=172.30.1.220-9618&alias=node-w20.localdomain&noUDP&sock=slot1_14_5233_df2e_135131>
...
040 (1251213.000.000) 2025-07-17 17:43:06 Started transferring input files
	Seconds spent in queue: 2
...
040 (1251213.000.000) 2025-07-17 17:43:09 Finished transferring input files
...
001 (1251213.000.000) 2025-07-17 17:43:09 Job executing on host: <172.30.1.220:9618?addrs=172.30.1.220-9618&alias=node-w20.localdomain&noUDP&sock=startd_5199_a8f8>
	SlotName: slot1_14@node-w20.localdomain
	CondorScratchDir = "/var/lib/condor/execute/dir_3168229"
	Cpus = 2
	Disk = 751616
	GPUs = 0
	Memory = 16000
...
006 (1251213.000.000) 2025-07-17 17:43:22 Image size of job updated: 985812
	963  -  MemoryUsage of job (MB)
	985812  -  ResidentSetSize of job (KB)
...
006 (1251213.000.000) 2025-07-17 17:43:31 Image size of job updated: 2199796
	2149  -  MemoryUsage of job (MB)
	2199796  -  ResidentSetSize of job (KB)
...
040 (1251213.000.000) 2025-07-17 17:43:32 Started transferring output files
	Seconds spent in queue: 28
...
040 (1251213.000.000) 2025-07-17 17:43:32 Finished transferring output files
...
021 (1251213.000.000) 2025-07-17 17:43:32 Error from starter on slot1_14@node-w20.localdomain:
	STARTER at 172.30.1.220 failed to send file(s) to <172.30.1.200:9618>: |Error: reading from file /var/lib/condor/execute/dir_3168229/*.png: (errno 2) No such file or directory; SHADOW failed to receive file(s) from <172.30.1.220:39477>
	Code 13 Subcode 2
...
004 (1251213.000.000) 2025-07-17 17:43:32 Job was evicted.
	(0) CPU times
		Usr 0 00:00:17, Sys 0 00:00:04  -  Run Remote Usage
		Usr 0 00:00:00, Sys 0 00:00:00  -  Run Local Usage
	4418  -  Run Bytes Sent By Job
	690281600  -  Run Bytes Received By Job
	Transfer output files failure at execution point slot1_14@node-w20.localdomain while sending files to access point tamsa2. Details: reading from file /var/lib/condor/execute/dir_3168229/*.png: (errno 2) No such file or directory
	Partitionable Resources :    Usage  Request Allocated 
	   Cpus                 :        0        2         2 
	   Disk (KB)            :  2774358   750000    751616 
	   GPUs                 :                           0 
	   Memory (MB)          :     2149    16000     16000 
	   TimeExecute (s)      :       22                    
	   TimeSlotBusy (s)     :       33                    
...
012 (1251213.000.000) 2025-07-17 17:43:32 Job was held.
	Transfer output files failure at execution point slot1_14@node-w20.localdomain while sending files to access point tamsa2. Details: reading from file /var/lib/condor/execute/dir_3168229/*.png: (errno 2) No such file or directory
	Code 12 Subcode 2
...
009 (1251213.000.000) 2025-07-17 17:44:17 Job was aborted.
	via condor_rm (by user achihwan)

	Job terminated by itself at 2025-07-17T08:43:31Z (using method 0: OF_ITS_OWN_ACCORD).
...
000 (1253136.000.000) 2025-07-17 17:44:34 Job submitted from host: <172.30.1.200:9618?addrs=172.30.1.200-9618&alias=tamsa2&noUDP&sock=schedd_2531_a24a>
...
040 (1253136.000.000) 2025-07-17 17:44:55 Started transferring input files
	Transferring to host: <172.30.1.221:9618?addrs=172.30.1.221-9618&alias=node-w21.localdomain&noUDP&sock=slot1_24_6000_4aed_140637>
...
040 (1253136.000.000) 2025-07-17 17:44:58 Finished transferring input files
...
001 (1253136.000.000) 2025-07-17 17:44:58 Job executing on host: <172.30.1.221:9618?addrs=172.30.1.221-9618&alias=node-w21.localdomain&noUDP&sock=startd_5966_c21c>
	SlotName: slot1_24@node-w21.localdomain
	CondorScratchDir = "/var/lib/condor/execute/dir_2379183"
	Cpus = 2
	Disk = 751616
	GPUs = 0
	Memory = 16000
...
006 (1253136.000.000) 2025-07-17 17:45:11 Image size of job updated: 1015244
	992  -  MemoryUsage of job (MB)
	1015244  -  ResidentSetSize of job (KB)
...
006 (1253136.000.000) 2025-07-17 17:45:20 Image size of job updated: 2199788
	2149  -  MemoryUsage of job (MB)
	2199788  -  ResidentSetSize of job (KB)
...
040 (1253136.000.000) 2025-07-17 17:45:20 Started transferring output files
...
040 (1253136.000.000) 2025-07-17 17:45:20 Finished transferring output files
...
021 (1253136.000.000) 2025-07-17 17:45:20 Error from starter on slot1_24@node-w21.localdomain:
	STARTER at 172.30.1.221 failed to send file(s) to <172.30.1.200:9618>: |Error: reading from file /var/lib/condor/execute/dir_2379183/*.png: (errno 2) No such file or directory; SHADOW failed to receive file(s) from <172.30.1.221:33799>
	Code 13 Subcode 2
...
004 (1253136.000.000) 2025-07-17 17:45:20 Job was evicted.
	(0) CPU times
		Usr 0 00:00:16, Sys 0 00:00:04  -  Run Remote Usage
		Usr 0 00:00:00, Sys 0 00:00:00  -  Run Local Usage
	464  -  Run Bytes Sent By Job
	690281600  -  Run Bytes Received By Job
	Transfer output files failure at execution point slot1_24@node-w21.localdomain while sending files to access point tamsa2. Details: reading from file /var/lib/condor/execute/dir_2379183/*.png: (errno 2) No such file or directory
	Partitionable Resources :    Usage  Request Allocated 
	   Cpus                 :                 2         2 
	   Disk (KB)            :  2774348   750000    751616 
	   GPUs                 :                           0 
	   Memory (MB)          :     2149    16000     16000 
	   TimeExecute (s)      :       22                    
	   TimeSlotBusy (s)     :       32                    
...
012 (1253136.000.000) 2025-07-17 17:45:20 Job was held.
	Transfer output files failure at execution point slot1_24@node-w21.localdomain while sending files to access point tamsa2. Details: reading from file /var/lib/condor/execute/dir_2379183/*.png: (errno 2) No such file or directory
	Code 12 Subcode 2
...
009 (1253136.000.000) 2025-07-17 17:54:41 Job was aborted.
	via condor_rm (by user achihwan)

	Job terminated by itself at 2025-07-17T08:45:20Z (using method 0: OF_ITS_OWN_ACCORD).
...
000 (1253203.000.000) 2025-07-17 17:58:16 Job submitted from host: <172.30.1.200:9618?addrs=172.30.1.200-9618&alias=tamsa2&noUDP&sock=schedd_2531_a24a>
...
040 (1253203.000.000) 2025-07-17 17:58:34 Entered queue to transfer input files
	Transferring to host: <172.30.1.214:9618?addrs=172.30.1.214-9618&alias=node-w14.localdomain&noUDP&sock=slot1_3_5193_b02c_91183>
...
040 (1253203.000.000) 2025-07-17 17:58:36 Started transferring input files
	Seconds spent in queue: 2
...
040 (1253203.000.000) 2025-07-17 17:58:40 Finished transferring input files
...
001 (1253203.000.000) 2025-07-17 17:58:40 Job executing on host: <172.30.1.214:9618?addrs=172.30.1.214-9618&alias=node-w14.localdomain&noUDP&sock=startd_5159_392e>
	SlotName: slot1_3@node-w14.localdomain
	CondorScratchDir = "/var/lib/condor/execute/dir_791409"
	Cpus = 2
	Disk = 751616
	GPUs = 0
	Memory = 16000
...
006 (1253203.000.000) 2025-07-17 17:58:54 Image size of job updated: 929040
	908  -  MemoryUsage of job (MB)
	929040  -  ResidentSetSize of job (KB)
...
006 (1253203.000.000) 2025-07-17 17:59:07 Image size of job updated: 2199792
	2149  -  MemoryUsage of job (MB)
	2199792  -  ResidentSetSize of job (KB)
...
040 (1253203.000.000) 2025-07-17 17:59:08 Started transferring output files
	Seconds spent in queue: 34
...
040 (1253203.000.000) 2025-07-17 17:59:08 Finished transferring output files
...
021 (1253203.000.000) 2025-07-17 17:59:08 Error from starter on slot1_3@node-w14.localdomain:
	STARTER at 172.30.1.214 failed to send file(s) to <172.30.1.200:9618>: |Error: reading from file /var/lib/condor/execute/dir_791409/*.png: (errno 2) No such file or directory; SHADOW failed to receive file(s) from <172.30.1.214:34699>
	Code 13 Subcode 2
...
004 (1253203.000.000) 2025-07-17 17:59:08 Job was evicted.
	(0) CPU times
		Usr 0 00:00:21, Sys 0 00:00:05  -  Run Remote Usage
		Usr 0 00:00:00, Sys 0 00:00:00  -  Run Local Usage
	452  -  Run Bytes Sent By Job
	690281664  -  Run Bytes Received By Job
	Transfer output files failure at execution point slot1_3@node-w14.localdomain while sending files to access point tamsa2. Details: reading from file /var/lib/condor/execute/dir_791409/*.png: (errno 2) No such file or directory
	Partitionable Resources :    Usage  Request Allocated 
	   Cpus                 :                 2         2 
	   Disk (KB)            :  2774347   750000    751616 
	   GPUs                 :                           0 
	   Memory (MB)          :     2149    16000     16000 
	   TimeExecute (s)      :       27                    
	   TimeSlotBusy (s)     :       40                    
...
012 (1253203.000.000) 2025-07-17 17:59:08 Job was held.
	Transfer output files failure at execution point slot1_3@node-w14.localdomain while sending files to access point tamsa2. Details: reading from file /var/lib/condor/execute/dir_791409/*.png: (errno 2) No such file or directory
	Code 12 Subcode 2
...
009 (1253203.000.000) 2025-07-17 18:04:59 Job was aborted.
	via condor_rm (by user achihwan)

	Job terminated by itself at 2025-07-17T08:59:07Z (using method 0: OF_ITS_OWN_ACCORD).
...
000 (1253265.000.000) 2025-07-17 18:05:02 Job submitted from host: <172.30.1.200:9618?addrs=172.30.1.200-9618&alias=tamsa2&noUDP&sock=schedd_2531_a24a>
...
040 (1253265.000.000) 2025-07-17 18:05:30 Started transferring input files
	Transferring to host: <172.30.1.213:9618?addrs=172.30.1.213-9618&alias=node-w13.localdomain&noUDP&sock=slot1_12_4972_f943_94643>
...
040 (1253265.000.000) 2025-07-17 18:05:34 Finished transferring input files
...
001 (1253265.000.000) 2025-07-17 18:05:34 Job executing on host: <172.30.1.213:9618?addrs=172.30.1.213-9618&alias=node-w13.localdomain&noUDP&sock=startd_4938_a2c0>
	SlotName: slot1_12@node-w13.localdomain
	CondorScratchDir = "/var/lib/condor/execute/dir_3956679"
	Cpus = 2
	Disk = 751616
	GPUs = 0
	Memory = 16000
...
006 (1253265.000.000) 2025-07-17 18:05:47 Image size of job updated: 908460
	888  -  MemoryUsage of job (MB)
	908460  -  ResidentSetSize of job (KB)
...
006 (1253265.000.000) 2025-07-17 18:10:47 Image size of job updated: 2940356
	2726  -  MemoryUsage of job (MB)
	2790568  -  ResidentSetSize of job (KB)
...
040 (1253265.000.000) 2025-07-17 18:12:43 Started transferring output files
...
040 (1253265.000.000) 2025-07-17 18:12:43 Finished transferring output files
...
021 (1253265.000.000) 2025-07-17 18:12:43 Error from starter on slot1_12@node-w13.localdomain:
	STARTER at 172.30.1.213 failed to send file(s) to <172.30.1.200:9618>: |Error: reading from file /var/lib/condor/execute/dir_3956679/*.png: (errno 2) No such file or directory; SHADOW failed to receive file(s) from <172.30.1.213:42237>
	Code 13 Subcode 2
...
004 (1253265.000.000) 2025-07-17 18:12:43 Job was evicted.
	(0) CPU times
		Usr 0 00:05:32, Sys 0 00:00:35  -  Run Remote Usage
		Usr 0 00:00:00, Sys 0 00:00:00  -  Run Local Usage
	8604  -  Run Bytes Sent By Job
	690281536  -  Run Bytes Received By Job
	Transfer output files failure at execution point slot1_12@node-w13.localdomain while sending files to access point tamsa2. Details: reading from file /var/lib/condor/execute/dir_3956679/*.png: (errno 2) No such file or directory
	Partitionable Resources :      Usage  Request Allocated 
	   Cpus                 :       0.74        2         2 
	   Disk (KB)            : 2774453      750000    751616 
	   GPUs                 :                             0 
	   Memory (MB)          :    2726       16000     16000 
	   TimeExecute (s)      :     429                       
	   TimeSlotBusy (s)     :     440                       
...
012 (1253265.000.000) 2025-07-17 18:12:43 Job was held.
	Transfer output files failure at execution point slot1_12@node-w13.localdomain while sending files to access point tamsa2. Details: reading from file /var/lib/condor/execute/dir_3956679/*.png: (errno 2) No such file or directory
	Code 12 Subcode 2
...
009 (1253265.000.000) 2025-07-17 18:13:43 Job was aborted.
	via condor_rm (by user achihwan)

	Job terminated by itself at 2025-07-17T09:12:43Z (using method 0: OF_ITS_OWN_ACCORD).
...
000 (1253330.000.000) 2025-07-17 18:13:47 Job submitted from host: <172.30.1.200:9618?addrs=172.30.1.200-9618&alias=tamsa2&noUDP&sock=schedd_2531_a24a>
...
040 (1253330.000.000) 2025-07-17 18:15:49 Started transferring input files
	Transferring to host: <172.30.1.216:9618?addrs=172.30.1.216-9618&alias=node-w16.localdomain&noUDP&sock=slot1_10_5179_d2ec_90202>
...
040 (1253330.000.000) 2025-07-17 18:15:54 Finished transferring input files
...
001 (1253330.000.000) 2025-07-17 18:15:54 Job executing on host: <172.30.1.216:9618?addrs=172.30.1.216-9618&alias=node-w16.localdomain&noUDP&sock=startd_5145_9edb>
	SlotName: slot1_10@node-w16.localdomain
	CondorScratchDir = "/var/lib/condor/execute/dir_2637117"
	Cpus = 2
	Disk = 751616
	GPUs = 0
	Memory = 16000
...
006 (1253330.000.000) 2025-07-17 18:16:07 Image size of job updated: 773244
	756  -  MemoryUsage of job (MB)
	773244  -  ResidentSetSize of job (KB)
...
006 (1253330.000.000) 2025-07-17 18:21:07 Image size of job updated: 2942096
	2738  -  MemoryUsage of job (MB)
	2803396  -  ResidentSetSize of job (KB)
...
006 (1253330.000.000) 2025-07-17 18:23:16 Image size of job updated: 2978152
	2738  -  MemoryUsage of job (MB)
	2803396  -  ResidentSetSize of job (KB)
...
040 (1253330.000.000) 2025-07-17 18:23:16 Started transferring output files
...
040 (1253330.000.000) 2025-07-17 18:23:16 Finished transferring output files
...
021 (1253330.000.000) 2025-07-17 18:23:16 Error from starter on slot1_10@node-w16.localdomain:
	STARTER at 172.30.1.216 failed to send file(s) to <172.30.1.200:9618>: |Error: reading from file /var/lib/condor/execute/dir_2637117/*.png: (errno 2) No such file or directory; SHADOW failed to receive file(s) from <172.30.1.216:43053>
	Code 13 Subcode 2
...
004 (1253330.000.000) 2025-07-17 18:23:16 Job was evicted.
	(0) CPU times
		Usr 0 00:06:32, Sys 0 00:00:16  -  Run Remote Usage
		Usr 0 00:00:00, Sys 0 00:00:00  -  Run Local Usage
	8992  -  Run Bytes Sent By Job
	690281600  -  Run Bytes Received By Job
	Transfer output files failure at execution point slot1_10@node-w16.localdomain while sending files to access point tamsa2. Details: reading from file /var/lib/condor/execute/dir_2637117/*.png: (errno 2) No such file or directory
	Partitionable Resources :      Usage  Request Allocated 
	   Cpus                 :       0.92        2         2 
	   Disk (KB)            : 2774453      750000    751616 
	   GPUs                 :                             0 
	   Memory (MB)          :    2738       16000     16000 
	   TimeExecute (s)      :     442                       
	   TimeSlotBusy (s)     :     447                       
...
012 (1253330.000.000) 2025-07-17 18:23:16 Job was held.
	Transfer output files failure at execution point slot1_10@node-w16.localdomain while sending files to access point tamsa2. Details: reading from file /var/lib/condor/execute/dir_2637117/*.png: (errno 2) No such file or directory
	Code 12 Subcode 2
...
009 (1253330.000.000) 2025-07-17 18:23:21 Job was aborted.
	via condor_rm (by user achihwan)

	Job terminated by itself at 2025-07-17T09:23:16Z (using method 0: OF_ITS_OWN_ACCORD).
...
000 (1253410.000.000) 2025-07-17 18:23:25 Job submitted from host: <172.30.1.200:9618?addrs=172.30.1.200-9618&alias=tamsa2&noUDP&sock=schedd_2531_a24a>
...
040 (1253410.000.000) 2025-07-17 18:23:45 Started transferring input files
	Transferring to host: <172.30.1.220:9618?addrs=172.30.1.220-9618&alias=node-w20.localdomain&noUDP&sock=slot1_44_5233_df2e_135395>
...
040 (1253410.000.000) 2025-07-17 18:23:50 Finished transferring input files
...
001 (1253410.000.000) 2025-07-17 18:23:50 Job executing on host: <172.30.1.220:9618?addrs=172.30.1.220-9618&alias=node-w20.localdomain&noUDP&sock=startd_5199_a8f8>
	SlotName: slot1_44@node-w20.localdomain
	CondorScratchDir = "/var/lib/condor/execute/dir_3214827"
	Cpus = 2
	Disk = 751616
	GPUs = 0
	Memory = 16000
...
006 (1253410.000.000) 2025-07-17 18:24:04 Image size of job updated: 735676
	719  -  MemoryUsage of job (MB)
	735676  -  ResidentSetSize of job (KB)
...
006 (1253410.000.000) 2025-07-17 18:28:53 Image size of job updated: 2931288
	2149  -  MemoryUsage of job (MB)
	2199796  -  ResidentSetSize of job (KB)
...
004 (1253410.000.000) 2025-07-17 18:28:54 Job was evicted.
	(0) CPU times
		Usr 0 00:04:20, Sys 0 00:00:14  -  Run Remote Usage
		Usr 0 00:00:00, Sys 0 00:00:00  -  Run Local Usage
	0  -  Run Bytes Sent By Job
	690281664  -  Run Bytes Received By Job
	Partitionable Resources :      Usage  Request Allocated 
	   Cpus                 :       0.91        2         2 
	   Disk (KB)            : 2774360      750000    751616 
	   GPUs                 :                             0 
	   Memory (MB)          :    2149       16000     16000 
	   TimeExecute (s)      :     302                       
	   TimeSlotBusy (s)     :     309                       
...
009 (1253410.000.000) 2025-07-17 18:28:54 Job was aborted.
	via condor_rm (by user achihwan)
...
000 (1253470.000.000) 2025-07-17 18:29:02 Job submitted from host: <172.30.1.200:9618?addrs=172.30.1.200-9618&alias=tamsa2&noUDP&sock=schedd_2531_a24a>
...
040 (1253470.000.000) 2025-07-17 18:29:29 Entered queue to transfer input files
	Transferring to host: <172.30.1.220:9618?addrs=172.30.1.220-9618&alias=node-w20.localdomain&noUDP&sock=slot1_45_5233_df2e_135397>
...
040 (1253470.000.000) 2025-07-17 18:29:30 Started transferring input files
	Seconds spent in queue: 1
...
040 (1253470.000.000) 2025-07-17 18:29:33 Finished transferring input files
...
001 (1253470.000.000) 2025-07-17 18:29:33 Job executing on host: <172.30.1.220:9618?addrs=172.30.1.220-9618&alias=node-w20.localdomain&noUDP&sock=startd_5199_a8f8>
	SlotName: slot1_45@node-w20.localdomain
	CondorScratchDir = "/var/lib/condor/execute/dir_3214912"
	Cpus = 2
	Disk = 751616
	GPUs = 0
	Memory = 16000
...
006 (1253470.000.000) 2025-07-17 18:29:47 Image size of job updated: 774740
	757  -  MemoryUsage of job (MB)
	774740  -  ResidentSetSize of job (KB)
...
006 (1253470.000.000) 2025-07-17 18:34:48 Image size of job updated: 2931256
	2717  -  MemoryUsage of job (MB)
	2781276  -  ResidentSetSize of job (KB)
...
006 (1253470.000.000) 2025-07-17 18:36:09 Image size of job updated: 3077596
	2717  -  MemoryUsage of job (MB)
	2781276  -  ResidentSetSize of job (KB)
...
040 (1253470.000.000) 2025-07-17 18:36:09 Started transferring output files
	Seconds spent in queue: 400
...
040 (1253470.000.000) 2025-07-17 18:36:09 Finished transferring output files
...
005 (1253470.000.000) 2025-07-17 18:36:09 Job terminated.
	(1) Normal termination (return value 0)
		Usr 0 00:05:47, Sys 0 00:00:16  -  Run Remote Usage
		Usr 0 00:00:00, Sys 0 00:00:00  -  Run Local Usage
		Usr 0 00:05:47, Sys 0 00:00:16  -  Total Remote Usage
		Usr 0 00:00:00, Sys 0 00:00:00  -  Total Local Usage
	113877  -  Run Bytes Sent By Job
	690282176  -  Run Bytes Received By Job
	113877  -  Total Bytes Sent By Job
	690282176  -  Total Bytes Received By Job
	Partitionable Resources :      Usage  Request Allocated 
	   Cpus                 :       0.81        2         2 
	   Disk (KB)            : 2774568      750000    751616 
	   GPUs                 :                             0 
	   Memory (MB)          :    2717       16000     16000 
	   TimeExecute (s)      :     396                       
	   TimeSlotBusy (s)     :     407                       

	Job terminated of its own accord at 2025-07-17T09:36:09Z with exit-code 0.
...
000 (1254366.000.000) 2025-07-17 22:18:36 Job submitted from host: <172.30.1.200:9618?addrs=172.30.1.200-9618&alias=tamsa2&noUDP&sock=schedd_2531_a24a>
...
040 (1254366.000.000) 2025-07-17 22:18:40 Started transferring input files
	Transferring to host: <172.30.1.214:9618?addrs=172.30.1.214-9618&alias=node-w14.localdomain&noUDP&sock=slot1_20_5193_b02c_93029>
...
040 (1254366.000.000) 2025-07-17 22:18:44 Finished transferring input files
...
001 (1254366.000.000) 2025-07-17 22:18:44 Job executing on host: <172.30.1.214:9618?addrs=172.30.1.214-9618&alias=node-w14.localdomain&noUDP&sock=startd_5159_392e>
	SlotName: slot1_20@node-w14.localdomain
	CondorScratchDir = "/var/lib/condor/execute/dir_1112678"
	Cpus = 2
	Disk = 751616
	GPUs = 0
	Memory = 16000
...
006 (1254366.000.000) 2025-07-17 22:18:58 Image size of job updated: 891348
	871  -  MemoryUsage of job (MB)
	891348  -  ResidentSetSize of job (KB)
...
006 (1254366.000.000) 2025-07-17 22:23:58 Image size of job updated: 2904828
	2767  -  MemoryUsage of job (MB)
	2832736  -  ResidentSetSize of job (KB)
...
040 (1254366.000.000) 2025-07-17 22:25:05 Started transferring output files
...
040 (1254366.000.000) 2025-07-17 22:25:05 Finished transferring output files
...
005 (1254366.000.000) 2025-07-17 22:25:05 Job terminated.
	(1) Normal termination (return value 0)
		Usr 0 00:05:12, Sys 0 00:00:28  -  Run Remote Usage
		Usr 0 00:00:00, Sys 0 00:00:00  -  Run Local Usage
		Usr 0 00:05:12, Sys 0 00:00:28  -  Total Remote Usage
		Usr 0 00:00:00, Sys 0 00:00:00  -  Total Local Usage
	106520  -  Run Bytes Sent By Job
	690282176  -  Run Bytes Received By Job
	106520  -  Total Bytes Sent By Job
	690282176  -  Total Bytes Received By Job
	Partitionable Resources :      Usage  Request Allocated 
	   Cpus                 :       0.84        2         2 
	   Disk (KB)            : 2774555      750000    751616 
	   GPUs                 :                             0 
	   Memory (MB)          :    2767       16000     16000 
	   TimeExecute (s)      :     381                       
	   TimeSlotBusy (s)     :     385                       

	Job terminated of its own accord at 2025-07-17T13:25:05Z with exit-code 0.
...
000 (1255931.000.000) 2025-07-18 11:53:48 Job submitted from host: <172.30.1.200:9618?addrs=172.30.1.200-9618&alias=tamsa2&noUDP&sock=schedd_2531_a24a>
...
040 (1255931.000.000) 2025-07-18 11:54:01 Entered queue to transfer input files
	Transferring to host: <172.30.1.213:9618?addrs=172.30.1.213-9618&alias=node-w13.localdomain&noUDP&sock=slot1_15_4972_f943_102320>
...
040 (1255931.000.000) 2025-07-18 11:54:03 Started transferring input files
	Seconds spent in queue: 2
...
040 (1255931.000.000) 2025-07-18 11:54:06 Finished transferring input files
...
001 (1255931.000.000) 2025-07-18 11:54:06 Job executing on host: <172.30.1.213:9618?addrs=172.30.1.213-9618&alias=node-w13.localdomain&noUDP&sock=startd_4938_a2c0>
	SlotName: slot1_15@node-w13.localdomain
	CondorScratchDir = "/var/lib/condor/execute/dir_1220967"
	Cpus = 2
	Disk = 751616
	GPUs = 0
	Memory = 16000
...
006 (1255931.000.000) 2025-07-18 11:54:20 Image size of job updated: 917996
	897  -  MemoryUsage of job (MB)
	917996  -  ResidentSetSize of job (KB)
...
006 (1255931.000.000) 2025-07-18 11:59:20 Image size of job updated: 2866204
	2756  -  MemoryUsage of job (MB)
	2821588  -  ResidentSetSize of job (KB)
...
006 (1255931.000.000) 2025-07-18 11:59:53 Image size of job updated: 2885508
	2756  -  MemoryUsage of job (MB)
	2821588  -  ResidentSetSize of job (KB)
...
040 (1255931.000.000) 2025-07-18 11:59:53 Started transferring output files
	Seconds spent in queue: 352
...
040 (1255931.000.000) 2025-07-18 11:59:53 Finished transferring output files
...
005 (1255931.000.000) 2025-07-18 11:59:53 Job terminated.
	(1) Normal termination (return value 0)
		Usr 0 00:05:00, Sys 0 00:00:18  -  Run Remote Usage
		Usr 0 00:00:00, Sys 0 00:00:00  -  Run Local Usage
		Usr 0 00:05:00, Sys 0 00:00:18  -  Total Remote Usage
		Usr 0 00:00:00, Sys 0 00:00:00  -  Total Local Usage
	109554  -  Run Bytes Sent By Job
	690282624  -  Run Bytes Received By Job
	109554  -  Total Bytes Sent By Job
	690282624  -  Total Bytes Received By Job
	Partitionable Resources :      Usage  Request Allocated 
	   Cpus                 :       0.85        2         2 
	   Disk (KB)            : 2774561      750000    751616 
	   GPUs                 :                             0 
	   Memory (MB)          :    2756       16000     16000 
	   TimeExecute (s)      :     347                       
	   TimeSlotBusy (s)     :     358                       

	Job terminated of its own accord at 2025-07-18T02:59:53Z with exit-code 0.
...
000 (1256844.000.000) 2025-07-18 16:32:09 Job submitted from host: <172.30.1.200:9618?addrs=172.30.1.200-9618&alias=tamsa2&noUDP&sock=schedd_2531_a24a>
...
040 (1256844.000.000) 2025-07-18 16:32:27 Started transferring input files
	Transferring to host: <172.30.1.217:9618?addrs=172.30.1.217-9618&alias=node-w17.localdomain&noUDP&sock=slot1_7_6391_c99d_127993>
...
040 (1256844.000.000) 2025-07-18 16:32:30 Finished transferring input files
...
001 (1256844.000.000) 2025-07-18 16:32:30 Job executing on host: <172.30.1.217:9618?addrs=172.30.1.217-9618&alias=node-w17.localdomain&noUDP&sock=startd_6357_f3a4>
	SlotName: slot1_7@node-w17.localdomain
	CondorScratchDir = "/var/lib/condor/execute/dir_1840810"
	Cpus = 2
	Disk = 751616
	GPUs = 0
	Memory = 16000
...
006 (1256844.000.000) 2025-07-18 16:32:43 Image size of job updated: 1059056
	1035  -  MemoryUsage of job (MB)
	1059056  -  ResidentSetSize of job (KB)
...
006 (1256844.000.000) 2025-07-18 16:37:44 Image size of job updated: 2925896
	2775  -  MemoryUsage of job (MB)
	2840988  -  ResidentSetSize of job (KB)
...
040 (1256844.000.000) 2025-07-18 16:37:48 Started transferring output files
...
040 (1256844.000.000) 2025-07-18 16:37:48 Finished transferring output files
...
005 (1256844.000.000) 2025-07-18 16:37:49 Job terminated.
	(1) Normal termination (return value 0)
		Usr 0 00:04:21, Sys 0 00:00:19  -  Run Remote Usage
		Usr 0 00:00:00, Sys 0 00:00:00  -  Run Local Usage
		Usr 0 00:04:21, Sys 0 00:00:19  -  Total Remote Usage
		Usr 0 00:00:00, Sys 0 00:00:00  -  Total Local Usage
	109554  -  Run Bytes Sent By Job
	690282624  -  Run Bytes Received By Job
	109554  -  Total Bytes Sent By Job
	690282624  -  Total Bytes Received By Job
	Partitionable Resources :      Usage  Request Allocated 
	   Cpus                 :       0.89        2         2 
	   Disk (KB)            : 2774561      750000    751616 
	   GPUs                 :                             0 
	   Memory (MB)          :    2775       16000     16000 
	   TimeExecute (s)      :     318                       
	   TimeSlotBusy (s)     :     323                       

	Job terminated of its own accord at 2025-07-18T07:37:48Z with exit-code 0.
...
000 (1256902.000.000) 2025-07-18 18:01:24 Job submitted from host: <172.30.1.200:9618?addrs=172.30.1.200-9618&alias=tamsa2&noUDP&sock=schedd_2531_a24a>
...
040 (1256902.000.000) 2025-07-18 18:01:44 Started transferring input files
	Transferring to host: <172.30.1.213:9618?addrs=172.30.1.213-9618&alias=node-w13.localdomain&noUDP&sock=slot1_7_4972_f943_103988>
...
040 (1256902.000.000) 2025-07-18 18:01:53 Finished transferring input files
...
001 (1256902.000.000) 2025-07-18 18:01:53 Job executing on host: <172.30.1.213:9618?addrs=172.30.1.213-9618&alias=node-w13.localdomain&noUDP&sock=startd_4938_a2c0>
	SlotName: slot1_7@node-w13.localdomain
	CondorScratchDir = "/var/lib/condor/execute/dir_1533387"
	Cpus = 2
	Disk = 751616
	GPUs = 0
	Memory = 16000
...
006 (1256902.000.000) 2025-07-18 18:02:07 Image size of job updated: 1030888
	1007  -  MemoryUsage of job (MB)
	1030888  -  ResidentSetSize of job (KB)
...
006 (1256902.000.000) 2025-07-18 18:02:18 Image size of job updated: 2199792
	2149  -  MemoryUsage of job (MB)
	2199792  -  ResidentSetSize of job (KB)
...
040 (1256902.000.000) 2025-07-18 18:02:19 Started transferring output files
...
040 (1256902.000.000) 2025-07-18 18:02:19 Finished transferring output files
...
005 (1256902.000.000) 2025-07-18 18:02:19 Job terminated.
	(1) Normal termination (return value 0)
		Usr 0 00:00:19, Sys 0 00:00:04  -  Run Remote Usage
		Usr 0 00:00:00, Sys 0 00:00:00  -  Run Local Usage
		Usr 0 00:00:19, Sys 0 00:00:04  -  Total Remote Usage
		Usr 0 00:00:00, Sys 0 00:00:00  -  Total Local Usage
	263  -  Run Bytes Sent By Job
	690285184  -  Run Bytes Received By Job
	263  -  Total Bytes Sent By Job
	690285184  -  Total Bytes Received By Job
	Partitionable Resources :    Usage  Request Allocated 
	   Cpus                 :        0        2         2 
	   Disk (KB)            :  2774358   750000    751616 
	   GPUs                 :                           0 
	   Memory (MB)          :     2149    16000     16000 
	   TimeExecute (s)      :       25                    
	   TimeSlotBusy (s)     :       35                    

	Job terminated of its own accord at 2025-07-18T09:02:18Z with exit-code 0.
...
000 (1257011.000.000) 2025-07-18 18:09:54 Job submitted from host: <172.30.1.200:9618?addrs=172.30.1.200-9618&alias=tamsa2&noUDP&sock=schedd_2531_a24a>
...
040 (1257011.000.000) 2025-07-18 18:09:57 Started transferring input files
	Transferring to host: <172.30.1.213:9618?addrs=172.30.1.213-9618&alias=node-w13.localdomain&noUDP&sock=slot1_9_4972_f943_104077>
...
040 (1257011.000.000) 2025-07-18 18:10:06 Finished transferring input files
...
001 (1257011.000.000) 2025-07-18 18:10:06 Job executing on host: <172.30.1.213:9618?addrs=172.30.1.213-9618&alias=node-w13.localdomain&noUDP&sock=startd_4938_a2c0>
	SlotName: slot1_9@node-w13.localdomain
	CondorScratchDir = "/var/lib/condor/execute/dir_1546098"
	Cpus = 2
	Disk = 751616
	GPUs = 0
	Memory = 16000
...
006 (1257011.000.000) 2025-07-18 18:10:19 Image size of job updated: 806964
	789  -  MemoryUsage of job (MB)
	806964  -  ResidentSetSize of job (KB)
...
006 (1257011.000.000) 2025-07-18 18:10:31 Image size of job updated: 2199792
	2149  -  MemoryUsage of job (MB)
	2199792  -  ResidentSetSize of job (KB)
...
040 (1257011.000.000) 2025-07-18 18:10:31 Started transferring output files
...
040 (1257011.000.000) 2025-07-18 18:10:31 Finished transferring output files
...
005 (1257011.000.000) 2025-07-18 18:10:32 Job terminated.
	(1) Normal termination (return value 0)
		Usr 0 00:00:20, Sys 0 00:00:04  -  Run Remote Usage
		Usr 0 00:00:00, Sys 0 00:00:00  -  Run Local Usage
		Usr 0 00:00:20, Sys 0 00:00:04  -  Total Remote Usage
		Usr 0 00:00:00, Sys 0 00:00:00  -  Total Local Usage
	263  -  Run Bytes Sent By Job
	690285504  -  Run Bytes Received By Job
	263  -  Total Bytes Sent By Job
	690285504  -  Total Bytes Received By Job
	Partitionable Resources :    Usage  Request Allocated 
	   Cpus                 :                 2         2 
	   Disk (KB)            :  2774352   750000    751616 
	   GPUs                 :                           0 
	   Memory (MB)          :     2149    16000     16000 
	   TimeExecute (s)      :       25                    
	   TimeSlotBusy (s)     :       35                    

	Job terminated of its own accord at 2025-07-18T09:10:31Z with exit-code 0.
...
000 (1257059.000.000) 2025-07-18 18:22:36 Job submitted from host: <172.30.1.200:9618?addrs=172.30.1.200-9618&alias=tamsa2&noUDP&sock=schedd_2531_a24a>
...
040 (1257059.000.000) 2025-07-18 18:22:55 Started transferring input files
	Transferring to host: <172.30.1.221:9618?addrs=172.30.1.221-9618&alias=node-w21.localdomain&noUDP&sock=slot1_8_6000_4aed_143283>
...
040 (1257059.000.000) 2025-07-18 18:23:01 Finished transferring input files
...
001 (1257059.000.000) 2025-07-18 18:23:01 Job executing on host: <172.30.1.221:9618?addrs=172.30.1.221-9618&alias=node-w21.localdomain&noUDP&sock=startd_5966_c21c>
	SlotName: slot1_8@node-w21.localdomain
	CondorScratchDir = "/var/lib/condor/execute/dir_2931661"
	Cpus = 2
	Disk = 751616
	GPUs = 0
	Memory = 16000
...
006 (1257059.000.000) 2025-07-18 18:23:15 Image size of job updated: 1125388
	1100  -  MemoryUsage of job (MB)
	1125388  -  ResidentSetSize of job (KB)
...
006 (1257059.000.000) 2025-07-18 18:23:24 Image size of job updated: 2199792
	2149  -  MemoryUsage of job (MB)
	2199792  -  ResidentSetSize of job (KB)
...
040 (1257059.000.000) 2025-07-18 18:23:25 Started transferring output files
...
040 (1257059.000.000) 2025-07-18 18:23:25 Finished transferring output files
...
005 (1257059.000.000) 2025-07-18 18:23:25 Job terminated.
	(1) Normal termination (return value 0)
		Usr 0 00:00:18, Sys 0 00:00:05  -  Run Remote Usage
		Usr 0 00:00:00, Sys 0 00:00:00  -  Run Local Usage
		Usr 0 00:00:18, Sys 0 00:00:05  -  Total Remote Usage
		Usr 0 00:00:00, Sys 0 00:00:00  -  Total Local Usage
	263  -  Run Bytes Sent By Job
	690285504  -  Run Bytes Received By Job
	263  -  Total Bytes Sent By Job
	690285504  -  Total Bytes Received By Job
	Partitionable Resources :    Usage  Request Allocated 
	   Cpus                 :        0        2         2 
	   Disk (KB)            :  2774358   750000    751616 
	   GPUs                 :                           0 
	   Memory (MB)          :     2149    16000     16000 
	   TimeExecute (s)      :       23                    
	   TimeSlotBusy (s)     :       30                    

	Job terminated of its own accord at 2025-07-18T09:23:24Z with exit-code 0.
...
000 (1257105.000.000) 2025-07-18 18:24:32 Job submitted from host: <172.30.1.200:9618?addrs=172.30.1.200-9618&alias=tamsa2&noUDP&sock=schedd_2531_a24a>
...
040 (1257105.000.000) 2025-07-18 18:24:53 Started transferring input files
	Transferring to host: <172.30.1.221:9618?addrs=172.30.1.221-9618&alias=node-w21.localdomain&noUDP&sock=slot1_5_6000_4aed_143301>
...
040 (1257105.000.000) 2025-07-18 18:24:59 Finished transferring input files
...
001 (1257105.000.000) 2025-07-18 18:24:59 Job executing on host: <172.30.1.221:9618?addrs=172.30.1.221-9618&alias=node-w21.localdomain&noUDP&sock=startd_5966_c21c>
	SlotName: slot1_5@node-w21.localdomain
	CondorScratchDir = "/var/lib/condor/execute/dir_2931987"
	Cpus = 2
	Disk = 751616
	GPUs = 0
	Memory = 16000
...
006 (1257105.000.000) 2025-07-18 18:25:12 Image size of job updated: 969032
	947  -  MemoryUsage of job (MB)
	969032  -  ResidentSetSize of job (KB)
...
006 (1257105.000.000) 2025-07-18 18:30:13 Image size of job updated: 2966844
	2898  -  MemoryUsage of job (MB)
	2966844  -  ResidentSetSize of job (KB)
...
006 (1257105.000.000) 2025-07-18 18:30:49 Image size of job updated: 3009948
	2898  -  MemoryUsage of job (MB)
	2966844  -  ResidentSetSize of job (KB)
...
040 (1257105.000.000) 2025-07-18 18:30:50 Started transferring output files
...
040 (1257105.000.000) 2025-07-18 18:30:50 Finished transferring output files
...
005 (1257105.000.000) 2025-07-18 18:30:50 Job terminated.
	(1) Normal termination (return value 0)
		Usr 0 00:04:23, Sys 0 00:00:53  -  Run Remote Usage
		Usr 0 00:00:00, Sys 0 00:00:00  -  Run Local Usage
		Usr 0 00:04:23, Sys 0 00:00:53  -  Total Remote Usage
		Usr 0 00:00:00, Sys 0 00:00:00  -  Total Local Usage
	111997  -  Run Bytes Sent By Job
	690285440  -  Run Bytes Received By Job
	111997  -  Total Bytes Sent By Job
	690285440  -  Total Bytes Received By Job
	Partitionable Resources :      Usage  Request Allocated 
	   Cpus                 :       0.88        2         2 
	   Disk (KB)            : 2774567      750000    751616 
	   GPUs                 :                             0 
	   Memory (MB)          :    2898       16000     16000 
	   TimeExecute (s)      :     350                       
	   TimeSlotBusy (s)     :     358                       

	Job terminated of its own accord at 2025-07-18T09:30:49Z with exit-code 0.
...
000 (1257297.000.000) 2025-07-18 19:06:43 Job submitted from host: <172.30.1.200:9618?addrs=172.30.1.200-9618&alias=tamsa2&noUDP&sock=schedd_2531_a24a>
...
040 (1257297.000.000) 2025-07-18 19:07:00 Started transferring input files
	Transferring to host: <172.30.1.213:9618?addrs=172.30.1.213-9618&alias=node-w13.localdomain&noUDP&sock=slot1_16_4972_f943_104248>
...
040 (1257297.000.000) 2025-07-18 19:07:06 Finished transferring input files
...
001 (1257297.000.000) 2025-07-18 19:07:06 Job executing on host: <172.30.1.213:9618?addrs=172.30.1.213-9618&alias=node-w13.localdomain&noUDP&sock=startd_4938_a2c0>
	SlotName: slot1_16@node-w13.localdomain
	CondorScratchDir = "/var/lib/condor/execute/dir_1571881"
	Cpus = 2
	Disk = 751616
	GPUs = 0
	Memory = 16000
...
006 (1257297.000.000) 2025-07-18 19:07:20 Image size of job updated: 906320
	886  -  MemoryUsage of job (MB)
	906320  -  ResidentSetSize of job (KB)
...
006 (1257297.000.000) 2025-07-18 19:10:55 Image size of job updated: 2793104
	2149  -  MemoryUsage of job (MB)
	2199796  -  ResidentSetSize of job (KB)
...
004 (1257297.000.000) 2025-07-18 19:10:55 Job was evicted.
	(0) CPU times
		Usr 0 00:03:12, Sys 0 00:00:18  -  Run Remote Usage
		Usr 0 00:00:00, Sys 0 00:00:00  -  Run Local Usage
	0  -  Run Bytes Sent By Job
	690286464  -  Run Bytes Received By Job
	Partitionable Resources :      Usage  Request Allocated 
	   Cpus                 :       0.84        2         2 
	   Disk (KB)            : 2774365      750000    751616 
	   GPUs                 :                             0 
	   Memory (MB)          :    2149       16000     16000 
	   TimeExecute (s)      :     227                       
	   TimeSlotBusy (s)     :     239                       
...
009 (1257297.000.000) 2025-07-18 19:10:56 Job was aborted.
	via condor_rm (by user achihwan)
...
000 (1257529.000.000) 2025-07-18 19:18:38 Job submitted from host: <172.30.1.200:9618?addrs=172.30.1.200-9618&alias=tamsa2&noUDP&sock=schedd_2531_a24a>
...
040 (1257529.000.000) 2025-07-18 19:18:42 Started transferring input files
	Transferring to host: <172.30.1.219:9618?addrs=172.30.1.219-9618&alias=node-w19.localdomain&noUDP&sock=slot1_4_5155_e9eb_113602>
...
040 (1257529.000.000) 2025-07-18 19:18:48 Finished transferring input files
...
001 (1257529.000.000) 2025-07-18 19:18:48 Job executing on host: <172.30.1.219:9618?addrs=172.30.1.219-9618&alias=node-w19.localdomain&noUDP&sock=startd_5121_2895>
	SlotName: slot1_4@node-w19.localdomain
	CondorScratchDir = "/var/lib/condor/execute/dir_1637125"
	Cpus = 2
	Disk = 751616
	GPUs = 0
	Memory = 16000
...
006 (1257529.000.000) 2025-07-18 19:19:02 Image size of job updated: 1159180
	1133  -  MemoryUsage of job (MB)
	1159180  -  ResidentSetSize of job (KB)
...
006 (1257529.000.000) 2025-07-18 19:24:03 Image size of job updated: 3093720
	2778  -  MemoryUsage of job (MB)
	2843688  -  ResidentSetSize of job (KB)
...
040 (1257529.000.000) 2025-07-18 19:24:16 Started transferring output files
...
040 (1257529.000.000) 2025-07-18 19:24:16 Finished transferring output files
...
005 (1257529.000.000) 2025-07-18 19:24:16 Job terminated.
	(1) Normal termination (return value 0)
		Usr 0 00:04:02, Sys 0 00:00:48  -  Run Remote Usage
		Usr 0 00:00:00, Sys 0 00:00:00  -  Run Local Usage
		Usr 0 00:04:02, Sys 0 00:00:48  -  Total Remote Usage
		Usr 0 00:00:00, Sys 0 00:00:00  -  Total Local Usage
	112813  -  Run Bytes Sent By Job
	690286528  -  Run Bytes Received By Job
	112813  -  Total Bytes Sent By Job
	690286528  -  Total Bytes Received By Job
	Partitionable Resources :      Usage  Request Allocated 
	   Cpus                 :       0.88        2         2 
	   Disk (KB)            : 2774569      750000    751616 
	   GPUs                 :                             0 
	   Memory (MB)          :    2778       16000     16000 
	   TimeExecute (s)      :     328                       
	   TimeSlotBusy (s)     :     334                       

	Job terminated of its own accord at 2025-07-18T10:24:16Z with exit-code 0.
...
000 (1265675.000.000) 2025-07-21 11:45:55 Job submitted from host: <172.30.1.200:9618?addrs=172.30.1.200-9618&alias=tamsa2&noUDP&sock=schedd_2531_a24a>
...
040 (1265675.000.000) 2025-07-21 11:46:09 Started transferring input files
	Transferring to host: <172.30.1.202:9618?addrs=172.30.1.202-9618&alias=node-w2.localdomain&noUDP&sock=slot1_14_4999_ff64_72953>
...
001 (1265675.000.000) 2025-07-21 11:46:15 Job executing on host: <172.30.1.202:9618?addrs=172.30.1.202-9618&alias=node-w2.localdomain&noUDP&sock=startd_4964_7836>
	SlotName: slot1_14@node-w2.localdomain
	CondorScratchDir = "/var/lib/condor/execute/dir_4129385"
	Cpus = 2
	Disk = 751616
	GPUs = 0
	Memory = 16000
...
040 (1265675.000.000) 2025-07-21 11:46:15 Finished transferring input files
...
006 (1265675.000.000) 2025-07-21 11:46:29 Image size of job updated: 1147244
	1121  -  MemoryUsage of job (MB)
	1147244  -  ResidentSetSize of job (KB)
...
006 (1265675.000.000) 2025-07-21 11:51:04 Image size of job updated: 2882864
	2149  -  MemoryUsage of job (MB)
	2199796  -  ResidentSetSize of job (KB)
...
004 (1265675.000.000) 2025-07-21 11:51:04 Job was evicted.
	(0) CPU times
		Usr 0 00:03:54, Sys 0 00:00:18  -  Run Remote Usage
		Usr 0 00:00:00, Sys 0 00:00:00  -  Run Local Usage
	0  -  Run Bytes Sent By Job
	690286528  -  Run Bytes Received By Job
	Partitionable Resources :      Usage  Request Allocated 
	   Cpus                 :       0.92        2         2 
	   Disk (KB)            : 2774366      750000    751616 
	   GPUs                 :                             0 
	   Memory (MB)          :    2149       16000     16000 
	   TimeExecute (s)      :     288                       
	   TimeSlotBusy (s)     :     295                       
...
009 (1265675.000.000) 2025-07-21 11:51:04 Job was aborted.
	via condor_rm (by user achihwan)
...
000 (1265856.000.000) 2025-07-21 11:57:45 Job submitted from host: <172.30.1.200:9618?addrs=172.30.1.200-9618&alias=tamsa2&noUDP&sock=schedd_2531_a24a>
...
040 (1265856.000.000) 2025-07-21 11:58:07 Started transferring input files
	Transferring to host: <172.30.1.205:9618?addrs=172.30.1.205-9618&alias=node-w5.localdomain&noUDP&sock=slot1_10_5098_c088_49502>
...
040 (1265856.000.000) 2025-07-21 11:58:12 Finished transferring input files
...
001 (1265856.000.000) 2025-07-21 11:58:13 Job executing on host: <172.30.1.205:9618?addrs=172.30.1.205-9618&alias=node-w5.localdomain&noUDP&sock=startd_5064_0faf>
	SlotName: slot1_10@node-w5.localdomain
	CondorScratchDir = "/var/lib/condor/execute/dir_3247543"
	Cpus = 2
	Disk = 751616
	GPUs = 0
	Memory = 16000
...
006 (1265856.000.000) 2025-07-21 11:58:27 Image size of job updated: 1127204
	1101  -  MemoryUsage of job (MB)
	1127204  -  ResidentSetSize of job (KB)
...
006 (1265856.000.000) 2025-07-21 12:03:27 Image size of job updated: 2925596
	2149  -  MemoryUsage of job (MB)
	2200056  -  ResidentSetSize of job (KB)
...
040 (1265856.000.000) 2025-07-21 12:03:27 Started transferring output files
...
040 (1265856.000.000) 2025-07-21 12:03:27 Finished transferring output files
...
005 (1265856.000.000) 2025-07-21 12:03:28 Job terminated.
	(1) Normal termination (return value 0)
		Usr 0 00:04:17, Sys 0 00:00:27  -  Run Remote Usage
		Usr 0 00:00:00, Sys 0 00:00:00  -  Run Local Usage
		Usr 0 00:04:17, Sys 0 00:00:27  -  Total Remote Usage
		Usr 0 00:00:00, Sys 0 00:00:00  -  Total Local Usage
	113181  -  Run Bytes Sent By Job
	690286656  -  Run Bytes Received By Job
	113181  -  Total Bytes Sent By Job
	690286656  -  Total Bytes Received By Job
	Partitionable Resources :      Usage  Request Allocated 
	   Cpus                 :       0.89        2         2 
	   Disk (KB)            : 2774570      750000    751616 
	   GPUs                 :                             0 
	   Memory (MB)          :    2149       16000     16000 
	   TimeExecute (s)      :     314                       
	   TimeSlotBusy (s)     :     322                       

	Job terminated of its own accord at 2025-07-21T03:03:27Z with exit-code 0.
...
