000 (1246640.000.000) 2025-07-17 16:10:36 Job submitted from host: <172.30.1.200:9618?addrs=172.30.1.200-9618&alias=tamsa2&noUDP&sock=schedd_2531_a24a>
...
040 (1246640.000.000) 2025-07-17 16:10:40 Started transferring input files
	Transferring to host: <172.30.1.207:9618?addrs=172.30.1.207-9618&alias=node-w7.localdomain&noUDP&sock=slot1_6_4978_3384_38186>
...
001 (1246640.000.000) 2025-07-17 16:10:40 Job executing on host: <172.30.1.207:9618?addrs=172.30.1.207-9618&alias=node-w7.localdomain&noUDP&sock=startd_4944_c052>
	SlotName: slot1_6@node-w7.localdomain
	CondorScratchDir = "/var/lib/condor/execute/dir_2116856"
	Cpus = 2
	Disk = 2048
	GPUs = 0
	Memory = 16000
...
040 (1246640.000.000) 2025-07-17 16:10:40 Finished transferring input files
...
021 (1246640.000.000) 2025-07-17 16:10:45 Error from starter on slot1_6@node-w7.localdomain:
	Failed to execute '/var/lib/condor/execute/dir_2116856/run_WZto3LNu.py': (errno=8: 'Exec format error')
	Code 6 Subcode 8
...
004 (1246640.000.000) 2025-07-17 16:10:45 Job was evicted.
	(0) CPU times
		Usr 0 00:00:00, Sys 0 00:00:00  -  Run Remote Usage
		Usr 0 00:00:00, Sys 0 00:00:00  -  Run Local Usage
	0  -  Run Bytes Sent By Job
	22848  -  Run Bytes Received By Job
	Error from slot1_6@node-w7.localdomain: Failed to execute '/var/lib/condor/execute/dir_2116856/run_WZto3LNu.py': (errno=8: 'Exec format error')
	Partitionable Resources :    Usage  Request Allocated 
	   Cpus                 :                 2         2 
	   Disk (KB)            :       25       25      2048 
	   GPUs                 :                           0 
	   Memory (MB)          :             16000     16000 
	   TimeSlotBusy (s)     :        5                    
...
012 (1246640.000.000) 2025-07-17 16:10:45 Job was held.
	Error from slot1_6@node-w7.localdomain: Failed to execute '/var/lib/condor/execute/dir_2116856/run_WZto3LNu.py': (errno=8: 'Exec format error')
	Code 6 Subcode 8
...
009 (1246640.000.000) 2025-07-17 16:11:55 Job was aborted.
	via condor_rm (by user achihwan)
...
000 (1246693.000.000) 2025-07-17 16:14:07 Job submitted from host: <172.30.1.200:9618?addrs=172.30.1.200-9618&alias=tamsa2&noUDP&sock=schedd_2531_a24a>
...
040 (1246693.000.000) 2025-07-17 16:14:23 Started transferring input files
	Transferring to host: <172.30.1.211:9618?addrs=172.30.1.211-9618&alias=node-w11.localdomain&noUDP&sock=slot1_5_4969_dc23_57551>
...
001 (1246693.000.000) 2025-07-17 16:14:23 Job executing on host: <172.30.1.211:9618?addrs=172.30.1.211-9618&alias=node-w11.localdomain&noUDP&sock=startd_4935_93f7>
	SlotName: slot1_5@node-w11.localdomain
	CondorScratchDir = "/var/lib/condor/execute/dir_341115"
	Cpus = 2
	Disk = 2048
	GPUs = 0
	Memory = 16000
...
040 (1246693.000.000) 2025-07-17 16:14:23 Finished transferring input files
...
021 (1246693.000.000) 2025-07-17 16:14:28 Error from starter on slot1_5@node-w11.localdomain:
	Failed to execute '/var/lib/condor/execute/dir_341115/run_WZto3LNu.py' with arguments python *.py: (errno=8: 'Exec format error')
	Code 6 Subcode 8
...
004 (1246693.000.000) 2025-07-17 16:14:28 Job was evicted.
	(0) CPU times
		Usr 0 00:00:00, Sys 0 00:00:00  -  Run Remote Usage
		Usr 0 00:00:00, Sys 0 00:00:00  -  Run Local Usage
	0  -  Run Bytes Sent By Job
	22848  -  Run Bytes Received By Job
	Error from slot1_5@node-w11.localdomain: Failed to execute '/var/lib/condor/execute/dir_341115/run_WZto3LNu.py' with arguments python *.py: (errno=8: 'Exec format error')
	Partitionable Resources :    Usage  Request Allocated 
	   Cpus                 :                 2         2 
	   Disk (KB)            :       25       25      2048 
	   GPUs                 :                           0 
	   Memory (MB)          :             16000     16000 
	   TimeSlotBusy (s)     :        5                    
...
012 (1246693.000.000) 2025-07-17 16:14:28 Job was held.
	Error from slot1_5@node-w11.localdomain: Failed to execute '/var/lib/condor/execute/dir_341115/run_WZto3LNu.py' with arguments python *.py: (errno=8: 'Exec format error')
	Code 6 Subcode 8
...
009 (1246693.000.000) 2025-07-17 16:16:03 Job was aborted.
	via condor_rm (by user achihwan)
...
000 (1247393.000.000) 2025-07-17 16:30:16 Job submitted from host: <172.30.1.200:9618?addrs=172.30.1.200-9618&alias=tamsa2&noUDP&sock=schedd_2531_a24a>
...
040 (1247393.000.000) 2025-07-17 16:30:36 Started transferring input files
	Transferring to host: <172.30.1.103:9618?addrs=172.30.1.103-9618&alias=node-g3.localdomain&noUDP&sock=slot1_2_5357_3db3_14685>
...
040 (1247393.000.000) 2025-07-17 16:30:36 Finished transferring input files
...
001 (1247393.000.000) 2025-07-17 16:30:36 Job executing on host: <172.30.1.103:9618?addrs=172.30.1.103-9618&alias=node-g3.localdomain&noUDP&sock=startd_5323_b6b6>
	SlotName: slot1_2@node-g3.localdomain
	CondorScratchDir = "/var/lib/condor/execute/dir_3258187"
	Cpus = 2
	Disk = 2048
	GPUs = 0
	Memory = 16000
...
006 (1247393.000.000) 2025-07-17 16:30:41 Image size of job updated: 92
	1  -  MemoryUsage of job (MB)
	4  -  ResidentSetSize of job (KB)
...
040 (1247393.000.000) 2025-07-17 16:30:41 Started transferring output files
...
040 (1247393.000.000) 2025-07-17 16:30:41 Finished transferring output files
...
021 (1247393.000.000) 2025-07-17 16:30:41 Error from starter on slot1_2@node-g3.localdomain:
	STARTER at 172.30.1.103 failed to send file(s) to <172.30.1.200:9618>: |Error: reading from file /var/lib/condor/execute/dir_3258187/*.png: (errno 2) No such file or directory; SHADOW failed to receive file(s) from <172.30.1.103:32821>
	Code 13 Subcode 2
...
004 (1247393.000.000) 2025-07-17 16:30:41 Job was evicted.
	(0) CPU times
		Usr 0 00:00:00, Sys 0 00:00:00  -  Run Remote Usage
		Usr 0 00:00:00, Sys 0 00:00:00  -  Run Local Usage
	133  -  Run Bytes Sent By Job
	22894  -  Run Bytes Received By Job
	Transfer output files failure at execution point slot1_2@node-g3.localdomain while sending files to access point tamsa2. Details: reading from file /var/lib/condor/execute/dir_3258187/*.png: (errno 2) No such file or directory
	Partitionable Resources :    Usage  Request Allocated 
	   Cpus                 :        0        2         2 
	   Disk (KB)            :       45       25      2048 
	   GPUs                 :                           0 
	   Memory (MB)          :        1    16000     16000 
	   TimeExecute (s)      :        5                    
	   TimeSlotBusy (s)     :        5                    
...
012 (1247393.000.000) 2025-07-17 16:30:41 Job was held.
	Transfer output files failure at execution point slot1_2@node-g3.localdomain while sending files to access point tamsa2. Details: reading from file /var/lib/condor/execute/dir_3258187/*.png: (errno 2) No such file or directory
	Code 12 Subcode 2
...
009 (1247393.000.000) 2025-07-17 16:32:04 Job was aborted.
	via condor_rm (by user achihwan)

	Job terminated by itself at 2025-07-17T07:30:41Z (using method 0: OF_ITS_OWN_ACCORD).
...
000 (1247453.000.000) 2025-07-17 16:32:08 Job submitted from host: <172.30.1.200:9618?addrs=172.30.1.200-9618&alias=tamsa2&noUDP&sock=schedd_2531_a24a>
...
040 (1247453.000.000) 2025-07-17 16:32:29 Started transferring input files
	Transferring to host: <172.30.1.110:9618?addrs=172.30.1.110-9618&alias=node-g10.localdomain&noUDP&sock=slot1_5_6414_fe3e_19785>
...
040 (1247453.000.000) 2025-07-17 16:32:29 Finished transferring input files
...
001 (1247453.000.000) 2025-07-17 16:32:29 Job executing on host: <172.30.1.110:9618?addrs=172.30.1.110-9618&alias=node-g10.localdomain&noUDP&sock=startd_6380_ba51>
	SlotName: slot1_5@node-g10.localdomain
	CondorScratchDir = "/var/lib/condor/execute/dir_3257154"
	Cpus = 2
	Disk = 2048
	GPUs = 0
	Memory = 16000
...
006 (1247453.000.000) 2025-07-17 16:32:34 Image size of job updated: 128
	1  -  MemoryUsage of job (MB)
	4  -  ResidentSetSize of job (KB)
...
040 (1247453.000.000) 2025-07-17 16:32:34 Started transferring output files
...
040 (1247453.000.000) 2025-07-17 16:32:34 Finished transferring output files
...
021 (1247453.000.000) 2025-07-17 16:32:34 Error from starter on slot1_5@node-g10.localdomain:
	STARTER at 172.30.1.110 failed to send file(s) to <172.30.1.200:9618>: |Error: reading from file /var/lib/condor/execute/dir_3257154/*.png: (errno 2) No such file or directory; SHADOW failed to receive file(s) from <172.30.1.110:40079>
	Code 13 Subcode 2
...
004 (1247453.000.000) 2025-07-17 16:32:35 Job was evicted.
	(0) CPU times
		Usr 0 00:00:00, Sys 0 00:00:00  -  Run Remote Usage
		Usr 0 00:00:00, Sys 0 00:00:00  -  Run Local Usage
	111  -  Run Bytes Sent By Job
	22883  -  Run Bytes Received By Job
	Transfer output files failure at execution point slot1_5@node-g10.localdomain while sending files to access point tamsa2. Details: reading from file /var/lib/condor/execute/dir_3257154/*.png: (errno 2) No such file or directory
	Partitionable Resources :    Usage  Request Allocated 
	   Cpus                 :        0        2         2 
	   Disk (KB)            :       45       25      2048 
	   GPUs                 :                           0 
	   Memory (MB)          :        1    16000     16000 
	   TimeExecute (s)      :        5                    
	   TimeSlotBusy (s)     :        5                    
...
012 (1247453.000.000) 2025-07-17 16:32:35 Job was held.
	Transfer output files failure at execution point slot1_5@node-g10.localdomain while sending files to access point tamsa2. Details: reading from file /var/lib/condor/execute/dir_3257154/*.png: (errno 2) No such file or directory
	Code 12 Subcode 2
...
009 (1247453.000.000) 2025-07-17 16:36:30 Job was aborted.
	via condor_rm (by user achihwan)

	Job terminated by itself at 2025-07-17T07:32:34Z (using method 0: OF_ITS_OWN_ACCORD).
...
000 (1247513.000.000) 2025-07-17 16:36:35 Job submitted from host: <172.30.1.200:9618?addrs=172.30.1.200-9618&alias=tamsa2&noUDP&sock=schedd_2531_a24a>
...
040 (1247513.000.000) 2025-07-17 16:36:56 Started transferring input files
	Transferring to host: <172.30.1.206:9618?addrs=172.30.1.206-9618&alias=node-w6.localdomain&noUDP&sock=slot1_14_4969_dc23_29392>
...
040 (1247513.000.000) 2025-07-17 16:36:56 Finished transferring input files
...
001 (1247513.000.000) 2025-07-17 16:36:56 Job executing on host: <172.30.1.206:9618?addrs=172.30.1.206-9618&alias=node-w6.localdomain&noUDP&sock=startd_4935_93f7>
	SlotName: slot1_14@node-w6.localdomain
	CondorScratchDir = "/var/lib/condor/execute/dir_431121"
	Cpus = 2
	Disk = 2048
	GPUs = 0
	Memory = 16000
...
006 (1247513.000.000) 2025-07-17 16:37:01 Image size of job updated: 148
	1  -  MemoryUsage of job (MB)
	8  -  ResidentSetSize of job (KB)
...
040 (1247513.000.000) 2025-07-17 16:37:01 Started transferring output files
...
040 (1247513.000.000) 2025-07-17 16:37:01 Finished transferring output files
...
021 (1247513.000.000) 2025-07-17 16:37:01 Error from starter on slot1_14@node-w6.localdomain:
	STARTER at 172.30.1.206 failed to send file(s) to <172.30.1.200:9618>: |Error: reading from file /var/lib/condor/execute/dir_431121/*.png: (errno 2) No such file or directory; SHADOW failed to receive file(s) from <172.30.1.206:35163>
	Code 13 Subcode 2
...
004 (1247513.000.000) 2025-07-17 16:37:01 Job was evicted.
	(0) CPU times
		Usr 0 00:00:00, Sys 0 00:00:00  -  Run Remote Usage
		Usr 0 00:00:00, Sys 0 00:00:00  -  Run Local Usage
	194  -  Run Bytes Sent By Job
	22887  -  Run Bytes Received By Job
	Transfer output files failure at execution point slot1_14@node-w6.localdomain while sending files to access point tamsa2. Details: reading from file /var/lib/condor/execute/dir_431121/*.png: (errno 2) No such file or directory
	Partitionable Resources :    Usage  Request Allocated 
	   Cpus                 :                 2         2 
	   Disk (KB)            :       39       25      2048 
	   GPUs                 :                           0 
	   Memory (MB)          :        1    16000     16000 
	   TimeExecute (s)      :        5                    
	   TimeSlotBusy (s)     :        5                    
...
012 (1247513.000.000) 2025-07-17 16:37:01 Job was held.
	Transfer output files failure at execution point slot1_14@node-w6.localdomain while sending files to access point tamsa2. Details: reading from file /var/lib/condor/execute/dir_431121/*.png: (errno 2) No such file or directory
	Code 12 Subcode 2
...
009 (1247513.000.000) 2025-07-17 16:38:09 Job was aborted.
	via condor_rm (by user achihwan)

	Job terminated by itself at 2025-07-17T07:37:01Z (using method 0: OF_ITS_OWN_ACCORD).
...
000 (1247572.000.000) 2025-07-17 16:38:17 Job submitted from host: <172.30.1.200:9618?addrs=172.30.1.200-9618&alias=tamsa2&noUDP&sock=schedd_2531_a24a>
...
040 (1247572.000.000) 2025-07-17 16:39:38 Started transferring input files
	Transferring to host: <172.30.1.215:9618?addrs=172.30.1.215-9618&alias=node-w15.localdomain&noUDP&sock=slot1_4_5185_0d2c_104934>
...
001 (1247572.000.000) 2025-07-17 16:39:38 Job executing on host: <172.30.1.215:9618?addrs=172.30.1.215-9618&alias=node-w15.localdomain&noUDP&sock=startd_5151_bc6c>
	SlotName: slot1_4@node-w15.localdomain
	CondorScratchDir = "/var/lib/condor/execute/dir_689409"
	Cpus = 2
	Disk = 2048
	GPUs = 0
	Memory = 16000
...
040 (1247572.000.000) 2025-07-17 16:39:38 Finished transferring input files
...
006 (1247572.000.000) 2025-07-17 16:39:43 Image size of job updated: 184
	1  -  MemoryUsage of job (MB)
	8  -  ResidentSetSize of job (KB)
...
040 (1247572.000.000) 2025-07-17 16:39:43 Started transferring output files
...
040 (1247572.000.000) 2025-07-17 16:39:43 Finished transferring output files
...
021 (1247572.000.000) 2025-07-17 16:39:43 Error from starter on slot1_4@node-w15.localdomain:
	STARTER at 172.30.1.215 failed to send file(s) to <172.30.1.200:9618>: |Error: reading from file /var/lib/condor/execute/dir_689409/*.png: (errno 2) No such file or directory; SHADOW failed to receive file(s) from <172.30.1.215:33821>
	Code 13 Subcode 2
...
004 (1247572.000.000) 2025-07-17 16:39:43 Job was evicted.
	(0) CPU times
		Usr 0 00:00:00, Sys 0 00:00:00  -  Run Remote Usage
		Usr 0 00:00:00, Sys 0 00:00:00  -  Run Local Usage
	264  -  Run Bytes Sent By Job
	22891  -  Run Bytes Received By Job
	Transfer output files failure at execution point slot1_4@node-w15.localdomain while sending files to access point tamsa2. Details: reading from file /var/lib/condor/execute/dir_689409/*.png: (errno 2) No such file or directory
	Partitionable Resources :    Usage  Request Allocated 
	   Cpus                 :        0        2         2 
	   Disk (KB)            :       45       25      2048 
	   GPUs                 :                           0 
	   Memory (MB)          :        1    16000     16000 
	   TimeExecute (s)      :        5                    
	   TimeSlotBusy (s)     :        5                    
...
012 (1247572.000.000) 2025-07-17 16:39:43 Job was held.
	Transfer output files failure at execution point slot1_4@node-w15.localdomain while sending files to access point tamsa2. Details: reading from file /var/lib/condor/execute/dir_689409/*.png: (errno 2) No such file or directory
	Code 12 Subcode 2
...
009 (1247572.000.000) 2025-07-17 16:41:20 Job was aborted.
	via condor_rm (by user achihwan)

	Job terminated by itself at 2025-07-17T07:39:43Z (using method 0: OF_ITS_OWN_ACCORD).
...
000 (1247634.000.000) 2025-07-17 16:51:13 Job submitted from host: <172.30.1.200:9618?addrs=172.30.1.200-9618&alias=tamsa2&noUDP&sock=schedd_2531_a24a>
...
040 (1247634.000.000) 2025-07-17 16:51:38 Entered queue to transfer input files
	Transferring to host: <172.30.1.208:9618?addrs=172.30.1.208-9618&alias=node-w8.localdomain&noUDP&sock=slot1_3_4971_44e3_56674>
...
040 (1247634.000.000) 2025-07-17 16:51:39 Started transferring input files
	Seconds spent in queue: 1
...
040 (1247634.000.000) 2025-07-17 16:51:41 Finished transferring input files
...
001 (1247634.000.000) 2025-07-17 16:51:41 Job executing on host: <172.30.1.208:9618?addrs=172.30.1.208-9618&alias=node-w8.localdomain&noUDP&sock=startd_4937_f328>
	SlotName: slot1_3@node-w8.localdomain
	CondorScratchDir = "/var/lib/condor/execute/dir_1004302"
	Cpus = 2
	Disk = 751616
	GPUs = 0
	Memory = 16000
...
006 (1247634.000.000) 2025-07-17 16:51:55 Image size of job updated: 1011984
	989  -  MemoryUsage of job (MB)
	1011984  -  ResidentSetSize of job (KB)
...
006 (1247634.000.000) 2025-07-17 16:52:04 Image size of job updated: 2199792
	2149  -  MemoryUsage of job (MB)
	2199792  -  ResidentSetSize of job (KB)
...
040 (1247634.000.000) 2025-07-17 16:52:04 Started transferring output files
	Seconds spent in queue: 26
...
040 (1247634.000.000) 2025-07-17 16:52:04 Finished transferring output files
...
021 (1247634.000.000) 2025-07-17 16:52:04 Error from starter on slot1_3@node-w8.localdomain:
	STARTER at 172.30.1.208 failed to send file(s) to <172.30.1.200:9618>: |Error: reading from file /var/lib/condor/execute/dir_1004302/*.png: (errno 2) No such file or directory; SHADOW failed to receive file(s) from <172.30.1.208:36089>
	Code 13 Subcode 2
...
004 (1247634.000.000) 2025-07-17 16:52:04 Job was evicted.
	(0) CPU times
		Usr 0 00:00:16, Sys 0 00:00:02  -  Run Remote Usage
		Usr 0 00:00:00, Sys 0 00:00:00  -  Run Local Usage
	597  -  Run Bytes Sent By Job
	690279744  -  Run Bytes Received By Job
	Transfer output files failure at execution point slot1_3@node-w8.localdomain while sending files to access point tamsa2. Details: reading from file /var/lib/condor/execute/dir_1004302/*.png: (errno 2) No such file or directory
	Partitionable Resources :    Usage  Request Allocated 
	   Cpus                 :        0        2         2 
	   Disk (KB)            :  2774352   750000    751616 
	   GPUs                 :                           0 
	   Memory (MB)          :     2149    16000     16000 
	   TimeExecute (s)      :       23                    
	   TimeSlotBusy (s)     :       31                    
...
012 (1247634.000.000) 2025-07-17 16:52:04 Job was held.
	Transfer output files failure at execution point slot1_3@node-w8.localdomain while sending files to access point tamsa2. Details: reading from file /var/lib/condor/execute/dir_1004302/*.png: (errno 2) No such file or directory
	Code 12 Subcode 2
...
009 (1247634.000.000) 2025-07-17 17:02:33 Job was aborted.
	via condor_rm (by user achihwan)

	Job terminated by itself at 2025-07-17T07:52:04Z (using method 0: OF_ITS_OWN_ACCORD).
...
000 (1247695.000.000) 2025-07-17 17:02:55 Job submitted from host: <172.30.1.200:9618?addrs=172.30.1.200-9618&alias=tamsa2&noUDP&sock=schedd_2531_a24a>
...
040 (1247695.000.000) 2025-07-17 17:03:14 Started transferring input files
	Transferring to host: <172.30.1.204:9618?addrs=172.30.1.204-9618&alias=node-w4.localdomain&noUDP&sock=slot1_59_4930_6182_68148>
...
040 (1247695.000.000) 2025-07-17 17:03:14 Finished transferring input files
...
040 (1247695.000.000) 2025-07-17 17:03:15 Started transferring output files
...
021 (1247695.000.000) 2025-07-17 17:03:15 Error from starter on slot1_59@node-w4.localdomain:
	Failed to transfer files: SHADOW at 172.30.1.200 failed to send file(s) to <172.30.1.204:34681>: |Error: reading from file /data6/Users/achihwan/hepenv.tar.gz: (errno 2) No such file or directory; STARTER failed to receive file(s) from <172.30.1.200:9618>
	Code 13 Subcode 2
...
004 (1247695.000.000) 2025-07-17 17:03:15 Job was evicted.
	(0) CPU times
		Usr 0 00:00:00, Sys 0 00:00:00  -  Run Remote Usage
		Usr 0 00:00:00, Sys 0 00:00:00  -  Run Local Usage
	0  -  Run Bytes Sent By Job
	22935  -  Run Bytes Received By Job
	Transfer input files failure at access point tamsa2 while sending files to execution point slot1_59@node-w4.localdomain. Details: reading from file /data6/Users/achihwan/hepenv.tar.gz: (errno 2) No such file or directory
	Partitionable Resources :    Usage  Request Allocated 
	   Cpus                 :                 2         2 
	   Disk (KB)            :       38       25      2048 
	   GPUs                 :                           0 
	   Memory (MB)          :             16000     16000 
...
012 (1247695.000.000) 2025-07-17 17:03:15 Job was held.
	Transfer input files failure at access point tamsa2 while sending files to execution point slot1_59@node-w4.localdomain. Details: reading from file /data6/Users/achihwan/hepenv.tar.gz: (errno 2) No such file or directory
	Code 13 Subcode 2
...
009 (1247695.000.000) 2025-07-17 17:05:02 Job was aborted.
	via condor_rm (by user achihwan)
...
000 (1247755.000.000) 2025-07-17 17:05:06 Job submitted from host: <172.30.1.200:9618?addrs=172.30.1.200-9618&alias=tamsa2&noUDP&sock=schedd_2531_a24a>
...
040 (1247755.000.000) 2025-07-17 17:05:26 Started transferring input files
	Transferring to host: <172.30.1.212:9618?addrs=172.30.1.212-9618&alias=node-w12.localdomain&noUDP&sock=slot1_27_4978_3384_91743>
...
040 (1247755.000.000) 2025-07-17 17:05:26 Finished transferring input files
...
040 (1247755.000.000) 2025-07-17 17:05:27 Started transferring output files
...
021 (1247755.000.000) 2025-07-17 17:05:27 Error from starter on slot1_27@node-w12.localdomain:
	Failed to transfer files: SHADOW at 172.30.1.200 failed to send file(s) to <172.30.1.212:36841>: |Error: reading from file /data6/Users/achihwan/hepenv.tar.gz: (errno 2) No such file or directory; STARTER failed to receive file(s) from <172.30.1.200:9618>
	Code 13 Subcode 2
...
004 (1247755.000.000) 2025-07-17 17:05:27 Job was evicted.
	(0) CPU times
		Usr 0 00:00:00, Sys 0 00:00:00  -  Run Remote Usage
		Usr 0 00:00:00, Sys 0 00:00:00  -  Run Local Usage
	0  -  Run Bytes Sent By Job
	22885  -  Run Bytes Received By Job
	Transfer input files failure at access point tamsa2 while sending files to execution point slot1_27@node-w12.localdomain. Details: reading from file /data6/Users/achihwan/hepenv.tar.gz: (errno 2) No such file or directory
	Partitionable Resources :    Usage  Request Allocated 
	   Cpus                 :                 2         2 
	   Disk (KB)            :       38       25      2048 
	   GPUs                 :                           0 
	   Memory (MB)          :             16000     16000 
...
012 (1247755.000.000) 2025-07-17 17:05:27 Job was held.
	Transfer input files failure at access point tamsa2 while sending files to execution point slot1_27@node-w12.localdomain. Details: reading from file /data6/Users/achihwan/hepenv.tar.gz: (errno 2) No such file or directory
	Code 13 Subcode 2
...
009 (1247755.000.000) 2025-07-17 17:06:33 Job was aborted.
	via condor_rm (by user achihwan)
...
000 (1247814.000.000) 2025-07-17 17:06:36 Job submitted from host: <172.30.1.200:9618?addrs=172.30.1.200-9618&alias=tamsa2&noUDP&sock=schedd_2531_a24a>
...
040 (1247814.000.000) 2025-07-17 17:06:48 Started transferring input files
	Transferring to host: <172.30.1.211:9618?addrs=172.30.1.211-9618&alias=node-w11.localdomain&noUDP&sock=slot1_8_4969_dc23_57768>
...
001 (1247814.000.000) 2025-07-17 17:06:48 Job executing on host: <172.30.1.211:9618?addrs=172.30.1.211-9618&alias=node-w11.localdomain&noUDP&sock=startd_4935_93f7>
	SlotName: slot1_8@node-w11.localdomain
	CondorScratchDir = "/var/lib/condor/execute/dir_367508"
	Cpus = 2
	Disk = 2048
	GPUs = 0
	Memory = 16000
...
040 (1247814.000.000) 2025-07-17 17:06:48 Finished transferring input files
...
006 (1247814.000.000) 2025-07-17 17:06:53 Image size of job updated: 116
	1  -  MemoryUsage of job (MB)
	8  -  ResidentSetSize of job (KB)
...
040 (1247814.000.000) 2025-07-17 17:06:53 Started transferring output files
...
040 (1247814.000.000) 2025-07-17 17:06:53 Finished transferring output files
...
021 (1247814.000.000) 2025-07-17 17:06:54 Error from starter on slot1_8@node-w11.localdomain:
	STARTER at 172.30.1.211 failed to send file(s) to <172.30.1.200:9618>: |Error: reading from file /var/lib/condor/execute/dir_367508/*.png: (errno 2) No such file or directory; SHADOW failed to receive file(s) from <172.30.1.211:36385>
	Code 13 Subcode 2
...
004 (1247814.000.000) 2025-07-17 17:06:54 Job was evicted.
	(0) CPU times
		Usr 0 00:00:00, Sys 0 00:00:00  -  Run Remote Usage
		Usr 0 00:00:00, Sys 0 00:00:00  -  Run Local Usage
	264  -  Run Bytes Sent By Job
	22885  -  Run Bytes Received By Job
	Transfer output files failure at execution point slot1_8@node-w11.localdomain while sending files to access point tamsa2. Details: reading from file /var/lib/condor/execute/dir_367508/*.png: (errno 2) No such file or directory
	Partitionable Resources :    Usage  Request Allocated 
	   Cpus                 :        0        2         2 
	   Disk (KB)            :       45       25      2048 
	   GPUs                 :                           0 
	   Memory (MB)          :        1    16000     16000 
	   TimeExecute (s)      :        5                    
	   TimeSlotBusy (s)     :        6                    
...
012 (1247814.000.000) 2025-07-17 17:06:54 Job was held.
	Transfer output files failure at execution point slot1_8@node-w11.localdomain while sending files to access point tamsa2. Details: reading from file /var/lib/condor/execute/dir_367508/*.png: (errno 2) No such file or directory
	Code 12 Subcode 2
...
009 (1247814.000.000) 2025-07-17 17:08:14 Job was aborted.
	via condor_rm (by user achihwan)

	Job terminated by itself at 2025-07-17T08:06:53Z (using method 0: OF_ITS_OWN_ACCORD).
...
000 (1247873.000.000) 2025-07-17 17:08:22 Job submitted from host: <172.30.1.200:9618?addrs=172.30.1.200-9618&alias=tamsa2&noUDP&sock=schedd_2531_a24a>
...
009 (1247873.000.000) 2025-07-17 17:08:34 Job was aborted.
	via condor_rm (by user achihwan)
...
000 (1247932.000.000) 2025-07-17 17:08:51 Job submitted from host: <172.30.1.200:9618?addrs=172.30.1.200-9618&alias=tamsa2&noUDP&sock=schedd_2531_a24a>
...
040 (1247932.000.000) 2025-07-17 17:09:03 Started transferring input files
	Transferring to host: <172.30.1.210:9618?addrs=172.30.1.210-9618&alias=node-w10.localdomain&noUDP&sock=slot1_8_4947_5be2_33412>
...
001 (1247932.000.000) 2025-07-17 17:09:03 Job executing on host: <172.30.1.210:9618?addrs=172.30.1.210-9618&alias=node-w10.localdomain&noUDP&sock=startd_4913_7ce2>
	SlotName: slot1_8@node-w10.localdomain
	CondorScratchDir = "/var/lib/condor/execute/dir_3645410"
	Cpus = 2
	Disk = 2048
	GPUs = 0
	Memory = 16000
...
040 (1247932.000.000) 2025-07-17 17:09:03 Finished transferring input files
...
006 (1247932.000.000) 2025-07-17 17:09:08 Image size of job updated: 108
	1  -  MemoryUsage of job (MB)
	8  -  ResidentSetSize of job (KB)
...
040 (1247932.000.000) 2025-07-17 17:09:08 Started transferring output files
...
040 (1247932.000.000) 2025-07-17 17:09:08 Finished transferring output files
...
021 (1247932.000.000) 2025-07-17 17:09:08 Error from starter on slot1_8@node-w10.localdomain:
	STARTER at 172.30.1.210 failed to send file(s) to <172.30.1.200:9618>: |Error: reading from file /var/lib/condor/execute/dir_3645410/*.png: (errno 2) No such file or directory; SHADOW failed to receive file(s) from <172.30.1.210:38611>
	Code 13 Subcode 2
...
004 (1247932.000.000) 2025-07-17 17:09:08 Job was evicted.
	(0) CPU times
		Usr 0 00:00:00, Sys 0 00:00:00  -  Run Remote Usage
		Usr 0 00:00:00, Sys 0 00:00:00  -  Run Local Usage
	265  -  Run Bytes Sent By Job
	22885  -  Run Bytes Received By Job
	Transfer output files failure at execution point slot1_8@node-w10.localdomain while sending files to access point tamsa2. Details: reading from file /var/lib/condor/execute/dir_3645410/*.png: (errno 2) No such file or directory
	Partitionable Resources :    Usage  Request Allocated 
	   Cpus                 :        0        2         2 
	   Disk (KB)            :       45       25      2048 
	   GPUs                 :                           0 
	   Memory (MB)          :        1    16000     16000 
	   TimeExecute (s)      :        5                    
	   TimeSlotBusy (s)     :        5                    
...
012 (1247932.000.000) 2025-07-17 17:09:09 Job was held.
	Transfer output files failure at execution point slot1_8@node-w10.localdomain while sending files to access point tamsa2. Details: reading from file /var/lib/condor/execute/dir_3645410/*.png: (errno 2) No such file or directory
	Code 12 Subcode 2
...
009 (1247932.000.000) 2025-07-17 17:10:28 Job was aborted.
	via condor_rm (by user achihwan)

	Job terminated by itself at 2025-07-17T08:09:08Z (using method 0: OF_ITS_OWN_ACCORD).
...
000 (1247992.000.000) 2025-07-17 17:10:34 Job submitted from host: <172.30.1.200:9618?addrs=172.30.1.200-9618&alias=tamsa2&noUDP&sock=schedd_2531_a24a>
...
040 (1247992.000.000) 2025-07-17 17:10:44 Started transferring input files
	Transferring to host: <172.30.1.103:9618?addrs=172.30.1.103-9618&alias=node-g3.localdomain&noUDP&sock=slot1_5_5357_3db3_14727>
...
001 (1247992.000.000) 2025-07-17 17:10:45 Job executing on host: <172.30.1.103:9618?addrs=172.30.1.103-9618&alias=node-g3.localdomain&noUDP&sock=startd_5323_b6b6>
	SlotName: slot1_5@node-g3.localdomain
	CondorScratchDir = "/var/lib/condor/execute/dir_3267577"
	Cpus = 2
	Disk = 2048
	GPUs = 0
	Memory = 16000
...
040 (1247992.000.000) 2025-07-17 17:10:45 Finished transferring input files
...
006 (1247992.000.000) 2025-07-17 17:10:50 Image size of job updated: 148
	1  -  MemoryUsage of job (MB)
	8  -  ResidentSetSize of job (KB)
...
040 (1247992.000.000) 2025-07-17 17:10:50 Started transferring output files
...
040 (1247992.000.000) 2025-07-17 17:10:50 Finished transferring output files
...
021 (1247992.000.000) 2025-07-17 17:10:50 Error from starter on slot1_5@node-g3.localdomain:
	STARTER at 172.30.1.103 failed to send file(s) to <172.30.1.200:9618>: |Error: reading from file /var/lib/condor/execute/dir_3267577/*.png: (errno 2) No such file or directory; SHADOW failed to receive file(s) from <172.30.1.103:44431>
	Code 13 Subcode 2
...
004 (1247992.000.000) 2025-07-17 17:10:50 Job was evicted.
	(0) CPU times
		Usr 0 00:00:00, Sys 0 00:00:00  -  Run Remote Usage
		Usr 0 00:00:00, Sys 0 00:00:00  -  Run Local Usage
	287  -  Run Bytes Sent By Job
	22885  -  Run Bytes Received By Job
	Transfer output files failure at execution point slot1_5@node-g3.localdomain while sending files to access point tamsa2. Details: reading from file /var/lib/condor/execute/dir_3267577/*.png: (errno 2) No such file or directory
	Partitionable Resources :    Usage  Request Allocated 
	   Cpus                 :        0        2         2 
	   Disk (KB)            :       45       25      2048 
	   GPUs                 :                           0 
	   Memory (MB)          :        1    16000     16000 
	   TimeExecute (s)      :        5                    
	   TimeSlotBusy (s)     :        6                    
...
012 (1247992.000.000) 2025-07-17 17:10:51 Job was held.
	Transfer output files failure at execution point slot1_5@node-g3.localdomain while sending files to access point tamsa2. Details: reading from file /var/lib/condor/execute/dir_3267577/*.png: (errno 2) No such file or directory
	Code 12 Subcode 2
...
009 (1247992.000.000) 2025-07-17 17:11:47 Job was aborted.
	via condor_rm (by user achihwan)

	Job terminated by itself at 2025-07-17T08:10:50Z (using method 0: OF_ITS_OWN_ACCORD).
...
000 (1248052.000.000) 2025-07-17 17:12:01 Job submitted from host: <172.30.1.200:9618?addrs=172.30.1.200-9618&alias=tamsa2&noUDP&sock=schedd_2531_a24a>
...
040 (1248052.000.000) 2025-07-17 17:12:22 Started transferring input files
	Transferring to host: <172.30.1.109:9618?addrs=172.30.1.109-9618&alias=node-g9.localdomain&noUDP&sock=slot1_14_5793_7145_22617>
...
001 (1248052.000.000) 2025-07-17 17:12:22 Job executing on host: <172.30.1.109:9618?addrs=172.30.1.109-9618&alias=node-g9.localdomain&noUDP&sock=startd_5759_c601>
	SlotName: slot1_14@node-g9.localdomain
	CondorScratchDir = "/var/lib/condor/execute/dir_1090147"
	Cpus = 2
	Disk = 2048
	GPUs = 0
	Memory = 16000
...
040 (1248052.000.000) 2025-07-17 17:12:22 Finished transferring input files
...
006 (1248052.000.000) 2025-07-17 17:12:27 Image size of job updated: 128
	1  -  MemoryUsage of job (MB)
	8  -  ResidentSetSize of job (KB)
...
040 (1248052.000.000) 2025-07-17 17:12:27 Started transferring output files
...
040 (1248052.000.000) 2025-07-17 17:12:27 Finished transferring output files
...
021 (1248052.000.000) 2025-07-17 17:12:28 Error from starter on slot1_14@node-g9.localdomain:
	STARTER at 172.30.1.109 failed to send file(s) to <172.30.1.200:9618>: |Error: reading from file /var/lib/condor/execute/dir_1090147/*.png: (errno 2) No such file or directory; SHADOW failed to receive file(s) from <172.30.1.109:45281>
	Code 13 Subcode 2
...
004 (1248052.000.000) 2025-07-17 17:12:28 Job was evicted.
	(0) CPU times
		Usr 0 00:00:00, Sys 0 00:00:00  -  Run Remote Usage
		Usr 0 00:00:00, Sys 0 00:00:00  -  Run Local Usage
	273  -  Run Bytes Sent By Job
	22885  -  Run Bytes Received By Job
	Transfer output files failure at execution point slot1_14@node-g9.localdomain while sending files to access point tamsa2. Details: reading from file /var/lib/condor/execute/dir_1090147/*.png: (errno 2) No such file or directory
	Partitionable Resources :    Usage  Request Allocated 
	   Cpus                 :        0        2         2 
	   Disk (KB)            :       45       25      2048 
	   GPUs                 :                           0 
	   Memory (MB)          :        1    16000     16000 
	   TimeExecute (s)      :        5                    
	   TimeSlotBusy (s)     :        6                    
...
012 (1248052.000.000) 2025-07-17 17:12:28 Job was held.
	Transfer output files failure at execution point slot1_14@node-g9.localdomain while sending files to access point tamsa2. Details: reading from file /var/lib/condor/execute/dir_1090147/*.png: (errno 2) No such file or directory
	Code 12 Subcode 2
...
000 (1248112.000.000) 2025-07-17 17:12:49 Job submitted from host: <172.30.1.200:9618?addrs=172.30.1.200-9618&alias=tamsa2&noUDP&sock=schedd_2531_a24a>
...
009 (1248112.000.000) 2025-07-17 17:13:09 Job was aborted.
	via condor_rm (by user achihwan)
...
009 (1248052.000.000) 2025-07-17 17:13:09 Job was aborted.
	via condor_rm (by user achihwan)

	Job terminated by itself at 2025-07-17T08:12:27Z (using method 0: OF_ITS_OWN_ACCORD).
...
000 (1248171.000.000) 2025-07-17 17:13:15 Job submitted from host: <172.30.1.200:9618?addrs=172.30.1.200-9618&alias=tamsa2&noUDP&sock=schedd_2531_a24a>
...
009 (1248171.000.000) 2025-07-17 17:14:42 Job was aborted.
	via condor_rm (by user achihwan)
...
000 (1248230.000.000) 2025-07-17 17:14:48 Job submitted from host: <172.30.1.200:9618?addrs=172.30.1.200-9618&alias=tamsa2&noUDP&sock=schedd_2531_a24a>
...
040 (1248230.000.000) 2025-07-17 17:17:13 Started transferring input files
	Transferring to host: <172.30.1.201:9618?addrs=172.30.1.201-9618&alias=node-w1.localdomain&noUDP&sock=slot1_16_5447_a777_104424>
...
040 (1248230.000.000) 2025-07-17 17:17:14 Finished transferring input files
...
001 (1248230.000.000) 2025-07-17 17:17:14 Job executing on host: <172.30.1.201:9618?addrs=172.30.1.201-9618&alias=node-w1.localdomain&noUDP&sock=startd_5412_c2a4>
	SlotName: slot1_16@node-w1.localdomain
	CondorScratchDir = "/var/lib/condor/execute/dir_1706774"
	Cpus = 2
	Disk = 2048
	GPUs = 0
	Memory = 16000
...
006 (1248230.000.000) 2025-07-17 17:17:19 Image size of job updated: 148
	1  -  MemoryUsage of job (MB)
	8  -  ResidentSetSize of job (KB)
...
040 (1248230.000.000) 2025-07-17 17:17:19 Started transferring output files
...
040 (1248230.000.000) 2025-07-17 17:17:19 Finished transferring output files
...
021 (1248230.000.000) 2025-07-17 17:17:19 Error from starter on slot1_16@node-w1.localdomain:
	STARTER at 172.30.1.201 failed to send file(s) to <172.30.1.200:9618>: |Error: reading from file /var/lib/condor/execute/dir_1706774/*.png: (errno 2) No such file or directory; SHADOW failed to receive file(s) from <172.30.1.201:40825>
	Code 13 Subcode 2
...
004 (1248230.000.000) 2025-07-17 17:17:19 Job was evicted.
	(0) CPU times
		Usr 0 00:00:00, Sys 0 00:00:00  -  Run Remote Usage
		Usr 0 00:00:00, Sys 0 00:00:00  -  Run Local Usage
	266  -  Run Bytes Sent By Job
	22882  -  Run Bytes Received By Job
	Transfer output files failure at execution point slot1_16@node-w1.localdomain while sending files to access point tamsa2. Details: reading from file /var/lib/condor/execute/dir_1706774/*.png: (errno 2) No such file or directory
	Partitionable Resources :    Usage  Request Allocated 
	   Cpus                 :                 2         2 
	   Disk (KB)            :       39       25      2048 
	   GPUs                 :                           0 
	   Memory (MB)          :        1    16000     16000 
	   TimeExecute (s)      :        5                    
	   TimeSlotBusy (s)     :        6                    
...
012 (1248230.000.000) 2025-07-17 17:17:19 Job was held.
	Transfer output files failure at execution point slot1_16@node-w1.localdomain while sending files to access point tamsa2. Details: reading from file /var/lib/condor/execute/dir_1706774/*.png: (errno 2) No such file or directory
	Code 12 Subcode 2
...
009 (1248230.000.000) 2025-07-17 17:18:37 Job was aborted.
	via condor_rm (by user achihwan)

	Job terminated by itself at 2025-07-17T08:17:19Z (using method 0: OF_ITS_OWN_ACCORD).
...
000 (1248291.000.000) 2025-07-17 17:23:10 Job submitted from host: <172.30.1.200:9618?addrs=172.30.1.200-9618&alias=tamsa2&noUDP&sock=schedd_2531_a24a>
...
040 (1248291.000.000) 2025-07-17 17:23:31 Started transferring input files
	Transferring to host: <172.30.1.219:9618?addrs=172.30.1.219-9618&alias=node-w19.localdomain&noUDP&sock=slot1_14_5155_e9eb_110815>
...
040 (1248291.000.000) 2025-07-17 17:23:31 Finished transferring input files
...
001 (1248291.000.000) 2025-07-17 17:23:31 Job executing on host: <172.30.1.219:9618?addrs=172.30.1.219-9618&alias=node-w19.localdomain&noUDP&sock=startd_5121_2895>
	SlotName: slot1_14@node-w19.localdomain
	CondorScratchDir = "/var/lib/condor/execute/dir_1060058"
	Cpus = 2
	Disk = 2048
	GPUs = 0
	Memory = 16000
...
006 (1248291.000.000) 2025-07-17 17:23:36 Image size of job updated: 148
	1  -  MemoryUsage of job (MB)
	8  -  ResidentSetSize of job (KB)
...
040 (1248291.000.000) 2025-07-17 17:23:36 Started transferring output files
...
040 (1248291.000.000) 2025-07-17 17:23:36 Finished transferring output files
...
021 (1248291.000.000) 2025-07-17 17:23:36 Error from starter on slot1_14@node-w19.localdomain:
	STARTER at 172.30.1.219 failed to send file(s) to <172.30.1.200:9618>: |Error: reading from file /var/lib/condor/execute/dir_1060058/*.png: (errno 2) No such file or directory; SHADOW failed to receive file(s) from <172.30.1.219:43785>
	Code 13 Subcode 2
...
004 (1248291.000.000) 2025-07-17 17:23:36 Job was evicted.
	(0) CPU times
		Usr 0 00:00:00, Sys 0 00:00:00  -  Run Remote Usage
		Usr 0 00:00:00, Sys 0 00:00:00  -  Run Local Usage
	434  -  Run Bytes Sent By Job
	22960  -  Run Bytes Received By Job
	Transfer output files failure at execution point slot1_14@node-w19.localdomain while sending files to access point tamsa2. Details: reading from file /var/lib/condor/execute/dir_1060058/*.png: (errno 2) No such file or directory
	Partitionable Resources :    Usage  Request Allocated 
	   Cpus                 :                 2         2 
	   Disk (KB)            :       39       25      2048 
	   GPUs                 :                           0 
	   Memory (MB)          :        1    16000     16000 
	   TimeExecute (s)      :        5                    
	   TimeSlotBusy (s)     :        5                    
...
012 (1248291.000.000) 2025-07-17 17:23:36 Job was held.
	Transfer output files failure at execution point slot1_14@node-w19.localdomain while sending files to access point tamsa2. Details: reading from file /var/lib/condor/execute/dir_1060058/*.png: (errno 2) No such file or directory
	Code 12 Subcode 2
...
009 (1248291.000.000) 2025-07-17 17:28:06 Job was aborted.
	via condor_rm (by user achihwan)

	Job terminated by itself at 2025-07-17T08:23:36Z (using method 0: OF_ITS_OWN_ACCORD).
...
000 (1248352.000.000) 2025-07-17 17:28:10 Job submitted from host: <172.30.1.200:9618?addrs=172.30.1.200-9618&alias=tamsa2&noUDP&sock=schedd_2531_a24a>
...
040 (1248352.000.000) 2025-07-17 17:28:29 Entered queue to transfer input files
	Transferring to host: <172.30.1.219:9618?addrs=172.30.1.219-9618&alias=node-w19.localdomain&noUDP&sock=slot1_4_5155_e9eb_110838>
...
040 (1248352.000.000) 2025-07-17 17:28:31 Started transferring input files
	Seconds spent in queue: 2
...
040 (1248352.000.000) 2025-07-17 17:28:34 Finished transferring input files
...
001 (1248352.000.000) 2025-07-17 17:28:34 Job executing on host: <172.30.1.219:9618?addrs=172.30.1.219-9618&alias=node-w19.localdomain&noUDP&sock=startd_5121_2895>
	SlotName: slot1_4@node-w19.localdomain
	CondorScratchDir = "/var/lib/condor/execute/dir_1062777"
	Cpus = 2
	Disk = 751616
	GPUs = 0
	Memory = 16000
...
006 (1248352.000.000) 2025-07-17 17:28:47 Image size of job updated: 1140336
	1114  -  MemoryUsage of job (MB)
	1140336  -  ResidentSetSize of job (KB)
...
006 (1248352.000.000) 2025-07-17 17:28:54 Image size of job updated: 2199792
	2149  -  MemoryUsage of job (MB)
	2199792  -  ResidentSetSize of job (KB)
...
040 (1248352.000.000) 2025-07-17 17:28:55 Started transferring output files
	Seconds spent in queue: 26
...
040 (1248352.000.000) 2025-07-17 17:28:55 Finished transferring output files
...
021 (1248352.000.000) 2025-07-17 17:28:55 Error from starter on slot1_4@node-w19.localdomain:
	STARTER at 172.30.1.219 failed to send file(s) to <172.30.1.200:9618>: |Error: reading from file /var/lib/condor/execute/dir_1062777/*.png: (errno 2) No such file or directory; SHADOW failed to receive file(s) from <172.30.1.219:39733>
	Code 13 Subcode 2
...
004 (1248352.000.000) 2025-07-17 17:28:55 Job was evicted.
	(0) CPU times
		Usr 0 00:00:15, Sys 0 00:00:04  -  Run Remote Usage
		Usr 0 00:00:00, Sys 0 00:00:00  -  Run Local Usage
	388  -  Run Bytes Sent By Job
	690279744  -  Run Bytes Received By Job
	Transfer output files failure at execution point slot1_4@node-w19.localdomain while sending files to access point tamsa2. Details: reading from file /var/lib/condor/execute/dir_1062777/*.png: (errno 2) No such file or directory
	Partitionable Resources :    Usage  Request Allocated 
	   Cpus                 :                 2         2 
	   Disk (KB)            :  2774346   750000    751616 
	   GPUs                 :                           0 
	   Memory (MB)          :     2149    16000     16000 
	   TimeExecute (s)      :       20                    
	   TimeSlotBusy (s)     :       31                    
...
012 (1248352.000.000) 2025-07-17 17:28:55 Job was held.
	Transfer output files failure at execution point slot1_4@node-w19.localdomain while sending files to access point tamsa2. Details: reading from file /var/lib/condor/execute/dir_1062777/*.png: (errno 2) No such file or directory
	Code 12 Subcode 2
...
009 (1248352.000.000) 2025-07-17 17:30:19 Job was aborted.
	via condor_rm (by user achihwan)

	Job terminated by itself at 2025-07-17T08:28:54Z (using method 0: OF_ITS_OWN_ACCORD).
...
000 (1248412.000.000) 2025-07-17 17:33:23 Job submitted from host: <172.30.1.200:9618?addrs=172.30.1.200-9618&alias=tamsa2&noUDP&sock=schedd_2531_a24a>
...
040 (1248412.000.000) 2025-07-17 17:33:49 Entered queue to transfer input files
	Transferring to host: <172.30.1.221:9618?addrs=172.30.1.221-9618&alias=node-w21.localdomain&noUDP&sock=slot1_21_6000_4aed_140416>
...
040 (1248412.000.000) 2025-07-17 17:33:56 Started transferring input files
	Seconds spent in queue: 7
...
040 (1248412.000.000) 2025-07-17 17:33:59 Finished transferring input files
...
001 (1248412.000.000) 2025-07-17 17:33:59 Job executing on host: <172.30.1.221:9618?addrs=172.30.1.221-9618&alias=node-w21.localdomain&noUDP&sock=startd_5966_c21c>
	SlotName: slot1_21@node-w21.localdomain
	CondorScratchDir = "/var/lib/condor/execute/dir_2345133"
	Cpus = 2
	Disk = 751616
	GPUs = 0
	Memory = 16000
...
006 (1248412.000.000) 2025-07-17 17:34:12 Image size of job updated: 776984
	759  -  MemoryUsage of job (MB)
	776984  -  ResidentSetSize of job (KB)
...
006 (1248412.000.000) 2025-07-17 17:34:26 Image size of job updated: 2199792
	2149  -  MemoryUsage of job (MB)
	2199792  -  ResidentSetSize of job (KB)
...
040 (1248412.000.000) 2025-07-17 17:34:26 Started transferring output files
	Seconds spent in queue: 37
...
040 (1248412.000.000) 2025-07-17 17:34:26 Finished transferring output files
...
021 (1248412.000.000) 2025-07-17 17:34:26 Error from starter on slot1_21@node-w21.localdomain:
	STARTER at 172.30.1.221 failed to send file(s) to <172.30.1.200:9618>: |Error: reading from file /var/lib/condor/execute/dir_2345133/*.png: (errno 2) No such file or directory; SHADOW failed to receive file(s) from <172.30.1.221:43003>
	Code 13 Subcode 2
...
004 (1248412.000.000) 2025-07-17 17:34:26 Job was evicted.
	(0) CPU times
		Usr 0 00:00:21, Sys 0 00:00:04  -  Run Remote Usage
		Usr 0 00:00:00, Sys 0 00:00:00  -  Run Local Usage
	388  -  Run Bytes Sent By Job
	690279744  -  Run Bytes Received By Job
	Transfer output files failure at execution point slot1_21@node-w21.localdomain while sending files to access point tamsa2. Details: reading from file /var/lib/condor/execute/dir_2345133/*.png: (errno 2) No such file or directory
	Partitionable Resources :    Usage  Request Allocated 
	   Cpus                 :        0        2         2 
	   Disk (KB)            :  2774352   750000    751616 
	   GPUs                 :                           0 
	   Memory (MB)          :     2149    16000     16000 
	   TimeExecute (s)      :       27                    
	   TimeSlotBusy (s)     :       42                    
...
012 (1248412.000.000) 2025-07-17 17:34:26 Job was held.
	Transfer output files failure at execution point slot1_21@node-w21.localdomain while sending files to access point tamsa2. Details: reading from file /var/lib/condor/execute/dir_2345133/*.png: (errno 2) No such file or directory
	Code 12 Subcode 2
...
009 (1248412.000.000) 2025-07-17 17:34:44 Job was aborted.
	via condor_rm (by user achihwan)

	Job terminated by itself at 2025-07-17T08:34:26Z (using method 0: OF_ITS_OWN_ACCORD).
...
000 (1248471.000.000) 2025-07-17 17:34:48 Job submitted from host: <172.30.1.200:9618?addrs=172.30.1.200-9618&alias=tamsa2&noUDP&sock=schedd_2531_a24a>
...
040 (1248471.000.000) 2025-07-17 17:35:11 Entered queue to transfer input files
	Transferring to host: <172.30.1.205:9618?addrs=172.30.1.205-9618&alias=node-w5.localdomain&noUDP&sock=slot1_6_5098_c088_47833>
...
040 (1248471.000.000) 2025-07-17 17:35:16 Started transferring input files
	Seconds spent in queue: 5
...
040 (1248471.000.000) 2025-07-17 17:35:20 Finished transferring input files
...
001 (1248471.000.000) 2025-07-17 17:35:20 Job executing on host: <172.30.1.205:9618?addrs=172.30.1.205-9618&alias=node-w5.localdomain&noUDP&sock=startd_5064_0faf>
	SlotName: slot1_6@node-w5.localdomain
	CondorScratchDir = "/var/lib/condor/execute/dir_2842913"
	Cpus = 2
	Disk = 751616
	GPUs = 0
	Memory = 16000
...
006 (1248471.000.000) 2025-07-17 17:35:33 Image size of job updated: 864396
	845  -  MemoryUsage of job (MB)
	864396  -  ResidentSetSize of job (KB)
...
006 (1248471.000.000) 2025-07-17 17:35:45 Image size of job updated: 2200752
	2149  -  MemoryUsage of job (MB)
	2199792  -  ResidentSetSize of job (KB)
...
040 (1248471.000.000) 2025-07-17 17:35:46 Started transferring output files
	Seconds spent in queue: 35
...
040 (1248471.000.000) 2025-07-17 17:35:46 Finished transferring output files
...
021 (1248471.000.000) 2025-07-17 17:35:46 Error from starter on slot1_6@node-w5.localdomain:
	STARTER at 172.30.1.205 failed to send file(s) to <172.30.1.200:9618>: |Error: reading from file /var/lib/condor/execute/dir_2842913/*.png: (errno 2) No such file or directory; SHADOW failed to receive file(s) from <172.30.1.205:39157>
	Code 13 Subcode 2
...
004 (1248471.000.000) 2025-07-17 17:35:46 Job was evicted.
	(0) CPU times
		Usr 0 00:00:19, Sys 0 00:00:04  -  Run Remote Usage
		Usr 0 00:00:00, Sys 0 00:00:00  -  Run Local Usage
	800  -  Run Bytes Sent By Job
	690279744  -  Run Bytes Received By Job
	Transfer output files failure at execution point slot1_6@node-w5.localdomain while sending files to access point tamsa2. Details: reading from file /var/lib/condor/execute/dir_2842913/*.png: (errno 2) No such file or directory
	Partitionable Resources :    Usage  Request Allocated 
	   Cpus                 :        0        2         2 
	   Disk (KB)            :  2774353   750000    751616 
	   GPUs                 :                           0 
	   Memory (MB)          :     2149    16000     16000 
	   TimeExecute (s)      :       25                    
	   TimeSlotBusy (s)     :       40                    
...
012 (1248471.000.000) 2025-07-17 17:35:46 Job was held.
	Transfer output files failure at execution point slot1_6@node-w5.localdomain while sending files to access point tamsa2. Details: reading from file /var/lib/condor/execute/dir_2842913/*.png: (errno 2) No such file or directory
	Code 12 Subcode 2
...
009 (1248471.000.000) 2025-07-17 17:36:48 Job was aborted.
	via condor_rm (by user achihwan)

	Job terminated by itself at 2025-07-17T08:35:45Z (using method 0: OF_ITS_OWN_ACCORD).
...
000 (1250103.000.000) 2025-07-17 17:36:54 Job submitted from host: <172.30.1.200:9618?addrs=172.30.1.200-9618&alias=tamsa2&noUDP&sock=schedd_2531_a24a>
...
040 (1250103.000.000) 2025-07-17 17:39:35 Started transferring input files
	Transferring to host: <172.30.1.203:9618?addrs=172.30.1.203-9618&alias=node-w3.localdomain&noUDP&sock=slot1_50_4993_c524_82581>
...
040 (1250103.000.000) 2025-07-17 17:39:39 Finished transferring input files
...
001 (1250103.000.000) 2025-07-17 17:39:39 Job executing on host: <172.30.1.203:9618?addrs=172.30.1.203-9618&alias=node-w3.localdomain&noUDP&sock=startd_4959_0a3d>
	SlotName: slot1_50@node-w3.localdomain
	CondorScratchDir = "/var/lib/condor/execute/dir_2424648"
	Cpus = 2
	Disk = 751616
	GPUs = 0
	Memory = 16000
...
006 (1250103.000.000) 2025-07-17 17:39:52 Image size of job updated: 1015376
	992  -  MemoryUsage of job (MB)
	1015376  -  ResidentSetSize of job (KB)
...
006 (1250103.000.000) 2025-07-17 17:40:01 Image size of job updated: 2199792
	2149  -  MemoryUsage of job (MB)
	2199792  -  ResidentSetSize of job (KB)
...
040 (1250103.000.000) 2025-07-17 17:40:01 Started transferring output files
...
040 (1250103.000.000) 2025-07-17 17:40:01 Finished transferring output files
...
021 (1250103.000.000) 2025-07-17 17:40:01 Error from starter on slot1_50@node-w3.localdomain:
	STARTER at 172.30.1.203 failed to send file(s) to <172.30.1.200:9618>: |Error: reading from file /var/lib/condor/execute/dir_2424648/*.png: (errno 2) No such file or directory; SHADOW failed to receive file(s) from <172.30.1.203:41383>
	Code 13 Subcode 2
...
004 (1250103.000.000) 2025-07-17 17:40:01 Job was evicted.
	(0) CPU times
		Usr 0 00:00:16, Sys 0 00:00:02  -  Run Remote Usage
		Usr 0 00:00:00, Sys 0 00:00:00  -  Run Local Usage
	702  -  Run Bytes Sent By Job
	690279744  -  Run Bytes Received By Job
	Transfer output files failure at execution point slot1_50@node-w3.localdomain while sending files to access point tamsa2. Details: reading from file /var/lib/condor/execute/dir_2424648/*.png: (errno 2) No such file or directory
	Partitionable Resources :    Usage  Request Allocated 
	   Cpus                 :        0        2         2 
	   Disk (KB)            :  2774352   750000    751616 
	   GPUs                 :                           0 
	   Memory (MB)          :     2149    16000     16000 
	   TimeExecute (s)      :       22                    
	   TimeSlotBusy (s)     :       26                    
...
012 (1250103.000.000) 2025-07-17 17:40:01 Job was held.
	Transfer output files failure at execution point slot1_50@node-w3.localdomain while sending files to access point tamsa2. Details: reading from file /var/lib/condor/execute/dir_2424648/*.png: (errno 2) No such file or directory
	Code 12 Subcode 2
...
000 (1251217.000.000) 2025-07-17 17:42:38 Job submitted from host: <172.30.1.200:9618?addrs=172.30.1.200-9618&alias=tamsa2&noUDP&sock=schedd_2531_a24a>
...
009 (1250103.000.000) 2025-07-17 17:42:45 Job was aborted.
	via condor_rm (by user achihwan)

	Job terminated by itself at 2025-07-17T08:40:01Z (using method 0: OF_ITS_OWN_ACCORD).
...
040 (1251217.000.000) 2025-07-17 17:43:01 Started transferring input files
	Transferring to host: <172.30.1.201:9618?addrs=172.30.1.201-9618&alias=node-w1.localdomain&noUDP&sock=slot1_8_5447_a777_104578>
...
040 (1251217.000.000) 2025-07-17 17:43:04 Finished transferring input files
...
001 (1251217.000.000) 2025-07-17 17:43:04 Job executing on host: <172.30.1.201:9618?addrs=172.30.1.201-9618&alias=node-w1.localdomain&noUDP&sock=startd_5412_c2a4>
	SlotName: slot1_8@node-w1.localdomain
	CondorScratchDir = "/var/lib/condor/execute/dir_1737512"
	Cpus = 2
	Disk = 751617
	GPUs = 0
	Memory = 16000
...
006 (1251217.000.000) 2025-07-17 17:43:17 Image size of job updated: 1015184
	992  -  MemoryUsage of job (MB)
	1015184  -  ResidentSetSize of job (KB)
...
006 (1251217.000.000) 2025-07-17 17:43:26 Image size of job updated: 2199796
	2149  -  MemoryUsage of job (MB)
	2199796  -  ResidentSetSize of job (KB)
...
040 (1251217.000.000) 2025-07-17 17:43:26 Started transferring output files
...
040 (1251217.000.000) 2025-07-17 17:43:26 Finished transferring output files
...
021 (1251217.000.000) 2025-07-17 17:43:27 Error from starter on slot1_8@node-w1.localdomain:
	STARTER at 172.30.1.201 failed to send file(s) to <172.30.1.200:9618>: |Error: reading from file /var/lib/condor/execute/dir_1737512/*.png: (errno 2) No such file or directory; SHADOW failed to receive file(s) from <172.30.1.201:35243>
	Code 13 Subcode 2
...
004 (1251217.000.000) 2025-07-17 17:43:27 Job was evicted.
	(0) CPU times
		Usr 0 00:00:17, Sys 0 00:00:03  -  Run Remote Usage
		Usr 0 00:00:00, Sys 0 00:00:00  -  Run Local Usage
	4418  -  Run Bytes Sent By Job
	690279744  -  Run Bytes Received By Job
	Transfer output files failure at execution point slot1_8@node-w1.localdomain while sending files to access point tamsa2. Details: reading from file /var/lib/condor/execute/dir_1737512/*.png: (errno 2) No such file or directory
	Partitionable Resources :    Usage  Request Allocated 
	   Cpus                 :                 2         2 
	   Disk (KB)            :  2774350   750000    751617 
	   GPUs                 :                           0 
	   Memory (MB)          :     2149    16000     16000 
	   TimeExecute (s)      :       22                    
	   TimeSlotBusy (s)     :       29                    
...
012 (1251217.000.000) 2025-07-17 17:43:27 Job was held.
	Transfer output files failure at execution point slot1_8@node-w1.localdomain while sending files to access point tamsa2. Details: reading from file /var/lib/condor/execute/dir_1737512/*.png: (errno 2) No such file or directory
	Code 12 Subcode 2
...
009 (1251217.000.000) 2025-07-17 17:44:17 Job was aborted.
	via condor_rm (by user achihwan)

	Job terminated by itself at 2025-07-17T08:43:26Z (using method 0: OF_ITS_OWN_ACCORD).
...
000 (1253140.000.000) 2025-07-17 17:44:34 Job submitted from host: <172.30.1.200:9618?addrs=172.30.1.200-9618&alias=tamsa2&noUDP&sock=schedd_2531_a24a>
...
040 (1253140.000.000) 2025-07-17 17:44:51 Started transferring input files
	Transferring to host: <172.30.1.219:9618?addrs=172.30.1.219-9618&alias=node-w19.localdomain&noUDP&sock=slot1_5_5155_e9eb_111044>
...
040 (1253140.000.000) 2025-07-17 17:44:54 Finished transferring input files
...
001 (1253140.000.000) 2025-07-17 17:44:54 Job executing on host: <172.30.1.219:9618?addrs=172.30.1.219-9618&alias=node-w19.localdomain&noUDP&sock=startd_5121_2895>
	SlotName: slot1_5@node-w19.localdomain
	CondorScratchDir = "/var/lib/condor/execute/dir_1079209"
	Cpus = 2
	Disk = 751616
	GPUs = 0
	Memory = 16000
...
006 (1253140.000.000) 2025-07-17 17:45:07 Image size of job updated: 1092272
	1067  -  MemoryUsage of job (MB)
	1092272  -  ResidentSetSize of job (KB)
...
006 (1253140.000.000) 2025-07-17 17:45:16 Image size of job updated: 2199792
	2149  -  MemoryUsage of job (MB)
	2199792  -  ResidentSetSize of job (KB)
...
040 (1253140.000.000) 2025-07-17 17:45:16 Started transferring output files
...
040 (1253140.000.000) 2025-07-17 17:45:16 Finished transferring output files
...
021 (1253140.000.000) 2025-07-17 17:45:16 Error from starter on slot1_5@node-w19.localdomain:
	STARTER at 172.30.1.219 failed to send file(s) to <172.30.1.200:9618>: |Error: reading from file /var/lib/condor/execute/dir_1079209/*.png: (errno 2) No such file or directory; SHADOW failed to receive file(s) from <172.30.1.219:39985>
	Code 13 Subcode 2
...
004 (1253140.000.000) 2025-07-17 17:45:16 Job was evicted.
	(0) CPU times
		Usr 0 00:00:16, Sys 0 00:00:05  -  Run Remote Usage
		Usr 0 00:00:00, Sys 0 00:00:00  -  Run Local Usage
	464  -  Run Bytes Sent By Job
	690279744  -  Run Bytes Received By Job
	Transfer output files failure at execution point slot1_5@node-w19.localdomain while sending files to access point tamsa2. Details: reading from file /var/lib/condor/execute/dir_1079209/*.png: (errno 2) No such file or directory
	Partitionable Resources :    Usage  Request Allocated 
	   Cpus                 :        0        2         2 
	   Disk (KB)            :  2774352   750000    751616 
	   GPUs                 :                           0 
	   Memory (MB)          :     2149    16000     16000 
	   TimeExecute (s)      :       22                    
	   TimeSlotBusy (s)     :       29                    
...
012 (1253140.000.000) 2025-07-17 17:45:16 Job was held.
	Transfer output files failure at execution point slot1_5@node-w19.localdomain while sending files to access point tamsa2. Details: reading from file /var/lib/condor/execute/dir_1079209/*.png: (errno 2) No such file or directory
	Code 12 Subcode 2
...
009 (1253140.000.000) 2025-07-17 17:54:41 Job was aborted.
	via condor_rm (by user achihwan)

	Job terminated by itself at 2025-07-17T08:45:16Z (using method 0: OF_ITS_OWN_ACCORD).
...
000 (1253207.000.000) 2025-07-17 17:58:17 Job submitted from host: <172.30.1.200:9618?addrs=172.30.1.200-9618&alias=tamsa2&noUDP&sock=schedd_2531_a24a>
...
040 (1253207.000.000) 2025-07-17 17:58:32 Started transferring input files
	Transferring to host: <172.30.1.214:9618?addrs=172.30.1.214-9618&alias=node-w14.localdomain&noUDP&sock=slot1_7_5193_b02c_91187>
...
040 (1253207.000.000) 2025-07-17 17:58:35 Finished transferring input files
...
001 (1253207.000.000) 2025-07-17 17:58:35 Job executing on host: <172.30.1.214:9618?addrs=172.30.1.214-9618&alias=node-w14.localdomain&noUDP&sock=startd_5159_392e>
	SlotName: slot1_7@node-w14.localdomain
	CondorScratchDir = "/var/lib/condor/execute/dir_791413"
	Cpus = 2
	Disk = 751616
	GPUs = 0
	Memory = 16000
...
006 (1253207.000.000) 2025-07-17 17:58:48 Image size of job updated: 936496
	915  -  MemoryUsage of job (MB)
	936496  -  ResidentSetSize of job (KB)
...
006 (1253207.000.000) 2025-07-17 17:59:01 Image size of job updated: 2239016
	2149  -  MemoryUsage of job (MB)
	2199792  -  ResidentSetSize of job (KB)
...
040 (1253207.000.000) 2025-07-17 17:59:01 Started transferring output files
...
040 (1253207.000.000) 2025-07-17 17:59:01 Finished transferring output files
...
021 (1253207.000.000) 2025-07-17 17:59:01 Error from starter on slot1_7@node-w14.localdomain:
	STARTER at 172.30.1.214 failed to send file(s) to <172.30.1.200:9618>: |Error: reading from file /var/lib/condor/execute/dir_791413/*.png: (errno 2) No such file or directory; SHADOW failed to receive file(s) from <172.30.1.214:35365>
	Code 13 Subcode 2
...
004 (1253207.000.000) 2025-07-17 17:59:01 Job was evicted.
	(0) CPU times
		Usr 0 00:00:20, Sys 0 00:00:05  -  Run Remote Usage
		Usr 0 00:00:00, Sys 0 00:00:00  -  Run Local Usage
	452  -  Run Bytes Sent By Job
	690279808  -  Run Bytes Received By Job
	Transfer output files failure at execution point slot1_7@node-w14.localdomain while sending files to access point tamsa2. Details: reading from file /var/lib/condor/execute/dir_791413/*.png: (errno 2) No such file or directory
	Partitionable Resources :    Usage  Request Allocated 
	   Cpus                 :                 2         2 
	   Disk (KB)            :  2774346   750000    751616 
	   GPUs                 :                           0 
	   Memory (MB)          :     2149    16000     16000 
	   TimeExecute (s)      :       26                    
	   TimeSlotBusy (s)     :       32                    
...
012 (1253207.000.000) 2025-07-17 17:59:01 Job was held.
	Transfer output files failure at execution point slot1_7@node-w14.localdomain while sending files to access point tamsa2. Details: reading from file /var/lib/condor/execute/dir_791413/*.png: (errno 2) No such file or directory
	Code 12 Subcode 2
...
009 (1253207.000.000) 2025-07-17 18:04:59 Job was aborted.
	via condor_rm (by user achihwan)

	Job terminated by itself at 2025-07-17T08:59:01Z (using method 0: OF_ITS_OWN_ACCORD).
...
000 (1253269.000.000) 2025-07-17 18:05:03 Job submitted from host: <172.30.1.200:9618?addrs=172.30.1.200-9618&alias=tamsa2&noUDP&sock=schedd_2531_a24a>
...
040 (1253269.000.000) 2025-07-17 18:05:22 Started transferring input files
	Transferring to host: <172.30.1.214:9618?addrs=172.30.1.214-9618&alias=node-w14.localdomain&noUDP&sock=slot1_15_5193_b02c_91278>
...
040 (1253269.000.000) 2025-07-17 18:05:26 Finished transferring input files
...
001 (1253269.000.000) 2025-07-17 18:05:26 Job executing on host: <172.30.1.214:9618?addrs=172.30.1.214-9618&alias=node-w14.localdomain&noUDP&sock=startd_5159_392e>
	SlotName: slot1_15@node-w14.localdomain
	CondorScratchDir = "/var/lib/condor/execute/dir_799299"
	Cpus = 2
	Disk = 751616
	GPUs = 0
	Memory = 16000
...
006 (1253269.000.000) 2025-07-17 18:05:39 Image size of job updated: 990732
	968  -  MemoryUsage of job (MB)
	990732  -  ResidentSetSize of job (KB)
...
006 (1253269.000.000) 2025-07-17 18:10:29 Image size of job updated: 3806540
	2149  -  MemoryUsage of job (MB)
	2199884  -  ResidentSetSize of job (KB)
...
040 (1253269.000.000) 2025-07-17 18:10:29 Started transferring output files
...
040 (1253269.000.000) 2025-07-17 18:10:29 Finished transferring output files
...
021 (1253269.000.000) 2025-07-17 18:10:29 Error from starter on slot1_15@node-w14.localdomain:
	STARTER at 172.30.1.214 failed to send file(s) to <172.30.1.200:9618>: |Error: reading from file /var/lib/condor/execute/dir_799299/*.png: (errno 2) No such file or directory; SHADOW failed to receive file(s) from <172.30.1.214:35323>
	Code 13 Subcode 2
...
004 (1253269.000.000) 2025-07-17 18:10:29 Job was evicted.
	(0) CPU times
		Usr 0 00:02:58, Sys 0 00:01:26  -  Run Remote Usage
		Usr 0 00:00:00, Sys 0 00:00:00  -  Run Local Usage
	5614  -  Run Bytes Sent By Job
	690279680  -  Run Bytes Received By Job
	Transfer output files failure at execution point slot1_15@node-w14.localdomain while sending files to access point tamsa2. Details: reading from file /var/lib/condor/execute/dir_799299/*.png: (errno 2) No such file or directory
	Partitionable Resources :      Usage  Request Allocated 
	   Cpus                 :       0.93        2         2 
	   Disk (KB)            : 2774443      750000    751616 
	   GPUs                 :                             0 
	   Memory (MB)          :    2149       16000     16000 
	   TimeExecute (s)      :     303                       
	   TimeSlotBusy (s)     :     307                       
...
012 (1253269.000.000) 2025-07-17 18:10:29 Job was held.
	Transfer output files failure at execution point slot1_15@node-w14.localdomain while sending files to access point tamsa2. Details: reading from file /var/lib/condor/execute/dir_799299/*.png: (errno 2) No such file or directory
	Code 12 Subcode 2
...
009 (1253269.000.000) 2025-07-17 18:13:43 Job was aborted.
	via condor_rm (by user achihwan)

	Job terminated by itself at 2025-07-17T09:10:29Z (using method 0: OF_ITS_OWN_ACCORD).
...
000 (1253334.000.000) 2025-07-17 18:13:47 Job submitted from host: <172.30.1.200:9618?addrs=172.30.1.200-9618&alias=tamsa2&noUDP&sock=schedd_2531_a24a>
...
040 (1253334.000.000) 2025-07-17 18:15:50 Started transferring input files
	Transferring to host: <172.30.1.214:9618?addrs=172.30.1.214-9618&alias=node-w14.localdomain&noUDP&sock=slot1_24_5193_b02c_91358>
...
001 (1253334.000.000) 2025-07-17 18:15:54 Job executing on host: <172.30.1.214:9618?addrs=172.30.1.214-9618&alias=node-w14.localdomain&noUDP&sock=startd_5159_392e>
	SlotName: slot1_24@node-w14.localdomain
	CondorScratchDir = "/var/lib/condor/execute/dir_816024"
	Cpus = 2
	Disk = 751616
	GPUs = 0
	Memory = 16000
...
040 (1253334.000.000) 2025-07-17 18:15:54 Finished transferring input files
...
006 (1253334.000.000) 2025-07-17 18:16:07 Image size of job updated: 796208
	778  -  MemoryUsage of job (MB)
	796208  -  ResidentSetSize of job (KB)
...
006 (1253334.000.000) 2025-07-17 18:20:21 Image size of job updated: 3909544
	2149  -  MemoryUsage of job (MB)
	2199884  -  ResidentSetSize of job (KB)
...
040 (1253334.000.000) 2025-07-17 18:20:22 Started transferring output files
...
040 (1253334.000.000) 2025-07-17 18:20:22 Finished transferring output files
...
021 (1253334.000.000) 2025-07-17 18:20:22 Error from starter on slot1_24@node-w14.localdomain:
	STARTER at 172.30.1.214 failed to send file(s) to <172.30.1.200:9618>: |Error: reading from file /var/lib/condor/execute/dir_816024/*.png: (errno 2) No such file or directory; SHADOW failed to receive file(s) from <172.30.1.214:35383>
	Code 13 Subcode 2
...
004 (1253334.000.000) 2025-07-17 18:20:22 Job was evicted.
	(0) CPU times
		Usr 0 00:04:05, Sys 0 00:00:11  -  Run Remote Usage
		Usr 0 00:00:00, Sys 0 00:00:00  -  Run Local Usage
	6002  -  Run Bytes Sent By Job
	690279680  -  Run Bytes Received By Job
	Transfer output files failure at execution point slot1_24@node-w14.localdomain while sending files to access point tamsa2. Details: reading from file /var/lib/condor/execute/dir_816024/*.png: (errno 2) No such file or directory
	Partitionable Resources :      Usage  Request Allocated 
	   Cpus                 :       0.99        2         2 
	   Disk (KB)            : 2774444      750000    751616 
	   GPUs                 :                             0 
	   Memory (MB)          :    2149       16000     16000 
	   TimeExecute (s)      :     267                       
	   TimeSlotBusy (s)     :     273                       
...
012 (1253334.000.000) 2025-07-17 18:20:22 Job was held.
	Transfer output files failure at execution point slot1_24@node-w14.localdomain while sending files to access point tamsa2. Details: reading from file /var/lib/condor/execute/dir_816024/*.png: (errno 2) No such file or directory
	Code 12 Subcode 2
...
009 (1253334.000.000) 2025-07-17 18:23:21 Job was aborted.
	via condor_rm (by user achihwan)

	Job terminated by itself at 2025-07-17T09:20:21Z (using method 0: OF_ITS_OWN_ACCORD).
...
000 (1253414.000.000) 2025-07-17 18:23:25 Job submitted from host: <172.30.1.200:9618?addrs=172.30.1.200-9618&alias=tamsa2&noUDP&sock=schedd_2531_a24a>
...
040 (1253414.000.000) 2025-07-17 18:23:54 Entered queue to transfer input files
	Transferring to host: <172.30.1.218:9618?addrs=172.30.1.218-9618&alias=node-w18.localdomain&noUDP&sock=slot1_8_5306_4e91_96582>
...
040 (1253414.000.000) 2025-07-17 18:23:54 Started transferring input files
	Seconds spent in queue: 0
...
040 (1253414.000.000) 2025-07-17 18:23:58 Finished transferring input files
...
001 (1253414.000.000) 2025-07-17 18:23:58 Job executing on host: <172.30.1.218:9618?addrs=172.30.1.218-9618&alias=node-w18.localdomain&noUDP&sock=startd_5272_bb62>
	SlotName: slot1_8@node-w18.localdomain
	CondorScratchDir = "/var/lib/condor/execute/dir_2110615"
	Cpus = 2
	Disk = 751616
	GPUs = 0
	Memory = 16000
...
006 (1253414.000.000) 2025-07-17 18:24:12 Image size of job updated: 849968
	831  -  MemoryUsage of job (MB)
	849968  -  ResidentSetSize of job (KB)
...
006 (1253414.000.000) 2025-07-17 18:28:30 Image size of job updated: 3924260
	2149  -  MemoryUsage of job (MB)
	2199976  -  ResidentSetSize of job (KB)
...
040 (1253414.000.000) 2025-07-17 18:28:30 Started transferring output files
	Seconds spent in queue: 276
...
040 (1253414.000.000) 2025-07-17 18:28:30 Finished transferring output files
...
005 (1253414.000.000) 2025-07-17 18:28:30 Job terminated.
	(1) Normal termination (return value 0)
		Usr 0 00:04:00, Sys 0 00:00:12  -  Run Remote Usage
		Usr 0 00:00:00, Sys 0 00:00:00  -  Run Local Usage
		Usr 0 00:04:00, Sys 0 00:00:12  -  Total Remote Usage
		Usr 0 00:00:00, Sys 0 00:00:00  -  Total Local Usage
	93545  -  Run Bytes Sent By Job
	690279744  -  Run Bytes Received By Job
	93545  -  Total Bytes Sent By Job
	690279744  -  Total Bytes Received By Job
	Partitionable Resources :      Usage  Request Allocated 
	   Cpus                 :       0.97        2         2 
	   Disk (KB)            : 2774529      750000    751616 
	   GPUs                 :                             0 
	   Memory (MB)          :    2149       16000     16000 
	   TimeExecute (s)      :     272                       
	   TimeSlotBusy (s)     :     285                       

	Job terminated of its own accord at 2025-07-17T09:28:30Z with exit-code 0.
...
000 (1253474.000.000) 2025-07-17 18:29:03 Job submitted from host: <172.30.1.200:9618?addrs=172.30.1.200-9618&alias=tamsa2&noUDP&sock=schedd_2531_a24a>
...
040 (1253474.000.000) 2025-07-17 18:29:26 Started transferring input files
	Transferring to host: <172.30.1.221:9618?addrs=172.30.1.221-9618&alias=node-w21.localdomain&noUDP&sock=slot1_18_6000_4aed_140884>
...
040 (1253474.000.000) 2025-07-17 18:29:29 Finished transferring input files
...
001 (1253474.000.000) 2025-07-17 18:29:29 Job executing on host: <172.30.1.221:9618?addrs=172.30.1.221-9618&alias=node-w21.localdomain&noUDP&sock=startd_5966_c21c>
	SlotName: slot1_18@node-w21.localdomain
	CondorScratchDir = "/var/lib/condor/execute/dir_2426113"
	Cpus = 2
	Disk = 751616
	GPUs = 0
	Memory = 16000
...
006 (1253474.000.000) 2025-07-17 18:29:43 Image size of job updated: 787488
	770  -  MemoryUsage of job (MB)
	787488  -  ResidentSetSize of job (KB)
...
006 (1253474.000.000) 2025-07-17 18:34:07 Image size of job updated: 3856348
	2149  -  MemoryUsage of job (MB)
	2200000  -  ResidentSetSize of job (KB)
...
040 (1253474.000.000) 2025-07-17 18:34:08 Started transferring output files
...
040 (1253474.000.000) 2025-07-17 18:34:08 Finished transferring output files
...
005 (1253474.000.000) 2025-07-17 18:34:08 Job terminated.
	(1) Normal termination (return value 0)
		Usr 0 00:04:02, Sys 0 00:00:13  -  Run Remote Usage
		Usr 0 00:00:00, Sys 0 00:00:00  -  Run Local Usage
		Usr 0 00:04:02, Sys 0 00:00:13  -  Total Remote Usage
		Usr 0 00:00:00, Sys 0 00:00:00  -  Total Local Usage
	105258  -  Run Bytes Sent By Job
	690280320  -  Run Bytes Received By Job
	105258  -  Total Bytes Sent By Job
	690280320  -  Total Bytes Received By Job
	Partitionable Resources :      Usage  Request Allocated 
	   Cpus                 :       1.03        2         2 
	   Disk (KB)            : 2774553      750000    751616 
	   GPUs                 :                             0 
	   Memory (MB)          :    2149       16000     16000 
	   TimeExecute (s)      :     278                       
	   TimeSlotBusy (s)     :     285                       

	Job terminated of its own accord at 2025-07-17T09:34:07Z with exit-code 0.
...
000 (1254369.000.000) 2025-07-17 22:18:37 Job submitted from host: <172.30.1.200:9618?addrs=172.30.1.200-9618&alias=tamsa2&noUDP&sock=schedd_2531_a24a>
...
040 (1254369.000.000) 2025-07-17 22:18:39 Started transferring input files
	Transferring to host: <172.30.1.212:9618?addrs=172.30.1.212-9618&alias=node-w12.localdomain&noUDP&sock=slot1_3_4978_3384_93623>
...
040 (1254369.000.000) 2025-07-17 22:18:44 Finished transferring input files
...
001 (1254369.000.000) 2025-07-17 22:18:44 Job executing on host: <172.30.1.212:9618?addrs=172.30.1.212-9618&alias=node-w12.localdomain&noUDP&sock=startd_4944_c052>
	SlotName: slot1_3@node-w12.localdomain
	CondorScratchDir = "/var/lib/condor/execute/dir_1414678"
	Cpus = 2
	Disk = 751616
	GPUs = 0
	Memory = 16000
...
006 (1254369.000.000) 2025-07-17 22:18:58 Image size of job updated: 1007564
	984  -  MemoryUsage of job (MB)
	1007564  -  ResidentSetSize of job (KB)
...
006 (1254369.000.000) 2025-07-17 22:23:29 Image size of job updated: 3882220
	2149  -  MemoryUsage of job (MB)
	2200000  -  ResidentSetSize of job (KB)
...
040 (1254369.000.000) 2025-07-17 22:23:30 Started transferring output files
...
040 (1254369.000.000) 2025-07-17 22:23:30 Finished transferring output files
...
005 (1254369.000.000) 2025-07-17 22:23:30 Job terminated.
	(1) Normal termination (return value 0)
		Usr 0 00:03:38, Sys 0 00:00:47  -  Run Remote Usage
		Usr 0 00:00:00, Sys 0 00:00:00  -  Run Local Usage
		Usr 0 00:03:38, Sys 0 00:00:47  -  Total Remote Usage
		Usr 0 00:00:00, Sys 0 00:00:00  -  Total Local Usage
	106438  -  Run Bytes Sent By Job
	690280320  -  Run Bytes Received By Job
	106438  -  Total Bytes Sent By Job
	690280320  -  Total Bytes Received By Job
	Partitionable Resources :      Usage  Request Allocated 
	   Cpus                 :       0.89        2         2 
	   Disk (KB)            : 2774556      750000    751616 
	   GPUs                 :                             0 
	   Memory (MB)          :    2149       16000     16000 
	   TimeExecute (s)      :     285                       
	   TimeSlotBusy (s)     :     291                       

	Job terminated of its own accord at 2025-07-17T13:23:29Z with exit-code 0.
...
000 (1255934.000.000) 2025-07-18 11:53:48 Job submitted from host: <172.30.1.200:9618?addrs=172.30.1.200-9618&alias=tamsa2&noUDP&sock=schedd_2531_a24a>
...
040 (1255934.000.000) 2025-07-18 11:53:55 Started transferring input files
	Transferring to host: <172.30.1.213:9618?addrs=172.30.1.213-9618&alias=node-w13.localdomain&noUDP&sock=slot1_4_4972_f943_102310>
...
040 (1255934.000.000) 2025-07-18 11:54:03 Finished transferring input files
...
001 (1255934.000.000) 2025-07-18 11:54:03 Job executing on host: <172.30.1.213:9618?addrs=172.30.1.213-9618&alias=node-w13.localdomain&noUDP&sock=startd_4938_a2c0>
	SlotName: slot1_4@node-w13.localdomain
	CondorScratchDir = "/var/lib/condor/execute/dir_1220949"
	Cpus = 2
	Disk = 751616
	GPUs = 0
	Memory = 16000
...
006 (1255934.000.000) 2025-07-18 11:54:17 Image size of job updated: 856364
	837  -  MemoryUsage of job (MB)
	856364  -  ResidentSetSize of job (KB)
...
006 (1255934.000.000) 2025-07-18 11:57:54 Image size of job updated: 3765396
	2149  -  MemoryUsage of job (MB)
	2200000  -  ResidentSetSize of job (KB)
...
040 (1255934.000.000) 2025-07-18 11:57:54 Started transferring output files
...
040 (1255934.000.000) 2025-07-18 11:57:54 Finished transferring output files
...
005 (1255934.000.000) 2025-07-18 11:57:54 Job terminated.
	(1) Normal termination (return value 0)
		Usr 0 00:03:14, Sys 0 00:00:14  -  Run Remote Usage
		Usr 0 00:00:00, Sys 0 00:00:00  -  Run Local Usage
		Usr 0 00:03:14, Sys 0 00:00:14  -  Total Remote Usage
		Usr 0 00:00:00, Sys 0 00:00:00  -  Total Local Usage
	106620  -  Run Bytes Sent By Job
	690280768  -  Run Bytes Received By Job
	106620  -  Total Bytes Sent By Job
	690280768  -  Total Bytes Received By Job
	Partitionable Resources :      Usage  Request Allocated 
	   Cpus                 :       0.88        2         2 
	   Disk (KB)            : 2774556      750000    751616 
	   GPUs                 :                             0 
	   Memory (MB)          :    2149       16000     16000 
	   TimeExecute (s)      :     231                       
	   TimeSlotBusy (s)     :     240                       

	Job terminated of its own accord at 2025-07-18T02:57:54Z with exit-code 0.
...
000 (1256847.000.000) 2025-07-18 16:32:09 Job submitted from host: <172.30.1.200:9618?addrs=172.30.1.200-9618&alias=tamsa2&noUDP&sock=schedd_2531_a24a>
...
040 (1256847.000.000) 2025-07-18 16:32:29 Started transferring input files
	Transferring to host: <172.30.1.217:9618?addrs=172.30.1.217-9618&alias=node-w17.localdomain&noUDP&sock=slot1_13_6391_c99d_127997>
...
040 (1256847.000.000) 2025-07-18 16:32:33 Finished transferring input files
...
001 (1256847.000.000) 2025-07-18 16:32:33 Job executing on host: <172.30.1.217:9618?addrs=172.30.1.217-9618&alias=node-w17.localdomain&noUDP&sock=startd_6357_f3a4>
	SlotName: slot1_13@node-w17.localdomain
	CondorScratchDir = "/var/lib/condor/execute/dir_1840820"
	Cpus = 2
	Disk = 751616
	GPUs = 0
	Memory = 16000
...
006 (1256847.000.000) 2025-07-18 16:32:46 Image size of job updated: 997900
	975  -  MemoryUsage of job (MB)
	997900  -  ResidentSetSize of job (KB)
...
006 (1256847.000.000) 2025-07-18 16:35:57 Image size of job updated: 3647328
	2149  -  MemoryUsage of job (MB)
	2200000  -  ResidentSetSize of job (KB)
...
040 (1256847.000.000) 2025-07-18 16:35:57 Started transferring output files
...
040 (1256847.000.000) 2025-07-18 16:35:57 Finished transferring output files
...
005 (1256847.000.000) 2025-07-18 16:35:58 Job terminated.
	(1) Normal termination (return value 0)
		Usr 0 00:02:43, Sys 0 00:00:23  -  Run Remote Usage
		Usr 0 00:00:00, Sys 0 00:00:00  -  Run Local Usage
		Usr 0 00:02:43, Sys 0 00:00:23  -  Total Remote Usage
		Usr 0 00:00:00, Sys 0 00:00:00  -  Total Local Usage
	106620  -  Run Bytes Sent By Job
	690280768  -  Run Bytes Received By Job
	106620  -  Total Bytes Sent By Job
	690280768  -  Total Bytes Received By Job
	Partitionable Resources :      Usage  Request Allocated 
	   Cpus                 :       0.93        2         2 
	   Disk (KB)            : 2774556      750000    751616 
	   GPUs                 :                             0 
	   Memory (MB)          :    2149       16000     16000 
	   TimeExecute (s)      :     204                       
	   TimeSlotBusy (s)     :     211                       

	Job terminated of its own accord at 2025-07-18T07:35:57Z with exit-code 0.
...
000 (1256905.000.000) 2025-07-18 18:01:24 Job submitted from host: <172.30.1.200:9618?addrs=172.30.1.200-9618&alias=tamsa2&noUDP&sock=schedd_2531_a24a>
...
040 (1256905.000.000) 2025-07-18 18:01:44 Started transferring input files
	Transferring to host: <172.30.1.213:9618?addrs=172.30.1.213-9618&alias=node-w13.localdomain&noUDP&sock=slot1_10_4972_f943_103991>
...
040 (1256905.000.000) 2025-07-18 18:01:52 Finished transferring input files
...
001 (1256905.000.000) 2025-07-18 18:01:52 Job executing on host: <172.30.1.213:9618?addrs=172.30.1.213-9618&alias=node-w13.localdomain&noUDP&sock=startd_4938_a2c0>
	SlotName: slot1_10@node-w13.localdomain
	CondorScratchDir = "/var/lib/condor/execute/dir_1533393"
	Cpus = 2
	Disk = 751616
	GPUs = 0
	Memory = 16000
...
006 (1256905.000.000) 2025-07-18 18:02:06 Image size of job updated: 901432
	881  -  MemoryUsage of job (MB)
	901432  -  ResidentSetSize of job (KB)
...
006 (1256905.000.000) 2025-07-18 18:02:16 Image size of job updated: 2199792
	2149  -  MemoryUsage of job (MB)
	2199792  -  ResidentSetSize of job (KB)
...
040 (1256905.000.000) 2025-07-18 18:02:16 Started transferring output files
...
040 (1256905.000.000) 2025-07-18 18:02:18 Finished transferring output files
...
005 (1256905.000.000) 2025-07-18 18:02:18 Job terminated.
	(1) Normal termination (return value 0)
		Usr 0 00:00:18, Sys 0 00:00:04  -  Run Remote Usage
		Usr 0 00:00:00, Sys 0 00:00:00  -  Run Local Usage
		Usr 0 00:00:18, Sys 0 00:00:04  -  Total Remote Usage
		Usr 0 00:00:00, Sys 0 00:00:00  -  Total Local Usage
	263  -  Run Bytes Sent By Job
	690283328  -  Run Bytes Received By Job
	263  -  Total Bytes Sent By Job
	690283328  -  Total Bytes Received By Job
	Partitionable Resources :    Usage  Request Allocated 
	   Cpus                 :                 2         2 
	   Disk (KB)            :  2774350   750000    751616 
	   GPUs                 :                           0 
	   Memory (MB)          :     2149    16000     16000 
	   TimeExecute (s)      :       24                    
	   TimeSlotBusy (s)     :       34                    

	Job terminated of its own accord at 2025-07-18T09:02:16Z with exit-code 0.
...
000 (1257014.000.000) 2025-07-18 18:09:55 Job submitted from host: <172.30.1.200:9618?addrs=172.30.1.200-9618&alias=tamsa2&noUDP&sock=schedd_2531_a24a>
...
040 (1257014.000.000) 2025-07-18 18:10:03 Entered queue to transfer input files
	Transferring to host: <172.30.1.213:9618?addrs=172.30.1.213-9618&alias=node-w13.localdomain&noUDP&sock=slot1_14_4972_f943_104080>
...
040 (1257014.000.000) 2025-07-18 18:10:05 Started transferring input files
	Seconds spent in queue: 2
...
040 (1257014.000.000) 2025-07-18 18:10:09 Finished transferring input files
...
001 (1257014.000.000) 2025-07-18 18:10:09 Job executing on host: <172.30.1.213:9618?addrs=172.30.1.213-9618&alias=node-w13.localdomain&noUDP&sock=startd_4938_a2c0>
	SlotName: slot1_14@node-w13.localdomain
	CondorScratchDir = "/var/lib/condor/execute/dir_1546105"
	Cpus = 2
	Disk = 751616
	GPUs = 0
	Memory = 16000
...
006 (1257014.000.000) 2025-07-18 18:10:23 Image size of job updated: 944112
	922  -  MemoryUsage of job (MB)
	944112  -  ResidentSetSize of job (KB)
...
006 (1257014.000.000) 2025-07-18 18:10:35 Image size of job updated: 2199792
	2149  -  MemoryUsage of job (MB)
	2199792  -  ResidentSetSize of job (KB)
...
040 (1257014.000.000) 2025-07-18 18:10:35 Started transferring output files
	Seconds spent in queue: 32
...
040 (1257014.000.000) 2025-07-18 18:10:35 Finished transferring output files
...
005 (1257014.000.000) 2025-07-18 18:10:36 Job terminated.
	(1) Normal termination (return value 0)
		Usr 0 00:00:20, Sys 0 00:00:04  -  Run Remote Usage
		Usr 0 00:00:00, Sys 0 00:00:00  -  Run Local Usage
		Usr 0 00:00:20, Sys 0 00:00:04  -  Total Remote Usage
		Usr 0 00:00:00, Sys 0 00:00:00  -  Total Local Usage
	263  -  Run Bytes Sent By Job
	690283648  -  Run Bytes Received By Job
	263  -  Total Bytes Sent By Job
	690283648  -  Total Bytes Received By Job
	Partitionable Resources :    Usage  Request Allocated 
	   Cpus                 :                 2         2 
	   Disk (KB)            :  2774350   750000    751616 
	   GPUs                 :                           0 
	   Memory (MB)          :     2149    16000     16000 
	   TimeExecute (s)      :       26                    
	   TimeSlotBusy (s)     :       39                    

	Job terminated of its own accord at 2025-07-18T09:10:35Z with exit-code 0.
...
000 (1257062.000.000) 2025-07-18 18:22:36 Job submitted from host: <172.30.1.200:9618?addrs=172.30.1.200-9618&alias=tamsa2&noUDP&sock=schedd_2531_a24a>
...
040 (1257062.000.000) 2025-07-18 18:22:55 Started transferring input files
	Transferring to host: <172.30.1.221:9618?addrs=172.30.1.221-9618&alias=node-w21.localdomain&noUDP&sock=slot1_13_6000_4aed_143285>
...
040 (1257062.000.000) 2025-07-18 18:23:01 Finished transferring input files
...
001 (1257062.000.000) 2025-07-18 18:23:01 Job executing on host: <172.30.1.221:9618?addrs=172.30.1.221-9618&alias=node-w21.localdomain&noUDP&sock=startd_5966_c21c>
	SlotName: slot1_13@node-w21.localdomain
	CondorScratchDir = "/var/lib/condor/execute/dir_2931664"
	Cpus = 2
	Disk = 751616
	GPUs = 0
	Memory = 16000
...
006 (1257062.000.000) 2025-07-18 18:23:15 Image size of job updated: 1124300
	1098  -  MemoryUsage of job (MB)
	1124300  -  ResidentSetSize of job (KB)
...
006 (1257062.000.000) 2025-07-18 18:23:24 Image size of job updated: 2199792
	2149  -  MemoryUsage of job (MB)
	2199792  -  ResidentSetSize of job (KB)
...
040 (1257062.000.000) 2025-07-18 18:23:25 Started transferring output files
...
040 (1257062.000.000) 2025-07-18 18:23:25 Finished transferring output files
...
005 (1257062.000.000) 2025-07-18 18:23:25 Job terminated.
	(1) Normal termination (return value 0)
		Usr 0 00:00:18, Sys 0 00:00:05  -  Run Remote Usage
		Usr 0 00:00:00, Sys 0 00:00:00  -  Run Local Usage
		Usr 0 00:00:18, Sys 0 00:00:05  -  Total Remote Usage
		Usr 0 00:00:00, Sys 0 00:00:00  -  Total Local Usage
	263  -  Run Bytes Sent By Job
	690283648  -  Run Bytes Received By Job
	263  -  Total Bytes Sent By Job
	690283648  -  Total Bytes Received By Job
	Partitionable Resources :      Usage  Request Allocated 
	   Cpus                 :       0.04        2         2 
	   Disk (KB)            : 2774356      750000    751616 
	   GPUs                 :                             0 
	   Memory (MB)          :    2149       16000     16000 
	   TimeExecute (s)      :      23                       
	   TimeSlotBusy (s)     :      30                       

	Job terminated of its own accord at 2025-07-18T09:23:24Z with exit-code 0.
...
000 (1257108.000.000) 2025-07-18 18:24:32 Job submitted from host: <172.30.1.200:9618?addrs=172.30.1.200-9618&alias=tamsa2&noUDP&sock=schedd_2531_a24a>
...
040 (1257108.000.000) 2025-07-18 18:24:53 Started transferring input files
	Transferring to host: <172.30.1.221:9618?addrs=172.30.1.221-9618&alias=node-w21.localdomain&noUDP&sock=slot1_10_6000_4aed_143304>
...
040 (1257108.000.000) 2025-07-18 18:24:56 Finished transferring input files
...
001 (1257108.000.000) 2025-07-18 18:24:56 Job executing on host: <172.30.1.221:9618?addrs=172.30.1.221-9618&alias=node-w21.localdomain&noUDP&sock=startd_5966_c21c>
	SlotName: slot1_10@node-w21.localdomain
	CondorScratchDir = "/var/lib/condor/execute/dir_2931991"
	Cpus = 2
	Disk = 751616
	GPUs = 0
	Memory = 16000
...
006 (1257108.000.000) 2025-07-18 18:25:09 Image size of job updated: 1032752
	1009  -  MemoryUsage of job (MB)
	1032752  -  ResidentSetSize of job (KB)
...
006 (1257108.000.000) 2025-07-18 18:28:21 Image size of job updated: 3917572
	2149  -  MemoryUsage of job (MB)
	2200028  -  ResidentSetSize of job (KB)
...
040 (1257108.000.000) 2025-07-18 18:28:21 Started transferring output files
...
040 (1257108.000.000) 2025-07-18 18:28:21 Finished transferring output files
...
005 (1257108.000.000) 2025-07-18 18:28:21 Job terminated.
	(1) Normal termination (return value 0)
		Usr 0 00:02:49, Sys 0 00:00:17  -  Run Remote Usage
		Usr 0 00:00:00, Sys 0 00:00:00  -  Run Local Usage
		Usr 0 00:02:49, Sys 0 00:00:17  -  Total Remote Usage
		Usr 0 00:00:00, Sys 0 00:00:00  -  Total Local Usage
	109063  -  Run Bytes Sent By Job
	690283584  -  Run Bytes Received By Job
	109063  -  Total Bytes Sent By Job
	690283584  -  Total Bytes Received By Job
	Partitionable Resources :      Usage  Request Allocated 
	   Cpus                 :       0.87        2         2 
	   Disk (KB)            : 2774562      750000    751616 
	   GPUs                 :                             0 
	   Memory (MB)          :    2149       16000     16000 
	   TimeExecute (s)      :     205                       
	   TimeSlotBusy (s)     :     209                       

	Job terminated of its own accord at 2025-07-18T09:28:21Z with exit-code 0.
...
000 (1257300.000.000) 2025-07-18 19:06:44 Job submitted from host: <172.30.1.200:9618?addrs=172.30.1.200-9618&alias=tamsa2&noUDP&sock=schedd_2531_a24a>
...
040 (1257300.000.000) 2025-07-18 19:07:01 Started transferring input files
	Transferring to host: <172.30.1.213:9618?addrs=172.30.1.213-9618&alias=node-w13.localdomain&noUDP&sock=slot1_19_4972_f943_104251>
...
040 (1257300.000.000) 2025-07-18 19:07:06 Finished transferring input files
...
001 (1257300.000.000) 2025-07-18 19:07:06 Job executing on host: <172.30.1.213:9618?addrs=172.30.1.213-9618&alias=node-w13.localdomain&noUDP&sock=startd_4938_a2c0>
	SlotName: slot1_19@node-w13.localdomain
	CondorScratchDir = "/var/lib/condor/execute/dir_1571886"
	Cpus = 2
	Disk = 751616
	GPUs = 0
	Memory = 16000
...
006 (1257300.000.000) 2025-07-18 19:07:20 Image size of job updated: 861252
	842  -  MemoryUsage of job (MB)
	861252  -  ResidentSetSize of job (KB)
...
006 (1257300.000.000) 2025-07-18 19:10:54 Image size of job updated: 3615412
	3220  -  MemoryUsage of job (MB)
	3297168  -  ResidentSetSize of job (KB)
...
004 (1257300.000.000) 2025-07-18 19:10:54 Job was evicted.
	(0) CPU times
		Usr 0 00:03:05, Sys 0 00:00:22  -  Run Remote Usage
		Usr 0 00:00:00, Sys 0 00:00:00  -  Run Local Usage
	0  -  Run Bytes Sent By Job
	690284608  -  Run Bytes Received By Job
	Partitionable Resources :      Usage  Request Allocated 
	   Cpus                 :       0.99        2         2 
	   Disk (KB)            : 2774362      750000    751616 
	   GPUs                 :                             0 
	   Memory (MB)          :    3220       16000     16000 
	   TimeExecute (s)      :     227                       
	   TimeSlotBusy (s)     :     238                       
...
009 (1257300.000.000) 2025-07-18 19:10:54 Job was aborted.
	via condor_rm (by user achihwan)
...
000 (1257532.000.000) 2025-07-18 19:18:38 Job submitted from host: <172.30.1.200:9618?addrs=172.30.1.200-9618&alias=tamsa2&noUDP&sock=schedd_2531_a24a>
...
040 (1257532.000.000) 2025-07-18 19:18:42 Started transferring input files
	Transferring to host: <172.30.1.219:9618?addrs=172.30.1.219-9618&alias=node-w19.localdomain&noUDP&sock=slot1_5_5155_e9eb_113603>
...
040 (1257532.000.000) 2025-07-18 19:18:49 Finished transferring input files
...
001 (1257532.000.000) 2025-07-18 19:18:49 Job executing on host: <172.30.1.219:9618?addrs=172.30.1.219-9618&alias=node-w19.localdomain&noUDP&sock=startd_5121_2895>
	SlotName: slot1_5@node-w19.localdomain
	CondorScratchDir = "/var/lib/condor/execute/dir_1637126"
	Cpus = 2
	Disk = 751616
	GPUs = 0
	Memory = 16000
...
006 (1257532.000.000) 2025-07-18 19:19:03 Image size of job updated: 1132884
	1107  -  MemoryUsage of job (MB)
	1132884  -  ResidentSetSize of job (KB)
...
006 (1257532.000.000) 2025-07-18 19:22:34 Image size of job updated: 3742972
	2149  -  MemoryUsage of job (MB)
	2200052  -  ResidentSetSize of job (KB)
...
040 (1257532.000.000) 2025-07-18 19:22:34 Started transferring output files
...
040 (1257532.000.000) 2025-07-18 19:22:34 Finished transferring output files
...
005 (1257532.000.000) 2025-07-18 19:22:34 Job terminated.
	(1) Normal termination (return value 0)
		Usr 0 00:02:37, Sys 0 00:00:48  -  Run Remote Usage
		Usr 0 00:00:00, Sys 0 00:00:00  -  Run Local Usage
		Usr 0 00:02:37, Sys 0 00:00:48  -  Total Remote Usage
		Usr 0 00:00:00, Sys 0 00:00:00  -  Total Local Usage
	109841  -  Run Bytes Sent By Job
	690284672  -  Run Bytes Received By Job
	109841  -  Total Bytes Sent By Job
	690284672  -  Total Bytes Received By Job
	Partitionable Resources :      Usage  Request Allocated 
	   Cpus                 :       0.95        2         2 
	   Disk (KB)            : 2774564      750000    751616 
	   GPUs                 :                             0 
	   Memory (MB)          :    2149       16000     16000 
	   TimeExecute (s)      :     225                       
	   TimeSlotBusy (s)     :     232                       

	Job terminated of its own accord at 2025-07-18T10:22:34Z with exit-code 0.
...
000 (1265678.000.000) 2025-07-21 11:45:56 Job submitted from host: <172.30.1.200:9618?addrs=172.30.1.200-9618&alias=tamsa2&noUDP&sock=schedd_2531_a24a>
...
040 (1265678.000.000) 2025-07-21 11:46:14 Started transferring input files
	Transferring to host: <172.30.1.202:9618?addrs=172.30.1.202-9618&alias=node-w2.localdomain&noUDP&sock=slot1_17_4999_ff64_72955>
...
040 (1265678.000.000) 2025-07-21 11:46:17 Finished transferring input files
...
001 (1265678.000.000) 2025-07-21 11:46:17 Job executing on host: <172.30.1.202:9618?addrs=172.30.1.202-9618&alias=node-w2.localdomain&noUDP&sock=startd_4964_7836>
	SlotName: slot1_17@node-w2.localdomain
	CondorScratchDir = "/var/lib/condor/execute/dir_4129387"
	Cpus = 2
	Disk = 751616
	GPUs = 0
	Memory = 16000
...
006 (1265678.000.000) 2025-07-21 11:46:31 Image size of job updated: 1136484
	1110  -  MemoryUsage of job (MB)
	1136484  -  ResidentSetSize of job (KB)
...
006 (1265678.000.000) 2025-07-21 11:49:43 Image size of job updated: 3528768
	2149  -  MemoryUsage of job (MB)
	2200052  -  ResidentSetSize of job (KB)
...
040 (1265678.000.000) 2025-07-21 11:49:43 Started transferring output files
...
040 (1265678.000.000) 2025-07-21 11:49:43 Finished transferring output files
...
005 (1265678.000.000) 2025-07-21 11:49:43 Job terminated.
	(1) Normal termination (return value 0)
		Usr 0 00:02:44, Sys 0 00:00:15  -  Run Remote Usage
		Usr 0 00:00:00, Sys 0 00:00:00  -  Run Local Usage
		Usr 0 00:02:44, Sys 0 00:00:15  -  Total Remote Usage
		Usr 0 00:00:00, Sys 0 00:00:00  -  Total Local Usage
	109841  -  Run Bytes Sent By Job
	690284672  -  Run Bytes Received By Job
	109841  -  Total Bytes Sent By Job
	690284672  -  Total Bytes Received By Job
	Partitionable Resources :      Usage  Request Allocated 
	   Cpus                 :       0.88        2         2 
	   Disk (KB)            : 2774564      750000    751616 
	   GPUs                 :                             0 
	   Memory (MB)          :    2149       16000     16000 
	   TimeExecute (s)      :     206                       
	   TimeSlotBusy (s)     :     214                       

	Job terminated of its own accord at 2025-07-21T02:49:43Z with exit-code 0.
...
000 (1265859.000.000) 2025-07-21 11:57:45 Job submitted from host: <172.30.1.200:9618?addrs=172.30.1.200-9618&alias=tamsa2&noUDP&sock=schedd_2531_a24a>
...
040 (1265859.000.000) 2025-07-21 11:58:07 Started transferring input files
	Transferring to host: <172.30.1.205:9618?addrs=172.30.1.205-9618&alias=node-w5.localdomain&noUDP&sock=slot1_13_5098_c088_49503>
...
040 (1265859.000.000) 2025-07-21 11:58:13 Finished transferring input files
...
001 (1265859.000.000) 2025-07-21 11:58:13 Job executing on host: <172.30.1.205:9618?addrs=172.30.1.205-9618&alias=node-w5.localdomain&noUDP&sock=startd_5064_0faf>
	SlotName: slot1_13@node-w5.localdomain
	CondorScratchDir = "/var/lib/condor/execute/dir_3247544"
	Cpus = 2
	Disk = 751616
	GPUs = 0
	Memory = 16000
...
006 (1265859.000.000) 2025-07-21 11:58:28 Image size of job updated: 1134056
	1108  -  MemoryUsage of job (MB)
	1134056  -  ResidentSetSize of job (KB)
...
006 (1265859.000.000) 2025-07-21 12:01:33 Image size of job updated: 3558844
	2149  -  MemoryUsage of job (MB)
	2200052  -  ResidentSetSize of job (KB)
...
040 (1265859.000.000) 2025-07-21 12:01:33 Started transferring output files
...
040 (1265859.000.000) 2025-07-21 12:01:33 Finished transferring output files
...
005 (1265859.000.000) 2025-07-21 12:01:33 Job terminated.
	(1) Normal termination (return value 0)
		Usr 0 00:02:45, Sys 0 00:00:18  -  Run Remote Usage
		Usr 0 00:00:00, Sys 0 00:00:00  -  Run Local Usage
		Usr 0 00:02:45, Sys 0 00:00:18  -  Total Remote Usage
		Usr 0 00:00:00, Sys 0 00:00:00  -  Total Local Usage
	110209  -  Run Bytes Sent By Job
	690284736  -  Run Bytes Received By Job
	110209  -  Total Bytes Sent By Job
	690284736  -  Total Bytes Received By Job
	Partitionable Resources :    Usage  Request Allocated 
	   Cpus                 :                 2         2 
	   Disk (KB)            :  2774558   750000    751616 
	   GPUs                 :                           0 
	   Memory (MB)          :     2149    16000     16000 
	   TimeExecute (s)      :      200                    
	   TimeSlotBusy (s)     :      207                    

	Job terminated of its own accord at 2025-07-21T03:01:33Z with exit-code 0.
...
