000 (1255862.000.000) 2025-07-18 11:43:13 Job submitted from host: <172.30.1.200:9618?addrs=172.30.1.200-9618&alias=tamsa2&noUDP&sock=schedd_2531_a24a>
...
040 (1255862.000.000) 2025-07-18 11:43:33 Started transferring input files
	Transferring to host: <172.30.1.216:9618?addrs=172.30.1.216-9618&alias=node-w16.localdomain&noUDP&sock=slot1_6_5179_d2ec_97875>
...
040 (1255862.000.000) 2025-07-18 11:43:37 Finished transferring input files
...
001 (1255862.000.000) 2025-07-18 11:43:37 Job executing on host: <172.30.1.216:9618?addrs=172.30.1.216-9618&alias=node-w16.localdomain&noUDP&sock=startd_5145_9edb>
	SlotName: slot1_6@node-w16.localdomain
	CondorScratchDir = "/var/lib/condor/execute/dir_4037093"
	Cpus = 2
	Disk = 751616
	GPUs = 0
	Memory = 16000
...
006 (1255862.000.000) 2025-07-18 11:43:50 Image size of job updated: 924488
	903  -  MemoryUsage of job (MB)
	924488  -  ResidentSetSize of job (KB)
...
006 (1255862.000.000) 2025-07-18 11:48:50 Image size of job updated: 2318432
	2264  -  MemoryUsage of job (MB)
	2318176  -  ResidentSetSize of job (KB)
...
006 (1255862.000.000) 2025-07-18 11:49:18 Image size of job updated: 2318536
	2264  -  MemoryUsage of job (MB)
	2318176  -  ResidentSetSize of job (KB)
...
040 (1255862.000.000) 2025-07-18 11:49:18 Started transferring output files
...
040 (1255862.000.000) 2025-07-18 11:49:18 Finished transferring output files
...
005 (1255862.000.000) 2025-07-18 11:49:19 Job terminated.
	(1) Normal termination (return value 0)
		Usr 0 00:04:17, Sys 0 00:00:07  -  Run Remote Usage
		Usr 0 00:00:00, Sys 0 00:00:00  -  Run Local Usage
		Usr 0 00:04:17, Sys 0 00:00:07  -  Total Remote Usage
		Usr 0 00:00:00, Sys 0 00:00:00  -  Total Local Usage
	35091  -  Run Bytes Sent By Job
	690300288  -  Run Bytes Received By Job
	35091  -  Total Bytes Sent By Job
	690300288  -  Total Bytes Received By Job
	Partitionable Resources :      Usage  Request Allocated 
	   Cpus                 :       0.93        2         2 
	   Disk (KB)            : 2774407      750000    751616 
	   GPUs                 :                             0 
	   Memory (MB)          :    2264       16000     16000 
	   TimeExecute (s)      :     341                       
	   TimeSlotBusy (s)     :     347                       

	Job terminated of its own accord at 2025-07-18T02:49:18Z with exit-code 0.
...
000 (1256009.000.000) 2025-07-18 11:55:35 Job submitted from host: <172.30.1.200:9618?addrs=172.30.1.200-9618&alias=tamsa2&noUDP&sock=schedd_2531_a24a>
...
040 (1256009.000.000) 2025-07-18 11:55:41 Started transferring input files
	Transferring to host: <172.30.1.220:9618?addrs=172.30.1.220-9618&alias=node-w20.localdomain&noUDP&sock=slot1_5_5233_df2e_139053>
...
040 (1256009.000.000) 2025-07-18 11:55:44 Finished transferring input files
...
001 (1256009.000.000) 2025-07-18 11:55:44 Job executing on host: <172.30.1.220:9618?addrs=172.30.1.220-9618&alias=node-w20.localdomain&noUDP&sock=startd_5199_a8f8>
	SlotName: slot1_5@node-w20.localdomain
	CondorScratchDir = "/var/lib/condor/execute/dir_3931503"
	Cpus = 2
	Disk = 751616
	GPUs = 0
	Memory = 16000
...
006 (1256009.000.000) 2025-07-18 11:55:57 Image size of job updated: 1031176
	1008  -  MemoryUsage of job (MB)
	1031176  -  ResidentSetSize of job (KB)
...
006 (1256009.000.000) 2025-07-18 11:58:41 Image size of job updated: 2320064
	2149  -  MemoryUsage of job (MB)
	2199824  -  ResidentSetSize of job (KB)
...
040 (1256009.000.000) 2025-07-18 11:58:42 Started transferring output files
...
040 (1256009.000.000) 2025-07-18 11:58:42 Finished transferring output files
...
005 (1256009.000.000) 2025-07-18 11:58:42 Job terminated.
	(1) Normal termination (return value 0)
		Usr 0 00:02:46, Sys 0 00:00:07  -  Run Remote Usage
		Usr 0 00:00:00, Sys 0 00:00:00  -  Run Local Usage
		Usr 0 00:02:46, Sys 0 00:00:07  -  Total Remote Usage
		Usr 0 00:00:00, Sys 0 00:00:00  -  Total Local Usage
	35091  -  Run Bytes Sent By Job
	690300288  -  Run Bytes Received By Job
	35091  -  Total Bytes Sent By Job
	690300288  -  Total Bytes Received By Job
	Partitionable Resources :      Usage  Request Allocated 
	   Cpus                 :       0.98        2         2 
	   Disk (KB)            : 2774407      750000    751616 
	   GPUs                 :                             0 
	   Memory (MB)          :    2149       16000     16000 
	   TimeExecute (s)      :     177                       
	   TimeSlotBusy (s)     :     181                       

	Job terminated of its own accord at 2025-07-18T02:58:41Z with exit-code 0.
...
000 (1256776.000.000) 2025-07-18 16:30:29 Job submitted from host: <172.30.1.200:9618?addrs=172.30.1.200-9618&alias=tamsa2&noUDP&sock=schedd_2531_a24a>
...
040 (1256776.000.000) 2025-07-18 16:30:49 Started transferring input files
	Transferring to host: <172.30.1.216:9618?addrs=172.30.1.216-9618&alias=node-w16.localdomain&noUDP&sock=slot1_17_5179_d2ec_99237>
...
040 (1256776.000.000) 2025-07-18 16:30:53 Finished transferring input files
...
001 (1256776.000.000) 2025-07-18 16:30:53 Job executing on host: <172.30.1.216:9618?addrs=172.30.1.216-9618&alias=node-w16.localdomain&noUDP&sock=startd_5145_9edb>
	SlotName: slot1_17@node-w16.localdomain
	CondorScratchDir = "/var/lib/condor/execute/dir_161381"
	Cpus = 2
	Disk = 751616
	GPUs = 0
	Memory = 16000
...
006 (1256776.000.000) 2025-07-18 16:31:06 Image size of job updated: 897268
	877  -  MemoryUsage of job (MB)
	897268  -  ResidentSetSize of job (KB)
...
006 (1256776.000.000) 2025-07-18 16:36:07 Image size of job updated: 2317324
	2263  -  MemoryUsage of job (MB)
	2317024  -  ResidentSetSize of job (KB)
...
006 (1256776.000.000) 2025-07-18 16:37:51 Image size of job updated: 2320684
	2263  -  MemoryUsage of job (MB)
	2317024  -  ResidentSetSize of job (KB)
...
040 (1256776.000.000) 2025-07-18 16:37:51 Started transferring output files
...
040 (1256776.000.000) 2025-07-18 16:37:51 Finished transferring output files
...
005 (1256776.000.000) 2025-07-18 16:37:52 Job terminated.
	(1) Normal termination (return value 0)
		Usr 0 00:04:44, Sys 0 00:00:08  -  Run Remote Usage
		Usr 0 00:00:00, Sys 0 00:00:00  -  Run Local Usage
		Usr 0 00:04:44, Sys 0 00:00:08  -  Total Remote Usage
		Usr 0 00:00:00, Sys 0 00:00:00  -  Total Local Usage
	35074  -  Run Bytes Sent By Job
	690300288  -  Run Bytes Received By Job
	35074  -  Total Bytes Sent By Job
	690300288  -  Total Bytes Received By Job
	Partitionable Resources :      Usage  Request Allocated 
	   Cpus                 :       0.84        2         2 
	   Disk (KB)            : 2774407      750000    751616 
	   GPUs                 :                             0 
	   Memory (MB)          :    2263       16000     16000 
	   TimeExecute (s)      :     418                       
	   TimeSlotBusy (s)     :     423                       

	Job terminated of its own accord at 2025-07-18T07:37:51Z with exit-code 0.
...
000 (1256988.000.000) 2025-07-18 18:02:47 Job submitted from host: <172.30.1.200:9618?addrs=172.30.1.200-9618&alias=tamsa2&noUDP&sock=schedd_2531_a24a>
...
040 (1256988.000.000) 2025-07-18 18:03:05 Started transferring input files
	Transferring to host: <172.30.1.216:9618?addrs=172.30.1.216-9618&alias=node-w16.localdomain&noUDP&sock=slot1_8_5179_d2ec_99546>
...
040 (1256988.000.000) 2025-07-18 18:03:08 Finished transferring input files
...
001 (1256988.000.000) 2025-07-18 18:03:08 Job executing on host: <172.30.1.216:9618?addrs=172.30.1.216-9618&alias=node-w16.localdomain&noUDP&sock=startd_5145_9edb>
	SlotName: slot1_8@node-w16.localdomain
	CondorScratchDir = "/var/lib/condor/execute/dir_209689"
	Cpus = 2
	Disk = 751616
	GPUs = 0
	Memory = 16000
...
006 (1256988.000.000) 2025-07-18 18:03:22 Image size of job updated: 1021744
	998  -  MemoryUsage of job (MB)
	1021744  -  ResidentSetSize of job (KB)
...
006 (1256988.000.000) 2025-07-18 18:03:32 Image size of job updated: 2199792
	2149  -  MemoryUsage of job (MB)
	2199792  -  ResidentSetSize of job (KB)
...
040 (1256988.000.000) 2025-07-18 18:03:33 Started transferring output files
...
040 (1256988.000.000) 2025-07-18 18:03:33 Finished transferring output files
...
005 (1256988.000.000) 2025-07-18 18:03:33 Job terminated.
	(1) Normal termination (return value 0)
		Usr 0 00:00:19, Sys 0 00:00:04  -  Run Remote Usage
		Usr 0 00:00:00, Sys 0 00:00:00  -  Run Local Usage
		Usr 0 00:00:19, Sys 0 00:00:04  -  Total Remote Usage
		Usr 0 00:00:00, Sys 0 00:00:00  -  Total Local Usage
	363  -  Run Bytes Sent By Job
	690302912  -  Run Bytes Received By Job
	363  -  Total Bytes Sent By Job
	690302912  -  Total Bytes Received By Job
	Partitionable Resources :    Usage  Request Allocated 
	   Cpus                 :                 2         2 
	   Disk (KB)            :  2774369   750000    751616 
	   GPUs                 :                           0 
	   Memory (MB)          :     2149    16000     16000 
	   TimeExecute (s)      :       24                    
	   TimeSlotBusy (s)     :       28                    

	Job terminated of its own accord at 2025-07-18T09:03:32Z with exit-code 0.
...
000 (1257191.000.000) 2025-07-18 18:28:14 Job submitted from host: <172.30.1.200:9618?addrs=172.30.1.200-9618&alias=tamsa2&noUDP&sock=schedd_2531_a24a>
...
040 (1257191.000.000) 2025-07-18 18:28:20 Started transferring input files
	Transferring to host: <172.30.1.217:9618?addrs=172.30.1.217-9618&alias=node-w17.localdomain&noUDP&sock=slot1_4_6391_c99d_128499>
...
040 (1257191.000.000) 2025-07-18 18:28:23 Finished transferring input files
...
001 (1257191.000.000) 2025-07-18 18:28:23 Job executing on host: <172.30.1.217:9618?addrs=172.30.1.217-9618&alias=node-w17.localdomain&noUDP&sock=startd_6357_f3a4>
	SlotName: slot1_4@node-w17.localdomain
	CondorScratchDir = "/var/lib/condor/execute/dir_1933831"
	Cpus = 2
	Disk = 751616
	GPUs = 0
	Memory = 16000
...
006 (1257191.000.000) 2025-07-18 18:28:37 Image size of job updated: 1292676
	1263  -  MemoryUsage of job (MB)
	1292676  -  ResidentSetSize of job (KB)
...
006 (1257191.000.000) 2025-07-18 18:31:11 Image size of job updated: 2319340
	2149  -  MemoryUsage of job (MB)
	2199828  -  ResidentSetSize of job (KB)
...
040 (1257191.000.000) 2025-07-18 18:31:12 Started transferring output files
...
040 (1257191.000.000) 2025-07-18 18:31:12 Finished transferring output files
...
005 (1257191.000.000) 2025-07-18 18:31:12 Job terminated.
	(1) Normal termination (return value 0)
		Usr 0 00:02:33, Sys 0 00:00:07  -  Run Remote Usage
		Usr 0 00:00:00, Sys 0 00:00:00  -  Run Local Usage
		Usr 0 00:02:33, Sys 0 00:00:07  -  Total Remote Usage
		Usr 0 00:00:00, Sys 0 00:00:00  -  Total Local Usage
	35091  -  Run Bytes Sent By Job
	690303104  -  Run Bytes Received By Job
	35091  -  Total Bytes Sent By Job
	690303104  -  Total Bytes Received By Job
	Partitionable Resources :      Usage  Request Allocated 
	   Cpus                 :       0.98        2         2 
	   Disk (KB)            : 2774410      750000    751616 
	   GPUs                 :                             0 
	   Memory (MB)          :    2149       16000     16000 
	   TimeExecute (s)      :     168                       
	   TimeSlotBusy (s)     :     172                       

	Job terminated of its own accord at 2025-07-18T09:31:11Z with exit-code 0.
...
000 (1257385.000.000) 2025-07-18 19:07:16 Job submitted from host: <172.30.1.200:9618?addrs=172.30.1.200-9618&alias=tamsa2&noUDP&sock=schedd_2531_a24a>
...
040 (1257385.000.000) 2025-07-18 19:07:34 Started transferring input files
	Transferring to host: <172.30.1.221:9618?addrs=172.30.1.221-9618&alias=node-w21.localdomain&noUDP&sock=slot1_41_6000_4aed_143390>
...
040 (1257385.000.000) 2025-07-18 19:07:39 Finished transferring input files
...
001 (1257385.000.000) 2025-07-18 19:07:39 Job executing on host: <172.30.1.221:9618?addrs=172.30.1.221-9618&alias=node-w21.localdomain&noUDP&sock=startd_5966_c21c>
	SlotName: slot1_41@node-w21.localdomain
	CondorScratchDir = "/var/lib/condor/execute/dir_2960820"
	Cpus = 2
	Disk = 751616
	GPUs = 0
	Memory = 16000
...
006 (1257385.000.000) 2025-07-18 19:07:52 Image size of job updated: 975600
	953  -  MemoryUsage of job (MB)
	975600  -  ResidentSetSize of job (KB)
...
006 (1257385.000.000) 2025-07-18 19:10:55 Image size of job updated: 2334280
	2149  -  MemoryUsage of job (MB)
	2199968  -  ResidentSetSize of job (KB)
...
004 (1257385.000.000) 2025-07-18 19:10:55 Job was evicted.
	(0) CPU times
		Usr 0 00:03:03, Sys 0 00:00:07  -  Run Remote Usage
		Usr 0 00:00:00, Sys 0 00:00:00  -  Run Local Usage
	0  -  Run Bytes Sent By Job
	690304192  -  Run Bytes Received By Job
	Partitionable Resources :      Usage  Request Allocated 
	   Cpus                 :       0.92        2         2 
	   Disk (KB)            : 2774526      750000    751616 
	   GPUs                 :                             0 
	   Memory (MB)          :    2149       16000     16000 
	   TimeExecute (s)      :     195                       
	   TimeSlotBusy (s)     :     201                       
...
009 (1257385.000.000) 2025-07-18 19:10:55 Job was aborted.
	via condor_rm (by user achihwan)
...
000 (1257642.000.000) 2025-07-18 19:19:05 Job submitted from host: <172.30.1.200:9618?addrs=172.30.1.200-9618&alias=tamsa2&noUDP&sock=schedd_2531_a24a>
...
040 (1257642.000.000) 2025-07-18 19:19:22 Started transferring input files
	Transferring to host: <172.30.1.204:9618?addrs=172.30.1.204-9618&alias=node-w4.localdomain&noUDP&sock=slot1_30_4930_6182_69146>
...
040 (1257642.000.000) 2025-07-18 19:19:26 Finished transferring input files
...
001 (1257642.000.000) 2025-07-18 19:19:26 Job executing on host: <172.30.1.204:9618?addrs=172.30.1.204-9618&alias=node-w4.localdomain&noUDP&sock=startd_4896_d3c6>
	SlotName: slot1_30@node-w4.localdomain
	CondorScratchDir = "/var/lib/condor/execute/dir_2230508"
	Cpus = 2
	Disk = 751616
	GPUs = 0
	Memory = 16000
...
006 (1257642.000.000) 2025-07-18 19:19:39 Image size of job updated: 973960
	952  -  MemoryUsage of job (MB)
	973960  -  ResidentSetSize of job (KB)
...
006 (1257642.000.000) 2025-07-18 19:24:02 Image size of job updated: 2334648
	2149  -  MemoryUsage of job (MB)
	2200116  -  ResidentSetSize of job (KB)
...
040 (1257642.000.000) 2025-07-18 19:24:02 Started transferring output files
...
040 (1257642.000.000) 2025-07-18 19:24:02 Finished transferring output files
...
005 (1257642.000.000) 2025-07-18 19:24:02 Job terminated.
	(1) Normal termination (return value 0)
		Usr 0 00:04:22, Sys 0 00:00:08  -  Run Remote Usage
		Usr 0 00:00:00, Sys 0 00:00:00  -  Run Local Usage
		Usr 0 00:04:22, Sys 0 00:00:08  -  Total Remote Usage
		Usr 0 00:00:00, Sys 0 00:00:00  -  Total Local Usage
	153514  -  Run Bytes Sent By Job
	690304256  -  Run Bytes Received By Job
	153514  -  Total Bytes Sent By Job
	690304256  -  Total Bytes Received By Job
	Partitionable Resources :      Usage  Request Allocated 
	   Cpus                 :       1.21        2         2 
	   Disk (KB)            : 2774643      750000    751616 
	   GPUs                 :                             0 
	   Memory (MB)          :    2149       16000     16000 
	   TimeExecute (s)      :     276                       
	   TimeSlotBusy (s)     :     280                       

	Job terminated of its own accord at 2025-07-18T10:24:02Z with exit-code 0.
...
000 (1257740.000.000) 2025-07-18 22:47:41 Job submitted from host: <172.30.1.200:9618?addrs=172.30.1.200-9618&alias=tamsa2&noUDP&sock=schedd_2531_a24a>
...
040 (1257740.000.000) 2025-07-18 22:47:51 Started transferring input files
	Transferring to host: <172.30.1.216:9618?addrs=172.30.1.216-9618&alias=node-w16.localdomain&noUDP&sock=slot1_19_5179_d2ec_100092>
...
040 (1257740.000.000) 2025-07-18 22:47:58 Finished transferring input files
...
001 (1257740.000.000) 2025-07-18 22:47:58 Job executing on host: <172.30.1.216:9618?addrs=172.30.1.216-9618&alias=node-w16.localdomain&noUDP&sock=startd_5145_9edb>
	SlotName: slot1_19@node-w16.localdomain
	CondorScratchDir = "/var/lib/condor/execute/dir_472942"
	Cpus = 2
	Disk = 751616
	GPUs = 0
	Memory = 16000
...
006 (1257740.000.000) 2025-07-18 22:48:12 Image size of job updated: 1064616
	1040  -  MemoryUsage of job (MB)
	1064616  -  ResidentSetSize of job (KB)
...
006 (1257740.000.000) 2025-07-18 22:53:13 Image size of job updated: 2320872
	2263  -  MemoryUsage of job (MB)
	2316968  -  ResidentSetSize of job (KB)
...
040 (1257740.000.000) 2025-07-18 22:53:19 Started transferring output files
...
040 (1257740.000.000) 2025-07-18 22:53:19 Finished transferring output files
...
005 (1257740.000.000) 2025-07-18 22:53:20 Job terminated.
	(1) Normal termination (return value 0)
		Usr 0 00:04:48, Sys 0 00:00:08  -  Run Remote Usage
		Usr 0 00:00:00, Sys 0 00:00:00  -  Run Local Usage
		Usr 0 00:04:48, Sys 0 00:00:08  -  Total Remote Usage
		Usr 0 00:00:00, Sys 0 00:00:00  -  Total Local Usage
	153507  -  Run Bytes Sent By Job
	690304256  -  Run Bytes Received By Job
	153507  -  Total Bytes Sent By Job
	690304256  -  Total Bytes Received By Job
	Partitionable Resources :      Usage  Request Allocated 
	   Cpus                 :       0.87        2         2 
	   Disk (KB)            : 2774643      750000    751616 
	   GPUs                 :                             0 
	   Memory (MB)          :    2263       16000     16000 
	   TimeExecute (s)      :     321                       
	   TimeSlotBusy (s)     :     329                       

	Job terminated of its own accord at 2025-07-18T13:53:19Z with exit-code 0.
...
000 (1257840.000.000) 2025-07-18 23:06:59 Job submitted from host: <172.30.1.200:9618?addrs=172.30.1.200-9618&alias=tamsa2&noUDP&sock=schedd_2531_a24a>
...
040 (1257840.000.000) 2025-07-18 23:07:08 Started transferring input files
	Transferring to host: <172.30.1.212:9618?addrs=172.30.1.212-9618&alias=node-w12.localdomain&noUDP&sock=slot1_3_4978_3384_101910>
...
040 (1257840.000.000) 2025-07-18 23:07:12 Finished transferring input files
...
001 (1257840.000.000) 2025-07-18 23:07:12 Job executing on host: <172.30.1.212:9618?addrs=172.30.1.212-9618&alias=node-w12.localdomain&noUDP&sock=startd_4944_c052>
	SlotName: slot1_3@node-w12.localdomain
	CondorScratchDir = "/var/lib/condor/execute/dir_2975262"
	Cpus = 2
	Disk = 751616
	GPUs = 0
	Memory = 16000
...
006 (1257840.000.000) 2025-07-18 23:07:25 Image size of job updated: 902836
	882  -  MemoryUsage of job (MB)
	902836  -  ResidentSetSize of job (KB)
...
006 (1257840.000.000) 2025-07-18 23:11:07 Image size of job updated: 2319420
	2149  -  MemoryUsage of job (MB)
	2200116  -  ResidentSetSize of job (KB)
...
040 (1257840.000.000) 2025-07-18 23:11:07 Started transferring output files
...
040 (1257840.000.000) 2025-07-18 23:11:07 Finished transferring output files
...
005 (1257840.000.000) 2025-07-18 23:11:07 Job terminated.
	(1) Normal termination (return value 0)
		Usr 0 00:03:38, Sys 0 00:00:07  -  Run Remote Usage
		Usr 0 00:00:00, Sys 0 00:00:00  -  Run Local Usage
		Usr 0 00:03:38, Sys 0 00:00:07  -  Total Remote Usage
		Usr 0 00:00:00, Sys 0 00:00:00  -  Total Local Usage
	153514  -  Run Bytes Sent By Job
	690304256  -  Run Bytes Received By Job
	153514  -  Total Bytes Sent By Job
	690304256  -  Total Bytes Received By Job
	Partitionable Resources :      Usage  Request Allocated 
	   Cpus                 :       0.90        2         2 
	   Disk (KB)            : 2774643      750000    751616 
	   GPUs                 :                             0 
	   Memory (MB)          :    2149       16000     16000 
	   TimeExecute (s)      :     235                       
	   TimeSlotBusy (s)     :     239                       

	Job terminated of its own accord at 2025-07-18T14:11:07Z with exit-code 0.
...
000 (1257849.000.000) 2025-07-18 23:28:46 Job submitted from host: <172.30.1.200:9618?addrs=172.30.1.200-9618&alias=tamsa2&noUDP&sock=schedd_2531_a24a>
...
040 (1257849.000.000) 2025-07-18 23:29:02 Started transferring input files
	Transferring to host: <172.30.1.216:9618?addrs=172.30.1.216-9618&alias=node-w16.localdomain&noUDP&sock=slot1_20_5179_d2ec_100116>
...
040 (1257849.000.000) 2025-07-18 23:29:11 Finished transferring input files
...
001 (1257849.000.000) 2025-07-18 23:29:11 Job executing on host: <172.30.1.216:9618?addrs=172.30.1.216-9618&alias=node-w16.localdomain&noUDP&sock=startd_5145_9edb>
	SlotName: slot1_20@node-w16.localdomain
	CondorScratchDir = "/var/lib/condor/execute/dir_474614"
	Cpus = 2
	Disk = 751616
	GPUs = 0
	Memory = 16000
...
006 (1257849.000.000) 2025-07-18 23:29:24 Image size of job updated: 854412
	835  -  MemoryUsage of job (MB)
	854412  -  ResidentSetSize of job (KB)
...
006 (1257849.000.000) 2025-07-18 23:33:37 Image size of job updated: 2334652
	2149  -  MemoryUsage of job (MB)
	2200116  -  ResidentSetSize of job (KB)
...
040 (1257849.000.000) 2025-07-18 23:33:37 Started transferring output files
...
040 (1257849.000.000) 2025-07-18 23:33:37 Finished transferring output files
...
005 (1257849.000.000) 2025-07-18 23:33:38 Job terminated.
	(1) Normal termination (return value 0)
		Usr 0 00:04:10, Sys 0 00:00:07  -  Run Remote Usage
		Usr 0 00:00:00, Sys 0 00:00:00  -  Run Local Usage
		Usr 0 00:04:10, Sys 0 00:00:07  -  Total Remote Usage
		Usr 0 00:00:00, Sys 0 00:00:00  -  Total Local Usage
	153507  -  Run Bytes Sent By Job
	690304256  -  Run Bytes Received By Job
	153507  -  Total Bytes Sent By Job
	690304256  -  Total Bytes Received By Job
	Partitionable Resources :      Usage  Request Allocated 
	   Cpus                 :       0.99        2         2 
	   Disk (KB)            : 2774643      750000    751616 
	   GPUs                 :                             0 
	   Memory (MB)          :    2149       16000     16000 
	   TimeExecute (s)      :     266                       
	   TimeSlotBusy (s)     :     277                       

	Job terminated of its own accord at 2025-07-18T14:33:37Z with exit-code 0.
...
000 (1268678.000.000) 2025-07-21 20:24:25 Job submitted from host: <172.30.1.200:9618?addrs=172.30.1.200-9618&alias=tamsa2&noUDP&sock=schedd_2531_a24a>
...
040 (1268678.000.000) 2025-07-21 20:24:41 Started transferring input files
	Transferring to host: <172.30.1.208:9618?addrs=172.30.1.208-9618&alias=node-w8.localdomain&noUDP&sock=slot1_17_4971_44e3_61583>
...
040 (1268678.000.000) 2025-07-21 20:24:44 Finished transferring input files
...
001 (1268678.000.000) 2025-07-21 20:24:44 Job executing on host: <172.30.1.208:9618?addrs=172.30.1.208-9618&alias=node-w8.localdomain&noUDP&sock=startd_4937_f328>
	SlotName: slot1_17@node-w8.localdomain
	CondorScratchDir = "/var/lib/condor/execute/dir_2069838"
	Cpus = 2
	Disk = 751616
	GPUs = 0
	Memory = 16000
...
006 (1268678.000.000) 2025-07-21 20:24:57 Image size of job updated: 986544
	964  -  MemoryUsage of job (MB)
	986544  -  ResidentSetSize of job (KB)
...
006 (1268678.000.000) 2025-07-21 20:28:08 Image size of job updated: 2317712
	2149  -  MemoryUsage of job (MB)
	2199824  -  ResidentSetSize of job (KB)
...
040 (1268678.000.000) 2025-07-21 20:28:08 Started transferring output files
...
040 (1268678.000.000) 2025-07-21 20:28:08 Finished transferring output files
...
005 (1268678.000.000) 2025-07-21 20:28:08 Job terminated.
	(1) Normal termination (return value 0)
		Usr 0 00:03:06, Sys 0 00:00:04  -  Run Remote Usage
		Usr 0 00:00:00, Sys 0 00:00:00  -  Run Local Usage
		Usr 0 00:03:06, Sys 0 00:00:04  -  Total Remote Usage
		Usr 0 00:00:00, Sys 0 00:00:00  -  Total Local Usage
	35141  -  Run Bytes Sent By Job
	690302912  -  Run Bytes Received By Job
	35141  -  Total Bytes Sent By Job
	690302912  -  Total Bytes Received By Job
	Partitionable Resources :      Usage  Request Allocated 
	   Cpus                 :       0.95        2         2 
	   Disk (KB)            : 2774410      750000    751616 
	   GPUs                 :                             0 
	   Memory (MB)          :    2149       16000     16000 
	   TimeExecute (s)      :     204                       
	   TimeSlotBusy (s)     :     208                       

	Job terminated of its own accord at 2025-07-21T11:28:08Z with exit-code 0.
...
000 (1268733.000.000) 2025-07-21 20:32:32 Job submitted from host: <172.30.1.200:9618?addrs=172.30.1.200-9618&alias=tamsa2&noUDP&sock=schedd_2531_a24a>
...
040 (1268733.000.000) 2025-07-21 20:32:40 Started transferring input files
	Transferring to host: <172.30.1.201:9618?addrs=172.30.1.201-9618&alias=node-w1.localdomain&noUDP&sock=slot1_10_5447_a777_117071>
...
040 (1268733.000.000) 2025-07-21 20:32:46 Finished transferring input files
...
001 (1268733.000.000) 2025-07-21 20:32:46 Job executing on host: <172.30.1.201:9618?addrs=172.30.1.201-9618&alias=node-w1.localdomain&noUDP&sock=startd_5412_c2a4>
	SlotName: slot1_10@node-w1.localdomain
	CondorScratchDir = "/var/lib/condor/execute/dir_170649"
	Cpus = 2
	Disk = 751617
	GPUs = 0
	Memory = 16000
...
006 (1268733.000.000) 2025-07-21 20:32:59 Image size of job updated: 1008072
	985  -  MemoryUsage of job (MB)
	1008072  -  ResidentSetSize of job (KB)
...
006 (1268733.000.000) 2025-07-21 20:36:43 Image size of job updated: 2323012
	2149  -  MemoryUsage of job (MB)
	2200124  -  ResidentSetSize of job (KB)
...
040 (1268733.000.000) 2025-07-21 20:36:43 Started transferring output files
...
040 (1268733.000.000) 2025-07-21 20:36:43 Finished transferring output files
...
005 (1268733.000.000) 2025-07-21 20:36:43 Job terminated.
	(1) Normal termination (return value 0)
		Usr 0 00:03:45, Sys 0 00:00:06  -  Run Remote Usage
		Usr 0 00:00:00, Sys 0 00:00:00  -  Run Local Usage
		Usr 0 00:03:45, Sys 0 00:00:06  -  Total Remote Usage
		Usr 0 00:00:00, Sys 0 00:00:00  -  Total Local Usage
	160636  -  Run Bytes Sent By Job
	690303168  -  Run Bytes Received By Job
	160636  -  Total Bytes Sent By Job
	690303168  -  Total Bytes Received By Job
	Partitionable Resources :      Usage  Request Allocated 
	   Cpus                 :       0.98        2         2 
	   Disk (KB)            : 2774655      750000    751617 
	   GPUs                 :                             0 
	   Memory (MB)          :    2149       16000     16000 
	   TimeExecute (s)      :     237                       
	   TimeSlotBusy (s)     :     243                       

	Job terminated of its own accord at 2025-07-21T11:36:43Z with exit-code 0.
...
