000 (1255863.000.000) 2025-07-18 11:43:13 Job submitted from host: <172.30.1.200:9618?addrs=172.30.1.200-9618&alias=tamsa2&noUDP&sock=schedd_2531_a24a>
...
040 (1255863.000.000) 2025-07-18 11:43:33 Started transferring input files
	Transferring to host: <172.30.1.216:9618?addrs=172.30.1.216-9618&alias=node-w16.localdomain&noUDP&sock=slot1_7_5179_d2ec_97876>
...
040 (1255863.000.000) 2025-07-18 11:43:37 Finished transferring input files
...
001 (1255863.000.000) 2025-07-18 11:43:37 Job executing on host: <172.30.1.216:9618?addrs=172.30.1.216-9618&alias=node-w16.localdomain&noUDP&sock=startd_5145_9edb>
	SlotName: slot1_7@node-w16.localdomain
	CondorScratchDir = "/var/lib/condor/execute/dir_4037095"
	Cpus = 2
	Disk = 751616
	GPUs = 0
	Memory = 16000
...
006 (1255863.000.000) 2025-07-18 11:43:52 Image size of job updated: 966840
	945  -  MemoryUsage of job (MB)
	966840  -  ResidentSetSize of job (KB)
...
006 (1255863.000.000) 2025-07-18 11:48:08 Image size of job updated: 2318568
	2149  -  MemoryUsage of job (MB)
	2199816  -  ResidentSetSize of job (KB)
...
040 (1255863.000.000) 2025-07-18 11:48:08 Started transferring output files
...
040 (1255863.000.000) 2025-07-18 11:48:08 Finished transferring output files
...
005 (1255863.000.000) 2025-07-18 11:48:09 Job terminated.
	(1) Normal termination (return value 0)
		Usr 0 00:03:19, Sys 0 00:00:07  -  Run Remote Usage
		Usr 0 00:00:00, Sys 0 00:00:00  -  Run Local Usage
		Usr 0 00:03:19, Sys 0 00:00:07  -  Total Remote Usage
		Usr 0 00:00:00, Sys 0 00:00:00  -  Total Local Usage
	27807  -  Run Bytes Sent By Job
	690295168  -  Run Bytes Received By Job
	27807  -  Total Bytes Sent By Job
	690295168  -  Total Bytes Received By Job
	Partitionable Resources :      Usage  Request Allocated 
	   Cpus                 :       0.92        2         2 
	   Disk (KB)            : 2774395      750000    751616 
	   GPUs                 :                             0 
	   Memory (MB)          :    2149       16000     16000 
	   TimeExecute (s)      :     271                       
	   TimeSlotBusy (s)     :     276                       

	Job terminated of its own accord at 2025-07-18T02:48:08Z with exit-code 0.
...
000 (1256010.000.000) 2025-07-18 11:55:35 Job submitted from host: <172.30.1.200:9618?addrs=172.30.1.200-9618&alias=tamsa2&noUDP&sock=schedd_2531_a24a>
...
040 (1256010.000.000) 2025-07-18 11:55:41 Started transferring input files
	Transferring to host: <172.30.1.220:9618?addrs=172.30.1.220-9618&alias=node-w20.localdomain&noUDP&sock=slot1_6_5233_df2e_139054>
...
040 (1256010.000.000) 2025-07-18 11:55:45 Finished transferring input files
...
001 (1256010.000.000) 2025-07-18 11:55:45 Job executing on host: <172.30.1.220:9618?addrs=172.30.1.220-9618&alias=node-w20.localdomain&noUDP&sock=startd_5199_a8f8>
	SlotName: slot1_6@node-w20.localdomain
	CondorScratchDir = "/var/lib/condor/execute/dir_3931505"
	Cpus = 2
	Disk = 751616
	GPUs = 0
	Memory = 16000
...
006 (1256010.000.000) 2025-07-18 11:55:58 Image size of job updated: 1027308
	1004  -  MemoryUsage of job (MB)
	1027308  -  ResidentSetSize of job (KB)
...
006 (1256010.000.000) 2025-07-18 11:58:09 Image size of job updated: 2316960
	2149  -  MemoryUsage of job (MB)
	2199816  -  ResidentSetSize of job (KB)
...
040 (1256010.000.000) 2025-07-18 11:58:09 Started transferring output files
...
040 (1256010.000.000) 2025-07-18 11:58:09 Finished transferring output files
...
005 (1256010.000.000) 2025-07-18 11:58:09 Job terminated.
	(1) Normal termination (return value 0)
		Usr 0 00:02:13, Sys 0 00:00:06  -  Run Remote Usage
		Usr 0 00:00:00, Sys 0 00:00:00  -  Run Local Usage
		Usr 0 00:02:13, Sys 0 00:00:06  -  Total Remote Usage
		Usr 0 00:00:00, Sys 0 00:00:00  -  Total Local Usage
	27807  -  Run Bytes Sent By Job
	690295168  -  Run Bytes Received By Job
	27807  -  Total Bytes Sent By Job
	690295168  -  Total Bytes Received By Job
	Partitionable Resources :      Usage  Request Allocated 
	   Cpus                 :       0.99        2         2 
	   Disk (KB)            : 2774395      750000    751616 
	   GPUs                 :                             0 
	   Memory (MB)          :    2149       16000     16000 
	   TimeExecute (s)      :     144                       
	   TimeSlotBusy (s)     :     148                       

	Job terminated of its own accord at 2025-07-18T02:58:09Z with exit-code 0.
...
000 (1256777.000.000) 2025-07-18 16:30:29 Job submitted from host: <172.30.1.200:9618?addrs=172.30.1.200-9618&alias=tamsa2&noUDP&sock=schedd_2531_a24a>
...
040 (1256777.000.000) 2025-07-18 16:30:49 Started transferring input files
	Transferring to host: <172.30.1.216:9618?addrs=172.30.1.216-9618&alias=node-w16.localdomain&noUDP&sock=slot1_18_5179_d2ec_99238>
...
040 (1256777.000.000) 2025-07-18 16:30:52 Finished transferring input files
...
001 (1256777.000.000) 2025-07-18 16:30:52 Job executing on host: <172.30.1.216:9618?addrs=172.30.1.216-9618&alias=node-w16.localdomain&noUDP&sock=startd_5145_9edb>
	SlotName: slot1_18@node-w16.localdomain
	CondorScratchDir = "/var/lib/condor/execute/dir_161383"
	Cpus = 2
	Disk = 751616
	GPUs = 0
	Memory = 16000
...
006 (1256777.000.000) 2025-07-18 16:31:06 Image size of job updated: 1032332
	1009  -  MemoryUsage of job (MB)
	1032332  -  ResidentSetSize of job (KB)
...
006 (1256777.000.000) 2025-07-18 16:36:07 Image size of job updated: 2318620
	2265  -  MemoryUsage of job (MB)
	2318620  -  ResidentSetSize of job (KB)
...
006 (1256777.000.000) 2025-07-18 16:36:33 Image size of job updated: 2319292
	2265  -  MemoryUsage of job (MB)
	2318620  -  ResidentSetSize of job (KB)
...
040 (1256777.000.000) 2025-07-18 16:36:33 Started transferring output files
...
040 (1256777.000.000) 2025-07-18 16:36:33 Finished transferring output files
...
005 (1256777.000.000) 2025-07-18 16:36:33 Job terminated.
	(1) Normal termination (return value 0)
		Usr 0 00:03:46, Sys 0 00:00:07  -  Run Remote Usage
		Usr 0 00:00:00, Sys 0 00:00:00  -  Run Local Usage
		Usr 0 00:03:46, Sys 0 00:00:07  -  Total Remote Usage
		Usr 0 00:00:00, Sys 0 00:00:00  -  Total Local Usage
	27790  -  Run Bytes Sent By Job
	690295168  -  Run Bytes Received By Job
	27790  -  Total Bytes Sent By Job
	690295168  -  Total Bytes Received By Job
	Partitionable Resources :      Usage  Request Allocated 
	   Cpus                 :       0.81        2         2 
	   Disk (KB)            : 2774395      750000    751616 
	   GPUs                 :                             0 
	   Memory (MB)          :    2265       16000     16000 
	   TimeExecute (s)      :     341                       
	   TimeSlotBusy (s)     :     344                       

	Job terminated of its own accord at 2025-07-18T07:36:33Z with exit-code 0.
...
000 (1256989.000.000) 2025-07-18 18:02:47 Job submitted from host: <172.30.1.200:9618?addrs=172.30.1.200-9618&alias=tamsa2&noUDP&sock=schedd_2531_a24a>
...
040 (1256989.000.000) 2025-07-18 18:03:05 Started transferring input files
	Transferring to host: <172.30.1.216:9618?addrs=172.30.1.216-9618&alias=node-w16.localdomain&noUDP&sock=slot1_9_5179_d2ec_99547>
...
040 (1256989.000.000) 2025-07-18 18:03:08 Finished transferring input files
...
001 (1256989.000.000) 2025-07-18 18:03:08 Job executing on host: <172.30.1.216:9618?addrs=172.30.1.216-9618&alias=node-w16.localdomain&noUDP&sock=startd_5145_9edb>
	SlotName: slot1_9@node-w16.localdomain
	CondorScratchDir = "/var/lib/condor/execute/dir_209691"
	Cpus = 2
	Disk = 751616
	GPUs = 0
	Memory = 16000
...
006 (1256989.000.000) 2025-07-18 18:03:22 Image size of job updated: 1032776
	1009  -  MemoryUsage of job (MB)
	1032776  -  ResidentSetSize of job (KB)
...
006 (1256989.000.000) 2025-07-18 18:03:33 Image size of job updated: 2199792
	2149  -  MemoryUsage of job (MB)
	2199792  -  ResidentSetSize of job (KB)
...
040 (1256989.000.000) 2025-07-18 18:03:33 Started transferring output files
...
040 (1256989.000.000) 2025-07-18 18:03:33 Finished transferring output files
...
005 (1256989.000.000) 2025-07-18 18:03:34 Job terminated.
	(1) Normal termination (return value 0)
		Usr 0 00:00:19, Sys 0 00:00:04  -  Run Remote Usage
		Usr 0 00:00:00, Sys 0 00:00:00  -  Run Local Usage
		Usr 0 00:00:19, Sys 0 00:00:04  -  Total Remote Usage
		Usr 0 00:00:00, Sys 0 00:00:00  -  Total Local Usage
	363  -  Run Bytes Sent By Job
	690297792  -  Run Bytes Received By Job
	363  -  Total Bytes Sent By Job
	690297792  -  Total Bytes Received By Job
	Partitionable Resources :    Usage  Request Allocated 
	   Cpus                 :                 2         2 
	   Disk (KB)            :  2774364   750000    751616 
	   GPUs                 :                           0 
	   Memory (MB)          :     2149    16000     16000 
	   TimeExecute (s)      :       25                    
	   TimeSlotBusy (s)     :       29                    

	Job terminated of its own accord at 2025-07-18T09:03:33Z with exit-code 0.
...
000 (1257192.000.000) 2025-07-18 18:28:14 Job submitted from host: <172.30.1.200:9618?addrs=172.30.1.200-9618&alias=tamsa2&noUDP&sock=schedd_2531_a24a>
...
040 (1257192.000.000) 2025-07-18 18:28:20 Started transferring input files
	Transferring to host: <172.30.1.217:9618?addrs=172.30.1.217-9618&alias=node-w17.localdomain&noUDP&sock=slot1_5_6391_c99d_128500>
...
040 (1257192.000.000) 2025-07-18 18:28:23 Finished transferring input files
...
001 (1257192.000.000) 2025-07-18 18:28:23 Job executing on host: <172.30.1.217:9618?addrs=172.30.1.217-9618&alias=node-w17.localdomain&noUDP&sock=startd_6357_f3a4>
	SlotName: slot1_5@node-w17.localdomain
	CondorScratchDir = "/var/lib/condor/execute/dir_1933833"
	Cpus = 2
	Disk = 751616
	GPUs = 0
	Memory = 16000
...
006 (1257192.000.000) 2025-07-18 18:28:37 Image size of job updated: 1292168
	1262  -  MemoryUsage of job (MB)
	1292168  -  ResidentSetSize of job (KB)
...
006 (1257192.000.000) 2025-07-18 18:30:47 Image size of job updated: 2319180
	2149  -  MemoryUsage of job (MB)
	2199816  -  ResidentSetSize of job (KB)
...
040 (1257192.000.000) 2025-07-18 18:30:47 Started transferring output files
...
040 (1257192.000.000) 2025-07-18 18:30:47 Finished transferring output files
...
005 (1257192.000.000) 2025-07-18 18:30:48 Job terminated.
	(1) Normal termination (return value 0)
		Usr 0 00:02:03, Sys 0 00:00:07  -  Run Remote Usage
		Usr 0 00:00:00, Sys 0 00:00:00  -  Run Local Usage
		Usr 0 00:02:03, Sys 0 00:00:07  -  Total Remote Usage
		Usr 0 00:00:00, Sys 0 00:00:00  -  Total Local Usage
	27807  -  Run Bytes Sent By Job
	690297984  -  Run Bytes Received By Job
	27807  -  Total Bytes Sent By Job
	690297984  -  Total Bytes Received By Job
	Partitionable Resources :      Usage  Request Allocated 
	   Cpus                 :       0.92        2         2 
	   Disk (KB)            : 2774398      750000    751616 
	   GPUs                 :                             0 
	   Memory (MB)          :    2149       16000     16000 
	   TimeExecute (s)      :     144                       
	   TimeSlotBusy (s)     :     148                       

	Job terminated of its own accord at 2025-07-18T09:30:47Z with exit-code 0.
...
000 (1257386.000.000) 2025-07-18 19:07:16 Job submitted from host: <172.30.1.200:9618?addrs=172.30.1.200-9618&alias=tamsa2&noUDP&sock=schedd_2531_a24a>
...
040 (1257386.000.000) 2025-07-18 19:07:35 Started transferring input files
	Transferring to host: <172.30.1.221:9618?addrs=172.30.1.221-9618&alias=node-w21.localdomain&noUDP&sock=slot1_42_6000_4aed_143391>
...
040 (1257386.000.000) 2025-07-18 19:07:38 Finished transferring input files
...
001 (1257386.000.000) 2025-07-18 19:07:38 Job executing on host: <172.30.1.221:9618?addrs=172.30.1.221-9618&alias=node-w21.localdomain&noUDP&sock=startd_5966_c21c>
	SlotName: slot1_42@node-w21.localdomain
	CondorScratchDir = "/var/lib/condor/execute/dir_2961019"
	Cpus = 2
	Disk = 751616
	GPUs = 0
	Memory = 16000
...
006 (1257386.000.000) 2025-07-18 19:07:53 Image size of job updated: 1107688
	1082  -  MemoryUsage of job (MB)
	1107688  -  ResidentSetSize of job (KB)
...
006 (1257386.000.000) 2025-07-18 19:10:15 Image size of job updated: 2325288
	2149  -  MemoryUsage of job (MB)
	2200096  -  ResidentSetSize of job (KB)
...
040 (1257386.000.000) 2025-07-18 19:10:16 Started transferring output files
...
040 (1257386.000.000) 2025-07-18 19:10:16 Finished transferring output files
...
005 (1257386.000.000) 2025-07-18 19:10:16 Job terminated.
	(1) Normal termination (return value 0)
		Usr 0 00:02:26, Sys 0 00:00:07  -  Run Remote Usage
		Usr 0 00:00:00, Sys 0 00:00:00  -  Run Local Usage
		Usr 0 00:02:26, Sys 0 00:00:07  -  Total Remote Usage
		Usr 0 00:00:00, Sys 0 00:00:00  -  Total Local Usage
	145714  -  Run Bytes Sent By Job
	690299072  -  Run Bytes Received By Job
	145714  -  Total Bytes Sent By Job
	690299072  -  Total Bytes Received By Job
	Partitionable Resources :    Usage  Request Allocated 
	   Cpus                 :                 2         2 
	   Disk (KB)            :  2774624   750000    751616 
	   GPUs                 :                           0 
	   Memory (MB)          :     2149    16000     16000 
	   TimeExecute (s)      :      157                    
	   TimeSlotBusy (s)     :      162                    

	Job terminated of its own accord at 2025-07-18T10:10:15Z with exit-code 0.
...
000 (1257643.000.000) 2025-07-18 19:19:05 Job submitted from host: <172.30.1.200:9618?addrs=172.30.1.200-9618&alias=tamsa2&noUDP&sock=schedd_2531_a24a>
...
040 (1257643.000.000) 2025-07-18 19:19:22 Started transferring input files
	Transferring to host: <172.30.1.204:9618?addrs=172.30.1.204-9618&alias=node-w4.localdomain&noUDP&sock=slot1_31_4930_6182_69147>
...
040 (1257643.000.000) 2025-07-18 19:19:26 Finished transferring input files
...
001 (1257643.000.000) 2025-07-18 19:19:26 Job executing on host: <172.30.1.204:9618?addrs=172.30.1.204-9618&alias=node-w4.localdomain&noUDP&sock=startd_4896_d3c6>
	SlotName: slot1_31@node-w4.localdomain
	CondorScratchDir = "/var/lib/condor/execute/dir_2230510"
	Cpus = 2
	Disk = 751616
	GPUs = 0
	Memory = 16000
...
006 (1257643.000.000) 2025-07-18 19:19:39 Image size of job updated: 988116
	965  -  MemoryUsage of job (MB)
	988116  -  ResidentSetSize of job (KB)
...
006 (1257643.000.000) 2025-07-18 19:23:04 Image size of job updated: 2321284
	2149  -  MemoryUsage of job (MB)
	2200120  -  ResidentSetSize of job (KB)
...
040 (1257643.000.000) 2025-07-18 19:23:04 Started transferring output files
...
040 (1257643.000.000) 2025-07-18 19:23:04 Finished transferring output files
...
005 (1257643.000.000) 2025-07-18 19:23:05 Job terminated.
	(1) Normal termination (return value 0)
		Usr 0 00:03:26, Sys 0 00:00:07  -  Run Remote Usage
		Usr 0 00:00:00, Sys 0 00:00:00  -  Run Local Usage
		Usr 0 00:03:26, Sys 0 00:00:07  -  Total Remote Usage
		Usr 0 00:00:00, Sys 0 00:00:00  -  Total Local Usage
	147180  -  Run Bytes Sent By Job
	690299136  -  Run Bytes Received By Job
	147180  -  Total Bytes Sent By Job
	690299136  -  Total Bytes Received By Job
	Partitionable Resources :      Usage  Request Allocated 
	   Cpus                 :       1.21        2         2 
	   Disk (KB)            : 2774632      750000    751616 
	   GPUs                 :                             0 
	   Memory (MB)          :    2149       16000     16000 
	   TimeExecute (s)      :     218                       
	   TimeSlotBusy (s)     :     223                       

	Job terminated of its own accord at 2025-07-18T10:23:04Z with exit-code 0.
...
000 (1257741.000.000) 2025-07-18 22:47:41 Job submitted from host: <172.30.1.200:9618?addrs=172.30.1.200-9618&alias=tamsa2&noUDP&sock=schedd_2531_a24a>
...
040 (1257741.000.000) 2025-07-18 22:47:51 Started transferring input files
	Transferring to host: <172.30.1.216:9618?addrs=172.30.1.216-9618&alias=node-w16.localdomain&noUDP&sock=slot1_20_5179_d2ec_100093>
...
040 (1257741.000.000) 2025-07-18 22:47:56 Finished transferring input files
...
001 (1257741.000.000) 2025-07-18 22:47:56 Job executing on host: <172.30.1.216:9618?addrs=172.30.1.216-9618&alias=node-w16.localdomain&noUDP&sock=startd_5145_9edb>
	SlotName: slot1_20@node-w16.localdomain
	CondorScratchDir = "/var/lib/condor/execute/dir_472944"
	Cpus = 2
	Disk = 751616
	GPUs = 0
	Memory = 16000
...
006 (1257741.000.000) 2025-07-18 22:48:10 Image size of job updated: 971824
	950  -  MemoryUsage of job (MB)
	971824  -  ResidentSetSize of job (KB)
...
006 (1257741.000.000) 2025-07-18 22:52:30 Image size of job updated: 2321812
	2149  -  MemoryUsage of job (MB)
	2200120  -  ResidentSetSize of job (KB)
...
040 (1257741.000.000) 2025-07-18 22:52:30 Started transferring output files
...
040 (1257741.000.000) 2025-07-18 22:52:30 Finished transferring output files
...
005 (1257741.000.000) 2025-07-18 22:52:30 Job terminated.
	(1) Normal termination (return value 0)
		Usr 0 00:03:56, Sys 0 00:00:07  -  Run Remote Usage
		Usr 0 00:00:00, Sys 0 00:00:00  -  Run Local Usage
		Usr 0 00:03:56, Sys 0 00:00:07  -  Total Remote Usage
		Usr 0 00:00:00, Sys 0 00:00:00  -  Total Local Usage
	147173  -  Run Bytes Sent By Job
	690299136  -  Run Bytes Received By Job
	147173  -  Total Bytes Sent By Job
	690299136  -  Total Bytes Received By Job
	Partitionable Resources :      Usage  Request Allocated 
	   Cpus                 :       0.74        2         2 
	   Disk (KB)            : 2774632      750000    751616 
	   GPUs                 :                             0 
	   Memory (MB)          :    2149       16000     16000 
	   TimeExecute (s)      :     274                       
	   TimeSlotBusy (s)     :     279                       

	Job terminated of its own accord at 2025-07-18T13:52:30Z with exit-code 0.
...
000 (1257841.000.000) 2025-07-18 23:06:59 Job submitted from host: <172.30.1.200:9618?addrs=172.30.1.200-9618&alias=tamsa2&noUDP&sock=schedd_2531_a24a>
...
040 (1257841.000.000) 2025-07-18 23:07:08 Started transferring input files
	Transferring to host: <172.30.1.212:9618?addrs=172.30.1.212-9618&alias=node-w12.localdomain&noUDP&sock=slot1_4_4978_3384_101912>
...
040 (1257841.000.000) 2025-07-18 23:07:12 Finished transferring input files
...
001 (1257841.000.000) 2025-07-18 23:07:12 Job executing on host: <172.30.1.212:9618?addrs=172.30.1.212-9618&alias=node-w12.localdomain&noUDP&sock=startd_4944_c052>
	SlotName: slot1_4@node-w12.localdomain
	CondorScratchDir = "/var/lib/condor/execute/dir_2975266"
	Cpus = 2
	Disk = 751616
	GPUs = 0
	Memory = 16000
...
006 (1257841.000.000) 2025-07-18 23:07:26 Image size of job updated: 1049928
	1026  -  MemoryUsage of job (MB)
	1049928  -  ResidentSetSize of job (KB)
...
006 (1257841.000.000) 2025-07-18 23:10:10 Image size of job updated: 2320612
	2149  -  MemoryUsage of job (MB)
	2200120  -  ResidentSetSize of job (KB)
...
040 (1257841.000.000) 2025-07-18 23:10:10 Started transferring output files
...
040 (1257841.000.000) 2025-07-18 23:10:10 Finished transferring output files
...
005 (1257841.000.000) 2025-07-18 23:10:10 Job terminated.
	(1) Normal termination (return value 0)
		Usr 0 00:02:48, Sys 0 00:00:06  -  Run Remote Usage
		Usr 0 00:00:00, Sys 0 00:00:00  -  Run Local Usage
		Usr 0 00:02:48, Sys 0 00:00:06  -  Total Remote Usage
		Usr 0 00:00:00, Sys 0 00:00:00  -  Total Local Usage
	147180  -  Run Bytes Sent By Job
	690299136  -  Run Bytes Received By Job
	147180  -  Total Bytes Sent By Job
	690299136  -  Total Bytes Received By Job
	Partitionable Resources :      Usage  Request Allocated 
	   Cpus                 :       0.99        2         2 
	   Disk (KB)            : 2774632      750000    751616 
	   GPUs                 :                             0 
	   Memory (MB)          :    2149       16000     16000 
	   TimeExecute (s)      :     178                       
	   TimeSlotBusy (s)     :     182                       

	Job terminated of its own accord at 2025-07-18T14:10:10Z with exit-code 0.
...
000 (1257850.000.000) 2025-07-18 23:28:46 Job submitted from host: <172.30.1.200:9618?addrs=172.30.1.200-9618&alias=tamsa2&noUDP&sock=schedd_2531_a24a>
...
040 (1257850.000.000) 2025-07-18 23:29:02 Started transferring input files
	Transferring to host: <172.30.1.216:9618?addrs=172.30.1.216-9618&alias=node-w16.localdomain&noUDP&sock=slot1_21_5179_d2ec_100117>
...
040 (1257850.000.000) 2025-07-18 23:29:11 Finished transferring input files
...
001 (1257850.000.000) 2025-07-18 23:29:11 Job executing on host: <172.30.1.216:9618?addrs=172.30.1.216-9618&alias=node-w16.localdomain&noUDP&sock=startd_5145_9edb>
	SlotName: slot1_21@node-w16.localdomain
	CondorScratchDir = "/var/lib/condor/execute/dir_474616"
	Cpus = 2
	Disk = 751616
	GPUs = 0
	Memory = 16000
...
006 (1257850.000.000) 2025-07-18 23:29:25 Image size of job updated: 966608
	944  -  MemoryUsage of job (MB)
	966608  -  ResidentSetSize of job (KB)
...
006 (1257850.000.000) 2025-07-18 23:32:45 Image size of job updated: 2323140
	2149  -  MemoryUsage of job (MB)
	2200120  -  ResidentSetSize of job (KB)
...
040 (1257850.000.000) 2025-07-18 23:32:45 Started transferring output files
...
040 (1257850.000.000) 2025-07-18 23:32:45 Finished transferring output files
...
005 (1257850.000.000) 2025-07-18 23:32:45 Job terminated.
	(1) Normal termination (return value 0)
		Usr 0 00:03:23, Sys 0 00:00:06  -  Run Remote Usage
		Usr 0 00:00:00, Sys 0 00:00:00  -  Run Local Usage
		Usr 0 00:03:23, Sys 0 00:00:06  -  Total Remote Usage
		Usr 0 00:00:00, Sys 0 00:00:00  -  Total Local Usage
	147173  -  Run Bytes Sent By Job
	690299136  -  Run Bytes Received By Job
	147173  -  Total Bytes Sent By Job
	690299136  -  Total Bytes Received By Job
	Partitionable Resources :      Usage  Request Allocated 
	   Cpus                 :       0.99        2         2 
	   Disk (KB)            : 2774632      750000    751616 
	   GPUs                 :                             0 
	   Memory (MB)          :    2149       16000     16000 
	   TimeExecute (s)      :     214                       
	   TimeSlotBusy (s)     :     223                       

	Job terminated of its own accord at 2025-07-18T14:32:45Z with exit-code 0.
...
000 (1268679.000.000) 2025-07-21 20:24:25 Job submitted from host: <172.30.1.200:9618?addrs=172.30.1.200-9618&alias=tamsa2&noUDP&sock=schedd_2531_a24a>
...
040 (1268679.000.000) 2025-07-21 20:24:41 Started transferring input files
	Transferring to host: <172.30.1.208:9618?addrs=172.30.1.208-9618&alias=node-w8.localdomain&noUDP&sock=slot1_18_4971_44e3_61584>
...
040 (1268679.000.000) 2025-07-21 20:24:43 Finished transferring input files
...
001 (1268679.000.000) 2025-07-21 20:24:43 Job executing on host: <172.30.1.208:9618?addrs=172.30.1.208-9618&alias=node-w8.localdomain&noUDP&sock=startd_4937_f328>
	SlotName: slot1_18@node-w8.localdomain
	CondorScratchDir = "/var/lib/condor/execute/dir_2069841"
	Cpus = 2
	Disk = 751616
	GPUs = 0
	Memory = 16000
...
006 (1268679.000.000) 2025-07-21 20:24:57 Image size of job updated: 1138116
	1112  -  MemoryUsage of job (MB)
	1138116  -  ResidentSetSize of job (KB)
...
006 (1268679.000.000) 2025-07-21 20:27:30 Image size of job updated: 2319072
	2149  -  MemoryUsage of job (MB)
	2199816  -  ResidentSetSize of job (KB)
...
040 (1268679.000.000) 2025-07-21 20:27:30 Started transferring output files
...
040 (1268679.000.000) 2025-07-21 20:27:30 Finished transferring output files
...
005 (1268679.000.000) 2025-07-21 20:27:30 Job terminated.
	(1) Normal termination (return value 0)
		Usr 0 00:02:31, Sys 0 00:00:04  -  Run Remote Usage
		Usr 0 00:00:00, Sys 0 00:00:00  -  Run Local Usage
		Usr 0 00:02:31, Sys 0 00:00:04  -  Total Remote Usage
		Usr 0 00:00:00, Sys 0 00:00:00  -  Total Local Usage
	27858  -  Run Bytes Sent By Job
	690297792  -  Run Bytes Received By Job
	27858  -  Total Bytes Sent By Job
	690297792  -  Total Bytes Received By Job
	Partitionable Resources :      Usage  Request Allocated 
	   Cpus                 :       0.97        2         2 
	   Disk (KB)            : 2774398      750000    751616 
	   GPUs                 :                             0 
	   Memory (MB)          :    2149       16000     16000 
	   TimeExecute (s)      :     167                       
	   TimeSlotBusy (s)     :     170                       

	Job terminated of its own accord at 2025-07-21T11:27:30Z with exit-code 0.
...
000 (1268734.000.000) 2025-07-21 20:32:33 Job submitted from host: <172.30.1.200:9618?addrs=172.30.1.200-9618&alias=tamsa2&noUDP&sock=schedd_2531_a24a>
...
040 (1268734.000.000) 2025-07-21 20:32:40 Started transferring input files
	Transferring to host: <172.30.1.221:9618?addrs=172.30.1.221-9618&alias=node-w21.localdomain&noUDP&sock=slot1_2_6000_4aed_155247>
...
040 (1268734.000.000) 2025-07-21 20:32:50 Finished transferring input files
...
001 (1268734.000.000) 2025-07-21 20:32:50 Job executing on host: <172.30.1.221:9618?addrs=172.30.1.221-9618&alias=node-w21.localdomain&noUDP&sock=startd_5966_c21c>
	SlotName: slot1_2@node-w21.localdomain
	CondorScratchDir = "/var/lib/condor/execute/dir_1172541"
	Cpus = 2
	Disk = 751616
	GPUs = 0
	Memory = 16000
...
006 (1268734.000.000) 2025-07-21 20:33:03 Image size of job updated: 701844
	686  -  MemoryUsage of job (MB)
	701844  -  ResidentSetSize of job (KB)
...
006 (1268734.000.000) 2025-07-21 20:37:35 Image size of job updated: 2326872
	2149  -  MemoryUsage of job (MB)
	2200120  -  ResidentSetSize of job (KB)
...
040 (1268734.000.000) 2025-07-21 20:37:36 Started transferring output files
...
040 (1268734.000.000) 2025-07-21 20:37:36 Finished transferring output files
...
005 (1268734.000.000) 2025-07-21 20:37:36 Job terminated.
	(1) Normal termination (return value 0)
		Usr 0 00:04:27, Sys 0 00:00:09  -  Run Remote Usage
		Usr 0 00:00:00, Sys 0 00:00:00  -  Run Local Usage
		Usr 0 00:04:27, Sys 0 00:00:09  -  Total Remote Usage
		Usr 0 00:00:00, Sys 0 00:00:00  -  Total Local Usage
	151290  -  Run Bytes Sent By Job
	690298048  -  Run Bytes Received By Job
	151290  -  Total Bytes Sent By Job
	690298048  -  Total Bytes Received By Job
	Partitionable Resources :    Usage  Request Allocated 
	   Cpus                 :        0        2         2 
	   Disk (KB)            :  2774639   750000    751616 
	   GPUs                 :                           0 
	   Memory (MB)          :     2149    16000     16000 
	   TimeExecute (s)      :      285                    
	   TimeSlotBusy (s)     :      296                    

	Job terminated of its own accord at 2025-07-21T11:37:35Z with exit-code 0.
...
