000 (1255859.000.000) 2025-07-18 11:43:12 Job submitted from host: <172.30.1.200:9618?addrs=172.30.1.200-9618&alias=tamsa2&noUDP&sock=schedd_2531_a24a>
...
040 (1255859.000.000) 2025-07-18 11:43:13 Started transferring input files
	Transferring to host: <172.30.1.216:9618?addrs=172.30.1.216-9618&alias=node-w16.localdomain&noUDP&sock=slot1_3_5179_d2ec_97872>
...
001 (1255859.000.000) 2025-07-18 11:43:17 Job executing on host: <172.30.1.216:9618?addrs=172.30.1.216-9618&alias=node-w16.localdomain&noUDP&sock=startd_5145_9edb>
	SlotName: slot1_3@node-w16.localdomain
	CondorScratchDir = "/var/lib/condor/execute/dir_4037073"
	Cpus = 2
	Disk = 751616
	GPUs = 0
	Memory = 16000
...
040 (1255859.000.000) 2025-07-18 11:43:17 Finished transferring input files
...
006 (1255859.000.000) 2025-07-18 11:43:30 Image size of job updated: 911316
	890  -  MemoryUsage of job (MB)
	911316  -  ResidentSetSize of job (KB)
...
006 (1255859.000.000) 2025-07-18 11:48:31 Image size of job updated: 2318548
	2263  -  MemoryUsage of job (MB)
	2316736  -  ResidentSetSize of job (KB)
...
006 (1255859.000.000) 2025-07-18 11:48:51 Image size of job updated: 2318548
	2263  -  MemoryUsage of job (MB)
	2316744  -  ResidentSetSize of job (KB)
...
040 (1255859.000.000) 2025-07-18 11:48:51 Started transferring output files
...
040 (1255859.000.000) 2025-07-18 11:48:51 Finished transferring output files
...
005 (1255859.000.000) 2025-07-18 11:48:51 Job terminated.
	(1) Normal termination (return value 0)
		Usr 0 00:04:09, Sys 0 00:00:07  -  Run Remote Usage
		Usr 0 00:00:00, Sys 0 00:00:00  -  Run Local Usage
		Usr 0 00:04:09, Sys 0 00:00:07  -  Total Remote Usage
		Usr 0 00:00:00, Sys 0 00:00:00  -  Total Local Usage
	34261  -  Run Bytes Sent By Job
	690299712  -  Run Bytes Received By Job
	34261  -  Total Bytes Sent By Job
	690299712  -  Total Bytes Received By Job
	Partitionable Resources :      Usage  Request Allocated 
	   Cpus                 :       0.91        2         2 
	   Disk (KB)            : 2774406      750000    751616 
	   GPUs                 :                             0 
	   Memory (MB)          :    2263       16000     16000 
	   TimeExecute (s)      :     334                       
	   TimeSlotBusy (s)     :     338                       

	Job terminated of its own accord at 2025-07-18T02:48:51Z with exit-code 0.
...
000 (1256006.000.000) 2025-07-18 11:55:35 Job submitted from host: <172.30.1.200:9618?addrs=172.30.1.200-9618&alias=tamsa2&noUDP&sock=schedd_2531_a24a>
...
040 (1256006.000.000) 2025-07-18 11:55:41 Started transferring input files
	Transferring to host: <172.30.1.220:9618?addrs=172.30.1.220-9618&alias=node-w20.localdomain&noUDP&sock=slot1_1_5233_df2e_139050>
...
040 (1256006.000.000) 2025-07-18 11:55:44 Finished transferring input files
...
001 (1256006.000.000) 2025-07-18 11:55:44 Job executing on host: <172.30.1.220:9618?addrs=172.30.1.220-9618&alias=node-w20.localdomain&noUDP&sock=startd_5199_a8f8>
	SlotName: slot1_1@node-w20.localdomain
	CondorScratchDir = "/var/lib/condor/execute/dir_3931498"
	Cpus = 2
	Disk = 751616
	GPUs = 0
	Memory = 16000
...
006 (1256006.000.000) 2025-07-18 11:55:58 Image size of job updated: 1153576
	1127  -  MemoryUsage of job (MB)
	1153576  -  ResidentSetSize of job (KB)
...
006 (1256006.000.000) 2025-07-18 11:58:39 Image size of job updated: 2319112
	2149  -  MemoryUsage of job (MB)
	2199824  -  ResidentSetSize of job (KB)
...
040 (1256006.000.000) 2025-07-18 11:58:39 Started transferring output files
...
040 (1256006.000.000) 2025-07-18 11:58:39 Finished transferring output files
...
005 (1256006.000.000) 2025-07-18 11:58:39 Job terminated.
	(1) Normal termination (return value 0)
		Usr 0 00:02:42, Sys 0 00:00:07  -  Run Remote Usage
		Usr 0 00:00:00, Sys 0 00:00:00  -  Run Local Usage
		Usr 0 00:02:42, Sys 0 00:00:07  -  Total Remote Usage
		Usr 0 00:00:00, Sys 0 00:00:00  -  Total Local Usage
	34261  -  Run Bytes Sent By Job
	690299712  -  Run Bytes Received By Job
	34261  -  Total Bytes Sent By Job
	690299712  -  Total Bytes Received By Job
	Partitionable Resources :      Usage  Request Allocated 
	   Cpus                 :       0.99        2         2 
	   Disk (KB)            : 2774406      750000    751616 
	   GPUs                 :                             0 
	   Memory (MB)          :    2149       16000     16000 
	   TimeExecute (s)      :     175                       
	   TimeSlotBusy (s)     :     179                       

	Job terminated of its own accord at 2025-07-18T02:58:39Z with exit-code 0.
...
000 (1256773.000.000) 2025-07-18 16:30:28 Job submitted from host: <172.30.1.200:9618?addrs=172.30.1.200-9618&alias=tamsa2&noUDP&sock=schedd_2531_a24a>
...
040 (1256773.000.000) 2025-07-18 16:30:29 Started transferring input files
	Transferring to host: <172.30.1.216:9618?addrs=172.30.1.216-9618&alias=node-w16.localdomain&noUDP&sock=slot1_8_5179_d2ec_99234>
...
001 (1256773.000.000) 2025-07-18 16:30:40 Job executing on host: <172.30.1.216:9618?addrs=172.30.1.216-9618&alias=node-w16.localdomain&noUDP&sock=startd_5145_9edb>
	SlotName: slot1_8@node-w16.localdomain
	CondorScratchDir = "/var/lib/condor/execute/dir_161355"
	Cpus = 2
	Disk = 751616
	GPUs = 0
	Memory = 16000
...
040 (1256773.000.000) 2025-07-18 16:30:40 Finished transferring input files
...
006 (1256773.000.000) 2025-07-18 16:30:53 Image size of job updated: 821168
	802  -  MemoryUsage of job (MB)
	821168  -  ResidentSetSize of job (KB)
...
006 (1256773.000.000) 2025-07-18 16:35:54 Image size of job updated: 2317068
	2262  -  MemoryUsage of job (MB)
	2315324  -  ResidentSetSize of job (KB)
...
006 (1256773.000.000) 2025-07-18 16:37:32 Image size of job updated: 2320204
	2262  -  MemoryUsage of job (MB)
	2315324  -  ResidentSetSize of job (KB)
...
040 (1256773.000.000) 2025-07-18 16:37:32 Started transferring output files
...
040 (1256773.000.000) 2025-07-18 16:37:32 Finished transferring output files
...
005 (1256773.000.000) 2025-07-18 16:37:32 Job terminated.
	(1) Normal termination (return value 0)
		Usr 0 00:04:41, Sys 0 00:00:07  -  Run Remote Usage
		Usr 0 00:00:00, Sys 0 00:00:00  -  Run Local Usage
		Usr 0 00:04:41, Sys 0 00:00:07  -  Total Remote Usage
		Usr 0 00:00:00, Sys 0 00:00:00  -  Total Local Usage
	34244  -  Run Bytes Sent By Job
	690299712  -  Run Bytes Received By Job
	34244  -  Total Bytes Sent By Job
	690299712  -  Total Bytes Received By Job
	Partitionable Resources :      Usage  Request Allocated 
	   Cpus                 :       0.84        2         2 
	   Disk (KB)            : 2774406      750000    751616 
	   GPUs                 :                             0 
	   Memory (MB)          :    2262       16000     16000 
	   TimeExecute (s)      :     412                       
	   TimeSlotBusy (s)     :     423                       

	Job terminated of its own accord at 2025-07-18T07:37:32Z with exit-code 0.
...
000 (1256985.000.000) 2025-07-18 18:02:47 Job submitted from host: <172.30.1.200:9618?addrs=172.30.1.200-9618&alias=tamsa2&noUDP&sock=schedd_2531_a24a>
...
040 (1256985.000.000) 2025-07-18 18:03:05 Started transferring input files
	Transferring to host: <172.30.1.216:9618?addrs=172.30.1.216-9618&alias=node-w16.localdomain&noUDP&sock=slot1_5_5179_d2ec_99543>
...
040 (1256985.000.000) 2025-07-18 18:03:09 Finished transferring input files
...
001 (1256985.000.000) 2025-07-18 18:03:09 Job executing on host: <172.30.1.216:9618?addrs=172.30.1.216-9618&alias=node-w16.localdomain&noUDP&sock=startd_5145_9edb>
	SlotName: slot1_5@node-w16.localdomain
	CondorScratchDir = "/var/lib/condor/execute/dir_209683"
	Cpus = 2
	Disk = 751616
	GPUs = 0
	Memory = 16000
...
006 (1256985.000.000) 2025-07-18 18:03:22 Image size of job updated: 900712
	880  -  MemoryUsage of job (MB)
	900712  -  ResidentSetSize of job (KB)
...
006 (1256985.000.000) 2025-07-18 18:03:32 Image size of job updated: 2199792
	2149  -  MemoryUsage of job (MB)
	2199792  -  ResidentSetSize of job (KB)
...
040 (1256985.000.000) 2025-07-18 18:03:33 Started transferring output files
...
040 (1256985.000.000) 2025-07-18 18:03:33 Finished transferring output files
...
005 (1256985.000.000) 2025-07-18 18:03:33 Job terminated.
	(1) Normal termination (return value 0)
		Usr 0 00:00:18, Sys 0 00:00:04  -  Run Remote Usage
		Usr 0 00:00:00, Sys 0 00:00:00  -  Run Local Usage
		Usr 0 00:00:18, Sys 0 00:00:04  -  Total Remote Usage
		Usr 0 00:00:00, Sys 0 00:00:00  -  Total Local Usage
	363  -  Run Bytes Sent By Job
	690302336  -  Run Bytes Received By Job
	363  -  Total Bytes Sent By Job
	690302336  -  Total Bytes Received By Job
	Partitionable Resources :    Usage  Request Allocated 
	   Cpus                 :                 2         2 
	   Disk (KB)            :  2774369   750000    751616 
	   GPUs                 :                           0 
	   Memory (MB)          :     2149    16000     16000 
	   TimeExecute (s)      :       23                    
	   TimeSlotBusy (s)     :       29                    

	Job terminated of its own accord at 2025-07-18T09:03:32Z with exit-code 0.
...
000 (1257188.000.000) 2025-07-18 18:28:14 Job submitted from host: <172.30.1.200:9618?addrs=172.30.1.200-9618&alias=tamsa2&noUDP&sock=schedd_2531_a24a>
...
040 (1257188.000.000) 2025-07-18 18:28:20 Started transferring input files
	Transferring to host: <172.30.1.213:9618?addrs=172.30.1.213-9618&alias=node-w13.localdomain&noUDP&sock=slot1_1_4972_f943_104173>
...
040 (1257188.000.000) 2025-07-18 18:28:23 Finished transferring input files
...
001 (1257188.000.000) 2025-07-18 18:28:23 Job executing on host: <172.30.1.213:9618?addrs=172.30.1.213-9618&alias=node-w13.localdomain&noUDP&sock=startd_4938_a2c0>
	SlotName: slot1_1@node-w13.localdomain
	CondorScratchDir = "/var/lib/condor/execute/dir_1559183"
	Cpus = 2
	Disk = 751616
	GPUs = 0
	Memory = 16000
...
006 (1257188.000.000) 2025-07-18 18:28:37 Image size of job updated: 944204
	923  -  MemoryUsage of job (MB)
	944204  -  ResidentSetSize of job (KB)
...
006 (1257188.000.000) 2025-07-18 18:32:34 Image size of job updated: 2320180
	2149  -  MemoryUsage of job (MB)
	2199824  -  ResidentSetSize of job (KB)
...
040 (1257188.000.000) 2025-07-18 18:32:35 Started transferring output files
...
040 (1257188.000.000) 2025-07-18 18:32:35 Finished transferring output files
...
005 (1257188.000.000) 2025-07-18 18:32:35 Job terminated.
	(1) Normal termination (return value 0)
		Usr 0 00:03:48, Sys 0 00:00:08  -  Run Remote Usage
		Usr 0 00:00:00, Sys 0 00:00:00  -  Run Local Usage
		Usr 0 00:03:48, Sys 0 00:00:08  -  Total Remote Usage
		Usr 0 00:00:00, Sys 0 00:00:00  -  Total Local Usage
	34261  -  Run Bytes Sent By Job
	690302528  -  Run Bytes Received By Job
	34261  -  Total Bytes Sent By Job
	690302528  -  Total Bytes Received By Job
	Partitionable Resources :      Usage  Request Allocated 
	   Cpus                 :       0.96        2         2 
	   Disk (KB)            : 2774409      750000    751616 
	   GPUs                 :                             0 
	   Memory (MB)          :    2149       16000     16000 
	   TimeExecute (s)      :     251                       
	   TimeSlotBusy (s)     :     255                       

	Job terminated of its own accord at 2025-07-18T09:32:34Z with exit-code 0.
...
000 (1257382.000.000) 2025-07-18 19:07:16 Job submitted from host: <172.30.1.200:9618?addrs=172.30.1.200-9618&alias=tamsa2&noUDP&sock=schedd_2531_a24a>
...
040 (1257382.000.000) 2025-07-18 19:07:34 Started transferring input files
	Transferring to host: <172.30.1.221:9618?addrs=172.30.1.221-9618&alias=node-w21.localdomain&noUDP&sock=slot1_34_6000_4aed_143387>
...
040 (1257382.000.000) 2025-07-18 19:07:38 Finished transferring input files
...
001 (1257382.000.000) 2025-07-18 19:07:38 Job executing on host: <172.30.1.221:9618?addrs=172.30.1.221-9618&alias=node-w21.localdomain&noUDP&sock=startd_5966_c21c>
	SlotName: slot1_34@node-w21.localdomain
	CondorScratchDir = "/var/lib/condor/execute/dir_2960263"
	Cpus = 2
	Disk = 751616
	GPUs = 0
	Memory = 16000
...
006 (1257382.000.000) 2025-07-18 19:07:51 Image size of job updated: 976116
	954  -  MemoryUsage of job (MB)
	976116  -  ResidentSetSize of job (KB)
...
006 (1257382.000.000) 2025-07-18 19:10:43 Image size of job updated: 2320196
	2149  -  MemoryUsage of job (MB)
	2200092  -  ResidentSetSize of job (KB)
...
040 (1257382.000.000) 2025-07-18 19:10:43 Started transferring output files
...
040 (1257382.000.000) 2025-07-18 19:10:43 Finished transferring output files
...
005 (1257382.000.000) 2025-07-18 19:10:43 Job terminated.
	(1) Normal termination (return value 0)
		Usr 0 00:02:54, Sys 0 00:00:07  -  Run Remote Usage
		Usr 0 00:00:00, Sys 0 00:00:00  -  Run Local Usage
		Usr 0 00:02:54, Sys 0 00:00:07  -  Total Remote Usage
		Usr 0 00:00:00, Sys 0 00:00:00  -  Total Local Usage
	151403  -  Run Bytes Sent By Job
	690303616  -  Run Bytes Received By Job
	151403  -  Total Bytes Sent By Job
	690303616  -  Total Bytes Received By Job
	Partitionable Resources :    Usage  Request Allocated 
	   Cpus                 :                 2         2 
	   Disk (KB)            :  2774633   750000    751616 
	   GPUs                 :                           0 
	   Memory (MB)          :     2149    16000     16000 
	   TimeExecute (s)      :      185                    
	   TimeSlotBusy (s)     :      189                    

	Job terminated of its own accord at 2025-07-18T10:10:43Z with exit-code 0.
...
000 (1257639.000.000) 2025-07-18 19:19:04 Job submitted from host: <172.30.1.200:9618?addrs=172.30.1.200-9618&alias=tamsa2&noUDP&sock=schedd_2531_a24a>
...
040 (1257639.000.000) 2025-07-18 19:19:22 Started transferring input files
	Transferring to host: <172.30.1.204:9618?addrs=172.30.1.204-9618&alias=node-w4.localdomain&noUDP&sock=slot1_27_4930_6182_69143>
...
040 (1257639.000.000) 2025-07-18 19:19:26 Finished transferring input files
...
001 (1257639.000.000) 2025-07-18 19:19:26 Job executing on host: <172.30.1.204:9618?addrs=172.30.1.204-9618&alias=node-w4.localdomain&noUDP&sock=startd_4896_d3c6>
	SlotName: slot1_27@node-w4.localdomain
	CondorScratchDir = "/var/lib/condor/execute/dir_2230502"
	Cpus = 2
	Disk = 751616
	GPUs = 0
	Memory = 16000
...
006 (1257639.000.000) 2025-07-18 19:19:39 Image size of job updated: 974684
	952  -  MemoryUsage of job (MB)
	974684  -  ResidentSetSize of job (KB)
...
006 (1257639.000.000) 2025-07-18 19:23:51 Image size of job updated: 2319408
	2149  -  MemoryUsage of job (MB)
	2200116  -  ResidentSetSize of job (KB)
...
040 (1257639.000.000) 2025-07-18 19:23:51 Started transferring output files
...
040 (1257639.000.000) 2025-07-18 19:23:51 Finished transferring output files
...
005 (1257639.000.000) 2025-07-18 19:23:51 Job terminated.
	(1) Normal termination (return value 0)
		Usr 0 00:04:12, Sys 0 00:00:07  -  Run Remote Usage
		Usr 0 00:00:00, Sys 0 00:00:00  -  Run Local Usage
		Usr 0 00:04:12, Sys 0 00:00:07  -  Total Remote Usage
		Usr 0 00:00:00, Sys 0 00:00:00  -  Total Local Usage
	152735  -  Run Bytes Sent By Job
	690303680  -  Run Bytes Received By Job
	152735  -  Total Bytes Sent By Job
	690303680  -  Total Bytes Received By Job
	Partitionable Resources :      Usage  Request Allocated 
	   Cpus                 :       1.19        2         2 
	   Disk (KB)            : 2774641      750000    751616 
	   GPUs                 :                             0 
	   Memory (MB)          :    2149       16000     16000 
	   TimeExecute (s)      :     265                       
	   TimeSlotBusy (s)     :     269                       

	Job terminated of its own accord at 2025-07-18T10:23:51Z with exit-code 0.
...
000 (1257737.000.000) 2025-07-18 22:47:41 Job submitted from host: <172.30.1.200:9618?addrs=172.30.1.200-9618&alias=tamsa2&noUDP&sock=schedd_2531_a24a>
...
040 (1257737.000.000) 2025-07-18 22:47:51 Started transferring input files
	Transferring to host: <172.30.1.216:9618?addrs=172.30.1.216-9618&alias=node-w16.localdomain&noUDP&sock=slot1_13_5179_d2ec_100089>
...
040 (1257737.000.000) 2025-07-18 22:47:56 Finished transferring input files
...
001 (1257737.000.000) 2025-07-18 22:47:56 Job executing on host: <172.30.1.216:9618?addrs=172.30.1.216-9618&alias=node-w16.localdomain&noUDP&sock=startd_5145_9edb>
	SlotName: slot1_13@node-w16.localdomain
	CondorScratchDir = "/var/lib/condor/execute/dir_472936"
	Cpus = 2
	Disk = 751616
	GPUs = 0
	Memory = 16000
...
006 (1257737.000.000) 2025-07-18 22:48:10 Image size of job updated: 1081552
	1057  -  MemoryUsage of job (MB)
	1081552  -  ResidentSetSize of job (KB)
...
006 (1257737.000.000) 2025-07-18 22:52:48 Image size of job updated: 2327288
	2149  -  MemoryUsage of job (MB)
	2200120  -  ResidentSetSize of job (KB)
...
040 (1257737.000.000) 2025-07-18 22:52:48 Started transferring output files
...
040 (1257737.000.000) 2025-07-18 22:52:48 Finished transferring output files
...
005 (1257737.000.000) 2025-07-18 22:52:48 Job terminated.
	(1) Normal termination (return value 0)
		Usr 0 00:04:38, Sys 0 00:00:07  -  Run Remote Usage
		Usr 0 00:00:00, Sys 0 00:00:00  -  Run Local Usage
		Usr 0 00:04:38, Sys 0 00:00:07  -  Total Remote Usage
		Usr 0 00:00:00, Sys 0 00:00:00  -  Total Local Usage
	152728  -  Run Bytes Sent By Job
	690303680  -  Run Bytes Received By Job
	152728  -  Total Bytes Sent By Job
	690303680  -  Total Bytes Received By Job
	Partitionable Resources :      Usage  Request Allocated 
	   Cpus                 :       0.99        2         2 
	   Disk (KB)            : 2774641      750000    751616 
	   GPUs                 :                             0 
	   Memory (MB)          :    2149       16000     16000 
	   TimeExecute (s)      :     292                       
	   TimeSlotBusy (s)     :     297                       

	Job terminated of its own accord at 2025-07-18T13:52:48Z with exit-code 0.
...
000 (1257837.000.000) 2025-07-18 23:06:58 Job submitted from host: <172.30.1.200:9618?addrs=172.30.1.200-9618&alias=tamsa2&noUDP&sock=schedd_2531_a24a>
...
040 (1257837.000.000) 2025-07-18 23:07:14 Started transferring input files
	Transferring to host: <172.30.1.214:9618?addrs=172.30.1.214-9618&alias=node-w14.localdomain&noUDP&sock=slot1_21_5193_b02c_101605>
...
040 (1257837.000.000) 2025-07-18 23:07:17 Finished transferring input files
...
001 (1257837.000.000) 2025-07-18 23:07:17 Job executing on host: <172.30.1.214:9618?addrs=172.30.1.214-9618&alias=node-w14.localdomain&noUDP&sock=startd_5159_392e>
	SlotName: slot1_21@node-w14.localdomain
	CondorScratchDir = "/var/lib/condor/execute/dir_2713714"
	Cpus = 2
	Disk = 751616
	GPUs = 0
	Memory = 16000
...
006 (1257837.000.000) 2025-07-18 23:07:30 Image size of job updated: 905264
	885  -  MemoryUsage of job (MB)
	905264  -  ResidentSetSize of job (KB)
...
006 (1257837.000.000) 2025-07-18 23:11:19 Image size of job updated: 2324660
	2149  -  MemoryUsage of job (MB)
	2200116  -  ResidentSetSize of job (KB)
...
040 (1257837.000.000) 2025-07-18 23:11:19 Started transferring output files
...
040 (1257837.000.000) 2025-07-18 23:11:19 Finished transferring output files
...
005 (1257837.000.000) 2025-07-18 23:11:20 Job terminated.
	(1) Normal termination (return value 0)
		Usr 0 00:03:33, Sys 0 00:00:07  -  Run Remote Usage
		Usr 0 00:00:00, Sys 0 00:00:00  -  Run Local Usage
		Usr 0 00:03:33, Sys 0 00:00:07  -  Total Remote Usage
		Usr 0 00:00:00, Sys 0 00:00:00  -  Total Local Usage
	152735  -  Run Bytes Sent By Job
	690303680  -  Run Bytes Received By Job
	152735  -  Total Bytes Sent By Job
	690303680  -  Total Bytes Received By Job
	Partitionable Resources :      Usage  Request Allocated 
	   Cpus                 :       0.70        2         2 
	   Disk (KB)            : 2774641      750000    751616 
	   GPUs                 :                             0 
	   Memory (MB)          :    2149       16000     16000 
	   TimeExecute (s)      :     242                       
	   TimeSlotBusy (s)     :     251                       

	Job terminated of its own accord at 2025-07-18T14:11:19Z with exit-code 0.
...
000 (1257846.000.000) 2025-07-18 23:28:45 Job submitted from host: <172.30.1.200:9618?addrs=172.30.1.200-9618&alias=tamsa2&noUDP&sock=schedd_2531_a24a>
...
040 (1257846.000.000) 2025-07-18 23:29:01 Started transferring input files
	Transferring to host: <172.30.1.216:9618?addrs=172.30.1.216-9618&alias=node-w16.localdomain&noUDP&sock=slot1_17_5179_d2ec_100113>
...
040 (1257846.000.000) 2025-07-18 23:29:11 Finished transferring input files
...
001 (1257846.000.000) 2025-07-18 23:29:11 Job executing on host: <172.30.1.216:9618?addrs=172.30.1.216-9618&alias=node-w16.localdomain&noUDP&sock=startd_5145_9edb>
	SlotName: slot1_17@node-w16.localdomain
	CondorScratchDir = "/var/lib/condor/execute/dir_474608"
	Cpus = 2
	Disk = 751616
	GPUs = 0
	Memory = 16000
...
006 (1257846.000.000) 2025-07-18 23:29:24 Image size of job updated: 786648
	769  -  MemoryUsage of job (MB)
	786648  -  ResidentSetSize of job (KB)
...
006 (1257846.000.000) 2025-07-18 23:33:28 Image size of job updated: 2324604
	2149  -  MemoryUsage of job (MB)
	2200116  -  ResidentSetSize of job (KB)
...
040 (1257846.000.000) 2025-07-18 23:33:28 Started transferring output files
...
040 (1257846.000.000) 2025-07-18 23:33:28 Finished transferring output files
...
005 (1257846.000.000) 2025-07-18 23:33:29 Job terminated.
	(1) Normal termination (return value 0)
		Usr 0 00:04:06, Sys 0 00:00:07  -  Run Remote Usage
		Usr 0 00:00:00, Sys 0 00:00:00  -  Run Local Usage
		Usr 0 00:04:06, Sys 0 00:00:07  -  Total Remote Usage
		Usr 0 00:00:00, Sys 0 00:00:00  -  Total Local Usage
	152728  -  Run Bytes Sent By Job
	690303680  -  Run Bytes Received By Job
	152728  -  Total Bytes Sent By Job
	690303680  -  Total Bytes Received By Job
	Partitionable Resources :      Usage  Request Allocated 
	   Cpus                 :       0.99        2         2 
	   Disk (KB)            : 2774641      750000    751616 
	   GPUs                 :                             0 
	   Memory (MB)          :    2149       16000     16000 
	   TimeExecute (s)      :     257                       
	   TimeSlotBusy (s)     :     268                       

	Job terminated of its own accord at 2025-07-18T14:33:28Z with exit-code 0.
...
000 (1268675.000.000) 2025-07-21 20:24:25 Job submitted from host: <172.30.1.200:9618?addrs=172.30.1.200-9618&alias=tamsa2&noUDP&sock=schedd_2531_a24a>
...
040 (1268675.000.000) 2025-07-21 20:24:41 Started transferring input files
	Transferring to host: <172.30.1.220:9618?addrs=172.30.1.220-9618&alias=node-w20.localdomain&noUDP&sock=slot1_28_5233_df2e_153909>
...
040 (1268675.000.000) 2025-07-21 20:24:44 Finished transferring input files
...
001 (1268675.000.000) 2025-07-21 20:24:44 Job executing on host: <172.30.1.220:9618?addrs=172.30.1.220-9618&alias=node-w20.localdomain&noUDP&sock=startd_5199_a8f8>
	SlotName: slot1_28@node-w20.localdomain
	CondorScratchDir = "/var/lib/condor/execute/dir_2911324"
	Cpus = 2
	Disk = 751616
	GPUs = 0
	Memory = 16000
...
006 (1268675.000.000) 2025-07-21 20:24:58 Image size of job updated: 854604
	835  -  MemoryUsage of job (MB)
	854604  -  ResidentSetSize of job (KB)
...
006 (1268675.000.000) 2025-07-21 20:29:08 Image size of job updated: 2318140
	2149  -  MemoryUsage of job (MB)
	2199824  -  ResidentSetSize of job (KB)
...
040 (1268675.000.000) 2025-07-21 20:29:09 Started transferring output files
...
040 (1268675.000.000) 2025-07-21 20:29:09 Finished transferring output files
...
005 (1268675.000.000) 2025-07-21 20:29:09 Job terminated.
	(1) Normal termination (return value 0)
		Usr 0 00:04:04, Sys 0 00:00:06  -  Run Remote Usage
		Usr 0 00:00:00, Sys 0 00:00:00  -  Run Local Usage
		Usr 0 00:04:04, Sys 0 00:00:06  -  Total Remote Usage
		Usr 0 00:00:00, Sys 0 00:00:00  -  Total Local Usage
	34309  -  Run Bytes Sent By Job
	690302336  -  Run Bytes Received By Job
	34309  -  Total Bytes Sent By Job
	690302336  -  Total Bytes Received By Job
	Partitionable Resources :      Usage  Request Allocated 
	   Cpus                 :       0.97        2         2 
	   Disk (KB)            : 2774408      750000    751616 
	   GPUs                 :                             0 
	   Memory (MB)          :    2149       16000     16000 
	   TimeExecute (s)      :     264                       
	   TimeSlotBusy (s)     :     269                       

	Job terminated of its own accord at 2025-07-21T11:29:08Z with exit-code 0.
...
000 (1268730.000.000) 2025-07-21 20:32:32 Job submitted from host: <172.30.1.200:9618?addrs=172.30.1.200-9618&alias=tamsa2&noUDP&sock=schedd_2531_a24a>
...
040 (1268730.000.000) 2025-07-21 20:32:42 Started transferring input files
	Transferring to host: <172.30.1.201:9618?addrs=172.30.1.201-9618&alias=node-w1.localdomain&noUDP&sock=slot1_15_5447_a777_117074>
...
040 (1268730.000.000) 2025-07-21 20:32:47 Finished transferring input files
...
001 (1268730.000.000) 2025-07-21 20:32:47 Job executing on host: <172.30.1.201:9618?addrs=172.30.1.201-9618&alias=node-w1.localdomain&noUDP&sock=startd_5412_c2a4>
	SlotName: slot1_15@node-w1.localdomain
	CondorScratchDir = "/var/lib/condor/execute/dir_170655"
	Cpus = 2
	Disk = 751617
	GPUs = 0
	Memory = 16000
...
006 (1268730.000.000) 2025-07-21 20:33:01 Image size of job updated: 890900
	871  -  MemoryUsage of job (MB)
	890900  -  ResidentSetSize of job (KB)
...
006 (1268730.000.000) 2025-07-21 20:36:39 Image size of job updated: 2323500
	2149  -  MemoryUsage of job (MB)
	2200108  -  ResidentSetSize of job (KB)
...
040 (1268730.000.000) 2025-07-21 20:36:39 Started transferring output files
...
040 (1268730.000.000) 2025-07-21 20:36:39 Finished transferring output files
...
005 (1268730.000.000) 2025-07-21 20:36:39 Job terminated.
	(1) Normal termination (return value 0)
		Usr 0 00:03:40, Sys 0 00:00:06  -  Run Remote Usage
		Usr 0 00:00:00, Sys 0 00:00:00  -  Run Local Usage
		Usr 0 00:03:40, Sys 0 00:00:06  -  Total Remote Usage
		Usr 0 00:00:00, Sys 0 00:00:00  -  Total Local Usage
	152254  -  Run Bytes Sent By Job
	690302592  -  Run Bytes Received By Job
	152254  -  Total Bytes Sent By Job
	690302592  -  Total Bytes Received By Job
	Partitionable Resources :      Usage  Request Allocated 
	   Cpus                 :       0.99        2         2 
	   Disk (KB)            : 2774639      750000    751617 
	   GPUs                 :                             0 
	   Memory (MB)          :    2149       16000     16000 
	   TimeExecute (s)      :     232                       
	   TimeSlotBusy (s)     :     239                       

	Job terminated of its own accord at 2025-07-21T11:36:39Z with exit-code 0.
...
