000 (1255865.000.000) 2025-07-18 11:43:32 Job submitted from host: <172.30.1.200:9618?addrs=172.30.1.200-9618&alias=tamsa2&noUDP&sock=schedd_2531_a24a>
...
040 (1255865.000.000) 2025-07-18 11:43:33 Started transferring input files
	Transferring to host: <172.30.1.216:9618?addrs=172.30.1.216-9618&alias=node-w16.localdomain&noUDP&sock=slot1_10_5179_d2ec_97878>
...
040 (1255865.000.000) 2025-07-18 11:43:37 Finished transferring input files
...
001 (1255865.000.000) 2025-07-18 11:43:37 Job executing on host: <172.30.1.216:9618?addrs=172.30.1.216-9618&alias=node-w16.localdomain&noUDP&sock=startd_5145_9edb>
	SlotName: slot1_10@node-w16.localdomain
	CondorScratchDir = "/var/lib/condor/execute/dir_4037099"
	Cpus = 2
	Disk = 751616
	GPUs = 0
	Memory = 16000
...
006 (1255865.000.000) 2025-07-18 11:43:51 Image size of job updated: 1040332
	1016  -  MemoryUsage of job (MB)
	1040332  -  ResidentSetSize of job (KB)
...
006 (1255865.000.000) 2025-07-18 11:47:46 Image size of job updated: 2320220
	2149  -  MemoryUsage of job (MB)
	2199812  -  ResidentSetSize of job (KB)
...
040 (1255865.000.000) 2025-07-18 11:47:46 Started transferring output files
...
040 (1255865.000.000) 2025-07-18 11:47:46 Finished transferring output files
...
005 (1255865.000.000) 2025-07-18 11:47:46 Job terminated.
	(1) Normal termination (return value 0)
		Usr 0 00:03:06, Sys 0 00:00:06  -  Run Remote Usage
		Usr 0 00:00:00, Sys 0 00:00:00  -  Run Local Usage
		Usr 0 00:03:06, Sys 0 00:00:06  -  Total Remote Usage
		Usr 0 00:00:00, Sys 0 00:00:00  -  Total Local Usage
	25610  -  Run Bytes Sent By Job
	690293568  -  Run Bytes Received By Job
	25610  -  Total Bytes Sent By Job
	690293568  -  Total Bytes Received By Job
	Partitionable Resources :      Usage  Request Allocated 
	   Cpus                 :       0.93        2         2 
	   Disk (KB)            : 2774391      750000    751616 
	   GPUs                 :                             0 
	   Memory (MB)          :    2149       16000     16000 
	   TimeExecute (s)      :     249                       
	   TimeSlotBusy (s)     :     253                       

	Job terminated of its own accord at 2025-07-18T02:47:46Z with exit-code 0.
...
000 (1256779.000.000) 2025-07-18 16:30:47 Job submitted from host: <172.30.1.200:9618?addrs=172.30.1.200-9618&alias=tamsa2&noUDP&sock=schedd_2531_a24a>
...
040 (1256779.000.000) 2025-07-18 16:30:49 Started transferring input files
	Transferring to host: <172.30.1.216:9618?addrs=172.30.1.216-9618&alias=node-w16.localdomain&noUDP&sock=slot1_20_5179_d2ec_99240>
...
040 (1256779.000.000) 2025-07-18 16:30:54 Finished transferring input files
...
001 (1256779.000.000) 2025-07-18 16:30:54 Job executing on host: <172.30.1.216:9618?addrs=172.30.1.216-9618&alias=node-w16.localdomain&noUDP&sock=startd_5145_9edb>
	SlotName: slot1_20@node-w16.localdomain
	CondorScratchDir = "/var/lib/condor/execute/dir_161387"
	Cpus = 2
	Disk = 751616
	GPUs = 0
	Memory = 16000
...
006 (1256779.000.000) 2025-07-18 16:31:07 Image size of job updated: 907600
	887  -  MemoryUsage of job (MB)
	907600  -  ResidentSetSize of job (KB)
...
006 (1256779.000.000) 2025-07-18 16:36:00 Image size of job updated: 2318940
	2149  -  MemoryUsage of job (MB)
	2199812  -  ResidentSetSize of job (KB)
...
040 (1256779.000.000) 2025-07-18 16:36:01 Started transferring output files
...
040 (1256779.000.000) 2025-07-18 16:36:01 Finished transferring output files
...
005 (1256779.000.000) 2025-07-18 16:36:01 Job terminated.
	(1) Normal termination (return value 0)
		Usr 0 00:03:24, Sys 0 00:00:06  -  Run Remote Usage
		Usr 0 00:00:00, Sys 0 00:00:00  -  Run Local Usage
		Usr 0 00:03:24, Sys 0 00:00:06  -  Total Remote Usage
		Usr 0 00:00:00, Sys 0 00:00:00  -  Total Local Usage
	25593  -  Run Bytes Sent By Job
	690293632  -  Run Bytes Received By Job
	25593  -  Total Bytes Sent By Job
	690293632  -  Total Bytes Received By Job
	Partitionable Resources :      Usage  Request Allocated 
	   Cpus                 :       0.79        2         2 
	   Disk (KB)            : 2774391      750000    751616 
	   GPUs                 :                             0 
	   Memory (MB)          :    2149       16000     16000 
	   TimeExecute (s)      :     306                       
	   TimeSlotBusy (s)     :     312                       

	Job terminated of its own accord at 2025-07-18T07:36:00Z with exit-code 0.
...
000 (1256991.000.000) 2025-07-18 18:02:47 Job submitted from host: <172.30.1.200:9618?addrs=172.30.1.200-9618&alias=tamsa2&noUDP&sock=schedd_2531_a24a>
...
040 (1256991.000.000) 2025-07-18 18:03:05 Started transferring input files
	Transferring to host: <172.30.1.216:9618?addrs=172.30.1.216-9618&alias=node-w16.localdomain&noUDP&sock=slot1_11_5179_d2ec_99549>
...
040 (1256991.000.000) 2025-07-18 18:03:09 Finished transferring input files
...
001 (1256991.000.000) 2025-07-18 18:03:09 Job executing on host: <172.30.1.216:9618?addrs=172.30.1.216-9618&alias=node-w16.localdomain&noUDP&sock=startd_5145_9edb>
	SlotName: slot1_11@node-w16.localdomain
	CondorScratchDir = "/var/lib/condor/execute/dir_209695"
	Cpus = 2
	Disk = 751616
	GPUs = 0
	Memory = 16000
...
006 (1256991.000.000) 2025-07-18 18:03:22 Image size of job updated: 913920
	893  -  MemoryUsage of job (MB)
	913920  -  ResidentSetSize of job (KB)
...
006 (1256991.000.000) 2025-07-18 18:03:32 Image size of job updated: 2199792
	2149  -  MemoryUsage of job (MB)
	2199792  -  ResidentSetSize of job (KB)
...
040 (1256991.000.000) 2025-07-18 18:03:32 Started transferring output files
...
040 (1256991.000.000) 2025-07-18 18:03:32 Finished transferring output files
...
005 (1256991.000.000) 2025-07-18 18:03:33 Job terminated.
	(1) Normal termination (return value 0)
		Usr 0 00:00:18, Sys 0 00:00:04  -  Run Remote Usage
		Usr 0 00:00:00, Sys 0 00:00:00  -  Run Local Usage
		Usr 0 00:00:18, Sys 0 00:00:04  -  Total Remote Usage
		Usr 0 00:00:00, Sys 0 00:00:00  -  Total Local Usage
	363  -  Run Bytes Sent By Job
	690296192  -  Run Bytes Received By Job
	363  -  Total Bytes Sent By Job
	690296192  -  Total Bytes Received By Job
	Partitionable Resources :    Usage  Request Allocated 
	   Cpus                 :                 2         2 
	   Disk (KB)            :  2774363   750000    751616 
	   GPUs                 :                           0 
	   Memory (MB)          :     2149    16000     16000 
	   TimeExecute (s)      :       23                    
	   TimeSlotBusy (s)     :       28                    

	Job terminated of its own accord at 2025-07-18T09:03:32Z with exit-code 0.
...
000 (1257194.000.000) 2025-07-18 18:28:14 Job submitted from host: <172.30.1.200:9618?addrs=172.30.1.200-9618&alias=tamsa2&noUDP&sock=schedd_2531_a24a>
...
040 (1257194.000.000) 2025-07-18 18:28:20 Started transferring input files
	Transferring to host: <172.30.1.217:9618?addrs=172.30.1.217-9618&alias=node-w17.localdomain&noUDP&sock=slot1_7_6391_c99d_128502>
...
040 (1257194.000.000) 2025-07-18 18:28:23 Finished transferring input files
...
001 (1257194.000.000) 2025-07-18 18:28:23 Job executing on host: <172.30.1.217:9618?addrs=172.30.1.217-9618&alias=node-w17.localdomain&noUDP&sock=startd_6357_f3a4>
	SlotName: slot1_7@node-w17.localdomain
	CondorScratchDir = "/var/lib/condor/execute/dir_1933837"
	Cpus = 2
	Disk = 751616
	GPUs = 0
	Memory = 16000
...
006 (1257194.000.000) 2025-07-18 18:28:37 Image size of job updated: 1282268
	1253  -  MemoryUsage of job (MB)
	1282268  -  ResidentSetSize of job (KB)
...
006 (1257194.000.000) 2025-07-18 18:30:37 Image size of job updated: 2316572
	2149  -  MemoryUsage of job (MB)
	2199812  -  ResidentSetSize of job (KB)
...
040 (1257194.000.000) 2025-07-18 18:30:37 Started transferring output files
...
040 (1257194.000.000) 2025-07-18 18:30:37 Finished transferring output files
...
005 (1257194.000.000) 2025-07-18 18:30:37 Job terminated.
	(1) Normal termination (return value 0)
		Usr 0 00:01:56, Sys 0 00:00:06  -  Run Remote Usage
		Usr 0 00:00:00, Sys 0 00:00:00  -  Run Local Usage
		Usr 0 00:01:56, Sys 0 00:00:06  -  Total Remote Usage
		Usr 0 00:00:00, Sys 0 00:00:00  -  Total Local Usage
	25610  -  Run Bytes Sent By Job
	690296448  -  Run Bytes Received By Job
	25610  -  Total Bytes Sent By Job
	690296448  -  Total Bytes Received By Job
	Partitionable Resources :      Usage  Request Allocated 
	   Cpus                 :       0.96        2         2 
	   Disk (KB)            : 2774394      750000    751616 
	   GPUs                 :                             0 
	   Memory (MB)          :    2149       16000     16000 
	   TimeExecute (s)      :     134                       
	   TimeSlotBusy (s)     :     137                       

	Job terminated of its own accord at 2025-07-18T09:30:37Z with exit-code 0.
...
000 (1257388.000.000) 2025-07-18 19:07:16 Job submitted from host: <172.30.1.200:9618?addrs=172.30.1.200-9618&alias=tamsa2&noUDP&sock=schedd_2531_a24a>
...
040 (1257388.000.000) 2025-07-18 19:07:35 Started transferring input files
	Transferring to host: <172.30.1.221:9618?addrs=172.30.1.221-9618&alias=node-w21.localdomain&noUDP&sock=slot1_46_6000_4aed_143393>
...
040 (1257388.000.000) 2025-07-18 19:07:38 Finished transferring input files
...
001 (1257388.000.000) 2025-07-18 19:07:38 Job executing on host: <172.30.1.221:9618?addrs=172.30.1.221-9618&alias=node-w21.localdomain&noUDP&sock=startd_5966_c21c>
	SlotName: slot1_46@node-w21.localdomain
	CondorScratchDir = "/var/lib/condor/execute/dir_2961398"
	Cpus = 2
	Disk = 751616
	GPUs = 0
	Memory = 16000
...
006 (1257388.000.000) 2025-07-18 19:07:52 Image size of job updated: 1120388
	1095  -  MemoryUsage of job (MB)
	1120388  -  ResidentSetSize of job (KB)
...
006 (1257388.000.000) 2025-07-18 19:10:03 Image size of job updated: 2317444
	2149  -  MemoryUsage of job (MB)
	2200060  -  ResidentSetSize of job (KB)
...
040 (1257388.000.000) 2025-07-18 19:10:03 Started transferring output files
...
040 (1257388.000.000) 2025-07-18 19:10:03 Finished transferring output files
...
005 (1257388.000.000) 2025-07-18 19:10:03 Job terminated.
	(1) Normal termination (return value 0)
		Usr 0 00:02:14, Sys 0 00:00:07  -  Run Remote Usage
		Usr 0 00:00:00, Sys 0 00:00:00  -  Run Local Usage
		Usr 0 00:02:14, Sys 0 00:00:07  -  Total Remote Usage
		Usr 0 00:00:00, Sys 0 00:00:00  -  Total Local Usage
	135178  -  Run Bytes Sent By Job
	690297472  -  Run Bytes Received By Job
	135178  -  Total Bytes Sent By Job
	690297472  -  Total Bytes Received By Job
	Partitionable Resources :    Usage  Request Allocated 
	   Cpus                 :                 2         2 
	   Disk (KB)            :  2774604   750000    751616 
	   GPUs                 :                           0 
	   Memory (MB)          :     2149    16000     16000 
	   TimeExecute (s)      :      145                    
	   TimeSlotBusy (s)     :      148                    

	Job terminated of its own accord at 2025-07-18T10:10:03Z with exit-code 0.
...
000 (1257645.000.000) 2025-07-18 19:19:05 Job submitted from host: <172.30.1.200:9618?addrs=172.30.1.200-9618&alias=tamsa2&noUDP&sock=schedd_2531_a24a>
...
040 (1257645.000.000) 2025-07-18 19:19:22 Started transferring input files
	Transferring to host: <172.30.1.204:9618?addrs=172.30.1.204-9618&alias=node-w4.localdomain&noUDP&sock=slot1_33_4930_6182_69149>
...
040 (1257645.000.000) 2025-07-18 19:19:25 Finished transferring input files
...
001 (1257645.000.000) 2025-07-18 19:19:25 Job executing on host: <172.30.1.204:9618?addrs=172.30.1.204-9618&alias=node-w4.localdomain&noUDP&sock=startd_4896_d3c6>
	SlotName: slot1_33@node-w4.localdomain
	CondorScratchDir = "/var/lib/condor/execute/dir_2230514"
	Cpus = 2
	Disk = 751616
	GPUs = 0
	Memory = 16000
...
006 (1257645.000.000) 2025-07-18 19:19:40 Image size of job updated: 1095268
	1070  -  MemoryUsage of job (MB)
	1095268  -  ResidentSetSize of job (KB)
...
006 (1257645.000.000) 2025-07-18 19:22:42 Image size of job updated: 2321624
	2149  -  MemoryUsage of job (MB)
	2200084  -  ResidentSetSize of job (KB)
...
040 (1257645.000.000) 2025-07-18 19:22:42 Started transferring output files
...
040 (1257645.000.000) 2025-07-18 19:22:42 Finished transferring output files
...
005 (1257645.000.000) 2025-07-18 19:22:42 Job terminated.
	(1) Normal termination (return value 0)
		Usr 0 00:03:04, Sys 0 00:00:07  -  Run Remote Usage
		Usr 0 00:00:00, Sys 0 00:00:00  -  Run Local Usage
		Usr 0 00:03:04, Sys 0 00:00:07  -  Total Remote Usage
		Usr 0 00:00:00, Sys 0 00:00:00  -  Total Local Usage
	136344  -  Run Bytes Sent By Job
	690297536  -  Run Bytes Received By Job
	136344  -  Total Bytes Sent By Job
	690297536  -  Total Bytes Received By Job
	Partitionable Resources :      Usage  Request Allocated 
	   Cpus                 :       1.20        2         2 
	   Disk (KB)            : 2774612      750000    751616 
	   GPUs                 :                             0 
	   Memory (MB)          :    2149       16000     16000 
	   TimeExecute (s)      :     197                       
	   TimeSlotBusy (s)     :     200                       

	Job terminated of its own accord at 2025-07-18T10:22:42Z with exit-code 0.
...
000 (1257743.000.000) 2025-07-18 22:47:41 Job submitted from host: <172.30.1.200:9618?addrs=172.30.1.200-9618&alias=tamsa2&noUDP&sock=schedd_2531_a24a>
...
040 (1257743.000.000) 2025-07-18 22:47:51 Started transferring input files
	Transferring to host: <172.30.1.216:9618?addrs=172.30.1.216-9618&alias=node-w16.localdomain&noUDP&sock=slot1_22_5179_d2ec_100095>
...
040 (1257743.000.000) 2025-07-18 22:47:58 Finished transferring input files
...
001 (1257743.000.000) 2025-07-18 22:47:58 Job executing on host: <172.30.1.216:9618?addrs=172.30.1.216-9618&alias=node-w16.localdomain&noUDP&sock=startd_5145_9edb>
	SlotName: slot1_22@node-w16.localdomain
	CondorScratchDir = "/var/lib/condor/execute/dir_472948"
	Cpus = 2
	Disk = 751616
	GPUs = 0
	Memory = 16000
...
006 (1257743.000.000) 2025-07-18 22:48:11 Image size of job updated: 912520
	892  -  MemoryUsage of job (MB)
	912520  -  ResidentSetSize of job (KB)
...
006 (1257743.000.000) 2025-07-18 22:51:41 Image size of job updated: 2318276
	2149  -  MemoryUsage of job (MB)
	2200084  -  ResidentSetSize of job (KB)
...
040 (1257743.000.000) 2025-07-18 22:51:42 Started transferring output files
...
040 (1257743.000.000) 2025-07-18 22:51:42 Finished transferring output files
...
005 (1257743.000.000) 2025-07-18 22:51:42 Job terminated.
	(1) Normal termination (return value 0)
		Usr 0 00:03:16, Sys 0 00:00:07  -  Run Remote Usage
		Usr 0 00:00:00, Sys 0 00:00:00  -  Run Local Usage
		Usr 0 00:03:16, Sys 0 00:00:07  -  Total Remote Usage
		Usr 0 00:00:00, Sys 0 00:00:00  -  Total Local Usage
	136337  -  Run Bytes Sent By Job
	690297536  -  Run Bytes Received By Job
	136337  -  Total Bytes Sent By Job
	690297536  -  Total Bytes Received By Job
	Partitionable Resources :      Usage  Request Allocated 
	   Cpus                 :       0.73        2         2 
	   Disk (KB)            : 2774612      750000    751616 
	   GPUs                 :                             0 
	   Memory (MB)          :    2149       16000     16000 
	   TimeExecute (s)      :     223                       
	   TimeSlotBusy (s)     :     231                       

	Job terminated of its own accord at 2025-07-18T13:51:41Z with exit-code 0.
...
000 (1257843.000.000) 2025-07-18 23:06:59 Job submitted from host: <172.30.1.200:9618?addrs=172.30.1.200-9618&alias=tamsa2&noUDP&sock=schedd_2531_a24a>
...
040 (1257843.000.000) 2025-07-18 23:07:08 Started transferring input files
	Transferring to host: <172.30.1.212:9618?addrs=172.30.1.212-9618&alias=node-w12.localdomain&noUDP&sock=slot1_6_4978_3384_101913>
...
040 (1257843.000.000) 2025-07-18 23:07:12 Finished transferring input files
...
001 (1257843.000.000) 2025-07-18 23:07:12 Job executing on host: <172.30.1.212:9618?addrs=172.30.1.212-9618&alias=node-w12.localdomain&noUDP&sock=startd_4944_c052>
	SlotName: slot1_6@node-w12.localdomain
	CondorScratchDir = "/var/lib/condor/execute/dir_2975268"
	Cpus = 2
	Disk = 751616
	GPUs = 0
	Memory = 16000
...
006 (1257843.000.000) 2025-07-18 23:07:26 Image size of job updated: 1045960
	1022  -  MemoryUsage of job (MB)
	1045960  -  ResidentSetSize of job (KB)
...
006 (1257843.000.000) 2025-07-18 23:10:02 Image size of job updated: 2318432
	2149  -  MemoryUsage of job (MB)
	2200084  -  ResidentSetSize of job (KB)
...
040 (1257843.000.000) 2025-07-18 23:10:02 Started transferring output files
...
040 (1257843.000.000) 2025-07-18 23:10:02 Finished transferring output files
...
005 (1257843.000.000) 2025-07-18 23:10:02 Job terminated.
	(1) Normal termination (return value 0)
		Usr 0 00:02:40, Sys 0 00:00:07  -  Run Remote Usage
		Usr 0 00:00:00, Sys 0 00:00:00  -  Run Local Usage
		Usr 0 00:02:40, Sys 0 00:00:07  -  Total Remote Usage
		Usr 0 00:00:00, Sys 0 00:00:00  -  Total Local Usage
	136344  -  Run Bytes Sent By Job
	690297536  -  Run Bytes Received By Job
	136344  -  Total Bytes Sent By Job
	690297536  -  Total Bytes Received By Job
	Partitionable Resources :      Usage  Request Allocated 
	   Cpus                 :       0.99        2         2 
	   Disk (KB)            : 2774612      750000    751616 
	   GPUs                 :                             0 
	   Memory (MB)          :    2149       16000     16000 
	   TimeExecute (s)      :     170                       
	   TimeSlotBusy (s)     :     174                       

	Job terminated of its own accord at 2025-07-18T14:10:02Z with exit-code 0.
...
000 (1257852.000.000) 2025-07-18 23:28:46 Job submitted from host: <172.30.1.200:9618?addrs=172.30.1.200-9618&alias=tamsa2&noUDP&sock=schedd_2531_a24a>
...
040 (1257852.000.000) 2025-07-18 23:29:02 Started transferring input files
	Transferring to host: <172.30.1.216:9618?addrs=172.30.1.216-9618&alias=node-w16.localdomain&noUDP&sock=slot1_23_5179_d2ec_100119>
...
040 (1257852.000.000) 2025-07-18 23:29:11 Finished transferring input files
...
001 (1257852.000.000) 2025-07-18 23:29:11 Job executing on host: <172.30.1.216:9618?addrs=172.30.1.216-9618&alias=node-w16.localdomain&noUDP&sock=startd_5145_9edb>
	SlotName: slot1_23@node-w16.localdomain
	CondorScratchDir = "/var/lib/condor/execute/dir_474619"
	Cpus = 2
	Disk = 751616
	GPUs = 0
	Memory = 16000
...
006 (1257852.000.000) 2025-07-18 23:29:25 Image size of job updated: 828680
	810  -  MemoryUsage of job (MB)
	828680  -  ResidentSetSize of job (KB)
...
006 (1257852.000.000) 2025-07-18 23:32:34 Image size of job updated: 2318972
	2149  -  MemoryUsage of job (MB)
	2200084  -  ResidentSetSize of job (KB)
...
040 (1257852.000.000) 2025-07-18 23:32:34 Started transferring output files
...
040 (1257852.000.000) 2025-07-18 23:32:36 Finished transferring output files
...
005 (1257852.000.000) 2025-07-18 23:32:36 Job terminated.
	(1) Normal termination (return value 0)
		Usr 0 00:03:13, Sys 0 00:00:06  -  Run Remote Usage
		Usr 0 00:00:00, Sys 0 00:00:00  -  Run Local Usage
		Usr 0 00:03:13, Sys 0 00:00:06  -  Total Remote Usage
		Usr 0 00:00:00, Sys 0 00:00:00  -  Total Local Usage
	136337  -  Run Bytes Sent By Job
	690297536  -  Run Bytes Received By Job
	136337  -  Total Bytes Sent By Job
	690297536  -  Total Bytes Received By Job
	Partitionable Resources :      Usage  Request Allocated 
	   Cpus                 :       0.99        2         2 
	   Disk (KB)            : 2774612      750000    751616 
	   GPUs                 :                             0 
	   Memory (MB)          :    2149       16000     16000 
	   TimeExecute (s)      :     203                       
	   TimeSlotBusy (s)     :     214                       

	Job terminated of its own accord at 2025-07-18T14:32:34Z with exit-code 0.
...
000 (1268681.000.000) 2025-07-21 20:24:25 Job submitted from host: <172.30.1.200:9618?addrs=172.30.1.200-9618&alias=tamsa2&noUDP&sock=schedd_2531_a24a>
...
040 (1268681.000.000) 2025-07-21 20:24:40 Started transferring input files
	Transferring to host: <172.30.1.211:9618?addrs=172.30.1.211-9618&alias=node-w11.localdomain&noUDP&sock=slot1_1_4969_dc23_60478>
...
040 (1268681.000.000) 2025-07-21 20:24:44 Finished transferring input files
...
001 (1268681.000.000) 2025-07-21 20:24:44 Job executing on host: <172.30.1.211:9618?addrs=172.30.1.211-9618&alias=node-w11.localdomain&noUDP&sock=startd_4935_93f7>
	SlotName: slot1_1@node-w11.localdomain
	CondorScratchDir = "/var/lib/condor/execute/dir_1138956"
	Cpus = 2
	Disk = 751616
	GPUs = 0
	Memory = 16000
...
006 (1268681.000.000) 2025-07-21 20:24:57 Image size of job updated: 1011380
	988  -  MemoryUsage of job (MB)
	1011380  -  ResidentSetSize of job (KB)
...
006 (1268681.000.000) 2025-07-21 20:27:10 Image size of job updated: 2315964
	2149  -  MemoryUsage of job (MB)
	2199816  -  ResidentSetSize of job (KB)
...
040 (1268681.000.000) 2025-07-21 20:27:10 Started transferring output files
...
040 (1268681.000.000) 2025-07-21 20:27:11 Finished transferring output files
...
005 (1268681.000.000) 2025-07-21 20:27:11 Job terminated.
	(1) Normal termination (return value 0)
		Usr 0 00:02:11, Sys 0 00:00:03  -  Run Remote Usage
		Usr 0 00:00:00, Sys 0 00:00:00  -  Run Local Usage
		Usr 0 00:02:11, Sys 0 00:00:03  -  Total Remote Usage
		Usr 0 00:00:00, Sys 0 00:00:00  -  Total Local Usage
	25682  -  Run Bytes Sent By Job
	690296192  -  Run Bytes Received By Job
	25682  -  Total Bytes Sent By Job
	690296192  -  Total Bytes Received By Job
	Partitionable Resources :      Usage  Request Allocated 
	   Cpus                 :       0.95        2         2 
	   Disk (KB)            : 2774394      750000    751616 
	   GPUs                 :                             0 
	   Memory (MB)          :    2149       16000     16000 
	   TimeExecute (s)      :     146                       
	   TimeSlotBusy (s)     :     151                       

	Job terminated of its own accord at 2025-07-21T11:27:10Z with exit-code 0.
...
000 (1268736.000.000) 2025-07-21 20:32:33 Job submitted from host: <172.30.1.200:9618?addrs=172.30.1.200-9618&alias=tamsa2&noUDP&sock=schedd_2531_a24a>
...
040 (1268736.000.000) 2025-07-21 20:32:40 Started transferring input files
	Transferring to host: <172.30.1.219:9618?addrs=172.30.1.219-9618&alias=node-w19.localdomain&noUDP&sock=slot1_2_5155_e9eb_124170>
...
040 (1268736.000.000) 2025-07-21 20:32:49 Finished transferring input files
...
001 (1268736.000.000) 2025-07-21 20:32:49 Job executing on host: <172.30.1.219:9618?addrs=172.30.1.219-9618&alias=node-w19.localdomain&noUDP&sock=startd_5121_2895>
	SlotName: slot1_2@node-w19.localdomain
	CondorScratchDir = "/var/lib/condor/execute/dir_3896138"
	Cpus = 2
	Disk = 751616
	GPUs = 0
	Memory = 16000
...
006 (1268736.000.000) 2025-07-21 20:33:02 Image size of job updated: 770740
	753  -  MemoryUsage of job (MB)
	770740  -  ResidentSetSize of job (KB)
...
006 (1268736.000.000) 2025-07-21 20:36:59 Image size of job updated: 2327252
	2149  -  MemoryUsage of job (MB)
	2200116  -  ResidentSetSize of job (KB)
...
040 (1268736.000.000) 2025-07-21 20:37:00 Started transferring output files
...
040 (1268736.000.000) 2025-07-21 20:37:00 Finished transferring output files
...
005 (1268736.000.000) 2025-07-21 20:37:00 Job terminated.
	(1) Normal termination (return value 0)
		Usr 0 00:03:56, Sys 0 00:00:09  -  Run Remote Usage
		Usr 0 00:00:00, Sys 0 00:00:00  -  Run Local Usage
		Usr 0 00:03:56, Sys 0 00:00:09  -  Total Remote Usage
		Usr 0 00:00:00, Sys 0 00:00:00  -  Total Local Usage
	148477  -  Run Bytes Sent By Job
	690296448  -  Run Bytes Received By Job
	148477  -  Total Bytes Sent By Job
	690296448  -  Total Bytes Received By Job
	Partitionable Resources :      Usage  Request Allocated 
	   Cpus                 :       0.99        2         2 
	   Disk (KB)            : 2774635      750000    751616 
	   GPUs                 :                             0 
	   Memory (MB)          :    2149       16000     16000 
	   TimeExecute (s)      :     250                       
	   TimeSlotBusy (s)     :     260                       

	Job terminated of its own accord at 2025-07-21T11:36:59Z with exit-code 0.
...
