000 (1246654.000.000) 2025-07-17 16:10:37 Job submitted from host: <172.30.1.200:9618?addrs=172.30.1.200-9618&alias=tamsa2&noUDP&sock=schedd_2531_a24a>
...
040 (1246654.000.000) 2025-07-17 16:10:40 Started transferring input files
	Transferring to host: <172.30.1.209:9618?addrs=172.30.1.209-9618&alias=node-w9.localdomain&noUDP&sock=slot1_2_5028_6e46_35106>
...
001 (1246654.000.000) 2025-07-17 16:10:40 Job executing on host: <172.30.1.209:9618?addrs=172.30.1.209-9618&alias=node-w9.localdomain&noUDP&sock=startd_4994_0c0e>
	SlotName: slot1_2@node-w9.localdomain
	CondorScratchDir = "/var/lib/condor/execute/dir_4045493"
	Cpus = 2
	Disk = 2048
	GPUs = 0
	Memory = 16000
...
040 (1246654.000.000) 2025-07-17 16:10:40 Finished transferring input files
...
021 (1246654.000.000) 2025-07-17 16:10:45 Error from starter on slot1_2@node-w9.localdomain:
	Failed to execute '/var/lib/condor/execute/dir_4045493/run_JetMET_D.py': (errno=8: 'Exec format error')
	Code 6 Subcode 8
...
004 (1246654.000.000) 2025-07-17 16:10:45 Job was evicted.
	(0) CPU times
		Usr 0 00:00:00, Sys 0 00:00:00  -  Run Remote Usage
		Usr 0 00:00:00, Sys 0 00:00:00  -  Run Local Usage
	0  -  Run Bytes Sent By Job
	29615  -  Run Bytes Received By Job
	Error from slot1_2@node-w9.localdomain: Failed to execute '/var/lib/condor/execute/dir_4045493/run_JetMET_D.py': (errno=8: 'Exec format error')
	Partitionable Resources :    Usage  Request Allocated 
	   Cpus                 :                 2         2 
	   Disk (KB)            :       30       30      2048 
	   GPUs                 :                           0 
	   Memory (MB)          :             16000     16000 
	   TimeSlotBusy (s)     :        5                    
...
012 (1246654.000.000) 2025-07-17 16:10:45 Job was held.
	Error from slot1_2@node-w9.localdomain: Failed to execute '/var/lib/condor/execute/dir_4045493/run_JetMET_D.py': (errno=8: 'Exec format error')
	Code 6 Subcode 8
...
009 (1246654.000.000) 2025-07-17 16:11:55 Job was aborted.
	via condor_rm (by user achihwan)
...
000 (1246710.000.000) 2025-07-17 16:14:09 Job submitted from host: <172.30.1.200:9618?addrs=172.30.1.200-9618&alias=tamsa2&noUDP&sock=schedd_2531_a24a>
...
040 (1246710.000.000) 2025-07-17 16:14:23 Started transferring input files
	Transferring to host: <172.30.1.205:9618?addrs=172.30.1.205-9618&alias=node-w5.localdomain&noUDP&sock=slot1_24_5098_c088_47450>
...
040 (1246710.000.000) 2025-07-17 16:14:23 Finished transferring input files
...
001 (1246710.000.000) 2025-07-17 16:14:23 Job executing on host: <172.30.1.205:9618?addrs=172.30.1.205-9618&alias=node-w5.localdomain&noUDP&sock=startd_5064_0faf>
	SlotName: slot1_24@node-w5.localdomain
	CondorScratchDir = "/var/lib/condor/execute/dir_2779974"
	Cpus = 2
	Disk = 2048
	GPUs = 0
	Memory = 16000
...
021 (1246710.000.000) 2025-07-17 16:14:28 Error from starter on slot1_24@node-w5.localdomain:
	Failed to execute '/var/lib/condor/execute/dir_2779974/run_JetMET_D.py' with arguments python *.py: (errno=8: 'Exec format error')
	Code 6 Subcode 8
...
004 (1246710.000.000) 2025-07-17 16:14:28 Job was evicted.
	(0) CPU times
		Usr 0 00:00:00, Sys 0 00:00:00  -  Run Remote Usage
		Usr 0 00:00:00, Sys 0 00:00:00  -  Run Local Usage
	0  -  Run Bytes Sent By Job
	29615  -  Run Bytes Received By Job
	Error from slot1_24@node-w5.localdomain: Failed to execute '/var/lib/condor/execute/dir_2779974/run_JetMET_D.py' with arguments python *.py: (errno=8: 'Exec format error')
	Partitionable Resources :    Usage  Request Allocated 
	   Cpus                 :                 2         2 
	   Disk (KB)            :       30       30      2048 
	   GPUs                 :                           0 
	   Memory (MB)          :             16000     16000 
	   TimeSlotBusy (s)     :        5                    
...
012 (1246710.000.000) 2025-07-17 16:14:28 Job was held.
	Error from slot1_24@node-w5.localdomain: Failed to execute '/var/lib/condor/execute/dir_2779974/run_JetMET_D.py' with arguments python *.py: (errno=8: 'Exec format error')
	Code 6 Subcode 8
...
009 (1246710.000.000) 2025-07-17 16:16:03 Job was aborted.
	via condor_rm (by user achihwan)
...
000 (1247410.000.000) 2025-07-17 16:30:17 Job submitted from host: <172.30.1.200:9618?addrs=172.30.1.200-9618&alias=tamsa2&noUDP&sock=schedd_2531_a24a>
...
040 (1247410.000.000) 2025-07-17 16:30:36 Started transferring input files
	Transferring to host: <172.30.1.107:9618?addrs=172.30.1.107-9618&alias=node-g7.localdomain&noUDP&sock=slot1_7_5631_4c7e_25443>
...
001 (1247410.000.000) 2025-07-17 16:30:36 Job executing on host: <172.30.1.107:9618?addrs=172.30.1.107-9618&alias=node-g7.localdomain&noUDP&sock=startd_5596_f811>
	SlotName: slot1_7@node-g7.localdomain
	CondorScratchDir = "/var/lib/condor/execute/dir_3000052"
	Cpus = 2
	Disk = 2048
	GPUs = 0
	Memory = 16000
...
040 (1247410.000.000) 2025-07-17 16:30:36 Finished transferring input files
...
006 (1247410.000.000) 2025-07-17 16:30:41 Image size of job updated: 108
	1  -  MemoryUsage of job (MB)
	4  -  ResidentSetSize of job (KB)
...
040 (1247410.000.000) 2025-07-17 16:30:41 Started transferring output files
...
040 (1247410.000.000) 2025-07-17 16:30:41 Finished transferring output files
...
021 (1247410.000.000) 2025-07-17 16:30:41 Error from starter on slot1_7@node-g7.localdomain:
	STARTER at 172.30.1.107 failed to send file(s) to <172.30.1.200:9618>: |Error: reading from file /var/lib/condor/execute/dir_3000052/*.png: (errno 2) No such file or directory; SHADOW failed to receive file(s) from <172.30.1.107:41643>
	Code 13 Subcode 2
...
004 (1247410.000.000) 2025-07-17 16:30:41 Job was evicted.
	(0) CPU times
		Usr 0 00:00:00, Sys 0 00:00:00  -  Run Remote Usage
		Usr 0 00:00:00, Sys 0 00:00:00  -  Run Local Usage
	133  -  Run Bytes Sent By Job
	29661  -  Run Bytes Received By Job
	Transfer output files failure at execution point slot1_7@node-g7.localdomain while sending files to access point tamsa2. Details: reading from file /var/lib/condor/execute/dir_3000052/*.png: (errno 2) No such file or directory
	Partitionable Resources :    Usage  Request Allocated 
	   Cpus                 :        0        2         2 
	   Disk (KB)            :       52       32      2048 
	   GPUs                 :                           0 
	   Memory (MB)          :        1    16000     16000 
	   TimeExecute (s)      :        5                    
	   TimeSlotBusy (s)     :        5                    
...
012 (1247410.000.000) 2025-07-17 16:30:41 Job was held.
	Transfer output files failure at execution point slot1_7@node-g7.localdomain while sending files to access point tamsa2. Details: reading from file /var/lib/condor/execute/dir_3000052/*.png: (errno 2) No such file or directory
	Code 12 Subcode 2
...
009 (1247410.000.000) 2025-07-17 16:32:04 Job was aborted.
	via condor_rm (by user achihwan)

	Job terminated by itself at 2025-07-17T07:30:41Z (using method 0: OF_ITS_OWN_ACCORD).
...
000 (1247470.000.000) 2025-07-17 16:32:10 Job submitted from host: <172.30.1.200:9618?addrs=172.30.1.200-9618&alias=tamsa2&noUDP&sock=schedd_2531_a24a>
...
040 (1247470.000.000) 2025-07-17 16:32:29 Started transferring input files
	Transferring to host: <172.30.1.108:9618?addrs=172.30.1.108-9618&alias=node-g8.localdomain&noUDP&sock=slot1_1_6196_6475_19932>
...
001 (1247470.000.000) 2025-07-17 16:32:29 Job executing on host: <172.30.1.108:9618?addrs=172.30.1.108-9618&alias=node-g8.localdomain&noUDP&sock=startd_6162_32ac>
	SlotName: slot1_1@node-g8.localdomain
	CondorScratchDir = "/var/lib/condor/execute/dir_613843"
	Cpus = 2
	Disk = 2048
	GPUs = 0
	Memory = 16000
...
040 (1247470.000.000) 2025-07-17 16:32:29 Finished transferring input files
...
006 (1247470.000.000) 2025-07-17 16:32:34 Image size of job updated: 120
	1  -  MemoryUsage of job (MB)
	4  -  ResidentSetSize of job (KB)
...
040 (1247470.000.000) 2025-07-17 16:32:34 Started transferring output files
...
040 (1247470.000.000) 2025-07-17 16:32:34 Finished transferring output files
...
021 (1247470.000.000) 2025-07-17 16:32:34 Error from starter on slot1_1@node-g8.localdomain:
	STARTER at 172.30.1.108 failed to send file(s) to <172.30.1.200:9618>: |Error: reading from file /var/lib/condor/execute/dir_613843/*.png: (errno 2) No such file or directory; SHADOW failed to receive file(s) from <172.30.1.108:43677>
	Code 13 Subcode 2
...
004 (1247470.000.000) 2025-07-17 16:32:34 Job was evicted.
	(0) CPU times
		Usr 0 00:00:00, Sys 0 00:00:00  -  Run Remote Usage
		Usr 0 00:00:00, Sys 0 00:00:00  -  Run Local Usage
	110  -  Run Bytes Sent By Job
	29650  -  Run Bytes Received By Job
	Transfer output files failure at execution point slot1_1@node-g8.localdomain while sending files to access point tamsa2. Details: reading from file /var/lib/condor/execute/dir_613843/*.png: (errno 2) No such file or directory
	Partitionable Resources :    Usage  Request Allocated 
	   Cpus                 :        0        2         2 
	   Disk (KB)            :       52       32      2048 
	   GPUs                 :                           0 
	   Memory (MB)          :        1    16000     16000 
	   TimeExecute (s)      :        5                    
	   TimeSlotBusy (s)     :        5                    
...
012 (1247470.000.000) 2025-07-17 16:32:34 Job was held.
	Transfer output files failure at execution point slot1_1@node-g8.localdomain while sending files to access point tamsa2. Details: reading from file /var/lib/condor/execute/dir_613843/*.png: (errno 2) No such file or directory
	Code 12 Subcode 2
...
009 (1247470.000.000) 2025-07-17 16:36:30 Job was aborted.
	via condor_rm (by user achihwan)

	Job terminated by itself at 2025-07-17T07:32:34Z (using method 0: OF_ITS_OWN_ACCORD).
...
000 (1247530.000.000) 2025-07-17 16:36:37 Job submitted from host: <172.30.1.200:9618?addrs=172.30.1.200-9618&alias=tamsa2&noUDP&sock=schedd_2531_a24a>
...
040 (1247530.000.000) 2025-07-17 16:36:55 Started transferring input files
	Transferring to host: <172.30.1.108:9618?addrs=172.30.1.108-9618&alias=node-g8.localdomain&noUDP&sock=slot1_21_6196_6475_19952>
...
001 (1247530.000.000) 2025-07-17 16:36:55 Job executing on host: <172.30.1.108:9618?addrs=172.30.1.108-9618&alias=node-g8.localdomain&noUDP&sock=startd_6162_32ac>
	SlotName: slot1_21@node-g8.localdomain
	CondorScratchDir = "/var/lib/condor/execute/dir_614003"
	Cpus = 2
	Disk = 2048
	GPUs = 0
	Memory = 16000
...
040 (1247530.000.000) 2025-07-17 16:36:55 Finished transferring input files
...
006 (1247530.000.000) 2025-07-17 16:37:00 Image size of job updated: 104
	1  -  MemoryUsage of job (MB)
	8  -  ResidentSetSize of job (KB)
...
040 (1247530.000.000) 2025-07-17 16:37:00 Started transferring output files
...
040 (1247530.000.000) 2025-07-17 16:37:01 Finished transferring output files
...
021 (1247530.000.000) 2025-07-17 16:37:01 Error from starter on slot1_21@node-g8.localdomain:
	STARTER at 172.30.1.108 failed to send file(s) to <172.30.1.200:9618>: |Error: reading from file /var/lib/condor/execute/dir_614003/*.png: (errno 2) No such file or directory; SHADOW failed to receive file(s) from <172.30.1.108:39529>
	Code 13 Subcode 2
...
004 (1247530.000.000) 2025-07-17 16:37:01 Job was evicted.
	(0) CPU times
		Usr 0 00:00:00, Sys 0 00:00:00  -  Run Remote Usage
		Usr 0 00:00:00, Sys 0 00:00:00  -  Run Local Usage
	194  -  Run Bytes Sent By Job
	29654  -  Run Bytes Received By Job
	Transfer output files failure at execution point slot1_21@node-g8.localdomain while sending files to access point tamsa2. Details: reading from file /var/lib/condor/execute/dir_614003/*.png: (errno 2) No such file or directory
	Partitionable Resources :    Usage  Request Allocated 
	   Cpus                 :        0        2         2 
	   Disk (KB)            :       52       32      2048 
	   GPUs                 :                           0 
	   Memory (MB)          :        1    16000     16000 
	   TimeExecute (s)      :        5                    
	   TimeSlotBusy (s)     :        6                    
...
012 (1247530.000.000) 2025-07-17 16:37:01 Job was held.
	Transfer output files failure at execution point slot1_21@node-g8.localdomain while sending files to access point tamsa2. Details: reading from file /var/lib/condor/execute/dir_614003/*.png: (errno 2) No such file or directory
	Code 12 Subcode 2
...
009 (1247530.000.000) 2025-07-17 16:38:09 Job was aborted.
	via condor_rm (by user achihwan)

	Job terminated by itself at 2025-07-17T07:37:00Z (using method 0: OF_ITS_OWN_ACCORD).
...
000 (1247589.000.000) 2025-07-17 16:38:19 Job submitted from host: <172.30.1.200:9618?addrs=172.30.1.200-9618&alias=tamsa2&noUDP&sock=schedd_2531_a24a>
...
040 (1247589.000.000) 2025-07-17 16:40:37 Started transferring input files
	Transferring to host: <172.30.1.215:9618?addrs=172.30.1.215-9618&alias=node-w15.localdomain&noUDP&sock=slot1_9_5185_0d2c_104935>
...
001 (1247589.000.000) 2025-07-17 16:40:37 Job executing on host: <172.30.1.215:9618?addrs=172.30.1.215-9618&alias=node-w15.localdomain&noUDP&sock=startd_5151_bc6c>
	SlotName: slot1_9@node-w15.localdomain
	CondorScratchDir = "/var/lib/condor/execute/dir_689541"
	Cpus = 2
	Disk = 2048
	GPUs = 0
	Memory = 16000
...
040 (1247589.000.000) 2025-07-17 16:40:37 Finished transferring input files
...
006 (1247589.000.000) 2025-07-17 16:40:43 Image size of job updated: 148
	1  -  MemoryUsage of job (MB)
	8  -  ResidentSetSize of job (KB)
...
040 (1247589.000.000) 2025-07-17 16:40:43 Started transferring output files
...
040 (1247589.000.000) 2025-07-17 16:40:43 Finished transferring output files
...
021 (1247589.000.000) 2025-07-17 16:40:43 Error from starter on slot1_9@node-w15.localdomain:
	STARTER at 172.30.1.215 failed to send file(s) to <172.30.1.200:9618>: |Error: reading from file /var/lib/condor/execute/dir_689541/*.png: (errno 2) No such file or directory; SHADOW failed to receive file(s) from <172.30.1.215:36115>
	Code 13 Subcode 2
...
004 (1247589.000.000) 2025-07-17 16:40:43 Job was evicted.
	(0) CPU times
		Usr 0 00:00:00, Sys 0 00:00:00  -  Run Remote Usage
		Usr 0 00:00:00, Sys 0 00:00:00  -  Run Local Usage
	264  -  Run Bytes Sent By Job
	29658  -  Run Bytes Received By Job
	Transfer output files failure at execution point slot1_9@node-w15.localdomain while sending files to access point tamsa2. Details: reading from file /var/lib/condor/execute/dir_689541/*.png: (errno 2) No such file or directory
	Partitionable Resources :    Usage  Request Allocated 
	   Cpus                 :        0        2         2 
	   Disk (KB)            :       52       32      2048 
	   GPUs                 :                           0 
	   Memory (MB)          :        1    16000     16000 
	   TimeExecute (s)      :        6                    
	   TimeSlotBusy (s)     :        6                    
...
012 (1247589.000.000) 2025-07-17 16:40:43 Job was held.
	Transfer output files failure at execution point slot1_9@node-w15.localdomain while sending files to access point tamsa2. Details: reading from file /var/lib/condor/execute/dir_689541/*.png: (errno 2) No such file or directory
	Code 12 Subcode 2
...
009 (1247589.000.000) 2025-07-17 16:41:21 Job was aborted.
	via condor_rm (by user achihwan)

	Job terminated by itself at 2025-07-17T07:40:43Z (using method 0: OF_ITS_OWN_ACCORD).
...
000 (1247651.000.000) 2025-07-17 16:51:14 Job submitted from host: <172.30.1.200:9618?addrs=172.30.1.200-9618&alias=tamsa2&noUDP&sock=schedd_2531_a24a>
...
040 (1247651.000.000) 2025-07-17 16:51:38 Entered queue to transfer input files
	Transferring to host: <172.30.1.211:9618?addrs=172.30.1.211-9618&alias=node-w11.localdomain&noUDP&sock=slot1_17_4969_dc23_57710>
...
040 (1247651.000.000) 2025-07-17 16:51:47 Started transferring input files
	Seconds spent in queue: 9
...
040 (1247651.000.000) 2025-07-17 16:51:50 Finished transferring input files
...
001 (1247651.000.000) 2025-07-17 16:51:50 Job executing on host: <172.30.1.211:9618?addrs=172.30.1.211-9618&alias=node-w11.localdomain&noUDP&sock=startd_4935_93f7>
	SlotName: slot1_17@node-w11.localdomain
	CondorScratchDir = "/var/lib/condor/execute/dir_364066"
	Cpus = 2
	Disk = 751616
	GPUs = 0
	Memory = 16000
...
006 (1247651.000.000) 2025-07-17 16:52:04 Image size of job updated: 1140708
	1114  -  MemoryUsage of job (MB)
	1140708  -  ResidentSetSize of job (KB)
...
006 (1247651.000.000) 2025-07-17 16:52:12 Image size of job updated: 2199792
	2149  -  MemoryUsage of job (MB)
	2199792  -  ResidentSetSize of job (KB)
...
040 (1247651.000.000) 2025-07-17 16:52:13 Started transferring output files
	Seconds spent in queue: 35
...
040 (1247651.000.000) 2025-07-17 16:52:13 Finished transferring output files
...
021 (1247651.000.000) 2025-07-17 16:52:13 Error from starter on slot1_17@node-w11.localdomain:
	STARTER at 172.30.1.211 failed to send file(s) to <172.30.1.200:9618>: |Error: reading from file /var/lib/condor/execute/dir_364066/*.png: (errno 2) No such file or directory; SHADOW failed to receive file(s) from <172.30.1.211:43419>
	Code 13 Subcode 2
...
004 (1247651.000.000) 2025-07-17 16:52:13 Job was evicted.
	(0) CPU times
		Usr 0 00:00:17, Sys 0 00:00:02  -  Run Remote Usage
		Usr 0 00:00:00, Sys 0 00:00:00  -  Run Local Usage
	595  -  Run Bytes Sent By Job
	690286528  -  Run Bytes Received By Job
	Transfer output files failure at execution point slot1_17@node-w11.localdomain while sending files to access point tamsa2. Details: reading from file /var/lib/condor/execute/dir_364066/*.png: (errno 2) No such file or directory
	Partitionable Resources :    Usage  Request Allocated 
	   Cpus                 :        0        2         2 
	   Disk (KB)            :  2774359   750000    751616 
	   GPUs                 :                           0 
	   Memory (MB)          :     2149    16000     16000 
	   TimeExecute (s)      :       22                    
	   TimeSlotBusy (s)     :       40                    
...
012 (1247651.000.000) 2025-07-17 16:52:13 Job was held.
	Transfer output files failure at execution point slot1_17@node-w11.localdomain while sending files to access point tamsa2. Details: reading from file /var/lib/condor/execute/dir_364066/*.png: (errno 2) No such file or directory
	Code 12 Subcode 2
...
009 (1247651.000.000) 2025-07-17 17:02:33 Job was aborted.
	via condor_rm (by user achihwan)

	Job terminated by itself at 2025-07-17T07:52:12Z (using method 0: OF_ITS_OWN_ACCORD).
...
000 (1247712.000.000) 2025-07-17 17:02:56 Job submitted from host: <172.30.1.200:9618?addrs=172.30.1.200-9618&alias=tamsa2&noUDP&sock=schedd_2531_a24a>
...
040 (1247712.000.000) 2025-07-17 17:03:14 Started transferring input files
	Transferring to host: <172.30.1.211:9618?addrs=172.30.1.211-9618&alias=node-w11.localdomain&noUDP&sock=slot1_11_4969_dc23_57735>
...
040 (1247712.000.000) 2025-07-17 17:03:14 Finished transferring input files
...
040 (1247712.000.000) 2025-07-17 17:03:15 Started transferring output files
...
021 (1247712.000.000) 2025-07-17 17:03:15 Error from starter on slot1_11@node-w11.localdomain:
	Failed to transfer files: SHADOW at 172.30.1.200 failed to send file(s) to <172.30.1.211:42497>: |Error: reading from file /data6/Users/achihwan/hepenv.tar.gz: (errno 2) No such file or directory; STARTER failed to receive file(s) from <172.30.1.200:9618>
	Code 13 Subcode 2
...
004 (1247712.000.000) 2025-07-17 17:03:15 Job was evicted.
	(0) CPU times
		Usr 0 00:00:00, Sys 0 00:00:00  -  Run Remote Usage
		Usr 0 00:00:00, Sys 0 00:00:00  -  Run Local Usage
	0  -  Run Bytes Sent By Job
	29702  -  Run Bytes Received By Job
	Transfer input files failure at access point tamsa2 while sending files to execution point slot1_11@node-w11.localdomain. Details: reading from file /data6/Users/achihwan/hepenv.tar.gz: (errno 2) No such file or directory
	Partitionable Resources :    Usage  Request Allocated 
	   Cpus                 :                 2         2 
	   Disk (KB)            :       45       32      2048 
	   GPUs                 :                           0 
	   Memory (MB)          :             16000     16000 
...
012 (1247712.000.000) 2025-07-17 17:03:15 Job was held.
	Transfer input files failure at access point tamsa2 while sending files to execution point slot1_11@node-w11.localdomain. Details: reading from file /data6/Users/achihwan/hepenv.tar.gz: (errno 2) No such file or directory
	Code 13 Subcode 2
...
009 (1247712.000.000) 2025-07-17 17:05:02 Job was aborted.
	via condor_rm (by user achihwan)
...
000 (1247772.000.000) 2025-07-17 17:05:08 Job submitted from host: <172.30.1.200:9618?addrs=172.30.1.200-9618&alias=tamsa2&noUDP&sock=schedd_2531_a24a>
...
040 (1247772.000.000) 2025-07-17 17:05:26 Started transferring input files
	Transferring to host: <172.30.1.211:9618?addrs=172.30.1.211-9618&alias=node-w11.localdomain&noUDP&sock=slot1_4_4969_dc23_57746>
...
040 (1247772.000.000) 2025-07-17 17:05:26 Finished transferring input files
...
040 (1247772.000.000) 2025-07-17 17:05:27 Started transferring output files
...
021 (1247772.000.000) 2025-07-17 17:05:27 Error from starter on slot1_4@node-w11.localdomain:
	Failed to transfer files: SHADOW at 172.30.1.200 failed to send file(s) to <172.30.1.211:40825>: |Error: reading from file /data6/Users/achihwan/hepenv.tar.gz: (errno 2) No such file or directory; STARTER failed to receive file(s) from <172.30.1.200:9618>
	Code 13 Subcode 2
...
004 (1247772.000.000) 2025-07-17 17:05:27 Job was evicted.
	(0) CPU times
		Usr 0 00:00:00, Sys 0 00:00:00  -  Run Remote Usage
		Usr 0 00:00:00, Sys 0 00:00:00  -  Run Local Usage
	0  -  Run Bytes Sent By Job
	29652  -  Run Bytes Received By Job
	Transfer input files failure at access point tamsa2 while sending files to execution point slot1_4@node-w11.localdomain. Details: reading from file /data6/Users/achihwan/hepenv.tar.gz: (errno 2) No such file or directory
	Partitionable Resources :    Usage  Request Allocated 
	   Cpus                 :                 2         2 
	   Disk (KB)            :       45       32      2048 
	   GPUs                 :                           0 
	   Memory (MB)          :             16000     16000 
...
012 (1247772.000.000) 2025-07-17 17:05:27 Job was held.
	Transfer input files failure at access point tamsa2 while sending files to execution point slot1_4@node-w11.localdomain. Details: reading from file /data6/Users/achihwan/hepenv.tar.gz: (errno 2) No such file or directory
	Code 13 Subcode 2
...
009 (1247772.000.000) 2025-07-17 17:06:33 Job was aborted.
	via condor_rm (by user achihwan)
...
000 (1247831.000.000) 2025-07-17 17:06:37 Job submitted from host: <172.30.1.200:9618?addrs=172.30.1.200-9618&alias=tamsa2&noUDP&sock=schedd_2531_a24a>
...
040 (1247831.000.000) 2025-07-17 17:06:48 Started transferring input files
	Transferring to host: <172.30.1.205:9618?addrs=172.30.1.205-9618&alias=node-w5.localdomain&noUDP&sock=slot1_12_5098_c088_47698>
...
001 (1247831.000.000) 2025-07-17 17:06:48 Job executing on host: <172.30.1.205:9618?addrs=172.30.1.205-9618&alias=node-w5.localdomain&noUDP&sock=startd_5064_0faf>
	SlotName: slot1_12@node-w5.localdomain
	CondorScratchDir = "/var/lib/condor/execute/dir_2820729"
	Cpus = 2
	Disk = 2048
	GPUs = 0
	Memory = 16000
...
040 (1247831.000.000) 2025-07-17 17:06:48 Finished transferring input files
...
006 (1247831.000.000) 2025-07-17 17:06:53 Image size of job updated: 148
	1  -  MemoryUsage of job (MB)
	8  -  ResidentSetSize of job (KB)
...
040 (1247831.000.000) 2025-07-17 17:06:53 Started transferring output files
...
040 (1247831.000.000) 2025-07-17 17:06:53 Finished transferring output files
...
021 (1247831.000.000) 2025-07-17 17:06:54 Error from starter on slot1_12@node-w5.localdomain:
	STARTER at 172.30.1.205 failed to send file(s) to <172.30.1.200:9618>: |Error: reading from file /var/lib/condor/execute/dir_2820729/*.png: (errno 2) No such file or directory; SHADOW failed to receive file(s) from <172.30.1.205:39071>
	Code 13 Subcode 2
...
004 (1247831.000.000) 2025-07-17 17:06:54 Job was evicted.
	(0) CPU times
		Usr 0 00:00:00, Sys 0 00:00:00  -  Run Remote Usage
		Usr 0 00:00:00, Sys 0 00:00:00  -  Run Local Usage
	265  -  Run Bytes Sent By Job
	29652  -  Run Bytes Received By Job
	Transfer output files failure at execution point slot1_12@node-w5.localdomain while sending files to access point tamsa2. Details: reading from file /var/lib/condor/execute/dir_2820729/*.png: (errno 2) No such file or directory
	Partitionable Resources :    Usage  Request Allocated 
	   Cpus                 :        0        2         2 
	   Disk (KB)            :       52       32      2048 
	   GPUs                 :                           0 
	   Memory (MB)          :        1    16000     16000 
	   TimeExecute (s)      :        5                    
	   TimeSlotBusy (s)     :        6                    
...
012 (1247831.000.000) 2025-07-17 17:06:54 Job was held.
	Transfer output files failure at execution point slot1_12@node-w5.localdomain while sending files to access point tamsa2. Details: reading from file /var/lib/condor/execute/dir_2820729/*.png: (errno 2) No such file or directory
	Code 12 Subcode 2
...
009 (1247831.000.000) 2025-07-17 17:08:13 Job was aborted.
	via condor_rm (by user achihwan)

	Job terminated by itself at 2025-07-17T08:06:53Z (using method 0: OF_ITS_OWN_ACCORD).
...
000 (1247890.000.000) 2025-07-17 17:08:24 Job submitted from host: <172.30.1.200:9618?addrs=172.30.1.200-9618&alias=tamsa2&noUDP&sock=schedd_2531_a24a>
...
009 (1247890.000.000) 2025-07-17 17:08:34 Job was aborted.
	via condor_rm (by user achihwan)
...
000 (1247949.000.000) 2025-07-17 17:08:52 Job submitted from host: <172.30.1.200:9618?addrs=172.30.1.200-9618&alias=tamsa2&noUDP&sock=schedd_2531_a24a>
...
040 (1247949.000.000) 2025-07-17 17:09:03 Started transferring input files
	Transferring to host: <172.30.1.206:9618?addrs=172.30.1.206-9618&alias=node-w6.localdomain&noUDP&sock=slot1_14_4969_dc23_29417>
...
001 (1247949.000.000) 2025-07-17 17:09:03 Job executing on host: <172.30.1.206:9618?addrs=172.30.1.206-9618&alias=node-w6.localdomain&noUDP&sock=startd_4935_93f7>
	SlotName: slot1_14@node-w6.localdomain
	CondorScratchDir = "/var/lib/condor/execute/dir_433632"
	Cpus = 2
	Disk = 2048
	GPUs = 0
	Memory = 16000
...
040 (1247949.000.000) 2025-07-17 17:09:03 Finished transferring input files
...
006 (1247949.000.000) 2025-07-17 17:09:08 Image size of job updated: 108
	1  -  MemoryUsage of job (MB)
	8  -  ResidentSetSize of job (KB)
...
040 (1247949.000.000) 2025-07-17 17:09:08 Started transferring output files
...
040 (1247949.000.000) 2025-07-17 17:09:09 Finished transferring output files
...
021 (1247949.000.000) 2025-07-17 17:09:09 Error from starter on slot1_14@node-w6.localdomain:
	STARTER at 172.30.1.206 failed to send file(s) to <172.30.1.200:9618>: |Error: reading from file /var/lib/condor/execute/dir_433632/*.png: (errno 2) No such file or directory; SHADOW failed to receive file(s) from <172.30.1.206:46063>
	Code 13 Subcode 2
...
004 (1247949.000.000) 2025-07-17 17:09:09 Job was evicted.
	(0) CPU times
		Usr 0 00:00:00, Sys 0 00:00:00  -  Run Remote Usage
		Usr 0 00:00:00, Sys 0 00:00:00  -  Run Local Usage
	264  -  Run Bytes Sent By Job
	29652  -  Run Bytes Received By Job
	Transfer output files failure at execution point slot1_14@node-w6.localdomain while sending files to access point tamsa2. Details: reading from file /var/lib/condor/execute/dir_433632/*.png: (errno 2) No such file or directory
	Partitionable Resources :    Usage  Request Allocated 
	   Cpus                 :        0        2         2 
	   Disk (KB)            :       52       32      2048 
	   GPUs                 :                           0 
	   Memory (MB)          :        1    16000     16000 
	   TimeExecute (s)      :        5                    
	   TimeSlotBusy (s)     :        6                    
...
012 (1247949.000.000) 2025-07-17 17:09:09 Job was held.
	Transfer output files failure at execution point slot1_14@node-w6.localdomain while sending files to access point tamsa2. Details: reading from file /var/lib/condor/execute/dir_433632/*.png: (errno 2) No such file or directory
	Code 12 Subcode 2
...
009 (1247949.000.000) 2025-07-17 17:10:28 Job was aborted.
	via condor_rm (by user achihwan)

	Job terminated by itself at 2025-07-17T08:09:08Z (using method 0: OF_ITS_OWN_ACCORD).
...
000 (1248009.000.000) 2025-07-17 17:10:36 Job submitted from host: <172.30.1.200:9618?addrs=172.30.1.200-9618&alias=tamsa2&noUDP&sock=schedd_2531_a24a>
...
040 (1248009.000.000) 2025-07-17 17:10:44 Started transferring input files
	Transferring to host: <172.30.1.107:9618?addrs=172.30.1.107-9618&alias=node-g7.localdomain&noUDP&sock=slot1_2_5631_4c7e_25459>
...
001 (1248009.000.000) 2025-07-17 17:10:44 Job executing on host: <172.30.1.107:9618?addrs=172.30.1.107-9618&alias=node-g7.localdomain&noUDP&sock=startd_5596_f811>
	SlotName: slot1_2@node-g7.localdomain
	CondorScratchDir = "/var/lib/condor/execute/dir_3001349"
	Cpus = 2
	Disk = 2048
	GPUs = 0
	Memory = 16000
...
040 (1248009.000.000) 2025-07-17 17:10:44 Finished transferring input files
...
006 (1248009.000.000) 2025-07-17 17:10:49 Image size of job updated: 104
	1  -  MemoryUsage of job (MB)
	8  -  ResidentSetSize of job (KB)
...
040 (1248009.000.000) 2025-07-17 17:10:49 Started transferring output files
...
040 (1248009.000.000) 2025-07-17 17:10:49 Finished transferring output files
...
021 (1248009.000.000) 2025-07-17 17:10:49 Error from starter on slot1_2@node-g7.localdomain:
	STARTER at 172.30.1.107 failed to send file(s) to <172.30.1.200:9618>: |Error: reading from file /var/lib/condor/execute/dir_3001349/*.png: (errno 2) No such file or directory; SHADOW failed to receive file(s) from <172.30.1.107:44167>
	Code 13 Subcode 2
...
004 (1248009.000.000) 2025-07-17 17:10:49 Job was evicted.
	(0) CPU times
		Usr 0 00:00:00, Sys 0 00:00:00  -  Run Remote Usage
		Usr 0 00:00:00, Sys 0 00:00:00  -  Run Local Usage
	287  -  Run Bytes Sent By Job
	29652  -  Run Bytes Received By Job
	Transfer output files failure at execution point slot1_2@node-g7.localdomain while sending files to access point tamsa2. Details: reading from file /var/lib/condor/execute/dir_3001349/*.png: (errno 2) No such file or directory
	Partitionable Resources :    Usage  Request Allocated 
	   Cpus                 :        0        2         2 
	   Disk (KB)            :       52       32      2048 
	   GPUs                 :                           0 
	   Memory (MB)          :        1    16000     16000 
	   TimeExecute (s)      :        5                    
	   TimeSlotBusy (s)     :        5                    
...
012 (1248009.000.000) 2025-07-17 17:10:49 Job was held.
	Transfer output files failure at execution point slot1_2@node-g7.localdomain while sending files to access point tamsa2. Details: reading from file /var/lib/condor/execute/dir_3001349/*.png: (errno 2) No such file or directory
	Code 12 Subcode 2
...
009 (1248009.000.000) 2025-07-17 17:11:47 Job was aborted.
	via condor_rm (by user achihwan)

	Job terminated by itself at 2025-07-17T08:10:49Z (using method 0: OF_ITS_OWN_ACCORD).
...
000 (1248069.000.000) 2025-07-17 17:12:03 Job submitted from host: <172.30.1.200:9618?addrs=172.30.1.200-9618&alias=tamsa2&noUDP&sock=schedd_2531_a24a>
...
040 (1248069.000.000) 2025-07-17 17:12:22 Started transferring input files
	Transferring to host: <172.30.1.110:9618?addrs=172.30.1.110-9618&alias=node-g10.localdomain&noUDP&sock=slot1_10_6414_fe3e_19811>
...
001 (1248069.000.000) 2025-07-17 17:12:22 Job executing on host: <172.30.1.110:9618?addrs=172.30.1.110-9618&alias=node-g10.localdomain&noUDP&sock=startd_6380_ba51>
	SlotName: slot1_10@node-g10.localdomain
	CondorScratchDir = "/var/lib/condor/execute/dir_3258415"
	Cpus = 2
	Disk = 2048
	GPUs = 0
	Memory = 16000
...
040 (1248069.000.000) 2025-07-17 17:12:22 Finished transferring input files
...
006 (1248069.000.000) 2025-07-17 17:12:27 Image size of job updated: 108
	1  -  MemoryUsage of job (MB)
	8  -  ResidentSetSize of job (KB)
...
040 (1248069.000.000) 2025-07-17 17:12:27 Started transferring output files
...
040 (1248069.000.000) 2025-07-17 17:12:27 Finished transferring output files
...
021 (1248069.000.000) 2025-07-17 17:12:27 Error from starter on slot1_10@node-g10.localdomain:
	STARTER at 172.30.1.110 failed to send file(s) to <172.30.1.200:9618>: |Error: reading from file /var/lib/condor/execute/dir_3258415/*.png: (errno 2) No such file or directory; SHADOW failed to receive file(s) from <172.30.1.110:35499>
	Code 13 Subcode 2
...
004 (1248069.000.000) 2025-07-17 17:12:28 Job was evicted.
	(0) CPU times
		Usr 0 00:00:00, Sys 0 00:00:00  -  Run Remote Usage
		Usr 0 00:00:00, Sys 0 00:00:00  -  Run Local Usage
	273  -  Run Bytes Sent By Job
	29652  -  Run Bytes Received By Job
	Transfer output files failure at execution point slot1_10@node-g10.localdomain while sending files to access point tamsa2. Details: reading from file /var/lib/condor/execute/dir_3258415/*.png: (errno 2) No such file or directory
	Partitionable Resources :    Usage  Request Allocated 
	   Cpus                 :        0        2         2 
	   Disk (KB)            :       52       32      2048 
	   GPUs                 :                           0 
	   Memory (MB)          :        1    16000     16000 
	   TimeExecute (s)      :        5                    
	   TimeSlotBusy (s)     :        5                    
...
012 (1248069.000.000) 2025-07-17 17:12:28 Job was held.
	Transfer output files failure at execution point slot1_10@node-g10.localdomain while sending files to access point tamsa2. Details: reading from file /var/lib/condor/execute/dir_3258415/*.png: (errno 2) No such file or directory
	Code 12 Subcode 2
...
000 (1248129.000.000) 2025-07-17 17:12:51 Job submitted from host: <172.30.1.200:9618?addrs=172.30.1.200-9618&alias=tamsa2&noUDP&sock=schedd_2531_a24a>
...
009 (1248129.000.000) 2025-07-17 17:13:09 Job was aborted.
	via condor_rm (by user achihwan)
...
009 (1248069.000.000) 2025-07-17 17:13:09 Job was aborted.
	via condor_rm (by user achihwan)

	Job terminated by itself at 2025-07-17T08:12:27Z (using method 0: OF_ITS_OWN_ACCORD).
...
000 (1248188.000.000) 2025-07-17 17:13:17 Job submitted from host: <172.30.1.200:9618?addrs=172.30.1.200-9618&alias=tamsa2&noUDP&sock=schedd_2531_a24a>
...
009 (1248188.000.000) 2025-07-17 17:14:42 Job was aborted.
	via condor_rm (by user achihwan)
...
000 (1248247.000.000) 2025-07-17 17:14:50 Job submitted from host: <172.30.1.200:9618?addrs=172.30.1.200-9618&alias=tamsa2&noUDP&sock=schedd_2531_a24a>
...
040 (1248247.000.000) 2025-07-17 17:17:14 Started transferring input files
	Transferring to host: <172.30.1.208:9618?addrs=172.30.1.208-9618&alias=node-w8.localdomain&noUDP&sock=slot1_13_4971_44e3_56794>
...
001 (1248247.000.000) 2025-07-17 17:17:14 Job executing on host: <172.30.1.208:9618?addrs=172.30.1.208-9618&alias=node-w8.localdomain&noUDP&sock=startd_4937_f328>
	SlotName: slot1_13@node-w8.localdomain
	CondorScratchDir = "/var/lib/condor/execute/dir_1014972"
	Cpus = 2
	Disk = 2048
	GPUs = 0
	Memory = 16000
...
040 (1248247.000.000) 2025-07-17 17:17:14 Finished transferring input files
...
006 (1248247.000.000) 2025-07-17 17:17:19 Image size of job updated: 144
	1  -  MemoryUsage of job (MB)
	8  -  ResidentSetSize of job (KB)
...
040 (1248247.000.000) 2025-07-17 17:17:19 Started transferring output files
...
040 (1248247.000.000) 2025-07-17 17:17:19 Finished transferring output files
...
021 (1248247.000.000) 2025-07-17 17:17:20 Error from starter on slot1_13@node-w8.localdomain:
	STARTER at 172.30.1.208 failed to send file(s) to <172.30.1.200:9618>: |Error: reading from file /var/lib/condor/execute/dir_1014972/*.png: (errno 2) No such file or directory; SHADOW failed to receive file(s) from <172.30.1.208:44513>
	Code 13 Subcode 2
...
004 (1248247.000.000) 2025-07-17 17:17:20 Job was evicted.
	(0) CPU times
		Usr 0 00:00:00, Sys 0 00:00:00  -  Run Remote Usage
		Usr 0 00:00:00, Sys 0 00:00:00  -  Run Local Usage
	266  -  Run Bytes Sent By Job
	29649  -  Run Bytes Received By Job
	Transfer output files failure at execution point slot1_13@node-w8.localdomain while sending files to access point tamsa2. Details: reading from file /var/lib/condor/execute/dir_1014972/*.png: (errno 2) No such file or directory
	Partitionable Resources :    Usage  Request Allocated 
	   Cpus                 :        0        2         2 
	   Disk (KB)            :       52       32      2048 
	   GPUs                 :                           0 
	   Memory (MB)          :        1    16000     16000 
	   TimeExecute (s)      :        5                    
	   TimeSlotBusy (s)     :        6                    
...
012 (1248247.000.000) 2025-07-17 17:17:20 Job was held.
	Transfer output files failure at execution point slot1_13@node-w8.localdomain while sending files to access point tamsa2. Details: reading from file /var/lib/condor/execute/dir_1014972/*.png: (errno 2) No such file or directory
	Code 12 Subcode 2
...
009 (1248247.000.000) 2025-07-17 17:18:37 Job was aborted.
	via condor_rm (by user achihwan)

	Job terminated by itself at 2025-07-17T08:17:19Z (using method 0: OF_ITS_OWN_ACCORD).
...
000 (1248308.000.000) 2025-07-17 17:23:12 Job submitted from host: <172.30.1.200:9618?addrs=172.30.1.200-9618&alias=tamsa2&noUDP&sock=schedd_2531_a24a>
...
040 (1248308.000.000) 2025-07-17 17:23:30 Started transferring input files
	Transferring to host: <172.30.1.204:9618?addrs=172.30.1.204-9618&alias=node-w4.localdomain&noUDP&sock=slot1_5_4930_6182_68174>
...
040 (1248308.000.000) 2025-07-17 17:23:30 Finished transferring input files
...
001 (1248308.000.000) 2025-07-17 17:23:30 Job executing on host: <172.30.1.204:9618?addrs=172.30.1.204-9618&alias=node-w4.localdomain&noUDP&sock=startd_4896_d3c6>
	SlotName: slot1_5@node-w4.localdomain
	CondorScratchDir = "/var/lib/condor/execute/dir_2003959"
	Cpus = 2
	Disk = 2048
	GPUs = 0
	Memory = 16000
...
006 (1248308.000.000) 2025-07-17 17:23:35 Image size of job updated: 160
	1  -  MemoryUsage of job (MB)
	8  -  ResidentSetSize of job (KB)
...
040 (1248308.000.000) 2025-07-17 17:23:36 Started transferring output files
...
040 (1248308.000.000) 2025-07-17 17:23:36 Finished transferring output files
...
021 (1248308.000.000) 2025-07-17 17:23:36 Error from starter on slot1_5@node-w4.localdomain:
	STARTER at 172.30.1.204 failed to send file(s) to <172.30.1.200:9618>: |Error: reading from file /var/lib/condor/execute/dir_2003959/*.png: (errno 2) No such file or directory; SHADOW failed to receive file(s) from <172.30.1.204:34691>
	Code 13 Subcode 2
...
004 (1248308.000.000) 2025-07-17 17:23:36 Job was evicted.
	(0) CPU times
		Usr 0 00:00:00, Sys 0 00:00:00  -  Run Remote Usage
		Usr 0 00:00:00, Sys 0 00:00:00  -  Run Local Usage
	434  -  Run Bytes Sent By Job
	29727  -  Run Bytes Received By Job
	Transfer output files failure at execution point slot1_5@node-w4.localdomain while sending files to access point tamsa2. Details: reading from file /var/lib/condor/execute/dir_2003959/*.png: (errno 2) No such file or directory
	Partitionable Resources :    Usage  Request Allocated 
	   Cpus                 :        0        2         2 
	   Disk (KB)            :       52       32      2048 
	   GPUs                 :                           0 
	   Memory (MB)          :        1    16000     16000 
	   TimeExecute (s)      :        5                    
	   TimeSlotBusy (s)     :        6                    
...
012 (1248308.000.000) 2025-07-17 17:23:36 Job was held.
	Transfer output files failure at execution point slot1_5@node-w4.localdomain while sending files to access point tamsa2. Details: reading from file /var/lib/condor/execute/dir_2003959/*.png: (errno 2) No such file or directory
	Code 12 Subcode 2
...
009 (1248308.000.000) 2025-07-17 17:28:06 Job was aborted.
	via condor_rm (by user achihwan)

	Job terminated by itself at 2025-07-17T08:23:35Z (using method 0: OF_ITS_OWN_ACCORD).
...
000 (1248369.000.000) 2025-07-17 17:28:11 Job submitted from host: <172.30.1.200:9618?addrs=172.30.1.200-9618&alias=tamsa2&noUDP&sock=schedd_2531_a24a>
...
040 (1248369.000.000) 2025-07-17 17:28:30 Entered queue to transfer input files
	Transferring to host: <172.30.1.208:9618?addrs=172.30.1.208-9618&alias=node-w8.localdomain&noUDP&sock=slot1_9_4971_44e3_56810>
...
040 (1248369.000.000) 2025-07-17 17:28:37 Started transferring input files
	Seconds spent in queue: 7
...
040 (1248369.000.000) 2025-07-17 17:28:40 Finished transferring input files
...
001 (1248369.000.000) 2025-07-17 17:28:40 Job executing on host: <172.30.1.208:9618?addrs=172.30.1.208-9618&alias=node-w8.localdomain&noUDP&sock=startd_4937_f328>
	SlotName: slot1_9@node-w8.localdomain
	CondorScratchDir = "/var/lib/condor/execute/dir_1015769"
	Cpus = 2
	Disk = 751616
	GPUs = 0
	Memory = 16000
...
006 (1248369.000.000) 2025-07-17 17:28:53 Image size of job updated: 1015760
	992  -  MemoryUsage of job (MB)
	1015760  -  ResidentSetSize of job (KB)
...
006 (1248369.000.000) 2025-07-17 17:29:02 Image size of job updated: 2199792
	2149  -  MemoryUsage of job (MB)
	2199792  -  ResidentSetSize of job (KB)
...
040 (1248369.000.000) 2025-07-17 17:29:02 Started transferring output files
	Seconds spent in queue: 32
...
040 (1248369.000.000) 2025-07-17 17:29:02 Finished transferring output files
...
021 (1248369.000.000) 2025-07-17 17:29:02 Error from starter on slot1_9@node-w8.localdomain:
	STARTER at 172.30.1.208 failed to send file(s) to <172.30.1.200:9618>: |Error: reading from file /var/lib/condor/execute/dir_1015769/*.png: (errno 2) No such file or directory; SHADOW failed to receive file(s) from <172.30.1.208:41385>
	Code 13 Subcode 2
...
004 (1248369.000.000) 2025-07-17 17:29:03 Job was evicted.
	(0) CPU times
		Usr 0 00:00:17, Sys 0 00:00:02  -  Run Remote Usage
		Usr 0 00:00:00, Sys 0 00:00:00  -  Run Local Usage
	388  -  Run Bytes Sent By Job
	690286528  -  Run Bytes Received By Job
	Transfer output files failure at execution point slot1_9@node-w8.localdomain while sending files to access point tamsa2. Details: reading from file /var/lib/condor/execute/dir_1015769/*.png: (errno 2) No such file or directory
	Partitionable Resources :    Usage  Request Allocated 
	   Cpus                 :        0        2         2 
	   Disk (KB)            :  2774359   750000    751616 
	   GPUs                 :                           0 
	   Memory (MB)          :     2149    16000     16000 
	   TimeExecute (s)      :       22                    
	   TimeSlotBusy (s)     :       38                    
...
012 (1248369.000.000) 2025-07-17 17:29:03 Job was held.
	Transfer output files failure at execution point slot1_9@node-w8.localdomain while sending files to access point tamsa2. Details: reading from file /var/lib/condor/execute/dir_1015769/*.png: (errno 2) No such file or directory
	Code 12 Subcode 2
...
009 (1248369.000.000) 2025-07-17 17:30:19 Job was aborted.
	via condor_rm (by user achihwan)

	Job terminated by itself at 2025-07-17T08:29:02Z (using method 0: OF_ITS_OWN_ACCORD).
...
000 (1248429.000.000) 2025-07-17 17:33:24 Job submitted from host: <172.30.1.200:9618?addrs=172.30.1.200-9618&alias=tamsa2&noUDP&sock=schedd_2531_a24a>
...
040 (1248429.000.000) 2025-07-17 17:33:49 Entered queue to transfer input files
	Transferring to host: <172.30.1.219:9618?addrs=172.30.1.219-9618&alias=node-w19.localdomain&noUDP&sock=slot1_22_5155_e9eb_110866>
...
040 (1248429.000.000) 2025-07-17 17:33:54 Started transferring input files
	Seconds spent in queue: 5
...
040 (1248429.000.000) 2025-07-17 17:33:58 Finished transferring input files
...
001 (1248429.000.000) 2025-07-17 17:33:58 Job executing on host: <172.30.1.219:9618?addrs=172.30.1.219-9618&alias=node-w19.localdomain&noUDP&sock=startd_5121_2895>
	SlotName: slot1_22@node-w19.localdomain
	CondorScratchDir = "/var/lib/condor/execute/dir_1064737"
	Cpus = 2
	Disk = 751616
	GPUs = 0
	Memory = 16000
...
006 (1248429.000.000) 2025-07-17 17:34:11 Image size of job updated: 1049404
	1025  -  MemoryUsage of job (MB)
	1049404  -  ResidentSetSize of job (KB)
...
006 (1248429.000.000) 2025-07-17 17:34:20 Image size of job updated: 2199792
	2149  -  MemoryUsage of job (MB)
	2199792  -  ResidentSetSize of job (KB)
...
040 (1248429.000.000) 2025-07-17 17:34:20 Started transferring output files
	Seconds spent in queue: 31
...
040 (1248429.000.000) 2025-07-17 17:34:20 Finished transferring output files
...
021 (1248429.000.000) 2025-07-17 17:34:20 Error from starter on slot1_22@node-w19.localdomain:
	STARTER at 172.30.1.219 failed to send file(s) to <172.30.1.200:9618>: |Error: reading from file /var/lib/condor/execute/dir_1064737/*.png: (errno 2) No such file or directory; SHADOW failed to receive file(s) from <172.30.1.219:40513>
	Code 13 Subcode 2
...
004 (1248429.000.000) 2025-07-17 17:34:20 Job was evicted.
	(0) CPU times
		Usr 0 00:00:16, Sys 0 00:00:04  -  Run Remote Usage
		Usr 0 00:00:00, Sys 0 00:00:00  -  Run Local Usage
	388  -  Run Bytes Sent By Job
	690286528  -  Run Bytes Received By Job
	Transfer output files failure at execution point slot1_22@node-w19.localdomain while sending files to access point tamsa2. Details: reading from file /var/lib/condor/execute/dir_1064737/*.png: (errno 2) No such file or directory
	Partitionable Resources :    Usage  Request Allocated 
	   Cpus                 :        0        2         2 
	   Disk (KB)            :  2774359   750000    751616 
	   GPUs                 :                           0 
	   Memory (MB)          :     2149    16000     16000 
	   TimeExecute (s)      :       22                    
	   TimeSlotBusy (s)     :       36                    
...
012 (1248429.000.000) 2025-07-17 17:34:20 Job was held.
	Transfer output files failure at execution point slot1_22@node-w19.localdomain while sending files to access point tamsa2. Details: reading from file /var/lib/condor/execute/dir_1064737/*.png: (errno 2) No such file or directory
	Code 12 Subcode 2
...
009 (1248429.000.000) 2025-07-17 17:34:44 Job was aborted.
	via condor_rm (by user achihwan)

	Job terminated by itself at 2025-07-17T08:34:20Z (using method 0: OF_ITS_OWN_ACCORD).
...
000 (1248488.000.000) 2025-07-17 17:34:50 Job submitted from host: <172.30.1.200:9618?addrs=172.30.1.200-9618&alias=tamsa2&noUDP&sock=schedd_2531_a24a>
...
040 (1248488.000.000) 2025-07-17 17:35:11 Entered queue to transfer input files
	Transferring to host: <172.30.1.107:9618?addrs=172.30.1.107-9618&alias=node-g7.localdomain&noUDP&sock=slot1_24_5631_4c7e_25521>
...
040 (1248488.000.000) 2025-07-17 17:35:19 Started transferring input files
	Seconds spent in queue: 8
...
040 (1248488.000.000) 2025-07-17 17:35:22 Finished transferring input files
...
001 (1248488.000.000) 2025-07-17 17:35:22 Job executing on host: <172.30.1.107:9618?addrs=172.30.1.107-9618&alias=node-g7.localdomain&noUDP&sock=startd_5596_f811>
	SlotName: slot1_24@node-g7.localdomain
	CondorScratchDir = "/var/lib/condor/execute/dir_3008544"
	Cpus = 2
	Disk = 751616
	GPUs = 0
	Memory = 16000
...
006 (1248488.000.000) 2025-07-17 17:35:35 Image size of job updated: 1011376
	988  -  MemoryUsage of job (MB)
	1011376  -  ResidentSetSize of job (KB)
...
006 (1248488.000.000) 2025-07-17 17:35:44 Image size of job updated: 2199792
	2149  -  MemoryUsage of job (MB)
	2199792  -  ResidentSetSize of job (KB)
...
040 (1248488.000.000) 2025-07-17 17:35:44 Started transferring output files
	Seconds spent in queue: 33
...
040 (1248488.000.000) 2025-07-17 17:35:44 Finished transferring output files
...
021 (1248488.000.000) 2025-07-17 17:35:44 Error from starter on slot1_24@node-g7.localdomain:
	STARTER at 172.30.1.107 failed to send file(s) to <172.30.1.200:9618>: |Error: reading from file /var/lib/condor/execute/dir_3008544/*.png: (errno 2) No such file or directory; SHADOW failed to receive file(s) from <172.30.1.107:34587>
	Code 13 Subcode 2
...
004 (1248488.000.000) 2025-07-17 17:35:44 Job was evicted.
	(0) CPU times
		Usr 0 00:00:16, Sys 0 00:00:03  -  Run Remote Usage
		Usr 0 00:00:00, Sys 0 00:00:00  -  Run Local Usage
	800  -  Run Bytes Sent By Job
	690286528  -  Run Bytes Received By Job
	Transfer output files failure at execution point slot1_24@node-g7.localdomain while sending files to access point tamsa2. Details: reading from file /var/lib/condor/execute/dir_3008544/*.png: (errno 2) No such file or directory
	Partitionable Resources :    Usage  Request Allocated 
	   Cpus                 :        0        2         2 
	   Disk (KB)            :  2774359   750000    751616 
	   GPUs                 :                           0 
	   Memory (MB)          :     2149    16000     16000 
	   TimeExecute (s)      :       22                    
	   TimeSlotBusy (s)     :       38                    
...
012 (1248488.000.000) 2025-07-17 17:35:44 Job was held.
	Transfer output files failure at execution point slot1_24@node-g7.localdomain while sending files to access point tamsa2. Details: reading from file /var/lib/condor/execute/dir_3008544/*.png: (errno 2) No such file or directory
	Code 12 Subcode 2
...
009 (1248488.000.000) 2025-07-17 17:36:48 Job was aborted.
	via condor_rm (by user achihwan)

	Job terminated by itself at 2025-07-17T08:35:44Z (using method 0: OF_ITS_OWN_ACCORD).
...
000 (1250149.000.000) 2025-07-17 17:36:56 Job submitted from host: <172.30.1.200:9618?addrs=172.30.1.200-9618&alias=tamsa2&noUDP&sock=schedd_2531_a24a>
...
040 (1250149.000.000) 2025-07-17 17:40:36 Started transferring input files
	Transferring to host: <172.30.1.204:9618?addrs=172.30.1.204-9618&alias=node-w4.localdomain&noUDP&sock=slot1_2_4930_6182_68252>
...
040 (1250149.000.000) 2025-07-17 17:40:39 Finished transferring input files
...
001 (1250149.000.000) 2025-07-17 17:40:40 Job executing on host: <172.30.1.204:9618?addrs=172.30.1.204-9618&alias=node-w4.localdomain&noUDP&sock=startd_4896_d3c6>
	SlotName: slot1_2@node-w4.localdomain
	CondorScratchDir = "/var/lib/condor/execute/dir_2022461"
	Cpus = 2
	Disk = 751616
	GPUs = 0
	Memory = 16000
...
006 (1250149.000.000) 2025-07-17 17:40:53 Image size of job updated: 1005420
	982  -  MemoryUsage of job (MB)
	1005420  -  ResidentSetSize of job (KB)
...
006 (1250149.000.000) 2025-07-17 17:41:02 Image size of job updated: 2199792
	2149  -  MemoryUsage of job (MB)
	2199792  -  ResidentSetSize of job (KB)
...
040 (1250149.000.000) 2025-07-17 17:41:03 Started transferring output files
...
040 (1250149.000.000) 2025-07-17 17:41:03 Finished transferring output files
...
021 (1250149.000.000) 2025-07-17 17:41:03 Error from starter on slot1_2@node-w4.localdomain:
	STARTER at 172.30.1.204 failed to send file(s) to <172.30.1.200:9618>: |Error: reading from file /var/lib/condor/execute/dir_2022461/*.png: (errno 2) No such file or directory; SHADOW failed to receive file(s) from <172.30.1.204:42213>
	Code 13 Subcode 2
...
004 (1250149.000.000) 2025-07-17 17:41:03 Job was evicted.
	(0) CPU times
		Usr 0 00:00:17, Sys 0 00:00:02  -  Run Remote Usage
		Usr 0 00:00:00, Sys 0 00:00:00  -  Run Local Usage
	702  -  Run Bytes Sent By Job
	690286528  -  Run Bytes Received By Job
	Transfer output files failure at execution point slot1_2@node-w4.localdomain while sending files to access point tamsa2. Details: reading from file /var/lib/condor/execute/dir_2022461/*.png: (errno 2) No such file or directory
	Partitionable Resources :    Usage  Request Allocated 
	   Cpus                 :        0        2         2 
	   Disk (KB)            :  2774359   750000    751616 
	   GPUs                 :                           0 
	   Memory (MB)          :     2149    16000     16000 
	   TimeExecute (s)      :       22                    
	   TimeSlotBusy (s)     :       27                    
...
012 (1250149.000.000) 2025-07-17 17:41:03 Job was held.
	Transfer output files failure at execution point slot1_2@node-w4.localdomain while sending files to access point tamsa2. Details: reading from file /var/lib/condor/execute/dir_2022461/*.png: (errno 2) No such file or directory
	Code 12 Subcode 2
...
000 (1251234.000.000) 2025-07-17 17:42:40 Job submitted from host: <172.30.1.200:9618?addrs=172.30.1.200-9618&alias=tamsa2&noUDP&sock=schedd_2531_a24a>
...
009 (1250149.000.000) 2025-07-17 17:42:45 Job was aborted.
	via condor_rm (by user achihwan)

	Job terminated by itself at 2025-07-17T08:41:02Z (using method 0: OF_ITS_OWN_ACCORD).
...
040 (1251234.000.000) 2025-07-17 17:43:02 Started transferring input files
	Transferring to host: <172.30.1.106:9618?addrs=172.30.1.106-9618&alias=node-g6.localdomain&noUDP&sock=slot1_8_4834_bd7e_16077>
...
040 (1251234.000.000) 2025-07-17 17:43:06 Finished transferring input files
...
001 (1251234.000.000) 2025-07-17 17:43:06 Job executing on host: <172.30.1.106:9618?addrs=172.30.1.106-9618&alias=node-g6.localdomain&noUDP&sock=startd_4799_4b16>
	SlotName: slot1_8@node-g6.localdomain
	CondorScratchDir = "/var/lib/condor/execute/dir_750410"
	Cpus = 2
	Disk = 751616
	GPUs = 0
	Memory = 16000
...
006 (1251234.000.000) 2025-07-17 17:43:19 Image size of job updated: 1080676
	1056  -  MemoryUsage of job (MB)
	1080676  -  ResidentSetSize of job (KB)
...
006 (1251234.000.000) 2025-07-17 17:43:27 Image size of job updated: 2199796
	2149  -  MemoryUsage of job (MB)
	2199796  -  ResidentSetSize of job (KB)
...
040 (1251234.000.000) 2025-07-17 17:43:27 Started transferring output files
...
040 (1251234.000.000) 2025-07-17 17:43:27 Finished transferring output files
...
021 (1251234.000.000) 2025-07-17 17:43:27 Error from starter on slot1_8@node-g6.localdomain:
	STARTER at 172.30.1.106 failed to send file(s) to <172.30.1.200:9618>: |Error: reading from file /var/lib/condor/execute/dir_750410/*.png: (errno 2) No such file or directory; SHADOW failed to receive file(s) from <172.30.1.106:36347>
	Code 13 Subcode 2
...
004 (1251234.000.000) 2025-07-17 17:43:27 Job was evicted.
	(0) CPU times
		Usr 0 00:00:15, Sys 0 00:00:04  -  Run Remote Usage
		Usr 0 00:00:00, Sys 0 00:00:00  -  Run Local Usage
	4416  -  Run Bytes Sent By Job
	690286528  -  Run Bytes Received By Job
	Transfer output files failure at execution point slot1_8@node-g6.localdomain while sending files to access point tamsa2. Details: reading from file /var/lib/condor/execute/dir_750410/*.png: (errno 2) No such file or directory
	Partitionable Resources :    Usage  Request Allocated 
	   Cpus                 :                 2         2 
	   Disk (KB)            :  2774356   750000    751616 
	   GPUs                 :                           0 
	   Memory (MB)          :     2149    16000     16000 
	   TimeExecute (s)      :       21                    
	   TimeSlotBusy (s)     :       28                    
...
012 (1251234.000.000) 2025-07-17 17:43:28 Job was held.
	Transfer output files failure at execution point slot1_8@node-g6.localdomain while sending files to access point tamsa2. Details: reading from file /var/lib/condor/execute/dir_750410/*.png: (errno 2) No such file or directory
	Code 12 Subcode 2
...
009 (1251234.000.000) 2025-07-17 17:44:17 Job was aborted.
	via condor_rm (by user achihwan)

	Job terminated by itself at 2025-07-17T08:43:27Z (using method 0: OF_ITS_OWN_ACCORD).
...
000 (1253157.000.000) 2025-07-17 17:44:36 Job submitted from host: <172.30.1.200:9618?addrs=172.30.1.200-9618&alias=tamsa2&noUDP&sock=schedd_2531_a24a>
...
040 (1253157.000.000) 2025-07-17 17:44:53 Started transferring input files
	Transferring to host: <172.30.1.203:9618?addrs=172.30.1.203-9618&alias=node-w3.localdomain&noUDP&sock=slot1_3_4993_c524_82632>
...
040 (1253157.000.000) 2025-07-17 17:44:55 Finished transferring input files
...
001 (1253157.000.000) 2025-07-17 17:44:55 Job executing on host: <172.30.1.203:9618?addrs=172.30.1.203-9618&alias=node-w3.localdomain&noUDP&sock=startd_4959_0a3d>
	SlotName: slot1_3@node-w3.localdomain
	CondorScratchDir = "/var/lib/condor/execute/dir_2428542"
	Cpus = 2
	Disk = 751616
	GPUs = 0
	Memory = 16000
...
006 (1253157.000.000) 2025-07-17 17:45:09 Image size of job updated: 1143400
	1117  -  MemoryUsage of job (MB)
	1143400  -  ResidentSetSize of job (KB)
...
006 (1253157.000.000) 2025-07-17 17:45:17 Image size of job updated: 2199788
	2149  -  MemoryUsage of job (MB)
	2199788  -  ResidentSetSize of job (KB)
...
040 (1253157.000.000) 2025-07-17 17:45:18 Started transferring output files
...
040 (1253157.000.000) 2025-07-17 17:45:18 Finished transferring output files
...
021 (1253157.000.000) 2025-07-17 17:45:18 Error from starter on slot1_3@node-w3.localdomain:
	STARTER at 172.30.1.203 failed to send file(s) to <172.30.1.200:9618>: |Error: reading from file /var/lib/condor/execute/dir_2428542/*.png: (errno 2) No such file or directory; SHADOW failed to receive file(s) from <172.30.1.203:39237>
	Code 13 Subcode 2
...
004 (1253157.000.000) 2025-07-17 17:45:18 Job was evicted.
	(0) CPU times
		Usr 0 00:00:17, Sys 0 00:00:02  -  Run Remote Usage
		Usr 0 00:00:00, Sys 0 00:00:00  -  Run Local Usage
	464  -  Run Bytes Sent By Job
	690286528  -  Run Bytes Received By Job
	Transfer output files failure at execution point slot1_3@node-w3.localdomain while sending files to access point tamsa2. Details: reading from file /var/lib/condor/execute/dir_2428542/*.png: (errno 2) No such file or directory
	Partitionable Resources :    Usage  Request Allocated 
	   Cpus                 :                 2         2 
	   Disk (KB)            :  2774352   750000    751616 
	   GPUs                 :                           0 
	   Memory (MB)          :     2149    16000     16000 
	   TimeExecute (s)      :       22                    
	   TimeSlotBusy (s)     :       29                    
...
012 (1253157.000.000) 2025-07-17 17:45:18 Job was held.
	Transfer output files failure at execution point slot1_3@node-w3.localdomain while sending files to access point tamsa2. Details: reading from file /var/lib/condor/execute/dir_2428542/*.png: (errno 2) No such file or directory
	Code 12 Subcode 2
...
009 (1253157.000.000) 2025-07-17 17:54:41 Job was aborted.
	via condor_rm (by user achihwan)

	Job terminated by itself at 2025-07-17T08:45:17Z (using method 0: OF_ITS_OWN_ACCORD).
...
000 (1253224.000.000) 2025-07-17 17:58:18 Job submitted from host: <172.30.1.200:9618?addrs=172.30.1.200-9618&alias=tamsa2&noUDP&sock=schedd_2531_a24a>
...
040 (1253224.000.000) 2025-07-17 17:58:32 Started transferring input files
	Transferring to host: <172.30.1.217:9618?addrs=172.30.1.217-9618&alias=node-w17.localdomain&noUDP&sock=slot1_3_6391_c99d_117172>
...
040 (1253224.000.000) 2025-07-17 17:58:35 Finished transferring input files
...
001 (1253224.000.000) 2025-07-17 17:58:35 Job executing on host: <172.30.1.217:9618?addrs=172.30.1.217-9618&alias=node-w17.localdomain&noUDP&sock=startd_6357_f3a4>
	SlotName: slot1_3@node-w17.localdomain
	CondorScratchDir = "/var/lib/condor/execute/dir_3979857"
	Cpus = 2
	Disk = 751616
	GPUs = 0
	Memory = 16000
...
006 (1253224.000.000) 2025-07-17 17:58:48 Image size of job updated: 916712
	896  -  MemoryUsage of job (MB)
	916712  -  ResidentSetSize of job (KB)
...
006 (1253224.000.000) 2025-07-17 17:59:00 Image size of job updated: 2199792
	2149  -  MemoryUsage of job (MB)
	2199792  -  ResidentSetSize of job (KB)
...
040 (1253224.000.000) 2025-07-17 17:59:00 Started transferring output files
...
040 (1253224.000.000) 2025-07-17 17:59:00 Finished transferring output files
...
021 (1253224.000.000) 2025-07-17 17:59:00 Error from starter on slot1_3@node-w17.localdomain:
	STARTER at 172.30.1.217 failed to send file(s) to <172.30.1.200:9618>: |Error: reading from file /var/lib/condor/execute/dir_3979857/*.png: (errno 2) No such file or directory; SHADOW failed to receive file(s) from <172.30.1.217:38365>
	Code 13 Subcode 2
...
004 (1253224.000.000) 2025-07-17 17:59:00 Job was evicted.
	(0) CPU times
		Usr 0 00:00:19, Sys 0 00:00:04  -  Run Remote Usage
		Usr 0 00:00:00, Sys 0 00:00:00  -  Run Local Usage
	454  -  Run Bytes Sent By Job
	690286528  -  Run Bytes Received By Job
	Transfer output files failure at execution point slot1_3@node-w17.localdomain while sending files to access point tamsa2. Details: reading from file /var/lib/condor/execute/dir_3979857/*.png: (errno 2) No such file or directory
	Partitionable Resources :    Usage  Request Allocated 
	   Cpus                 :        0        2         2 
	   Disk (KB)            :  2774359   750000    751616 
	   GPUs                 :                           0 
	   Memory (MB)          :     2149    16000     16000 
	   TimeExecute (s)      :       25                    
	   TimeSlotBusy (s)     :       32                    
...
012 (1253224.000.000) 2025-07-17 17:59:00 Job was held.
	Transfer output files failure at execution point slot1_3@node-w17.localdomain while sending files to access point tamsa2. Details: reading from file /var/lib/condor/execute/dir_3979857/*.png: (errno 2) No such file or directory
	Code 12 Subcode 2
...
009 (1253224.000.000) 2025-07-17 18:04:59 Job was aborted.
	via condor_rm (by user achihwan)

	Job terminated by itself at 2025-07-17T08:59:00Z (using method 0: OF_ITS_OWN_ACCORD).
...
000 (1253287.000.000) 2025-07-17 18:05:04 Job submitted from host: <172.30.1.200:9618?addrs=172.30.1.200-9618&alias=tamsa2&noUDP&sock=schedd_2531_a24a>
...
040 (1253287.000.000) 2025-07-17 18:05:30 Entered queue to transfer input files
	Transferring to host: <172.30.1.217:9618?addrs=172.30.1.217-9618&alias=node-w17.localdomain&noUDP&sock=slot1_12_6391_c99d_117228>
...
040 (1253287.000.000) 2025-07-17 18:05:31 Started transferring input files
	Seconds spent in queue: 1
...
040 (1253287.000.000) 2025-07-17 18:05:34 Finished transferring input files
...
001 (1253287.000.000) 2025-07-17 18:05:34 Job executing on host: <172.30.1.217:9618?addrs=172.30.1.217-9618&alias=node-w17.localdomain&noUDP&sock=startd_6357_f3a4>
	SlotName: slot1_12@node-w17.localdomain
	CondorScratchDir = "/var/lib/condor/execute/dir_3985100"
	Cpus = 2
	Disk = 751616
	GPUs = 0
	Memory = 16000
...
006 (1253287.000.000) 2025-07-17 18:05:47 Image size of job updated: 1154468
	1128  -  MemoryUsage of job (MB)
	1154468  -  ResidentSetSize of job (KB)
...
006 (1253287.000.000) 2025-07-17 18:05:56 Image size of job updated: 2199800
	2149  -  MemoryUsage of job (MB)
	2199800  -  ResidentSetSize of job (KB)
...
040 (1253287.000.000) 2025-07-17 18:05:56 Started transferring output files
	Seconds spent in queue: 26
...
040 (1253287.000.000) 2025-07-17 18:05:56 Finished transferring output files
...
021 (1253287.000.000) 2025-07-17 18:05:56 Error from starter on slot1_12@node-w17.localdomain:
	STARTER at 172.30.1.217 failed to send file(s) to <172.30.1.200:9618>: |Error: reading from file /var/lib/condor/execute/dir_3985100/*.png: (errno 2) No such file or directory; SHADOW failed to receive file(s) from <172.30.1.217:36493>
	Code 13 Subcode 2
...
004 (1253287.000.000) 2025-07-17 18:05:56 Job was evicted.
	(0) CPU times
		Usr 0 00:00:16, Sys 0 00:00:05  -  Run Remote Usage
		Usr 0 00:00:00, Sys 0 00:00:00  -  Run Local Usage
	10691  -  Run Bytes Sent By Job
	690286464  -  Run Bytes Received By Job
	Transfer output files failure at execution point slot1_12@node-w17.localdomain while sending files to access point tamsa2. Details: reading from file /var/lib/condor/execute/dir_3985100/*.png: (errno 2) No such file or directory
	Partitionable Resources :    Usage  Request Allocated 
	   Cpus                 :                 2         2 
	   Disk (KB)            :  2774362   750000    751616 
	   GPUs                 :                           0 
	   Memory (MB)          :     2149    16000     16000 
	   TimeExecute (s)      :       22                    
	   TimeSlotBusy (s)     :       33                    
...
012 (1253287.000.000) 2025-07-17 18:05:56 Job was held.
	Transfer output files failure at execution point slot1_12@node-w17.localdomain while sending files to access point tamsa2. Details: reading from file /var/lib/condor/execute/dir_3985100/*.png: (errno 2) No such file or directory
	Code 12 Subcode 2
...
009 (1253287.000.000) 2025-07-17 18:13:43 Job was aborted.
	via condor_rm (by user achihwan)

	Job terminated by itself at 2025-07-17T09:05:56Z (using method 0: OF_ITS_OWN_ACCORD).
...
000 (1253351.000.000) 2025-07-17 18:13:49 Job submitted from host: <172.30.1.200:9618?addrs=172.30.1.200-9618&alias=tamsa2&noUDP&sock=schedd_2531_a24a>
...
040 (1253351.000.000) 2025-07-17 18:15:54 Started transferring input files
	Transferring to host: <172.30.1.208:9618?addrs=172.30.1.208-9618&alias=node-w8.localdomain&noUDP&sock=slot1_11_4971_44e3_56928>
...
001 (1253351.000.000) 2025-07-17 18:15:57 Job executing on host: <172.30.1.208:9618?addrs=172.30.1.208-9618&alias=node-w8.localdomain&noUDP&sock=startd_4937_f328>
	SlotName: slot1_11@node-w8.localdomain
	CondorScratchDir = "/var/lib/condor/execute/dir_1026524"
	Cpus = 2
	Disk = 751616
	GPUs = 0
	Memory = 16000
...
040 (1253351.000.000) 2025-07-17 18:15:57 Finished transferring input files
...
006 (1253351.000.000) 2025-07-17 18:16:10 Image size of job updated: 1004176
	981  -  MemoryUsage of job (MB)
	1004176  -  ResidentSetSize of job (KB)
...
006 (1253351.000.000) 2025-07-17 18:16:22 Image size of job updated: 2199800
	2149  -  MemoryUsage of job (MB)
	2199800  -  ResidentSetSize of job (KB)
...
040 (1253351.000.000) 2025-07-17 18:16:22 Started transferring output files
...
040 (1253351.000.000) 2025-07-17 18:16:22 Finished transferring output files
...
021 (1253351.000.000) 2025-07-17 18:16:22 Error from starter on slot1_11@node-w8.localdomain:
	STARTER at 172.30.1.208 failed to send file(s) to <172.30.1.200:9618>: |Error: reading from file /var/lib/condor/execute/dir_1026524/*.png: (errno 2) No such file or directory; SHADOW failed to receive file(s) from <172.30.1.208:39455>
	Code 13 Subcode 2
...
004 (1253351.000.000) 2025-07-17 18:16:22 Job was evicted.
	(0) CPU times
		Usr 0 00:00:19, Sys 0 00:00:03  -  Run Remote Usage
		Usr 0 00:00:00, Sys 0 00:00:00  -  Run Local Usage
	10999  -  Run Bytes Sent By Job
	690286464  -  Run Bytes Received By Job
	Transfer output files failure at execution point slot1_11@node-w8.localdomain while sending files to access point tamsa2. Details: reading from file /var/lib/condor/execute/dir_1026524/*.png: (errno 2) No such file or directory
	Partitionable Resources :    Usage  Request Allocated 
	   Cpus                 :        0        2         2 
	   Disk (KB)            :  2774369   750000    751616 
	   GPUs                 :                           0 
	   Memory (MB)          :     2149    16000     16000 
	   TimeExecute (s)      :       25                    
	   TimeSlotBusy (s)     :       31                    
...
012 (1253351.000.000) 2025-07-17 18:16:22 Job was held.
	Transfer output files failure at execution point slot1_11@node-w8.localdomain while sending files to access point tamsa2. Details: reading from file /var/lib/condor/execute/dir_1026524/*.png: (errno 2) No such file or directory
	Code 12 Subcode 2
...
009 (1253351.000.000) 2025-07-17 18:23:21 Job was aborted.
	via condor_rm (by user achihwan)

	Job terminated by itself at 2025-07-17T09:16:22Z (using method 0: OF_ITS_OWN_ACCORD).
...
000 (1253431.000.000) 2025-07-17 18:23:26 Job submitted from host: <172.30.1.200:9618?addrs=172.30.1.200-9618&alias=tamsa2&noUDP&sock=schedd_2531_a24a>
...
040 (1253431.000.000) 2025-07-17 18:23:53 Started transferring input files
	Transferring to host: <172.30.1.203:9618?addrs=172.30.1.203-9618&alias=node-w3.localdomain&noUDP&sock=slot1_8_4993_c524_82726>
...
040 (1253431.000.000) 2025-07-17 18:23:57 Finished transferring input files
...
001 (1253431.000.000) 2025-07-17 18:23:57 Job executing on host: <172.30.1.203:9618?addrs=172.30.1.203-9618&alias=node-w3.localdomain&noUDP&sock=startd_4959_0a3d>
	SlotName: slot1_8@node-w3.localdomain
	CondorScratchDir = "/var/lib/condor/execute/dir_2446476"
	Cpus = 2
	Disk = 751616
	GPUs = 0
	Memory = 16000
...
006 (1253431.000.000) 2025-07-17 18:24:11 Image size of job updated: 774936
	757  -  MemoryUsage of job (MB)
	774936  -  ResidentSetSize of job (KB)
...
006 (1253431.000.000) 2025-07-17 18:24:33 Image size of job updated: 2284704
	2149  -  MemoryUsage of job (MB)
	2199800  -  ResidentSetSize of job (KB)
...
040 (1253431.000.000) 2025-07-17 18:24:33 Started transferring output files
...
040 (1253431.000.000) 2025-07-17 18:24:33 Finished transferring output files
...
005 (1253431.000.000) 2025-07-17 18:24:33 Job terminated.
	(1) Normal termination (return value 0)
		Usr 0 00:00:29, Sys 0 00:00:04  -  Run Remote Usage
		Usr 0 00:00:00, Sys 0 00:00:00  -  Run Local Usage
		Usr 0 00:00:29, Sys 0 00:00:04  -  Total Remote Usage
		Usr 0 00:00:00, Sys 0 00:00:00  -  Total Local Usage
	10742  -  Run Bytes Sent By Job
	690286528  -  Run Bytes Received By Job
	10742  -  Total Bytes Sent By Job
	690286528  -  Total Bytes Received By Job
	Partitionable Resources :    Usage  Request Allocated 
	   Cpus                 :                 2         2 
	   Disk (KB)            :  2774362   750000    751616 
	   GPUs                 :                           0 
	   Memory (MB)          :     2149    16000     16000 
	   TimeExecute (s)      :       36                    
	   TimeSlotBusy (s)     :       47                    

	Job terminated of its own accord at 2025-07-17T09:24:33Z with exit-code 0.
...
000 (1253491.000.000) 2025-07-17 18:29:04 Job submitted from host: <172.30.1.200:9618?addrs=172.30.1.200-9618&alias=tamsa2&noUDP&sock=schedd_2531_a24a>
...
040 (1253491.000.000) 2025-07-17 18:29:29 Entered queue to transfer input files
	Transferring to host: <172.30.1.203:9618?addrs=172.30.1.203-9618&alias=node-w3.localdomain&noUDP&sock=slot1_6_4993_c524_82752>
...
040 (1253491.000.000) 2025-07-17 18:29:29 Started transferring input files
	Seconds spent in queue: 0
...
040 (1253491.000.000) 2025-07-17 18:29:34 Finished transferring input files
...
001 (1253491.000.000) 2025-07-17 18:29:34 Job executing on host: <172.30.1.203:9618?addrs=172.30.1.203-9618&alias=node-w3.localdomain&noUDP&sock=startd_4959_0a3d>
	SlotName: slot1_6@node-w3.localdomain
	CondorScratchDir = "/var/lib/condor/execute/dir_2449295"
	Cpus = 2
	Disk = 751616
	GPUs = 0
	Memory = 16000
...
006 (1253491.000.000) 2025-07-17 18:29:47 Image size of job updated: 706232
	690  -  MemoryUsage of job (MB)
	706232  -  ResidentSetSize of job (KB)
...
006 (1253491.000.000) 2025-07-17 18:30:07 Image size of job updated: 2235060
	2149  -  MemoryUsage of job (MB)
	2199800  -  ResidentSetSize of job (KB)
...
040 (1253491.000.000) 2025-07-17 18:30:08 Started transferring output files
	Seconds spent in queue: 39
...
040 (1253491.000.000) 2025-07-17 18:30:08 Finished transferring output files
...
005 (1253491.000.000) 2025-07-17 18:30:08 Job terminated.
	(1) Normal termination (return value 0)
		Usr 0 00:00:27, Sys 0 00:00:04  -  Run Remote Usage
		Usr 0 00:00:00, Sys 0 00:00:00  -  Run Local Usage
		Usr 0 00:00:27, Sys 0 00:00:04  -  Total Remote Usage
		Usr 0 00:00:00, Sys 0 00:00:00  -  Total Local Usage
	10742  -  Run Bytes Sent By Job
	690287104  -  Run Bytes Received By Job
	10742  -  Total Bytes Sent By Job
	690287104  -  Total Bytes Received By Job
	Partitionable Resources :    Usage  Request Allocated 
	   Cpus                 :                 2         2 
	   Disk (KB)            :  2774363   750000    751616 
	   GPUs                 :                           0 
	   Memory (MB)          :     2149    16000     16000 
	   TimeExecute (s)      :       33                    
	   TimeSlotBusy (s)     :       45                    

	Job terminated of its own accord at 2025-07-17T09:30:07Z with exit-code 0.
...
