000 (1246703.000.000) 2025-07-17 16:14:08 Job submitted from host: <172.30.1.200:9618?addrs=172.30.1.200-9618&alias=tamsa2&noUDP&sock=schedd_2531_a24a>
...
040 (1246703.000.000) 2025-07-17 16:14:23 Started transferring input files
	Transferring to host: <172.30.1.211:9618?addrs=172.30.1.211-9618&alias=node-w11.localdomain&noUDP&sock=slot1_24_4969_dc23_57561>
...
001 (1246703.000.000) 2025-07-17 16:14:23 Job executing on host: <172.30.1.211:9618?addrs=172.30.1.211-9618&alias=node-w11.localdomain&noUDP&sock=startd_4935_93f7>
	SlotName: slot1_24@node-w11.localdomain
	CondorScratchDir = "/var/lib/condor/execute/dir_341134"
	Cpus = 2
	Disk = 2048
	GPUs = 0
	Memory = 16000
...
040 (1246703.000.000) 2025-07-17 16:14:23 Finished transferring input files
...
021 (1246703.000.000) 2025-07-17 16:14:28 Error from starter on slot1_24@node-w11.localdomain:
	Failed to execute '/var/lib/condor/execute/dir_341134/run_QCD_HT1500to2000.py' with arguments python *.py: (errno=8: 'Exec format error')
	Code 6 Subcode 8
...
004 (1246703.000.000) 2025-07-17 16:14:28 Job was evicted.
	(0) CPU times
		Usr 0 00:00:00, Sys 0 00:00:00  -  Run Remote Usage
		Usr 0 00:00:00, Sys 0 00:00:00  -  Run Local Usage
	0  -  Run Bytes Sent By Job
	30176  -  Run Bytes Received By Job
	Error from slot1_24@node-w11.localdomain: Failed to execute '/var/lib/condor/execute/dir_341134/run_QCD_HT1500to2000.py' with arguments python *.py: (errno=8: 'Exec format error')
	Partitionable Resources :    Usage  Request Allocated 
	   Cpus                 :                 2         2 
	   Disk (KB)            :       32       32      2048 
	   GPUs                 :                           0 
	   Memory (MB)          :             16000     16000 
	   TimeSlotBusy (s)     :        5                    
...
012 (1246703.000.000) 2025-07-17 16:14:28 Job was held.
	Error from slot1_24@node-w11.localdomain: Failed to execute '/var/lib/condor/execute/dir_341134/run_QCD_HT1500to2000.py' with arguments python *.py: (errno=8: 'Exec format error')
	Code 6 Subcode 8
...
009 (1246703.000.000) 2025-07-17 16:16:03 Job was aborted.
	via condor_rm (by user achihwan)
...
000 (1247403.000.000) 2025-07-17 16:30:16 Job submitted from host: <172.30.1.200:9618?addrs=172.30.1.200-9618&alias=tamsa2&noUDP&sock=schedd_2531_a24a>
...
040 (1247403.000.000) 2025-07-17 16:30:36 Started transferring input files
	Transferring to host: <172.30.1.105:9618?addrs=172.30.1.105-9618&alias=node-g5.localdomain&noUDP&sock=slot1_10_5280_fcd0_13879>
...
001 (1247403.000.000) 2025-07-17 16:30:36 Job executing on host: <172.30.1.105:9618?addrs=172.30.1.105-9618&alias=node-g5.localdomain&noUDP&sock=startd_5246_e5ec>
	SlotName: slot1_10@node-g5.localdomain
	CondorScratchDir = "/var/lib/condor/execute/dir_2567288"
	Cpus = 2
	Disk = 2048
	GPUs = 0
	Memory = 16000
...
040 (1247403.000.000) 2025-07-17 16:30:36 Finished transferring input files
...
006 (1247403.000.000) 2025-07-17 16:30:41 Image size of job updated: 96
	1  -  MemoryUsage of job (MB)
	4  -  ResidentSetSize of job (KB)
...
040 (1247403.000.000) 2025-07-17 16:30:42 Started transferring output files
...
040 (1247403.000.000) 2025-07-17 16:30:42 Finished transferring output files
...
021 (1247403.000.000) 2025-07-17 16:30:42 Error from starter on slot1_10@node-g5.localdomain:
	STARTER at 172.30.1.105 failed to send file(s) to <172.30.1.200:9618>: |Error: reading from file /var/lib/condor/execute/dir_2567288/*.png: (errno 2) No such file or directory; SHADOW failed to receive file(s) from <172.30.1.105:33569>
	Code 13 Subcode 2
...
004 (1247403.000.000) 2025-07-17 16:30:42 Job was evicted.
	(0) CPU times
		Usr 0 00:00:00, Sys 0 00:00:00  -  Run Remote Usage
		Usr 0 00:00:00, Sys 0 00:00:00  -  Run Local Usage
	149  -  Run Bytes Sent By Job
	30230  -  Run Bytes Received By Job
	Transfer output files failure at execution point slot1_10@node-g5.localdomain while sending files to access point tamsa2. Details: reading from file /var/lib/condor/execute/dir_2567288/*.png: (errno 2) No such file or directory
	Partitionable Resources :    Usage  Request Allocated 
	   Cpus                 :        0        2         2 
	   Disk (KB)            :       52       32      2048 
	   GPUs                 :                           0 
	   Memory (MB)          :        1    16000     16000 
	   TimeExecute (s)      :        5                    
	   TimeSlotBusy (s)     :        6                    
...
012 (1247403.000.000) 2025-07-17 16:30:42 Job was held.
	Transfer output files failure at execution point slot1_10@node-g5.localdomain while sending files to access point tamsa2. Details: reading from file /var/lib/condor/execute/dir_2567288/*.png: (errno 2) No such file or directory
	Code 12 Subcode 2
...
009 (1247403.000.000) 2025-07-17 16:32:04 Job was aborted.
	via condor_rm (by user achihwan)

	Job terminated by itself at 2025-07-17T07:30:41Z (using method 0: OF_ITS_OWN_ACCORD).
...
000 (1247463.000.000) 2025-07-17 16:32:09 Job submitted from host: <172.30.1.200:9618?addrs=172.30.1.200-9618&alias=tamsa2&noUDP&sock=schedd_2531_a24a>
...
040 (1247463.000.000) 2025-07-17 16:32:30 Started transferring input files
	Transferring to host: <172.30.1.110:9618?addrs=172.30.1.110-9618&alias=node-g10.localdomain&noUDP&sock=slot1_15_6414_fe3e_19795>
...
001 (1247463.000.000) 2025-07-17 16:32:30 Job executing on host: <172.30.1.110:9618?addrs=172.30.1.110-9618&alias=node-g10.localdomain&noUDP&sock=startd_6380_ba51>
	SlotName: slot1_15@node-g10.localdomain
	CondorScratchDir = "/var/lib/condor/execute/dir_3257174"
	Cpus = 2
	Disk = 2048
	GPUs = 0
	Memory = 16000
...
040 (1247463.000.000) 2025-07-17 16:32:30 Finished transferring input files
...
006 (1247463.000.000) 2025-07-17 16:32:35 Image size of job updated: 104
	1  -  MemoryUsage of job (MB)
	4  -  ResidentSetSize of job (KB)
...
040 (1247463.000.000) 2025-07-17 16:32:35 Started transferring output files
...
040 (1247463.000.000) 2025-07-17 16:32:35 Finished transferring output files
...
021 (1247463.000.000) 2025-07-17 16:32:35 Error from starter on slot1_15@node-g10.localdomain:
	STARTER at 172.30.1.110 failed to send file(s) to <172.30.1.200:9618>: |Error: reading from file /var/lib/condor/execute/dir_3257174/*.png: (errno 2) No such file or directory; SHADOW failed to receive file(s) from <172.30.1.110:41747>
	Code 13 Subcode 2
...
004 (1247463.000.000) 2025-07-17 16:32:35 Job was evicted.
	(0) CPU times
		Usr 0 00:00:00, Sys 0 00:00:00  -  Run Remote Usage
		Usr 0 00:00:00, Sys 0 00:00:00  -  Run Local Usage
	119  -  Run Bytes Sent By Job
	30219  -  Run Bytes Received By Job
	Transfer output files failure at execution point slot1_15@node-g10.localdomain while sending files to access point tamsa2. Details: reading from file /var/lib/condor/execute/dir_3257174/*.png: (errno 2) No such file or directory
	Partitionable Resources :    Usage  Request Allocated 
	   Cpus                 :        0        2         2 
	   Disk (KB)            :       52       32      2048 
	   GPUs                 :                           0 
	   Memory (MB)          :        1    16000     16000 
	   TimeExecute (s)      :        5                    
	   TimeSlotBusy (s)     :        5                    
...
012 (1247463.000.000) 2025-07-17 16:32:35 Job was held.
	Transfer output files failure at execution point slot1_15@node-g10.localdomain while sending files to access point tamsa2. Details: reading from file /var/lib/condor/execute/dir_3257174/*.png: (errno 2) No such file or directory
	Code 12 Subcode 2
...
009 (1247463.000.000) 2025-07-17 16:36:30 Job was aborted.
	via condor_rm (by user achihwan)

	Job terminated by itself at 2025-07-17T07:32:35Z (using method 0: OF_ITS_OWN_ACCORD).
...
000 (1247523.000.000) 2025-07-17 16:36:36 Job submitted from host: <172.30.1.200:9618?addrs=172.30.1.200-9618&alias=tamsa2&noUDP&sock=schedd_2531_a24a>
...
040 (1247523.000.000) 2025-07-17 16:36:55 Started transferring input files
	Transferring to host: <172.30.1.104:9618?addrs=172.30.1.104-9618&alias=node-g4.localdomain&noUDP&sock=slot1_1_5231_766e_14671>
...
001 (1247523.000.000) 2025-07-17 16:36:55 Job executing on host: <172.30.1.104:9618?addrs=172.30.1.104-9618&alias=node-g4.localdomain&noUDP&sock=startd_5197_49c8>
	SlotName: slot1_1@node-g4.localdomain
	CondorScratchDir = "/var/lib/condor/execute/dir_3374344"
	Cpus = 2
	Disk = 2048
	GPUs = 0
	Memory = 16000
...
040 (1247523.000.000) 2025-07-17 16:36:55 Finished transferring input files
...
006 (1247523.000.000) 2025-07-17 16:37:00 Image size of job updated: 104
	1  -  MemoryUsage of job (MB)
	8  -  ResidentSetSize of job (KB)
...
040 (1247523.000.000) 2025-07-17 16:37:00 Started transferring output files
...
040 (1247523.000.000) 2025-07-17 16:37:00 Finished transferring output files
...
021 (1247523.000.000) 2025-07-17 16:37:00 Error from starter on slot1_1@node-g4.localdomain:
	STARTER at 172.30.1.104 failed to send file(s) to <172.30.1.200:9618>: |Error: reading from file /var/lib/condor/execute/dir_3374344/*.png: (errno 2) No such file or directory; SHADOW failed to receive file(s) from <172.30.1.104:36561>
	Code 13 Subcode 2
...
004 (1247523.000.000) 2025-07-17 16:37:00 Job was evicted.
	(0) CPU times
		Usr 0 00:00:00, Sys 0 00:00:00  -  Run Remote Usage
		Usr 0 00:00:00, Sys 0 00:00:00  -  Run Local Usage
	227  -  Run Bytes Sent By Job
	30223  -  Run Bytes Received By Job
	Transfer output files failure at execution point slot1_1@node-g4.localdomain while sending files to access point tamsa2. Details: reading from file /var/lib/condor/execute/dir_3374344/*.png: (errno 2) No such file or directory
	Partitionable Resources :    Usage  Request Allocated 
	   Cpus                 :        0        2         2 
	   Disk (KB)            :       52       32      2048 
	   GPUs                 :                           0 
	   Memory (MB)          :        1    16000     16000 
	   TimeExecute (s)      :        5                    
	   TimeSlotBusy (s)     :        5                    
...
012 (1247523.000.000) 2025-07-17 16:37:00 Job was held.
	Transfer output files failure at execution point slot1_1@node-g4.localdomain while sending files to access point tamsa2. Details: reading from file /var/lib/condor/execute/dir_3374344/*.png: (errno 2) No such file or directory
	Code 12 Subcode 2
...
009 (1247523.000.000) 2025-07-17 16:38:09 Job was aborted.
	via condor_rm (by user achihwan)

	Job terminated by itself at 2025-07-17T07:37:00Z (using method 0: OF_ITS_OWN_ACCORD).
...
000 (1247582.000.000) 2025-07-17 16:38:18 Job submitted from host: <172.30.1.200:9618?addrs=172.30.1.200-9618&alias=tamsa2&noUDP&sock=schedd_2531_a24a>
...
040 (1247582.000.000) 2025-07-17 16:40:37 Started transferring input files
	Transferring to host: <172.30.1.216:9618?addrs=172.30.1.216-9618&alias=node-w16.localdomain&noUDP&sock=slot1_18_5179_d2ec_89378>
...
001 (1247582.000.000) 2025-07-17 16:40:37 Job executing on host: <172.30.1.216:9618?addrs=172.30.1.216-9618&alias=node-w16.localdomain&noUDP&sock=startd_5145_9edb>
	SlotName: slot1_18@node-w16.localdomain
	CondorScratchDir = "/var/lib/condor/execute/dir_2489824"
	Cpus = 2
	Disk = 2048
	GPUs = 0
	Memory = 16000
...
040 (1247582.000.000) 2025-07-17 16:40:37 Finished transferring input files
...
006 (1247582.000.000) 2025-07-17 16:40:42 Image size of job updated: 132
	1  -  MemoryUsage of job (MB)
	8  -  ResidentSetSize of job (KB)
...
040 (1247582.000.000) 2025-07-17 16:40:42 Started transferring output files
...
040 (1247582.000.000) 2025-07-17 16:40:42 Finished transferring output files
...
021 (1247582.000.000) 2025-07-17 16:40:42 Error from starter on slot1_18@node-w16.localdomain:
	STARTER at 172.30.1.216 failed to send file(s) to <172.30.1.200:9618>: |Error: reading from file /var/lib/condor/execute/dir_2489824/*.png: (errno 2) No such file or directory; SHADOW failed to receive file(s) from <172.30.1.216:46565>
	Code 13 Subcode 2
...
004 (1247582.000.000) 2025-07-17 16:40:42 Job was evicted.
	(0) CPU times
		Usr 0 00:00:00, Sys 0 00:00:00  -  Run Remote Usage
		Usr 0 00:00:00, Sys 0 00:00:00  -  Run Local Usage
	297  -  Run Bytes Sent By Job
	30227  -  Run Bytes Received By Job
	Transfer output files failure at execution point slot1_18@node-w16.localdomain while sending files to access point tamsa2. Details: reading from file /var/lib/condor/execute/dir_2489824/*.png: (errno 2) No such file or directory
	Partitionable Resources :    Usage  Request Allocated 
	   Cpus                 :        0        2         2 
	   Disk (KB)            :       53       32      2048 
	   GPUs                 :                           0 
	   Memory (MB)          :        1    16000     16000 
	   TimeExecute (s)      :        5                    
	   TimeSlotBusy (s)     :        5                    
...
012 (1247582.000.000) 2025-07-17 16:40:42 Job was held.
	Transfer output files failure at execution point slot1_18@node-w16.localdomain while sending files to access point tamsa2. Details: reading from file /var/lib/condor/execute/dir_2489824/*.png: (errno 2) No such file or directory
	Code 12 Subcode 2
...
009 (1247582.000.000) 2025-07-17 16:41:21 Job was aborted.
	via condor_rm (by user achihwan)

	Job terminated by itself at 2025-07-17T07:40:42Z (using method 0: OF_ITS_OWN_ACCORD).
...
000 (1247644.000.000) 2025-07-17 16:51:14 Job submitted from host: <172.30.1.200:9618?addrs=172.30.1.200-9618&alias=tamsa2&noUDP&sock=schedd_2531_a24a>
...
040 (1247644.000.000) 2025-07-17 16:51:38 Entered queue to transfer input files
	Transferring to host: <172.30.1.208:9618?addrs=172.30.1.208-9618&alias=node-w8.localdomain&noUDP&sock=slot1_14_4971_44e3_56683>
...
040 (1247644.000.000) 2025-07-17 16:51:44 Started transferring input files
	Seconds spent in queue: 6
...
040 (1247644.000.000) 2025-07-17 16:51:46 Finished transferring input files
...
001 (1247644.000.000) 2025-07-17 16:51:46 Job executing on host: <172.30.1.208:9618?addrs=172.30.1.208-9618&alias=node-w8.localdomain&noUDP&sock=startd_4937_f328>
	SlotName: slot1_14@node-w8.localdomain
	CondorScratchDir = "/var/lib/condor/execute/dir_1004328"
	Cpus = 2
	Disk = 751616
	GPUs = 0
	Memory = 16000
...
006 (1247644.000.000) 2025-07-17 16:52:00 Image size of job updated: 1131884
	1106  -  MemoryUsage of job (MB)
	1131884  -  ResidentSetSize of job (KB)
...
006 (1247644.000.000) 2025-07-17 16:52:09 Image size of job updated: 2199792
	2149  -  MemoryUsage of job (MB)
	2199792  -  ResidentSetSize of job (KB)
...
040 (1247644.000.000) 2025-07-17 16:52:09 Started transferring output files
	Seconds spent in queue: 31
...
040 (1247644.000.000) 2025-07-17 16:52:09 Finished transferring output files
...
021 (1247644.000.000) 2025-07-17 16:52:09 Error from starter on slot1_14@node-w8.localdomain:
	STARTER at 172.30.1.208 failed to send file(s) to <172.30.1.200:9618>: |Error: reading from file /var/lib/condor/execute/dir_1004328/*.png: (errno 2) No such file or directory; SHADOW failed to receive file(s) from <172.30.1.208:40367>
	Code 13 Subcode 2
...
004 (1247644.000.000) 2025-07-17 16:52:09 Job was evicted.
	(0) CPU times
		Usr 0 00:00:16, Sys 0 00:00:02  -  Run Remote Usage
		Usr 0 00:00:00, Sys 0 00:00:00  -  Run Local Usage
	637  -  Run Bytes Sent By Job
	690287104  -  Run Bytes Received By Job
	Transfer output files failure at execution point slot1_14@node-w8.localdomain while sending files to access point tamsa2. Details: reading from file /var/lib/condor/execute/dir_1004328/*.png: (errno 2) No such file or directory
	Partitionable Resources :    Usage  Request Allocated 
	   Cpus                 :        0        2         2 
	   Disk (KB)            :  2774359   750000    751616 
	   GPUs                 :                           0 
	   Memory (MB)          :     2149    16000     16000 
	   TimeExecute (s)      :       23                    
	   TimeSlotBusy (s)     :       36                    
...
012 (1247644.000.000) 2025-07-17 16:52:09 Job was held.
	Transfer output files failure at execution point slot1_14@node-w8.localdomain while sending files to access point tamsa2. Details: reading from file /var/lib/condor/execute/dir_1004328/*.png: (errno 2) No such file or directory
	Code 12 Subcode 2
...
009 (1247644.000.000) 2025-07-17 17:02:33 Job was aborted.
	via condor_rm (by user achihwan)

	Job terminated by itself at 2025-07-17T07:52:09Z (using method 0: OF_ITS_OWN_ACCORD).
...
000 (1247705.000.000) 2025-07-17 17:02:55 Job submitted from host: <172.30.1.200:9618?addrs=172.30.1.200-9618&alias=tamsa2&noUDP&sock=schedd_2531_a24a>
...
040 (1247705.000.000) 2025-07-17 17:03:14 Started transferring input files
	Transferring to host: <172.30.1.208:9618?addrs=172.30.1.208-9618&alias=node-w8.localdomain&noUDP&sock=slot1_20_4971_44e3_56715>
...
040 (1247705.000.000) 2025-07-17 17:03:14 Finished transferring input files
...
040 (1247705.000.000) 2025-07-17 17:03:15 Started transferring output files
...
021 (1247705.000.000) 2025-07-17 17:03:15 Error from starter on slot1_20@node-w8.localdomain:
	Failed to transfer files: SHADOW at 172.30.1.200 failed to send file(s) to <172.30.1.208:36121>: |Error: reading from file /data6/Users/achihwan/hepenv.tar.gz: (errno 2) No such file or directory; STARTER failed to receive file(s) from <172.30.1.200:9618>
	Code 13 Subcode 2
...
004 (1247705.000.000) 2025-07-17 17:03:15 Job was evicted.
	(0) CPU times
		Usr 0 00:00:00, Sys 0 00:00:00  -  Run Remote Usage
		Usr 0 00:00:00, Sys 0 00:00:00  -  Run Local Usage
	0  -  Run Bytes Sent By Job
	30271  -  Run Bytes Received By Job
	Transfer input files failure at access point tamsa2 while sending files to execution point slot1_20@node-w8.localdomain. Details: reading from file /data6/Users/achihwan/hepenv.tar.gz: (errno 2) No such file or directory
	Partitionable Resources :    Usage  Request Allocated 
	   Cpus                 :                 2         2 
	   Disk (KB)            :       46       32      2048 
	   GPUs                 :                           0 
	   Memory (MB)          :             16000     16000 
...
012 (1247705.000.000) 2025-07-17 17:03:15 Job was held.
	Transfer input files failure at access point tamsa2 while sending files to execution point slot1_20@node-w8.localdomain. Details: reading from file /data6/Users/achihwan/hepenv.tar.gz: (errno 2) No such file or directory
	Code 13 Subcode 2
...
009 (1247705.000.000) 2025-07-17 17:05:02 Job was aborted.
	via condor_rm (by user achihwan)
...
000 (1247765.000.000) 2025-07-17 17:05:07 Job submitted from host: <172.30.1.200:9618?addrs=172.30.1.200-9618&alias=tamsa2&noUDP&sock=schedd_2531_a24a>
...
040 (1247765.000.000) 2025-07-17 17:05:26 Started transferring input files
	Transferring to host: <172.30.1.208:9618?addrs=172.30.1.208-9618&alias=node-w8.localdomain&noUDP&sock=slot1_13_4971_44e3_56755>
...
040 (1247765.000.000) 2025-07-17 17:05:26 Finished transferring input files
...
040 (1247765.000.000) 2025-07-17 17:05:27 Started transferring output files
...
021 (1247765.000.000) 2025-07-17 17:05:27 Error from starter on slot1_13@node-w8.localdomain:
	Failed to transfer files: SHADOW at 172.30.1.200 failed to send file(s) to <172.30.1.208:42687>: |Error: reading from file /data6/Users/achihwan/hepenv.tar.gz: (errno 2) No such file or directory; STARTER failed to receive file(s) from <172.30.1.200:9618>
	Code 13 Subcode 2
...
004 (1247765.000.000) 2025-07-17 17:05:27 Job was evicted.
	(0) CPU times
		Usr 0 00:00:00, Sys 0 00:00:00  -  Run Remote Usage
		Usr 0 00:00:00, Sys 0 00:00:00  -  Run Local Usage
	0  -  Run Bytes Sent By Job
	30221  -  Run Bytes Received By Job
	Transfer input files failure at access point tamsa2 while sending files to execution point slot1_13@node-w8.localdomain. Details: reading from file /data6/Users/achihwan/hepenv.tar.gz: (errno 2) No such file or directory
	Partitionable Resources :    Usage  Request Allocated 
	   Cpus                 :                 2         2 
	   Disk (KB)            :       46       32      2048 
	   GPUs                 :                           0 
	   Memory (MB)          :             16000     16000 
...
012 (1247765.000.000) 2025-07-17 17:05:27 Job was held.
	Transfer input files failure at access point tamsa2 while sending files to execution point slot1_13@node-w8.localdomain. Details: reading from file /data6/Users/achihwan/hepenv.tar.gz: (errno 2) No such file or directory
	Code 13 Subcode 2
...
009 (1247765.000.000) 2025-07-17 17:06:33 Job was aborted.
	via condor_rm (by user achihwan)
...
000 (1247824.000.000) 2025-07-17 17:06:37 Job submitted from host: <172.30.1.200:9618?addrs=172.30.1.200-9618&alias=tamsa2&noUDP&sock=schedd_2531_a24a>
...
040 (1247824.000.000) 2025-07-17 17:06:48 Started transferring input files
	Transferring to host: <172.30.1.205:9618?addrs=172.30.1.205-9618&alias=node-w5.localdomain&noUDP&sock=slot1_1_5098_c088_47691>
...
001 (1247824.000.000) 2025-07-17 17:06:48 Job executing on host: <172.30.1.205:9618?addrs=172.30.1.205-9618&alias=node-w5.localdomain&noUDP&sock=startd_5064_0faf>
	SlotName: slot1_1@node-w5.localdomain
	CondorScratchDir = "/var/lib/condor/execute/dir_2820715"
	Cpus = 2
	Disk = 2048
	GPUs = 0
	Memory = 16000
...
040 (1247824.000.000) 2025-07-17 17:06:48 Finished transferring input files
...
006 (1247824.000.000) 2025-07-17 17:06:53 Image size of job updated: 92
	1  -  MemoryUsage of job (MB)
	8  -  ResidentSetSize of job (KB)
...
040 (1247824.000.000) 2025-07-17 17:06:53 Started transferring output files
...
040 (1247824.000.000) 2025-07-17 17:06:53 Finished transferring output files
...
021 (1247824.000.000) 2025-07-17 17:06:53 Error from starter on slot1_1@node-w5.localdomain:
	STARTER at 172.30.1.205 failed to send file(s) to <172.30.1.200:9618>: |Error: reading from file /var/lib/condor/execute/dir_2820715/*.png: (errno 2) No such file or directory; SHADOW failed to receive file(s) from <172.30.1.205:45623>
	Code 13 Subcode 2
...
004 (1247824.000.000) 2025-07-17 17:06:53 Job was evicted.
	(0) CPU times
		Usr 0 00:00:00, Sys 0 00:00:00  -  Run Remote Usage
		Usr 0 00:00:00, Sys 0 00:00:00  -  Run Local Usage
	297  -  Run Bytes Sent By Job
	30221  -  Run Bytes Received By Job
	Transfer output files failure at execution point slot1_1@node-w5.localdomain while sending files to access point tamsa2. Details: reading from file /var/lib/condor/execute/dir_2820715/*.png: (errno 2) No such file or directory
	Partitionable Resources :    Usage  Request Allocated 
	   Cpus                 :        0        2         2 
	   Disk (KB)            :       52       32      2048 
	   GPUs                 :                           0 
	   Memory (MB)          :        1    16000     16000 
	   TimeExecute (s)      :        5                    
	   TimeSlotBusy (s)     :        5                    
...
012 (1247824.000.000) 2025-07-17 17:06:53 Job was held.
	Transfer output files failure at execution point slot1_1@node-w5.localdomain while sending files to access point tamsa2. Details: reading from file /var/lib/condor/execute/dir_2820715/*.png: (errno 2) No such file or directory
	Code 12 Subcode 2
...
009 (1247824.000.000) 2025-07-17 17:08:13 Job was aborted.
	via condor_rm (by user achihwan)

	Job terminated by itself at 2025-07-17T08:06:53Z (using method 0: OF_ITS_OWN_ACCORD).
...
000 (1247883.000.000) 2025-07-17 17:08:23 Job submitted from host: <172.30.1.200:9618?addrs=172.30.1.200-9618&alias=tamsa2&noUDP&sock=schedd_2531_a24a>
...
009 (1247883.000.000) 2025-07-17 17:08:34 Job was aborted.
	via condor_rm (by user achihwan)
...
000 (1247942.000.000) 2025-07-17 17:08:52 Job submitted from host: <172.30.1.200:9618?addrs=172.30.1.200-9618&alias=tamsa2&noUDP&sock=schedd_2531_a24a>
...
040 (1247942.000.000) 2025-07-17 17:09:03 Started transferring input files
	Transferring to host: <172.30.1.210:9618?addrs=172.30.1.210-9618&alias=node-w10.localdomain&noUDP&sock=slot1_18_4947_5be2_33422>
...
001 (1247942.000.000) 2025-07-17 17:09:03 Job executing on host: <172.30.1.210:9618?addrs=172.30.1.210-9618&alias=node-w10.localdomain&noUDP&sock=startd_4913_7ce2>
	SlotName: slot1_18@node-w10.localdomain
	CondorScratchDir = "/var/lib/condor/execute/dir_3645429"
	Cpus = 2
	Disk = 2048
	GPUs = 0
	Memory = 16000
...
040 (1247942.000.000) 2025-07-17 17:09:03 Finished transferring input files
...
006 (1247942.000.000) 2025-07-17 17:09:08 Image size of job updated: 116
	1  -  MemoryUsage of job (MB)
	8  -  ResidentSetSize of job (KB)
...
040 (1247942.000.000) 2025-07-17 17:09:08 Started transferring output files
...
040 (1247942.000.000) 2025-07-17 17:09:09 Finished transferring output files
...
021 (1247942.000.000) 2025-07-17 17:09:09 Error from starter on slot1_18@node-w10.localdomain:
	STARTER at 172.30.1.210 failed to send file(s) to <172.30.1.200:9618>: |Error: reading from file /var/lib/condor/execute/dir_3645429/*.png: (errno 2) No such file or directory; SHADOW failed to receive file(s) from <172.30.1.210:36761>
	Code 13 Subcode 2
...
004 (1247942.000.000) 2025-07-17 17:09:09 Job was evicted.
	(0) CPU times
		Usr 0 00:00:00, Sys 0 00:00:00  -  Run Remote Usage
		Usr 0 00:00:00, Sys 0 00:00:00  -  Run Local Usage
	297  -  Run Bytes Sent By Job
	30221  -  Run Bytes Received By Job
	Transfer output files failure at execution point slot1_18@node-w10.localdomain while sending files to access point tamsa2. Details: reading from file /var/lib/condor/execute/dir_3645429/*.png: (errno 2) No such file or directory
	Partitionable Resources :    Usage  Request Allocated 
	   Cpus                 :        0        2         2 
	   Disk (KB)            :       52       32      2048 
	   GPUs                 :                           0 
	   Memory (MB)          :        1    16000     16000 
	   TimeExecute (s)      :        5                    
	   TimeSlotBusy (s)     :        6                    
...
012 (1247942.000.000) 2025-07-17 17:09:09 Job was held.
	Transfer output files failure at execution point slot1_18@node-w10.localdomain while sending files to access point tamsa2. Details: reading from file /var/lib/condor/execute/dir_3645429/*.png: (errno 2) No such file or directory
	Code 12 Subcode 2
...
009 (1247942.000.000) 2025-07-17 17:10:28 Job was aborted.
	via condor_rm (by user achihwan)

	Job terminated by itself at 2025-07-17T08:09:08Z (using method 0: OF_ITS_OWN_ACCORD).
...
000 (1248002.000.000) 2025-07-17 17:10:35 Job submitted from host: <172.30.1.200:9618?addrs=172.30.1.200-9618&alias=tamsa2&noUDP&sock=schedd_2531_a24a>
...
040 (1248002.000.000) 2025-07-17 17:10:45 Started transferring input files
	Transferring to host: <172.30.1.105:9618?addrs=172.30.1.105-9618&alias=node-g5.localdomain&noUDP&sock=slot1_5_5280_fcd0_13884>
...
040 (1248002.000.000) 2025-07-17 17:10:45 Finished transferring input files
...
001 (1248002.000.000) 2025-07-17 17:10:45 Job executing on host: <172.30.1.105:9618?addrs=172.30.1.105-9618&alias=node-g5.localdomain&noUDP&sock=startd_5246_e5ec>
	SlotName: slot1_5@node-g5.localdomain
	CondorScratchDir = "/var/lib/condor/execute/dir_2568429"
	Cpus = 2
	Disk = 2048
	GPUs = 0
	Memory = 16000
...
006 (1248002.000.000) 2025-07-17 17:10:50 Image size of job updated: 148
	1  -  MemoryUsage of job (MB)
	8  -  ResidentSetSize of job (KB)
...
040 (1248002.000.000) 2025-07-17 17:10:50 Started transferring output files
...
040 (1248002.000.000) 2025-07-17 17:10:50 Finished transferring output files
...
021 (1248002.000.000) 2025-07-17 17:10:50 Error from starter on slot1_5@node-g5.localdomain:
	STARTER at 172.30.1.105 failed to send file(s) to <172.30.1.200:9618>: |Error: reading from file /var/lib/condor/execute/dir_2568429/*.png: (errno 2) No such file or directory; SHADOW failed to receive file(s) from <172.30.1.105:44165>
	Code 13 Subcode 2
...
004 (1248002.000.000) 2025-07-17 17:10:50 Job was evicted.
	(0) CPU times
		Usr 0 00:00:00, Sys 0 00:00:00  -  Run Remote Usage
		Usr 0 00:00:00, Sys 0 00:00:00  -  Run Local Usage
	319  -  Run Bytes Sent By Job
	30221  -  Run Bytes Received By Job
	Transfer output files failure at execution point slot1_5@node-g5.localdomain while sending files to access point tamsa2. Details: reading from file /var/lib/condor/execute/dir_2568429/*.png: (errno 2) No such file or directory
	Partitionable Resources :    Usage  Request Allocated 
	   Cpus                 :                 2         2 
	   Disk (KB)            :       46       32      2048 
	   GPUs                 :                           0 
	   Memory (MB)          :        1    16000     16000 
	   TimeExecute (s)      :        5                    
	   TimeSlotBusy (s)     :        6                    
...
012 (1248002.000.000) 2025-07-17 17:10:51 Job was held.
	Transfer output files failure at execution point slot1_5@node-g5.localdomain while sending files to access point tamsa2. Details: reading from file /var/lib/condor/execute/dir_2568429/*.png: (errno 2) No such file or directory
	Code 12 Subcode 2
...
009 (1248002.000.000) 2025-07-17 17:11:47 Job was aborted.
	via condor_rm (by user achihwan)

	Job terminated by itself at 2025-07-17T08:10:50Z (using method 0: OF_ITS_OWN_ACCORD).
...
000 (1248062.000.000) 2025-07-17 17:12:02 Job submitted from host: <172.30.1.200:9618?addrs=172.30.1.200-9618&alias=tamsa2&noUDP&sock=schedd_2531_a24a>
...
040 (1248062.000.000) 2025-07-17 17:12:22 Started transferring input files
	Transferring to host: <172.30.1.110:9618?addrs=172.30.1.110-9618&alias=node-g10.localdomain&noUDP&sock=slot1_3_6414_fe3e_19804>
...
001 (1248062.000.000) 2025-07-17 17:12:22 Job executing on host: <172.30.1.110:9618?addrs=172.30.1.110-9618&alias=node-g10.localdomain&noUDP&sock=startd_6380_ba51>
	SlotName: slot1_3@node-g10.localdomain
	CondorScratchDir = "/var/lib/condor/execute/dir_3258401"
	Cpus = 2
	Disk = 2048
	GPUs = 0
	Memory = 16000
...
040 (1248062.000.000) 2025-07-17 17:12:22 Finished transferring input files
...
006 (1248062.000.000) 2025-07-17 17:12:27 Image size of job updated: 128
	1  -  MemoryUsage of job (MB)
	8  -  ResidentSetSize of job (KB)
...
040 (1248062.000.000) 2025-07-17 17:12:27 Started transferring output files
...
040 (1248062.000.000) 2025-07-17 17:12:27 Finished transferring output files
...
021 (1248062.000.000) 2025-07-17 17:12:27 Error from starter on slot1_3@node-g10.localdomain:
	STARTER at 172.30.1.110 failed to send file(s) to <172.30.1.200:9618>: |Error: reading from file /var/lib/condor/execute/dir_3258401/*.png: (errno 2) No such file or directory; SHADOW failed to receive file(s) from <172.30.1.110:44705>
	Code 13 Subcode 2
...
004 (1248062.000.000) 2025-07-17 17:12:27 Job was evicted.
	(0) CPU times
		Usr 0 00:00:00, Sys 0 00:00:00  -  Run Remote Usage
		Usr 0 00:00:00, Sys 0 00:00:00  -  Run Local Usage
	305  -  Run Bytes Sent By Job
	30221  -  Run Bytes Received By Job
	Transfer output files failure at execution point slot1_3@node-g10.localdomain while sending files to access point tamsa2. Details: reading from file /var/lib/condor/execute/dir_3258401/*.png: (errno 2) No such file or directory
	Partitionable Resources :    Usage  Request Allocated 
	   Cpus                 :        0        2         2 
	   Disk (KB)            :       52       32      2048 
	   GPUs                 :                           0 
	   Memory (MB)          :        1    16000     16000 
	   TimeExecute (s)      :        5                    
	   TimeSlotBusy (s)     :        5                    
...
012 (1248062.000.000) 2025-07-17 17:12:27 Job was held.
	Transfer output files failure at execution point slot1_3@node-g10.localdomain while sending files to access point tamsa2. Details: reading from file /var/lib/condor/execute/dir_3258401/*.png: (errno 2) No such file or directory
	Code 12 Subcode 2
...
000 (1248122.000.000) 2025-07-17 17:12:50 Job submitted from host: <172.30.1.200:9618?addrs=172.30.1.200-9618&alias=tamsa2&noUDP&sock=schedd_2531_a24a>
...
009 (1248122.000.000) 2025-07-17 17:13:09 Job was aborted.
	via condor_rm (by user achihwan)
...
009 (1248062.000.000) 2025-07-17 17:13:09 Job was aborted.
	via condor_rm (by user achihwan)

	Job terminated by itself at 2025-07-17T08:12:27Z (using method 0: OF_ITS_OWN_ACCORD).
...
000 (1248181.000.000) 2025-07-17 17:13:16 Job submitted from host: <172.30.1.200:9618?addrs=172.30.1.200-9618&alias=tamsa2&noUDP&sock=schedd_2531_a24a>
...
009 (1248181.000.000) 2025-07-17 17:14:42 Job was aborted.
	via condor_rm (by user achihwan)
...
000 (1248240.000.000) 2025-07-17 17:14:49 Job submitted from host: <172.30.1.200:9618?addrs=172.30.1.200-9618&alias=tamsa2&noUDP&sock=schedd_2531_a24a>
...
040 (1248240.000.000) 2025-07-17 17:17:13 Started transferring input files
	Transferring to host: <172.30.1.208:9618?addrs=172.30.1.208-9618&alias=node-w8.localdomain&noUDP&sock=slot1_5_4971_44e3_56787>
...
001 (1248240.000.000) 2025-07-17 17:17:13 Job executing on host: <172.30.1.208:9618?addrs=172.30.1.208-9618&alias=node-w8.localdomain&noUDP&sock=startd_4937_f328>
	SlotName: slot1_5@node-w8.localdomain
	CondorScratchDir = "/var/lib/condor/execute/dir_1014958"
	Cpus = 2
	Disk = 2048
	GPUs = 0
	Memory = 16000
...
040 (1248240.000.000) 2025-07-17 17:17:13 Finished transferring input files
...
006 (1248240.000.000) 2025-07-17 17:17:19 Image size of job updated: 108
	1  -  MemoryUsage of job (MB)
	8  -  ResidentSetSize of job (KB)
...
040 (1248240.000.000) 2025-07-17 17:17:19 Started transferring output files
...
040 (1248240.000.000) 2025-07-17 17:17:19 Finished transferring output files
...
021 (1248240.000.000) 2025-07-17 17:17:19 Error from starter on slot1_5@node-w8.localdomain:
	STARTER at 172.30.1.208 failed to send file(s) to <172.30.1.200:9618>: |Error: reading from file /var/lib/condor/execute/dir_1014958/*.png: (errno 2) No such file or directory; SHADOW failed to receive file(s) from <172.30.1.208:43229>
	Code 13 Subcode 2
...
004 (1248240.000.000) 2025-07-17 17:17:19 Job was evicted.
	(0) CPU times
		Usr 0 00:00:00, Sys 0 00:00:00  -  Run Remote Usage
		Usr 0 00:00:00, Sys 0 00:00:00  -  Run Local Usage
	298  -  Run Bytes Sent By Job
	30218  -  Run Bytes Received By Job
	Transfer output files failure at execution point slot1_5@node-w8.localdomain while sending files to access point tamsa2. Details: reading from file /var/lib/condor/execute/dir_1014958/*.png: (errno 2) No such file or directory
	Partitionable Resources :    Usage  Request Allocated 
	   Cpus                 :        0        2         2 
	   Disk (KB)            :       52       32      2048 
	   GPUs                 :                           0 
	   Memory (MB)          :        1    16000     16000 
	   TimeExecute (s)      :        6                    
	   TimeSlotBusy (s)     :        6                    
...
012 (1248240.000.000) 2025-07-17 17:17:19 Job was held.
	Transfer output files failure at execution point slot1_5@node-w8.localdomain while sending files to access point tamsa2. Details: reading from file /var/lib/condor/execute/dir_1014958/*.png: (errno 2) No such file or directory
	Code 12 Subcode 2
...
009 (1248240.000.000) 2025-07-17 17:18:37 Job was aborted.
	via condor_rm (by user achihwan)

	Job terminated by itself at 2025-07-17T08:17:19Z (using method 0: OF_ITS_OWN_ACCORD).
...
000 (1248301.000.000) 2025-07-17 17:23:11 Job submitted from host: <172.30.1.200:9618?addrs=172.30.1.200-9618&alias=tamsa2&noUDP&sock=schedd_2531_a24a>
...
040 (1248301.000.000) 2025-07-17 17:23:30 Started transferring input files
	Transferring to host: <172.30.1.203:9618?addrs=172.30.1.203-9618&alias=node-w3.localdomain&noUDP&sock=slot1_9_4993_c524_82509>
...
001 (1248301.000.000) 2025-07-17 17:23:30 Job executing on host: <172.30.1.203:9618?addrs=172.30.1.203-9618&alias=node-w3.localdomain&noUDP&sock=startd_4959_0a3d>
	SlotName: slot1_9@node-w3.localdomain
	CondorScratchDir = "/var/lib/condor/execute/dir_2418353"
	Cpus = 2
	Disk = 2048
	GPUs = 0
	Memory = 16000
...
040 (1248301.000.000) 2025-07-17 17:23:30 Finished transferring input files
...
006 (1248301.000.000) 2025-07-17 17:23:36 Image size of job updated: 152
	1  -  MemoryUsage of job (MB)
	8  -  ResidentSetSize of job (KB)
...
040 (1248301.000.000) 2025-07-17 17:23:36 Started transferring output files
...
040 (1248301.000.000) 2025-07-17 17:23:36 Finished transferring output files
...
021 (1248301.000.000) 2025-07-17 17:23:36 Error from starter on slot1_9@node-w3.localdomain:
	STARTER at 172.30.1.203 failed to send file(s) to <172.30.1.200:9618>: |Error: reading from file /var/lib/condor/execute/dir_2418353/*.png: (errno 2) No such file or directory; SHADOW failed to receive file(s) from <172.30.1.203:35713>
	Code 13 Subcode 2
...
004 (1248301.000.000) 2025-07-17 17:23:36 Job was evicted.
	(0) CPU times
		Usr 0 00:00:00, Sys 0 00:00:00  -  Run Remote Usage
		Usr 0 00:00:00, Sys 0 00:00:00  -  Run Local Usage
	498  -  Run Bytes Sent By Job
	30296  -  Run Bytes Received By Job
	Transfer output files failure at execution point slot1_9@node-w3.localdomain while sending files to access point tamsa2. Details: reading from file /var/lib/condor/execute/dir_2418353/*.png: (errno 2) No such file or directory
	Partitionable Resources :    Usage  Request Allocated 
	   Cpus                 :        0        2         2 
	   Disk (KB)            :       53       32      2048 
	   GPUs                 :                           0 
	   Memory (MB)          :        1    16000     16000 
	   TimeExecute (s)      :        6                    
	   TimeSlotBusy (s)     :        6                    
...
012 (1248301.000.000) 2025-07-17 17:23:36 Job was held.
	Transfer output files failure at execution point slot1_9@node-w3.localdomain while sending files to access point tamsa2. Details: reading from file /var/lib/condor/execute/dir_2418353/*.png: (errno 2) No such file or directory
	Code 12 Subcode 2
...
009 (1248301.000.000) 2025-07-17 17:28:06 Job was aborted.
	via condor_rm (by user achihwan)

	Job terminated by itself at 2025-07-17T08:23:36Z (using method 0: OF_ITS_OWN_ACCORD).
...
000 (1248362.000.000) 2025-07-17 17:28:11 Job submitted from host: <172.30.1.200:9618?addrs=172.30.1.200-9618&alias=tamsa2&noUDP&sock=schedd_2531_a24a>
...
040 (1248362.000.000) 2025-07-17 17:28:28 Started transferring input files
	Transferring to host: <172.30.1.204:9618?addrs=172.30.1.204-9618&alias=node-w4.localdomain&noUDP&sock=slot1_9_4930_6182_68177>
...
040 (1248362.000.000) 2025-07-17 17:28:31 Finished transferring input files
...
001 (1248362.000.000) 2025-07-17 17:28:31 Job executing on host: <172.30.1.204:9618?addrs=172.30.1.204-9618&alias=node-w4.localdomain&noUDP&sock=startd_4896_d3c6>
	SlotName: slot1_9@node-w4.localdomain
	CondorScratchDir = "/var/lib/condor/execute/dir_2004247"
	Cpus = 2
	Disk = 751616
	GPUs = 0
	Memory = 16000
...
006 (1248362.000.000) 2025-07-17 17:28:45 Image size of job updated: 1021360
	998  -  MemoryUsage of job (MB)
	1021360  -  ResidentSetSize of job (KB)
...
006 (1248362.000.000) 2025-07-17 17:28:55 Image size of job updated: 2199792
	2149  -  MemoryUsage of job (MB)
	2199792  -  ResidentSetSize of job (KB)
...
040 (1248362.000.000) 2025-07-17 17:28:55 Started transferring output files
...
040 (1248362.000.000) 2025-07-17 17:28:55 Finished transferring output files
...
021 (1248362.000.000) 2025-07-17 17:28:55 Error from starter on slot1_9@node-w4.localdomain:
	STARTER at 172.30.1.204 failed to send file(s) to <172.30.1.200:9618>: |Error: reading from file /var/lib/condor/execute/dir_2004247/*.png: (errno 2) No such file or directory; SHADOW failed to receive file(s) from <172.30.1.204:43615>
	Code 13 Subcode 2
...
004 (1248362.000.000) 2025-07-17 17:28:55 Job was evicted.
	(0) CPU times
		Usr 0 00:00:18, Sys 0 00:00:04  -  Run Remote Usage
		Usr 0 00:00:00, Sys 0 00:00:00  -  Run Local Usage
	428  -  Run Bytes Sent By Job
	690287104  -  Run Bytes Received By Job
	Transfer output files failure at execution point slot1_9@node-w4.localdomain while sending files to access point tamsa2. Details: reading from file /var/lib/condor/execute/dir_2004247/*.png: (errno 2) No such file or directory
	Partitionable Resources :    Usage  Request Allocated 
	   Cpus                 :        0        2         2 
	   Disk (KB)            :  2774359   750000    751616 
	   GPUs                 :                           0 
	   Memory (MB)          :     2149    16000     16000 
	   TimeExecute (s)      :       24                    
	   TimeSlotBusy (s)     :       31                    
...
012 (1248362.000.000) 2025-07-17 17:28:55 Job was held.
	Transfer output files failure at execution point slot1_9@node-w4.localdomain while sending files to access point tamsa2. Details: reading from file /var/lib/condor/execute/dir_2004247/*.png: (errno 2) No such file or directory
	Code 12 Subcode 2
...
009 (1248362.000.000) 2025-07-17 17:30:19 Job was aborted.
	via condor_rm (by user achihwan)

	Job terminated by itself at 2025-07-17T08:28:55Z (using method 0: OF_ITS_OWN_ACCORD).
...
000 (1248422.000.000) 2025-07-17 17:33:23 Job submitted from host: <172.30.1.200:9618?addrs=172.30.1.200-9618&alias=tamsa2&noUDP&sock=schedd_2531_a24a>
...
040 (1248422.000.000) 2025-07-17 17:33:49 Entered queue to transfer input files
	Transferring to host: <172.30.1.219:9618?addrs=172.30.1.219-9618&alias=node-w19.localdomain&noUDP&sock=slot1_14_5155_e9eb_110860>
...
040 (1248422.000.000) 2025-07-17 17:33:54 Started transferring input files
	Seconds spent in queue: 5
...
040 (1248422.000.000) 2025-07-17 17:33:58 Finished transferring input files
...
001 (1248422.000.000) 2025-07-17 17:33:58 Job executing on host: <172.30.1.219:9618?addrs=172.30.1.219-9618&alias=node-w19.localdomain&noUDP&sock=startd_5121_2895>
	SlotName: slot1_14@node-w19.localdomain
	CondorScratchDir = "/var/lib/condor/execute/dir_1064726"
	Cpus = 2
	Disk = 751616
	GPUs = 0
	Memory = 16000
...
006 (1248422.000.000) 2025-07-17 17:34:11 Image size of job updated: 1021940
	998  -  MemoryUsage of job (MB)
	1021940  -  ResidentSetSize of job (KB)
...
006 (1248422.000.000) 2025-07-17 17:34:19 Image size of job updated: 2199792
	2149  -  MemoryUsage of job (MB)
	2199792  -  ResidentSetSize of job (KB)
...
040 (1248422.000.000) 2025-07-17 17:34:20 Started transferring output files
	Seconds spent in queue: 31
...
040 (1248422.000.000) 2025-07-17 17:34:20 Finished transferring output files
...
021 (1248422.000.000) 2025-07-17 17:34:20 Error from starter on slot1_14@node-w19.localdomain:
	STARTER at 172.30.1.219 failed to send file(s) to <172.30.1.200:9618>: |Error: reading from file /var/lib/condor/execute/dir_1064726/*.png: (errno 2) No such file or directory; SHADOW failed to receive file(s) from <172.30.1.219:40035>
	Code 13 Subcode 2
...
004 (1248422.000.000) 2025-07-17 17:34:20 Job was evicted.
	(0) CPU times
		Usr 0 00:00:16, Sys 0 00:00:04  -  Run Remote Usage
		Usr 0 00:00:00, Sys 0 00:00:00  -  Run Local Usage
	428  -  Run Bytes Sent By Job
	690287104  -  Run Bytes Received By Job
	Transfer output files failure at execution point slot1_14@node-w19.localdomain while sending files to access point tamsa2. Details: reading from file /var/lib/condor/execute/dir_1064726/*.png: (errno 2) No such file or directory
	Partitionable Resources :    Usage  Request Allocated 
	   Cpus                 :                 2         2 
	   Disk (KB)            :  2774353   750000    751616 
	   GPUs                 :                           0 
	   Memory (MB)          :     2149    16000     16000 
	   TimeExecute (s)      :       21                    
	   TimeSlotBusy (s)     :       36                    
...
012 (1248422.000.000) 2025-07-17 17:34:20 Job was held.
	Transfer output files failure at execution point slot1_14@node-w19.localdomain while sending files to access point tamsa2. Details: reading from file /var/lib/condor/execute/dir_1064726/*.png: (errno 2) No such file or directory
	Code 12 Subcode 2
...
009 (1248422.000.000) 2025-07-17 17:34:44 Job was aborted.
	via condor_rm (by user achihwan)

	Job terminated by itself at 2025-07-17T08:34:19Z (using method 0: OF_ITS_OWN_ACCORD).
...
000 (1248481.000.000) 2025-07-17 17:34:49 Job submitted from host: <172.30.1.200:9618?addrs=172.30.1.200-9618&alias=tamsa2&noUDP&sock=schedd_2531_a24a>
...
040 (1248481.000.000) 2025-07-17 17:35:08 Started transferring input files
	Transferring to host: <172.30.1.107:9618?addrs=172.30.1.107-9618&alias=node-g7.localdomain&noUDP&sock=slot1_3_5631_4c7e_25506>
...
040 (1248481.000.000) 2025-07-17 17:35:11 Finished transferring input files
...
001 (1248481.000.000) 2025-07-17 17:35:11 Job executing on host: <172.30.1.107:9618?addrs=172.30.1.107-9618&alias=node-g7.localdomain&noUDP&sock=startd_5596_f811>
	SlotName: slot1_3@node-g7.localdomain
	CondorScratchDir = "/var/lib/condor/execute/dir_3008518"
	Cpus = 2
	Disk = 751616
	GPUs = 0
	Memory = 16000
...
006 (1248481.000.000) 2025-07-17 17:35:25 Image size of job updated: 1146928
	1121  -  MemoryUsage of job (MB)
	1146928  -  ResidentSetSize of job (KB)
...
006 (1248481.000.000) 2025-07-17 17:35:34 Image size of job updated: 2199792
	2149  -  MemoryUsage of job (MB)
	2199792  -  ResidentSetSize of job (KB)
...
040 (1248481.000.000) 2025-07-17 17:35:34 Started transferring output files
...
040 (1248481.000.000) 2025-07-17 17:35:34 Finished transferring output files
...
021 (1248481.000.000) 2025-07-17 17:35:34 Error from starter on slot1_3@node-g7.localdomain:
	STARTER at 172.30.1.107 failed to send file(s) to <172.30.1.200:9618>: |Error: reading from file /var/lib/condor/execute/dir_3008518/*.png: (errno 2) No such file or directory; SHADOW failed to receive file(s) from <172.30.1.107:39777>
	Code 13 Subcode 2
...
004 (1248481.000.000) 2025-07-17 17:35:34 Job was evicted.
	(0) CPU times
		Usr 0 00:00:16, Sys 0 00:00:03  -  Run Remote Usage
		Usr 0 00:00:00, Sys 0 00:00:00  -  Run Local Usage
	872  -  Run Bytes Sent By Job
	690287104  -  Run Bytes Received By Job
	Transfer output files failure at execution point slot1_3@node-g7.localdomain while sending files to access point tamsa2. Details: reading from file /var/lib/condor/execute/dir_3008518/*.png: (errno 2) No such file or directory
	Partitionable Resources :    Usage  Request Allocated 
	   Cpus                 :        0        2         2 
	   Disk (KB)            :  2774360   750000    751616 
	   GPUs                 :                           0 
	   Memory (MB)          :     2149    16000     16000 
	   TimeExecute (s)      :       23                    
	   TimeSlotBusy (s)     :       29                    
...
012 (1248481.000.000) 2025-07-17 17:35:34 Job was held.
	Transfer output files failure at execution point slot1_3@node-g7.localdomain while sending files to access point tamsa2. Details: reading from file /var/lib/condor/execute/dir_3008518/*.png: (errno 2) No such file or directory
	Code 12 Subcode 2
...
009 (1248481.000.000) 2025-07-17 17:36:48 Job was aborted.
	via condor_rm (by user achihwan)

	Job terminated by itself at 2025-07-17T08:35:34Z (using method 0: OF_ITS_OWN_ACCORD).
...
000 (1250142.000.000) 2025-07-17 17:36:56 Job submitted from host: <172.30.1.200:9618?addrs=172.30.1.200-9618&alias=tamsa2&noUDP&sock=schedd_2531_a24a>
...
040 (1250142.000.000) 2025-07-17 17:40:37 Started transferring input files
	Transferring to host: <172.30.1.202:9618?addrs=172.30.1.202-9618&alias=node-w2.localdomain&noUDP&sock=slot1_21_4999_ff64_66885>
...
040 (1250142.000.000) 2025-07-17 17:40:40 Finished transferring input files
...
001 (1250142.000.000) 2025-07-17 17:40:40 Job executing on host: <172.30.1.202:9618?addrs=172.30.1.202-9618&alias=node-w2.localdomain&noUDP&sock=startd_4964_7836>
	SlotName: slot1_21@node-w2.localdomain
	CondorScratchDir = "/var/lib/condor/execute/dir_2890099"
	Cpus = 2
	Disk = 751616
	GPUs = 0
	Memory = 16000
...
006 (1250142.000.000) 2025-07-17 17:40:53 Image size of job updated: 1009096
	986  -  MemoryUsage of job (MB)
	1009096  -  ResidentSetSize of job (KB)
...
006 (1250142.000.000) 2025-07-17 17:41:02 Image size of job updated: 2199792
	2149  -  MemoryUsage of job (MB)
	2199792  -  ResidentSetSize of job (KB)
...
040 (1250142.000.000) 2025-07-17 17:41:03 Started transferring output files
...
040 (1250142.000.000) 2025-07-17 17:41:03 Finished transferring output files
...
021 (1250142.000.000) 2025-07-17 17:41:03 Error from starter on slot1_21@node-w2.localdomain:
	STARTER at 172.30.1.202 failed to send file(s) to <172.30.1.200:9618>: |Error: reading from file /var/lib/condor/execute/dir_2890099/*.png: (errno 2) No such file or directory; SHADOW failed to receive file(s) from <172.30.1.202:44133>
	Code 13 Subcode 2
...
004 (1250142.000.000) 2025-07-17 17:41:03 Job was evicted.
	(0) CPU times
		Usr 0 00:00:17, Sys 0 00:00:03  -  Run Remote Usage
		Usr 0 00:00:00, Sys 0 00:00:00  -  Run Local Usage
	750  -  Run Bytes Sent By Job
	690287104  -  Run Bytes Received By Job
	Transfer output files failure at execution point slot1_21@node-w2.localdomain while sending files to access point tamsa2. Details: reading from file /var/lib/condor/execute/dir_2890099/*.png: (errno 2) No such file or directory
	Partitionable Resources :    Usage  Request Allocated 
	   Cpus                 :        0        2         2 
	   Disk (KB)            :  2774360   750000    751616 
	   GPUs                 :                           0 
	   Memory (MB)          :     2149    16000     16000 
	   TimeExecute (s)      :       22                    
	   TimeSlotBusy (s)     :       26                    
...
012 (1250142.000.000) 2025-07-17 17:41:03 Job was held.
	Transfer output files failure at execution point slot1_21@node-w2.localdomain while sending files to access point tamsa2. Details: reading from file /var/lib/condor/execute/dir_2890099/*.png: (errno 2) No such file or directory
	Code 12 Subcode 2
...
000 (1251227.000.000) 2025-07-17 17:42:40 Job submitted from host: <172.30.1.200:9618?addrs=172.30.1.200-9618&alias=tamsa2&noUDP&sock=schedd_2531_a24a>
...
009 (1250142.000.000) 2025-07-17 17:42:45 Job was aborted.
	via condor_rm (by user achihwan)

	Job terminated by itself at 2025-07-17T08:41:02Z (using method 0: OF_ITS_OWN_ACCORD).
...
040 (1251227.000.000) 2025-07-17 17:43:01 Started transferring input files
	Transferring to host: <172.30.1.211:9618?addrs=172.30.1.211-9618&alias=node-w11.localdomain&noUDP&sock=slot1_10_4969_dc23_57922>
...
040 (1251227.000.000) 2025-07-17 17:43:05 Finished transferring input files
...
001 (1251227.000.000) 2025-07-17 17:43:05 Job executing on host: <172.30.1.211:9618?addrs=172.30.1.211-9618&alias=node-w11.localdomain&noUDP&sock=startd_4935_93f7>
	SlotName: slot1_10@node-w11.localdomain
	CondorScratchDir = "/var/lib/condor/execute/dir_401345"
	Cpus = 2
	Disk = 751616
	GPUs = 0
	Memory = 16000
...
006 (1251227.000.000) 2025-07-17 17:43:18 Image size of job updated: 1008304
	985  -  MemoryUsage of job (MB)
	1008304  -  ResidentSetSize of job (KB)
...
006 (1251227.000.000) 2025-07-17 17:43:27 Image size of job updated: 2199796
	2149  -  MemoryUsage of job (MB)
	2199796  -  ResidentSetSize of job (KB)
...
040 (1251227.000.000) 2025-07-17 17:43:27 Started transferring output files
...
040 (1251227.000.000) 2025-07-17 17:43:27 Finished transferring output files
...
021 (1251227.000.000) 2025-07-17 17:43:27 Error from starter on slot1_10@node-w11.localdomain:
	STARTER at 172.30.1.211 failed to send file(s) to <172.30.1.200:9618>: |Error: reading from file /var/lib/condor/execute/dir_401345/*.png: (errno 2) No such file or directory; SHADOW failed to receive file(s) from <172.30.1.211:35013>
	Code 13 Subcode 2
...
004 (1251227.000.000) 2025-07-17 17:43:27 Job was evicted.
	(0) CPU times
		Usr 0 00:00:16, Sys 0 00:00:03  -  Run Remote Usage
		Usr 0 00:00:00, Sys 0 00:00:00  -  Run Local Usage
	4432  -  Run Bytes Sent By Job
	690287104  -  Run Bytes Received By Job
	Transfer output files failure at execution point slot1_10@node-w11.localdomain while sending files to access point tamsa2. Details: reading from file /var/lib/condor/execute/dir_401345/*.png: (errno 2) No such file or directory
	Partitionable Resources :    Usage  Request Allocated 
	   Cpus                 :        0        2         2 
	   Disk (KB)            :  2774363   750000    751616 
	   GPUs                 :                           0 
	   Memory (MB)          :     2149    16000     16000 
	   TimeExecute (s)      :       22                    
	   TimeSlotBusy (s)     :       28                    
...
012 (1251227.000.000) 2025-07-17 17:43:28 Job was held.
	Transfer output files failure at execution point slot1_10@node-w11.localdomain while sending files to access point tamsa2. Details: reading from file /var/lib/condor/execute/dir_401345/*.png: (errno 2) No such file or directory
	Code 12 Subcode 2
...
009 (1251227.000.000) 2025-07-17 17:44:17 Job was aborted.
	via condor_rm (by user achihwan)

	Job terminated by itself at 2025-07-17T08:43:27Z (using method 0: OF_ITS_OWN_ACCORD).
...
000 (1253150.000.000) 2025-07-17 17:44:35 Job submitted from host: <172.30.1.200:9618?addrs=172.30.1.200-9618&alias=tamsa2&noUDP&sock=schedd_2531_a24a>
...
040 (1253150.000.000) 2025-07-17 17:44:53 Started transferring input files
	Transferring to host: <172.30.1.219:9618?addrs=172.30.1.219-9618&alias=node-w19.localdomain&noUDP&sock=slot1_17_5155_e9eb_111050>
...
040 (1253150.000.000) 2025-07-17 17:44:55 Finished transferring input files
...
001 (1253150.000.000) 2025-07-17 17:44:55 Job executing on host: <172.30.1.219:9618?addrs=172.30.1.219-9618&alias=node-w19.localdomain&noUDP&sock=startd_5121_2895>
	SlotName: slot1_17@node-w19.localdomain
	CondorScratchDir = "/var/lib/condor/execute/dir_1079219"
	Cpus = 2
	Disk = 751616
	GPUs = 0
	Memory = 16000
...
006 (1253150.000.000) 2025-07-17 17:45:08 Image size of job updated: 1090988
	1066  -  MemoryUsage of job (MB)
	1090988  -  ResidentSetSize of job (KB)
...
006 (1253150.000.000) 2025-07-17 17:45:16 Image size of job updated: 2199788
	2149  -  MemoryUsage of job (MB)
	2199788  -  ResidentSetSize of job (KB)
...
040 (1253150.000.000) 2025-07-17 17:45:17 Started transferring output files
...
040 (1253150.000.000) 2025-07-17 17:45:17 Finished transferring output files
...
021 (1253150.000.000) 2025-07-17 17:45:17 Error from starter on slot1_17@node-w19.localdomain:
	STARTER at 172.30.1.219 failed to send file(s) to <172.30.1.200:9618>: |Error: reading from file /var/lib/condor/execute/dir_1079219/*.png: (errno 2) No such file or directory; SHADOW failed to receive file(s) from <172.30.1.219:41353>
	Code 13 Subcode 2
...
004 (1253150.000.000) 2025-07-17 17:45:17 Job was evicted.
	(0) CPU times
		Usr 0 00:00:16, Sys 0 00:00:04  -  Run Remote Usage
		Usr 0 00:00:00, Sys 0 00:00:00  -  Run Local Usage
	480  -  Run Bytes Sent By Job
	690287104  -  Run Bytes Received By Job
	Transfer output files failure at execution point slot1_17@node-w19.localdomain while sending files to access point tamsa2. Details: reading from file /var/lib/condor/execute/dir_1079219/*.png: (errno 2) No such file or directory
	Partitionable Resources :      Usage  Request Allocated 
	   Cpus                 :       0.01        2         2 
	   Disk (KB)            : 2774360      750000    751616 
	   GPUs                 :                             0 
	   Memory (MB)          :    2149       16000     16000 
	   TimeExecute (s)      :      21                       
	   TimeSlotBusy (s)     :      28                       
...
012 (1253150.000.000) 2025-07-17 17:45:17 Job was held.
	Transfer output files failure at execution point slot1_17@node-w19.localdomain while sending files to access point tamsa2. Details: reading from file /var/lib/condor/execute/dir_1079219/*.png: (errno 2) No such file or directory
	Code 12 Subcode 2
...
009 (1253150.000.000) 2025-07-17 17:54:41 Job was aborted.
	via condor_rm (by user achihwan)

	Job terminated by itself at 2025-07-17T08:45:16Z (using method 0: OF_ITS_OWN_ACCORD).
...
000 (1253217.000.000) 2025-07-17 17:58:18 Job submitted from host: <172.30.1.200:9618?addrs=172.30.1.200-9618&alias=tamsa2&noUDP&sock=schedd_2531_a24a>
...
040 (1253217.000.000) 2025-07-17 17:58:28 Started transferring input files
	Transferring to host: <172.30.1.212:9618?addrs=172.30.1.212-9618&alias=node-w12.localdomain&noUDP&sock=slot1_9_4978_3384_92226>
...
040 (1253217.000.000) 2025-07-17 17:58:33 Finished transferring input files
...
001 (1253217.000.000) 2025-07-17 17:58:33 Job executing on host: <172.30.1.212:9618?addrs=172.30.1.212-9618&alias=node-w12.localdomain&noUDP&sock=startd_4944_c052>
	SlotName: slot1_9@node-w12.localdomain
	CondorScratchDir = "/var/lib/condor/execute/dir_1166317"
	Cpus = 2
	Disk = 751616
	GPUs = 0
	Memory = 16000
...
006 (1253217.000.000) 2025-07-17 17:58:46 Image size of job updated: 730212
	714  -  MemoryUsage of job (MB)
	730212  -  ResidentSetSize of job (KB)
...
006 (1253217.000.000) 2025-07-17 17:59:03 Image size of job updated: 2259692
	2149  -  MemoryUsage of job (MB)
	2199792  -  ResidentSetSize of job (KB)
...
040 (1253217.000.000) 2025-07-17 17:59:04 Started transferring output files
...
040 (1253217.000.000) 2025-07-17 17:59:04 Finished transferring output files
...
021 (1253217.000.000) 2025-07-17 17:59:04 Error from starter on slot1_9@node-w12.localdomain:
	STARTER at 172.30.1.212 failed to send file(s) to <172.30.1.200:9618>: |Error: reading from file /var/lib/condor/execute/dir_1166317/*.png: (errno 2) No such file or directory; SHADOW failed to receive file(s) from <172.30.1.212:40013>
	Code 13 Subcode 2
...
004 (1253217.000.000) 2025-07-17 17:59:04 Job was evicted.
	(0) CPU times
		Usr 0 00:00:24, Sys 0 00:00:04  -  Run Remote Usage
		Usr 0 00:00:00, Sys 0 00:00:00  -  Run Local Usage
	478  -  Run Bytes Sent By Job
	690287104  -  Run Bytes Received By Job
	Transfer output files failure at execution point slot1_9@node-w12.localdomain while sending files to access point tamsa2. Details: reading from file /var/lib/condor/execute/dir_1166317/*.png: (errno 2) No such file or directory
	Partitionable Resources :    Usage  Request Allocated 
	   Cpus                 :        0        2         2 
	   Disk (KB)            :  2774359   750000    751616 
	   GPUs                 :                           0 
	   Memory (MB)          :     2149    16000     16000 
	   TimeExecute (s)      :       30                    
	   TimeSlotBusy (s)     :       36                    
...
012 (1253217.000.000) 2025-07-17 17:59:04 Job was held.
	Transfer output files failure at execution point slot1_9@node-w12.localdomain while sending files to access point tamsa2. Details: reading from file /var/lib/condor/execute/dir_1166317/*.png: (errno 2) No such file or directory
	Code 12 Subcode 2
...
009 (1253217.000.000) 2025-07-17 18:04:59 Job was aborted.
	via condor_rm (by user achihwan)

	Job terminated by itself at 2025-07-17T08:59:03Z (using method 0: OF_ITS_OWN_ACCORD).
...
000 (1253279.000.000) 2025-07-17 18:05:03 Job submitted from host: <172.30.1.200:9618?addrs=172.30.1.200-9618&alias=tamsa2&noUDP&sock=schedd_2531_a24a>
...
040 (1253279.000.000) 2025-07-17 18:05:30 Started transferring input files
	Transferring to host: <172.30.1.212:9618?addrs=172.30.1.212-9618&alias=node-w12.localdomain&noUDP&sock=slot1_18_4978_3384_92309>
...
040 (1253279.000.000) 2025-07-17 18:05:33 Finished transferring input files
...
001 (1253279.000.000) 2025-07-17 18:05:33 Job executing on host: <172.30.1.212:9618?addrs=172.30.1.212-9618&alias=node-w12.localdomain&noUDP&sock=startd_4944_c052>
	SlotName: slot1_18@node-w12.localdomain
	CondorScratchDir = "/var/lib/condor/execute/dir_1174849"
	Cpus = 2
	Disk = 751616
	GPUs = 0
	Memory = 16000
...
006 (1253279.000.000) 2025-07-17 18:05:48 Image size of job updated: 1051044
	1027  -  MemoryUsage of job (MB)
	1051044  -  ResidentSetSize of job (KB)
...
006 (1253279.000.000) 2025-07-17 18:10:48 Image size of job updated: 5591460
	2994  -  MemoryUsage of job (MB)
	3065740  -  ResidentSetSize of job (KB)
...
006 (1253279.000.000) 2025-07-17 18:13:44 Image size of job updated: 5688272
	2994  -  MemoryUsage of job (MB)
	3065740  -  ResidentSetSize of job (KB)
...
004 (1253279.000.000) 2025-07-17 18:13:45 Job was evicted.
	(0) CPU times
		Usr 0 00:05:14, Sys 0 00:01:49  -  Run Remote Usage
		Usr 0 00:00:00, Sys 0 00:00:00  -  Run Local Usage
	0  -  Run Bytes Sent By Job
	690287040  -  Run Bytes Received By Job
	Partitionable Resources :      Usage  Request Allocated 
	   Cpus                 :       0.99        2         2 
	   Disk (KB)            : 2774369      750000    751616 
	   GPUs                 :                             0 
	   Memory (MB)          :    2994       16000     16000 
	   TimeExecute (s)      :     490                       
	   TimeSlotBusy (s)     :     502                       
...
009 (1253279.000.000) 2025-07-17 18:13:45 Job was aborted.
	via condor_rm (by user achihwan)
...
000 (1253344.000.000) 2025-07-17 18:13:48 Job submitted from host: <172.30.1.200:9618?addrs=172.30.1.200-9618&alias=tamsa2&noUDP&sock=schedd_2531_a24a>
...
040 (1253344.000.000) 2025-07-17 18:15:50 Started transferring input files
	Transferring to host: <172.30.1.218:9618?addrs=172.30.1.218-9618&alias=node-w18.localdomain&noUDP&sock=slot1_8_5306_4e91_96563>
...
040 (1253344.000.000) 2025-07-17 18:15:54 Finished transferring input files
...
001 (1253344.000.000) 2025-07-17 18:15:54 Job executing on host: <172.30.1.218:9618?addrs=172.30.1.218-9618&alias=node-w18.localdomain&noUDP&sock=startd_5272_bb62>
	SlotName: slot1_8@node-w18.localdomain
	CondorScratchDir = "/var/lib/condor/execute/dir_2107062"
	Cpus = 2
	Disk = 751616
	GPUs = 0
	Memory = 16000
...
006 (1253344.000.000) 2025-07-17 18:16:08 Image size of job updated: 728244
	712  -  MemoryUsage of job (MB)
	728244  -  ResidentSetSize of job (KB)
...
006 (1253344.000.000) 2025-07-17 18:21:09 Image size of job updated: 5065004
	3747  -  MemoryUsage of job (MB)
	3836868  -  ResidentSetSize of job (KB)
...
004 (1253344.000.000) 2025-07-17 18:23:23 Job was evicted.
	(0) CPU times
		Usr 0 00:06:09, Sys 0 00:00:33  -  Run Remote Usage
		Usr 0 00:00:00, Sys 0 00:00:00  -  Run Local Usage
	0  -  Run Bytes Sent By Job
	690287040  -  Run Bytes Received By Job
	Partitionable Resources :      Usage  Request Allocated 
	   Cpus                 :       0.85        2         2 
	   Disk (KB)            : 2774370      750000    751616 
	   GPUs                 :                             0 
	   Memory (MB)          :    3747       16000     16000 
	   TimeExecute (s)      :     447                       
	   TimeSlotBusy (s)     :     454                       
...
009 (1253344.000.000) 2025-07-17 18:23:23 Job was aborted.
	via condor_rm (by user achihwan)
...
000 (1253424.000.000) 2025-07-17 18:23:26 Job submitted from host: <172.30.1.200:9618?addrs=172.30.1.200-9618&alias=tamsa2&noUDP&sock=schedd_2531_a24a>
...
040 (1253424.000.000) 2025-07-17 18:23:51 Started transferring input files
	Transferring to host: <172.30.1.218:9618?addrs=172.30.1.218-9618&alias=node-w18.localdomain&noUDP&sock=slot1_33_5306_4e91_96586>
...
040 (1253424.000.000) 2025-07-17 18:23:55 Finished transferring input files
...
001 (1253424.000.000) 2025-07-17 18:23:55 Job executing on host: <172.30.1.218:9618?addrs=172.30.1.218-9618&alias=node-w18.localdomain&noUDP&sock=startd_5272_bb62>
	SlotName: slot1_33@node-w18.localdomain
	CondorScratchDir = "/var/lib/condor/execute/dir_2110621"
	Cpus = 2
	Disk = 751616
	GPUs = 0
	Memory = 16000
...
006 (1253424.000.000) 2025-07-17 18:24:09 Image size of job updated: 825908
	807  -  MemoryUsage of job (MB)
	825908  -  ResidentSetSize of job (KB)
...
006 (1253424.000.000) 2025-07-17 18:28:53 Image size of job updated: 4811980
	2149  -  MemoryUsage of job (MB)
	2199800  -  ResidentSetSize of job (KB)
...
004 (1253424.000.000) 2025-07-17 18:28:54 Job was evicted.
	(0) CPU times
		Usr 0 00:04:24, Sys 0 00:00:21  -  Run Remote Usage
		Usr 0 00:00:00, Sys 0 00:00:00  -  Run Local Usage
	0  -  Run Bytes Sent By Job
	690287104  -  Run Bytes Received By Job
	Partitionable Resources :      Usage  Request Allocated 
	   Cpus                 :       0.93        2         2 
	   Disk (KB)            : 2774369      750000    751616 
	   GPUs                 :                             0 
	   Memory (MB)          :    2149       16000     16000 
	   TimeExecute (s)      :     297                       
	   TimeSlotBusy (s)     :     308                       
...
009 (1253424.000.000) 2025-07-17 18:28:54 Job was aborted.
	via condor_rm (by user achihwan)
...
000 (1253484.000.000) 2025-07-17 18:29:03 Job submitted from host: <172.30.1.200:9618?addrs=172.30.1.200-9618&alias=tamsa2&noUDP&sock=schedd_2531_a24a>
...
040 (1253484.000.000) 2025-07-17 18:29:29 Entered queue to transfer input files
	Transferring to host: <172.30.1.218:9618?addrs=172.30.1.218-9618&alias=node-w18.localdomain&noUDP&sock=slot1_29_5306_4e91_96623>
...
040 (1253484.000.000) 2025-07-17 18:29:30 Started transferring input files
	Seconds spent in queue: 1
...
040 (1253484.000.000) 2025-07-17 18:29:34 Finished transferring input files
...
001 (1253484.000.000) 2025-07-17 18:29:34 Job executing on host: <172.30.1.218:9618?addrs=172.30.1.218-9618&alias=node-w18.localdomain&noUDP&sock=startd_5272_bb62>
	SlotName: slot1_29@node-w18.localdomain
	CondorScratchDir = "/var/lib/condor/execute/dir_2114060"
	Cpus = 2
	Disk = 751616
	GPUs = 0
	Memory = 16000
...
006 (1253484.000.000) 2025-07-17 18:29:47 Image size of job updated: 870420
	851  -  MemoryUsage of job (MB)
	870420  -  ResidentSetSize of job (KB)
...
006 (1253484.000.000) 2025-07-17 18:34:48 Image size of job updated: 5461140
	3219  -  MemoryUsage of job (MB)
	3295884  -  ResidentSetSize of job (KB)
...
006 (1253484.000.000) 2025-07-17 18:39:48 Image size of job updated: 6316356
	3625  -  MemoryUsage of job (MB)
	3711608  -  ResidentSetSize of job (KB)
...
006 (1253484.000.000) 2025-07-17 18:44:49 Image size of job updated: 6316356
	3793  -  MemoryUsage of job (MB)
	3883888  -  ResidentSetSize of job (KB)
...
006 (1253484.000.000) 2025-07-17 18:49:50 Image size of job updated: 6316356
	3946  -  MemoryUsage of job (MB)
	4039792  -  ResidentSetSize of job (KB)
...
006 (1253484.000.000) 2025-07-17 18:54:50 Image size of job updated: 6316356
	4149  -  MemoryUsage of job (MB)
	4248336  -  ResidentSetSize of job (KB)
...
040 (1253484.000.000) 2025-07-17 18:56:18 Started transferring output files
	Seconds spent in queue: 1609
...
040 (1253484.000.000) 2025-07-17 18:56:18 Finished transferring output files
...
005 (1253484.000.000) 2025-07-17 18:56:19 Job terminated.
	(1) Normal termination (return value 0)
		Usr 0 00:20:38, Sys 0 00:01:39  -  Run Remote Usage
		Usr 0 00:00:00, Sys 0 00:00:00  -  Run Local Usage
		Usr 0 00:20:38, Sys 0 00:01:39  -  Total Remote Usage
		Usr 0 00:00:00, Sys 0 00:00:00  -  Total Local Usage
	114244  -  Run Bytes Sent By Job
	690287680  -  Run Bytes Received By Job
	114244  -  Total Bytes Sent By Job
	690287680  -  Total Bytes Received By Job
	Partitionable Resources :      Usage  Request Allocated 
	   Cpus                 :       0.86        2         2 
	   Disk (KB)            : 2774567      750000    751616 
	   GPUs                 :                             0 
	   Memory (MB)          :    4149       16000     16000 
	   TimeExecute (s)      :    1604                       
	   TimeSlotBusy (s)     :    1615                       

	Job terminated of its own accord at 2025-07-17T09:56:18Z with exit-code 0.
...
