000 (1246623.000.000) 2025-07-17 16:10:34 Job submitted from host: <172.30.1.200:9618?addrs=172.30.1.200-9618&alias=tamsa2&noUDP&sock=schedd_2531_a24a>
...
040 (1246623.000.000) 2025-07-17 16:10:40 Started transferring input files
	Transferring to host: <172.30.1.212:9618?addrs=172.30.1.212-9618&alias=node-w12.localdomain&noUDP&sock=slot1_11_4978_3384_91469>
...
040 (1246623.000.000) 2025-07-17 16:10:40 Finished transferring input files
...
001 (1246623.000.000) 2025-07-17 16:10:40 Job executing on host: <172.30.1.212:9618?addrs=172.30.1.212-9618&alias=node-w12.localdomain&noUDP&sock=startd_4944_c052>
	SlotName: slot1_11@node-w12.localdomain
	CondorScratchDir = "/var/lib/condor/execute/dir_1034122"
	Cpus = 2
	Disk = 2048
	GPUs = 0
	Memory = 16000
...
021 (1246623.000.000) 2025-07-17 16:10:45 Error from starter on slot1_11@node-w12.localdomain:
	Failed to execute '/var/lib/condor/execute/dir_1034122/run_QCDB_HT200to400.py': (errno=8: 'Exec format error')
	Code 6 Subcode 8
...
004 (1246623.000.000) 2025-07-17 16:10:45 Job was evicted.
	(0) CPU times
		Usr 0 00:00:00, Sys 0 00:00:00  -  Run Remote Usage
		Usr 0 00:00:00, Sys 0 00:00:00  -  Run Local Usage
	0  -  Run Bytes Sent By Job
	33796  -  Run Bytes Received By Job
	Error from slot1_11@node-w12.localdomain: Failed to execute '/var/lib/condor/execute/dir_1034122/run_QCDB_HT200to400.py': (errno=8: 'Exec format error')
	Partitionable Resources :    Usage  Request Allocated 
	   Cpus                 :                 2         2 
	   Disk (KB)            :       35       35      2048 
	   GPUs                 :                           0 
	   Memory (MB)          :             16000     16000 
	   TimeSlotBusy (s)     :        5                    
...
012 (1246623.000.000) 2025-07-17 16:10:45 Job was held.
	Error from slot1_11@node-w12.localdomain: Failed to execute '/var/lib/condor/execute/dir_1034122/run_QCDB_HT200to400.py': (errno=8: 'Exec format error')
	Code 6 Subcode 8
...
009 (1246623.000.000) 2025-07-17 16:11:55 Job was aborted.
	via condor_rm (by user achihwan)
...
000 (1246672.000.000) 2025-07-17 16:14:06 Job submitted from host: <172.30.1.200:9618?addrs=172.30.1.200-9618&alias=tamsa2&noUDP&sock=schedd_2531_a24a>
...
040 (1246672.000.000) 2025-07-17 16:14:23 Started transferring input files
	Transferring to host: <172.30.1.215:9618?addrs=172.30.1.215-9618&alias=node-w15.localdomain&noUDP&sock=slot1_44_5185_0d2c_104782>
...
001 (1246672.000.000) 2025-07-17 16:14:23 Job executing on host: <172.30.1.215:9618?addrs=172.30.1.215-9618&alias=node-w15.localdomain&noUDP&sock=startd_5151_bc6c>
	SlotName: slot1_44@node-w15.localdomain
	CondorScratchDir = "/var/lib/condor/execute/dir_663314"
	Cpus = 2
	Disk = 2048
	GPUs = 0
	Memory = 16000
...
040 (1246672.000.000) 2025-07-17 16:14:23 Finished transferring input files
...
021 (1246672.000.000) 2025-07-17 16:14:28 Error from starter on slot1_44@node-w15.localdomain:
	Failed to execute '/var/lib/condor/execute/dir_663314/run_QCDB_HT200to400.py' with arguments python *.py: (errno=8: 'Exec format error')
	Code 6 Subcode 8
...
004 (1246672.000.000) 2025-07-17 16:14:28 Job was evicted.
	(0) CPU times
		Usr 0 00:00:00, Sys 0 00:00:00  -  Run Remote Usage
		Usr 0 00:00:00, Sys 0 00:00:00  -  Run Local Usage
	0  -  Run Bytes Sent By Job
	33796  -  Run Bytes Received By Job
	Error from slot1_44@node-w15.localdomain: Failed to execute '/var/lib/condor/execute/dir_663314/run_QCDB_HT200to400.py' with arguments python *.py: (errno=8: 'Exec format error')
	Partitionable Resources :    Usage  Request Allocated 
	   Cpus                 :                 2         2 
	   Disk (KB)            :       35       35      2048 
	   GPUs                 :                           0 
	   Memory (MB)          :             16000     16000 
	   TimeSlotBusy (s)     :        5                    
...
012 (1246672.000.000) 2025-07-17 16:14:28 Job was held.
	Error from slot1_44@node-w15.localdomain: Failed to execute '/var/lib/condor/execute/dir_663314/run_QCDB_HT200to400.py' with arguments python *.py: (errno=8: 'Exec format error')
	Code 6 Subcode 8
...
009 (1246672.000.000) 2025-07-17 16:16:03 Job was aborted.
	via condor_rm (by user achihwan)
...
000 (1247372.000.000) 2025-07-17 16:30:13 Job submitted from host: <172.30.1.200:9618?addrs=172.30.1.200-9618&alias=tamsa2&noUDP&sock=schedd_2531_a24a>
...
040 (1247372.000.000) 2025-07-17 16:30:14 Started transferring input files
	Transferring to host: <172.30.1.206:9618?addrs=172.30.1.206-9618&alias=node-w6.localdomain&noUDP&sock=slot1_1_4969_dc23_29352>
...
001 (1247372.000.000) 2025-07-17 16:30:14 Job executing on host: <172.30.1.206:9618?addrs=172.30.1.206-9618&alias=node-w6.localdomain&noUDP&sock=startd_4935_93f7>
	SlotName: slot1_1@node-w6.localdomain
	CondorScratchDir = "/var/lib/condor/execute/dir_424148"
	Cpus = 2
	Disk = 2048
	GPUs = 0
	Memory = 16000
...
040 (1247372.000.000) 2025-07-17 16:30:14 Finished transferring input files
...
006 (1247372.000.000) 2025-07-17 16:30:20 Image size of job updated: 120
	1  -  MemoryUsage of job (MB)
	4  -  ResidentSetSize of job (KB)
...
040 (1247372.000.000) 2025-07-17 16:30:20 Started transferring output files
...
040 (1247372.000.000) 2025-07-17 16:30:20 Finished transferring output files
...
021 (1247372.000.000) 2025-07-17 16:30:20 Error from starter on slot1_1@node-w6.localdomain:
	STARTER at 172.30.1.206 failed to send file(s) to <172.30.1.200:9618>: |Error: reading from file /var/lib/condor/execute/dir_424148/*.png: (errno 2) No such file or directory; SHADOW failed to receive file(s) from <172.30.1.206:45521>
	Code 13 Subcode 2
...
004 (1247372.000.000) 2025-07-17 16:30:20 Job was evicted.
	(0) CPU times
		Usr 0 00:00:00, Sys 0 00:00:00  -  Run Remote Usage
		Usr 0 00:00:00, Sys 0 00:00:00  -  Run Local Usage
	146  -  Run Bytes Sent By Job
	33849  -  Run Bytes Received By Job
	Transfer output files failure at execution point slot1_1@node-w6.localdomain while sending files to access point tamsa2. Details: reading from file /var/lib/condor/execute/dir_424148/*.png: (errno 2) No such file or directory
	Partitionable Resources :    Usage  Request Allocated 
	   Cpus                 :        0        2         2 
	   Disk (KB)            :       56       35      2048 
	   GPUs                 :                           0 
	   Memory (MB)          :        1    16000     16000 
	   TimeExecute (s)      :        6                    
	   TimeSlotBusy (s)     :        6                    
...
012 (1247372.000.000) 2025-07-17 16:30:20 Job was held.
	Transfer output files failure at execution point slot1_1@node-w6.localdomain while sending files to access point tamsa2. Details: reading from file /var/lib/condor/execute/dir_424148/*.png: (errno 2) No such file or directory
	Code 12 Subcode 2
...
009 (1247372.000.000) 2025-07-17 16:32:04 Job was aborted.
	via condor_rm (by user achihwan)

	Job terminated by itself at 2025-07-17T07:30:20Z (using method 0: OF_ITS_OWN_ACCORD).
...
000 (1247432.000.000) 2025-07-17 16:32:06 Job submitted from host: <172.30.1.200:9618?addrs=172.30.1.200-9618&alias=tamsa2&noUDP&sock=schedd_2531_a24a>
...
040 (1247432.000.000) 2025-07-17 16:32:07 Started transferring input files
	Transferring to host: <172.30.1.104:9618?addrs=172.30.1.104-9618&alias=node-g4.localdomain&noUDP&sock=slot1_5_5231_766e_14660>
...
001 (1247432.000.000) 2025-07-17 16:32:07 Job executing on host: <172.30.1.104:9618?addrs=172.30.1.104-9618&alias=node-g4.localdomain&noUDP&sock=startd_5197_49c8>
	SlotName: slot1_5@node-g4.localdomain
	CondorScratchDir = "/var/lib/condor/execute/dir_3371929"
	Cpus = 2
	Disk = 2048
	GPUs = 0
	Memory = 16000
...
040 (1247432.000.000) 2025-07-17 16:32:07 Finished transferring input files
...
006 (1247432.000.000) 2025-07-17 16:32:12 Image size of job updated: 112
	1  -  MemoryUsage of job (MB)
	4  -  ResidentSetSize of job (KB)
...
040 (1247432.000.000) 2025-07-17 16:32:12 Started transferring output files
...
040 (1247432.000.000) 2025-07-17 16:32:12 Finished transferring output files
...
021 (1247432.000.000) 2025-07-17 16:32:12 Error from starter on slot1_5@node-g4.localdomain:
	STARTER at 172.30.1.104 failed to send file(s) to <172.30.1.200:9618>: |Error: reading from file /var/lib/condor/execute/dir_3371929/*.png: (errno 2) No such file or directory; SHADOW failed to receive file(s) from <172.30.1.104:32949>
	Code 13 Subcode 2
...
004 (1247432.000.000) 2025-07-17 16:32:12 Job was evicted.
	(0) CPU times
		Usr 0 00:00:00, Sys 0 00:00:00  -  Run Remote Usage
		Usr 0 00:00:00, Sys 0 00:00:00  -  Run Local Usage
	118  -  Run Bytes Sent By Job
	33838  -  Run Bytes Received By Job
	Transfer output files failure at execution point slot1_5@node-g4.localdomain while sending files to access point tamsa2. Details: reading from file /var/lib/condor/execute/dir_3371929/*.png: (errno 2) No such file or directory
	Partitionable Resources :    Usage  Request Allocated 
	   Cpus                 :        0        2         2 
	   Disk (KB)            :       56       35      2048 
	   GPUs                 :                           0 
	   Memory (MB)          :        1    16000     16000 
	   TimeExecute (s)      :        5                    
	   TimeSlotBusy (s)     :        5                    
...
012 (1247432.000.000) 2025-07-17 16:32:13 Job was held.
	Transfer output files failure at execution point slot1_5@node-g4.localdomain while sending files to access point tamsa2. Details: reading from file /var/lib/condor/execute/dir_3371929/*.png: (errno 2) No such file or directory
	Code 12 Subcode 2
...
009 (1247432.000.000) 2025-07-17 16:36:30 Job was aborted.
	via condor_rm (by user achihwan)

	Job terminated by itself at 2025-07-17T07:32:12Z (using method 0: OF_ITS_OWN_ACCORD).
...
000 (1247492.000.000) 2025-07-17 16:36:33 Job submitted from host: <172.30.1.200:9618?addrs=172.30.1.200-9618&alias=tamsa2&noUDP&sock=schedd_2531_a24a>
...
040 (1247492.000.000) 2025-07-17 16:36:34 Started transferring input files
	Transferring to host: <172.30.1.213:9618?addrs=172.30.1.213-9618&alias=node-w13.localdomain&noUDP&sock=slot1_12_4972_f943_93904>
...
001 (1247492.000.000) 2025-07-17 16:36:34 Job executing on host: <172.30.1.213:9618?addrs=172.30.1.213-9618&alias=node-w13.localdomain&noUDP&sock=startd_4938_a2c0>
	SlotName: slot1_12@node-w13.localdomain
	CondorScratchDir = "/var/lib/condor/execute/dir_3821774"
	Cpus = 2
	Disk = 2048
	GPUs = 0
	Memory = 16000
...
040 (1247492.000.000) 2025-07-17 16:36:34 Finished transferring input files
...
006 (1247492.000.000) 2025-07-17 16:36:39 Image size of job updated: 20
	1  -  MemoryUsage of job (MB)
	8  -  ResidentSetSize of job (KB)
...
040 (1247492.000.000) 2025-07-17 16:36:39 Started transferring output files
...
040 (1247492.000.000) 2025-07-17 16:36:39 Finished transferring output files
...
021 (1247492.000.000) 2025-07-17 16:36:39 Error from starter on slot1_12@node-w13.localdomain:
	STARTER at 172.30.1.213 failed to send file(s) to <172.30.1.200:9618>: |Error: reading from file /var/lib/condor/execute/dir_3821774/*.png: (errno 2) No such file or directory; SHADOW failed to receive file(s) from <172.30.1.213:37151>
	Code 13 Subcode 2
...
004 (1247492.000.000) 2025-07-17 16:36:39 Job was evicted.
	(0) CPU times
		Usr 0 00:00:00, Sys 0 00:00:00  -  Run Remote Usage
		Usr 0 00:00:00, Sys 0 00:00:00  -  Run Local Usage
	223  -  Run Bytes Sent By Job
	33842  -  Run Bytes Received By Job
	Transfer output files failure at execution point slot1_12@node-w13.localdomain while sending files to access point tamsa2. Details: reading from file /var/lib/condor/execute/dir_3821774/*.png: (errno 2) No such file or directory
	Partitionable Resources :    Usage  Request Allocated 
	   Cpus                 :        0        2         2 
	   Disk (KB)            :       56       35      2048 
	   GPUs                 :                           0 
	   Memory (MB)          :        1    16000     16000 
	   TimeExecute (s)      :        5                    
	   TimeSlotBusy (s)     :        5                    
...
012 (1247492.000.000) 2025-07-17 16:36:39 Job was held.
	Transfer output files failure at execution point slot1_12@node-w13.localdomain while sending files to access point tamsa2. Details: reading from file /var/lib/condor/execute/dir_3821774/*.png: (errno 2) No such file or directory
	Code 12 Subcode 2
...
009 (1247492.000.000) 2025-07-17 16:38:10 Job was aborted.
	via condor_rm (by user achihwan)

	Job terminated by itself at 2025-07-17T07:36:39Z (using method 0: OF_ITS_OWN_ACCORD).
...
000 (1247551.000.000) 2025-07-17 16:38:15 Job submitted from host: <172.30.1.200:9618?addrs=172.30.1.200-9618&alias=tamsa2&noUDP&sock=schedd_2531_a24a>
...
040 (1247551.000.000) 2025-07-17 16:38:16 Started transferring input files
	Transferring to host: <172.30.1.211:9618?addrs=172.30.1.211-9618&alias=node-w11.localdomain&noUDP&sock=slot1_9_4969_dc23_57639>
...
001 (1247551.000.000) 2025-07-17 16:38:16 Job executing on host: <172.30.1.211:9618?addrs=172.30.1.211-9618&alias=node-w11.localdomain&noUDP&sock=startd_4935_93f7>
	SlotName: slot1_9@node-w11.localdomain
	CondorScratchDir = "/var/lib/condor/execute/dir_354472"
	Cpus = 2
	Disk = 2048
	GPUs = 0
	Memory = 16000
...
040 (1247551.000.000) 2025-07-17 16:38:16 Finished transferring input files
...
006 (1247551.000.000) 2025-07-17 16:38:21 Image size of job updated: 168
	1  -  MemoryUsage of job (MB)
	8  -  ResidentSetSize of job (KB)
...
040 (1247551.000.000) 2025-07-17 16:38:21 Started transferring output files
...
040 (1247551.000.000) 2025-07-17 16:38:21 Finished transferring output files
...
021 (1247551.000.000) 2025-07-17 16:38:22 Error from starter on slot1_9@node-w11.localdomain:
	STARTER at 172.30.1.211 failed to send file(s) to <172.30.1.200:9618>: |Error: reading from file /var/lib/condor/execute/dir_354472/*.png: (errno 2) No such file or directory; SHADOW failed to receive file(s) from <172.30.1.211:38779>
	Code 13 Subcode 2
...
004 (1247551.000.000) 2025-07-17 16:38:22 Job was evicted.
	(0) CPU times
		Usr 0 00:00:00, Sys 0 00:00:00  -  Run Remote Usage
		Usr 0 00:00:00, Sys 0 00:00:00  -  Run Local Usage
	292  -  Run Bytes Sent By Job
	33846  -  Run Bytes Received By Job
	Transfer output files failure at execution point slot1_9@node-w11.localdomain while sending files to access point tamsa2. Details: reading from file /var/lib/condor/execute/dir_354472/*.png: (errno 2) No such file or directory
	Partitionable Resources :    Usage  Request Allocated 
	   Cpus                 :        0        2         2 
	   Disk (KB)            :       56       35      2048 
	   GPUs                 :                           0 
	   Memory (MB)          :        1    16000     16000 
	   TimeExecute (s)      :        5                    
	   TimeSlotBusy (s)     :        6                    
...
012 (1247551.000.000) 2025-07-17 16:38:22 Job was held.
	Transfer output files failure at execution point slot1_9@node-w11.localdomain while sending files to access point tamsa2. Details: reading from file /var/lib/condor/execute/dir_354472/*.png: (errno 2) No such file or directory
	Code 12 Subcode 2
...
009 (1247551.000.000) 2025-07-17 16:41:21 Job was aborted.
	via condor_rm (by user achihwan)

	Job terminated by itself at 2025-07-17T07:38:21Z (using method 0: OF_ITS_OWN_ACCORD).
...
000 (1247613.000.000) 2025-07-17 16:51:10 Job submitted from host: <172.30.1.200:9618?addrs=172.30.1.200-9618&alias=tamsa2&noUDP&sock=schedd_2531_a24a>
...
040 (1247613.000.000) 2025-07-17 16:51:12 Started transferring input files
	Transferring to host: <172.30.1.213:9618?addrs=172.30.1.213-9618&alias=node-w13.localdomain&noUDP&sock=slot1_22_4972_f943_94018>
...
040 (1247613.000.000) 2025-07-17 16:51:16 Finished transferring input files
...
001 (1247613.000.000) 2025-07-17 16:51:16 Job executing on host: <172.30.1.213:9618?addrs=172.30.1.213-9618&alias=node-w13.localdomain&noUDP&sock=startd_4938_a2c0>
	SlotName: slot1_22@node-w13.localdomain
	CondorScratchDir = "/var/lib/condor/execute/dir_3840193"
	Cpus = 2
	Disk = 751616
	GPUs = 0
	Memory = 16000
...
006 (1247613.000.000) 2025-07-17 16:51:30 Image size of job updated: 791360
	773  -  MemoryUsage of job (MB)
	791360  -  ResidentSetSize of job (KB)
...
006 (1247613.000.000) 2025-07-17 16:51:45 Image size of job updated: 2199792
	2149  -  MemoryUsage of job (MB)
	2199792  -  ResidentSetSize of job (KB)
...
040 (1247613.000.000) 2025-07-17 16:51:46 Started transferring output files
...
040 (1247613.000.000) 2025-07-17 16:51:46 Finished transferring output files
...
021 (1247613.000.000) 2025-07-17 16:51:46 Error from starter on slot1_22@node-w13.localdomain:
	STARTER at 172.30.1.213 failed to send file(s) to <172.30.1.200:9618>: |Error: reading from file /var/lib/condor/execute/dir_3840193/*.png: (errno 2) No such file or directory; SHADOW failed to receive file(s) from <172.30.1.213:37241>
	Code 13 Subcode 2
...
004 (1247613.000.000) 2025-07-17 16:51:46 Job was evicted.
	(0) CPU times
		Usr 0 00:00:21, Sys 0 00:00:04  -  Run Remote Usage
		Usr 0 00:00:00, Sys 0 00:00:00  -  Run Local Usage
	632  -  Run Bytes Sent By Job
	690290688  -  Run Bytes Received By Job
	Transfer output files failure at execution point slot1_22@node-w13.localdomain while sending files to access point tamsa2. Details: reading from file /var/lib/condor/execute/dir_3840193/*.png: (errno 2) No such file or directory
	Partitionable Resources :    Usage  Request Allocated 
	   Cpus                 :                 2         2 
	   Disk (KB)            :  2774356   750000    751616 
	   GPUs                 :                           0 
	   Memory (MB)          :     2149    16000     16000 
	   TimeExecute (s)      :       29                    
	   TimeSlotBusy (s)     :       34                    
...
012 (1247613.000.000) 2025-07-17 16:51:46 Job was held.
	Transfer output files failure at execution point slot1_22@node-w13.localdomain while sending files to access point tamsa2. Details: reading from file /var/lib/condor/execute/dir_3840193/*.png: (errno 2) No such file or directory
	Code 12 Subcode 2
...
009 (1247613.000.000) 2025-07-17 17:02:33 Job was aborted.
	via condor_rm (by user achihwan)

	Job terminated by itself at 2025-07-17T07:51:45Z (using method 0: OF_ITS_OWN_ACCORD).
...
000 (1247674.000.000) 2025-07-17 17:02:53 Job submitted from host: <172.30.1.200:9618?addrs=172.30.1.200-9618&alias=tamsa2&noUDP&sock=schedd_2531_a24a>
...
040 (1247674.000.000) 2025-07-17 17:02:53 Started transferring input files
	Transferring to host: <172.30.1.212:9618?addrs=172.30.1.212-9618&alias=node-w12.localdomain&noUDP&sock=slot1_3_4978_3384_91728>
...
040 (1247674.000.000) 2025-07-17 17:02:53 Finished transferring input files
...
040 (1247674.000.000) 2025-07-17 17:02:54 Started transferring output files
...
021 (1247674.000.000) 2025-07-17 17:02:54 Error from starter on slot1_3@node-w12.localdomain:
	Failed to transfer files: SHADOW at 172.30.1.200 failed to send file(s) to <172.30.1.212:35175>: |Error: reading from file /data6/Users/achihwan/hepenv.tar.gz: (errno 2) No such file or directory; STARTER failed to receive file(s) from <172.30.1.200:9618>
	Code 13 Subcode 2
...
004 (1247674.000.000) 2025-07-17 17:02:54 Job was evicted.
	(0) CPU times
		Usr 0 00:00:00, Sys 0 00:00:00  -  Run Remote Usage
		Usr 0 00:00:00, Sys 0 00:00:00  -  Run Local Usage
	0  -  Run Bytes Sent By Job
	33890  -  Run Bytes Received By Job
	Transfer input files failure at access point tamsa2 while sending files to execution point slot1_3@node-w12.localdomain. Details: reading from file /data6/Users/achihwan/hepenv.tar.gz: (errno 2) No such file or directory
	Partitionable Resources :    Usage  Request Allocated 
	   Cpus                 :                 2         2 
	   Disk (KB)            :       49       35      2048 
	   GPUs                 :                           0 
	   Memory (MB)          :             16000     16000 
...
012 (1247674.000.000) 2025-07-17 17:02:54 Job was held.
	Transfer input files failure at access point tamsa2 while sending files to execution point slot1_3@node-w12.localdomain. Details: reading from file /data6/Users/achihwan/hepenv.tar.gz: (errno 2) No such file or directory
	Code 13 Subcode 2
...
009 (1247674.000.000) 2025-07-17 17:05:02 Job was aborted.
	via condor_rm (by user achihwan)
...
000 (1247734.000.000) 2025-07-17 17:05:05 Job submitted from host: <172.30.1.200:9618?addrs=172.30.1.200-9618&alias=tamsa2&noUDP&sock=schedd_2531_a24a>
...
040 (1247734.000.000) 2025-07-17 17:05:06 Started transferring input files
	Transferring to host: <172.30.1.214:9618?addrs=172.30.1.214-9618&alias=node-w14.localdomain&noUDP&sock=slot1_44_5193_b02c_90736>
...
040 (1247734.000.000) 2025-07-17 17:05:06 Finished transferring input files
...
040 (1247734.000.000) 2025-07-17 17:05:07 Started transferring output files
...
021 (1247734.000.000) 2025-07-17 17:05:07 Error from starter on slot1_44@node-w14.localdomain:
	Failed to transfer files: SHADOW at 172.30.1.200 failed to send file(s) to <172.30.1.214:43735>: |Error: reading from file /data6/Users/achihwan/hepenv.tar.gz: (errno 2) No such file or directory; STARTER failed to receive file(s) from <172.30.1.200:9618>
	Code 13 Subcode 2
...
004 (1247734.000.000) 2025-07-17 17:05:07 Job was evicted.
	(0) CPU times
		Usr 0 00:00:00, Sys 0 00:00:00  -  Run Remote Usage
		Usr 0 00:00:00, Sys 0 00:00:00  -  Run Local Usage
	0  -  Run Bytes Sent By Job
	33840  -  Run Bytes Received By Job
	Transfer input files failure at access point tamsa2 while sending files to execution point slot1_44@node-w14.localdomain. Details: reading from file /data6/Users/achihwan/hepenv.tar.gz: (errno 2) No such file or directory
	Partitionable Resources :    Usage  Request Allocated 
	   Cpus                 :                 2         2 
	   Disk (KB)            :       49       35      2048 
	   GPUs                 :                           0 
	   Memory (MB)          :             16000     16000 
...
012 (1247734.000.000) 2025-07-17 17:05:07 Job was held.
	Transfer input files failure at access point tamsa2 while sending files to execution point slot1_44@node-w14.localdomain. Details: reading from file /data6/Users/achihwan/hepenv.tar.gz: (errno 2) No such file or directory
	Code 13 Subcode 2
...
009 (1247734.000.000) 2025-07-17 17:06:33 Job was aborted.
	via condor_rm (by user achihwan)
...
000 (1247793.000.000) 2025-07-17 17:06:35 Job submitted from host: <172.30.1.200:9618?addrs=172.30.1.200-9618&alias=tamsa2&noUDP&sock=schedd_2531_a24a>
...
040 (1247793.000.000) 2025-07-17 17:06:48 Started transferring input files
	Transferring to host: <172.30.1.212:9618?addrs=172.30.1.212-9618&alias=node-w12.localdomain&noUDP&sock=slot1_2_4978_3384_91757>
...
001 (1247793.000.000) 2025-07-17 17:06:48 Job executing on host: <172.30.1.212:9618?addrs=172.30.1.212-9618&alias=node-w12.localdomain&noUDP&sock=startd_4944_c052>
	SlotName: slot1_2@node-w12.localdomain
	CondorScratchDir = "/var/lib/condor/execute/dir_1083368"
	Cpus = 2
	Disk = 2048
	GPUs = 0
	Memory = 16000
...
040 (1247793.000.000) 2025-07-17 17:06:48 Finished transferring input files
...
006 (1247793.000.000) 2025-07-17 17:06:53 Image size of job updated: 184
	1  -  MemoryUsage of job (MB)
	8  -  ResidentSetSize of job (KB)
...
040 (1247793.000.000) 2025-07-17 17:06:53 Started transferring output files
...
040 (1247793.000.000) 2025-07-17 17:06:53 Finished transferring output files
...
021 (1247793.000.000) 2025-07-17 17:06:53 Error from starter on slot1_2@node-w12.localdomain:
	STARTER at 172.30.1.212 failed to send file(s) to <172.30.1.200:9618>: |Error: reading from file /var/lib/condor/execute/dir_1083368/*.png: (errno 2) No such file or directory; SHADOW failed to receive file(s) from <172.30.1.212:44641>
	Code 13 Subcode 2
...
004 (1247793.000.000) 2025-07-17 17:06:53 Job was evicted.
	(0) CPU times
		Usr 0 00:00:00, Sys 0 00:00:00  -  Run Remote Usage
		Usr 0 00:00:00, Sys 0 00:00:00  -  Run Local Usage
	293  -  Run Bytes Sent By Job
	33840  -  Run Bytes Received By Job
	Transfer output files failure at execution point slot1_2@node-w12.localdomain while sending files to access point tamsa2. Details: reading from file /var/lib/condor/execute/dir_1083368/*.png: (errno 2) No such file or directory
	Partitionable Resources :    Usage  Request Allocated 
	   Cpus                 :        0        2         2 
	   Disk (KB)            :       56       35      2048 
	   GPUs                 :                           0 
	   Memory (MB)          :        1    16000     16000 
	   TimeExecute (s)      :        5                    
	   TimeSlotBusy (s)     :        5                    
...
012 (1247793.000.000) 2025-07-17 17:06:53 Job was held.
	Transfer output files failure at execution point slot1_2@node-w12.localdomain while sending files to access point tamsa2. Details: reading from file /var/lib/condor/execute/dir_1083368/*.png: (errno 2) No such file or directory
	Code 12 Subcode 2
...
009 (1247793.000.000) 2025-07-17 17:08:14 Job was aborted.
	via condor_rm (by user achihwan)

	Job terminated by itself at 2025-07-17T08:06:53Z (using method 0: OF_ITS_OWN_ACCORD).
...
000 (1247852.000.000) 2025-07-17 17:08:20 Job submitted from host: <172.30.1.200:9618?addrs=172.30.1.200-9618&alias=tamsa2&noUDP&sock=schedd_2531_a24a>
...
040 (1247852.000.000) 2025-07-17 17:08:21 Started transferring input files
	Transferring to host: <172.30.1.214:9618?addrs=172.30.1.214-9618&alias=node-w14.localdomain&noUDP&sock=slot1_35_5193_b02c_90761>
...
040 (1247852.000.000) 2025-07-17 17:08:21 Finished transferring input files
...
001 (1247852.000.000) 2025-07-17 17:08:21 Job executing on host: <172.30.1.214:9618?addrs=172.30.1.214-9618&alias=node-w14.localdomain&noUDP&sock=startd_5159_392e>
	SlotName: slot1_35@node-w14.localdomain
	CondorScratchDir = "/var/lib/condor/execute/dir_712301"
	Cpus = 2
	Disk = 2048
	GPUs = 0
	Memory = 16000
...
006 (1247852.000.000) 2025-07-17 17:08:26 Image size of job updated: 20
	1  -  MemoryUsage of job (MB)
	8  -  ResidentSetSize of job (KB)
...
040 (1247852.000.000) 2025-07-17 17:08:26 Started transferring output files
...
040 (1247852.000.000) 2025-07-17 17:08:26 Finished transferring output files
...
021 (1247852.000.000) 2025-07-17 17:08:26 Error from starter on slot1_35@node-w14.localdomain:
	STARTER at 172.30.1.214 failed to send file(s) to <172.30.1.200:9618>: |Error: reading from file /var/lib/condor/execute/dir_712301/*.png: (errno 2) No such file or directory; SHADOW failed to receive file(s) from <172.30.1.214:45291>
	Code 13 Subcode 2
...
004 (1247852.000.000) 2025-07-17 17:08:26 Job was evicted.
	(0) CPU times
		Usr 0 00:00:00, Sys 0 00:00:00  -  Run Remote Usage
		Usr 0 00:00:00, Sys 0 00:00:00  -  Run Local Usage
	292  -  Run Bytes Sent By Job
	33840  -  Run Bytes Received By Job
	Transfer output files failure at execution point slot1_35@node-w14.localdomain while sending files to access point tamsa2. Details: reading from file /var/lib/condor/execute/dir_712301/*.png: (errno 2) No such file or directory
	Partitionable Resources :    Usage  Request Allocated 
	   Cpus                 :        0        2         2 
	   Disk (KB)            :       56       35      2048 
	   GPUs                 :                           0 
	   Memory (MB)          :        1    16000     16000 
	   TimeExecute (s)      :        5                    
	   TimeSlotBusy (s)     :        5                    
...
012 (1247852.000.000) 2025-07-17 17:08:26 Job was held.
	Transfer output files failure at execution point slot1_35@node-w14.localdomain while sending files to access point tamsa2. Details: reading from file /var/lib/condor/execute/dir_712301/*.png: (errno 2) No such file or directory
	Code 12 Subcode 2
...
009 (1247852.000.000) 2025-07-17 17:08:34 Job was aborted.
	via condor_rm (by user achihwan)

	Job terminated by itself at 2025-07-17T08:08:26Z (using method 0: OF_ITS_OWN_ACCORD).
...
000 (1247911.000.000) 2025-07-17 17:08:49 Job submitted from host: <172.30.1.200:9618?addrs=172.30.1.200-9618&alias=tamsa2&noUDP&sock=schedd_2531_a24a>
...
040 (1247911.000.000) 2025-07-17 17:09:03 Started transferring input files
	Transferring to host: <172.30.1.209:9618?addrs=172.30.1.209-9618&alias=node-w9.localdomain&noUDP&sock=slot1_17_5028_6e46_35241>
...
040 (1247911.000.000) 2025-07-17 17:09:03 Finished transferring input files
...
001 (1247911.000.000) 2025-07-17 17:09:03 Job executing on host: <172.30.1.209:9618?addrs=172.30.1.209-9618&alias=node-w9.localdomain&noUDP&sock=startd_4994_0c0e>
	SlotName: slot1_17@node-w9.localdomain
	CondorScratchDir = "/var/lib/condor/execute/dir_4068889"
	Cpus = 2
	Disk = 2048
	GPUs = 0
	Memory = 16000
...
006 (1247911.000.000) 2025-07-17 17:09:08 Image size of job updated: 104
	1  -  MemoryUsage of job (MB)
	8  -  ResidentSetSize of job (KB)
...
040 (1247911.000.000) 2025-07-17 17:09:08 Started transferring output files
...
040 (1247911.000.000) 2025-07-17 17:09:08 Finished transferring output files
...
021 (1247911.000.000) 2025-07-17 17:09:08 Error from starter on slot1_17@node-w9.localdomain:
	STARTER at 172.30.1.209 failed to send file(s) to <172.30.1.200:9618>: |Error: reading from file /var/lib/condor/execute/dir_4068889/*.png: (errno 2) No such file or directory; SHADOW failed to receive file(s) from <172.30.1.209:42411>
	Code 13 Subcode 2
...
004 (1247911.000.000) 2025-07-17 17:09:08 Job was evicted.
	(0) CPU times
		Usr 0 00:00:00, Sys 0 00:00:00  -  Run Remote Usage
		Usr 0 00:00:00, Sys 0 00:00:00  -  Run Local Usage
	293  -  Run Bytes Sent By Job
	33840  -  Run Bytes Received By Job
	Transfer output files failure at execution point slot1_17@node-w9.localdomain while sending files to access point tamsa2. Details: reading from file /var/lib/condor/execute/dir_4068889/*.png: (errno 2) No such file or directory
	Partitionable Resources :    Usage  Request Allocated 
	   Cpus                 :        0        2         2 
	   Disk (KB)            :       56       35      2048 
	   GPUs                 :                           0 
	   Memory (MB)          :        1    16000     16000 
	   TimeExecute (s)      :        5                    
	   TimeSlotBusy (s)     :        5                    
...
012 (1247911.000.000) 2025-07-17 17:09:08 Job was held.
	Transfer output files failure at execution point slot1_17@node-w9.localdomain while sending files to access point tamsa2. Details: reading from file /var/lib/condor/execute/dir_4068889/*.png: (errno 2) No such file or directory
	Code 12 Subcode 2
...
009 (1247911.000.000) 2025-07-17 17:10:28 Job was aborted.
	via condor_rm (by user achihwan)

	Job terminated by itself at 2025-07-17T08:09:08Z (using method 0: OF_ITS_OWN_ACCORD).
...
000 (1247971.000.000) 2025-07-17 17:10:32 Job submitted from host: <172.30.1.200:9618?addrs=172.30.1.200-9618&alias=tamsa2&noUDP&sock=schedd_2531_a24a>
...
040 (1247971.000.000) 2025-07-17 17:10:44 Started transferring input files
	Transferring to host: <172.30.1.213:9618?addrs=172.30.1.213-9618&alias=node-w13.localdomain&noUDP&sock=slot1_32_4972_f943_94122>
...
001 (1247971.000.000) 2025-07-17 17:10:44 Job executing on host: <172.30.1.213:9618?addrs=172.30.1.213-9618&alias=node-w13.localdomain&noUDP&sock=startd_4938_a2c0>
	SlotName: slot1_32@node-w13.localdomain
	CondorScratchDir = "/var/lib/condor/execute/dir_3856802"
	Cpus = 2
	Disk = 2048
	GPUs = 0
	Memory = 16000
...
040 (1247971.000.000) 2025-07-17 17:10:44 Finished transferring input files
...
006 (1247971.000.000) 2025-07-17 17:10:49 Image size of job updated: 20
	1  -  MemoryUsage of job (MB)
	8  -  ResidentSetSize of job (KB)
...
040 (1247971.000.000) 2025-07-17 17:10:50 Started transferring output files
...
040 (1247971.000.000) 2025-07-17 17:10:50 Finished transferring output files
...
021 (1247971.000.000) 2025-07-17 17:10:50 Error from starter on slot1_32@node-w13.localdomain:
	STARTER at 172.30.1.213 failed to send file(s) to <172.30.1.200:9618>: |Error: reading from file /var/lib/condor/execute/dir_3856802/*.png: (errno 2) No such file or directory; SHADOW failed to receive file(s) from <172.30.1.213:44665>
	Code 13 Subcode 2
...
004 (1247971.000.000) 2025-07-17 17:10:50 Job was evicted.
	(0) CPU times
		Usr 0 00:00:00, Sys 0 00:00:00  -  Run Remote Usage
		Usr 0 00:00:00, Sys 0 00:00:00  -  Run Local Usage
	315  -  Run Bytes Sent By Job
	33840  -  Run Bytes Received By Job
	Transfer output files failure at execution point slot1_32@node-w13.localdomain while sending files to access point tamsa2. Details: reading from file /var/lib/condor/execute/dir_3856802/*.png: (errno 2) No such file or directory
	Partitionable Resources :    Usage  Request Allocated 
	   Cpus                 :        0        2         2 
	   Disk (KB)            :       56       35      2048 
	   GPUs                 :                           0 
	   Memory (MB)          :        1    16000     16000 
	   TimeExecute (s)      :        5                    
	   TimeSlotBusy (s)     :        6                    
...
012 (1247971.000.000) 2025-07-17 17:10:50 Job was held.
	Transfer output files failure at execution point slot1_32@node-w13.localdomain while sending files to access point tamsa2. Details: reading from file /var/lib/condor/execute/dir_3856802/*.png: (errno 2) No such file or directory
	Code 12 Subcode 2
...
009 (1247971.000.000) 2025-07-17 17:11:47 Job was aborted.
	via condor_rm (by user achihwan)

	Job terminated by itself at 2025-07-17T08:10:49Z (using method 0: OF_ITS_OWN_ACCORD).
...
000 (1248031.000.000) 2025-07-17 17:11:59 Job submitted from host: <172.30.1.200:9618?addrs=172.30.1.200-9618&alias=tamsa2&noUDP&sock=schedd_2531_a24a>
...
040 (1248031.000.000) 2025-07-17 17:12:00 Started transferring input files
	Transferring to host: <172.30.1.214:9618?addrs=172.30.1.214-9618&alias=node-w14.localdomain&noUDP&sock=slot1_21_5193_b02c_90772>
...
001 (1248031.000.000) 2025-07-17 17:12:00 Job executing on host: <172.30.1.214:9618?addrs=172.30.1.214-9618&alias=node-w14.localdomain&noUDP&sock=startd_5159_392e>
	SlotName: slot1_21@node-w14.localdomain
	CondorScratchDir = "/var/lib/condor/execute/dir_714306"
	Cpus = 2
	Disk = 2048
	GPUs = 0
	Memory = 16000
...
040 (1248031.000.000) 2025-07-17 17:12:00 Finished transferring input files
...
006 (1248031.000.000) 2025-07-17 17:12:05 Image size of job updated: 148
	1  -  MemoryUsage of job (MB)
	8  -  ResidentSetSize of job (KB)
...
040 (1248031.000.000) 2025-07-17 17:12:05 Started transferring output files
...
040 (1248031.000.000) 2025-07-17 17:12:05 Finished transferring output files
...
021 (1248031.000.000) 2025-07-17 17:12:05 Error from starter on slot1_21@node-w14.localdomain:
	STARTER at 172.30.1.214 failed to send file(s) to <172.30.1.200:9618>: |Error: reading from file /var/lib/condor/execute/dir_714306/*.png: (errno 2) No such file or directory; SHADOW failed to receive file(s) from <172.30.1.214:41447>
	Code 13 Subcode 2
...
004 (1248031.000.000) 2025-07-17 17:12:05 Job was evicted.
	(0) CPU times
		Usr 0 00:00:00, Sys 0 00:00:00  -  Run Remote Usage
		Usr 0 00:00:00, Sys 0 00:00:00  -  Run Local Usage
	300  -  Run Bytes Sent By Job
	33840  -  Run Bytes Received By Job
	Transfer output files failure at execution point slot1_21@node-w14.localdomain while sending files to access point tamsa2. Details: reading from file /var/lib/condor/execute/dir_714306/*.png: (errno 2) No such file or directory
	Partitionable Resources :    Usage  Request Allocated 
	   Cpus                 :        0        2         2 
	   Disk (KB)            :       56       35      2048 
	   GPUs                 :                           0 
	   Memory (MB)          :        1    16000     16000 
	   TimeExecute (s)      :        5                    
	   TimeSlotBusy (s)     :        5                    
...
012 (1248031.000.000) 2025-07-17 17:12:05 Job was held.
	Transfer output files failure at execution point slot1_21@node-w14.localdomain while sending files to access point tamsa2. Details: reading from file /var/lib/condor/execute/dir_714306/*.png: (errno 2) No such file or directory
	Code 12 Subcode 2
...
000 (1248091.000.000) 2025-07-17 17:12:47 Job submitted from host: <172.30.1.200:9618?addrs=172.30.1.200-9618&alias=tamsa2&noUDP&sock=schedd_2531_a24a>
...
040 (1248091.000.000) 2025-07-17 17:12:48 Started transferring input files
	Transferring to host: <172.30.1.108:9618?addrs=172.30.1.108-9618&alias=node-g8.localdomain&noUDP&sock=slot1_8_6196_6475_19961>
...
001 (1248091.000.000) 2025-07-17 17:12:48 Job executing on host: <172.30.1.108:9618?addrs=172.30.1.108-9618&alias=node-g8.localdomain&noUDP&sock=startd_6162_32ac>
	SlotName: slot1_8@node-g8.localdomain
	CondorScratchDir = "/var/lib/condor/execute/dir_615468"
	Cpus = 2
	Disk = 2048
	GPUs = 0
	Memory = 16000
...
040 (1248091.000.000) 2025-07-17 17:12:48 Finished transferring input files
...
006 (1248091.000.000) 2025-07-17 17:12:53 Image size of job updated: 104
	1  -  MemoryUsage of job (MB)
	8  -  ResidentSetSize of job (KB)
...
040 (1248091.000.000) 2025-07-17 17:12:53 Started transferring output files
...
040 (1248091.000.000) 2025-07-17 17:12:53 Finished transferring output files
...
021 (1248091.000.000) 2025-07-17 17:12:53 Error from starter on slot1_8@node-g8.localdomain:
	STARTER at 172.30.1.108 failed to send file(s) to <172.30.1.200:9618>: |Error: reading from file /var/lib/condor/execute/dir_615468/*.png: (errno 2) No such file or directory; SHADOW failed to receive file(s) from <172.30.1.108:42497>
	Code 13 Subcode 2
...
004 (1248091.000.000) 2025-07-17 17:12:53 Job was evicted.
	(0) CPU times
		Usr 0 00:00:00, Sys 0 00:00:00  -  Run Remote Usage
		Usr 0 00:00:00, Sys 0 00:00:00  -  Run Local Usage
	301  -  Run Bytes Sent By Job
	33839  -  Run Bytes Received By Job
	Transfer output files failure at execution point slot1_8@node-g8.localdomain while sending files to access point tamsa2. Details: reading from file /var/lib/condor/execute/dir_615468/*.png: (errno 2) No such file or directory
	Partitionable Resources :    Usage  Request Allocated 
	   Cpus                 :        0        2         2 
	   Disk (KB)            :       56       35      2048 
	   GPUs                 :                           0 
	   Memory (MB)          :        1    16000     16000 
	   TimeExecute (s)      :        5                    
	   TimeSlotBusy (s)     :        5                    
...
012 (1248091.000.000) 2025-07-17 17:12:53 Job was held.
	Transfer output files failure at execution point slot1_8@node-g8.localdomain while sending files to access point tamsa2. Details: reading from file /var/lib/condor/execute/dir_615468/*.png: (errno 2) No such file or directory
	Code 12 Subcode 2
...
009 (1248091.000.000) 2025-07-17 17:13:09 Job was aborted.
	via condor_rm (by user achihwan)

	Job terminated by itself at 2025-07-17T08:12:53Z (using method 0: OF_ITS_OWN_ACCORD).
...
009 (1248031.000.000) 2025-07-17 17:13:09 Job was aborted.
	via condor_rm (by user achihwan)

	Job terminated by itself at 2025-07-17T08:12:05Z (using method 0: OF_ITS_OWN_ACCORD).
...
000 (1248150.000.000) 2025-07-17 17:13:13 Job submitted from host: <172.30.1.200:9618?addrs=172.30.1.200-9618&alias=tamsa2&noUDP&sock=schedd_2531_a24a>
...
009 (1248150.000.000) 2025-07-17 17:14:42 Job was aborted.
	via condor_rm (by user achihwan)
...
000 (1248209.000.000) 2025-07-17 17:14:46 Job submitted from host: <172.30.1.200:9618?addrs=172.30.1.200-9618&alias=tamsa2&noUDP&sock=schedd_2531_a24a>
...
040 (1248209.000.000) 2025-07-17 17:17:14 Started transferring input files
	Transferring to host: <172.30.1.216:9618?addrs=172.30.1.216-9618&alias=node-w16.localdomain&noUDP&sock=slot1_20_5179_d2ec_89597>
...
040 (1248209.000.000) 2025-07-17 17:17:14 Finished transferring input files
...
001 (1248209.000.000) 2025-07-17 17:17:14 Job executing on host: <172.30.1.216:9618?addrs=172.30.1.216-9618&alias=node-w16.localdomain&noUDP&sock=startd_5145_9edb>
	SlotName: slot1_20@node-w16.localdomain
	CondorScratchDir = "/var/lib/condor/execute/dir_2525571"
	Cpus = 2
	Disk = 2048
	GPUs = 0
	Memory = 16000
...
006 (1248209.000.000) 2025-07-17 17:17:19 Image size of job updated: 148
	1  -  MemoryUsage of job (MB)
	8  -  ResidentSetSize of job (KB)
...
040 (1248209.000.000) 2025-07-17 17:17:19 Started transferring output files
...
040 (1248209.000.000) 2025-07-17 17:17:19 Finished transferring output files
...
021 (1248209.000.000) 2025-07-17 17:17:19 Error from starter on slot1_20@node-w16.localdomain:
	STARTER at 172.30.1.216 failed to send file(s) to <172.30.1.200:9618>: |Error: reading from file /var/lib/condor/execute/dir_2525571/*.png: (errno 2) No such file or directory; SHADOW failed to receive file(s) from <172.30.1.216:43711>
	Code 13 Subcode 2
...
004 (1248209.000.000) 2025-07-17 17:17:19 Job was evicted.
	(0) CPU times
		Usr 0 00:00:00, Sys 0 00:00:00  -  Run Remote Usage
		Usr 0 00:00:00, Sys 0 00:00:00  -  Run Local Usage
	294  -  Run Bytes Sent By Job
	33837  -  Run Bytes Received By Job
	Transfer output files failure at execution point slot1_20@node-w16.localdomain while sending files to access point tamsa2. Details: reading from file /var/lib/condor/execute/dir_2525571/*.png: (errno 2) No such file or directory
	Partitionable Resources :    Usage  Request Allocated 
	   Cpus                 :        0        2         2 
	   Disk (KB)            :       56       35      2048 
	   GPUs                 :                           0 
	   Memory (MB)          :        1    16000     16000 
	   TimeExecute (s)      :        5                    
	   TimeSlotBusy (s)     :        6                    
...
012 (1248209.000.000) 2025-07-17 17:17:19 Job was held.
	Transfer output files failure at execution point slot1_20@node-w16.localdomain while sending files to access point tamsa2. Details: reading from file /var/lib/condor/execute/dir_2525571/*.png: (errno 2) No such file or directory
	Code 12 Subcode 2
...
009 (1248209.000.000) 2025-07-17 17:18:37 Job was aborted.
	via condor_rm (by user achihwan)

	Job terminated by itself at 2025-07-17T08:17:19Z (using method 0: OF_ITS_OWN_ACCORD).
...
000 (1248270.000.000) 2025-07-17 17:23:08 Job submitted from host: <172.30.1.200:9618?addrs=172.30.1.200-9618&alias=tamsa2&noUDP&sock=schedd_2531_a24a>
...
040 (1248270.000.000) 2025-07-17 17:23:09 Started transferring input files
	Transferring to host: <172.30.1.212:9618?addrs=172.30.1.212-9618&alias=node-w12.localdomain&noUDP&sock=slot1_10_4978_3384_91878>
...
040 (1248270.000.000) 2025-07-17 17:23:09 Finished transferring input files
...
001 (1248270.000.000) 2025-07-17 17:23:09 Job executing on host: <172.30.1.212:9618?addrs=172.30.1.212-9618&alias=node-w12.localdomain&noUDP&sock=startd_4944_c052>
	SlotName: slot1_10@node-w12.localdomain
	CondorScratchDir = "/var/lib/condor/execute/dir_1103603"
	Cpus = 2
	Disk = 2048
	GPUs = 0
	Memory = 16000
...
006 (1248270.000.000) 2025-07-17 17:23:14 Image size of job updated: 20
	1  -  MemoryUsage of job (MB)
	8  -  ResidentSetSize of job (KB)
...
040 (1248270.000.000) 2025-07-17 17:23:14 Started transferring output files
...
040 (1248270.000.000) 2025-07-17 17:23:14 Finished transferring output files
...
021 (1248270.000.000) 2025-07-17 17:23:14 Error from starter on slot1_10@node-w12.localdomain:
	STARTER at 172.30.1.212 failed to send file(s) to <172.30.1.200:9618>: |Error: reading from file /var/lib/condor/execute/dir_1103603/*.png: (errno 2) No such file or directory; SHADOW failed to receive file(s) from <172.30.1.212:45381>
	Code 13 Subcode 2
...
004 (1248270.000.000) 2025-07-17 17:23:14 Job was evicted.
	(0) CPU times
		Usr 0 00:00:00, Sys 0 00:00:00  -  Run Remote Usage
		Usr 0 00:00:00, Sys 0 00:00:00  -  Run Local Usage
	490  -  Run Bytes Sent By Job
	33915  -  Run Bytes Received By Job
	Transfer output files failure at execution point slot1_10@node-w12.localdomain while sending files to access point tamsa2. Details: reading from file /var/lib/condor/execute/dir_1103603/*.png: (errno 2) No such file or directory
	Partitionable Resources :    Usage  Request Allocated 
	   Cpus                 :        0        2         2 
	   Disk (KB)            :       57       35      2048 
	   GPUs                 :                           0 
	   Memory (MB)          :        1    16000     16000 
	   TimeExecute (s)      :        5                    
	   TimeSlotBusy (s)     :        5                    
...
012 (1248270.000.000) 2025-07-17 17:23:14 Job was held.
	Transfer output files failure at execution point slot1_10@node-w12.localdomain while sending files to access point tamsa2. Details: reading from file /var/lib/condor/execute/dir_1103603/*.png: (errno 2) No such file or directory
	Code 12 Subcode 2
...
009 (1248270.000.000) 2025-07-17 17:28:06 Job was aborted.
	via condor_rm (by user achihwan)

	Job terminated by itself at 2025-07-17T08:23:14Z (using method 0: OF_ITS_OWN_ACCORD).
...
000 (1248331.000.000) 2025-07-17 17:28:08 Job submitted from host: <172.30.1.200:9618?addrs=172.30.1.200-9618&alias=tamsa2&noUDP&sock=schedd_2531_a24a>
...
040 (1248331.000.000) 2025-07-17 17:28:28 Started transferring input files
	Transferring to host: <172.30.1.213:9618?addrs=172.30.1.213-9618&alias=node-w13.localdomain&noUDP&sock=slot1_34_4972_f943_94298>
...
040 (1248331.000.000) 2025-07-17 17:28:32 Finished transferring input files
...
001 (1248331.000.000) 2025-07-17 17:28:32 Job executing on host: <172.30.1.213:9618?addrs=172.30.1.213-9618&alias=node-w13.localdomain&noUDP&sock=startd_4938_a2c0>
	SlotName: slot1_34@node-w13.localdomain
	CondorScratchDir = "/var/lib/condor/execute/dir_3887312"
	Cpus = 2
	Disk = 751616
	GPUs = 0
	Memory = 16000
...
006 (1248331.000.000) 2025-07-17 17:28:45 Image size of job updated: 675172
	660  -  MemoryUsage of job (MB)
	675172  -  ResidentSetSize of job (KB)
...
006 (1248331.000.000) 2025-07-17 17:29:02 Image size of job updated: 2199796
	2149  -  MemoryUsage of job (MB)
	2199796  -  ResidentSetSize of job (KB)
...
040 (1248331.000.000) 2025-07-17 17:29:03 Started transferring output files
...
040 (1248331.000.000) 2025-07-17 17:29:03 Finished transferring output files
...
021 (1248331.000.000) 2025-07-17 17:29:03 Error from starter on slot1_34@node-w13.localdomain:
	STARTER at 172.30.1.213 failed to send file(s) to <172.30.1.200:9618>: |Error: reading from file /var/lib/condor/execute/dir_3887312/*.png: (errno 2) No such file or directory; SHADOW failed to receive file(s) from <172.30.1.213:42683>
	Code 13 Subcode 2
...
004 (1248331.000.000) 2025-07-17 17:29:03 Job was evicted.
	(0) CPU times
		Usr 0 00:00:23, Sys 0 00:00:04  -  Run Remote Usage
		Usr 0 00:00:00, Sys 0 00:00:00  -  Run Local Usage
	423  -  Run Bytes Sent By Job
	690290688  -  Run Bytes Received By Job
	Transfer output files failure at execution point slot1_34@node-w13.localdomain while sending files to access point tamsa2. Details: reading from file /var/lib/condor/execute/dir_3887312/*.png: (errno 2) No such file or directory
	Partitionable Resources :    Usage  Request Allocated 
	   Cpus                 :        0        2         2 
	   Disk (KB)            :  2774363   750000    751616 
	   GPUs                 :                           0 
	   Memory (MB)          :     2149    16000     16000 
	   TimeExecute (s)      :       30                    
	   TimeSlotBusy (s)     :       39                    
...
012 (1248331.000.000) 2025-07-17 17:29:03 Job was held.
	Transfer output files failure at execution point slot1_34@node-w13.localdomain while sending files to access point tamsa2. Details: reading from file /var/lib/condor/execute/dir_3887312/*.png: (errno 2) No such file or directory
	Code 12 Subcode 2
...
009 (1248331.000.000) 2025-07-17 17:30:19 Job was aborted.
	via condor_rm (by user achihwan)

	Job terminated by itself at 2025-07-17T08:29:02Z (using method 0: OF_ITS_OWN_ACCORD).
...
000 (1248391.000.000) 2025-07-17 17:33:21 Job submitted from host: <172.30.1.200:9618?addrs=172.30.1.200-9618&alias=tamsa2&noUDP&sock=schedd_2531_a24a>
...
040 (1248391.000.000) 2025-07-17 17:33:23 Started transferring input files
	Transferring to host: <172.30.1.214:9618?addrs=172.30.1.214-9618&alias=node-w14.localdomain&noUDP&sock=slot1_8_5193_b02c_90950>
...
040 (1248391.000.000) 2025-07-17 17:33:27 Finished transferring input files
...
001 (1248391.000.000) 2025-07-17 17:33:27 Job executing on host: <172.30.1.214:9618?addrs=172.30.1.214-9618&alias=node-w14.localdomain&noUDP&sock=startd_5159_392e>
	SlotName: slot1_8@node-w14.localdomain
	CondorScratchDir = "/var/lib/condor/execute/dir_744154"
	Cpus = 2
	Disk = 751616
	GPUs = 0
	Memory = 16000
...
006 (1248391.000.000) 2025-07-17 17:33:40 Image size of job updated: 763576
	746  -  MemoryUsage of job (MB)
	763576  -  ResidentSetSize of job (KB)
...
006 (1248391.000.000) 2025-07-17 17:33:55 Image size of job updated: 2199792
	2149  -  MemoryUsage of job (MB)
	2199792  -  ResidentSetSize of job (KB)
...
040 (1248391.000.000) 2025-07-17 17:33:55 Started transferring output files
...
040 (1248391.000.000) 2025-07-17 17:33:55 Finished transferring output files
...
021 (1248391.000.000) 2025-07-17 17:33:55 Error from starter on slot1_8@node-w14.localdomain:
	STARTER at 172.30.1.214 failed to send file(s) to <172.30.1.200:9618>: |Error: reading from file /var/lib/condor/execute/dir_744154/*.png: (errno 2) No such file or directory; SHADOW failed to receive file(s) from <172.30.1.214:44413>
	Code 13 Subcode 2
...
004 (1248391.000.000) 2025-07-17 17:33:55 Job was evicted.
	(0) CPU times
		Usr 0 00:00:22, Sys 0 00:00:04  -  Run Remote Usage
		Usr 0 00:00:00, Sys 0 00:00:00  -  Run Local Usage
	421  -  Run Bytes Sent By Job
	690290688  -  Run Bytes Received By Job
	Transfer output files failure at execution point slot1_8@node-w14.localdomain while sending files to access point tamsa2. Details: reading from file /var/lib/condor/execute/dir_744154/*.png: (errno 2) No such file or directory
	Partitionable Resources :    Usage  Request Allocated 
	   Cpus                 :        0        2         2 
	   Disk (KB)            :  2774363   750000    751616 
	   GPUs                 :                           0 
	   Memory (MB)          :     2149    16000     16000 
	   TimeExecute (s)      :       28                    
	   TimeSlotBusy (s)     :       33                    
...
012 (1248391.000.000) 2025-07-17 17:33:55 Job was held.
	Transfer output files failure at execution point slot1_8@node-w14.localdomain while sending files to access point tamsa2. Details: reading from file /var/lib/condor/execute/dir_744154/*.png: (errno 2) No such file or directory
	Code 12 Subcode 2
...
009 (1248391.000.000) 2025-07-17 17:34:44 Job was aborted.
	via condor_rm (by user achihwan)

	Job terminated by itself at 2025-07-17T08:33:55Z (using method 0: OF_ITS_OWN_ACCORD).
...
000 (1248450.000.000) 2025-07-17 17:34:47 Job submitted from host: <172.30.1.200:9618?addrs=172.30.1.200-9618&alias=tamsa2&noUDP&sock=schedd_2531_a24a>
...
040 (1248450.000.000) 2025-07-17 17:35:09 Started transferring input files
	Transferring to host: <172.30.1.212:9618?addrs=172.30.1.212-9618&alias=node-w12.localdomain&noUDP&sock=slot1_5_4978_3384_91959>
...
040 (1248450.000.000) 2025-07-17 17:35:13 Finished transferring input files
...
001 (1248450.000.000) 2025-07-17 17:35:13 Job executing on host: <172.30.1.212:9618?addrs=172.30.1.212-9618&alias=node-w12.localdomain&noUDP&sock=startd_4944_c052>
	SlotName: slot1_5@node-w12.localdomain
	CondorScratchDir = "/var/lib/condor/execute/dir_1116702"
	Cpus = 2
	Disk = 751616
	GPUs = 0
	Memory = 16000
...
006 (1248450.000.000) 2025-07-17 17:35:27 Image size of job updated: 886484
	866  -  MemoryUsage of job (MB)
	886484  -  ResidentSetSize of job (KB)
...
006 (1248450.000.000) 2025-07-17 17:35:41 Image size of job updated: 2199792
	2149  -  MemoryUsage of job (MB)
	2199792  -  ResidentSetSize of job (KB)
...
040 (1248450.000.000) 2025-07-17 17:35:41 Started transferring output files
...
040 (1248450.000.000) 2025-07-17 17:35:41 Finished transferring output files
...
021 (1248450.000.000) 2025-07-17 17:35:41 Error from starter on slot1_5@node-w12.localdomain:
	STARTER at 172.30.1.212 failed to send file(s) to <172.30.1.200:9618>: |Error: reading from file /var/lib/condor/execute/dir_1116702/*.png: (errno 2) No such file or directory; SHADOW failed to receive file(s) from <172.30.1.212:41091>
	Code 13 Subcode 2
...
004 (1248450.000.000) 2025-07-17 17:35:41 Job was evicted.
	(0) CPU times
		Usr 0 00:00:21, Sys 0 00:00:04  -  Run Remote Usage
		Usr 0 00:00:00, Sys 0 00:00:00  -  Run Local Usage
	863  -  Run Bytes Sent By Job
	690290752  -  Run Bytes Received By Job
	Transfer output files failure at execution point slot1_5@node-w12.localdomain while sending files to access point tamsa2. Details: reading from file /var/lib/condor/execute/dir_1116702/*.png: (errno 2) No such file or directory
	Partitionable Resources :    Usage  Request Allocated 
	   Cpus                 :                 2         2 
	   Disk (KB)            :  2774357   750000    751616 
	   GPUs                 :                           0 
	   Memory (MB)          :     2149    16000     16000 
	   TimeExecute (s)      :       28                    
	   TimeSlotBusy (s)     :       36                    
...
012 (1248450.000.000) 2025-07-17 17:35:41 Job was held.
	Transfer output files failure at execution point slot1_5@node-w12.localdomain while sending files to access point tamsa2. Details: reading from file /var/lib/condor/execute/dir_1116702/*.png: (errno 2) No such file or directory
	Code 12 Subcode 2
...
009 (1248450.000.000) 2025-07-17 17:36:48 Job was aborted.
	via condor_rm (by user achihwan)

	Job terminated by itself at 2025-07-17T08:35:41Z (using method 0: OF_ITS_OWN_ACCORD).
...
000 (1249790.000.000) 2025-07-17 17:36:50 Job submitted from host: <172.30.1.200:9618?addrs=172.30.1.200-9618&alias=tamsa2&noUDP&sock=schedd_2531_a24a>
...
040 (1249790.000.000) 2025-07-17 17:39:13 Started transferring input files
	Transferring to host: <172.30.1.211:9618?addrs=172.30.1.211-9618&alias=node-w11.localdomain&noUDP&sock=slot1_55_4969_dc23_57916>
...
040 (1249790.000.000) 2025-07-17 17:39:16 Finished transferring input files
...
001 (1249790.000.000) 2025-07-17 17:39:16 Job executing on host: <172.30.1.211:9618?addrs=172.30.1.211-9618&alias=node-w11.localdomain&noUDP&sock=startd_4935_93f7>
	SlotName: slot1_55@node-w11.localdomain
	CondorScratchDir = "/var/lib/condor/execute/dir_398613"
	Cpus = 2
	Disk = 751616
	GPUs = 0
	Memory = 16000
...
006 (1249790.000.000) 2025-07-17 17:39:29 Image size of job updated: 999532
	977  -  MemoryUsage of job (MB)
	999532  -  ResidentSetSize of job (KB)
...
006 (1249790.000.000) 2025-07-17 17:39:38 Image size of job updated: 2199792
	2149  -  MemoryUsage of job (MB)
	2199792  -  ResidentSetSize of job (KB)
...
040 (1249790.000.000) 2025-07-17 17:39:39 Started transferring output files
...
040 (1249790.000.000) 2025-07-17 17:39:39 Finished transferring output files
...
021 (1249790.000.000) 2025-07-17 17:39:39 Error from starter on slot1_55@node-w11.localdomain:
	STARTER at 172.30.1.211 failed to send file(s) to <172.30.1.200:9618>: |Error: reading from file /var/lib/condor/execute/dir_398613/*.png: (errno 2) No such file or directory; SHADOW failed to receive file(s) from <172.30.1.211:40251>
	Code 13 Subcode 2
...
004 (1249790.000.000) 2025-07-17 17:39:40 Job was evicted.
	(0) CPU times
		Usr 0 00:00:17, Sys 0 00:00:03  -  Run Remote Usage
		Usr 0 00:00:00, Sys 0 00:00:00  -  Run Local Usage
	741  -  Run Bytes Sent By Job
	690290752  -  Run Bytes Received By Job
	Transfer output files failure at execution point slot1_55@node-w11.localdomain while sending files to access point tamsa2. Details: reading from file /var/lib/condor/execute/dir_398613/*.png: (errno 2) No such file or directory
	Partitionable Resources :    Usage  Request Allocated 
	   Cpus                 :        0        2         2 
	   Disk (KB)            :  2774363   750000    751616 
	   GPUs                 :                           0 
	   Memory (MB)          :     2149    16000     16000 
	   TimeExecute (s)      :       22                    
	   TimeSlotBusy (s)     :       26                    
...
012 (1249790.000.000) 2025-07-17 17:39:40 Job was held.
	Transfer output files failure at execution point slot1_55@node-w11.localdomain while sending files to access point tamsa2. Details: reading from file /var/lib/condor/execute/dir_398613/*.png: (errno 2) No such file or directory
	Code 12 Subcode 2
...
000 (1251194.000.000) 2025-07-17 17:42:31 Job submitted from host: <172.30.1.200:9618?addrs=172.30.1.200-9618&alias=tamsa2&noUDP&sock=schedd_2531_a24a>
...
040 (1251194.000.000) 2025-07-17 17:42:36 Started transferring input files
	Transferring to host: <172.30.1.216:9618?addrs=172.30.1.216-9618&alias=node-w16.localdomain&noUDP&sock=slot1_29_5179_d2ec_89866>
...
040 (1251194.000.000) 2025-07-17 17:42:40 Finished transferring input files
...
001 (1251194.000.000) 2025-07-17 17:42:40 Job executing on host: <172.30.1.216:9618?addrs=172.30.1.216-9618&alias=node-w16.localdomain&noUDP&sock=startd_5145_9edb>
	SlotName: slot1_29@node-w16.localdomain
	CondorScratchDir = "/var/lib/condor/execute/dir_2580326"
	Cpus = 2
	Disk = 751616
	GPUs = 0
	Memory = 16000
...
009 (1249790.000.000) 2025-07-17 17:42:45 Job was aborted.
	via condor_rm (by user achihwan)

	Job terminated by itself at 2025-07-17T08:39:38Z (using method 0: OF_ITS_OWN_ACCORD).
...
006 (1251194.000.000) 2025-07-17 17:42:54 Image size of job updated: 884496
	864  -  MemoryUsage of job (MB)
	884496  -  ResidentSetSize of job (KB)
...
006 (1251194.000.000) 2025-07-17 17:43:07 Image size of job updated: 2199796
	2149  -  MemoryUsage of job (MB)
	2199796  -  ResidentSetSize of job (KB)
...
040 (1251194.000.000) 2025-07-17 17:43:08 Started transferring output files
...
040 (1251194.000.000) 2025-07-17 17:43:08 Finished transferring output files
...
021 (1251194.000.000) 2025-07-17 17:43:08 Error from starter on slot1_29@node-w16.localdomain:
	STARTER at 172.30.1.216 failed to send file(s) to <172.30.1.200:9618>: |Error: reading from file /var/lib/condor/execute/dir_2580326/*.png: (errno 2) No such file or directory; SHADOW failed to receive file(s) from <172.30.1.216:39857>
	Code 13 Subcode 2
...
004 (1251194.000.000) 2025-07-17 17:43:08 Job was evicted.
	(0) CPU times
		Usr 0 00:00:21, Sys 0 00:00:04  -  Run Remote Usage
		Usr 0 00:00:00, Sys 0 00:00:00  -  Run Local Usage
	4432  -  Run Bytes Sent By Job
	690290688  -  Run Bytes Received By Job
	Transfer output files failure at execution point slot1_29@node-w16.localdomain while sending files to access point tamsa2. Details: reading from file /var/lib/condor/execute/dir_2580326/*.png: (errno 2) No such file or directory
	Partitionable Resources :    Usage  Request Allocated 
	   Cpus                 :                 2         2 
	   Disk (KB)            :  2774360   750000    751616 
	   GPUs                 :                           0 
	   Memory (MB)          :     2149    16000     16000 
	   TimeExecute (s)      :       27                    
	   TimeSlotBusy (s)     :       32                    
...
012 (1251194.000.000) 2025-07-17 17:43:08 Job was held.
	Transfer output files failure at execution point slot1_29@node-w16.localdomain while sending files to access point tamsa2. Details: reading from file /var/lib/condor/execute/dir_2580326/*.png: (errno 2) No such file or directory
	Code 12 Subcode 2
...
009 (1251194.000.000) 2025-07-17 17:44:17 Job was aborted.
	via condor_rm (by user achihwan)

	Job terminated by itself at 2025-07-17T08:43:07Z (using method 0: OF_ITS_OWN_ACCORD).
...
000 (1253119.000.000) 2025-07-17 17:44:32 Job submitted from host: <172.30.1.200:9618?addrs=172.30.1.200-9618&alias=tamsa2&noUDP&sock=schedd_2531_a24a>
...
040 (1253119.000.000) 2025-07-17 17:44:46 Started transferring input files
	Transferring to host: <172.30.1.212:9618?addrs=172.30.1.212-9618&alias=node-w12.localdomain&noUDP&sock=slot1_40_4978_3384_92109>
...
040 (1253119.000.000) 2025-07-17 17:44:51 Finished transferring input files
...
001 (1253119.000.000) 2025-07-17 17:44:51 Job executing on host: <172.30.1.212:9618?addrs=172.30.1.212-9618&alias=node-w12.localdomain&noUDP&sock=startd_4944_c052>
	SlotName: slot1_40@node-w12.localdomain
	CondorScratchDir = "/var/lib/condor/execute/dir_1146322"
	Cpus = 2
	Disk = 751616
	GPUs = 0
	Memory = 16000
...
006 (1253119.000.000) 2025-07-17 17:45:04 Image size of job updated: 782932
	765  -  MemoryUsage of job (MB)
	782932  -  ResidentSetSize of job (KB)
...
006 (1253119.000.000) 2025-07-17 17:45:18 Image size of job updated: 2199788
	2149  -  MemoryUsage of job (MB)
	2199788  -  ResidentSetSize of job (KB)
...
040 (1253119.000.000) 2025-07-17 17:45:19 Started transferring output files
...
040 (1253119.000.000) 2025-07-17 17:45:19 Finished transferring output files
...
021 (1253119.000.000) 2025-07-17 17:45:19 Error from starter on slot1_40@node-w12.localdomain:
	STARTER at 172.30.1.212 failed to send file(s) to <172.30.1.200:9618>: |Error: reading from file /var/lib/condor/execute/dir_1146322/*.png: (errno 2) No such file or directory; SHADOW failed to receive file(s) from <172.30.1.212:36405>
	Code 13 Subcode 2
...
004 (1253119.000.000) 2025-07-17 17:45:19 Job was evicted.
	(0) CPU times
		Usr 0 00:00:21, Sys 0 00:00:04  -  Run Remote Usage
		Usr 0 00:00:00, Sys 0 00:00:00  -  Run Local Usage
	478  -  Run Bytes Sent By Job
	690290688  -  Run Bytes Received By Job
	Transfer output files failure at execution point slot1_40@node-w12.localdomain while sending files to access point tamsa2. Details: reading from file /var/lib/condor/execute/dir_1146322/*.png: (errno 2) No such file or directory
	Partitionable Resources :    Usage  Request Allocated 
	   Cpus                 :        0        2         2 
	   Disk (KB)            :  2774363   750000    751616 
	   GPUs                 :                           0 
	   Memory (MB)          :     2149    16000     16000 
	   TimeExecute (s)      :       27                    
	   TimeSlotBusy (s)     :       33                    
...
012 (1253119.000.000) 2025-07-17 17:45:19 Job was held.
	Transfer output files failure at execution point slot1_40@node-w12.localdomain while sending files to access point tamsa2. Details: reading from file /var/lib/condor/execute/dir_1146322/*.png: (errno 2) No such file or directory
	Code 12 Subcode 2
...
009 (1253119.000.000) 2025-07-17 17:54:41 Job was aborted.
	via condor_rm (by user achihwan)

	Job terminated by itself at 2025-07-17T08:45:18Z (using method 0: OF_ITS_OWN_ACCORD).
...
000 (1253186.000.000) 2025-07-17 17:58:15 Job submitted from host: <172.30.1.200:9618?addrs=172.30.1.200-9618&alias=tamsa2&noUDP&sock=schedd_2531_a24a>
...
040 (1253186.000.000) 2025-07-17 17:58:28 Started transferring input files
	Transferring to host: <172.30.1.216:9618?addrs=172.30.1.216-9618&alias=node-w16.localdomain&noUDP&sock=slot1_18_5179_d2ec_90058>
...
040 (1253186.000.000) 2025-07-17 17:58:32 Finished transferring input files
...
001 (1253186.000.000) 2025-07-17 17:58:32 Job executing on host: <172.30.1.216:9618?addrs=172.30.1.216-9618&alias=node-w16.localdomain&noUDP&sock=startd_5145_9edb>
	SlotName: slot1_18@node-w16.localdomain
	CondorScratchDir = "/var/lib/condor/execute/dir_2615632"
	Cpus = 2
	Disk = 751616
	GPUs = 0
	Memory = 16000
...
006 (1253186.000.000) 2025-07-17 17:58:46 Image size of job updated: 832012
	813  -  MemoryUsage of job (MB)
	832012  -  ResidentSetSize of job (KB)
...
006 (1253186.000.000) 2025-07-17 17:59:02 Image size of job updated: 2199792
	2149  -  MemoryUsage of job (MB)
	2199792  -  ResidentSetSize of job (KB)
...
040 (1253186.000.000) 2025-07-17 17:59:03 Started transferring output files
...
040 (1253186.000.000) 2025-07-17 17:59:03 Finished transferring output files
...
021 (1253186.000.000) 2025-07-17 17:59:03 Error from starter on slot1_18@node-w16.localdomain:
	STARTER at 172.30.1.216 failed to send file(s) to <172.30.1.200:9618>: |Error: reading from file /var/lib/condor/execute/dir_2615632/*.png: (errno 2) No such file or directory; SHADOW failed to receive file(s) from <172.30.1.216:35041>
	Code 13 Subcode 2
...
004 (1253186.000.000) 2025-07-17 17:59:03 Job was evicted.
	(0) CPU times
		Usr 0 00:00:24, Sys 0 00:00:04  -  Run Remote Usage
		Usr 0 00:00:00, Sys 0 00:00:00  -  Run Local Usage
	475  -  Run Bytes Sent By Job
	690290752  -  Run Bytes Received By Job
	Transfer output files failure at execution point slot1_18@node-w16.localdomain while sending files to access point tamsa2. Details: reading from file /var/lib/condor/execute/dir_2615632/*.png: (errno 2) No such file or directory
	Partitionable Resources :    Usage  Request Allocated 
	   Cpus                 :        0        2         2 
	   Disk (KB)            :  2774363   750000    751616 
	   GPUs                 :                           0 
	   Memory (MB)          :     2149    16000     16000 
	   TimeExecute (s)      :       30                    
	   TimeSlotBusy (s)     :       35                    
...
012 (1253186.000.000) 2025-07-17 17:59:03 Job was held.
	Transfer output files failure at execution point slot1_18@node-w16.localdomain while sending files to access point tamsa2. Details: reading from file /var/lib/condor/execute/dir_2615632/*.png: (errno 2) No such file or directory
	Code 12 Subcode 2
...
009 (1253186.000.000) 2025-07-17 18:04:59 Job was aborted.
	via condor_rm (by user achihwan)

	Job terminated by itself at 2025-07-17T08:59:02Z (using method 0: OF_ITS_OWN_ACCORD).
...
000 (1253248.000.000) 2025-07-17 18:05:01 Job submitted from host: <172.30.1.200:9618?addrs=172.30.1.200-9618&alias=tamsa2&noUDP&sock=schedd_2531_a24a>
...
040 (1253248.000.000) 2025-07-17 18:05:22 Started transferring input files
	Transferring to host: <172.30.1.216:9618?addrs=172.30.1.216-9618&alias=node-w16.localdomain&noUDP&sock=slot1_7_5179_d2ec_90114>
...
040 (1253248.000.000) 2025-07-17 18:05:25 Finished transferring input files
...
001 (1253248.000.000) 2025-07-17 18:05:25 Job executing on host: <172.30.1.216:9618?addrs=172.30.1.216-9618&alias=node-w16.localdomain&noUDP&sock=startd_5145_9edb>
	SlotName: slot1_7@node-w16.localdomain
	CondorScratchDir = "/var/lib/condor/execute/dir_2622601"
	Cpus = 2
	Disk = 751616
	GPUs = 0
	Memory = 16000
...
006 (1253248.000.000) 2025-07-17 18:05:40 Image size of job updated: 1050440
	1026  -  MemoryUsage of job (MB)
	1050440  -  ResidentSetSize of job (KB)
...
006 (1253248.000.000) 2025-07-17 18:10:40 Image size of job updated: 4575644
	3306  -  MemoryUsage of job (MB)
	3384368  -  ResidentSetSize of job (KB)
...
006 (1253248.000.000) 2025-07-17 18:13:43 Image size of job updated: 4607184
	3306  -  MemoryUsage of job (MB)
	3384368  -  ResidentSetSize of job (KB)
...
004 (1253248.000.000) 2025-07-17 18:13:44 Job was evicted.
	(0) CPU times
		Usr 0 00:06:28, Sys 0 00:00:36  -  Run Remote Usage
		Usr 0 00:00:00, Sys 0 00:00:00  -  Run Local Usage
	0  -  Run Bytes Sent By Job
	690290624  -  Run Bytes Received By Job
	Partitionable Resources :      Usage  Request Allocated 
	   Cpus                 :       0.77        2         2 
	   Disk (KB)            : 2774378      750000    751616 
	   GPUs                 :                             0 
	   Memory (MB)          :    3306       16000     16000 
	   TimeExecute (s)      :     498                       
	   TimeSlotBusy (s)     :     502                       
...
009 (1253248.000.000) 2025-07-17 18:13:44 Job was aborted.
	via condor_rm (by user achihwan)
...
000 (1253313.000.000) 2025-07-17 18:13:46 Job submitted from host: <172.30.1.200:9618?addrs=172.30.1.200-9618&alias=tamsa2&noUDP&sock=schedd_2531_a24a>
...
040 (1253313.000.000) 2025-07-17 18:15:28 Started transferring input files
	Transferring to host: <172.30.1.214:9618?addrs=172.30.1.214-9618&alias=node-w14.localdomain&noUDP&sock=slot1_3_5193_b02c_91355>
...
040 (1253313.000.000) 2025-07-17 18:15:33 Finished transferring input files
...
001 (1253313.000.000) 2025-07-17 18:15:33 Job executing on host: <172.30.1.214:9618?addrs=172.30.1.214-9618&alias=node-w14.localdomain&noUDP&sock=startd_5159_392e>
	SlotName: slot1_3@node-w14.localdomain
	CondorScratchDir = "/var/lib/condor/execute/dir_815584"
	Cpus = 2
	Disk = 751616
	GPUs = 0
	Memory = 16000
...
006 (1253313.000.000) 2025-07-17 18:15:46 Image size of job updated: 793784
	776  -  MemoryUsage of job (MB)
	793784  -  ResidentSetSize of job (KB)
...
006 (1253313.000.000) 2025-07-17 18:20:46 Image size of job updated: 4615996
	3518  -  MemoryUsage of job (MB)
	3602352  -  ResidentSetSize of job (KB)
...
004 (1253313.000.000) 2025-07-17 18:23:22 Job was evicted.
	(0) CPU times
		Usr 0 00:06:53, Sys 0 00:00:25  -  Run Remote Usage
		Usr 0 00:00:00, Sys 0 00:00:00  -  Run Local Usage
	0  -  Run Bytes Sent By Job
	690290688  -  Run Bytes Received By Job
	Partitionable Resources :      Usage  Request Allocated 
	   Cpus                 :       0.97        2         2 
	   Disk (KB)            : 2774377      750000    751616 
	   GPUs                 :                             0 
	   Memory (MB)          :    3518       16000     16000 
	   TimeExecute (s)      :     468                       
	   TimeSlotBusy (s)     :     474                       
...
009 (1253313.000.000) 2025-07-17 18:23:22 Job was aborted.
	via condor_rm (by user achihwan)
...
000 (1253393.000.000) 2025-07-17 18:23:23 Job submitted from host: <172.30.1.200:9618?addrs=172.30.1.200-9618&alias=tamsa2&noUDP&sock=schedd_2531_a24a>
...
040 (1253393.000.000) 2025-07-17 18:23:24 Started transferring input files
	Transferring to host: <172.30.1.213:9618?addrs=172.30.1.213-9618&alias=node-w13.localdomain&noUDP&sock=slot1_22_4972_f943_94741>
...
040 (1253393.000.000) 2025-07-17 18:23:28 Finished transferring input files
...
001 (1253393.000.000) 2025-07-17 18:23:28 Job executing on host: <172.30.1.213:9618?addrs=172.30.1.213-9618&alias=node-w13.localdomain&noUDP&sock=startd_4938_a2c0>
	SlotName: slot1_22@node-w13.localdomain
	CondorScratchDir = "/var/lib/condor/execute/dir_3972949"
	Cpus = 2
	Disk = 751616
	GPUs = 0
	Memory = 16000
...
006 (1253393.000.000) 2025-07-17 18:23:42 Image size of job updated: 843440
	824  -  MemoryUsage of job (MB)
	843440  -  ResidentSetSize of job (KB)
...
006 (1253393.000.000) 2025-07-17 18:28:43 Image size of job updated: 5252212
	4525  -  MemoryUsage of job (MB)
	4633280  -  ResidentSetSize of job (KB)
...
004 (1253393.000.000) 2025-07-17 18:28:53 Job was evicted.
	(0) CPU times
		Usr 0 00:04:12, Sys 0 00:00:55  -  Run Remote Usage
		Usr 0 00:00:00, Sys 0 00:00:00  -  Run Local Usage
	0  -  Run Bytes Sent By Job
	690290752  -  Run Bytes Received By Job
	Partitionable Resources :      Usage  Request Allocated 
	   Cpus                 :       1.01        2         2 
	   Disk (KB)            : 2774377      750000    751616 
	   GPUs                 :                             0 
	   Memory (MB)          :    4525       16000     16000 
	   TimeExecute (s)      :     324                       
	   TimeSlotBusy (s)     :     329                       
...
009 (1253393.000.000) 2025-07-17 18:28:53 Job was aborted.
	via condor_rm (by user achihwan)
...
000 (1253453.000.000) 2025-07-17 18:29:01 Job submitted from host: <172.30.1.200:9618?addrs=172.30.1.200-9618&alias=tamsa2&noUDP&sock=schedd_2531_a24a>
...
040 (1253453.000.000) 2025-07-17 18:29:02 Started transferring input files
	Transferring to host: <172.30.1.213:9618?addrs=172.30.1.213-9618&alias=node-w13.localdomain&noUDP&sock=slot1_22_4972_f943_94777>
...
040 (1253453.000.000) 2025-07-17 18:29:06 Finished transferring input files
...
001 (1253453.000.000) 2025-07-17 18:29:06 Job executing on host: <172.30.1.213:9618?addrs=172.30.1.213-9618&alias=node-w13.localdomain&noUDP&sock=startd_4938_a2c0>
	SlotName: slot1_22@node-w13.localdomain
	CondorScratchDir = "/var/lib/condor/execute/dir_3978150"
	Cpus = 2
	Disk = 751616
	GPUs = 0
	Memory = 16000
...
006 (1253453.000.000) 2025-07-17 18:29:15 Image size of job updated: 749148
	732  -  MemoryUsage of job (MB)
	749148  -  ResidentSetSize of job (KB)
...
006 (1253453.000.000) 2025-07-17 18:34:16 Image size of job updated: 5452876
	3457  -  MemoryUsage of job (MB)
	3539372  -  ResidentSetSize of job (KB)
...
006 (1253453.000.000) 2025-07-17 18:39:17 Image size of job updated: 5452876
	3822  -  MemoryUsage of job (MB)
	3913116  -  ResidentSetSize of job (KB)
...
006 (1253453.000.000) 2025-07-17 18:44:18 Image size of job updated: 6194544
	5040  -  MemoryUsage of job (MB)
	5160436  -  ResidentSetSize of job (KB)
...
006 (1253453.000.000) 2025-07-17 18:49:19 Image size of job updated: 6194544
	5965  -  MemoryUsage of job (MB)
	6107968  -  ResidentSetSize of job (KB)
...
006 (1253453.000.000) 2025-07-17 18:54:20 Image size of job updated: 6420000
	6270  -  MemoryUsage of job (MB)
	6420000  -  ResidentSetSize of job (KB)
...
006 (1253453.000.000) 2025-07-17 18:59:21 Image size of job updated: 6909452
	6308  -  MemoryUsage of job (MB)
	6458912  -  ResidentSetSize of job (KB)
...
006 (1253453.000.000) 2025-07-17 19:09:22 Image size of job updated: 7324936
	6308  -  MemoryUsage of job (MB)
	6458912  -  ResidentSetSize of job (KB)
...
040 (1253453.000.000) 2025-07-17 19:20:11 Started transferring output files
...
040 (1253453.000.000) 2025-07-17 19:20:11 Finished transferring output files
...
005 (1253453.000.000) 2025-07-17 19:20:12 Job terminated.
	(1) Normal termination (return value 0)
		Usr 0 00:42:05, Sys 0 00:03:56  -  Run Remote Usage
		Usr 0 00:00:00, Sys 0 00:00:00  -  Run Local Usage
		Usr 0 00:42:05, Sys 0 00:03:56  -  Total Remote Usage
		Usr 0 00:00:00, Sys 0 00:00:00  -  Total Local Usage
	121859  -  Run Bytes Sent By Job
	690291264  -  Run Bytes Received By Job
	121859  -  Total Bytes Sent By Job
	690291264  -  Total Bytes Received By Job
	Partitionable Resources :      Usage  Request Allocated 
	   Cpus                 :       0.76        2         2 
	   Disk (KB)            : 2774580      750000    751616 
	   GPUs                 :                             0 
	   Memory (MB)          :    6308       16000     16000 
	   TimeExecute (s)      :    3065                       
	   TimeSlotBusy (s)     :    3070                       

	Job terminated of its own accord at 2025-07-17T10:20:11Z with exit-code 0.
...
