000 (1246621.000.000) 2025-07-17 16:10:34 Job submitted from host: <172.30.1.200:9618?addrs=172.30.1.200-9618&alias=tamsa2&noUDP&sock=schedd_2531_a24a>
...
040 (1246621.000.000) 2025-07-17 16:10:40 Started transferring input files
	Transferring to host: <172.30.1.216:9618?addrs=172.30.1.216-9618&alias=node-w16.localdomain&noUDP&sock=slot1_44_5179_d2ec_89160>
...
001 (1246621.000.000) 2025-07-17 16:10:40 Job executing on host: <172.30.1.216:9618?addrs=172.30.1.216-9618&alias=node-w16.localdomain&noUDP&sock=startd_5145_9edb>
	SlotName: slot1_44@node-w16.localdomain
	CondorScratchDir = "/var/lib/condor/execute/dir_2453025"
	Cpus = 2
	Disk = 2048
	GPUs = 0
	Memory = 16000
...
040 (1246621.000.000) 2025-07-17 16:10:40 Finished transferring input files
...
021 (1246621.000.000) 2025-07-17 16:10:45 Error from starter on slot1_44@node-w16.localdomain:
	Failed to execute '/var/lib/condor/execute/dir_2453025/run_SingleMuon_C.py': (errno=8: 'Exec format error')
	Code 6 Subcode 8
...
004 (1246621.000.000) 2025-07-17 16:10:45 Job was evicted.
	(0) CPU times
		Usr 0 00:00:00, Sys 0 00:00:00  -  Run Remote Usage
		Usr 0 00:00:00, Sys 0 00:00:00  -  Run Local Usage
	0  -  Run Bytes Sent By Job
	23260  -  Run Bytes Received By Job
	Error from slot1_44@node-w16.localdomain: Failed to execute '/var/lib/condor/execute/dir_2453025/run_SingleMuon_C.py': (errno=8: 'Exec format error')
	Partitionable Resources :    Usage  Request Allocated 
	   Cpus                 :                 2         2 
	   Disk (KB)            :       25       25      2048 
	   GPUs                 :                           0 
	   Memory (MB)          :             16000     16000 
	   TimeSlotBusy (s)     :        5                    
...
012 (1246621.000.000) 2025-07-17 16:10:45 Job was held.
	Error from slot1_44@node-w16.localdomain: Failed to execute '/var/lib/condor/execute/dir_2453025/run_SingleMuon_C.py': (errno=8: 'Exec format error')
	Code 6 Subcode 8
...
009 (1246621.000.000) 2025-07-17 16:11:55 Job was aborted.
	via condor_rm (by user achihwan)
...
000 (1246670.000.000) 2025-07-17 16:14:05 Job submitted from host: <172.30.1.200:9618?addrs=172.30.1.200-9618&alias=tamsa2&noUDP&sock=schedd_2531_a24a>
...
040 (1246670.000.000) 2025-07-17 16:14:23 Started transferring input files
	Transferring to host: <172.30.1.213:9618?addrs=172.30.1.213-9618&alias=node-w13.localdomain&noUDP&sock=slot1_2_4972_f943_93737>
...
001 (1246670.000.000) 2025-07-17 16:14:23 Job executing on host: <172.30.1.213:9618?addrs=172.30.1.213-9618&alias=node-w13.localdomain&noUDP&sock=startd_4938_a2c0>
	SlotName: slot1_2@node-w13.localdomain
	CondorScratchDir = "/var/lib/condor/execute/dir_3792283"
	Cpus = 2
	Disk = 2048
	GPUs = 0
	Memory = 16000
...
040 (1246670.000.000) 2025-07-17 16:14:23 Finished transferring input files
...
021 (1246670.000.000) 2025-07-17 16:14:28 Error from starter on slot1_2@node-w13.localdomain:
	Failed to execute '/var/lib/condor/execute/dir_3792283/run_SingleMuon_C.py' with arguments python *.py: (errno=8: 'Exec format error')
	Code 6 Subcode 8
...
004 (1246670.000.000) 2025-07-17 16:14:28 Job was evicted.
	(0) CPU times
		Usr 0 00:00:00, Sys 0 00:00:00  -  Run Remote Usage
		Usr 0 00:00:00, Sys 0 00:00:00  -  Run Local Usage
	0  -  Run Bytes Sent By Job
	23260  -  Run Bytes Received By Job
	Error from slot1_2@node-w13.localdomain: Failed to execute '/var/lib/condor/execute/dir_3792283/run_SingleMuon_C.py' with arguments python *.py: (errno=8: 'Exec format error')
	Partitionable Resources :    Usage  Request Allocated 
	   Cpus                 :                 2         2 
	   Disk (KB)            :       25       25      2048 
	   GPUs                 :                           0 
	   Memory (MB)          :             16000     16000 
	   TimeSlotBusy (s)     :        5                    
...
012 (1246670.000.000) 2025-07-17 16:14:28 Job was held.
	Error from slot1_2@node-w13.localdomain: Failed to execute '/var/lib/condor/execute/dir_3792283/run_SingleMuon_C.py' with arguments python *.py: (errno=8: 'Exec format error')
	Code 6 Subcode 8
...
009 (1246670.000.000) 2025-07-17 16:16:03 Job was aborted.
	via condor_rm (by user achihwan)
...
000 (1247370.000.000) 2025-07-17 16:30:13 Job submitted from host: <172.30.1.200:9618?addrs=172.30.1.200-9618&alias=tamsa2&noUDP&sock=schedd_2531_a24a>
...
040 (1247370.000.000) 2025-07-17 16:30:15 Started transferring input files
	Transferring to host: <172.30.1.219:9618?addrs=172.30.1.219-9618&alias=node-w19.localdomain&noUDP&sock=slot1_54_5155_e9eb_110561>
...
040 (1247370.000.000) 2025-07-17 16:30:15 Finished transferring input files
...
001 (1247370.000.000) 2025-07-17 16:30:15 Job executing on host: <172.30.1.219:9618?addrs=172.30.1.219-9618&alias=node-w19.localdomain&noUDP&sock=startd_5121_2895>
	SlotName: slot1_54@node-w19.localdomain
	CondorScratchDir = "/var/lib/condor/execute/dir_1016646"
	Cpus = 2
	Disk = 2048
	GPUs = 0
	Memory = 16000
...
006 (1247370.000.000) 2025-07-17 16:30:20 Image size of job updated: 120
	1  -  MemoryUsage of job (MB)
	4  -  ResidentSetSize of job (KB)
...
040 (1247370.000.000) 2025-07-17 16:30:20 Started transferring output files
...
040 (1247370.000.000) 2025-07-17 16:30:20 Finished transferring output files
...
021 (1247370.000.000) 2025-07-17 16:30:20 Error from starter on slot1_54@node-w19.localdomain:
	STARTER at 172.30.1.219 failed to send file(s) to <172.30.1.200:9618>: |Error: reading from file /var/lib/condor/execute/dir_1016646/*.png: (errno 2) No such file or directory; SHADOW failed to receive file(s) from <172.30.1.219:42387>
	Code 13 Subcode 2
...
004 (1247370.000.000) 2025-07-17 16:30:20 Job was evicted.
	(0) CPU times
		Usr 0 00:00:00, Sys 0 00:00:00  -  Run Remote Usage
		Usr 0 00:00:00, Sys 0 00:00:00  -  Run Local Usage
	141  -  Run Bytes Sent By Job
	23310  -  Run Bytes Received By Job
	Transfer output files failure at execution point slot1_54@node-w19.localdomain while sending files to access point tamsa2. Details: reading from file /var/lib/condor/execute/dir_1016646/*.png: (errno 2) No such file or directory
	Partitionable Resources :    Usage  Request Allocated 
	   Cpus                 :                 2         2 
	   Disk (KB)            :       39       25      2048 
	   GPUs                 :                           0 
	   Memory (MB)          :        1    16000     16000 
	   TimeExecute (s)      :        5                    
	   TimeSlotBusy (s)     :        6                    
...
012 (1247370.000.000) 2025-07-17 16:30:20 Job was held.
	Transfer output files failure at execution point slot1_54@node-w19.localdomain while sending files to access point tamsa2. Details: reading from file /var/lib/condor/execute/dir_1016646/*.png: (errno 2) No such file or directory
	Code 12 Subcode 2
...
009 (1247370.000.000) 2025-07-17 16:32:04 Job was aborted.
	via condor_rm (by user achihwan)

	Job terminated by itself at 2025-07-17T07:30:20Z (using method 0: OF_ITS_OWN_ACCORD).
...
000 (1247430.000.000) 2025-07-17 16:32:06 Job submitted from host: <172.30.1.200:9618?addrs=172.30.1.200-9618&alias=tamsa2&noUDP&sock=schedd_2531_a24a>
...
040 (1247430.000.000) 2025-07-17 16:32:07 Started transferring input files
	Transferring to host: <172.30.1.219:9618?addrs=172.30.1.219-9618&alias=node-w19.localdomain&noUDP&sock=slot1_56_5155_e9eb_110569>
...
001 (1247430.000.000) 2025-07-17 16:32:07 Job executing on host: <172.30.1.219:9618?addrs=172.30.1.219-9618&alias=node-w19.localdomain&noUDP&sock=startd_5121_2895>
	SlotName: slot1_56@node-w19.localdomain
	CondorScratchDir = "/var/lib/condor/execute/dir_1017728"
	Cpus = 2
	Disk = 2048
	GPUs = 0
	Memory = 16000
...
040 (1247430.000.000) 2025-07-17 16:32:07 Finished transferring input files
...
006 (1247430.000.000) 2025-07-17 16:32:12 Image size of job updated: 136
	1  -  MemoryUsage of job (MB)
	4  -  ResidentSetSize of job (KB)
...
040 (1247430.000.000) 2025-07-17 16:32:12 Started transferring output files
...
040 (1247430.000.000) 2025-07-17 16:32:12 Finished transferring output files
...
021 (1247430.000.000) 2025-07-17 16:32:13 Error from starter on slot1_56@node-w19.localdomain:
	STARTER at 172.30.1.219 failed to send file(s) to <172.30.1.200:9618>: |Error: reading from file /var/lib/condor/execute/dir_1017728/*.png: (errno 2) No such file or directory; SHADOW failed to receive file(s) from <172.30.1.219:41417>
	Code 13 Subcode 2
...
004 (1247430.000.000) 2025-07-17 16:32:13 Job was evicted.
	(0) CPU times
		Usr 0 00:00:00, Sys 0 00:00:00  -  Run Remote Usage
		Usr 0 00:00:00, Sys 0 00:00:00  -  Run Local Usage
	115  -  Run Bytes Sent By Job
	23299  -  Run Bytes Received By Job
	Transfer output files failure at execution point slot1_56@node-w19.localdomain while sending files to access point tamsa2. Details: reading from file /var/lib/condor/execute/dir_1017728/*.png: (errno 2) No such file or directory
	Partitionable Resources :    Usage  Request Allocated 
	   Cpus                 :        0        2         2 
	   Disk (KB)            :       46       25      2048 
	   GPUs                 :                           0 
	   Memory (MB)          :        1    16000     16000 
	   TimeExecute (s)      :        5                    
	   TimeSlotBusy (s)     :        6                    
...
012 (1247430.000.000) 2025-07-17 16:32:13 Job was held.
	Transfer output files failure at execution point slot1_56@node-w19.localdomain while sending files to access point tamsa2. Details: reading from file /var/lib/condor/execute/dir_1017728/*.png: (errno 2) No such file or directory
	Code 12 Subcode 2
...
009 (1247430.000.000) 2025-07-17 16:36:30 Job was aborted.
	via condor_rm (by user achihwan)

	Job terminated by itself at 2025-07-17T07:32:12Z (using method 0: OF_ITS_OWN_ACCORD).
...
000 (1247490.000.000) 2025-07-17 16:36:33 Job submitted from host: <172.30.1.200:9618?addrs=172.30.1.200-9618&alias=tamsa2&noUDP&sock=schedd_2531_a24a>
...
040 (1247490.000.000) 2025-07-17 16:36:34 Started transferring input files
	Transferring to host: <172.30.1.216:9618?addrs=172.30.1.216-9618&alias=node-w16.localdomain&noUDP&sock=slot1_37_5179_d2ec_89365>
...
001 (1247490.000.000) 2025-07-17 16:36:34 Job executing on host: <172.30.1.216:9618?addrs=172.30.1.216-9618&alias=node-w16.localdomain&noUDP&sock=startd_5145_9edb>
	SlotName: slot1_37@node-w16.localdomain
	CondorScratchDir = "/var/lib/condor/execute/dir_2488639"
	Cpus = 2
	Disk = 2048
	GPUs = 0
	Memory = 16000
...
040 (1247490.000.000) 2025-07-17 16:36:34 Finished transferring input files
...
006 (1247490.000.000) 2025-07-17 16:36:39 Image size of job updated: 20
	1  -  MemoryUsage of job (MB)
	8  -  ResidentSetSize of job (KB)
...
040 (1247490.000.000) 2025-07-17 16:36:39 Started transferring output files
...
040 (1247490.000.000) 2025-07-17 16:36:39 Finished transferring output files
...
021 (1247490.000.000) 2025-07-17 16:36:39 Error from starter on slot1_37@node-w16.localdomain:
	STARTER at 172.30.1.216 failed to send file(s) to <172.30.1.200:9618>: |Error: reading from file /var/lib/condor/execute/dir_2488639/*.png: (errno 2) No such file or directory; SHADOW failed to receive file(s) from <172.30.1.216:43463>
	Code 13 Subcode 2
...
004 (1247490.000.000) 2025-07-17 16:36:39 Job was evicted.
	(0) CPU times
		Usr 0 00:00:00, Sys 0 00:00:00  -  Run Remote Usage
		Usr 0 00:00:00, Sys 0 00:00:00  -  Run Local Usage
	211  -  Run Bytes Sent By Job
	23303  -  Run Bytes Received By Job
	Transfer output files failure at execution point slot1_37@node-w16.localdomain while sending files to access point tamsa2. Details: reading from file /var/lib/condor/execute/dir_2488639/*.png: (errno 2) No such file or directory
	Partitionable Resources :    Usage  Request Allocated 
	   Cpus                 :        0        2         2 
	   Disk (KB)            :       46       25      2048 
	   GPUs                 :                           0 
	   Memory (MB)          :        1    16000     16000 
	   TimeExecute (s)      :        5                    
	   TimeSlotBusy (s)     :        5                    
...
012 (1247490.000.000) 2025-07-17 16:36:39 Job was held.
	Transfer output files failure at execution point slot1_37@node-w16.localdomain while sending files to access point tamsa2. Details: reading from file /var/lib/condor/execute/dir_2488639/*.png: (errno 2) No such file or directory
	Code 12 Subcode 2
...
009 (1247490.000.000) 2025-07-17 16:38:10 Job was aborted.
	via condor_rm (by user achihwan)

	Job terminated by itself at 2025-07-17T07:36:39Z (using method 0: OF_ITS_OWN_ACCORD).
...
000 (1247549.000.000) 2025-07-17 16:38:15 Job submitted from host: <172.30.1.200:9618?addrs=172.30.1.200-9618&alias=tamsa2&noUDP&sock=schedd_2531_a24a>
...
040 (1247549.000.000) 2025-07-17 16:38:16 Started transferring input files
	Transferring to host: <172.30.1.214:9618?addrs=172.30.1.214-9618&alias=node-w14.localdomain&noUDP&sock=slot1_17_5193_b02c_90605>
...
001 (1247549.000.000) 2025-07-17 16:38:16 Job executing on host: <172.30.1.214:9618?addrs=172.30.1.214-9618&alias=node-w14.localdomain&noUDP&sock=startd_5159_392e>
	SlotName: slot1_17@node-w14.localdomain
	CondorScratchDir = "/var/lib/condor/execute/dir_687249"
	Cpus = 2
	Disk = 2048
	GPUs = 0
	Memory = 16000
...
040 (1247549.000.000) 2025-07-17 16:38:16 Finished transferring input files
...
006 (1247549.000.000) 2025-07-17 16:38:21 Image size of job updated: 144
	1  -  MemoryUsage of job (MB)
	8  -  ResidentSetSize of job (KB)
...
040 (1247549.000.000) 2025-07-17 16:38:21 Started transferring output files
...
040 (1247549.000.000) 2025-07-17 16:38:21 Finished transferring output files
...
021 (1247549.000.000) 2025-07-17 16:38:21 Error from starter on slot1_17@node-w14.localdomain:
	STARTER at 172.30.1.214 failed to send file(s) to <172.30.1.200:9618>: |Error: reading from file /var/lib/condor/execute/dir_687249/*.png: (errno 2) No such file or directory; SHADOW failed to receive file(s) from <172.30.1.214:34527>
	Code 13 Subcode 2
...
004 (1247549.000.000) 2025-07-17 16:38:21 Job was evicted.
	(0) CPU times
		Usr 0 00:00:00, Sys 0 00:00:00  -  Run Remote Usage
		Usr 0 00:00:00, Sys 0 00:00:00  -  Run Local Usage
	280  -  Run Bytes Sent By Job
	23307  -  Run Bytes Received By Job
	Transfer output files failure at execution point slot1_17@node-w14.localdomain while sending files to access point tamsa2. Details: reading from file /var/lib/condor/execute/dir_687249/*.png: (errno 2) No such file or directory
	Partitionable Resources :    Usage  Request Allocated 
	   Cpus                 :        0        2         2 
	   Disk (KB)            :       46       25      2048 
	   GPUs                 :                           0 
	   Memory (MB)          :        1    16000     16000 
	   TimeExecute (s)      :        5                    
	   TimeSlotBusy (s)     :        5                    
...
012 (1247549.000.000) 2025-07-17 16:38:21 Job was held.
	Transfer output files failure at execution point slot1_17@node-w14.localdomain while sending files to access point tamsa2. Details: reading from file /var/lib/condor/execute/dir_687249/*.png: (errno 2) No such file or directory
	Code 12 Subcode 2
...
009 (1247549.000.000) 2025-07-17 16:41:21 Job was aborted.
	via condor_rm (by user achihwan)

	Job terminated by itself at 2025-07-17T07:38:21Z (using method 0: OF_ITS_OWN_ACCORD).
...
000 (1247611.000.000) 2025-07-17 16:51:10 Job submitted from host: <172.30.1.200:9618?addrs=172.30.1.200-9618&alias=tamsa2&noUDP&sock=schedd_2531_a24a>
...
040 (1247611.000.000) 2025-07-17 16:51:12 Started transferring input files
	Transferring to host: <172.30.1.216:9618?addrs=172.30.1.216-9618&alias=node-w16.localdomain&noUDP&sock=slot1_20_5179_d2ec_89449>
...
040 (1247611.000.000) 2025-07-17 16:51:16 Finished transferring input files
...
001 (1247611.000.000) 2025-07-17 16:51:16 Job executing on host: <172.30.1.216:9618?addrs=172.30.1.216-9618&alias=node-w16.localdomain&noUDP&sock=startd_5145_9edb>
	SlotName: slot1_20@node-w16.localdomain
	CondorScratchDir = "/var/lib/condor/execute/dir_2501683"
	Cpus = 2
	Disk = 751616
	GPUs = 0
	Memory = 16000
...
006 (1247611.000.000) 2025-07-17 16:51:30 Image size of job updated: 818952
	800  -  MemoryUsage of job (MB)
	818952  -  ResidentSetSize of job (KB)
...
006 (1247611.000.000) 2025-07-17 16:51:46 Image size of job updated: 2199792
	2149  -  MemoryUsage of job (MB)
	2199792  -  ResidentSetSize of job (KB)
...
040 (1247611.000.000) 2025-07-17 16:51:46 Started transferring output files
...
040 (1247611.000.000) 2025-07-17 16:51:46 Finished transferring output files
...
021 (1247611.000.000) 2025-07-17 16:51:46 Error from starter on slot1_20@node-w16.localdomain:
	STARTER at 172.30.1.216 failed to send file(s) to <172.30.1.200:9618>: |Error: reading from file /var/lib/condor/execute/dir_2501683/*.png: (errno 2) No such file or directory; SHADOW failed to receive file(s) from <172.30.1.216:41505>
	Code 13 Subcode 2
...
004 (1247611.000.000) 2025-07-17 16:51:46 Job was evicted.
	(0) CPU times
		Usr 0 00:00:21, Sys 0 00:00:04  -  Run Remote Usage
		Usr 0 00:00:00, Sys 0 00:00:00  -  Run Local Usage
	617  -  Run Bytes Sent By Job
	690280192  -  Run Bytes Received By Job
	Transfer output files failure at execution point slot1_20@node-w16.localdomain while sending files to access point tamsa2. Details: reading from file /var/lib/condor/execute/dir_2501683/*.png: (errno 2) No such file or directory
	Partitionable Resources :      Usage  Request Allocated 
	   Cpus                 :       0.00        2         2 
	   Disk (KB)            : 2774353      750000    751616 
	   GPUs                 :                             0 
	   Memory (MB)          :    2149       16000     16000 
	   TimeExecute (s)      :      30                       
	   TimeSlotBusy (s)     :      34                       
...
012 (1247611.000.000) 2025-07-17 16:51:46 Job was held.
	Transfer output files failure at execution point slot1_20@node-w16.localdomain while sending files to access point tamsa2. Details: reading from file /var/lib/condor/execute/dir_2501683/*.png: (errno 2) No such file or directory
	Code 12 Subcode 2
...
009 (1247611.000.000) 2025-07-17 17:02:33 Job was aborted.
	via condor_rm (by user achihwan)

	Job terminated by itself at 2025-07-17T07:51:46Z (using method 0: OF_ITS_OWN_ACCORD).
...
000 (1247672.000.000) 2025-07-17 17:02:52 Job submitted from host: <172.30.1.200:9618?addrs=172.30.1.200-9618&alias=tamsa2&noUDP&sock=schedd_2531_a24a>
...
040 (1247672.000.000) 2025-07-17 17:02:53 Started transferring input files
	Transferring to host: <172.30.1.214:9618?addrs=172.30.1.214-9618&alias=node-w14.localdomain&noUDP&sock=slot1_5_5193_b02c_90721>
...
040 (1247672.000.000) 2025-07-17 17:02:53 Finished transferring input files
...
040 (1247672.000.000) 2025-07-17 17:02:54 Started transferring output files
...
021 (1247672.000.000) 2025-07-17 17:02:54 Error from starter on slot1_5@node-w14.localdomain:
	Failed to transfer files: SHADOW at 172.30.1.200 failed to send file(s) to <172.30.1.214:40539>: |Error: reading from file /data6/Users/achihwan/hepenv.tar.gz: (errno 2) No such file or directory; STARTER failed to receive file(s) from <172.30.1.200:9618>
	Code 13 Subcode 2
...
004 (1247672.000.000) 2025-07-17 17:02:54 Job was evicted.
	(0) CPU times
		Usr 0 00:00:00, Sys 0 00:00:00  -  Run Remote Usage
		Usr 0 00:00:00, Sys 0 00:00:00  -  Run Local Usage
	0  -  Run Bytes Sent By Job
	23351  -  Run Bytes Received By Job
	Transfer input files failure at access point tamsa2 while sending files to execution point slot1_5@node-w14.localdomain. Details: reading from file /data6/Users/achihwan/hepenv.tar.gz: (errno 2) No such file or directory
	Partitionable Resources :    Usage  Request Allocated 
	   Cpus                 :                 2         2 
	   Disk (KB)            :       39       25      2048 
	   GPUs                 :                           0 
	   Memory (MB)          :             16000     16000 
...
012 (1247672.000.000) 2025-07-17 17:02:54 Job was held.
	Transfer input files failure at access point tamsa2 while sending files to execution point slot1_5@node-w14.localdomain. Details: reading from file /data6/Users/achihwan/hepenv.tar.gz: (errno 2) No such file or directory
	Code 13 Subcode 2
...
009 (1247672.000.000) 2025-07-17 17:05:02 Job was aborted.
	via condor_rm (by user achihwan)
...
000 (1247732.000.000) 2025-07-17 17:05:04 Job submitted from host: <172.30.1.200:9618?addrs=172.30.1.200-9618&alias=tamsa2&noUDP&sock=schedd_2531_a24a>
...
040 (1247732.000.000) 2025-07-17 17:05:06 Started transferring input files
	Transferring to host: <172.30.1.216:9618?addrs=172.30.1.216-9618&alias=node-w16.localdomain&noUDP&sock=slot1_44_5179_d2ec_89514>
...
040 (1247732.000.000) 2025-07-17 17:05:06 Finished transferring input files
...
040 (1247732.000.000) 2025-07-17 17:05:07 Started transferring output files
...
021 (1247732.000.000) 2025-07-17 17:05:07 Error from starter on slot1_44@node-w16.localdomain:
	Failed to transfer files: SHADOW at 172.30.1.200 failed to send file(s) to <172.30.1.216:45067>: |Error: reading from file /data6/Users/achihwan/hepenv.tar.gz: (errno 2) No such file or directory; STARTER failed to receive file(s) from <172.30.1.200:9618>
	Code 13 Subcode 2
...
004 (1247732.000.000) 2025-07-17 17:05:07 Job was evicted.
	(0) CPU times
		Usr 0 00:00:00, Sys 0 00:00:00  -  Run Remote Usage
		Usr 0 00:00:00, Sys 0 00:00:00  -  Run Local Usage
	0  -  Run Bytes Sent By Job
	23301  -  Run Bytes Received By Job
	Transfer input files failure at access point tamsa2 while sending files to execution point slot1_44@node-w16.localdomain. Details: reading from file /data6/Users/achihwan/hepenv.tar.gz: (errno 2) No such file or directory
	Partitionable Resources :    Usage  Request Allocated 
	   Cpus                 :                 2         2 
	   Disk (KB)            :       39       25      2048 
	   GPUs                 :                           0 
	   Memory (MB)          :             16000     16000 
...
012 (1247732.000.000) 2025-07-17 17:05:07 Job was held.
	Transfer input files failure at access point tamsa2 while sending files to execution point slot1_44@node-w16.localdomain. Details: reading from file /data6/Users/achihwan/hepenv.tar.gz: (errno 2) No such file or directory
	Code 13 Subcode 2
...
009 (1247732.000.000) 2025-07-17 17:06:33 Job was aborted.
	via condor_rm (by user achihwan)
...
000 (1247791.000.000) 2025-07-17 17:06:35 Job submitted from host: <172.30.1.200:9618?addrs=172.30.1.200-9618&alias=tamsa2&noUDP&sock=schedd_2531_a24a>
...
040 (1247791.000.000) 2025-07-17 17:06:48 Started transferring input files
	Transferring to host: <172.30.1.213:9618?addrs=172.30.1.213-9618&alias=node-w13.localdomain&noUDP&sock=slot1_66_4972_f943_94107>
...
001 (1247791.000.000) 2025-07-17 17:06:48 Job executing on host: <172.30.1.213:9618?addrs=172.30.1.213-9618&alias=node-w13.localdomain&noUDP&sock=startd_4938_a2c0>
	SlotName: slot1_66@node-w13.localdomain
	CondorScratchDir = "/var/lib/condor/execute/dir_3854739"
	Cpus = 2
	Disk = 2048
	GPUs = 0
	Memory = 16000
...
040 (1247791.000.000) 2025-07-17 17:06:48 Finished transferring input files
...
006 (1247791.000.000) 2025-07-17 17:06:53 Image size of job updated: 16
	1  -  MemoryUsage of job (MB)
	8  -  ResidentSetSize of job (KB)
...
040 (1247791.000.000) 2025-07-17 17:06:53 Started transferring output files
...
040 (1247791.000.000) 2025-07-17 17:06:53 Finished transferring output files
...
021 (1247791.000.000) 2025-07-17 17:06:53 Error from starter on slot1_66@node-w13.localdomain:
	STARTER at 172.30.1.213 failed to send file(s) to <172.30.1.200:9618>: |Error: reading from file /var/lib/condor/execute/dir_3854739/*.png: (errno 2) No such file or directory; SHADOW failed to receive file(s) from <172.30.1.213:46075>
	Code 13 Subcode 2
...
004 (1247791.000.000) 2025-07-17 17:06:53 Job was evicted.
	(0) CPU times
		Usr 0 00:00:00, Sys 0 00:00:00  -  Run Remote Usage
		Usr 0 00:00:00, Sys 0 00:00:00  -  Run Local Usage
	281  -  Run Bytes Sent By Job
	23301  -  Run Bytes Received By Job
	Transfer output files failure at execution point slot1_66@node-w13.localdomain while sending files to access point tamsa2. Details: reading from file /var/lib/condor/execute/dir_3854739/*.png: (errno 2) No such file or directory
	Partitionable Resources :    Usage  Request Allocated 
	   Cpus                 :                 2         2 
	   Disk (KB)            :       39       25      2048 
	   GPUs                 :                           0 
	   Memory (MB)          :        1    16000     16000 
	   TimeExecute (s)      :        5                    
	   TimeSlotBusy (s)     :        6                    
...
012 (1247791.000.000) 2025-07-17 17:06:53 Job was held.
	Transfer output files failure at execution point slot1_66@node-w13.localdomain while sending files to access point tamsa2. Details: reading from file /var/lib/condor/execute/dir_3854739/*.png: (errno 2) No such file or directory
	Code 12 Subcode 2
...
009 (1247791.000.000) 2025-07-17 17:08:14 Job was aborted.
	via condor_rm (by user achihwan)

	Job terminated by itself at 2025-07-17T08:06:53Z (using method 0: OF_ITS_OWN_ACCORD).
...
000 (1247850.000.000) 2025-07-17 17:08:19 Job submitted from host: <172.30.1.200:9618?addrs=172.30.1.200-9618&alias=tamsa2&noUDP&sock=schedd_2531_a24a>
...
040 (1247850.000.000) 2025-07-17 17:08:21 Started transferring input files
	Transferring to host: <172.30.1.213:9618?addrs=172.30.1.213-9618&alias=node-w13.localdomain&noUDP&sock=slot1_20_4972_f943_94114>
...
040 (1247850.000.000) 2025-07-17 17:08:21 Finished transferring input files
...
001 (1247850.000.000) 2025-07-17 17:08:21 Job executing on host: <172.30.1.213:9618?addrs=172.30.1.213-9618&alias=node-w13.localdomain&noUDP&sock=startd_4938_a2c0>
	SlotName: slot1_20@node-w13.localdomain
	CondorScratchDir = "/var/lib/condor/execute/dir_3855621"
	Cpus = 2
	Disk = 2048
	GPUs = 0
	Memory = 16000
...
006 (1247850.000.000) 2025-07-17 17:08:26 Image size of job updated: 108
	1  -  MemoryUsage of job (MB)
	8  -  ResidentSetSize of job (KB)
...
040 (1247850.000.000) 2025-07-17 17:08:26 Started transferring output files
...
040 (1247850.000.000) 2025-07-17 17:08:26 Finished transferring output files
...
021 (1247850.000.000) 2025-07-17 17:08:26 Error from starter on slot1_20@node-w13.localdomain:
	STARTER at 172.30.1.213 failed to send file(s) to <172.30.1.200:9618>: |Error: reading from file /var/lib/condor/execute/dir_3855621/*.png: (errno 2) No such file or directory; SHADOW failed to receive file(s) from <172.30.1.213:41305>
	Code 13 Subcode 2
...
004 (1247850.000.000) 2025-07-17 17:08:26 Job was evicted.
	(0) CPU times
		Usr 0 00:00:00, Sys 0 00:00:00  -  Run Remote Usage
		Usr 0 00:00:00, Sys 0 00:00:00  -  Run Local Usage
	281  -  Run Bytes Sent By Job
	23301  -  Run Bytes Received By Job
	Transfer output files failure at execution point slot1_20@node-w13.localdomain while sending files to access point tamsa2. Details: reading from file /var/lib/condor/execute/dir_3855621/*.png: (errno 2) No such file or directory
	Partitionable Resources :    Usage  Request Allocated 
	   Cpus                 :        0        2         2 
	   Disk (KB)            :       46       25      2048 
	   GPUs                 :                           0 
	   Memory (MB)          :        1    16000     16000 
	   TimeExecute (s)      :        5                    
	   TimeSlotBusy (s)     :        5                    
...
012 (1247850.000.000) 2025-07-17 17:08:26 Job was held.
	Transfer output files failure at execution point slot1_20@node-w13.localdomain while sending files to access point tamsa2. Details: reading from file /var/lib/condor/execute/dir_3855621/*.png: (errno 2) No such file or directory
	Code 12 Subcode 2
...
009 (1247850.000.000) 2025-07-17 17:08:34 Job was aborted.
	via condor_rm (by user achihwan)

	Job terminated by itself at 2025-07-17T08:08:26Z (using method 0: OF_ITS_OWN_ACCORD).
...
000 (1247909.000.000) 2025-07-17 17:08:49 Job submitted from host: <172.30.1.200:9618?addrs=172.30.1.200-9618&alias=tamsa2&noUDP&sock=schedd_2531_a24a>
...
040 (1247909.000.000) 2025-07-17 17:09:03 Started transferring input files
	Transferring to host: <172.30.1.217:9618?addrs=172.30.1.217-9618&alias=node-w17.localdomain&noUDP&sock=slot1_3_6391_c99d_116518>
...
001 (1247909.000.000) 2025-07-17 17:09:03 Job executing on host: <172.30.1.217:9618?addrs=172.30.1.217-9618&alias=node-w17.localdomain&noUDP&sock=startd_6357_f3a4>
	SlotName: slot1_3@node-w17.localdomain
	CondorScratchDir = "/var/lib/condor/execute/dir_3868871"
	Cpus = 2
	Disk = 2048
	GPUs = 0
	Memory = 16000
...
040 (1247909.000.000) 2025-07-17 17:09:03 Finished transferring input files
...
006 (1247909.000.000) 2025-07-17 17:09:08 Image size of job updated: 20
	1  -  MemoryUsage of job (MB)
	8  -  ResidentSetSize of job (KB)
...
040 (1247909.000.000) 2025-07-17 17:09:08 Started transferring output files
...
040 (1247909.000.000) 2025-07-17 17:09:08 Finished transferring output files
...
021 (1247909.000.000) 2025-07-17 17:09:08 Error from starter on slot1_3@node-w17.localdomain:
	STARTER at 172.30.1.217 failed to send file(s) to <172.30.1.200:9618>: |Error: reading from file /var/lib/condor/execute/dir_3868871/*.png: (errno 2) No such file or directory; SHADOW failed to receive file(s) from <172.30.1.217:35463>
	Code 13 Subcode 2
...
004 (1247909.000.000) 2025-07-17 17:09:08 Job was evicted.
	(0) CPU times
		Usr 0 00:00:00, Sys 0 00:00:00  -  Run Remote Usage
		Usr 0 00:00:00, Sys 0 00:00:00  -  Run Local Usage
	281  -  Run Bytes Sent By Job
	23301  -  Run Bytes Received By Job
	Transfer output files failure at execution point slot1_3@node-w17.localdomain while sending files to access point tamsa2. Details: reading from file /var/lib/condor/execute/dir_3868871/*.png: (errno 2) No such file or directory
	Partitionable Resources :    Usage  Request Allocated 
	   Cpus                 :        0        2         2 
	   Disk (KB)            :       46       25      2048 
	   GPUs                 :                           0 
	   Memory (MB)          :        1    16000     16000 
	   TimeExecute (s)      :        5                    
	   TimeSlotBusy (s)     :        6                    
...
012 (1247909.000.000) 2025-07-17 17:09:08 Job was held.
	Transfer output files failure at execution point slot1_3@node-w17.localdomain while sending files to access point tamsa2. Details: reading from file /var/lib/condor/execute/dir_3868871/*.png: (errno 2) No such file or directory
	Code 12 Subcode 2
...
009 (1247909.000.000) 2025-07-17 17:10:28 Job was aborted.
	via condor_rm (by user achihwan)

	Job terminated by itself at 2025-07-17T08:09:08Z (using method 0: OF_ITS_OWN_ACCORD).
...
000 (1247969.000.000) 2025-07-17 17:10:32 Job submitted from host: <172.30.1.200:9618?addrs=172.30.1.200-9618&alias=tamsa2&noUDP&sock=schedd_2531_a24a>
...
040 (1247969.000.000) 2025-07-17 17:10:44 Started transferring input files
	Transferring to host: <172.30.1.216:9618?addrs=172.30.1.216-9618&alias=node-w16.localdomain&noUDP&sock=slot1_32_5179_d2ec_89551>
...
040 (1247969.000.000) 2025-07-17 17:10:44 Finished transferring input files
...
001 (1247969.000.000) 2025-07-17 17:10:44 Job executing on host: <172.30.1.216:9618?addrs=172.30.1.216-9618&alias=node-w16.localdomain&noUDP&sock=startd_5145_9edb>
	SlotName: slot1_32@node-w16.localdomain
	CondorScratchDir = "/var/lib/condor/execute/dir_2518407"
	Cpus = 2
	Disk = 2048
	GPUs = 0
	Memory = 16000
...
006 (1247969.000.000) 2025-07-17 17:10:50 Image size of job updated: 148
	1  -  MemoryUsage of job (MB)
	8  -  ResidentSetSize of job (KB)
...
040 (1247969.000.000) 2025-07-17 17:10:50 Started transferring output files
...
040 (1247969.000.000) 2025-07-17 17:10:50 Finished transferring output files
...
021 (1247969.000.000) 2025-07-17 17:10:50 Error from starter on slot1_32@node-w16.localdomain:
	STARTER at 172.30.1.216 failed to send file(s) to <172.30.1.200:9618>: |Error: reading from file /var/lib/condor/execute/dir_2518407/*.png: (errno 2) No such file or directory; SHADOW failed to receive file(s) from <172.30.1.216:41019>
	Code 13 Subcode 2
...
004 (1247969.000.000) 2025-07-17 17:10:50 Job was evicted.
	(0) CPU times
		Usr 0 00:00:00, Sys 0 00:00:00  -  Run Remote Usage
		Usr 0 00:00:00, Sys 0 00:00:00  -  Run Local Usage
	303  -  Run Bytes Sent By Job
	23301  -  Run Bytes Received By Job
	Transfer output files failure at execution point slot1_32@node-w16.localdomain while sending files to access point tamsa2. Details: reading from file /var/lib/condor/execute/dir_2518407/*.png: (errno 2) No such file or directory
	Partitionable Resources :    Usage  Request Allocated 
	   Cpus                 :        0        2         2 
	   Disk (KB)            :       46       25      2048 
	   GPUs                 :                           0 
	   Memory (MB)          :        1    16000     16000 
	   TimeExecute (s)      :        6                    
	   TimeSlotBusy (s)     :        6                    
...
012 (1247969.000.000) 2025-07-17 17:10:50 Job was held.
	Transfer output files failure at execution point slot1_32@node-w16.localdomain while sending files to access point tamsa2. Details: reading from file /var/lib/condor/execute/dir_2518407/*.png: (errno 2) No such file or directory
	Code 12 Subcode 2
...
009 (1247969.000.000) 2025-07-17 17:11:47 Job was aborted.
	via condor_rm (by user achihwan)

	Job terminated by itself at 2025-07-17T08:10:50Z (using method 0: OF_ITS_OWN_ACCORD).
...
000 (1248029.000.000) 2025-07-17 17:11:58 Job submitted from host: <172.30.1.200:9618?addrs=172.30.1.200-9618&alias=tamsa2&noUDP&sock=schedd_2531_a24a>
...
040 (1248029.000.000) 2025-07-17 17:12:00 Started transferring input files
	Transferring to host: <172.30.1.213:9618?addrs=172.30.1.213-9618&alias=node-w13.localdomain&noUDP&sock=slot1_8_4972_f943_94124>
...
001 (1248029.000.000) 2025-07-17 17:12:00 Job executing on host: <172.30.1.213:9618?addrs=172.30.1.213-9618&alias=node-w13.localdomain&noUDP&sock=startd_4938_a2c0>
	SlotName: slot1_8@node-w13.localdomain
	CondorScratchDir = "/var/lib/condor/execute/dir_3857165"
	Cpus = 2
	Disk = 2048
	GPUs = 0
	Memory = 16000
...
040 (1248029.000.000) 2025-07-17 17:12:00 Finished transferring input files
...
006 (1248029.000.000) 2025-07-17 17:12:05 Image size of job updated: 176
	1  -  MemoryUsage of job (MB)
	8  -  ResidentSetSize of job (KB)
...
040 (1248029.000.000) 2025-07-17 17:12:05 Started transferring output files
...
040 (1248029.000.000) 2025-07-17 17:12:05 Finished transferring output files
...
021 (1248029.000.000) 2025-07-17 17:12:05 Error from starter on slot1_8@node-w13.localdomain:
	STARTER at 172.30.1.213 failed to send file(s) to <172.30.1.200:9618>: |Error: reading from file /var/lib/condor/execute/dir_3857165/*.png: (errno 2) No such file or directory; SHADOW failed to receive file(s) from <172.30.1.213:38931>
	Code 13 Subcode 2
...
004 (1248029.000.000) 2025-07-17 17:12:05 Job was evicted.
	(0) CPU times
		Usr 0 00:00:00, Sys 0 00:00:00  -  Run Remote Usage
		Usr 0 00:00:00, Sys 0 00:00:00  -  Run Local Usage
	289  -  Run Bytes Sent By Job
	23301  -  Run Bytes Received By Job
	Transfer output files failure at execution point slot1_8@node-w13.localdomain while sending files to access point tamsa2. Details: reading from file /var/lib/condor/execute/dir_3857165/*.png: (errno 2) No such file or directory
	Partitionable Resources :    Usage  Request Allocated 
	   Cpus                 :     0.02        2         2 
	   Disk (KB)            :    46          25      2048 
	   GPUs                 :                           0 
	   Memory (MB)          :     1       16000     16000 
	   TimeExecute (s)      :     5                       
	   TimeSlotBusy (s)     :     5                       
...
012 (1248029.000.000) 2025-07-17 17:12:05 Job was held.
	Transfer output files failure at execution point slot1_8@node-w13.localdomain while sending files to access point tamsa2. Details: reading from file /var/lib/condor/execute/dir_3857165/*.png: (errno 2) No such file or directory
	Code 12 Subcode 2
...
000 (1248089.000.000) 2025-07-17 17:12:47 Job submitted from host: <172.30.1.200:9618?addrs=172.30.1.200-9618&alias=tamsa2&noUDP&sock=schedd_2531_a24a>
...
040 (1248089.000.000) 2025-07-17 17:12:48 Started transferring input files
	Transferring to host: <172.30.1.217:9618?addrs=172.30.1.217-9618&alias=node-w17.localdomain&noUDP&sock=slot1_2_6391_c99d_116543>
...
001 (1248089.000.000) 2025-07-17 17:12:48 Job executing on host: <172.30.1.217:9618?addrs=172.30.1.217-9618&alias=node-w17.localdomain&noUDP&sock=startd_6357_f3a4>
	SlotName: slot1_2@node-w17.localdomain
	CondorScratchDir = "/var/lib/condor/execute/dir_3873149"
	Cpus = 2
	Disk = 2048
	GPUs = 0
	Memory = 16000
...
040 (1248089.000.000) 2025-07-17 17:12:48 Finished transferring input files
...
006 (1248089.000.000) 2025-07-17 17:12:53 Image size of job updated: 184
	1  -  MemoryUsage of job (MB)
	8  -  ResidentSetSize of job (KB)
...
040 (1248089.000.000) 2025-07-17 17:12:53 Started transferring output files
...
040 (1248089.000.000) 2025-07-17 17:12:53 Finished transferring output files
...
021 (1248089.000.000) 2025-07-17 17:12:53 Error from starter on slot1_2@node-w17.localdomain:
	STARTER at 172.30.1.217 failed to send file(s) to <172.30.1.200:9618>: |Error: reading from file /var/lib/condor/execute/dir_3873149/*.png: (errno 2) No such file or directory; SHADOW failed to receive file(s) from <172.30.1.217:33659>
	Code 13 Subcode 2
...
004 (1248089.000.000) 2025-07-17 17:12:53 Job was evicted.
	(0) CPU times
		Usr 0 00:00:00, Sys 0 00:00:00  -  Run Remote Usage
		Usr 0 00:00:00, Sys 0 00:00:00  -  Run Local Usage
	290  -  Run Bytes Sent By Job
	23300  -  Run Bytes Received By Job
	Transfer output files failure at execution point slot1_2@node-w17.localdomain while sending files to access point tamsa2. Details: reading from file /var/lib/condor/execute/dir_3873149/*.png: (errno 2) No such file or directory
	Partitionable Resources :    Usage  Request Allocated 
	   Cpus                 :     0.01        2         2 
	   Disk (KB)            :    46          25      2048 
	   GPUs                 :                           0 
	   Memory (MB)          :     1       16000     16000 
	   TimeExecute (s)      :     5                       
	   TimeSlotBusy (s)     :     5                       
...
012 (1248089.000.000) 2025-07-17 17:12:53 Job was held.
	Transfer output files failure at execution point slot1_2@node-w17.localdomain while sending files to access point tamsa2. Details: reading from file /var/lib/condor/execute/dir_3873149/*.png: (errno 2) No such file or directory
	Code 12 Subcode 2
...
009 (1248089.000.000) 2025-07-17 17:13:09 Job was aborted.
	via condor_rm (by user achihwan)

	Job terminated by itself at 2025-07-17T08:12:53Z (using method 0: OF_ITS_OWN_ACCORD).
...
009 (1248029.000.000) 2025-07-17 17:13:09 Job was aborted.
	via condor_rm (by user achihwan)

	Job terminated by itself at 2025-07-17T08:12:05Z (using method 0: OF_ITS_OWN_ACCORD).
...
000 (1248148.000.000) 2025-07-17 17:13:13 Job submitted from host: <172.30.1.200:9618?addrs=172.30.1.200-9618&alias=tamsa2&noUDP&sock=schedd_2531_a24a>
...
009 (1248148.000.000) 2025-07-17 17:14:42 Job was aborted.
	via condor_rm (by user achihwan)
...
000 (1248207.000.000) 2025-07-17 17:14:46 Job submitted from host: <172.30.1.200:9618?addrs=172.30.1.200-9618&alias=tamsa2&noUDP&sock=schedd_2531_a24a>
...
040 (1248207.000.000) 2025-07-17 17:17:13 Started transferring input files
	Transferring to host: <172.30.1.216:9618?addrs=172.30.1.216-9618&alias=node-w16.localdomain&noUDP&sock=slot1_5_5179_d2ec_89595>
...
001 (1248207.000.000) 2025-07-17 17:17:13 Job executing on host: <172.30.1.216:9618?addrs=172.30.1.216-9618&alias=node-w16.localdomain&noUDP&sock=startd_5145_9edb>
	SlotName: slot1_5@node-w16.localdomain
	CondorScratchDir = "/var/lib/condor/execute/dir_2525568"
	Cpus = 2
	Disk = 2048
	GPUs = 0
	Memory = 16000
...
040 (1248207.000.000) 2025-07-17 17:17:13 Finished transferring input files
...
006 (1248207.000.000) 2025-07-17 17:17:19 Image size of job updated: 180
	1  -  MemoryUsage of job (MB)
	12  -  ResidentSetSize of job (KB)
...
040 (1248207.000.000) 2025-07-17 17:17:19 Started transferring output files
...
040 (1248207.000.000) 2025-07-17 17:17:19 Finished transferring output files
...
021 (1248207.000.000) 2025-07-17 17:17:19 Error from starter on slot1_5@node-w16.localdomain:
	STARTER at 172.30.1.216 failed to send file(s) to <172.30.1.200:9618>: |Error: reading from file /var/lib/condor/execute/dir_2525568/*.png: (errno 2) No such file or directory; SHADOW failed to receive file(s) from <172.30.1.216:38445>
	Code 13 Subcode 2
...
004 (1248207.000.000) 2025-07-17 17:17:19 Job was evicted.
	(0) CPU times
		Usr 0 00:00:00, Sys 0 00:00:00  -  Run Remote Usage
		Usr 0 00:00:00, Sys 0 00:00:00  -  Run Local Usage
	282  -  Run Bytes Sent By Job
	23298  -  Run Bytes Received By Job
	Transfer output files failure at execution point slot1_5@node-w16.localdomain while sending files to access point tamsa2. Details: reading from file /var/lib/condor/execute/dir_2525568/*.png: (errno 2) No such file or directory
	Partitionable Resources :    Usage  Request Allocated 
	   Cpus                 :        0        2         2 
	   Disk (KB)            :       46       25      2048 
	   GPUs                 :                           0 
	   Memory (MB)          :        1    16000     16000 
	   TimeExecute (s)      :        6                    
	   TimeSlotBusy (s)     :        6                    
...
012 (1248207.000.000) 2025-07-17 17:17:19 Job was held.
	Transfer output files failure at execution point slot1_5@node-w16.localdomain while sending files to access point tamsa2. Details: reading from file /var/lib/condor/execute/dir_2525568/*.png: (errno 2) No such file or directory
	Code 12 Subcode 2
...
009 (1248207.000.000) 2025-07-17 17:18:37 Job was aborted.
	via condor_rm (by user achihwan)

	Job terminated by itself at 2025-07-17T08:17:19Z (using method 0: OF_ITS_OWN_ACCORD).
...
000 (1248268.000.000) 2025-07-17 17:23:08 Job submitted from host: <172.30.1.200:9618?addrs=172.30.1.200-9618&alias=tamsa2&noUDP&sock=schedd_2531_a24a>
...
040 (1248268.000.000) 2025-07-17 17:23:09 Started transferring input files
	Transferring to host: <172.30.1.214:9618?addrs=172.30.1.214-9618&alias=node-w14.localdomain&noUDP&sock=slot1_26_5193_b02c_90867>
...
040 (1248268.000.000) 2025-07-17 17:23:09 Finished transferring input files
...
001 (1248268.000.000) 2025-07-17 17:23:09 Job executing on host: <172.30.1.214:9618?addrs=172.30.1.214-9618&alias=node-w14.localdomain&noUDP&sock=startd_5159_392e>
	SlotName: slot1_26@node-w14.localdomain
	CondorScratchDir = "/var/lib/condor/execute/dir_730708"
	Cpus = 2
	Disk = 2048
	GPUs = 0
	Memory = 16000
...
006 (1248268.000.000) 2025-07-17 17:23:14 Image size of job updated: 20
	1  -  MemoryUsage of job (MB)
	8  -  ResidentSetSize of job (KB)
...
040 (1248268.000.000) 2025-07-17 17:23:14 Started transferring output files
...
040 (1248268.000.000) 2025-07-17 17:23:14 Finished transferring output files
...
021 (1248268.000.000) 2025-07-17 17:23:14 Error from starter on slot1_26@node-w14.localdomain:
	STARTER at 172.30.1.214 failed to send file(s) to <172.30.1.200:9618>: |Error: reading from file /var/lib/condor/execute/dir_730708/*.png: (errno 2) No such file or directory; SHADOW failed to receive file(s) from <172.30.1.214:42355>
	Code 13 Subcode 2
...
004 (1248268.000.000) 2025-07-17 17:23:14 Job was evicted.
	(0) CPU times
		Usr 0 00:00:00, Sys 0 00:00:00  -  Run Remote Usage
		Usr 0 00:00:00, Sys 0 00:00:00  -  Run Local Usage
	464  -  Run Bytes Sent By Job
	23376  -  Run Bytes Received By Job
	Transfer output files failure at execution point slot1_26@node-w14.localdomain while sending files to access point tamsa2. Details: reading from file /var/lib/condor/execute/dir_730708/*.png: (errno 2) No such file or directory
	Partitionable Resources :    Usage  Request Allocated 
	   Cpus                 :        0        2         2 
	   Disk (KB)            :       46       25      2048 
	   GPUs                 :                           0 
	   Memory (MB)          :        1    16000     16000 
	   TimeExecute (s)      :        5                    
	   TimeSlotBusy (s)     :        5                    
...
012 (1248268.000.000) 2025-07-17 17:23:14 Job was held.
	Transfer output files failure at execution point slot1_26@node-w14.localdomain while sending files to access point tamsa2. Details: reading from file /var/lib/condor/execute/dir_730708/*.png: (errno 2) No such file or directory
	Code 12 Subcode 2
...
009 (1248268.000.000) 2025-07-17 17:28:06 Job was aborted.
	via condor_rm (by user achihwan)

	Job terminated by itself at 2025-07-17T08:23:14Z (using method 0: OF_ITS_OWN_ACCORD).
...
000 (1248329.000.000) 2025-07-17 17:28:08 Job submitted from host: <172.30.1.200:9618?addrs=172.30.1.200-9618&alias=tamsa2&noUDP&sock=schedd_2531_a24a>
...
040 (1248329.000.000) 2025-07-17 17:28:24 Started transferring input files
	Transferring to host: <172.30.1.216:9618?addrs=172.30.1.216-9618&alias=node-w16.localdomain&noUDP&sock=slot1_28_5179_d2ec_89746>
...
040 (1248329.000.000) 2025-07-17 17:28:28 Finished transferring input files
...
001 (1248329.000.000) 2025-07-17 17:28:28 Job executing on host: <172.30.1.216:9618?addrs=172.30.1.216-9618&alias=node-w16.localdomain&noUDP&sock=startd_5145_9edb>
	SlotName: slot1_28@node-w16.localdomain
	CondorScratchDir = "/var/lib/condor/execute/dir_2551350"
	Cpus = 2
	Disk = 751616
	GPUs = 0
	Memory = 16000
...
006 (1248329.000.000) 2025-07-17 17:28:41 Image size of job updated: 624708
	611  -  MemoryUsage of job (MB)
	624708  -  ResidentSetSize of job (KB)
...
006 (1248329.000.000) 2025-07-17 17:28:59 Image size of job updated: 2199792
	2149  -  MemoryUsage of job (MB)
	2199792  -  ResidentSetSize of job (KB)
...
040 (1248329.000.000) 2025-07-17 17:28:59 Started transferring output files
...
040 (1248329.000.000) 2025-07-17 17:28:59 Finished transferring output files
...
021 (1248329.000.000) 2025-07-17 17:28:59 Error from starter on slot1_28@node-w16.localdomain:
	STARTER at 172.30.1.216 failed to send file(s) to <172.30.1.200:9618>: |Error: reading from file /var/lib/condor/execute/dir_2551350/*.png: (errno 2) No such file or directory; SHADOW failed to receive file(s) from <172.30.1.216:40509>
	Code 13 Subcode 2
...
004 (1248329.000.000) 2025-07-17 17:28:59 Job was evicted.
	(0) CPU times
		Usr 0 00:00:23, Sys 0 00:00:04  -  Run Remote Usage
		Usr 0 00:00:00, Sys 0 00:00:00  -  Run Local Usage
	408  -  Run Bytes Sent By Job
	690280192  -  Run Bytes Received By Job
	Transfer output files failure at execution point slot1_28@node-w16.localdomain while sending files to access point tamsa2. Details: reading from file /var/lib/condor/execute/dir_2551350/*.png: (errno 2) No such file or directory
	Partitionable Resources :    Usage  Request Allocated 
	   Cpus                 :        0        2         2 
	   Disk (KB)            :  2774353   750000    751616 
	   GPUs                 :                           0 
	   Memory (MB)          :     2149    16000     16000 
	   TimeExecute (s)      :       31                    
	   TimeSlotBusy (s)     :       36                    
...
012 (1248329.000.000) 2025-07-17 17:28:59 Job was held.
	Transfer output files failure at execution point slot1_28@node-w16.localdomain while sending files to access point tamsa2. Details: reading from file /var/lib/condor/execute/dir_2551350/*.png: (errno 2) No such file or directory
	Code 12 Subcode 2
...
009 (1248329.000.000) 2025-07-17 17:30:19 Job was aborted.
	via condor_rm (by user achihwan)

	Job terminated by itself at 2025-07-17T08:28:59Z (using method 0: OF_ITS_OWN_ACCORD).
...
000 (1248389.000.000) 2025-07-17 17:33:21 Job submitted from host: <172.30.1.200:9618?addrs=172.30.1.200-9618&alias=tamsa2&noUDP&sock=schedd_2531_a24a>
...
040 (1248389.000.000) 2025-07-17 17:33:22 Started transferring input files
	Transferring to host: <172.30.1.213:9618?addrs=172.30.1.213-9618&alias=node-w13.localdomain&noUDP&sock=slot1_8_4972_f943_94327>
...
040 (1248389.000.000) 2025-07-17 17:33:26 Finished transferring input files
...
001 (1248389.000.000) 2025-07-17 17:33:26 Job executing on host: <172.30.1.213:9618?addrs=172.30.1.213-9618&alias=node-w13.localdomain&noUDP&sock=startd_4938_a2c0>
	SlotName: slot1_8@node-w13.localdomain
	CondorScratchDir = "/var/lib/condor/execute/dir_3892198"
	Cpus = 2
	Disk = 751616
	GPUs = 0
	Memory = 16000
...
006 (1248389.000.000) 2025-07-17 17:33:40 Image size of job updated: 818096
	799  -  MemoryUsage of job (MB)
	818096  -  ResidentSetSize of job (KB)
...
006 (1248389.000.000) 2025-07-17 17:33:55 Image size of job updated: 2199792
	2149  -  MemoryUsage of job (MB)
	2199792  -  ResidentSetSize of job (KB)
...
040 (1248389.000.000) 2025-07-17 17:33:55 Started transferring output files
...
040 (1248389.000.000) 2025-07-17 17:33:55 Finished transferring output files
...
021 (1248389.000.000) 2025-07-17 17:33:55 Error from starter on slot1_8@node-w13.localdomain:
	STARTER at 172.30.1.213 failed to send file(s) to <172.30.1.200:9618>: |Error: reading from file /var/lib/condor/execute/dir_3892198/*.png: (errno 2) No such file or directory; SHADOW failed to receive file(s) from <172.30.1.213:41947>
	Code 13 Subcode 2
...
004 (1248389.000.000) 2025-07-17 17:33:55 Job was evicted.
	(0) CPU times
		Usr 0 00:00:22, Sys 0 00:00:04  -  Run Remote Usage
		Usr 0 00:00:00, Sys 0 00:00:00  -  Run Local Usage
	408  -  Run Bytes Sent By Job
	690280192  -  Run Bytes Received By Job
	Transfer output files failure at execution point slot1_8@node-w13.localdomain while sending files to access point tamsa2. Details: reading from file /var/lib/condor/execute/dir_3892198/*.png: (errno 2) No such file or directory
	Partitionable Resources :    Usage  Request Allocated 
	   Cpus                 :        0        2         2 
	   Disk (KB)            :  2774353   750000    751616 
	   GPUs                 :                           0 
	   Memory (MB)          :     2149    16000     16000 
	   TimeExecute (s)      :       29                    
	   TimeSlotBusy (s)     :       33                    
...
012 (1248389.000.000) 2025-07-17 17:33:55 Job was held.
	Transfer output files failure at execution point slot1_8@node-w13.localdomain while sending files to access point tamsa2. Details: reading from file /var/lib/condor/execute/dir_3892198/*.png: (errno 2) No such file or directory
	Code 12 Subcode 2
...
009 (1248389.000.000) 2025-07-17 17:34:44 Job was aborted.
	via condor_rm (by user achihwan)

	Job terminated by itself at 2025-07-17T08:33:55Z (using method 0: OF_ITS_OWN_ACCORD).
...
000 (1248448.000.000) 2025-07-17 17:34:46 Job submitted from host: <172.30.1.200:9618?addrs=172.30.1.200-9618&alias=tamsa2&noUDP&sock=schedd_2531_a24a>
...
040 (1248448.000.000) 2025-07-17 17:35:04 Started transferring input files
	Transferring to host: <172.30.1.212:9618?addrs=172.30.1.212-9618&alias=node-w12.localdomain&noUDP&sock=slot1_2_4978_3384_91958>
...
040 (1248448.000.000) 2025-07-17 17:35:09 Finished transferring input files
...
001 (1248448.000.000) 2025-07-17 17:35:09 Job executing on host: <172.30.1.212:9618?addrs=172.30.1.212-9618&alias=node-w12.localdomain&noUDP&sock=startd_4944_c052>
	SlotName: slot1_2@node-w12.localdomain
	CondorScratchDir = "/var/lib/condor/execute/dir_1116700"
	Cpus = 2
	Disk = 751616
	GPUs = 0
	Memory = 16000
...
006 (1248448.000.000) 2025-07-17 17:35:22 Image size of job updated: 743096
	726  -  MemoryUsage of job (MB)
	743096  -  ResidentSetSize of job (KB)
...
006 (1248448.000.000) 2025-07-17 17:35:38 Image size of job updated: 2199792
	2149  -  MemoryUsage of job (MB)
	2199792  -  ResidentSetSize of job (KB)
...
040 (1248448.000.000) 2025-07-17 17:35:38 Started transferring output files
...
040 (1248448.000.000) 2025-07-17 17:35:38 Finished transferring output files
...
021 (1248448.000.000) 2025-07-17 17:35:38 Error from starter on slot1_2@node-w12.localdomain:
	STARTER at 172.30.1.212 failed to send file(s) to <172.30.1.200:9618>: |Error: reading from file /var/lib/condor/execute/dir_1116700/*.png: (errno 2) No such file or directory; SHADOW failed to receive file(s) from <172.30.1.212:36515>
	Code 13 Subcode 2
...
004 (1248448.000.000) 2025-07-17 17:35:38 Job was evicted.
	(0) CPU times
		Usr 0 00:00:23, Sys 0 00:00:04  -  Run Remote Usage
		Usr 0 00:00:00, Sys 0 00:00:00  -  Run Local Usage
	836  -  Run Bytes Sent By Job
	690280192  -  Run Bytes Received By Job
	Transfer output files failure at execution point slot1_2@node-w12.localdomain while sending files to access point tamsa2. Details: reading from file /var/lib/condor/execute/dir_1116700/*.png: (errno 2) No such file or directory
	Partitionable Resources :    Usage  Request Allocated 
	   Cpus                 :        0        2         2 
	   Disk (KB)            :  2774353   750000    751616 
	   GPUs                 :                           0 
	   Memory (MB)          :     2149    16000     16000 
	   TimeExecute (s)      :       29                    
	   TimeSlotBusy (s)     :       34                    
...
012 (1248448.000.000) 2025-07-17 17:35:38 Job was held.
	Transfer output files failure at execution point slot1_2@node-w12.localdomain while sending files to access point tamsa2. Details: reading from file /var/lib/condor/execute/dir_1116700/*.png: (errno 2) No such file or directory
	Code 12 Subcode 2
...
009 (1248448.000.000) 2025-07-17 17:36:48 Job was aborted.
	via condor_rm (by user achihwan)

	Job terminated by itself at 2025-07-17T08:35:38Z (using method 0: OF_ITS_OWN_ACCORD).
...
000 (1249770.000.000) 2025-07-17 17:36:50 Job submitted from host: <172.30.1.200:9618?addrs=172.30.1.200-9618&alias=tamsa2&noUDP&sock=schedd_2531_a24a>
...
040 (1249770.000.000) 2025-07-17 17:39:13 Started transferring input files
	Transferring to host: <172.30.1.211:9618?addrs=172.30.1.211-9618&alias=node-w11.localdomain&noUDP&sock=slot1_53_4969_dc23_57914>
...
040 (1249770.000.000) 2025-07-17 17:39:16 Finished transferring input files
...
001 (1249770.000.000) 2025-07-17 17:39:16 Job executing on host: <172.30.1.211:9618?addrs=172.30.1.211-9618&alias=node-w11.localdomain&noUDP&sock=startd_4935_93f7>
	SlotName: slot1_53@node-w11.localdomain
	CondorScratchDir = "/var/lib/condor/execute/dir_398609"
	Cpus = 2
	Disk = 751616
	GPUs = 0
	Memory = 16000
...
006 (1249770.000.000) 2025-07-17 17:39:30 Image size of job updated: 1137288
	1111  -  MemoryUsage of job (MB)
	1137288  -  ResidentSetSize of job (KB)
...
006 (1249770.000.000) 2025-07-17 17:39:39 Image size of job updated: 2199792
	2149  -  MemoryUsage of job (MB)
	2199792  -  ResidentSetSize of job (KB)
...
040 (1249770.000.000) 2025-07-17 17:39:40 Started transferring output files
...
040 (1249770.000.000) 2025-07-17 17:39:40 Finished transferring output files
...
021 (1249770.000.000) 2025-07-17 17:39:40 Error from starter on slot1_53@node-w11.localdomain:
	STARTER at 172.30.1.211 failed to send file(s) to <172.30.1.200:9618>: |Error: reading from file /var/lib/condor/execute/dir_398609/*.png: (errno 2) No such file or directory; SHADOW failed to receive file(s) from <172.30.1.211:41201>
	Code 13 Subcode 2
...
004 (1249770.000.000) 2025-07-17 17:39:40 Job was evicted.
	(0) CPU times
		Usr 0 00:00:17, Sys 0 00:00:03  -  Run Remote Usage
		Usr 0 00:00:00, Sys 0 00:00:00  -  Run Local Usage
	723  -  Run Bytes Sent By Job
	690280192  -  Run Bytes Received By Job
	Transfer output files failure at execution point slot1_53@node-w11.localdomain while sending files to access point tamsa2. Details: reading from file /var/lib/condor/execute/dir_398609/*.png: (errno 2) No such file or directory
	Partitionable Resources :    Usage  Request Allocated 
	   Cpus                 :        0        2         2 
	   Disk (KB)            :  2774353   750000    751616 
	   GPUs                 :                           0 
	   Memory (MB)          :     2149    16000     16000 
	   TimeExecute (s)      :       24                    
	   TimeSlotBusy (s)     :       27                    
...
012 (1249770.000.000) 2025-07-17 17:39:40 Job was held.
	Transfer output files failure at execution point slot1_53@node-w11.localdomain while sending files to access point tamsa2. Details: reading from file /var/lib/condor/execute/dir_398609/*.png: (errno 2) No such file or directory
	Code 12 Subcode 2
...
000 (1251192.000.000) 2025-07-17 17:42:30 Job submitted from host: <172.30.1.200:9618?addrs=172.30.1.200-9618&alias=tamsa2&noUDP&sock=schedd_2531_a24a>
...
040 (1251192.000.000) 2025-07-17 17:42:36 Started transferring input files
	Transferring to host: <172.30.1.216:9618?addrs=172.30.1.216-9618&alias=node-w16.localdomain&noUDP&sock=slot1_15_5179_d2ec_89864>
...
040 (1251192.000.000) 2025-07-17 17:42:40 Finished transferring input files
...
001 (1251192.000.000) 2025-07-17 17:42:40 Job executing on host: <172.30.1.216:9618?addrs=172.30.1.216-9618&alias=node-w16.localdomain&noUDP&sock=startd_5145_9edb>
	SlotName: slot1_15@node-w16.localdomain
	CondorScratchDir = "/var/lib/condor/execute/dir_2580323"
	Cpus = 2
	Disk = 751616
	GPUs = 0
	Memory = 16000
...
009 (1249770.000.000) 2025-07-17 17:42:45 Job was aborted.
	via condor_rm (by user achihwan)

	Job terminated by itself at 2025-07-17T08:39:39Z (using method 0: OF_ITS_OWN_ACCORD).
...
006 (1251192.000.000) 2025-07-17 17:42:54 Image size of job updated: 857352
	838  -  MemoryUsage of job (MB)
	857352  -  ResidentSetSize of job (KB)
...
006 (1251192.000.000) 2025-07-17 17:43:08 Image size of job updated: 2199796
	2149  -  MemoryUsage of job (MB)
	2199796  -  ResidentSetSize of job (KB)
...
040 (1251192.000.000) 2025-07-17 17:43:08 Started transferring output files
...
040 (1251192.000.000) 2025-07-17 17:43:08 Finished transferring output files
...
021 (1251192.000.000) 2025-07-17 17:43:08 Error from starter on slot1_15@node-w16.localdomain:
	STARTER at 172.30.1.216 failed to send file(s) to <172.30.1.200:9618>: |Error: reading from file /var/lib/condor/execute/dir_2580323/*.png: (errno 2) No such file or directory; SHADOW failed to receive file(s) from <172.30.1.216:43671>
	Code 13 Subcode 2
...
004 (1251192.000.000) 2025-07-17 17:43:08 Job was evicted.
	(0) CPU times
		Usr 0 00:00:22, Sys 0 00:00:04  -  Run Remote Usage
		Usr 0 00:00:00, Sys 0 00:00:00  -  Run Local Usage
	4426  -  Run Bytes Sent By Job
	690280192  -  Run Bytes Received By Job
	Transfer output files failure at execution point slot1_15@node-w16.localdomain while sending files to access point tamsa2. Details: reading from file /var/lib/condor/execute/dir_2580323/*.png: (errno 2) No such file or directory
	Partitionable Resources :    Usage  Request Allocated 
	   Cpus                 :                 2         2 
	   Disk (KB)            :  2774350   750000    751616 
	   GPUs                 :                           0 
	   Memory (MB)          :     2149    16000     16000 
	   TimeExecute (s)      :       28                    
	   TimeSlotBusy (s)     :       32                    
...
012 (1251192.000.000) 2025-07-17 17:43:08 Job was held.
	Transfer output files failure at execution point slot1_15@node-w16.localdomain while sending files to access point tamsa2. Details: reading from file /var/lib/condor/execute/dir_2580323/*.png: (errno 2) No such file or directory
	Code 12 Subcode 2
...
009 (1251192.000.000) 2025-07-17 17:44:17 Job was aborted.
	via condor_rm (by user achihwan)

	Job terminated by itself at 2025-07-17T08:43:08Z (using method 0: OF_ITS_OWN_ACCORD).
...
000 (1253117.000.000) 2025-07-17 17:44:32 Job submitted from host: <172.30.1.200:9618?addrs=172.30.1.200-9618&alias=tamsa2&noUDP&sock=schedd_2531_a24a>
...
040 (1253117.000.000) 2025-07-17 17:44:49 Started transferring input files
	Transferring to host: <172.30.1.216:9618?addrs=172.30.1.216-9618&alias=node-w16.localdomain&noUDP&sock=slot1_4_5179_d2ec_89925>
...
040 (1253117.000.000) 2025-07-17 17:44:53 Finished transferring input files
...
001 (1253117.000.000) 2025-07-17 17:44:53 Job executing on host: <172.30.1.216:9618?addrs=172.30.1.216-9618&alias=node-w16.localdomain&noUDP&sock=startd_5145_9edb>
	SlotName: slot1_4@node-w16.localdomain
	CondorScratchDir = "/var/lib/condor/execute/dir_2592416"
	Cpus = 2
	Disk = 751616
	GPUs = 0
	Memory = 16000
...
006 (1253117.000.000) 2025-07-17 17:45:07 Image size of job updated: 881480
	861  -  MemoryUsage of job (MB)
	881480  -  ResidentSetSize of job (KB)
...
006 (1253117.000.000) 2025-07-17 17:45:21 Image size of job updated: 2199788
	2149  -  MemoryUsage of job (MB)
	2199788  -  ResidentSetSize of job (KB)
...
040 (1253117.000.000) 2025-07-17 17:45:21 Started transferring output files
...
040 (1253117.000.000) 2025-07-17 17:45:21 Finished transferring output files
...
021 (1253117.000.000) 2025-07-17 17:45:21 Error from starter on slot1_4@node-w16.localdomain:
	STARTER at 172.30.1.216 failed to send file(s) to <172.30.1.200:9618>: |Error: reading from file /var/lib/condor/execute/dir_2592416/*.png: (errno 2) No such file or directory; SHADOW failed to receive file(s) from <172.30.1.216:46527>
	Code 13 Subcode 2
...
004 (1253117.000.000) 2025-07-17 17:45:21 Job was evicted.
	(0) CPU times
		Usr 0 00:00:21, Sys 0 00:00:04  -  Run Remote Usage
		Usr 0 00:00:00, Sys 0 00:00:00  -  Run Local Usage
	472  -  Run Bytes Sent By Job
	690280192  -  Run Bytes Received By Job
	Transfer output files failure at execution point slot1_4@node-w16.localdomain while sending files to access point tamsa2. Details: reading from file /var/lib/condor/execute/dir_2592416/*.png: (errno 2) No such file or directory
	Partitionable Resources :    Usage  Request Allocated 
	   Cpus                 :        0        2         2 
	   Disk (KB)            :  2774353   750000    751616 
	   GPUs                 :                           0 
	   Memory (MB)          :     2149    16000     16000 
	   TimeExecute (s)      :       28                    
	   TimeSlotBusy (s)     :       35                    
...
012 (1253117.000.000) 2025-07-17 17:45:21 Job was held.
	Transfer output files failure at execution point slot1_4@node-w16.localdomain while sending files to access point tamsa2. Details: reading from file /var/lib/condor/execute/dir_2592416/*.png: (errno 2) No such file or directory
	Code 12 Subcode 2
...
009 (1253117.000.000) 2025-07-17 17:54:41 Job was aborted.
	via condor_rm (by user achihwan)

	Job terminated by itself at 2025-07-17T08:45:21Z (using method 0: OF_ITS_OWN_ACCORD).
...
000 (1253184.000.000) 2025-07-17 17:58:15 Job submitted from host: <172.30.1.200:9618?addrs=172.30.1.200-9618&alias=tamsa2&noUDP&sock=schedd_2531_a24a>
...
040 (1253184.000.000) 2025-07-17 17:58:28 Started transferring input files
	Transferring to host: <172.30.1.216:9618?addrs=172.30.1.216-9618&alias=node-w16.localdomain&noUDP&sock=slot1_6_5179_d2ec_90056>
...
040 (1253184.000.000) 2025-07-17 17:58:32 Finished transferring input files
...
001 (1253184.000.000) 2025-07-17 17:58:32 Job executing on host: <172.30.1.216:9618?addrs=172.30.1.216-9618&alias=node-w16.localdomain&noUDP&sock=startd_5145_9edb>
	SlotName: slot1_6@node-w16.localdomain
	CondorScratchDir = "/var/lib/condor/execute/dir_2615628"
	Cpus = 2
	Disk = 751616
	GPUs = 0
	Memory = 16000
...
006 (1253184.000.000) 2025-07-17 17:58:45 Image size of job updated: 782360
	765  -  MemoryUsage of job (MB)
	782360  -  ResidentSetSize of job (KB)
...
006 (1253184.000.000) 2025-07-17 17:59:00 Image size of job updated: 2199792
	2149  -  MemoryUsage of job (MB)
	2199792  -  ResidentSetSize of job (KB)
...
040 (1253184.000.000) 2025-07-17 17:59:01 Started transferring output files
...
040 (1253184.000.000) 2025-07-17 17:59:01 Finished transferring output files
...
021 (1253184.000.000) 2025-07-17 17:59:01 Error from starter on slot1_6@node-w16.localdomain:
	STARTER at 172.30.1.216 failed to send file(s) to <172.30.1.200:9618>: |Error: reading from file /var/lib/condor/execute/dir_2615628/*.png: (errno 2) No such file or directory; SHADOW failed to receive file(s) from <172.30.1.216:37711>
	Code 13 Subcode 2
...
004 (1253184.000.000) 2025-07-17 17:59:01 Job was evicted.
	(0) CPU times
		Usr 0 00:00:22, Sys 0 00:00:04  -  Run Remote Usage
		Usr 0 00:00:00, Sys 0 00:00:00  -  Run Local Usage
	466  -  Run Bytes Sent By Job
	690280192  -  Run Bytes Received By Job
	Transfer output files failure at execution point slot1_6@node-w16.localdomain while sending files to access point tamsa2. Details: reading from file /var/lib/condor/execute/dir_2615628/*.png: (errno 2) No such file or directory
	Partitionable Resources :    Usage  Request Allocated 
	   Cpus                 :                 2         2 
	   Disk (KB)            :  2774346   750000    751616 
	   GPUs                 :                           0 
	   Memory (MB)          :     2149    16000     16000 
	   TimeExecute (s)      :       28                    
	   TimeSlotBusy (s)     :       33                    
...
012 (1253184.000.000) 2025-07-17 17:59:01 Job was held.
	Transfer output files failure at execution point slot1_6@node-w16.localdomain while sending files to access point tamsa2. Details: reading from file /var/lib/condor/execute/dir_2615628/*.png: (errno 2) No such file or directory
	Code 12 Subcode 2
...
009 (1253184.000.000) 2025-07-17 18:04:59 Job was aborted.
	via condor_rm (by user achihwan)

	Job terminated by itself at 2025-07-17T08:59:00Z (using method 0: OF_ITS_OWN_ACCORD).
...
000 (1253246.000.000) 2025-07-17 18:05:01 Job submitted from host: <172.30.1.200:9618?addrs=172.30.1.200-9618&alias=tamsa2&noUDP&sock=schedd_2531_a24a>
...
040 (1253246.000.000) 2025-07-17 18:05:01 Started transferring input files
	Transferring to host: <172.30.1.216:9618?addrs=172.30.1.216-9618&alias=node-w16.localdomain&noUDP&sock=slot1_3_5179_d2ec_90111>
...
040 (1253246.000.000) 2025-07-17 18:05:07 Finished transferring input files
...
001 (1253246.000.000) 2025-07-17 18:05:07 Job executing on host: <172.30.1.216:9618?addrs=172.30.1.216-9618&alias=node-w16.localdomain&noUDP&sock=startd_5145_9edb>
	SlotName: slot1_3@node-w16.localdomain
	CondorScratchDir = "/var/lib/condor/execute/dir_2622510"
	Cpus = 2
	Disk = 751616
	GPUs = 0
	Memory = 16000
...
006 (1253246.000.000) 2025-07-17 18:05:20 Image size of job updated: 948648
	927  -  MemoryUsage of job (MB)
	948648  -  ResidentSetSize of job (KB)
...
006 (1253246.000.000) 2025-07-17 18:05:32 Image size of job updated: 2284892
	2149  -  MemoryUsage of job (MB)
	2199792  -  ResidentSetSize of job (KB)
...
040 (1253246.000.000) 2025-07-17 18:05:33 Started transferring output files
...
040 (1253246.000.000) 2025-07-17 18:05:33 Finished transferring output files
...
021 (1253246.000.000) 2025-07-17 18:05:33 Error from starter on slot1_3@node-w16.localdomain:
	STARTER at 172.30.1.216 failed to send file(s) to <172.30.1.200:9618>: |Error: reading from file /var/lib/condor/execute/dir_2622510/*.png: (errno 2) No such file or directory; SHADOW failed to receive file(s) from <172.30.1.216:44569>
	Code 13 Subcode 2
...
004 (1253246.000.000) 2025-07-17 18:05:33 Job was evicted.
	(0) CPU times
		Usr 0 00:00:20, Sys 0 00:00:04  -  Run Remote Usage
		Usr 0 00:00:00, Sys 0 00:00:00  -  Run Local Usage
	4870  -  Run Bytes Sent By Job
	690280128  -  Run Bytes Received By Job
	Transfer output files failure at execution point slot1_3@node-w16.localdomain while sending files to access point tamsa2. Details: reading from file /var/lib/condor/execute/dir_2622510/*.png: (errno 2) No such file or directory
	Partitionable Resources :    Usage  Request Allocated 
	   Cpus                 :        0        2         2 
	   Disk (KB)            :  2774357   750000    751616 
	   GPUs                 :                           0 
	   Memory (MB)          :     2149    16000     16000 
	   TimeExecute (s)      :       25                    
	   TimeSlotBusy (s)     :       32                    
...
012 (1253246.000.000) 2025-07-17 18:05:33 Job was held.
	Transfer output files failure at execution point slot1_3@node-w16.localdomain while sending files to access point tamsa2. Details: reading from file /var/lib/condor/execute/dir_2622510/*.png: (errno 2) No such file or directory
	Code 12 Subcode 2
...
009 (1253246.000.000) 2025-07-17 18:13:43 Job was aborted.
	via condor_rm (by user achihwan)

	Job terminated by itself at 2025-07-17T09:05:32Z (using method 0: OF_ITS_OWN_ACCORD).
...
000 (1253311.000.000) 2025-07-17 18:13:45 Job submitted from host: <172.30.1.200:9618?addrs=172.30.1.200-9618&alias=tamsa2&noUDP&sock=schedd_2531_a24a>
...
040 (1253311.000.000) 2025-07-17 18:15:28 Started transferring input files
	Transferring to host: <172.30.1.213:9618?addrs=172.30.1.213-9618&alias=node-w13.localdomain&noUDP&sock=slot1_11_4972_f943_94710>
...
040 (1253311.000.000) 2025-07-17 18:15:33 Finished transferring input files
...
001 (1253311.000.000) 2025-07-17 18:15:33 Job executing on host: <172.30.1.213:9618?addrs=172.30.1.213-9618&alias=node-w13.localdomain&noUDP&sock=startd_4938_a2c0>
	SlotName: slot1_11@node-w13.localdomain
	CondorScratchDir = "/var/lib/condor/execute/dir_3968796"
	Cpus = 2
	Disk = 751616
	GPUs = 0
	Memory = 16000
...
006 (1253311.000.000) 2025-07-17 18:15:46 Image size of job updated: 801252
	783  -  MemoryUsage of job (MB)
	801252  -  ResidentSetSize of job (KB)
...
006 (1253311.000.000) 2025-07-17 18:16:04 Image size of job updated: 2278316
	2149  -  MemoryUsage of job (MB)
	2199792  -  ResidentSetSize of job (KB)
...
040 (1253311.000.000) 2025-07-17 18:16:05 Started transferring output files
...
040 (1253311.000.000) 2025-07-17 18:16:05 Finished transferring output files
...
021 (1253311.000.000) 2025-07-17 18:16:05 Error from starter on slot1_11@node-w13.localdomain:
	STARTER at 172.30.1.213 failed to send file(s) to <172.30.1.200:9618>: |Error: reading from file /var/lib/condor/execute/dir_3968796/*.png: (errno 2) No such file or directory; SHADOW failed to receive file(s) from <172.30.1.213:34981>
	Code 13 Subcode 2
...
004 (1253311.000.000) 2025-07-17 18:16:05 Job was evicted.
	(0) CPU times
		Usr 0 00:00:25, Sys 0 00:00:04  -  Run Remote Usage
		Usr 0 00:00:00, Sys 0 00:00:00  -  Run Local Usage
	5190  -  Run Bytes Sent By Job
	690280128  -  Run Bytes Received By Job
	Transfer output files failure at execution point slot1_11@node-w13.localdomain while sending files to access point tamsa2. Details: reading from file /var/lib/condor/execute/dir_3968796/*.png: (errno 2) No such file or directory
	Partitionable Resources :    Usage  Request Allocated 
	   Cpus                 :        0        2         2 
	   Disk (KB)            :  2774357   750000    751616 
	   GPUs                 :                           0 
	   Memory (MB)          :     2149    16000     16000 
	   TimeExecute (s)      :       31                    
	   TimeSlotBusy (s)     :       37                    
...
012 (1253311.000.000) 2025-07-17 18:16:05 Job was held.
	Transfer output files failure at execution point slot1_11@node-w13.localdomain while sending files to access point tamsa2. Details: reading from file /var/lib/condor/execute/dir_3968796/*.png: (errno 2) No such file or directory
	Code 12 Subcode 2
...
009 (1253311.000.000) 2025-07-17 18:23:21 Job was aborted.
	via condor_rm (by user achihwan)

	Job terminated by itself at 2025-07-17T09:16:04Z (using method 0: OF_ITS_OWN_ACCORD).
...
000 (1253391.000.000) 2025-07-17 18:23:23 Job submitted from host: <172.30.1.200:9618?addrs=172.30.1.200-9618&alias=tamsa2&noUDP&sock=schedd_2531_a24a>
...
040 (1253391.000.000) 2025-07-17 18:23:24 Started transferring input files
	Transferring to host: <172.30.1.213:9618?addrs=172.30.1.213-9618&alias=node-w13.localdomain&noUDP&sock=slot1_15_4972_f943_94739>
...
040 (1253391.000.000) 2025-07-17 18:23:29 Finished transferring input files
...
001 (1253391.000.000) 2025-07-17 18:23:29 Job executing on host: <172.30.1.213:9618?addrs=172.30.1.213-9618&alias=node-w13.localdomain&noUDP&sock=startd_4938_a2c0>
	SlotName: slot1_15@node-w13.localdomain
	CondorScratchDir = "/var/lib/condor/execute/dir_3972945"
	Cpus = 2
	Disk = 751616
	GPUs = 0
	Memory = 16000
...
006 (1253391.000.000) 2025-07-17 18:23:42 Image size of job updated: 784132
	766  -  MemoryUsage of job (MB)
	784132  -  ResidentSetSize of job (KB)
...
006 (1253391.000.000) 2025-07-17 18:24:00 Image size of job updated: 2281608
	2149  -  MemoryUsage of job (MB)
	2199792  -  ResidentSetSize of job (KB)
...
040 (1253391.000.000) 2025-07-17 18:24:00 Started transferring output files
...
040 (1253391.000.000) 2025-07-17 18:24:00 Finished transferring output files
...
005 (1253391.000.000) 2025-07-17 18:24:01 Job terminated.
	(1) Normal termination (return value 0)
		Usr 0 00:00:25, Sys 0 00:00:04  -  Run Remote Usage
		Usr 0 00:00:00, Sys 0 00:00:00  -  Run Local Usage
		Usr 0 00:00:25, Sys 0 00:00:04  -  Total Remote Usage
		Usr 0 00:00:00, Sys 0 00:00:00  -  Total Local Usage
	4921  -  Run Bytes Sent By Job
	690280192  -  Run Bytes Received By Job
	4921  -  Total Bytes Sent By Job
	690280192  -  Total Bytes Received By Job
	Partitionable Resources :    Usage  Request Allocated 
	   Cpus                 :                 2         2 
	   Disk (KB)            :  2774351   750000    751616 
	   GPUs                 :                           0 
	   Memory (MB)          :     2149    16000     16000 
	   TimeExecute (s)      :       31                    
	   TimeSlotBusy (s)     :       37                    

	Job terminated of its own accord at 2025-07-17T09:24:00Z with exit-code 0.
...
000 (1253451.000.000) 2025-07-17 18:29:01 Job submitted from host: <172.30.1.200:9618?addrs=172.30.1.200-9618&alias=tamsa2&noUDP&sock=schedd_2531_a24a>
...
040 (1253451.000.000) 2025-07-17 18:29:01 Started transferring input files
	Transferring to host: <172.30.1.213:9618?addrs=172.30.1.213-9618&alias=node-w13.localdomain&noUDP&sock=slot1_14_4972_f943_94775>
...
040 (1253451.000.000) 2025-07-17 18:29:06 Finished transferring input files
...
001 (1253451.000.000) 2025-07-17 18:29:06 Job executing on host: <172.30.1.213:9618?addrs=172.30.1.213-9618&alias=node-w13.localdomain&noUDP&sock=startd_4938_a2c0>
	SlotName: slot1_14@node-w13.localdomain
	CondorScratchDir = "/var/lib/condor/execute/dir_3978147"
	Cpus = 2
	Disk = 751616
	GPUs = 0
	Memory = 16000
...
006 (1253451.000.000) 2025-07-17 18:29:15 Image size of job updated: 759380
	742  -  MemoryUsage of job (MB)
	759380  -  ResidentSetSize of job (KB)
...
006 (1253451.000.000) 2025-07-17 18:29:37 Image size of job updated: 2287956
	2149  -  MemoryUsage of job (MB)
	2199792  -  ResidentSetSize of job (KB)
...
040 (1253451.000.000) 2025-07-17 18:29:37 Started transferring output files
...
040 (1253451.000.000) 2025-07-17 18:29:37 Finished transferring output files
...
005 (1253451.000.000) 2025-07-17 18:29:38 Job terminated.
	(1) Normal termination (return value 0)
		Usr 0 00:00:26, Sys 0 00:00:04  -  Run Remote Usage
		Usr 0 00:00:00, Sys 0 00:00:00  -  Run Local Usage
		Usr 0 00:00:26, Sys 0 00:00:04  -  Total Remote Usage
		Usr 0 00:00:00, Sys 0 00:00:00  -  Total Local Usage
	4921  -  Run Bytes Sent By Job
	690280768  -  Run Bytes Received By Job
	4921  -  Total Bytes Sent By Job
	690280768  -  Total Bytes Received By Job
	Partitionable Resources :    Usage  Request Allocated 
	   Cpus                 :                 2         2 
	   Disk (KB)            :  2774351   750000    751616 
	   GPUs                 :                           0 
	   Memory (MB)          :     2149    16000     16000 
	   TimeExecute (s)      :       31                    
	   TimeSlotBusy (s)     :       37                    

	Job terminated of its own accord at 2025-07-17T09:29:37Z with exit-code 0.
...
