000 (1253607.000.000) 2025-07-17 20:18:11 Job submitted from host: <172.30.1.200:9618?addrs=172.30.1.200-9618&alias=tamsa2&noUDP&sock=schedd_2531_a24a>
...
040 (1253607.000.000) 2025-07-17 20:18:35 Started transferring input files
	Transferring to host: <172.30.1.201:9618?addrs=172.30.1.201-9618&alias=node-w1.localdomain&noUDP&sock=slot1_11_5447_a777_105057>
...
040 (1253607.000.000) 2025-07-17 20:18:38 Finished transferring input files
...
001 (1253607.000.000) 2025-07-17 20:18:38 Job executing on host: <172.30.1.201:9618?addrs=172.30.1.201-9618&alias=node-w1.localdomain&noUDP&sock=startd_5412_c2a4>
	SlotName: slot1_11@node-w1.localdomain
	CondorScratchDir = "/var/lib/condor/execute/dir_1827608"
	Cpus = 2
	Disk = 751617
	GPUs = 0
	Memory = 16000
...
006 (1253607.000.000) 2025-07-17 20:18:52 Image size of job updated: 1144656
	1118  -  MemoryUsage of job (MB)
	1144656  -  ResidentSetSize of job (KB)
...
006 (1253607.000.000) 2025-07-17 20:23:53 Image size of job updated: 3228588
	3029  -  MemoryUsage of job (MB)
	3100760  -  ResidentSetSize of job (KB)
...
006 (1253607.000.000) 2025-07-17 20:28:54 Image size of job updated: 3278100
	3039  -  MemoryUsage of job (MB)
	3111024  -  ResidentSetSize of job (KB)
...
040 (1253607.000.000) 2025-07-17 20:31:49 Started transferring output files
...
040 (1253607.000.000) 2025-07-17 20:31:49 Finished transferring output files
...
005 (1253607.000.000) 2025-07-17 20:31:49 Job terminated.
	(1) Normal termination (return value 0)
		Usr 0 00:10:19, Sys 0 00:00:44  -  Run Remote Usage
		Usr 0 00:00:00, Sys 0 00:00:00  -  Run Local Usage
		Usr 0 00:10:19, Sys 0 00:00:44  -  Total Remote Usage
		Usr 0 00:00:00, Sys 0 00:00:00  -  Total Local Usage
	128056  -  Run Bytes Sent By Job
	690293632  -  Run Bytes Received By Job
	128056  -  Total Bytes Sent By Job
	690293632  -  Total Bytes Received By Job
	Partitionable Resources :      Usage  Request Allocated 
	   Cpus                 :       0.80        2         2 
	   Disk (KB)            : 2774589      750000    751617 
	   GPUs                 :                             0 
	   Memory (MB)          :    3039       16000     16000 
	   TimeExecute (s)      :     791                       
	   TimeSlotBusy (s)     :     797                       

	Job terminated of its own accord at 2025-07-17T11:31:49Z with exit-code 0.
...
