000 (1253587.000.000) 2025-07-17 20:18:10 Job submitted from host: <172.30.1.200:9618?addrs=172.30.1.200-9618&alias=tamsa2&noUDP&sock=schedd_2531_a24a>
...
040 (1253587.000.000) 2025-07-17 20:18:31 Started transferring input files
	Transferring to host: <172.30.1.215:9618?addrs=172.30.1.215-9618&alias=node-w15.localdomain&noUDP&sock=slot1_3_5185_0d2c_106093>
...
040 (1253587.000.000) 2025-07-17 20:18:35 Finished transferring input files
...
001 (1253587.000.000) 2025-07-17 20:18:35 Job executing on host: <172.30.1.215:9618?addrs=172.30.1.215-9618&alias=node-w15.localdomain&noUDP&sock=startd_5151_bc6c>
	SlotName: slot1_3@node-w15.localdomain
	CondorScratchDir = "/var/lib/condor/execute/dir_878930"
	Cpus = 2
	Disk = 751616
	GPUs = 0
	Memory = 16000
...
006 (1253587.000.000) 2025-07-17 20:18:49 Image size of job updated: 882480
	862  -  MemoryUsage of job (MB)
	882480  -  ResidentSetSize of job (KB)
...
006 (1253587.000.000) 2025-07-17 20:23:50 Image size of job updated: 4330048
	2623  -  MemoryUsage of job (MB)
	2685612  -  ResidentSetSize of job (KB)
...
006 (1253587.000.000) 2025-07-17 20:28:50 Image size of job updated: 4330048
	3390  -  MemoryUsage of job (MB)
	3470488  -  ResidentSetSize of job (KB)
...
006 (1253587.000.000) 2025-07-17 20:53:54 Image size of job updated: 4572804
	3390  -  MemoryUsage of job (MB)
	3470488  -  ResidentSetSize of job (KB)
...
040 (1253587.000.000) 2025-07-17 20:54:51 Started transferring output files
...
040 (1253587.000.000) 2025-07-17 20:54:51 Finished transferring output files
...
005 (1253587.000.000) 2025-07-17 20:54:51 Job terminated.
	(1) Normal termination (return value 0)
		Usr 0 00:28:06, Sys 0 00:03:14  -  Run Remote Usage
		Usr 0 00:00:00, Sys 0 00:00:00  -  Run Local Usage
		Usr 0 00:28:06, Sys 0 00:03:14  -  Total Remote Usage
		Usr 0 00:00:00, Sys 0 00:00:00  -  Total Local Usage
	123955  -  Run Bytes Sent By Job
	690286144  -  Run Bytes Received By Job
	123955  -  Total Bytes Sent By Job
	690286144  -  Total Bytes Received By Job
	Partitionable Resources :      Usage  Request Allocated 
	   Cpus                 :       0.80        2         2 
	   Disk (KB)            : 2774586      750000    751616 
	   GPUs                 :                             0 
	   Memory (MB)          :    3390       16000     16000 
	   TimeExecute (s)      :    2176                       
	   TimeSlotBusy (s)     :    2180                       

	Job terminated of its own accord at 2025-07-17T11:54:51Z with exit-code 0.
...
