000 (1253600.000.000) 2025-07-17 20:18:11 Job submitted from host: <172.30.1.200:9618?addrs=172.30.1.200-9618&alias=tamsa2&noUDP&sock=schedd_2531_a24a>
...
040 (1253600.000.000) 2025-07-17 20:18:31 Started transferring input files
	Transferring to host: <172.30.1.201:9618?addrs=172.30.1.201-9618&alias=node-w1.localdomain&noUDP&sock=slot1_4_5447_a777_105052>
...
040 (1253600.000.000) 2025-07-17 20:18:36 Finished transferring input files
...
001 (1253600.000.000) 2025-07-17 20:18:36 Job executing on host: <172.30.1.201:9618?addrs=172.30.1.201-9618&alias=node-w1.localdomain&noUDP&sock=startd_5412_c2a4>
	SlotName: slot1_4@node-w1.localdomain
	CondorScratchDir = "/var/lib/condor/execute/dir_1827601"
	Cpus = 2
	Disk = 751617
	GPUs = 0
	Memory = 16000
...
006 (1253600.000.000) 2025-07-17 20:18:49 Image size of job updated: 1005360
	982  -  MemoryUsage of job (MB)
	1005360  -  ResidentSetSize of job (KB)
...
006 (1253600.000.000) 2025-07-17 20:23:49 Image size of job updated: 3827004
	3256  -  MemoryUsage of job (MB)
	3333320  -  ResidentSetSize of job (KB)
...
006 (1253600.000.000) 2025-07-17 20:28:49 Image size of job updated: 3847448
	3257  -  MemoryUsage of job (MB)
	3334700  -  ResidentSetSize of job (KB)
...
006 (1253600.000.000) 2025-07-17 20:33:50 Image size of job updated: 4022508
	3257  -  MemoryUsage of job (MB)
	3334700  -  ResidentSetSize of job (KB)
...
006 (1253600.000.000) 2025-07-17 20:43:51 Image size of job updated: 4193940
	3471  -  MemoryUsage of job (MB)
	3553348  -  ResidentSetSize of job (KB)
...
040 (1253600.000.000) 2025-07-17 20:47:30 Started transferring output files
...
040 (1253600.000.000) 2025-07-17 20:47:30 Finished transferring output files
...
005 (1253600.000.000) 2025-07-17 20:47:30 Job terminated.
	(1) Normal termination (return value 0)
		Usr 0 00:22:03, Sys 0 00:01:48  -  Run Remote Usage
		Usr 0 00:00:00, Sys 0 00:00:00  -  Run Local Usage
		Usr 0 00:22:03, Sys 0 00:01:48  -  Total Remote Usage
		Usr 0 00:00:00, Sys 0 00:00:00  -  Total Local Usage
	143205  -  Run Bytes Sent By Job
	690291648  -  Run Bytes Received By Job
	143205  -  Total Bytes Sent By Job
	690291648  -  Total Bytes Received By Job
	Partitionable Resources :      Usage  Request Allocated 
	   Cpus                 :       0.63        2         2 
	   Disk (KB)            : 2774620      750000    751617 
	   GPUs                 :                             0 
	   Memory (MB)          :    3471       16000     16000 
	   TimeExecute (s)      :    1733                       
	   TimeSlotBusy (s)     :    1739                       

	Job terminated of its own accord at 2025-07-17T11:47:29Z with exit-code 0.
...
