000 (1253605.000.000) 2025-07-17 20:18:11 Job submitted from host: <172.30.1.200:9618?addrs=172.30.1.200-9618&alias=tamsa2&noUDP&sock=schedd_2531_a24a>
...
040 (1253605.000.000) 2025-07-17 20:18:35 Started transferring input files
	Transferring to host: <172.30.1.201:9618?addrs=172.30.1.201-9618&alias=node-w1.localdomain&noUDP&sock=slot1_9_5447_a777_105064>
...
040 (1253605.000.000) 2025-07-17 20:18:38 Finished transferring input files
...
001 (1253605.000.000) 2025-07-17 20:18:38 Job executing on host: <172.30.1.201:9618?addrs=172.30.1.201-9618&alias=node-w1.localdomain&noUDP&sock=startd_5412_c2a4>
	SlotName: slot1_9@node-w1.localdomain
	CondorScratchDir = "/var/lib/condor/execute/dir_1827622"
	Cpus = 2
	Disk = 751617
	GPUs = 0
	Memory = 16000
...
006 (1253605.000.000) 2025-07-17 20:18:53 Image size of job updated: 1141936
	1116  -  MemoryUsage of job (MB)
	1141936  -  ResidentSetSize of job (KB)
...
006 (1253605.000.000) 2025-07-17 20:23:53 Image size of job updated: 3727100
	3361  -  MemoryUsage of job (MB)
	3440976  -  ResidentSetSize of job (KB)
...
006 (1253605.000.000) 2025-07-17 20:28:53 Image size of job updated: 4540572
	3361  -  MemoryUsage of job (MB)
	3440976  -  ResidentSetSize of job (KB)
...
040 (1253605.000.000) 2025-07-17 20:39:26 Started transferring output files
...
040 (1253605.000.000) 2025-07-17 20:39:26 Finished transferring output files
...
005 (1253605.000.000) 2025-07-17 20:39:27 Job terminated.
	(1) Normal termination (return value 0)
		Usr 0 00:16:08, Sys 0 00:01:04  -  Run Remote Usage
		Usr 0 00:00:00, Sys 0 00:00:00  -  Run Local Usage
		Usr 0 00:16:08, Sys 0 00:01:04  -  Total Remote Usage
		Usr 0 00:00:00, Sys 0 00:00:00  -  Total Local Usage
	129093  -  Run Bytes Sent By Job
	690290496  -  Run Bytes Received By Job
	129093  -  Total Bytes Sent By Job
	690290496  -  Total Bytes Received By Job
	Partitionable Resources :      Usage  Request Allocated 
	   Cpus                 :       0.62        2         2 
	   Disk (KB)            : 2774593      750000    751617 
	   GPUs                 :                             0 
	   Memory (MB)          :    3361       16000     16000 
	   TimeExecute (s)      :    1248                       
	   TimeSlotBusy (s)     :    1255                       

	Job terminated of its own accord at 2025-07-17T11:39:26Z with exit-code 0.
...
