000 (1253581.000.000) 2025-07-17 20:18:09 Job submitted from host: <172.30.1.200:9618?addrs=172.30.1.200-9618&alias=tamsa2&noUDP&sock=schedd_2531_a24a>
...
040 (1253581.000.000) 2025-07-17 20:18:11 Started transferring input files
	Transferring to host: <172.30.1.220:9618?addrs=172.30.1.220-9618&alias=node-w20.localdomain&noUDP&sock=slot1_23_5233_df2e_135829>
...
040 (1253581.000.000) 2025-07-17 20:18:14 Finished transferring input files
...
001 (1253581.000.000) 2025-07-17 20:18:14 Job executing on host: <172.30.1.220:9618?addrs=172.30.1.220-9618&alias=node-w20.localdomain&noUDP&sock=startd_5199_a8f8>
	SlotName: slot1_23@node-w20.localdomain
	CondorScratchDir = "/var/lib/condor/execute/dir_3283621"
	Cpus = 2
	Disk = 751616
	GPUs = 0
	Memory = 16000
...
006 (1253581.000.000) 2025-07-17 20:18:28 Image size of job updated: 1148780
	1122  -  MemoryUsage of job (MB)
	1148780  -  ResidentSetSize of job (KB)
...
006 (1253581.000.000) 2025-07-17 20:23:29 Image size of job updated: 4206460
	2531  -  MemoryUsage of job (MB)
	2590812  -  ResidentSetSize of job (KB)
...
006 (1253581.000.000) 2025-07-17 20:28:30 Image size of job updated: 4625532
	2913  -  MemoryUsage of job (MB)
	2982772  -  ResidentSetSize of job (KB)
...
040 (1253581.000.000) 2025-07-17 20:32:54 Started transferring output files
...
040 (1253581.000.000) 2025-07-17 20:32:54 Finished transferring output files
...
005 (1253581.000.000) 2025-07-17 20:32:54 Job terminated.
	(1) Normal termination (return value 0)
		Usr 0 00:10:38, Sys 0 00:01:54  -  Run Remote Usage
		Usr 0 00:00:00, Sys 0 00:00:00  -  Run Local Usage
		Usr 0 00:10:38, Sys 0 00:01:54  -  Total Remote Usage
		Usr 0 00:00:00, Sys 0 00:00:00  -  Total Local Usage
	108473  -  Run Bytes Sent By Job
	690289344  -  Run Bytes Received By Job
	108473  -  Total Bytes Sent By Job
	690289344  -  Total Bytes Received By Job
	Partitionable Resources :      Usage  Request Allocated 
	   Cpus                 :       0.93        2         2 
	   Disk (KB)            : 2774554      750000    751616 
	   GPUs                 :                             0 
	   Memory (MB)          :    2913       16000     16000 
	   TimeExecute (s)      :     879                       
	   TimeSlotBusy (s)     :     883                       

	Job terminated of its own accord at 2025-07-17T11:32:53Z with exit-code 0.
...
