000 (1253612.000.000) 2025-07-17 20:18:11 Job submitted from host: <172.30.1.200:9618?addrs=172.30.1.200-9618&alias=tamsa2&noUDP&sock=schedd_2531_a24a>
...
040 (1253612.000.000) 2025-07-17 20:18:35 Started transferring input files
	Transferring to host: <172.30.1.201:9618?addrs=172.30.1.201-9618&alias=node-w1.localdomain&noUDP&sock=slot1_16_5447_a777_105062>
...
040 (1253612.000.000) 2025-07-17 20:18:38 Finished transferring input files
...
001 (1253612.000.000) 2025-07-17 20:18:38 Job executing on host: <172.30.1.201:9618?addrs=172.30.1.201-9618&alias=node-w1.localdomain&noUDP&sock=startd_5412_c2a4>
	SlotName: slot1_16@node-w1.localdomain
	CondorScratchDir = "/var/lib/condor/execute/dir_1827618"
	Cpus = 2
	Disk = 751617
	GPUs = 0
	Memory = 16000
...
006 (1253612.000.000) 2025-07-17 20:18:51 Image size of job updated: 1012020
	989  -  MemoryUsage of job (MB)
	1012020  -  ResidentSetSize of job (KB)
...
006 (1253612.000.000) 2025-07-17 20:23:51 Image size of job updated: 4849988
	3563  -  MemoryUsage of job (MB)
	3648316  -  ResidentSetSize of job (KB)
...
006 (1253612.000.000) 2025-07-17 20:28:52 Image size of job updated: 5164024
	3587  -  MemoryUsage of job (MB)
	3672460  -  ResidentSetSize of job (KB)
...
040 (1253612.000.000) 2025-07-17 20:39:54 Started transferring output files
...
040 (1253612.000.000) 2025-07-17 20:39:54 Finished transferring output files
...
005 (1253612.000.000) 2025-07-17 20:39:54 Job terminated.
	(1) Normal termination (return value 0)
		Usr 0 00:15:43, Sys 0 00:01:39  -  Run Remote Usage
		Usr 0 00:00:00, Sys 0 00:00:00  -  Run Local Usage
		Usr 0 00:15:43, Sys 0 00:01:39  -  Total Remote Usage
		Usr 0 00:00:00, Sys 0 00:00:00  -  Total Local Usage
	121387  -  Run Bytes Sent By Job
	690289472  -  Run Bytes Received By Job
	121387  -  Total Bytes Sent By Job
	690289472  -  Total Bytes Received By Job
	Partitionable Resources :      Usage  Request Allocated 
	   Cpus                 :       0.89        2         2 
	   Disk (KB)            : 2774579      750000    751617 
	   GPUs                 :                             0 
	   Memory (MB)          :    3587       16000     16000 
	   TimeExecute (s)      :    1276                       
	   TimeSlotBusy (s)     :    1282                       

	Job terminated of its own accord at 2025-07-17T11:39:54Z with exit-code 0.
...
