000 (1253574.000.000) 2025-07-17 20:18:09 Job submitted from host: <172.30.1.200:9618?addrs=172.30.1.200-9618&alias=tamsa2&noUDP&sock=schedd_2531_a24a>
...
040 (1253574.000.000) 2025-07-17 20:18:10 Started transferring input files
	Transferring to host: <172.30.1.215:9618?addrs=172.30.1.215-9618&alias=node-w15.localdomain&noUDP&sock=slot1_11_5185_0d2c_106091>
...
040 (1253574.000.000) 2025-07-17 20:18:14 Finished transferring input files
...
001 (1253574.000.000) 2025-07-17 20:18:14 Job executing on host: <172.30.1.215:9618?addrs=172.30.1.215-9618&alias=node-w15.localdomain&noUDP&sock=startd_5151_bc6c>
	SlotName: slot1_11@node-w15.localdomain
	CondorScratchDir = "/var/lib/condor/execute/dir_878739"
	Cpus = 2
	Disk = 751616
	GPUs = 0
	Memory = 16000
...
006 (1253574.000.000) 2025-07-17 20:18:27 Image size of job updated: 773080
	755  -  MemoryUsage of job (MB)
	773080  -  ResidentSetSize of job (KB)
...
006 (1253574.000.000) 2025-07-17 20:20:57 Image size of job updated: 2680220
	2149  -  MemoryUsage of job (MB)
	2200020  -  ResidentSetSize of job (KB)
...
040 (1253574.000.000) 2025-07-17 20:20:58 Started transferring output files
...
040 (1253574.000.000) 2025-07-17 20:20:58 Finished transferring output files
...
005 (1253574.000.000) 2025-07-17 20:20:58 Job terminated.
	(1) Normal termination (return value 0)
		Usr 0 00:02:23, Sys 0 00:00:09  -  Run Remote Usage
		Usr 0 00:00:00, Sys 0 00:00:00  -  Run Local Usage
		Usr 0 00:02:23, Sys 0 00:00:09  -  Total Remote Usage
		Usr 0 00:00:00, Sys 0 00:00:00  -  Total Local Usage
	112661  -  Run Bytes Sent By Job
	690280512  -  Run Bytes Received By Job
	112661  -  Total Bytes Sent By Job
	690280512  -  Total Bytes Received By Job
	Partitionable Resources :      Usage  Request Allocated 
	   Cpus                 :       0.97        2         2 
	   Disk (KB)            : 2774566      750000    751616 
	   GPUs                 :                             0 
	   Memory (MB)          :    2149       16000     16000 
	   TimeExecute (s)      :     163                       
	   TimeSlotBusy (s)     :     168                       

	Job terminated of its own accord at 2025-07-17T11:20:57Z with exit-code 0.
...
