000 (1253569.000.000) 2025-07-17 20:18:08 Job submitted from host: <172.30.1.200:9618?addrs=172.30.1.200-9618&alias=tamsa2&noUDP&sock=schedd_2531_a24a>
...
040 (1253569.000.000) 2025-07-17 20:18:10 Started transferring input files
	Transferring to host: <172.30.1.213:9618?addrs=172.30.1.213-9618&alias=node-w13.localdomain&noUDP&sock=slot1_10_4972_f943_95416>
...
040 (1253569.000.000) 2025-07-17 20:18:15 Finished transferring input files
...
001 (1253569.000.000) 2025-07-17 20:18:15 Job executing on host: <172.30.1.213:9618?addrs=172.30.1.213-9618&alias=node-w13.localdomain&noUDP&sock=startd_4938_a2c0>
	SlotName: slot1_10@node-w13.localdomain
	CondorScratchDir = "/var/lib/condor/execute/dir_4091707"
	Cpus = 2
	Disk = 751616
	GPUs = 0
	Memory = 16000
...
006 (1253569.000.000) 2025-07-17 20:18:28 Image size of job updated: 693852
	678  -  MemoryUsage of job (MB)
	693852  -  ResidentSetSize of job (KB)
...
006 (1253569.000.000) 2025-07-17 20:23:28 Image size of job updated: 3643264
	2953  -  MemoryUsage of job (MB)
	3023676  -  ResidentSetSize of job (KB)
...
006 (1253569.000.000) 2025-07-17 20:28:29 Image size of job updated: 4123620
	3758  -  MemoryUsage of job (MB)
	3848128  -  ResidentSetSize of job (KB)
...
006 (1253569.000.000) 2025-07-17 20:38:29 Image size of job updated: 4123620
	3797  -  MemoryUsage of job (MB)
	3887608  -  ResidentSetSize of job (KB)
...
006 (1253569.000.000) 2025-07-17 20:43:29 Image size of job updated: 4279668
	3797  -  MemoryUsage of job (MB)
	3887608  -  ResidentSetSize of job (KB)
...
006 (1253569.000.000) 2025-07-17 20:48:30 Image size of job updated: 4355520
	3797  -  MemoryUsage of job (MB)
	3887608  -  ResidentSetSize of job (KB)
...
006 (1253569.000.000) 2025-07-17 21:03:30 Image size of job updated: 4355520
	4199  -  MemoryUsage of job (MB)
	4299536  -  ResidentSetSize of job (KB)
...
006 (1253569.000.000) 2025-07-17 21:08:30 Image size of job updated: 4360976
	4259  -  MemoryUsage of job (MB)
	4360976  -  ResidentSetSize of job (KB)
...
006 (1253569.000.000) 2025-07-17 21:18:30 Image size of job updated: 4540696
	4259  -  MemoryUsage of job (MB)
	4360976  -  ResidentSetSize of job (KB)
...
040 (1253569.000.000) 2025-07-17 21:22:56 Started transferring output files
...
040 (1253569.000.000) 2025-07-17 21:22:56 Finished transferring output files
...
005 (1253569.000.000) 2025-07-17 21:22:57 Job terminated.
	(1) Normal termination (return value 0)
		Usr 0 00:50:33, Sys 0 00:03:07  -  Run Remote Usage
		Usr 0 00:00:00, Sys 0 00:00:00  -  Run Local Usage
		Usr 0 00:50:33, Sys 0 00:03:07  -  Total Remote Usage
		Usr 0 00:00:00, Sys 0 00:00:00  -  Total Local Usage
	133406  -  Run Bytes Sent By Job
	690296256  -  Run Bytes Received By Job
	133406  -  Total Bytes Sent By Job
	690296256  -  Total Bytes Received By Job
	Partitionable Resources :      Usage  Request Allocated 
	   Cpus                 :       0.95        2         2 
	   Disk (KB)            : 2774598      750000    751616 
	   GPUs                 :                             0 
	   Memory (MB)          :    4259       16000     16000 
	   TimeExecute (s)      :    3881                       
	   TimeSlotBusy (s)     :    3887                       

	Job terminated of its own accord at 2025-07-17T12:22:56Z with exit-code 0.
...
