000 (1253575.000.000) 2025-07-17 20:18:09 Job submitted from host: <172.30.1.200:9618?addrs=172.30.1.200-9618&alias=tamsa2&noUDP&sock=schedd_2531_a24a>
...
040 (1253575.000.000) 2025-07-17 20:18:10 Started transferring input files
	Transferring to host: <172.30.1.220:9618?addrs=172.30.1.220-9618&alias=node-w20.localdomain&noUDP&sock=slot1_1_5233_df2e_135824>
...
040 (1253575.000.000) 2025-07-17 20:18:14 Finished transferring input files
...
001 (1253575.000.000) 2025-07-17 20:18:14 Job executing on host: <172.30.1.220:9618?addrs=172.30.1.220-9618&alias=node-w20.localdomain&noUDP&sock=startd_5199_a8f8>
	SlotName: slot1_1@node-w20.localdomain
	CondorScratchDir = "/var/lib/condor/execute/dir_3283612"
	Cpus = 2
	Disk = 751616
	GPUs = 0
	Memory = 16000
...
006 (1253575.000.000) 2025-07-17 20:18:27 Image size of job updated: 1004668
	982  -  MemoryUsage of job (MB)
	1004668  -  ResidentSetSize of job (KB)
...
006 (1253575.000.000) 2025-07-17 20:23:28 Image size of job updated: 2720180
	2561  -  MemoryUsage of job (MB)
	2621956  -  ResidentSetSize of job (KB)
...
040 (1253575.000.000) 2025-07-17 20:25:24 Started transferring output files
...
040 (1253575.000.000) 2025-07-17 20:25:24 Finished transferring output files
...
005 (1253575.000.000) 2025-07-17 20:25:24 Job terminated.
	(1) Normal termination (return value 0)
		Usr 0 00:05:36, Sys 0 00:00:33  -  Run Remote Usage
		Usr 0 00:00:00, Sys 0 00:00:00  -  Run Local Usage
		Usr 0 00:05:36, Sys 0 00:00:33  -  Total Remote Usage
		Usr 0 00:00:00, Sys 0 00:00:00  -  Total Local Usage
	112221  -  Run Bytes Sent By Job
	690286144  -  Run Bytes Received By Job
	112221  -  Total Bytes Sent By Job
	690286144  -  Total Bytes Received By Job
	Partitionable Resources :      Usage  Request Allocated 
	   Cpus                 :       0.91        2         2 
	   Disk (KB)            : 2774562      750000    751616 
	   GPUs                 :                             0 
	   Memory (MB)          :    2561       16000     16000 
	   TimeExecute (s)      :     430                       
	   TimeSlotBusy (s)     :     434                       

	Job terminated of its own accord at 2025-07-17T11:25:24Z with exit-code 0.
...
