000 (1253579.000.000) 2025-07-17 20:18:09 Job submitted from host: <172.30.1.200:9618?addrs=172.30.1.200-9618&alias=tamsa2&noUDP&sock=schedd_2531_a24a>
...
040 (1253579.000.000) 2025-07-17 20:18:11 Started transferring input files
	Transferring to host: <172.30.1.220:9618?addrs=172.30.1.220-9618&alias=node-w20.localdomain&noUDP&sock=slot1_21_5233_df2e_135828>
...
040 (1253579.000.000) 2025-07-17 20:18:14 Finished transferring input files
...
001 (1253579.000.000) 2025-07-17 20:18:14 Job executing on host: <172.30.1.220:9618?addrs=172.30.1.220-9618&alias=node-w20.localdomain&noUDP&sock=startd_5199_a8f8>
	SlotName: slot1_21@node-w20.localdomain
	CondorScratchDir = "/var/lib/condor/execute/dir_3283618"
	Cpus = 2
	Disk = 751616
	GPUs = 0
	Memory = 16000
...
006 (1253579.000.000) 2025-07-17 20:18:27 Image size of job updated: 1006444
	983  -  MemoryUsage of job (MB)
	1006444  -  ResidentSetSize of job (KB)
...
006 (1253579.000.000) 2025-07-17 20:23:28 Image size of job updated: 2864132
	2755  -  MemoryUsage of job (MB)
	2820300  -  ResidentSetSize of job (KB)
...
006 (1253579.000.000) 2025-07-17 20:28:28 Image size of job updated: 2886992
	2757  -  MemoryUsage of job (MB)
	2822916  -  ResidentSetSize of job (KB)
...
006 (1253579.000.000) 2025-07-17 20:33:29 Image size of job updated: 2977988
	2757  -  MemoryUsage of job (MB)
	2822916  -  ResidentSetSize of job (KB)
...
040 (1253579.000.000) 2025-07-17 21:09:51 Started transferring output files
...
040 (1253579.000.000) 2025-07-17 21:09:51 Finished transferring output files
...
005 (1253579.000.000) 2025-07-17 21:09:51 Job terminated.
	(1) Normal termination (return value 0)
		Usr 0 00:42:26, Sys 0 00:01:59  -  Run Remote Usage
		Usr 0 00:00:00, Sys 0 00:00:00  -  Run Local Usage
		Usr 0 00:42:26, Sys 0 00:01:59  -  Total Remote Usage
		Usr 0 00:00:00, Sys 0 00:00:00  -  Total Local Usage
	166714  -  Run Bytes Sent By Job
	690316736  -  Run Bytes Received By Job
	166714  -  Total Bytes Sent By Job
	690316736  -  Total Bytes Received By Job
	Partitionable Resources :      Usage  Request Allocated 
	   Cpus                 :       0.97        2         2 
	   Disk (KB)            : 2774650      750000    751616 
	   GPUs                 :                             0 
	   Memory (MB)          :    2757       16000     16000 
	   TimeExecute (s)      :    3097                       
	   TimeSlotBusy (s)     :    3101                       

	Job terminated of its own accord at 2025-07-17T12:09:51Z with exit-code 0.
...
