000 (1253586.000.000) 2025-07-17 20:18:10 Job submitted from host: <172.30.1.200:9618?addrs=172.30.1.200-9618&alias=tamsa2&noUDP&sock=schedd_2531_a24a>
...
040 (1253586.000.000) 2025-07-17 20:18:31 Started transferring input files
	Transferring to host: <172.30.1.217:9618?addrs=172.30.1.217-9618&alias=node-w17.localdomain&noUDP&sock=slot1_11_6391_c99d_118096>
...
040 (1253586.000.000) 2025-07-17 20:18:35 Finished transferring input files
...
001 (1253586.000.000) 2025-07-17 20:18:35 Job executing on host: <172.30.1.217:9618?addrs=172.30.1.217-9618&alias=node-w17.localdomain&noUDP&sock=startd_6357_f3a4>
	SlotName: slot1_11@node-w17.localdomain
	CondorScratchDir = "/var/lib/condor/execute/dir_4144597"
	Cpus = 2
	Disk = 751616
	GPUs = 0
	Memory = 16000
...
006 (1253586.000.000) 2025-07-17 20:18:49 Image size of job updated: 868312
	848  -  MemoryUsage of job (MB)
	868312  -  ResidentSetSize of job (KB)
...
006 (1253586.000.000) 2025-07-17 20:23:50 Image size of job updated: 2611768
	2550  -  MemoryUsage of job (MB)
	2610244  -  ResidentSetSize of job (KB)
...
006 (1253586.000.000) 2025-07-17 20:24:29 Image size of job updated: 2635480
	2550  -  MemoryUsage of job (MB)
	2610244  -  ResidentSetSize of job (KB)
...
040 (1253586.000.000) 2025-07-17 20:24:30 Started transferring output files
...
040 (1253586.000.000) 2025-07-17 20:24:30 Finished transferring output files
...
005 (1253586.000.000) 2025-07-17 20:24:30 Job terminated.
	(1) Normal termination (return value 0)
		Usr 0 00:05:13, Sys 0 00:00:11  -  Run Remote Usage
		Usr 0 00:00:00, Sys 0 00:00:00  -  Run Local Usage
		Usr 0 00:05:13, Sys 0 00:00:11  -  Total Remote Usage
		Usr 0 00:00:00, Sys 0 00:00:00  -  Total Local Usage
	104703  -  Run Bytes Sent By Job
	690281536  -  Run Bytes Received By Job
	104703  -  Total Bytes Sent By Job
	690281536  -  Total Bytes Received By Job
	Partitionable Resources :      Usage  Request Allocated 
	   Cpus                 :       0.96        2         2 
	   Disk (KB)            : 2774550      750000    751616 
	   GPUs                 :                             0 
	   Memory (MB)          :    2550       16000     16000 
	   TimeExecute (s)      :     354                       
	   TimeSlotBusy (s)     :     359                       

	Job terminated of its own accord at 2025-07-17T11:24:29Z with exit-code 0.
...
