000 (1253661.000.000) 2025-07-17 20:48:09 Job submitted from host: <172.30.1.200:9618?addrs=172.30.1.200-9618&alias=tamsa2&noUDP&sock=schedd_2531_a24a>
...
040 (1253661.000.000) 2025-07-17 20:48:21 Started transferring input files
	Transferring to host: <172.30.1.216:9618?addrs=172.30.1.216-9618&alias=node-w16.localdomain&noUDP&sock=slot1_67_5179_d2ec_91418>
...
040 (1253661.000.000) 2025-07-17 20:48:26 Finished transferring input files
...
001 (1253661.000.000) 2025-07-17 20:48:26 Job executing on host: <172.30.1.216:9618?addrs=172.30.1.216-9618&alias=node-w16.localdomain&noUDP&sock=startd_5145_9edb>
	SlotName: slot1_67@node-w16.localdomain
	CondorScratchDir = "/var/lib/condor/execute/dir_2848041"
	Cpus = 2
	Disk = 751616
	GPUs = 0
	Memory = 16000
...
006 (1253661.000.000) 2025-07-17 20:48:40 Image size of job updated: 780856
	763  -  MemoryUsage of job (MB)
	780856  -  ResidentSetSize of job (KB)
...
006 (1253661.000.000) 2025-07-17 20:53:07 Image size of job updated: 2319960
	2149  -  MemoryUsage of job (MB)
	2200032  -  ResidentSetSize of job (KB)
...
040 (1253661.000.000) 2025-07-17 20:53:08 Started transferring output files
...
040 (1253661.000.000) 2025-07-17 20:53:08 Finished transferring output files
...
005 (1253661.000.000) 2025-07-17 20:53:08 Job terminated.
	(1) Normal termination (return value 0)
		Usr 0 00:04:29, Sys 0 00:00:06  -  Run Remote Usage
		Usr 0 00:00:00, Sys 0 00:00:00  -  Run Local Usage
		Usr 0 00:04:29, Sys 0 00:00:06  -  Total Remote Usage
		Usr 0 00:00:00, Sys 0 00:00:00  -  Total Local Usage
	133319  -  Run Bytes Sent By Job
	690296384  -  Run Bytes Received By Job
	133319  -  Total Bytes Sent By Job
	690296384  -  Total Bytes Received By Job
	Partitionable Resources :      Usage  Request Allocated 
	   Cpus                 :       0.99        2         2 
	   Disk (KB)            : 2774601      750000    751616 
	   GPUs                 :                             0 
	   Memory (MB)          :    2149       16000     16000 
	   TimeExecute (s)      :     281                       
	   TimeSlotBusy (s)     :     287                       

	Job terminated of its own accord at 2025-07-17T11:53:07Z with exit-code 0.
...
