000 (1253663.000.000) 2025-07-17 20:48:10 Job submitted from host: <172.30.1.200:9618?addrs=172.30.1.200-9618&alias=tamsa2&noUDP&sock=schedd_2531_a24a>
...
040 (1253663.000.000) 2025-07-17 20:48:22 Started transferring input files
	Transferring to host: <172.30.1.216:9618?addrs=172.30.1.216-9618&alias=node-w16.localdomain&noUDP&sock=slot1_69_5179_d2ec_91420>
...
040 (1253663.000.000) 2025-07-17 20:48:26 Finished transferring input files
...
001 (1253663.000.000) 2025-07-17 20:48:26 Job executing on host: <172.30.1.216:9618?addrs=172.30.1.216-9618&alias=node-w16.localdomain&noUDP&sock=startd_5145_9edb>
	SlotName: slot1_69@node-w16.localdomain
	CondorScratchDir = "/var/lib/condor/execute/dir_2848044"
	Cpus = 2
	Disk = 751616
	GPUs = 0
	Memory = 16000
...
006 (1253663.000.000) 2025-07-17 20:48:40 Image size of job updated: 710220
	694  -  MemoryUsage of job (MB)
	710220  -  ResidentSetSize of job (KB)
...
006 (1253663.000.000) 2025-07-17 20:53:40 Image size of job updated: 2317124
	2263  -  MemoryUsage of job (MB)
	2317124  -  ResidentSetSize of job (KB)
...
006 (1253663.000.000) 2025-07-17 20:54:17 Image size of job updated: 2323196
	2263  -  MemoryUsage of job (MB)
	2317124  -  ResidentSetSize of job (KB)
...
040 (1253663.000.000) 2025-07-17 20:54:17 Started transferring output files
...
040 (1253663.000.000) 2025-07-17 20:54:17 Finished transferring output files
...
005 (1253663.000.000) 2025-07-17 20:54:18 Job terminated.
	(1) Normal termination (return value 0)
		Usr 0 00:05:36, Sys 0 00:00:07  -  Run Remote Usage
		Usr 0 00:00:00, Sys 0 00:00:00  -  Run Local Usage
		Usr 0 00:05:36, Sys 0 00:00:07  -  Total Remote Usage
		Usr 0 00:00:00, Sys 0 00:00:00  -  Total Local Usage
	146450  -  Run Bytes Sent By Job
	690299968  -  Run Bytes Received By Job
	146450  -  Total Bytes Sent By Job
	690299968  -  Total Bytes Received By Job
	Partitionable Resources :      Usage  Request Allocated 
	   Cpus                 :       0.99        2         2 
	   Disk (KB)            : 2774626      750000    751616 
	   GPUs                 :                             0 
	   Memory (MB)          :    2263       16000     16000 
	   TimeExecute (s)      :     351                       
	   TimeSlotBusy (s)     :     357                       

	Job terminated of its own accord at 2025-07-17T11:54:17Z with exit-code 0.
...
