000 (1253668.000.000) 2025-07-17 20:48:27 Job submitted from host: <172.30.1.200:9618?addrs=172.30.1.200-9618&alias=tamsa2&noUDP&sock=schedd_2531_a24a>
...
040 (1253668.000.000) 2025-07-17 20:48:42 Started transferring input files
	Transferring to host: <172.30.1.213:9618?addrs=172.30.1.213-9618&alias=node-w13.localdomain&noUDP&sock=slot1_23_4972_f943_95749>
...
040 (1253668.000.000) 2025-07-17 20:48:47 Finished transferring input files
...
001 (1253668.000.000) 2025-07-17 20:48:47 Job executing on host: <172.30.1.213:9618?addrs=172.30.1.213-9618&alias=node-w13.localdomain&noUDP&sock=startd_4938_a2c0>
	SlotName: slot1_23@node-w13.localdomain
	CondorScratchDir = "/var/lib/condor/execute/dir_4154338"
	Cpus = 2
	Disk = 751616
	GPUs = 0
	Memory = 16000
...
006 (1253668.000.000) 2025-07-17 20:49:00 Image size of job updated: 740932
	724  -  MemoryUsage of job (MB)
	740932  -  ResidentSetSize of job (KB)
...
006 (1253668.000.000) 2025-07-17 20:53:03 Image size of job updated: 2320760
	2149  -  MemoryUsage of job (MB)
	2200064  -  ResidentSetSize of job (KB)
...
040 (1253668.000.000) 2025-07-17 20:53:03 Started transferring output files
...
040 (1253668.000.000) 2025-07-17 20:53:03 Finished transferring output files
...
005 (1253668.000.000) 2025-07-17 20:53:03 Job terminated.
	(1) Normal termination (return value 0)
		Usr 0 00:04:01, Sys 0 00:00:07  -  Run Remote Usage
		Usr 0 00:00:00, Sys 0 00:00:00  -  Run Local Usage
		Usr 0 00:04:01, Sys 0 00:00:07  -  Total Remote Usage
		Usr 0 00:00:00, Sys 0 00:00:00  -  Total Local Usage
	141854  -  Run Bytes Sent By Job
	690292480  -  Run Bytes Received By Job
	141854  -  Total Bytes Sent By Job
	690292480  -  Total Bytes Received By Job
	Partitionable Resources :      Usage  Request Allocated 
	   Cpus                 :       0.99        2         2 
	   Disk (KB)            : 2774620      750000    751616 
	   GPUs                 :                             0 
	   Memory (MB)          :    2149       16000     16000 
	   TimeExecute (s)      :     256                       
	   TimeSlotBusy (s)     :     261                       

	Job terminated of its own accord at 2025-07-17T11:53:03Z with exit-code 0.
...
