000 (1253665.000.000) 2025-07-17 20:48:10 Job submitted from host: <172.30.1.200:9618?addrs=172.30.1.200-9618&alias=tamsa2&noUDP&sock=schedd_2531_a24a>
...
040 (1253665.000.000) 2025-07-17 20:48:21 Started transferring input files
	Transferring to host: <172.30.1.213:9618?addrs=172.30.1.213-9618&alias=node-w13.localdomain&noUDP&sock=slot1_2_4972_f943_95746>
...
040 (1253665.000.000) 2025-07-17 20:48:26 Finished transferring input files
...
001 (1253665.000.000) 2025-07-17 20:48:26 Job executing on host: <172.30.1.213:9618?addrs=172.30.1.213-9618&alias=node-w13.localdomain&noUDP&sock=startd_4938_a2c0>
	SlotName: slot1_2@node-w13.localdomain
	CondorScratchDir = "/var/lib/condor/execute/dir_4154320"
	Cpus = 2
	Disk = 751616
	GPUs = 0
	Memory = 16000
...
006 (1253665.000.000) 2025-07-17 20:48:39 Image size of job updated: 775412
	758  -  MemoryUsage of job (MB)
	775412  -  ResidentSetSize of job (KB)
...
006 (1253665.000.000) 2025-07-17 20:53:40 Image size of job updated: 2316596
	2261  -  MemoryUsage of job (MB)
	2314580  -  ResidentSetSize of job (KB)
...
006 (1253665.000.000) 2025-07-17 20:53:52 Image size of job updated: 2318696
	2261  -  MemoryUsage of job (MB)
	2314580  -  ResidentSetSize of job (KB)
...
040 (1253665.000.000) 2025-07-17 20:53:52 Started transferring output files
...
040 (1253665.000.000) 2025-07-17 20:53:52 Finished transferring output files
...
005 (1253665.000.000) 2025-07-17 20:53:53 Job terminated.
	(1) Normal termination (return value 0)
		Usr 0 00:05:13, Sys 0 00:00:07  -  Run Remote Usage
		Usr 0 00:00:00, Sys 0 00:00:00  -  Run Local Usage
		Usr 0 00:05:13, Sys 0 00:00:07  -  Total Remote Usage
		Usr 0 00:00:00, Sys 0 00:00:00  -  Total Local Usage
	154167  -  Run Bytes Sent By Job
	690299200  -  Run Bytes Received By Job
	154167  -  Total Bytes Sent By Job
	690299200  -  Total Bytes Received By Job
	Partitionable Resources :      Usage  Request Allocated 
	   Cpus                 :       0.99        2         2 
	   Disk (KB)            : 2774641      750000    751616 
	   GPUs                 :                             0 
	   Memory (MB)          :    2261       16000     16000 
	   TimeExecute (s)      :     326                       
	   TimeSlotBusy (s)     :     332                       

	Job terminated of its own accord at 2025-07-17T11:53:52Z with exit-code 0.
...
