000 (1253666.000.000) 2025-07-17 20:48:10 Job submitted from host: <172.30.1.200:9618?addrs=172.30.1.200-9618&alias=tamsa2&noUDP&sock=schedd_2531_a24a>
...
040 (1253666.000.000) 2025-07-17 20:48:21 Started transferring input files
	Transferring to host: <172.30.1.213:9618?addrs=172.30.1.213-9618&alias=node-w13.localdomain&noUDP&sock=slot1_13_4972_f943_95747>
...
040 (1253666.000.000) 2025-07-17 20:48:26 Finished transferring input files
...
001 (1253666.000.000) 2025-07-17 20:48:26 Job executing on host: <172.30.1.213:9618?addrs=172.30.1.213-9618&alias=node-w13.localdomain&noUDP&sock=startd_4938_a2c0>
	SlotName: slot1_13@node-w13.localdomain
	CondorScratchDir = "/var/lib/condor/execute/dir_4154321"
	Cpus = 2
	Disk = 751616
	GPUs = 0
	Memory = 16000
...
006 (1253666.000.000) 2025-07-17 20:48:40 Image size of job updated: 838132
	819  -  MemoryUsage of job (MB)
	838132  -  ResidentSetSize of job (KB)
...
006 (1253666.000.000) 2025-07-17 20:53:07 Image size of job updated: 2320224
	2149  -  MemoryUsage of job (MB)
	2200068  -  ResidentSetSize of job (KB)
...
040 (1253666.000.000) 2025-07-17 20:53:07 Started transferring output files
...
040 (1253666.000.000) 2025-07-17 20:53:07 Finished transferring output files
...
005 (1253666.000.000) 2025-07-17 20:53:07 Job terminated.
	(1) Normal termination (return value 0)
		Usr 0 00:04:28, Sys 0 00:00:07  -  Run Remote Usage
		Usr 0 00:00:00, Sys 0 00:00:00  -  Run Local Usage
		Usr 0 00:04:28, Sys 0 00:00:07  -  Total Remote Usage
		Usr 0 00:00:00, Sys 0 00:00:00  -  Total Local Usage
	147643  -  Run Bytes Sent By Job
	690294016  -  Run Bytes Received By Job
	147643  -  Total Bytes Sent By Job
	690294016  -  Total Bytes Received By Job
	Partitionable Resources :      Usage  Request Allocated 
	   Cpus                 :       0.98        2         2 
	   Disk (KB)            : 2774630      750000    751616 
	   GPUs                 :                             0 
	   Memory (MB)          :    2149       16000     16000 
	   TimeExecute (s)      :     281                       
	   TimeSlotBusy (s)     :     286                       

	Job terminated of its own accord at 2025-07-17T11:53:07Z with exit-code 0.
...
