000 (1253561.000.000) 2025-07-17 19:36:08 Job submitted from host: <172.30.1.200:9618?addrs=172.30.1.200-9618&alias=tamsa2&noUDP&sock=schedd_2531_a24a>
...
040 (1253561.000.000) 2025-07-17 19:36:23 Started transferring input files
	Transferring to host: <172.30.1.220:9618?addrs=172.30.1.220-9618&alias=node-w20.localdomain&noUDP&sock=slot1_30_5233_df2e_135733>
...
040 (1253561.000.000) 2025-07-17 19:36:26 Finished transferring input files
...
001 (1253561.000.000) 2025-07-17 19:36:26 Job executing on host: <172.30.1.220:9618?addrs=172.30.1.220-9618&alias=node-w20.localdomain&noUDP&sock=startd_5199_a8f8>
	SlotName: slot1_30@node-w20.localdomain
	CondorScratchDir = "/var/lib/condor/execute/dir_3267026"
	Cpus = 2
	Disk = 751616
	GPUs = 0
	Memory = 16000
...
006 (1253561.000.000) 2025-07-17 19:36:40 Image size of job updated: 1142312
	1116  -  MemoryUsage of job (MB)
	1142312  -  ResidentSetSize of job (KB)
...
006 (1253561.000.000) 2025-07-17 19:39:33 Image size of job updated: 2319680
	2149  -  MemoryUsage of job (MB)
	2200068  -  ResidentSetSize of job (KB)
...
040 (1253561.000.000) 2025-07-17 19:39:33 Started transferring output files
...
040 (1253561.000.000) 2025-07-17 19:39:33 Finished transferring output files
...
005 (1253561.000.000) 2025-07-17 19:39:33 Job terminated.
	(1) Normal termination (return value 0)
		Usr 0 00:02:47, Sys 0 00:00:07  -  Run Remote Usage
		Usr 0 00:00:00, Sys 0 00:00:00  -  Run Local Usage
		Usr 0 00:02:47, Sys 0 00:00:07  -  Total Remote Usage
		Usr 0 00:00:00, Sys 0 00:00:00  -  Total Local Usage
	149988  -  Run Bytes Sent By Job
	690299904  -  Run Bytes Received By Job
	149988  -  Total Bytes Sent By Job
	690299904  -  Total Bytes Received By Job
	Partitionable Resources :      Usage  Request Allocated 
	   Cpus                 :       0.93        2         2 
	   Disk (KB)            : 2774634      750000    751616 
	   GPUs                 :                             0 
	   Memory (MB)          :    2149       16000     16000 
	   TimeExecute (s)      :     187                       
	   TimeSlotBusy (s)     :     190                       

	Job terminated of its own accord at 2025-07-17T10:39:33Z with exit-code 0.
...
