# This file was automatically created by FeynRules 2.3.10
# Mathematica version: 9.0 for Linux x86 (64-bit) (November 20, 2012)
# Date: Sun 30 Oct 2016 21:37:29


# 
# This is the logfile for the model EffLRSM

# Authors: R. Ruiz
# Model version: 1.0
# Checking the Quantum numbers
   * Electric charge defined.
# Checking the Lagrangians
   * All Lagrangians are ok.
#
# Particle definitions
#

   * No particles removed. All particles correspond to GenInt setup.

# Automatically assigned PDG numbers
   * Assigned PDG number 9000001 to particle ghA
   * Assigned PDG number 9000002 to particle ghZ
   * Assigned PDG number 9000003 to particle ghWp
   * Assigned PDG number 9000004 to particle ghWm


# Compulsory PDG codes:
   * Class SM leptons complete.
   * Class SM neutrinos complete.
   * Class SM quarks complete.
   * Class SM gauge bosons complete.
#
# Parameter definitions
#

   * All parameters are ok.


# Vertices
   * Calling FeynmanRules for 1 Lagrangians.
   * Number of classes vertices: 164
   * Number of flavored vertices: 162
   * Saved vertices in InterfaceRun[ 1 ].
   * Checked QNumber conservation.
      - Quantum number GhostNumber conserved in all vertices.
      - Quantum number LeptonNumber NOT conserved in the following vertices
          {WR, N1, e}
          {WR, N2, mu}
          {WR, N3, ta}
          {WRbar, ebar, N1}
          {WRbar, mubar, N2}
          {WRbar, tabar, N3}
      - Quantum number Q conserved in all vertices.
      - Quantum number Y conserved in all vertices.
   * particles.py written.
   * parameters.py written.
#
# Vertex definitions
#

   * 140 vertices written.
   * vertices.py written.
#
# Lorentz structure definitions
#

   * 40 lorentz structures written.
   * lorentz.py written.
#
# Coupling definitions
#

   * 70 couplings written.
   * couplings.py written.
#
# Coupling order definitions
#

   * 0 couplings orders written.
   * coupling_orders.py written.
#
# Decay definitions
#

   * 9 decays written.
   * decay.py not written
#
# CTCoupling definitions
#

   * 145 CTcouplings written.
   * CT_couplings.py written.
#
# CTVertex definitions
#

   * 108 CTvertices written.
   * CT_vertices.py written.
