000 (1255882.000.000) 2025-07-18 11:44:04 Job submitted from host: <172.30.1.200:9618?addrs=172.30.1.200-9618&alias=tamsa2&noUDP&sock=schedd_2531_a24a>
...
040 (1255882.000.000) 2025-07-18 11:44:18 Started transferring input files
	Transferring to host: <172.30.1.213:9618?addrs=172.30.1.213-9618&alias=node-w13.localdomain&noUDP&sock=slot1_13_4972_f943_102298>
...
040 (1255882.000.000) 2025-07-18 11:44:26 Finished transferring input files
...
001 (1255882.000.000) 2025-07-18 11:44:26 Job executing on host: <172.30.1.213:9618?addrs=172.30.1.213-9618&alias=node-w13.localdomain&noUDP&sock=startd_4938_a2c0>
	SlotName: slot1_13@node-w13.localdomain
	CondorScratchDir = "/var/lib/condor/execute/dir_1219929"
	Cpus = 2
	Disk = 751616
	GPUs = 0
	Memory = 16000
...
006 (1255882.000.000) 2025-07-18 11:44:40 Image size of job updated: 905080
	884  -  MemoryUsage of job (MB)
	905080  -  ResidentSetSize of job (KB)
...
006 (1255882.000.000) 2025-07-18 11:49:41 Image size of job updated: 4969648
	2789  -  MemoryUsage of job (MB)
	2855604  -  ResidentSetSize of job (KB)
...
004 (1255882.000.000) 2025-07-18 11:51:13 Job was evicted.
	(0) CPU times
		Usr 0 00:05:03, Sys 0 00:01:10  -  Run Remote Usage
		Usr 0 00:00:00, Sys 0 00:00:00  -  Run Local Usage
	0  -  Run Bytes Sent By Job
	690283840  -  Run Bytes Received By Job
	Partitionable Resources :      Usage  Request Allocated 
	   Cpus                 :       0.98        2         2 
	   Disk (KB)            : 2774366      750000    751616 
	   GPUs                 :                             0 
	   Memory (MB)          :    2789       16000     16000 
	   TimeExecute (s)      :     406                       
	   TimeSlotBusy (s)     :     418                       
...
009 (1255882.000.000) 2025-07-18 11:51:13 Job was aborted.
	via condor_rm (by user achihwan)
...
000 (1255975.000.000) 2025-07-18 11:55:21 Job submitted from host: <172.30.1.200:9618?addrs=172.30.1.200-9618&alias=tamsa2&noUDP&sock=schedd_2531_a24a>
...
040 (1255975.000.000) 2025-07-18 11:55:44 Started transferring input files
	Transferring to host: <172.30.1.212:9618?addrs=172.30.1.212-9618&alias=node-w12.localdomain&noUDP&sock=slot1_19_4978_3384_99712>
...
040 (1255975.000.000) 2025-07-18 11:55:50 Finished transferring input files
...
001 (1255975.000.000) 2025-07-18 11:55:50 Job executing on host: <172.30.1.212:9618?addrs=172.30.1.212-9618&alias=node-w12.localdomain&noUDP&sock=startd_4944_c052>
	SlotName: slot1_19@node-w12.localdomain
	CondorScratchDir = "/var/lib/condor/execute/dir_2558677"
	Cpus = 2
	Disk = 751616
	GPUs = 0
	Memory = 16000
...
006 (1255975.000.000) 2025-07-18 11:56:04 Image size of job updated: 971036
	949  -  MemoryUsage of job (MB)
	971036  -  ResidentSetSize of job (KB)
...
006 (1255975.000.000) 2025-07-18 12:01:05 Image size of job updated: 4657000
	2966  -  MemoryUsage of job (MB)
	3036476  -  ResidentSetSize of job (KB)
...
040 (1255975.000.000) 2025-07-18 12:03:16 Started transferring output files
...
040 (1255975.000.000) 2025-07-18 12:03:16 Finished transferring output files
...
005 (1255975.000.000) 2025-07-18 12:03:17 Job terminated.
	(1) Normal termination (return value 0)
		Usr 0 00:05:41, Sys 0 00:01:05  -  Run Remote Usage
		Usr 0 00:00:00, Sys 0 00:00:00  -  Run Local Usage
		Usr 0 00:05:41, Sys 0 00:01:05  -  Total Remote Usage
		Usr 0 00:00:00, Sys 0 00:00:00  -  Total Local Usage
	111564  -  Run Bytes Sent By Job
	690284224  -  Run Bytes Received By Job
	111564  -  Total Bytes Sent By Job
	690284224  -  Total Bytes Received By Job
	Partitionable Resources :      Usage  Request Allocated 
	   Cpus                 :       0.86        2         2 
	   Disk (KB)            : 2774564      750000    751616 
	   GPUs                 :                             0 
	   Memory (MB)          :    2966       16000     16000 
	   TimeExecute (s)      :     446                       
	   TimeSlotBusy (s)     :     455                       

	Job terminated of its own accord at 2025-07-18T03:03:16Z with exit-code 0.
...
000 (1256796.000.000) 2025-07-18 16:31:06 Job submitted from host: <172.30.1.200:9618?addrs=172.30.1.200-9618&alias=tamsa2&noUDP&sock=schedd_2531_a24a>
...
040 (1256796.000.000) 2025-07-18 16:31:09 Started transferring input files
	Transferring to host: <172.30.1.213:9618?addrs=172.30.1.213-9618&alias=node-w13.localdomain&noUDP&sock=slot1_14_4972_f943_103721>
...
040 (1256796.000.000) 2025-07-18 16:31:15 Finished transferring input files
...
001 (1256796.000.000) 2025-07-18 16:31:15 Job executing on host: <172.30.1.213:9618?addrs=172.30.1.213-9618&alias=node-w13.localdomain&noUDP&sock=startd_4938_a2c0>
	SlotName: slot1_14@node-w13.localdomain
	CondorScratchDir = "/var/lib/condor/execute/dir_1485600"
	Cpus = 2
	Disk = 751616
	GPUs = 0
	Memory = 16000
...
006 (1256796.000.000) 2025-07-18 16:31:29 Image size of job updated: 1045236
	1021  -  MemoryUsage of job (MB)
	1045236  -  ResidentSetSize of job (KB)
...
006 (1256796.000.000) 2025-07-18 16:36:30 Image size of job updated: 5004164
	2709  -  MemoryUsage of job (MB)
	2773444  -  ResidentSetSize of job (KB)
...
040 (1256796.000.000) 2025-07-18 16:39:10 Started transferring output files
...
040 (1256796.000.000) 2025-07-18 16:39:10 Finished transferring output files
...
005 (1256796.000.000) 2025-07-18 16:39:10 Job terminated.
	(1) Normal termination (return value 0)
		Usr 0 00:05:48, Sys 0 00:01:26  -  Run Remote Usage
		Usr 0 00:00:00, Sys 0 00:00:00  -  Run Local Usage
		Usr 0 00:05:48, Sys 0 00:01:26  -  Total Remote Usage
		Usr 0 00:00:00, Sys 0 00:00:00  -  Total Local Usage
	111564  -  Run Bytes Sent By Job
	690284224  -  Run Bytes Received By Job
	111564  -  Total Bytes Sent By Job
	690284224  -  Total Bytes Received By Job
	Partitionable Resources :      Usage  Request Allocated 
	   Cpus                 :       0.88        2         2 
	   Disk (KB)            : 2774564      750000    751616 
	   GPUs                 :                             0 
	   Memory (MB)          :    2709       16000     16000 
	   TimeExecute (s)      :     475                       
	   TimeSlotBusy (s)     :     481                       

	Job terminated of its own accord at 2025-07-18T07:39:10Z with exit-code 0.
...
000 (1256954.000.000) 2025-07-18 18:02:20 Job submitted from host: <172.30.1.200:9618?addrs=172.30.1.200-9618&alias=tamsa2&noUDP&sock=schedd_2531_a24a>
...
040 (1256954.000.000) 2025-07-18 18:02:25 Started transferring input files
	Transferring to host: <172.30.1.213:9618?addrs=172.30.1.213-9618&alias=node-w13.localdomain&noUDP&sock=slot1_13_4972_f943_104008>
...
040 (1256954.000.000) 2025-07-18 18:02:30 Finished transferring input files
...
001 (1256954.000.000) 2025-07-18 18:02:30 Job executing on host: <172.30.1.213:9618?addrs=172.30.1.213-9618&alias=node-w13.localdomain&noUDP&sock=startd_4938_a2c0>
	SlotName: slot1_13@node-w13.localdomain
	CondorScratchDir = "/var/lib/condor/execute/dir_1533700"
	Cpus = 2
	Disk = 751616
	GPUs = 0
	Memory = 16000
...
006 (1256954.000.000) 2025-07-18 18:02:43 Image size of job updated: 899664
	879  -  MemoryUsage of job (MB)
	899664  -  ResidentSetSize of job (KB)
...
006 (1256954.000.000) 2025-07-18 18:02:53 Image size of job updated: 2199792
	2149  -  MemoryUsage of job (MB)
	2199792  -  ResidentSetSize of job (KB)
...
040 (1256954.000.000) 2025-07-18 18:02:54 Started transferring output files
...
040 (1256954.000.000) 2025-07-18 18:02:54 Finished transferring output files
...
005 (1256954.000.000) 2025-07-18 18:02:54 Job terminated.
	(1) Normal termination (return value 0)
		Usr 0 00:00:18, Sys 0 00:00:04  -  Run Remote Usage
		Usr 0 00:00:00, Sys 0 00:00:00  -  Run Local Usage
		Usr 0 00:00:18, Sys 0 00:00:04  -  Total Remote Usage
		Usr 0 00:00:00, Sys 0 00:00:00  -  Total Local Usage
	287  -  Run Bytes Sent By Job
	690286848  -  Run Bytes Received By Job
	287  -  Total Bytes Sent By Job
	690286848  -  Total Bytes Received By Job
	Partitionable Resources :    Usage  Request Allocated 
	   Cpus                 :                 2         2 
	   Disk (KB)            :  2774353   750000    751616 
	   GPUs                 :                           0 
	   Memory (MB)          :     2149    16000     16000 
	   TimeExecute (s)      :       23                    
	   TimeSlotBusy (s)     :       29                    

	Job terminated of its own accord at 2025-07-18T09:02:53Z with exit-code 0.
...
000 (1257157.000.000) 2025-07-18 18:27:22 Job submitted from host: <172.30.1.200:9618?addrs=172.30.1.200-9618&alias=tamsa2&noUDP&sock=schedd_2531_a24a>
...
040 (1257157.000.000) 2025-07-18 18:27:40 Started transferring input files
	Transferring to host: <172.30.1.213:9618?addrs=172.30.1.213-9618&alias=node-w13.localdomain&noUDP&sock=slot1_15_4972_f943_104169>
...
040 (1257157.000.000) 2025-07-18 18:27:46 Finished transferring input files
...
001 (1257157.000.000) 2025-07-18 18:27:46 Job executing on host: <172.30.1.213:9618?addrs=172.30.1.213-9618&alias=node-w13.localdomain&noUDP&sock=startd_4938_a2c0>
	SlotName: slot1_15@node-w13.localdomain
	CondorScratchDir = "/var/lib/condor/execute/dir_1558944"
	Cpus = 2
	Disk = 751616
	GPUs = 0
	Memory = 16000
...
006 (1257157.000.000) 2025-07-18 18:28:00 Image size of job updated: 1026792
	1003  -  MemoryUsage of job (MB)
	1026792  -  ResidentSetSize of job (KB)
...
006 (1257157.000.000) 2025-07-18 18:33:01 Image size of job updated: 4845844
	2791  -  MemoryUsage of job (MB)
	2857120  -  ResidentSetSize of job (KB)
...
040 (1257157.000.000) 2025-07-18 18:35:17 Started transferring output files
...
040 (1257157.000.000) 2025-07-18 18:35:17 Finished transferring output files
...
005 (1257157.000.000) 2025-07-18 18:35:17 Job terminated.
	(1) Normal termination (return value 0)
		Usr 0 00:05:27, Sys 0 00:01:22  -  Run Remote Usage
		Usr 0 00:00:00, Sys 0 00:00:00  -  Run Local Usage
		Usr 0 00:05:27, Sys 0 00:01:22  -  Total Remote Usage
		Usr 0 00:00:00, Sys 0 00:00:00  -  Total Local Usage
	114055  -  Run Bytes Sent By Job
	690287104  -  Run Bytes Received By Job
	114055  -  Total Bytes Sent By Job
	690287104  -  Total Bytes Received By Job
	Partitionable Resources :      Usage  Request Allocated 
	   Cpus                 :       1.00        2         2 
	   Disk (KB)            : 2774570      750000    751616 
	   GPUs                 :                             0 
	   Memory (MB)          :    2791       16000     16000 
	   TimeExecute (s)      :     450                       
	   TimeSlotBusy (s)     :     457                       

	Job terminated of its own accord at 2025-07-18T09:35:16Z with exit-code 0.
...
000 (1257351.000.000) 2025-07-18 19:07:09 Job submitted from host: <172.30.1.200:9618?addrs=172.30.1.200-9618&alias=tamsa2&noUDP&sock=schedd_2531_a24a>
...
040 (1257351.000.000) 2025-07-18 19:07:16 Started transferring input files
	Transferring to host: <172.30.1.215:9618?addrs=172.30.1.215-9618&alias=node-w15.localdomain&noUDP&sock=slot1_16_5185_0d2c_112532>
...
040 (1257351.000.000) 2025-07-18 19:07:23 Finished transferring input files
...
001 (1257351.000.000) 2025-07-18 19:07:23 Job executing on host: <172.30.1.215:9618?addrs=172.30.1.215-9618&alias=node-w15.localdomain&noUDP&sock=startd_5151_bc6c>
	SlotName: slot1_16@node-w15.localdomain
	CondorScratchDir = "/var/lib/condor/execute/dir_2085558"
	Cpus = 2
	Disk = 751616
	GPUs = 0
	Memory = 16000
...
006 (1257351.000.000) 2025-07-18 19:07:37 Image size of job updated: 774876
	757  -  MemoryUsage of job (MB)
	774876  -  ResidentSetSize of job (KB)
...
006 (1257351.000.000) 2025-07-18 19:10:55 Image size of job updated: 3446708
	2149  -  MemoryUsage of job (MB)
	2199796  -  ResidentSetSize of job (KB)
...
004 (1257351.000.000) 2025-07-18 19:10:55 Job was evicted.
	(0) CPU times
		Usr 0 00:02:54, Sys 0 00:00:26  -  Run Remote Usage
		Usr 0 00:00:00, Sys 0 00:00:00  -  Run Local Usage
	0  -  Run Bytes Sent By Job
	690287936  -  Run Bytes Received By Job
	Partitionable Resources :      Usage  Request Allocated 
	   Cpus                 :       0.98        2         2 
	   Disk (KB)            : 2774367      750000    751616 
	   GPUs                 :                             0 
	   Memory (MB)          :    2149       16000     16000 
	   TimeExecute (s)      :     210                       
	   TimeSlotBusy (s)     :     219                       
...
009 (1257351.000.000) 2025-07-18 19:10:56 Job was aborted.
	via condor_rm (by user achihwan)
...
000 (1257603.000.000) 2025-07-18 19:18:58 Job submitted from host: <172.30.1.200:9618?addrs=172.30.1.200-9618&alias=tamsa2&noUDP&sock=schedd_2531_a24a>
...
040 (1257603.000.000) 2025-07-18 19:19:02 Started transferring input files
	Transferring to host: <172.30.1.203:9618?addrs=172.30.1.203-9618&alias=node-w3.localdomain&noUDP&sock=slot1_4_4993_c524_83668>
...
040 (1257603.000.000) 2025-07-18 19:19:07 Finished transferring input files
...
001 (1257603.000.000) 2025-07-18 19:19:07 Job executing on host: <172.30.1.203:9618?addrs=172.30.1.203-9618&alias=node-w3.localdomain&noUDP&sock=startd_4959_0a3d>
	SlotName: slot1_4@node-w3.localdomain
	CondorScratchDir = "/var/lib/condor/execute/dir_2676159"
	Cpus = 2
	Disk = 751616
	GPUs = 0
	Memory = 16000
...
006 (1257603.000.000) 2025-07-18 19:19:21 Image size of job updated: 1144072
	1118  -  MemoryUsage of job (MB)
	1144072  -  ResidentSetSize of job (KB)
...
006 (1257603.000.000) 2025-07-18 19:24:22 Image size of job updated: 4414404
	3086  -  MemoryUsage of job (MB)
	3159532  -  ResidentSetSize of job (KB)
...
006 (1257603.000.000) 2025-07-18 19:25:17 Image size of job updated: 4414404
	3129  -  MemoryUsage of job (MB)
	3203204  -  ResidentSetSize of job (KB)
...
040 (1257603.000.000) 2025-07-18 19:25:17 Started transferring output files
...
040 (1257603.000.000) 2025-07-18 19:25:17 Finished transferring output files
...
005 (1257603.000.000) 2025-07-18 19:25:18 Job terminated.
	(1) Normal termination (return value 0)
		Usr 0 00:04:44, Sys 0 00:00:46  -  Run Remote Usage
		Usr 0 00:00:00, Sys 0 00:00:00  -  Run Local Usage
		Usr 0 00:04:44, Sys 0 00:00:46  -  Total Remote Usage
		Usr 0 00:00:00, Sys 0 00:00:00  -  Total Local Usage
	114900  -  Run Bytes Sent By Job
	690288000  -  Run Bytes Received By Job
	114900  -  Total Bytes Sent By Job
	690288000  -  Total Bytes Received By Job
	Partitionable Resources :      Usage  Request Allocated 
	   Cpus                 :       0.87        2         2 
	   Disk (KB)            : 2774572      750000    751616 
	   GPUs                 :                             0 
	   Memory (MB)          :    3129       16000     16000 
	   TimeExecute (s)      :     370                       
	   TimeSlotBusy (s)     :     376                       

	Job terminated of its own accord at 2025-07-18T10:25:17Z with exit-code 0.
...
000 (1257760.000.000) 2025-07-18 22:48:30 Job submitted from host: <172.30.1.200:9618?addrs=172.30.1.200-9618&alias=tamsa2&noUDP&sock=schedd_2531_a24a>
...
040 (1257760.000.000) 2025-07-18 22:48:50 Started transferring input files
	Transferring to host: <172.30.1.213:9618?addrs=172.30.1.213-9618&alias=node-w13.localdomain&noUDP&sock=slot1_16_4972_f943_104860>
...
040 (1257760.000.000) 2025-07-18 22:48:57 Finished transferring input files
...
001 (1257760.000.000) 2025-07-18 22:48:57 Job executing on host: <172.30.1.213:9618?addrs=172.30.1.213-9618&alias=node-w13.localdomain&noUDP&sock=startd_4938_a2c0>
	SlotName: slot1_16@node-w13.localdomain
	CondorScratchDir = "/var/lib/condor/execute/dir_1706627"
	Cpus = 2
	Disk = 751616
	GPUs = 0
	Memory = 16000
...
006 (1257760.000.000) 2025-07-18 22:49:10 Image size of job updated: 731644
	715  -  MemoryUsage of job (MB)
	731644  -  ResidentSetSize of job (KB)
...
006 (1257760.000.000) 2025-07-18 22:49:23 Image size of job updated: 2199796
	2149  -  MemoryUsage of job (MB)
	2199796  -  ResidentSetSize of job (KB)
...
040 (1257760.000.000) 2025-07-18 22:49:24 Started transferring output files
...
040 (1257760.000.000) 2025-07-18 22:49:24 Finished transferring output files
...
005 (1257760.000.000) 2025-07-18 22:49:24 Job terminated.
	(1) Normal termination (return value 0)
		Usr 0 00:00:21, Sys 0 00:00:04  -  Run Remote Usage
		Usr 0 00:00:00, Sys 0 00:00:00  -  Run Local Usage
		Usr 0 00:00:21, Sys 0 00:00:04  -  Total Remote Usage
		Usr 0 00:00:00, Sys 0 00:00:00  -  Total Local Usage
	7252  -  Run Bytes Sent By Job
	690286912  -  Run Bytes Received By Job
	7252  -  Total Bytes Sent By Job
	690286912  -  Total Bytes Received By Job
	Partitionable Resources :    Usage  Request Allocated 
	   Cpus                 :        0        2         2 
	   Disk (KB)            :  2774366   750000    751616 
	   GPUs                 :                           0 
	   Memory (MB)          :     2149    16000     16000 
	   TimeExecute (s)      :       26                    
	   TimeSlotBusy (s)     :       34                    

	Job terminated of its own accord at 2025-07-18T13:49:23Z with exit-code 0.
...
000 (1257806.000.000) 2025-07-18 23:06:49 Job submitted from host: <172.30.1.200:9618?addrs=172.30.1.200-9618&alias=tamsa2&noUDP&sock=schedd_2531_a24a>
...
040 (1257806.000.000) 2025-07-18 23:07:09 Started transferring input files
	Transferring to host: <172.30.1.213:9618?addrs=172.30.1.213-9618&alias=node-w13.localdomain&noUDP&sock=slot1_15_4972_f943_104879>
...
040 (1257806.000.000) 2025-07-18 23:07:17 Finished transferring input files
...
001 (1257806.000.000) 2025-07-18 23:07:17 Job executing on host: <172.30.1.213:9618?addrs=172.30.1.213-9618&alias=node-w13.localdomain&noUDP&sock=startd_4938_a2c0>
	SlotName: slot1_15@node-w13.localdomain
	CondorScratchDir = "/var/lib/condor/execute/dir_1707432"
	Cpus = 2
	Disk = 751616
	GPUs = 0
	Memory = 16000
...
006 (1257806.000.000) 2025-07-18 23:07:31 Image size of job updated: 1041156
	1017  -  MemoryUsage of job (MB)
	1041156  -  ResidentSetSize of job (KB)
...
006 (1257806.000.000) 2025-07-18 23:07:48 Image size of job updated: 2364040
	2149  -  MemoryUsage of job (MB)
	2199796  -  ResidentSetSize of job (KB)
...
040 (1257806.000.000) 2025-07-18 23:07:48 Started transferring output files
...
040 (1257806.000.000) 2025-07-18 23:07:48 Finished transferring output files
...
005 (1257806.000.000) 2025-07-18 23:07:48 Job terminated.
	(1) Normal termination (return value 0)
		Usr 0 00:00:24, Sys 0 00:00:05  -  Run Remote Usage
		Usr 0 00:00:00, Sys 0 00:00:00  -  Run Local Usage
		Usr 0 00:00:24, Sys 0 00:00:05  -  Total Remote Usage
		Usr 0 00:00:00, Sys 0 00:00:00  -  Total Local Usage
	7207  -  Run Bytes Sent By Job
	690286912  -  Run Bytes Received By Job
	7207  -  Total Bytes Sent By Job
	690286912  -  Total Bytes Received By Job
	Partitionable Resources :    Usage  Request Allocated 
	   Cpus                 :                 2         2 
	   Disk (KB)            :  2774360   750000    751616 
	   GPUs                 :                           0 
	   Memory (MB)          :     2149    16000     16000 
	   TimeExecute (s)      :       31                    
	   TimeSlotBusy (s)     :       39                    

	Job terminated of its own accord at 2025-07-18T14:07:48Z with exit-code 0.
...
000 (1257869.000.000) 2025-07-18 23:28:58 Job submitted from host: <172.30.1.200:9618?addrs=172.30.1.200-9618&alias=tamsa2&noUDP&sock=schedd_2531_a24a>
...
040 (1257869.000.000) 2025-07-18 23:29:02 Started transferring input files
	Transferring to host: <172.30.1.213:9618?addrs=172.30.1.213-9618&alias=node-w13.localdomain&noUDP&sock=slot1_7_4972_f943_104892>
...
040 (1257869.000.000) 2025-07-18 23:29:07 Finished transferring input files
...
001 (1257869.000.000) 2025-07-18 23:29:07 Job executing on host: <172.30.1.213:9618?addrs=172.30.1.213-9618&alias=node-w13.localdomain&noUDP&sock=startd_4938_a2c0>
	SlotName: slot1_7@node-w13.localdomain
	CondorScratchDir = "/var/lib/condor/execute/dir_1708121"
	Cpus = 2
	Disk = 751616
	GPUs = 0
	Memory = 16000
...
006 (1257869.000.000) 2025-07-18 23:29:20 Image size of job updated: 854796
	835  -  MemoryUsage of job (MB)
	854796  -  ResidentSetSize of job (KB)
...
006 (1257869.000.000) 2025-07-18 23:34:20 Image size of job updated: 3475960
	2626  -  MemoryUsage of job (MB)
	2688012  -  ResidentSetSize of job (KB)
...
040 (1257869.000.000) 2025-07-18 23:34:45 Started transferring output files
...
040 (1257869.000.000) 2025-07-18 23:34:45 Finished transferring output files
...
005 (1257869.000.000) 2025-07-18 23:34:45 Job terminated.
	(1) Normal termination (return value 0)
		Usr 0 00:04:38, Sys 0 00:00:24  -  Run Remote Usage
		Usr 0 00:00:00, Sys 0 00:00:00  -  Run Local Usage
		Usr 0 00:04:38, Sys 0 00:00:24  -  Total Remote Usage
		Usr 0 00:00:00, Sys 0 00:00:00  -  Total Local Usage
	114900  -  Run Bytes Sent By Job
	690286848  -  Run Bytes Received By Job
	114900  -  Total Bytes Sent By Job
	690286848  -  Total Bytes Received By Job
	Partitionable Resources :      Usage  Request Allocated 
	   Cpus                 :       0.92        2         2 
	   Disk (KB)            : 2774571      750000    751616 
	   GPUs                 :                             0 
	   Memory (MB)          :    2626       16000     16000 
	   TimeExecute (s)      :     338                       
	   TimeSlotBusy (s)     :     343                       

	Job terminated of its own accord at 2025-07-18T14:34:45Z with exit-code 0.
...
000 (1268644.000.000) 2025-07-21 20:24:03 Job submitted from host: <172.30.1.200:9618?addrs=172.30.1.200-9618&alias=tamsa2&noUDP&sock=schedd_2531_a24a>
...
040 (1268644.000.000) 2025-07-21 20:24:23 Started transferring input files
	Transferring to host: <172.30.1.202:9618?addrs=172.30.1.202-9618&alias=node-w2.localdomain&noUDP&sock=slot1_16_4999_ff64_73975>
...
040 (1268644.000.000) 2025-07-21 20:24:28 Finished transferring input files
...
001 (1268644.000.000) 2025-07-21 20:24:28 Job executing on host: <172.30.1.202:9618?addrs=172.30.1.202-9618&alias=node-w2.localdomain&noUDP&sock=startd_4964_7836>
	SlotName: slot1_16@node-w2.localdomain
	CondorScratchDir = "/var/lib/condor/execute/dir_403193"
	Cpus = 2
	Disk = 751616
	GPUs = 0
	Memory = 16000
...
006 (1268644.000.000) 2025-07-21 20:24:41 Image size of job updated: 1013880
	991  -  MemoryUsage of job (MB)
	1013880  -  ResidentSetSize of job (KB)
...
006 (1268644.000.000) 2025-07-21 20:29:42 Image size of job updated: 3485024
	2733  -  MemoryUsage of job (MB)
	2798108  -  ResidentSetSize of job (KB)
...
040 (1268644.000.000) 2025-07-21 20:31:08 Started transferring output files
...
040 (1268644.000.000) 2025-07-21 20:31:08 Finished transferring output files
...
005 (1268644.000.000) 2025-07-21 20:31:09 Job terminated.
	(1) Normal termination (return value 0)
		Usr 0 00:03:54, Sys 0 00:00:08  -  Run Remote Usage
		Usr 0 00:00:00, Sys 0 00:00:00  -  Run Local Usage
		Usr 0 00:03:54, Sys 0 00:00:08  -  Total Remote Usage
		Usr 0 00:00:00, Sys 0 00:00:00  -  Total Local Usage
	114893  -  Run Bytes Sent By Job
	690286848  -  Run Bytes Received By Job
	114893  -  Total Bytes Sent By Job
	690286848  -  Total Bytes Received By Job
	Partitionable Resources :      Usage  Request Allocated 
	   Cpus                 :       0.00        2         2 
	   Disk (KB)            : 2774571      750000    751616 
	   GPUs                 :                             0 
	   Memory (MB)          :    2733       16000     16000 
	   TimeExecute (s)      :     400                       
	   TimeSlotBusy (s)     :     406                       

	Job terminated of its own accord at 2025-07-21T11:31:08Z with exit-code 0.
...
000 (1268699.000.000) 2025-07-21 20:32:20 Job submitted from host: <172.30.1.200:9618?addrs=172.30.1.200-9618&alias=tamsa2&noUDP&sock=schedd_2531_a24a>
...
040 (1268699.000.000) 2025-07-21 20:32:42 Started transferring input files
	Transferring to host: <172.30.1.217:9618?addrs=172.30.1.217-9618&alias=node-w17.localdomain&noUDP&sock=slot1_19_6391_c99d_142488>
...
040 (1268699.000.000) 2025-07-21 20:32:49 Finished transferring input files
...
001 (1268699.000.000) 2025-07-21 20:32:49 Job executing on host: <172.30.1.217:9618?addrs=172.30.1.217-9618&alias=node-w17.localdomain&noUDP&sock=startd_6357_f3a4>
	SlotName: slot1_19@node-w17.localdomain
	CondorScratchDir = "/var/lib/condor/execute/dir_819959"
	Cpus = 2
	Disk = 751616
	GPUs = 0
	Memory = 16000
...
006 (1268699.000.000) 2025-07-21 20:33:03 Image size of job updated: 1113224
	1088  -  MemoryUsage of job (MB)
	1113224  -  ResidentSetSize of job (KB)
...
006 (1268699.000.000) 2025-07-21 20:38:04 Image size of job updated: 3324152
	2693  -  MemoryUsage of job (MB)
	2757440  -  ResidentSetSize of job (KB)
...
040 (1268699.000.000) 2025-07-21 20:40:18 Started transferring output files
...
040 (1268699.000.000) 2025-07-21 20:40:18 Finished transferring output files
...
005 (1268699.000.000) 2025-07-21 20:40:18 Job terminated.
	(1) Normal termination (return value 0)
		Usr 0 00:04:01, Sys 0 00:00:14  -  Run Remote Usage
		Usr 0 00:00:00, Sys 0 00:00:00  -  Run Local Usage
		Usr 0 00:04:01, Sys 0 00:00:14  -  Total Remote Usage
		Usr 0 00:00:00, Sys 0 00:00:00  -  Total Local Usage
	115261  -  Run Bytes Sent By Job
	690287104  -  Run Bytes Received By Job
	115261  -  Total Bytes Sent By Job
	690287104  -  Total Bytes Received By Job
	Partitionable Resources :      Usage  Request Allocated 
	   Cpus                 :       0.28        2         2 
	   Disk (KB)            : 2774572      750000    751616 
	   GPUs                 :                             0 
	   Memory (MB)          :    2693       16000     16000 
	   TimeExecute (s)      :     448                       
	   TimeSlotBusy (s)     :     456                       

	Job terminated of its own accord at 2025-07-21T11:40:17Z with exit-code 0.
...
