000 (1255876.000.000) 2025-07-18 11:44:03 Job submitted from host: <172.30.1.200:9618?addrs=172.30.1.200-9618&alias=tamsa2&noUDP&sock=schedd_2531_a24a>
...
040 (1255876.000.000) 2025-07-18 11:44:15 Started transferring input files
	Transferring to host: <172.30.1.213:9618?addrs=172.30.1.213-9618&alias=node-w13.localdomain&noUDP&sock=slot1_5_4972_f943_102292>
...
040 (1255876.000.000) 2025-07-18 11:44:20 Finished transferring input files
...
001 (1255876.000.000) 2025-07-18 11:44:20 Job executing on host: <172.30.1.213:9618?addrs=172.30.1.213-9618&alias=node-w13.localdomain&noUDP&sock=startd_4938_a2c0>
	SlotName: slot1_5@node-w13.localdomain
	CondorScratchDir = "/var/lib/condor/execute/dir_1219912"
	Cpus = 2
	Disk = 751616
	GPUs = 0
	Memory = 16000
...
006 (1255876.000.000) 2025-07-18 11:44:34 Image size of job updated: 960428
	938  -  MemoryUsage of job (MB)
	960428  -  ResidentSetSize of job (KB)
...
006 (1255876.000.000) 2025-07-18 11:47:40 Image size of job updated: 2868068
	2149  -  MemoryUsage of job (MB)
	2200004  -  ResidentSetSize of job (KB)
...
040 (1255876.000.000) 2025-07-18 11:47:40 Started transferring output files
...
040 (1255876.000.000) 2025-07-18 11:47:40 Finished transferring output files
...
005 (1255876.000.000) 2025-07-18 11:47:40 Job terminated.
	(1) Normal termination (return value 0)
		Usr 0 00:02:51, Sys 0 00:00:14  -  Run Remote Usage
		Usr 0 00:00:00, Sys 0 00:00:00  -  Run Local Usage
		Usr 0 00:02:51, Sys 0 00:00:14  -  Total Remote Usage
		Usr 0 00:00:00, Sys 0 00:00:00  -  Total Local Usage
	109196  -  Run Bytes Sent By Job
	690282240  -  Run Bytes Received By Job
	109196  -  Total Bytes Sent By Job
	690282240  -  Total Bytes Received By Job
	Partitionable Resources :      Usage  Request Allocated 
	   Cpus                 :       0.93        2         2 
	   Disk (KB)            : 2774560      750000    751616 
	   GPUs                 :                             0 
	   Memory (MB)          :    2149       16000     16000 
	   TimeExecute (s)      :     199                       
	   TimeSlotBusy (s)     :     206                       

	Job terminated of its own accord at 2025-07-18T02:47:39Z with exit-code 0.
...
000 (1255969.000.000) 2025-07-18 11:55:21 Job submitted from host: <172.30.1.200:9618?addrs=172.30.1.200-9618&alias=tamsa2&noUDP&sock=schedd_2531_a24a>
...
040 (1255969.000.000) 2025-07-18 11:55:44 Started transferring input files
	Transferring to host: <172.30.1.212:9618?addrs=172.30.1.212-9618&alias=node-w12.localdomain&noUDP&sock=slot1_10_4978_3384_99705>
...
040 (1255969.000.000) 2025-07-18 11:55:50 Finished transferring input files
...
001 (1255969.000.000) 2025-07-18 11:55:50 Job executing on host: <172.30.1.212:9618?addrs=172.30.1.212-9618&alias=node-w12.localdomain&noUDP&sock=startd_4944_c052>
	SlotName: slot1_10@node-w12.localdomain
	CondorScratchDir = "/var/lib/condor/execute/dir_2558667"
	Cpus = 2
	Disk = 751616
	GPUs = 0
	Memory = 16000
...
006 (1255969.000.000) 2025-07-18 11:56:03 Image size of job updated: 888756
	868  -  MemoryUsage of job (MB)
	888756  -  ResidentSetSize of job (KB)
...
006 (1255969.000.000) 2025-07-18 11:59:04 Image size of job updated: 2821276
	2149  -  MemoryUsage of job (MB)
	2200004  -  ResidentSetSize of job (KB)
...
040 (1255969.000.000) 2025-07-18 11:59:04 Started transferring output files
...
040 (1255969.000.000) 2025-07-18 11:59:04 Finished transferring output files
...
005 (1255969.000.000) 2025-07-18 11:59:04 Job terminated.
	(1) Normal termination (return value 0)
		Usr 0 00:02:46, Sys 0 00:00:13  -  Run Remote Usage
		Usr 0 00:00:00, Sys 0 00:00:00  -  Run Local Usage
		Usr 0 00:02:46, Sys 0 00:00:13  -  Total Remote Usage
		Usr 0 00:00:00, Sys 0 00:00:00  -  Total Local Usage
	109315  -  Run Bytes Sent By Job
	690282624  -  Run Bytes Received By Job
	109315  -  Total Bytes Sent By Job
	690282624  -  Total Bytes Received By Job
	Partitionable Resources :      Usage  Request Allocated 
	   Cpus                 :       0.93        2         2 
	   Disk (KB)            : 2774561      750000    751616 
	   GPUs                 :                             0 
	   Memory (MB)          :    2149       16000     16000 
	   TimeExecute (s)      :     194                       
	   TimeSlotBusy (s)     :     202                       

	Job terminated of its own accord at 2025-07-18T02:59:04Z with exit-code 0.
...
000 (1256790.000.000) 2025-07-18 16:31:04 Job submitted from host: <172.30.1.200:9618?addrs=172.30.1.200-9618&alias=tamsa2&noUDP&sock=schedd_2531_a24a>
...
040 (1256790.000.000) 2025-07-18 16:31:09 Started transferring input files
	Transferring to host: <172.30.1.213:9618?addrs=172.30.1.213-9618&alias=node-w13.localdomain&noUDP&sock=slot1_4_4972_f943_103713>
...
040 (1256790.000.000) 2025-07-18 16:31:15 Finished transferring input files
...
001 (1256790.000.000) 2025-07-18 16:31:15 Job executing on host: <172.30.1.213:9618?addrs=172.30.1.213-9618&alias=node-w13.localdomain&noUDP&sock=startd_4938_a2c0>
	SlotName: slot1_4@node-w13.localdomain
	CondorScratchDir = "/var/lib/condor/execute/dir_1485586"
	Cpus = 2
	Disk = 751616
	GPUs = 0
	Memory = 16000
...
006 (1256790.000.000) 2025-07-18 16:31:29 Image size of job updated: 1048032
	1024  -  MemoryUsage of job (MB)
	1048032  -  ResidentSetSize of job (KB)
...
006 (1256790.000.000) 2025-07-18 16:34:34 Image size of job updated: 3001972
	2149  -  MemoryUsage of job (MB)
	2200004  -  ResidentSetSize of job (KB)
...
040 (1256790.000.000) 2025-07-18 16:34:35 Started transferring output files
...
040 (1256790.000.000) 2025-07-18 16:34:39 Finished transferring output files
...
005 (1256790.000.000) 2025-07-18 16:34:39 Job terminated.
	(1) Normal termination (return value 0)
		Usr 0 00:02:50, Sys 0 00:00:14  -  Run Remote Usage
		Usr 0 00:00:00, Sys 0 00:00:00  -  Run Local Usage
		Usr 0 00:02:50, Sys 0 00:00:14  -  Total Remote Usage
		Usr 0 00:00:00, Sys 0 00:00:00  -  Total Local Usage
	109315  -  Run Bytes Sent By Job
	690282688  -  Run Bytes Received By Job
	109315  -  Total Bytes Sent By Job
	690282688  -  Total Bytes Received By Job
	Partitionable Resources :    Usage  Request Allocated 
	   Cpus                 :        0        2         2 
	   Disk (KB)            :  2774561   750000    751616 
	   GPUs                 :                           0 
	   Memory (MB)          :     2149    16000     16000 
	   TimeExecute (s)      :      199                    
	   TimeSlotBusy (s)     :      210                    

	Job terminated of its own accord at 2025-07-18T07:34:34Z with exit-code 0.
...
000 (1256948.000.000) 2025-07-18 18:02:20 Job submitted from host: <172.30.1.200:9618?addrs=172.30.1.200-9618&alias=tamsa2&noUDP&sock=schedd_2531_a24a>
...
040 (1256948.000.000) 2025-07-18 18:02:30 Started transferring input files
	Transferring to host: <172.30.1.216:9618?addrs=172.30.1.216-9618&alias=node-w16.localdomain&noUDP&sock=slot1_21_5179_d2ec_99541>
...
040 (1256948.000.000) 2025-07-18 18:02:33 Finished transferring input files
...
001 (1256948.000.000) 2025-07-18 18:02:33 Job executing on host: <172.30.1.216:9618?addrs=172.30.1.216-9618&alias=node-w16.localdomain&noUDP&sock=startd_5145_9edb>
	SlotName: slot1_21@node-w16.localdomain
	CondorScratchDir = "/var/lib/condor/execute/dir_209480"
	Cpus = 2
	Disk = 751616
	GPUs = 0
	Memory = 16000
...
006 (1256948.000.000) 2025-07-18 18:02:47 Image size of job updated: 1022220
	999  -  MemoryUsage of job (MB)
	1022220  -  ResidentSetSize of job (KB)
...
006 (1256948.000.000) 2025-07-18 18:02:57 Image size of job updated: 2199792
	2149  -  MemoryUsage of job (MB)
	2199792  -  ResidentSetSize of job (KB)
...
040 (1256948.000.000) 2025-07-18 18:02:58 Started transferring output files
...
040 (1256948.000.000) 2025-07-18 18:02:58 Finished transferring output files
...
005 (1256948.000.000) 2025-07-18 18:02:58 Job terminated.
	(1) Normal termination (return value 0)
		Usr 0 00:00:18, Sys 0 00:00:04  -  Run Remote Usage
		Usr 0 00:00:00, Sys 0 00:00:00  -  Run Local Usage
		Usr 0 00:00:18, Sys 0 00:00:04  -  Total Remote Usage
		Usr 0 00:00:00, Sys 0 00:00:00  -  Total Local Usage
	279  -  Run Bytes Sent By Job
	690285248  -  Run Bytes Received By Job
	279  -  Total Bytes Sent By Job
	690285248  -  Total Bytes Received By Job
	Partitionable Resources :    Usage  Request Allocated 
	   Cpus                 :                 2         2 
	   Disk (KB)            :  2774351   750000    751616 
	   GPUs                 :                           0 
	   Memory (MB)          :     2149    16000     16000 
	   TimeExecute (s)      :       24                    
	   TimeSlotBusy (s)     :       32                    

	Job terminated of its own accord at 2025-07-18T09:02:57Z with exit-code 0.
...
000 (1257151.000.000) 2025-07-18 18:27:20 Job submitted from host: <172.30.1.200:9618?addrs=172.30.1.200-9618&alias=tamsa2&noUDP&sock=schedd_2531_a24a>
...
040 (1257151.000.000) 2025-07-18 18:27:40 Started transferring input files
	Transferring to host: <172.30.1.213:9618?addrs=172.30.1.213-9618&alias=node-w13.localdomain&noUDP&sock=slot1_7_4972_f943_104163>
...
040 (1257151.000.000) 2025-07-18 18:27:46 Finished transferring input files
...
001 (1257151.000.000) 2025-07-18 18:27:46 Job executing on host: <172.30.1.213:9618?addrs=172.30.1.213-9618&alias=node-w13.localdomain&noUDP&sock=startd_4938_a2c0>
	SlotName: slot1_7@node-w13.localdomain
	CondorScratchDir = "/var/lib/condor/execute/dir_1558934"
	Cpus = 2
	Disk = 751616
	GPUs = 0
	Memory = 16000
...
006 (1257151.000.000) 2025-07-18 18:28:00 Image size of job updated: 1063844
	1039  -  MemoryUsage of job (MB)
	1063844  -  ResidentSetSize of job (KB)
...
006 (1257151.000.000) 2025-07-18 18:30:59 Image size of job updated: 2914156
	2149  -  MemoryUsage of job (MB)
	2200036  -  ResidentSetSize of job (KB)
...
040 (1257151.000.000) 2025-07-18 18:31:00 Started transferring output files
...
040 (1257151.000.000) 2025-07-18 18:31:00 Finished transferring output files
...
005 (1257151.000.000) 2025-07-18 18:31:00 Job terminated.
	(1) Normal termination (return value 0)
		Usr 0 00:02:45, Sys 0 00:00:14  -  Run Remote Usage
		Usr 0 00:00:00, Sys 0 00:00:00  -  Run Local Usage
		Usr 0 00:02:45, Sys 0 00:00:14  -  Total Remote Usage
		Usr 0 00:00:00, Sys 0 00:00:00  -  Total Local Usage
	111794  -  Run Bytes Sent By Job
	690285504  -  Run Bytes Received By Job
	111794  -  Total Bytes Sent By Job
	690285504  -  Total Bytes Received By Job
	Partitionable Resources :      Usage  Request Allocated 
	   Cpus                 :       0.98        2         2 
	   Disk (KB)            : 2774567      750000    751616 
	   GPUs                 :                             0 
	   Memory (MB)          :    2149       16000     16000 
	   TimeExecute (s)      :     193                       
	   TimeSlotBusy (s)     :     201                       

	Job terminated of its own accord at 2025-07-18T09:30:59Z with exit-code 0.
...
000 (1257345.000.000) 2025-07-18 19:07:09 Job submitted from host: <172.30.1.200:9618?addrs=172.30.1.200-9618&alias=tamsa2&noUDP&sock=schedd_2531_a24a>
...
040 (1257345.000.000) 2025-07-18 19:07:15 Started transferring input files
	Transferring to host: <172.30.1.215:9618?addrs=172.30.1.215-9618&alias=node-w15.localdomain&noUDP&sock=slot1_2_5185_0d2c_112526>
...
040 (1257345.000.000) 2025-07-18 19:07:23 Finished transferring input files
...
001 (1257345.000.000) 2025-07-18 19:07:23 Job executing on host: <172.30.1.215:9618?addrs=172.30.1.215-9618&alias=node-w15.localdomain&noUDP&sock=startd_5151_bc6c>
	SlotName: slot1_2@node-w15.localdomain
	CondorScratchDir = "/var/lib/condor/execute/dir_2085546"
	Cpus = 2
	Disk = 751616
	GPUs = 0
	Memory = 16000
...
006 (1257345.000.000) 2025-07-18 19:07:36 Image size of job updated: 699580
	684  -  MemoryUsage of job (MB)
	699580  -  ResidentSetSize of job (KB)
...
006 (1257345.000.000) 2025-07-18 19:10:55 Image size of job updated: 2926252
	2149  -  MemoryUsage of job (MB)
	2199796  -  ResidentSetSize of job (KB)
...
004 (1257345.000.000) 2025-07-18 19:10:55 Job was evicted.
	(0) CPU times
		Usr 0 00:03:08, Sys 0 00:00:10  -  Run Remote Usage
		Usr 0 00:00:00, Sys 0 00:00:00  -  Run Local Usage
	0  -  Run Bytes Sent By Job
	690286400  -  Run Bytes Received By Job
	Partitionable Resources :      Usage  Request Allocated 
	   Cpus                 :       0.96        2         2 
	   Disk (KB)            : 2774365      750000    751616 
	   GPUs                 :                             0 
	   Memory (MB)          :    2149       16000     16000 
	   TimeExecute (s)      :     210                       
	   TimeSlotBusy (s)     :     220                       
...
009 (1257345.000.000) 2025-07-18 19:10:55 Job was aborted.
	via condor_rm (by user achihwan)
...
000 (1257596.000.000) 2025-07-18 19:18:57 Job submitted from host: <172.30.1.200:9618?addrs=172.30.1.200-9618&alias=tamsa2&noUDP&sock=schedd_2531_a24a>
...
040 (1257596.000.000) 2025-07-18 19:19:03 Started transferring input files
	Transferring to host: <172.30.1.203:9618?addrs=172.30.1.203-9618&alias=node-w3.localdomain&noUDP&sock=slot1_10_4993_c524_83674>
...
040 (1257596.000.000) 2025-07-18 19:19:08 Finished transferring input files
...
001 (1257596.000.000) 2025-07-18 19:19:08 Job executing on host: <172.30.1.203:9618?addrs=172.30.1.203-9618&alias=node-w3.localdomain&noUDP&sock=startd_4959_0a3d>
	SlotName: slot1_10@node-w3.localdomain
	CondorScratchDir = "/var/lib/condor/execute/dir_2676171"
	Cpus = 2
	Disk = 751616
	GPUs = 0
	Memory = 16000
...
006 (1257596.000.000) 2025-07-18 19:19:22 Image size of job updated: 1141928
	1116  -  MemoryUsage of job (MB)
	1141928  -  ResidentSetSize of job (KB)
...
006 (1257596.000.000) 2025-07-18 19:21:55 Image size of job updated: 2948280
	2149  -  MemoryUsage of job (MB)
	2200056  -  ResidentSetSize of job (KB)
...
040 (1257596.000.000) 2025-07-18 19:21:55 Started transferring output files
...
040 (1257596.000.000) 2025-07-18 19:21:55 Finished transferring output files
...
005 (1257596.000.000) 2025-07-18 19:21:55 Job terminated.
	(1) Normal termination (return value 0)
		Usr 0 00:02:22, Sys 0 00:00:11  -  Run Remote Usage
		Usr 0 00:00:00, Sys 0 00:00:00  -  Run Local Usage
		Usr 0 00:02:22, Sys 0 00:00:11  -  Total Remote Usage
		Usr 0 00:00:00, Sys 0 00:00:00  -  Total Local Usage
	112504  -  Run Bytes Sent By Job
	690286400  -  Run Bytes Received By Job
	112504  -  Total Bytes Sent By Job
	690286400  -  Total Bytes Received By Job
	Partitionable Resources :    Usage  Request Allocated 
	   Cpus                 :        0        2         2 
	   Disk (KB)            :  2774568   750000    751616 
	   GPUs                 :                           0 
	   Memory (MB)          :     2149    16000     16000 
	   TimeExecute (s)      :      167                    
	   TimeSlotBusy (s)     :      172                    

	Job terminated of its own accord at 2025-07-18T10:21:55Z with exit-code 0.
...
000 (1257754.000.000) 2025-07-18 22:48:30 Job submitted from host: <172.30.1.200:9618?addrs=172.30.1.200-9618&alias=tamsa2&noUDP&sock=schedd_2531_a24a>
...
040 (1257754.000.000) 2025-07-18 22:48:50 Started transferring input files
	Transferring to host: <172.30.1.213:9618?addrs=172.30.1.213-9618&alias=node-w13.localdomain&noUDP&sock=slot1_8_4972_f943_104855>
...
040 (1257754.000.000) 2025-07-18 22:48:56 Finished transferring input files
...
001 (1257754.000.000) 2025-07-18 22:48:56 Job executing on host: <172.30.1.213:9618?addrs=172.30.1.213-9618&alias=node-w13.localdomain&noUDP&sock=startd_4938_a2c0>
	SlotName: slot1_8@node-w13.localdomain
	CondorScratchDir = "/var/lib/condor/execute/dir_1706617"
	Cpus = 2
	Disk = 751616
	GPUs = 0
	Memory = 16000
...
006 (1257754.000.000) 2025-07-18 22:49:09 Image size of job updated: 908176
	887  -  MemoryUsage of job (MB)
	908176  -  ResidentSetSize of job (KB)
...
006 (1257754.000.000) 2025-07-18 22:49:21 Image size of job updated: 2199796
	2149  -  MemoryUsage of job (MB)
	2199796  -  ResidentSetSize of job (KB)
...
040 (1257754.000.000) 2025-07-18 22:49:21 Started transferring output files
...
040 (1257754.000.000) 2025-07-18 22:49:21 Finished transferring output files
...
005 (1257754.000.000) 2025-07-18 22:49:21 Job terminated.
	(1) Normal termination (return value 0)
		Usr 0 00:00:19, Sys 0 00:00:04  -  Run Remote Usage
		Usr 0 00:00:00, Sys 0 00:00:00  -  Run Local Usage
		Usr 0 00:00:19, Sys 0 00:00:04  -  Total Remote Usage
		Usr 0 00:00:00, Sys 0 00:00:00  -  Total Local Usage
	5757  -  Run Bytes Sent By Job
	690285312  -  Run Bytes Received By Job
	5757  -  Total Bytes Sent By Job
	690285312  -  Total Bytes Received By Job
	Partitionable Resources :    Usage  Request Allocated 
	   Cpus                 :        0        2         2 
	   Disk (KB)            :  2774363   750000    751616 
	   GPUs                 :                           0 
	   Memory (MB)          :     2149    16000     16000 
	   TimeExecute (s)      :       25                    
	   TimeSlotBusy (s)     :       31                    

	Job terminated of its own accord at 2025-07-18T13:49:21Z with exit-code 0.
...
000 (1257800.000.000) 2025-07-18 23:06:48 Job submitted from host: <172.30.1.200:9618?addrs=172.30.1.200-9618&alias=tamsa2&noUDP&sock=schedd_2531_a24a>
...
040 (1257800.000.000) 2025-07-18 23:07:14 Started transferring input files
	Transferring to host: <172.30.1.216:9618?addrs=172.30.1.216-9618&alias=node-w16.localdomain&noUDP&sock=slot1_25_5179_d2ec_100109>
...
040 (1257800.000.000) 2025-07-18 23:07:20 Finished transferring input files
...
001 (1257800.000.000) 2025-07-18 23:07:20 Job executing on host: <172.30.1.216:9618?addrs=172.30.1.216-9618&alias=node-w16.localdomain&noUDP&sock=startd_5145_9edb>
	SlotName: slot1_25@node-w16.localdomain
	CondorScratchDir = "/var/lib/condor/execute/dir_473771"
	Cpus = 2
	Disk = 751616
	GPUs = 0
	Memory = 16000
...
006 (1257800.000.000) 2025-07-18 23:07:33 Image size of job updated: 895920
	875  -  MemoryUsage of job (MB)
	895920  -  ResidentSetSize of job (KB)
...
006 (1257800.000.000) 2025-07-18 23:07:50 Image size of job updated: 2347992
	2149  -  MemoryUsage of job (MB)
	2199796  -  ResidentSetSize of job (KB)
...
040 (1257800.000.000) 2025-07-18 23:07:51 Started transferring output files
...
040 (1257800.000.000) 2025-07-18 23:07:51 Finished transferring output files
...
005 (1257800.000.000) 2025-07-18 23:07:51 Job terminated.
	(1) Normal termination (return value 0)
		Usr 0 00:00:24, Sys 0 00:00:04  -  Run Remote Usage
		Usr 0 00:00:00, Sys 0 00:00:00  -  Run Local Usage
		Usr 0 00:00:24, Sys 0 00:00:04  -  Total Remote Usage
		Usr 0 00:00:00, Sys 0 00:00:00  -  Total Local Usage
	5708  -  Run Bytes Sent By Job
	690285312  -  Run Bytes Received By Job
	5708  -  Total Bytes Sent By Job
	690285312  -  Total Bytes Received By Job
	Partitionable Resources :    Usage  Request Allocated 
	   Cpus                 :        0        2         2 
	   Disk (KB)            :  2774363   750000    751616 
	   GPUs                 :                           0 
	   Memory (MB)          :     2149    16000     16000 
	   TimeExecute (s)      :       30                    
	   TimeSlotBusy (s)     :       43                    

	Job terminated of its own accord at 2025-07-18T14:07:50Z with exit-code 0.
...
000 (1257863.000.000) 2025-07-18 23:28:57 Job submitted from host: <172.30.1.200:9618?addrs=172.30.1.200-9618&alias=tamsa2&noUDP&sock=schedd_2531_a24a>
...
040 (1257863.000.000) 2025-07-18 23:29:06 Started transferring input files
	Transferring to host: <172.30.1.213:9618?addrs=172.30.1.213-9618&alias=node-w13.localdomain&noUDP&sock=slot1_18_4972_f943_104900>
...
040 (1257863.000.000) 2025-07-18 23:29:11 Finished transferring input files
...
001 (1257863.000.000) 2025-07-18 23:29:11 Job executing on host: <172.30.1.213:9618?addrs=172.30.1.213-9618&alias=node-w13.localdomain&noUDP&sock=startd_4938_a2c0>
	SlotName: slot1_18@node-w13.localdomain
	CondorScratchDir = "/var/lib/condor/execute/dir_1708137"
	Cpus = 2
	Disk = 751616
	GPUs = 0
	Memory = 16000
...
006 (1257863.000.000) 2025-07-18 23:29:24 Image size of job updated: 909168
	888  -  MemoryUsage of job (MB)
	909168  -  ResidentSetSize of job (KB)
...
006 (1257863.000.000) 2025-07-18 23:31:53 Image size of job updated: 2630512
	2149  -  MemoryUsage of job (MB)
	2200060  -  ResidentSetSize of job (KB)
...
040 (1257863.000.000) 2025-07-18 23:31:53 Started transferring output files
...
040 (1257863.000.000) 2025-07-18 23:31:53 Finished transferring output files
...
005 (1257863.000.000) 2025-07-18 23:31:53 Job terminated.
	(1) Normal termination (return value 0)
		Usr 0 00:02:25, Sys 0 00:00:07  -  Run Remote Usage
		Usr 0 00:00:00, Sys 0 00:00:00  -  Run Local Usage
		Usr 0 00:02:25, Sys 0 00:00:07  -  Total Remote Usage
		Usr 0 00:00:00, Sys 0 00:00:00  -  Total Local Usage
	112504  -  Run Bytes Sent By Job
	690285248  -  Run Bytes Received By Job
	112504  -  Total Bytes Sent By Job
	690285248  -  Total Bytes Received By Job
	Partitionable Resources :      Usage  Request Allocated 
	   Cpus                 :       0.92        2         2 
	   Disk (KB)            : 2774567      750000    751616 
	   GPUs                 :                             0 
	   Memory (MB)          :    2149       16000     16000 
	   TimeExecute (s)      :     162                       
	   TimeSlotBusy (s)     :     170                       

	Job terminated of its own accord at 2025-07-18T14:31:53Z with exit-code 0.
...
000 (1268638.000.000) 2025-07-21 20:24:02 Job submitted from host: <172.30.1.200:9618?addrs=172.30.1.200-9618&alias=tamsa2&noUDP&sock=schedd_2531_a24a>
...
040 (1268638.000.000) 2025-07-21 20:24:23 Started transferring input files
	Transferring to host: <172.30.1.202:9618?addrs=172.30.1.202-9618&alias=node-w2.localdomain&noUDP&sock=slot1_10_4999_ff64_73969>
...
040 (1268638.000.000) 2025-07-21 20:24:28 Finished transferring input files
...
001 (1268638.000.000) 2025-07-21 20:24:28 Job executing on host: <172.30.1.202:9618?addrs=172.30.1.202-9618&alias=node-w2.localdomain&noUDP&sock=startd_4964_7836>
	SlotName: slot1_10@node-w2.localdomain
	CondorScratchDir = "/var/lib/condor/execute/dir_403180"
	Cpus = 2
	Disk = 751616
	GPUs = 0
	Memory = 16000
...
006 (1268638.000.000) 2025-07-21 20:24:42 Image size of job updated: 1141416
	1115  -  MemoryUsage of job (MB)
	1141416  -  ResidentSetSize of job (KB)
...
006 (1268638.000.000) 2025-07-21 20:27:28 Image size of job updated: 2645744
	2149  -  MemoryUsage of job (MB)
	2200056  -  ResidentSetSize of job (KB)
...
040 (1268638.000.000) 2025-07-21 20:27:28 Started transferring output files
...
040 (1268638.000.000) 2025-07-21 20:27:28 Finished transferring output files
...
005 (1268638.000.000) 2025-07-21 20:27:28 Job terminated.
	(1) Normal termination (return value 0)
		Usr 0 00:02:04, Sys 0 00:00:05  -  Run Remote Usage
		Usr 0 00:00:00, Sys 0 00:00:00  -  Run Local Usage
		Usr 0 00:02:04, Sys 0 00:00:05  -  Total Remote Usage
		Usr 0 00:00:00, Sys 0 00:00:00  -  Total Local Usage
	112497  -  Run Bytes Sent By Job
	690285248  -  Run Bytes Received By Job
	112497  -  Total Bytes Sent By Job
	690285248  -  Total Bytes Received By Job
	Partitionable Resources :    Usage  Request Allocated 
	   Cpus                 :        0        2         2 
	   Disk (KB)            :  2774567   750000    751616 
	   GPUs                 :                           0 
	   Memory (MB)          :     2149    16000     16000 
	   TimeExecute (s)      :      180                    
	   TimeSlotBusy (s)     :      187                    

	Job terminated of its own accord at 2025-07-21T11:27:28Z with exit-code 0.
...
000 (1268693.000.000) 2025-07-21 20:32:19 Job submitted from host: <172.30.1.200:9618?addrs=172.30.1.200-9618&alias=tamsa2&noUDP&sock=schedd_2531_a24a>
...
040 (1268693.000.000) 2025-07-21 20:32:41 Started transferring input files
	Transferring to host: <172.30.1.217:9618?addrs=172.30.1.217-9618&alias=node-w17.localdomain&noUDP&sock=slot1_10_6391_c99d_142482>
...
040 (1268693.000.000) 2025-07-21 20:32:48 Finished transferring input files
...
001 (1268693.000.000) 2025-07-21 20:32:48 Job executing on host: <172.30.1.217:9618?addrs=172.30.1.217-9618&alias=node-w17.localdomain&noUDP&sock=startd_6357_f3a4>
	SlotName: slot1_10@node-w17.localdomain
	CondorScratchDir = "/var/lib/condor/execute/dir_819945"
	Cpus = 2
	Disk = 751616
	GPUs = 0
	Memory = 16000
...
006 (1268693.000.000) 2025-07-21 20:33:01 Image size of job updated: 977764
	955  -  MemoryUsage of job (MB)
	977764  -  ResidentSetSize of job (KB)
...
006 (1268693.000.000) 2025-07-21 20:36:07 Image size of job updated: 2692548
	2149  -  MemoryUsage of job (MB)
	2200056  -  ResidentSetSize of job (KB)
...
040 (1268693.000.000) 2025-07-21 20:36:07 Started transferring output files
...
040 (1268693.000.000) 2025-07-21 20:36:07 Finished transferring output files
...
005 (1268693.000.000) 2025-07-21 20:36:08 Job terminated.
	(1) Normal termination (return value 0)
		Usr 0 00:02:02, Sys 0 00:00:08  -  Run Remote Usage
		Usr 0 00:00:00, Sys 0 00:00:00  -  Run Local Usage
		Usr 0 00:02:02, Sys 0 00:00:08  -  Total Remote Usage
		Usr 0 00:00:00, Sys 0 00:00:00  -  Total Local Usage
	112865  -  Run Bytes Sent By Job
	690285504  -  Run Bytes Received By Job
	112865  -  Total Bytes Sent By Job
	690285504  -  Total Bytes Received By Job
	Partitionable Resources :      Usage  Request Allocated 
	   Cpus                 :       0.86        2         2 
	   Disk (KB)            : 2774568      750000    751616 
	   GPUs                 :                             0 
	   Memory (MB)          :    2149       16000     16000 
	   TimeExecute (s)      :     199                       
	   TimeSlotBusy (s)     :     207                       

	Job terminated of its own accord at 2025-07-21T11:36:07Z with exit-code 0.
...
