000 (1255883.000.000) 2025-07-18 11:44:04 Job submitted from host: <172.30.1.200:9618?addrs=172.30.1.200-9618&alias=tamsa2&noUDP&sock=schedd_2531_a24a>
...
040 (1255883.000.000) 2025-07-18 11:44:18 Started transferring input files
	Transferring to host: <172.30.1.213:9618?addrs=172.30.1.213-9618&alias=node-w13.localdomain&noUDP&sock=slot1_14_4972_f943_102299>
...
040 (1255883.000.000) 2025-07-18 11:44:25 Finished transferring input files
...
001 (1255883.000.000) 2025-07-18 11:44:25 Job executing on host: <172.30.1.213:9618?addrs=172.30.1.213-9618&alias=node-w13.localdomain&noUDP&sock=startd_4938_a2c0>
	SlotName: slot1_14@node-w13.localdomain
	CondorScratchDir = "/var/lib/condor/execute/dir_1219931"
	Cpus = 2
	Disk = 751616
	GPUs = 0
	Memory = 16000
...
006 (1255883.000.000) 2025-07-18 11:44:39 Image size of job updated: 738644
	722  -  MemoryUsage of job (MB)
	738644  -  ResidentSetSize of job (KB)
...
006 (1255883.000.000) 2025-07-18 11:49:39 Image size of job updated: 3176064
	3058  -  MemoryUsage of job (MB)
	3130744  -  ResidentSetSize of job (KB)
...
006 (1255883.000.000) 2025-07-18 11:51:13 Image size of job updated: 3542312
	3151  -  MemoryUsage of job (MB)
	3226292  -  ResidentSetSize of job (KB)
...
004 (1255883.000.000) 2025-07-18 11:51:13 Job was evicted.
	(0) CPU times
		Usr 0 00:05:16, Sys 0 00:01:01  -  Run Remote Usage
		Usr 0 00:00:00, Sys 0 00:00:00  -  Run Local Usage
	0  -  Run Bytes Sent By Job
	690286400  -  Run Bytes Received By Job
	Partitionable Resources :      Usage  Request Allocated 
	   Cpus                 :       0.96        2         2 
	   Disk (KB)            : 2774372      750000    751616 
	   GPUs                 :                             0 
	   Memory (MB)          :    3151       16000     16000 
	   TimeExecute (s)      :     407                       
	   TimeSlotBusy (s)     :     418                       
...
009 (1255883.000.000) 2025-07-18 11:51:13 Job was aborted.
	via condor_rm (by user achihwan)
...
000 (1255976.000.000) 2025-07-18 11:55:22 Job submitted from host: <172.30.1.200:9618?addrs=172.30.1.200-9618&alias=tamsa2&noUDP&sock=schedd_2531_a24a>
...
040 (1255976.000.000) 2025-07-18 11:55:42 Started transferring input files
	Transferring to host: <172.30.1.212:9618?addrs=172.30.1.212-9618&alias=node-w12.localdomain&noUDP&sock=slot1_20_4978_3384_99711>
...
040 (1255976.000.000) 2025-07-18 11:55:48 Finished transferring input files
...
001 (1255976.000.000) 2025-07-18 11:55:48 Job executing on host: <172.30.1.212:9618?addrs=172.30.1.212-9618&alias=node-w12.localdomain&noUDP&sock=startd_4944_c052>
	SlotName: slot1_20@node-w12.localdomain
	CondorScratchDir = "/var/lib/condor/execute/dir_2558675"
	Cpus = 2
	Disk = 751616
	GPUs = 0
	Memory = 16000
...
006 (1255976.000.000) 2025-07-18 11:56:03 Image size of job updated: 1028388
	1005  -  MemoryUsage of job (MB)
	1028388  -  ResidentSetSize of job (KB)
...
006 (1255976.000.000) 2025-07-18 12:01:03 Image size of job updated: 3248336
	3173  -  MemoryUsage of job (MB)
	3248336  -  ResidentSetSize of job (KB)
...
006 (1255976.000.000) 2025-07-18 12:04:09 Image size of job updated: 3393012
	3314  -  MemoryUsage of job (MB)
	3393012  -  ResidentSetSize of job (KB)
...
040 (1255976.000.000) 2025-07-18 12:04:09 Started transferring output files
...
040 (1255976.000.000) 2025-07-18 12:04:09 Finished transferring output files
...
005 (1255976.000.000) 2025-07-18 12:04:09 Job terminated.
	(1) Normal termination (return value 0)
		Usr 0 00:07:11, Sys 0 00:00:36  -  Run Remote Usage
		Usr 0 00:00:00, Sys 0 00:00:00  -  Run Local Usage
		Usr 0 00:07:11, Sys 0 00:00:36  -  Total Remote Usage
		Usr 0 00:00:00, Sys 0 00:00:00  -  Total Local Usage
	114941  -  Run Bytes Sent By Job
	690286848  -  Run Bytes Received By Job
	114941  -  Total Bytes Sent By Job
	690286848  -  Total Bytes Received By Job
	Partitionable Resources :      Usage  Request Allocated 
	   Cpus                 :       0.94        2         2 
	   Disk (KB)            : 2774569      750000    751616 
	   GPUs                 :                             0 
	   Memory (MB)          :    3314       16000     16000 
	   TimeExecute (s)      :     501                       
	   TimeSlotBusy (s)     :     507                       

	Job terminated of its own accord at 2025-07-18T03:04:09Z with exit-code 0.
...
000 (1256797.000.000) 2025-07-18 16:31:09 Job submitted from host: <172.30.1.200:9618?addrs=172.30.1.200-9618&alias=tamsa2&noUDP&sock=schedd_2531_a24a>
...
040 (1256797.000.000) 2025-07-18 16:31:29 Started transferring input files
	Transferring to host: <172.30.1.213:9618?addrs=172.30.1.213-9618&alias=node-w13.localdomain&noUDP&sock=slot1_15_4972_f943_103722>
...
040 (1256797.000.000) 2025-07-18 16:31:34 Finished transferring input files
...
001 (1256797.000.000) 2025-07-18 16:31:34 Job executing on host: <172.30.1.213:9618?addrs=172.30.1.213-9618&alias=node-w13.localdomain&noUDP&sock=startd_4938_a2c0>
	SlotName: slot1_15@node-w13.localdomain
	CondorScratchDir = "/var/lib/condor/execute/dir_1485666"
	Cpus = 2
	Disk = 751616
	GPUs = 0
	Memory = 16000
...
006 (1256797.000.000) 2025-07-18 16:31:47 Image size of job updated: 867372
	848  -  MemoryUsage of job (MB)
	867372  -  ResidentSetSize of job (KB)
...
006 (1256797.000.000) 2025-07-18 16:36:48 Image size of job updated: 3135388
	2743  -  MemoryUsage of job (MB)
	2808240  -  ResidentSetSize of job (KB)
...
006 (1256797.000.000) 2025-07-18 16:41:21 Image size of job updated: 3376092
	2743  -  MemoryUsage of job (MB)
	2808240  -  ResidentSetSize of job (KB)
...
040 (1256797.000.000) 2025-07-18 16:41:22 Started transferring output files
...
040 (1256797.000.000) 2025-07-18 16:41:22 Finished transferring output files
...
005 (1256797.000.000) 2025-07-18 16:41:22 Job terminated.
	(1) Normal termination (return value 0)
		Usr 0 00:07:27, Sys 0 00:01:50  -  Run Remote Usage
		Usr 0 00:00:00, Sys 0 00:00:00  -  Run Local Usage
		Usr 0 00:07:27, Sys 0 00:01:50  -  Total Remote Usage
		Usr 0 00:00:00, Sys 0 00:00:00  -  Total Local Usage
	115886  -  Run Bytes Sent By Job
	690286848  -  Run Bytes Received By Job
	115886  -  Total Bytes Sent By Job
	690286848  -  Total Bytes Received By Job
	Partitionable Resources :      Usage  Request Allocated 
	   Cpus                 :       0.99        2         2 
	   Disk (KB)            : 2774571      750000    751616 
	   GPUs                 :                             0 
	   Memory (MB)          :    2743       16000     16000 
	   TimeExecute (s)      :     587                       
	   TimeSlotBusy (s)     :     593                       

	Job terminated of its own accord at 2025-07-18T07:41:21Z with exit-code 0.
...
000 (1256955.000.000) 2025-07-18 18:02:20 Job submitted from host: <172.30.1.200:9618?addrs=172.30.1.200-9618&alias=tamsa2&noUDP&sock=schedd_2531_a24a>
...
040 (1256955.000.000) 2025-07-18 18:02:24 Started transferring input files
	Transferring to host: <172.30.1.213:9618?addrs=172.30.1.213-9618&alias=node-w13.localdomain&noUDP&sock=slot1_4_4972_f943_104001>
...
040 (1256955.000.000) 2025-07-18 18:02:30 Finished transferring input files
...
001 (1256955.000.000) 2025-07-18 18:02:30 Job executing on host: <172.30.1.213:9618?addrs=172.30.1.213-9618&alias=node-w13.localdomain&noUDP&sock=startd_4938_a2c0>
	SlotName: slot1_4@node-w13.localdomain
	CondorScratchDir = "/var/lib/condor/execute/dir_1533688"
	Cpus = 2
	Disk = 751616
	GPUs = 0
	Memory = 16000
...
006 (1256955.000.000) 2025-07-18 18:02:43 Image size of job updated: 927476
	906  -  MemoryUsage of job (MB)
	927476  -  ResidentSetSize of job (KB)
...
006 (1256955.000.000) 2025-07-18 18:02:54 Image size of job updated: 2199792
	2149  -  MemoryUsage of job (MB)
	2199792  -  ResidentSetSize of job (KB)
...
040 (1256955.000.000) 2025-07-18 18:02:54 Started transferring output files
...
040 (1256955.000.000) 2025-07-18 18:02:54 Finished transferring output files
...
005 (1256955.000.000) 2025-07-18 18:02:54 Job terminated.
	(1) Normal termination (return value 0)
		Usr 0 00:00:18, Sys 0 00:00:04  -  Run Remote Usage
		Usr 0 00:00:00, Sys 0 00:00:00  -  Run Local Usage
		Usr 0 00:00:18, Sys 0 00:00:04  -  Total Remote Usage
		Usr 0 00:00:00, Sys 0 00:00:00  -  Total Local Usage
	305  -  Run Bytes Sent By Job
	690289408  -  Run Bytes Received By Job
	305  -  Total Bytes Sent By Job
	690289408  -  Total Bytes Received By Job
	Partitionable Resources :    Usage  Request Allocated 
	   Cpus                 :        0        2         2 
	   Disk (KB)            :  2774362   750000    751616 
	   GPUs                 :                           0 
	   Memory (MB)          :     2149    16000     16000 
	   TimeExecute (s)      :       24                    
	   TimeSlotBusy (s)     :       30                    

	Job terminated of its own accord at 2025-07-18T09:02:54Z with exit-code 0.
...
000 (1257158.000.000) 2025-07-18 18:27:22 Job submitted from host: <172.30.1.200:9618?addrs=172.30.1.200-9618&alias=tamsa2&noUDP&sock=schedd_2531_a24a>
...
040 (1257158.000.000) 2025-07-18 18:27:46 Started transferring input files
	Transferring to host: <172.30.1.213:9618?addrs=172.30.1.213-9618&alias=node-w13.localdomain&noUDP&sock=slot1_23_4972_f943_104172>
...
040 (1257158.000.000) 2025-07-18 18:27:50 Finished transferring input files
...
001 (1257158.000.000) 2025-07-18 18:27:50 Job executing on host: <172.30.1.213:9618?addrs=172.30.1.213-9618&alias=node-w13.localdomain&noUDP&sock=startd_4938_a2c0>
	SlotName: slot1_23@node-w13.localdomain
	CondorScratchDir = "/var/lib/condor/execute/dir_1558954"
	Cpus = 2
	Disk = 751616
	GPUs = 0
	Memory = 16000
...
006 (1257158.000.000) 2025-07-18 18:28:03 Image size of job updated: 829580
	811  -  MemoryUsage of job (MB)
	829580  -  ResidentSetSize of job (KB)
...
006 (1257158.000.000) 2025-07-18 18:33:04 Image size of job updated: 3252740
	2779  -  MemoryUsage of job (MB)
	2844852  -  ResidentSetSize of job (KB)
...
006 (1257158.000.000) 2025-07-18 18:37:03 Image size of job updated: 3609900
	2779  -  MemoryUsage of job (MB)
	2844852  -  ResidentSetSize of job (KB)
...
040 (1257158.000.000) 2025-07-18 18:37:03 Started transferring output files
...
040 (1257158.000.000) 2025-07-18 18:37:03 Finished transferring output files
...
005 (1257158.000.000) 2025-07-18 18:37:03 Job terminated.
	(1) Normal termination (return value 0)
		Usr 0 00:06:53, Sys 0 00:01:43  -  Run Remote Usage
		Usr 0 00:00:00, Sys 0 00:00:00  -  Run Local Usage
		Usr 0 00:06:53, Sys 0 00:01:43  -  Total Remote Usage
		Usr 0 00:00:00, Sys 0 00:00:00  -  Total Local Usage
	118413  -  Run Bytes Sent By Job
	690289664  -  Run Bytes Received By Job
	118413  -  Total Bytes Sent By Job
	690289664  -  Total Bytes Received By Job
	Partitionable Resources :      Usage  Request Allocated 
	   Cpus                 :       0.95        2         2 
	   Disk (KB)            : 2774577      750000    751616 
	   GPUs                 :                             0 
	   Memory (MB)          :    2779       16000     16000 
	   TimeExecute (s)      :     553                       
	   TimeSlotBusy (s)     :     562                       

	Job terminated of its own accord at 2025-07-18T09:37:03Z with exit-code 0.
...
000 (1257352.000.000) 2025-07-18 19:07:09 Job submitted from host: <172.30.1.200:9618?addrs=172.30.1.200-9618&alias=tamsa2&noUDP&sock=schedd_2531_a24a>
...
040 (1257352.000.000) 2025-07-18 19:07:19 Started transferring input files
	Transferring to host: <172.30.1.215:9618?addrs=172.30.1.215-9618&alias=node-w15.localdomain&noUDP&sock=slot1_19_5185_0d2c_112533>
...
040 (1257352.000.000) 2025-07-18 19:07:24 Finished transferring input files
...
001 (1257352.000.000) 2025-07-18 19:07:24 Job executing on host: <172.30.1.215:9618?addrs=172.30.1.215-9618&alias=node-w15.localdomain&noUDP&sock=startd_5151_bc6c>
	SlotName: slot1_19@node-w15.localdomain
	CondorScratchDir = "/var/lib/condor/execute/dir_2085560"
	Cpus = 2
	Disk = 751616
	GPUs = 0
	Memory = 16000
...
006 (1257352.000.000) 2025-07-18 19:07:38 Image size of job updated: 822288
	804  -  MemoryUsage of job (MB)
	822288  -  ResidentSetSize of job (KB)
...
006 (1257352.000.000) 2025-07-18 19:10:54 Image size of job updated: 2993572
	2604  -  MemoryUsage of job (MB)
	2666268  -  ResidentSetSize of job (KB)
...
004 (1257352.000.000) 2025-07-18 19:10:54 Job was evicted.
	(0) CPU times
		Usr 0 00:03:06, Sys 0 00:00:13  -  Run Remote Usage
		Usr 0 00:00:00, Sys 0 00:00:00  -  Run Local Usage
	0  -  Run Bytes Sent By Job
	690290560  -  Run Bytes Received By Job
	Partitionable Resources :      Usage  Request Allocated 
	   Cpus                 :       0.97        2         2 
	   Disk (KB)            : 2774374      750000    751616 
	   GPUs                 :                             0 
	   Memory (MB)          :    2604       16000     16000 
	   TimeExecute (s)      :     209                       
	   TimeSlotBusy (s)     :     218                       
...
009 (1257352.000.000) 2025-07-18 19:10:54 Job was aborted.
	via condor_rm (by user achihwan)
...
000 (1257604.000.000) 2025-07-18 19:18:58 Job submitted from host: <172.30.1.200:9618?addrs=172.30.1.200-9618&alias=tamsa2&noUDP&sock=schedd_2531_a24a>
...
040 (1257604.000.000) 2025-07-18 19:19:02 Started transferring input files
	Transferring to host: <172.30.1.203:9618?addrs=172.30.1.203-9618&alias=node-w3.localdomain&noUDP&sock=slot1_5_4993_c524_83669>
...
040 (1257604.000.000) 2025-07-18 19:19:07 Finished transferring input files
...
001 (1257604.000.000) 2025-07-18 19:19:07 Job executing on host: <172.30.1.203:9618?addrs=172.30.1.203-9618&alias=node-w3.localdomain&noUDP&sock=startd_4959_0a3d>
	SlotName: slot1_5@node-w3.localdomain
	CondorScratchDir = "/var/lib/condor/execute/dir_2676161"
	Cpus = 2
	Disk = 751616
	GPUs = 0
	Memory = 16000
...
006 (1257604.000.000) 2025-07-18 19:19:21 Image size of job updated: 1014116
	991  -  MemoryUsage of job (MB)
	1014116  -  ResidentSetSize of job (KB)
...
006 (1257604.000.000) 2025-07-18 19:24:21 Image size of job updated: 3542864
	2818  -  MemoryUsage of job (MB)
	2885124  -  ResidentSetSize of job (KB)
...
040 (1257604.000.000) 2025-07-18 19:26:17 Started transferring output files
...
040 (1257604.000.000) 2025-07-18 19:26:17 Finished transferring output files
...
005 (1257604.000.000) 2025-07-18 19:26:17 Job terminated.
	(1) Normal termination (return value 0)
		Usr 0 00:06:02, Sys 0 00:00:21  -  Run Remote Usage
		Usr 0 00:00:00, Sys 0 00:00:00  -  Run Local Usage
		Usr 0 00:06:02, Sys 0 00:00:21  -  Total Remote Usage
		Usr 0 00:00:00, Sys 0 00:00:00  -  Total Local Usage
	119338  -  Run Bytes Sent By Job
	690290624  -  Run Bytes Received By Job
	119338  -  Total Bytes Sent By Job
	690290624  -  Total Bytes Received By Job
	Partitionable Resources :      Usage  Request Allocated 
	   Cpus                 :       0.94        2         2 
	   Disk (KB)            : 2774579      750000    751616 
	   GPUs                 :                             0 
	   Memory (MB)          :    2818       16000     16000 
	   TimeExecute (s)      :     430                       
	   TimeSlotBusy (s)     :     435                       

	Job terminated of its own accord at 2025-07-18T10:26:17Z with exit-code 0.
...
000 (1257761.000.000) 2025-07-18 22:48:30 Job submitted from host: <172.30.1.200:9618?addrs=172.30.1.200-9618&alias=tamsa2&noUDP&sock=schedd_2531_a24a>
...
040 (1257761.000.000) 2025-07-18 22:48:54 Started transferring input files
	Transferring to host: <172.30.1.213:9618?addrs=172.30.1.213-9618&alias=node-w13.localdomain&noUDP&sock=slot1_17_4972_f943_104862>
...
040 (1257761.000.000) 2025-07-18 22:48:59 Finished transferring input files
...
001 (1257761.000.000) 2025-07-18 22:48:59 Job executing on host: <172.30.1.213:9618?addrs=172.30.1.213-9618&alias=node-w13.localdomain&noUDP&sock=startd_4938_a2c0>
	SlotName: slot1_17@node-w13.localdomain
	CondorScratchDir = "/var/lib/condor/execute/dir_1706631"
	Cpus = 2
	Disk = 751616
	GPUs = 0
	Memory = 16000
...
006 (1257761.000.000) 2025-07-18 22:49:12 Image size of job updated: 900596
	880  -  MemoryUsage of job (MB)
	900596  -  ResidentSetSize of job (KB)
...
006 (1257761.000.000) 2025-07-18 22:49:23 Image size of job updated: 2199800
	2149  -  MemoryUsage of job (MB)
	2199800  -  ResidentSetSize of job (KB)
...
040 (1257761.000.000) 2025-07-18 22:49:23 Started transferring output files
...
040 (1257761.000.000) 2025-07-18 22:49:23 Finished transferring output files
...
005 (1257761.000.000) 2025-07-18 22:49:24 Job terminated.
	(1) Normal termination (return value 0)
		Usr 0 00:00:18, Sys 0 00:00:04  -  Run Remote Usage
		Usr 0 00:00:00, Sys 0 00:00:00  -  Run Local Usage
		Usr 0 00:00:18, Sys 0 00:00:04  -  Total Remote Usage
		Usr 0 00:00:00, Sys 0 00:00:00  -  Total Local Usage
	9628  -  Run Bytes Sent By Job
	690289472  -  Run Bytes Received By Job
	9628  -  Total Bytes Sent By Job
	690289472  -  Total Bytes Received By Job
	Partitionable Resources :    Usage  Request Allocated 
	   Cpus                 :                 2         2 
	   Disk (KB)            :  2774365   750000    751616 
	   GPUs                 :                           0 
	   Memory (MB)          :     2149    16000     16000 
	   TimeExecute (s)      :       24                    
	   TimeSlotBusy (s)     :       34                    

	Job terminated of its own accord at 2025-07-18T13:49:23Z with exit-code 0.
...
000 (1257807.000.000) 2025-07-18 23:06:49 Job submitted from host: <172.30.1.200:9618?addrs=172.30.1.200-9618&alias=tamsa2&noUDP&sock=schedd_2531_a24a>
...
040 (1257807.000.000) 2025-07-18 23:07:09 Started transferring input files
	Transferring to host: <172.30.1.213:9618?addrs=172.30.1.213-9618&alias=node-w13.localdomain&noUDP&sock=slot1_16_4972_f943_104880>
...
040 (1257807.000.000) 2025-07-18 23:07:19 Finished transferring input files
...
001 (1257807.000.000) 2025-07-18 23:07:19 Job executing on host: <172.30.1.213:9618?addrs=172.30.1.213-9618&alias=node-w13.localdomain&noUDP&sock=startd_4938_a2c0>
	SlotName: slot1_16@node-w13.localdomain
	CondorScratchDir = "/var/lib/condor/execute/dir_1707436"
	Cpus = 2
	Disk = 751616
	GPUs = 0
	Memory = 16000
...
006 (1257807.000.000) 2025-07-18 23:07:33 Image size of job updated: 1061960
	1038  -  MemoryUsage of job (MB)
	1061960  -  ResidentSetSize of job (KB)
...
006 (1257807.000.000) 2025-07-18 23:07:48 Image size of job updated: 2199800
	2149  -  MemoryUsage of job (MB)
	2199800  -  ResidentSetSize of job (KB)
...
040 (1257807.000.000) 2025-07-18 23:07:49 Started transferring output files
...
040 (1257807.000.000) 2025-07-18 23:07:49 Finished transferring output files
...
005 (1257807.000.000) 2025-07-18 23:07:49 Job terminated.
	(1) Normal termination (return value 0)
		Usr 0 00:00:23, Sys 0 00:00:05  -  Run Remote Usage
		Usr 0 00:00:00, Sys 0 00:00:00  -  Run Local Usage
		Usr 0 00:00:23, Sys 0 00:00:05  -  Total Remote Usage
		Usr 0 00:00:00, Sys 0 00:00:00  -  Total Local Usage
	9583  -  Run Bytes Sent By Job
	690289472  -  Run Bytes Received By Job
	9583  -  Total Bytes Sent By Job
	690289472  -  Total Bytes Received By Job
	Partitionable Resources :    Usage  Request Allocated 
	   Cpus                 :        0        2         2 
	   Disk (KB)            :  2774371   750000    751616 
	   GPUs                 :                           0 
	   Memory (MB)          :     2149    16000     16000 
	   TimeExecute (s)      :       29                    
	   TimeSlotBusy (s)     :       40                    

	Job terminated of its own accord at 2025-07-18T14:07:48Z with exit-code 0.
...
000 (1257870.000.000) 2025-07-18 23:28:58 Job submitted from host: <172.30.1.200:9618?addrs=172.30.1.200-9618&alias=tamsa2&noUDP&sock=schedd_2531_a24a>
...
040 (1257870.000.000) 2025-07-18 23:29:02 Started transferring input files
	Transferring to host: <172.30.1.213:9618?addrs=172.30.1.213-9618&alias=node-w13.localdomain&noUDP&sock=slot1_8_4972_f943_104893>
...
040 (1257870.000.000) 2025-07-18 23:29:06 Finished transferring input files
...
001 (1257870.000.000) 2025-07-18 23:29:06 Job executing on host: <172.30.1.213:9618?addrs=172.30.1.213-9618&alias=node-w13.localdomain&noUDP&sock=startd_4938_a2c0>
	SlotName: slot1_8@node-w13.localdomain
	CondorScratchDir = "/var/lib/condor/execute/dir_1708123"
	Cpus = 2
	Disk = 751616
	GPUs = 0
	Memory = 16000
...
006 (1257870.000.000) 2025-07-18 23:29:21 Image size of job updated: 1037956
	1014  -  MemoryUsage of job (MB)
	1037956  -  ResidentSetSize of job (KB)
...
006 (1257870.000.000) 2025-07-18 23:34:21 Image size of job updated: 3063024
	2530  -  MemoryUsage of job (MB)
	2590324  -  ResidentSetSize of job (KB)
...
040 (1257870.000.000) 2025-07-18 23:35:53 Started transferring output files
...
040 (1257870.000.000) 2025-07-18 23:35:53 Finished transferring output files
...
005 (1257870.000.000) 2025-07-18 23:35:53 Job terminated.
	(1) Normal termination (return value 0)
		Usr 0 00:05:47, Sys 0 00:00:26  -  Run Remote Usage
		Usr 0 00:00:00, Sys 0 00:00:00  -  Run Local Usage
		Usr 0 00:05:47, Sys 0 00:00:26  -  Total Remote Usage
		Usr 0 00:00:00, Sys 0 00:00:00  -  Total Local Usage
	119338  -  Run Bytes Sent By Job
	690289408  -  Run Bytes Received By Job
	119338  -  Total Bytes Sent By Job
	690289408  -  Total Bytes Received By Job
	Partitionable Resources :      Usage  Request Allocated 
	   Cpus                 :       0.83        2         2 
	   Disk (KB)            : 2774578      750000    751616 
	   GPUs                 :                             0 
	   Memory (MB)          :    2530       16000     16000 
	   TimeExecute (s)      :     407                       
	   TimeSlotBusy (s)     :     411                       

	Job terminated of its own accord at 2025-07-18T14:35:53Z with exit-code 0.
...
000 (1268645.000.000) 2025-07-21 20:24:03 Job submitted from host: <172.30.1.200:9618?addrs=172.30.1.200-9618&alias=tamsa2&noUDP&sock=schedd_2531_a24a>
...
040 (1268645.000.000) 2025-07-21 20:24:23 Started transferring input files
	Transferring to host: <172.30.1.202:9618?addrs=172.30.1.202-9618&alias=node-w2.localdomain&noUDP&sock=slot1_17_4999_ff64_73972>
...
040 (1268645.000.000) 2025-07-21 20:24:28 Finished transferring input files
...
001 (1268645.000.000) 2025-07-21 20:24:28 Job executing on host: <172.30.1.202:9618?addrs=172.30.1.202-9618&alias=node-w2.localdomain&noUDP&sock=startd_4964_7836>
	SlotName: slot1_17@node-w2.localdomain
	CondorScratchDir = "/var/lib/condor/execute/dir_403187"
	Cpus = 2
	Disk = 751616
	GPUs = 0
	Memory = 16000
...
006 (1268645.000.000) 2025-07-21 20:24:41 Image size of job updated: 1015748
	992  -  MemoryUsage of job (MB)
	1015748  -  ResidentSetSize of job (KB)
...
006 (1268645.000.000) 2025-07-21 20:29:41 Image size of job updated: 2800132
	2569  -  MemoryUsage of job (MB)
	2630524  -  ResidentSetSize of job (KB)
...
040 (1268645.000.000) 2025-07-21 20:31:30 Started transferring output files
...
040 (1268645.000.000) 2025-07-21 20:31:30 Finished transferring output files
...
005 (1268645.000.000) 2025-07-21 20:31:30 Job terminated.
	(1) Normal termination (return value 0)
		Usr 0 00:05:02, Sys 0 00:00:10  -  Run Remote Usage
		Usr 0 00:00:00, Sys 0 00:00:00  -  Run Local Usage
		Usr 0 00:05:02, Sys 0 00:00:10  -  Total Remote Usage
		Usr 0 00:00:00, Sys 0 00:00:00  -  Total Local Usage
	119331  -  Run Bytes Sent By Job
	690289408  -  Run Bytes Received By Job
	119331  -  Total Bytes Sent By Job
	690289408  -  Total Bytes Received By Job
	Partitionable Resources :      Usage  Request Allocated 
	   Cpus                 :       0.82        2         2 
	   Disk (KB)            : 2774578      750000    751616 
	   GPUs                 :                             0 
	   Memory (MB)          :    2569       16000     16000 
	   TimeExecute (s)      :     422                       
	   TimeSlotBusy (s)     :     427                       

	Job terminated of its own accord at 2025-07-21T11:31:30Z with exit-code 0.
...
000 (1268700.000.000) 2025-07-21 20:32:20 Job submitted from host: <172.30.1.200:9618?addrs=172.30.1.200-9618&alias=tamsa2&noUDP&sock=schedd_2531_a24a>
...
040 (1268700.000.000) 2025-07-21 20:32:42 Started transferring input files
	Transferring to host: <172.30.1.217:9618?addrs=172.30.1.217-9618&alias=node-w17.localdomain&noUDP&sock=slot1_22_6391_c99d_142489>
...
040 (1268700.000.000) 2025-07-21 20:32:50 Finished transferring input files
...
001 (1268700.000.000) 2025-07-21 20:32:50 Job executing on host: <172.30.1.217:9618?addrs=172.30.1.217-9618&alias=node-w17.localdomain&noUDP&sock=startd_6357_f3a4>
	SlotName: slot1_22@node-w17.localdomain
	CondorScratchDir = "/var/lib/condor/execute/dir_819960"
	Cpus = 2
	Disk = 751616
	GPUs = 0
	Memory = 16000
...
006 (1268700.000.000) 2025-07-21 20:33:03 Image size of job updated: 970872
	949  -  MemoryUsage of job (MB)
	970872  -  ResidentSetSize of job (KB)
...
006 (1268700.000.000) 2025-07-21 20:38:04 Image size of job updated: 2835568
	2611  -  MemoryUsage of job (MB)
	2673184  -  ResidentSetSize of job (KB)
...
040 (1268700.000.000) 2025-07-21 20:40:19 Started transferring output files
...
040 (1268700.000.000) 2025-07-21 20:40:19 Finished transferring output files
...
005 (1268700.000.000) 2025-07-21 20:40:19 Job terminated.
	(1) Normal termination (return value 0)
		Usr 0 00:05:06, Sys 0 00:00:21  -  Run Remote Usage
		Usr 0 00:00:00, Sys 0 00:00:00  -  Run Local Usage
		Usr 0 00:05:06, Sys 0 00:00:21  -  Total Remote Usage
		Usr 0 00:00:00, Sys 0 00:00:00  -  Total Local Usage
	119699  -  Run Bytes Sent By Job
	690289664  -  Run Bytes Received By Job
	119699  -  Total Bytes Sent By Job
	690289664  -  Total Bytes Received By Job
	Partitionable Resources :      Usage  Request Allocated 
	   Cpus                 :       0.77        2         2 
	   Disk (KB)            : 2774579      750000    751616 
	   GPUs                 :                             0 
	   Memory (MB)          :    2611       16000     16000 
	   TimeExecute (s)      :     449                       
	   TimeSlotBusy (s)     :     457                       

	Job terminated of its own accord at 2025-07-21T11:40:19Z with exit-code 0.
...
