000 (1253562.000.000) 2025-07-17 19:36:08 Job submitted from host: <172.30.1.200:9618?addrs=172.30.1.200-9618&alias=tamsa2&noUDP&sock=schedd_2531_a24a>
...
040 (1253562.000.000) 2025-07-17 19:36:23 Started transferring input files
	Transferring to host: <172.30.1.220:9618?addrs=172.30.1.220-9618&alias=node-w20.localdomain&noUDP&sock=slot1_32_5233_df2e_135734>
...
040 (1253562.000.000) 2025-07-17 19:36:26 Finished transferring input files
...
001 (1253562.000.000) 2025-07-17 19:36:26 Job executing on host: <172.30.1.220:9618?addrs=172.30.1.220-9618&alias=node-w20.localdomain&noUDP&sock=startd_5199_a8f8>
	SlotName: slot1_32@node-w20.localdomain
	CondorScratchDir = "/var/lib/condor/execute/dir_3267028"
	Cpus = 2
	Disk = 751616
	GPUs = 0
	Memory = 16000
...
006 (1253562.000.000) 2025-07-17 19:36:39 Image size of job updated: 1014444
	991  -  MemoryUsage of job (MB)
	1014444  -  ResidentSetSize of job (KB)
...
006 (1253562.000.000) 2025-07-17 19:38:55 Image size of job updated: 2317264
	2149  -  MemoryUsage of job (MB)
	2200060  -  ResidentSetSize of job (KB)
...
040 (1253562.000.000) 2025-07-17 19:38:56 Started transferring output files
...
040 (1253562.000.000) 2025-07-17 19:38:56 Finished transferring output files
...
005 (1253562.000.000) 2025-07-17 19:38:56 Job terminated.
	(1) Normal termination (return value 0)
		Usr 0 00:02:14, Sys 0 00:00:07  -  Run Remote Usage
		Usr 0 00:00:00, Sys 0 00:00:00  -  Run Local Usage
		Usr 0 00:02:14, Sys 0 00:00:07  -  Total Remote Usage
		Usr 0 00:00:00, Sys 0 00:00:00  -  Total Local Usage
	143319  -  Run Bytes Sent By Job
	690294784  -  Run Bytes Received By Job
	143319  -  Total Bytes Sent By Job
	690294784  -  Total Bytes Received By Job
	Partitionable Resources :      Usage  Request Allocated 
	   Cpus                 :       0.95        2         2 
	   Disk (KB)            : 2774623      750000    751616 
	   GPUs                 :                             0 
	   Memory (MB)          :    2149       16000     16000 
	   TimeExecute (s)      :     149                       
	   TimeSlotBusy (s)     :     153                       

	Job terminated of its own accord at 2025-07-17T10:38:55Z with exit-code 0.
...
