000 (1269529.000.000) 2025-07-21 23:19:52 Job submitted from host: <172.30.1.200:9618?addrs=172.30.1.200-9618&alias=tamsa2&noUDP&sock=schedd_2531_a24a>
...
040 (1269529.000.000) 2025-07-21 23:20:09 Started transferring input files
	Transferring to host: <172.30.1.217:9618?addrs=172.30.1.217-9618&alias=node-w17.localdomain&noUDP&sock=slot1_19_6391_c99d_143374>
...
040 (1269529.000.000) 2025-07-21 23:20:16 Finished transferring input files
...
040 (1269529.000.000) 2025-07-21 23:20:17 Started transferring output files
...
021 (1269529.000.000) 2025-07-21 23:20:17 Error from starter on slot1_19@node-w17.localdomain:
	Failed to transfer files: SHADOW at 172.30.1.200 failed to send file(s) to <172.30.1.217:36651>: |Error: reading from file /data6/Users/achihwan/LRSM_tb_channel/SAMPLEPRODUCTION/using_matrix/condor/CR/DY/condorfile/scripts/run_QCD_HT400to600.py: (errno 2) No such file or directory; STARTER failed to receive file(s) from <172.30.1.200:9618>
	Code 13 Subcode 2
...
004 (1269529.000.000) 2025-07-21 23:20:17 Job was evicted.
	(0) CPU times
		Usr 0 00:00:00, Sys 0 00:00:00  -  Run Remote Usage
		Usr 0 00:00:00, Sys 0 00:00:00  -  Run Local Usage
	0  -  Run Bytes Sent By Job
	690271232  -  Run Bytes Received By Job
	Transfer input files failure at access point tamsa2 while sending files to execution point slot1_19@node-w17.localdomain. Details: reading from file /data6/Users/achihwan/LRSM_tb_channel/SAMPLEPRODUCTION/using_matrix/condor/CR/DY/condorfile/scripts/run_QCD_HT400to600.py: (errno 2) No such file or directory
	Partitionable Resources :    Usage  Request Allocated 
	   Cpus                 :        0        2         2 
	   Disk (KB)            :   674116   750000    751616 
	   GPUs                 :                           0 
	   Memory (MB)          :             16000     16000 
...
012 (1269529.000.000) 2025-07-21 23:20:17 Job was held.
	Transfer input files failure at access point tamsa2 while sending files to execution point slot1_19@node-w17.localdomain. Details: reading from file /data6/Users/achihwan/LRSM_tb_channel/SAMPLEPRODUCTION/using_matrix/condor/CR/DY/condorfile/scripts/run_QCD_HT400to600.py: (errno 2) No such file or directory
	Code 13 Subcode 2
...
009 (1269529.000.000) 2025-07-21 23:31:11 Job was aborted.
	via condor_rm (by user achihwan)
...
000 (1269576.000.000) 2025-07-21 23:33:21 Job submitted from host: <172.30.1.200:9618?addrs=172.30.1.200-9618&alias=tamsa2&noUDP&sock=schedd_2531_a24a>
...
040 (1269576.000.000) 2025-07-21 23:33:43 Started transferring input files
	Transferring to host: <172.30.1.220:9618?addrs=172.30.1.220-9618&alias=node-w20.localdomain&noUDP&sock=slot1_14_5233_df2e_155132>
...
040 (1269576.000.000) 2025-07-21 23:33:48 Finished transferring input files
...
001 (1269576.000.000) 2025-07-21 23:33:48 Job executing on host: <172.30.1.220:9618?addrs=172.30.1.220-9618&alias=node-w20.localdomain&noUDP&sock=startd_5199_a8f8>
	SlotName: slot1_14@node-w20.localdomain
	CondorScratchDir = "/var/lib/condor/execute/dir_3144214"
	Cpus = 2
	Disk = 751616
	GPUs = 0
	Memory = 16000
...
006 (1269576.000.000) 2025-07-21 23:34:01 Image size of job updated: 774968
	757  -  MemoryUsage of job (MB)
	774968  -  ResidentSetSize of job (KB)
...
006 (1269576.000.000) 2025-07-21 23:34:26 Image size of job updated: 2548304
	2149  -  MemoryUsage of job (MB)
	2199804  -  ResidentSetSize of job (KB)
...
040 (1269576.000.000) 2025-07-21 23:34:26 Started transferring output files
...
040 (1269576.000.000) 2025-07-21 23:34:26 Finished transferring output files
...
005 (1269576.000.000) 2025-07-21 23:34:26 Job terminated.
	(1) Normal termination (return value 0)
		Usr 0 00:00:29, Sys 0 00:00:04  -  Run Remote Usage
		Usr 0 00:00:00, Sys 0 00:00:00  -  Run Local Usage
		Usr 0 00:00:29, Sys 0 00:00:04  -  Total Remote Usage
		Usr 0 00:00:00, Sys 0 00:00:00  -  Total Local Usage
	14363  -  Run Bytes Sent By Job
	690288576  -  Run Bytes Received By Job
	14363  -  Total Bytes Sent By Job
	690288576  -  Total Bytes Received By Job
	Partitionable Resources :    Usage  Request Allocated 
	   Cpus                 :                 2         2 
	   Disk (KB)            :  2774368   750000    751616 
	   GPUs                 :                           0 
	   Memory (MB)          :     2149    16000     16000 
	   TimeExecute (s)      :       38                    
	   TimeSlotBusy (s)     :       46                    

	Job terminated of its own accord at 2025-07-21T14:34:26Z with exit-code 0.
...
000 (1269623.000.000) 2025-07-21 23:36:38 Job submitted from host: <172.30.1.200:9618?addrs=172.30.1.200-9618&alias=tamsa2&noUDP&sock=schedd_2531_a24a>
...
040 (1269623.000.000) 2025-07-21 23:36:57 Started transferring input files
	Transferring to host: <172.30.1.204:9618?addrs=172.30.1.204-9618&alias=node-w4.localdomain&noUDP&sock=slot1_4_4930_6182_75100>
...
040 (1269623.000.000) 2025-07-21 23:37:01 Finished transferring input files
...
001 (1269623.000.000) 2025-07-21 23:37:01 Job executing on host: <172.30.1.204:9618?addrs=172.30.1.204-9618&alias=node-w4.localdomain&noUDP&sock=startd_4896_d3c6>
	SlotName: slot1_4@node-w4.localdomain
	CondorScratchDir = "/var/lib/condor/execute/dir_3565341"
	Cpus = 2
	Disk = 751616
	GPUs = 0
	Memory = 16000
...
006 (1269623.000.000) 2025-07-21 23:37:14 Image size of job updated: 1011024
	988  -  MemoryUsage of job (MB)
	1011024  -  ResidentSetSize of job (KB)
...
006 (1269623.000.000) 2025-07-21 23:37:33 Image size of job updated: 2556160
	2149  -  MemoryUsage of job (MB)
	2199804  -  ResidentSetSize of job (KB)
...
040 (1269623.000.000) 2025-07-21 23:37:33 Started transferring output files
...
040 (1269623.000.000) 2025-07-21 23:37:33 Finished transferring output files
...
005 (1269623.000.000) 2025-07-21 23:37:34 Job terminated.
	(1) Normal termination (return value 0)
		Usr 0 00:00:25, Sys 0 00:00:03  -  Run Remote Usage
		Usr 0 00:00:00, Sys 0 00:00:00  -  Run Local Usage
		Usr 0 00:00:25, Sys 0 00:00:03  -  Total Remote Usage
		Usr 0 00:00:00, Sys 0 00:00:00  -  Total Local Usage
	14354  -  Run Bytes Sent By Job
	690288576  -  Run Bytes Received By Job
	14354  -  Total Bytes Sent By Job
	690288576  -  Total Bytes Received By Job
	Partitionable Resources :      Usage  Request Allocated 
	   Cpus                 :       0.13        2         2 
	   Disk (KB)            : 2774374      750000    751616 
	   GPUs                 :                             0 
	   Memory (MB)          :    2149       16000     16000 
	   TimeExecute (s)      :      32                       
	   TimeSlotBusy (s)     :      37                       

	Job terminated of its own accord at 2025-07-21T14:37:33Z with exit-code 0.
...
000 (1269669.000.000) 2025-07-21 23:43:38 Job submitted from host: <172.30.1.200:9618?addrs=172.30.1.200-9618&alias=tamsa2&noUDP&sock=schedd_2531_a24a>
...
040 (1269669.000.000) 2025-07-21 23:43:57 Started transferring input files
	Transferring to host: <172.30.1.217:9618?addrs=172.30.1.217-9618&alias=node-w17.localdomain&noUDP&sock=slot1_5_6391_c99d_143505>
...
040 (1269669.000.000) 2025-07-21 23:44:03 Finished transferring input files
...
001 (1269669.000.000) 2025-07-21 23:44:03 Job executing on host: <172.30.1.217:9618?addrs=172.30.1.217-9618&alias=node-w17.localdomain&noUDP&sock=startd_6357_f3a4>
	SlotName: slot1_5@node-w17.localdomain
	CondorScratchDir = "/var/lib/condor/execute/dir_1064466"
	Cpus = 2
	Disk = 751616
	GPUs = 0
	Memory = 16000
...
006 (1269669.000.000) 2025-07-21 23:44:16 Image size of job updated: 790392
	772  -  MemoryUsage of job (MB)
	790392  -  ResidentSetSize of job (KB)
...
006 (1269669.000.000) 2025-07-21 23:44:44 Image size of job updated: 2560508
	2149  -  MemoryUsage of job (MB)
	2199804  -  ResidentSetSize of job (KB)
...
040 (1269669.000.000) 2025-07-21 23:44:45 Started transferring output files
...
040 (1269669.000.000) 2025-07-21 23:44:45 Finished transferring output files
...
005 (1269669.000.000) 2025-07-21 23:44:45 Job terminated.
	(1) Normal termination (return value 0)
		Usr 0 00:00:34, Sys 0 00:00:04  -  Run Remote Usage
		Usr 0 00:00:00, Sys 0 00:00:00  -  Run Local Usage
		Usr 0 00:00:34, Sys 0 00:00:04  -  Total Remote Usage
		Usr 0 00:00:00, Sys 0 00:00:00  -  Total Local Usage
	14141  -  Run Bytes Sent By Job
	690288576  -  Run Bytes Received By Job
	14141  -  Total Bytes Sent By Job
	690288576  -  Total Bytes Received By Job
	Partitionable Resources :    Usage  Request Allocated 
	   Cpus                 :                 2         2 
	   Disk (KB)            :  2774368   750000    751616 
	   GPUs                 :                           0 
	   Memory (MB)          :     2149    16000     16000 
	   TimeExecute (s)      :       41                    
	   TimeSlotBusy (s)     :       48                    

	Job terminated of its own accord at 2025-07-21T14:44:44Z with exit-code 0.
...
000 (1269715.000.000) 2025-07-21 23:49:15 Job submitted from host: <172.30.1.200:9618?addrs=172.30.1.200-9618&alias=tamsa2&noUDP&sock=schedd_2531_a24a>
...
040 (1269715.000.000) 2025-07-21 23:49:16 Started transferring input files
	Transferring to host: <172.30.1.217:9618?addrs=172.30.1.217-9618&alias=node-w17.localdomain&noUDP&sock=slot1_1_6391_c99d_143513>
...
040 (1269715.000.000) 2025-07-21 23:49:19 Finished transferring input files
...
001 (1269715.000.000) 2025-07-21 23:49:19 Job executing on host: <172.30.1.217:9618?addrs=172.30.1.217-9618&alias=node-w17.localdomain&noUDP&sock=startd_6357_f3a4>
	SlotName: slot1_1@node-w17.localdomain
	CondorScratchDir = "/var/lib/condor/execute/dir_1064792"
	Cpus = 2
	Disk = 751616
	GPUs = 0
	Memory = 16000
...
006 (1269715.000.000) 2025-07-21 23:49:33 Image size of job updated: 888556
	868  -  MemoryUsage of job (MB)
	888556  -  ResidentSetSize of job (KB)
...
006 (1269715.000.000) 2025-07-21 23:54:34 Image size of job updated: 3340324
	2929  -  MemoryUsage of job (MB)
	2998700  -  ResidentSetSize of job (KB)
...
006 (1269715.000.000) 2025-07-21 23:59:34 Image size of job updated: 3971388
	2929  -  MemoryUsage of job (MB)
	2998700  -  ResidentSetSize of job (KB)
...
006 (1269715.000.000) 2025-07-22 00:04:34 Image size of job updated: 4225192
	2929  -  MemoryUsage of job (MB)
	2998700  -  ResidentSetSize of job (KB)
...
006 (1269715.000.000) 2025-07-22 00:09:34 Image size of job updated: 5132624
	2929  -  MemoryUsage of job (MB)
	2998700  -  ResidentSetSize of job (KB)
...
006 (1269715.000.000) 2025-07-22 00:19:34 Image size of job updated: 5132624
	3361  -  MemoryUsage of job (MB)
	3441656  -  ResidentSetSize of job (KB)
...
040 (1269715.000.000) 2025-07-22 00:28:29 Started transferring output files
...
040 (1269715.000.000) 2025-07-22 00:28:29 Finished transferring output files
...
005 (1269715.000.000) 2025-07-22 00:28:30 Job terminated.
	(1) Normal termination (return value 0)
		Usr 0 00:20:20, Sys 0 00:02:10  -  Run Remote Usage
		Usr 0 00:00:00, Sys 0 00:00:00  -  Run Local Usage
		Usr 0 00:20:20, Sys 0 00:02:10  -  Total Remote Usage
		Usr 0 00:00:00, Sys 0 00:00:00  -  Total Local Usage
	68749  -  Run Bytes Sent By Job
	690288576  -  Run Bytes Received By Job
	68749  -  Total Bytes Sent By Job
	690288576  -  Total Bytes Received By Job
	Partitionable Resources :      Usage  Request Allocated 
	   Cpus                 :       0.28        2         2 
	   Disk (KB)            : 2774472      750000    751616 
	   GPUs                 :                             0 
	   Memory (MB)          :    3361       16000     16000 
	   TimeExecute (s)      :    2350                       
	   TimeSlotBusy (s)     :    2354                       

	Job terminated of its own accord at 2025-07-21T15:28:29Z with exit-code 0.
...
