000 (1269527.000.000) 2025-07-21 23:19:52 Job submitted from host: <172.30.1.200:9618?addrs=172.30.1.200-9618&alias=tamsa2&noUDP&sock=schedd_2531_a24a>
...
040 (1269527.000.000) 2025-07-21 23:20:09 Started transferring input files
	Transferring to host: <172.30.1.217:9618?addrs=172.30.1.217-9618&alias=node-w17.localdomain&noUDP&sock=slot1_17_6391_c99d_143373>
...
040 (1269527.000.000) 2025-07-21 23:20:16 Finished transferring input files
...
040 (1269527.000.000) 2025-07-21 23:20:17 Started transferring output files
...
040 (1269527.000.000) 2025-07-21 23:20:17 Finished transferring output files
...
021 (1269527.000.000) 2025-07-21 23:20:17 Error from starter on slot1_17@node-w17.localdomain:
	Failed to transfer files: SHADOW at 172.30.1.200 failed to send file(s) to <172.30.1.217:43161>: |Error: reading from file /data6/Users/achihwan/LRSM_tb_channel/SAMPLEPRODUCTION/using_matrix/condor/CR/DY/condorfile/scripts/run_QCD_HT200to400.py: (errno 2) No such file or directory; STARTER failed to receive file(s) from <172.30.1.200:9618>
	Code 13 Subcode 2
...
004 (1269527.000.000) 2025-07-21 23:20:17 Job was evicted.
	(0) CPU times
		Usr 0 00:00:00, Sys 0 00:00:00  -  Run Remote Usage
		Usr 0 00:00:00, Sys 0 00:00:00  -  Run Local Usage
	0  -  Run Bytes Sent By Job
	690273216  -  Run Bytes Received By Job
	Transfer input files failure at access point tamsa2 while sending files to execution point slot1_17@node-w17.localdomain. Details: reading from file /data6/Users/achihwan/LRSM_tb_channel/SAMPLEPRODUCTION/using_matrix/condor/CR/DY/condorfile/scripts/run_QCD_HT200to400.py: (errno 2) No such file or directory
	Partitionable Resources :    Usage  Request Allocated 
	   Cpus                 :        0        2         2 
	   Disk (KB)            :   674118   750000    751616 
	   GPUs                 :                           0 
	   Memory (MB)          :             16000     16000 
...
012 (1269527.000.000) 2025-07-21 23:20:17 Job was held.
	Transfer input files failure at access point tamsa2 while sending files to execution point slot1_17@node-w17.localdomain. Details: reading from file /data6/Users/achihwan/LRSM_tb_channel/SAMPLEPRODUCTION/using_matrix/condor/CR/DY/condorfile/scripts/run_QCD_HT200to400.py: (errno 2) No such file or directory
	Code 13 Subcode 2
...
009 (1269527.000.000) 2025-07-21 23:31:11 Job was aborted.
	via condor_rm (by user achihwan)
...
000 (1269574.000.000) 2025-07-21 23:33:21 Job submitted from host: <172.30.1.200:9618?addrs=172.30.1.200-9618&alias=tamsa2&noUDP&sock=schedd_2531_a24a>
...
040 (1269574.000.000) 2025-07-21 23:33:41 Started transferring input files
	Transferring to host: <172.30.1.220:9618?addrs=172.30.1.220-9618&alias=node-w20.localdomain&noUDP&sock=slot1_8_5233_df2e_155130>
...
040 (1269574.000.000) 2025-07-21 23:33:46 Finished transferring input files
...
001 (1269574.000.000) 2025-07-21 23:33:46 Job executing on host: <172.30.1.220:9618?addrs=172.30.1.220-9618&alias=node-w20.localdomain&noUDP&sock=startd_5199_a8f8>
	SlotName: slot1_8@node-w20.localdomain
	CondorScratchDir = "/var/lib/condor/execute/dir_3144211"
	Cpus = 2
	Disk = 751616
	GPUs = 0
	Memory = 16000
...
006 (1269574.000.000) 2025-07-21 23:34:00 Image size of job updated: 1053904
	1030  -  MemoryUsage of job (MB)
	1053904  -  ResidentSetSize of job (KB)
...
006 (1269574.000.000) 2025-07-21 23:34:17 Image size of job updated: 2402232
	2149  -  MemoryUsage of job (MB)
	2199804  -  ResidentSetSize of job (KB)
...
040 (1269574.000.000) 2025-07-21 23:34:17 Started transferring output files
...
040 (1269574.000.000) 2025-07-21 23:34:17 Finished transferring output files
...
005 (1269574.000.000) 2025-07-21 23:34:18 Job terminated.
	(1) Normal termination (return value 0)
		Usr 0 00:00:23, Sys 0 00:00:05  -  Run Remote Usage
		Usr 0 00:00:00, Sys 0 00:00:00  -  Run Local Usage
		Usr 0 00:00:23, Sys 0 00:00:05  -  Total Remote Usage
		Usr 0 00:00:00, Sys 0 00:00:00  -  Total Local Usage
	16244  -  Run Bytes Sent By Job
	690290560  -  Run Bytes Received By Job
	16244  -  Total Bytes Sent By Job
	690290560  -  Total Bytes Received By Job
	Partitionable Resources :    Usage  Request Allocated 
	   Cpus                 :                 2         2 
	   Disk (KB)            :  2774372   750000    751616 
	   GPUs                 :                           0 
	   Memory (MB)          :     2149    16000     16000 
	   TimeExecute (s)      :       31                    
	   TimeSlotBusy (s)     :       38                    

	Job terminated of its own accord at 2025-07-21T14:34:17Z with exit-code 0.
...
000 (1269621.000.000) 2025-07-21 23:36:38 Job submitted from host: <172.30.1.200:9618?addrs=172.30.1.200-9618&alias=tamsa2&noUDP&sock=schedd_2531_a24a>
...
040 (1269621.000.000) 2025-07-21 23:36:57 Started transferring input files
	Transferring to host: <172.30.1.204:9618?addrs=172.30.1.204-9618&alias=node-w4.localdomain&noUDP&sock=slot1_1_4930_6182_75098>
...
040 (1269621.000.000) 2025-07-21 23:37:02 Finished transferring input files
...
001 (1269621.000.000) 2025-07-21 23:37:02 Job executing on host: <172.30.1.204:9618?addrs=172.30.1.204-9618&alias=node-w4.localdomain&noUDP&sock=startd_4896_d3c6>
	SlotName: slot1_1@node-w4.localdomain
	CondorScratchDir = "/var/lib/condor/execute/dir_3565339"
	Cpus = 2
	Disk = 751616
	GPUs = 0
	Memory = 16000
...
006 (1269621.000.000) 2025-07-21 23:37:16 Image size of job updated: 1144364
	1118  -  MemoryUsage of job (MB)
	1144364  -  ResidentSetSize of job (KB)
...
006 (1269621.000.000) 2025-07-21 23:37:30 Image size of job updated: 2343840
	2149  -  MemoryUsage of job (MB)
	2199804  -  ResidentSetSize of job (KB)
...
040 (1269621.000.000) 2025-07-21 23:37:30 Started transferring output files
...
040 (1269621.000.000) 2025-07-21 23:37:30 Finished transferring output files
...
005 (1269621.000.000) 2025-07-21 23:37:30 Job terminated.
	(1) Normal termination (return value 0)
		Usr 0 00:00:21, Sys 0 00:00:03  -  Run Remote Usage
		Usr 0 00:00:00, Sys 0 00:00:00  -  Run Local Usage
		Usr 0 00:00:21, Sys 0 00:00:03  -  Total Remote Usage
		Usr 0 00:00:00, Sys 0 00:00:00  -  Total Local Usage
	16235  -  Run Bytes Sent By Job
	690290560  -  Run Bytes Received By Job
	16235  -  Total Bytes Sent By Job
	690290560  -  Total Bytes Received By Job
	Partitionable Resources :    Usage  Request Allocated 
	   Cpus                 :        0        2         2 
	   Disk (KB)            :  2774378   750000    751616 
	   GPUs                 :                           0 
	   Memory (MB)          :     2149    16000     16000 
	   TimeExecute (s)      :       28                    
	   TimeSlotBusy (s)     :       33                    

	Job terminated of its own accord at 2025-07-21T14:37:30Z with exit-code 0.
...
000 (1269667.000.000) 2025-07-21 23:43:38 Job submitted from host: <172.30.1.200:9618?addrs=172.30.1.200-9618&alias=tamsa2&noUDP&sock=schedd_2531_a24a>
...
040 (1269667.000.000) 2025-07-21 23:43:57 Started transferring input files
	Transferring to host: <172.30.1.217:9618?addrs=172.30.1.217-9618&alias=node-w17.localdomain&noUDP&sock=slot1_2_6391_c99d_143503>
...
040 (1269667.000.000) 2025-07-21 23:44:03 Finished transferring input files
...
001 (1269667.000.000) 2025-07-21 23:44:03 Job executing on host: <172.30.1.217:9618?addrs=172.30.1.217-9618&alias=node-w17.localdomain&noUDP&sock=startd_6357_f3a4>
	SlotName: slot1_2@node-w17.localdomain
	CondorScratchDir = "/var/lib/condor/execute/dir_1064462"
	Cpus = 2
	Disk = 751616
	GPUs = 0
	Memory = 16000
...
006 (1269667.000.000) 2025-07-21 23:44:16 Image size of job updated: 795168
	777  -  MemoryUsage of job (MB)
	795168  -  ResidentSetSize of job (KB)
...
006 (1269667.000.000) 2025-07-21 23:44:37 Image size of job updated: 2340152
	2149  -  MemoryUsage of job (MB)
	2199804  -  ResidentSetSize of job (KB)
...
040 (1269667.000.000) 2025-07-21 23:44:37 Started transferring output files
...
040 (1269667.000.000) 2025-07-21 23:44:37 Finished transferring output files
...
005 (1269667.000.000) 2025-07-21 23:44:37 Job terminated.
	(1) Normal termination (return value 0)
		Usr 0 00:00:27, Sys 0 00:00:04  -  Run Remote Usage
		Usr 0 00:00:00, Sys 0 00:00:00  -  Run Local Usage
		Usr 0 00:00:27, Sys 0 00:00:04  -  Total Remote Usage
		Usr 0 00:00:00, Sys 0 00:00:00  -  Total Local Usage
	16022  -  Run Bytes Sent By Job
	690290560  -  Run Bytes Received By Job
	16022  -  Total Bytes Sent By Job
	690290560  -  Total Bytes Received By Job
	Partitionable Resources :    Usage  Request Allocated 
	   Cpus                 :                 2         2 
	   Disk (KB)            :  2774371   750000    751616 
	   GPUs                 :                           0 
	   Memory (MB)          :     2149    16000     16000 
	   TimeExecute (s)      :       34                    
	   TimeSlotBusy (s)     :       41                    

	Job terminated of its own accord at 2025-07-21T14:44:37Z with exit-code 0.
...
000 (1269713.000.000) 2025-07-21 23:49:15 Job submitted from host: <172.30.1.200:9618?addrs=172.30.1.200-9618&alias=tamsa2&noUDP&sock=schedd_2531_a24a>
...
040 (1269713.000.000) 2025-07-21 23:49:16 Started transferring input files
	Transferring to host: <172.30.1.212:9618?addrs=172.30.1.212-9618&alias=node-w12.localdomain&noUDP&sock=slot1_3_4978_3384_111186>
...
040 (1269713.000.000) 2025-07-21 23:49:26 Finished transferring input files
...
001 (1269713.000.000) 2025-07-21 23:49:26 Job executing on host: <172.30.1.212:9618?addrs=172.30.1.212-9618&alias=node-w12.localdomain&noUDP&sock=startd_4944_c052>
	SlotName: slot1_3@node-w12.localdomain
	CondorScratchDir = "/var/lib/condor/execute/dir_872551"
	Cpus = 2
	Disk = 751616
	GPUs = 0
	Memory = 16000
...
006 (1269713.000.000) 2025-07-21 23:49:39 Image size of job updated: 824588
	806  -  MemoryUsage of job (MB)
	824588  -  ResidentSetSize of job (KB)
...
006 (1269713.000.000) 2025-07-21 23:54:40 Image size of job updated: 3678432
	2679  -  MemoryUsage of job (MB)
	2742640  -  ResidentSetSize of job (KB)
...
006 (1269713.000.000) 2025-07-21 23:59:41 Image size of job updated: 3942964
	2679  -  MemoryUsage of job (MB)
	2742640  -  ResidentSetSize of job (KB)
...
006 (1269713.000.000) 2025-07-22 00:09:42 Image size of job updated: 4153464
	2688  -  MemoryUsage of job (MB)
	2752480  -  ResidentSetSize of job (KB)
...
006 (1269713.000.000) 2025-07-22 00:14:43 Image size of job updated: 4153464
	2734  -  MemoryUsage of job (MB)
	2798788  -  ResidentSetSize of job (KB)
...
040 (1269713.000.000) 2025-07-22 00:17:09 Started transferring output files
...
040 (1269713.000.000) 2025-07-22 00:17:09 Finished transferring output files
...
005 (1269713.000.000) 2025-07-22 00:17:09 Job terminated.
	(1) Normal termination (return value 0)
		Usr 0 00:17:14, Sys 0 00:01:35  -  Run Remote Usage
		Usr 0 00:00:00, Sys 0 00:00:00  -  Run Local Usage
		Usr 0 00:17:14, Sys 0 00:01:35  -  Total Remote Usage
		Usr 0 00:00:00, Sys 0 00:00:00  -  Total Local Usage
	72955  -  Run Bytes Sent By Job
	690290560  -  Run Bytes Received By Job
	72955  -  Total Bytes Sent By Job
	690290560  -  Total Bytes Received By Job
	Partitionable Resources :      Usage  Request Allocated 
	   Cpus                 :       0.98        2         2 
	   Disk (KB)            : 2774479      750000    751616 
	   GPUs                 :                             0 
	   Memory (MB)          :    2734       16000     16000 
	   TimeExecute (s)      :    1662                       
	   TimeSlotBusy (s)     :    1673                       

	Job terminated of its own accord at 2025-07-21T15:17:08Z with exit-code 0.
...
