000 (1269530.000.000) 2025-07-21 23:19:53 Job submitted from host: <172.30.1.200:9618?addrs=172.30.1.200-9618&alias=tamsa2&noUDP&sock=schedd_2531_a24a>
...
040 (1269530.000.000) 2025-07-21 23:20:08 Started transferring input files
	Transferring to host: <172.30.1.217:9618?addrs=172.30.1.217-9618&alias=node-w17.localdomain&noUDP&sock=slot1_2_6391_c99d_143360>
...
040 (1269530.000.000) 2025-07-21 23:20:17 Finished transferring input files
...
040 (1269530.000.000) 2025-07-21 23:20:18 Started transferring output files
...
040 (1269530.000.000) 2025-07-21 23:20:18 Finished transferring output files
...
021 (1269530.000.000) 2025-07-21 23:20:18 Error from starter on slot1_2@node-w17.localdomain:
	Failed to transfer files: SHADOW at 172.30.1.200 failed to send file(s) to <172.30.1.217:41881>: |Error: reading from file /data6/Users/achihwan/LRSM_tb_channel/SAMPLEPRODUCTION/using_matrix/condor/CR/DY/condorfile/scripts/run_QCD_HT600to800.py: (errno 2) No such file or directory; STARTER failed to receive file(s) from <172.30.1.200:9618>
	Code 13 Subcode 2
...
004 (1269530.000.000) 2025-07-21 23:20:18 Job was evicted.
	(0) CPU times
		Usr 0 00:00:00, Sys 0 00:00:00  -  Run Remote Usage
		Usr 0 00:00:00, Sys 0 00:00:00  -  Run Local Usage
	0  -  Run Bytes Sent By Job
	690273920  -  Run Bytes Received By Job
	Transfer input files failure at access point tamsa2 while sending files to execution point slot1_2@node-w17.localdomain. Details: reading from file /data6/Users/achihwan/LRSM_tb_channel/SAMPLEPRODUCTION/using_matrix/condor/CR/DY/condorfile/scripts/run_QCD_HT600to800.py: (errno 2) No such file or directory
	Partitionable Resources :    Usage  Request Allocated 
	   Cpus                 :        0        2         2 
	   Disk (KB)            :   674118   750000    751616 
	   GPUs                 :                           0 
	   Memory (MB)          :             16000     16000 
...
012 (1269530.000.000) 2025-07-21 23:20:18 Job was held.
	Transfer input files failure at access point tamsa2 while sending files to execution point slot1_2@node-w17.localdomain. Details: reading from file /data6/Users/achihwan/LRSM_tb_channel/SAMPLEPRODUCTION/using_matrix/condor/CR/DY/condorfile/scripts/run_QCD_HT600to800.py: (errno 2) No such file or directory
	Code 13 Subcode 2
...
009 (1269530.000.000) 2025-07-21 23:31:11 Job was aborted.
	via condor_rm (by user achihwan)
...
000 (1269577.000.000) 2025-07-21 23:33:21 Job submitted from host: <172.30.1.200:9618?addrs=172.30.1.200-9618&alias=tamsa2&noUDP&sock=schedd_2531_a24a>
...
040 (1269577.000.000) 2025-07-21 23:33:40 Started transferring input files
	Transferring to host: <172.30.1.220:9618?addrs=172.30.1.220-9618&alias=node-w20.localdomain&noUDP&sock=slot1_16_5233_df2e_155133>
...
040 (1269577.000.000) 2025-07-21 23:33:47 Finished transferring input files
...
001 (1269577.000.000) 2025-07-21 23:33:47 Job executing on host: <172.30.1.220:9618?addrs=172.30.1.220-9618&alias=node-w20.localdomain&noUDP&sock=startd_5199_a8f8>
	SlotName: slot1_16@node-w20.localdomain
	CondorScratchDir = "/var/lib/condor/execute/dir_3144215"
	Cpus = 2
	Disk = 751616
	GPUs = 0
	Memory = 16000
...
006 (1269577.000.000) 2025-07-21 23:34:00 Image size of job updated: 784924
	767  -  MemoryUsage of job (MB)
	784924  -  ResidentSetSize of job (KB)
...
006 (1269577.000.000) 2025-07-21 23:34:19 Image size of job updated: 2305572
	2149  -  MemoryUsage of job (MB)
	2199804  -  ResidentSetSize of job (KB)
...
040 (1269577.000.000) 2025-07-21 23:34:19 Started transferring output files
...
040 (1269577.000.000) 2025-07-21 23:34:19 Finished transferring output files
...
005 (1269577.000.000) 2025-07-21 23:34:19 Job terminated.
	(1) Normal termination (return value 0)
		Usr 0 00:00:25, Sys 0 00:00:04  -  Run Remote Usage
		Usr 0 00:00:00, Sys 0 00:00:00  -  Run Local Usage
		Usr 0 00:00:25, Sys 0 00:00:04  -  Total Remote Usage
		Usr 0 00:00:00, Sys 0 00:00:00  -  Total Local Usage
	16910  -  Run Bytes Sent By Job
	690291264  -  Run Bytes Received By Job
	16910  -  Total Bytes Sent By Job
	690291264  -  Total Bytes Received By Job
	Partitionable Resources :    Usage  Request Allocated 
	   Cpus                 :                 2         2 
	   Disk (KB)            :  2774373   750000    751616 
	   GPUs                 :                           0 
	   Memory (MB)          :     2149    16000     16000 
	   TimeExecute (s)      :       32                    
	   TimeSlotBusy (s)     :       39                    

	Job terminated of its own accord at 2025-07-21T14:34:19Z with exit-code 0.
...
000 (1269624.000.000) 2025-07-21 23:36:38 Job submitted from host: <172.30.1.200:9618?addrs=172.30.1.200-9618&alias=tamsa2&noUDP&sock=schedd_2531_a24a>
...
040 (1269624.000.000) 2025-07-21 23:36:58 Started transferring input files
	Transferring to host: <172.30.1.204:9618?addrs=172.30.1.204-9618&alias=node-w4.localdomain&noUDP&sock=slot1_5_4930_6182_75101>
...
040 (1269624.000.000) 2025-07-21 23:37:01 Finished transferring input files
...
001 (1269624.000.000) 2025-07-21 23:37:02 Job executing on host: <172.30.1.204:9618?addrs=172.30.1.204-9618&alias=node-w4.localdomain&noUDP&sock=startd_4896_d3c6>
	SlotName: slot1_5@node-w4.localdomain
	CondorScratchDir = "/var/lib/condor/execute/dir_3565344"
	Cpus = 2
	Disk = 751616
	GPUs = 0
	Memory = 16000
...
006 (1269624.000.000) 2025-07-21 23:37:15 Image size of job updated: 1014380
	991  -  MemoryUsage of job (MB)
	1014380  -  ResidentSetSize of job (KB)
...
006 (1269624.000.000) 2025-07-21 23:37:27 Image size of job updated: 2329208
	2149  -  MemoryUsage of job (MB)
	2199804  -  ResidentSetSize of job (KB)
...
040 (1269624.000.000) 2025-07-21 23:37:27 Started transferring output files
...
040 (1269624.000.000) 2025-07-21 23:37:27 Finished transferring output files
...
005 (1269624.000.000) 2025-07-21 23:37:28 Job terminated.
	(1) Normal termination (return value 0)
		Usr 0 00:00:19, Sys 0 00:00:02  -  Run Remote Usage
		Usr 0 00:00:00, Sys 0 00:00:00  -  Run Local Usage
		Usr 0 00:00:19, Sys 0 00:00:02  -  Total Remote Usage
		Usr 0 00:00:00, Sys 0 00:00:00  -  Total Local Usage
	16901  -  Run Bytes Sent By Job
	690291264  -  Run Bytes Received By Job
	16901  -  Total Bytes Sent By Job
	690291264  -  Total Bytes Received By Job
	Partitionable Resources :    Usage  Request Allocated 
	   Cpus                 :        0        2         2 
	   Disk (KB)            :  2774379   750000    751616 
	   GPUs                 :                           0 
	   Memory (MB)          :     2149    16000     16000 
	   TimeExecute (s)      :       25                    
	   TimeSlotBusy (s)     :       31                    

	Job terminated of its own accord at 2025-07-21T14:37:27Z with exit-code 0.
...
000 (1269670.000.000) 2025-07-21 23:43:38 Job submitted from host: <172.30.1.200:9618?addrs=172.30.1.200-9618&alias=tamsa2&noUDP&sock=schedd_2531_a24a>
...
040 (1269670.000.000) 2025-07-21 23:43:57 Started transferring input files
	Transferring to host: <172.30.1.217:9618?addrs=172.30.1.217-9618&alias=node-w17.localdomain&noUDP&sock=slot1_6_6391_c99d_143506>
...
040 (1269670.000.000) 2025-07-21 23:44:02 Finished transferring input files
...
001 (1269670.000.000) 2025-07-21 23:44:02 Job executing on host: <172.30.1.217:9618?addrs=172.30.1.217-9618&alias=node-w17.localdomain&noUDP&sock=startd_6357_f3a4>
	SlotName: slot1_6@node-w17.localdomain
	CondorScratchDir = "/var/lib/condor/execute/dir_1064468"
	Cpus = 2
	Disk = 751616
	GPUs = 0
	Memory = 16000
...
006 (1269670.000.000) 2025-07-21 23:44:16 Image size of job updated: 798388
	780  -  MemoryUsage of job (MB)
	798388  -  ResidentSetSize of job (KB)
...
006 (1269670.000.000) 2025-07-21 23:44:35 Image size of job updated: 2300088
	2149  -  MemoryUsage of job (MB)
	2199804  -  ResidentSetSize of job (KB)
...
040 (1269670.000.000) 2025-07-21 23:44:35 Started transferring output files
...
040 (1269670.000.000) 2025-07-21 23:44:35 Finished transferring output files
...
005 (1269670.000.000) 2025-07-21 23:44:35 Job terminated.
	(1) Normal termination (return value 0)
		Usr 0 00:00:26, Sys 0 00:00:04  -  Run Remote Usage
		Usr 0 00:00:00, Sys 0 00:00:00  -  Run Local Usage
		Usr 0 00:00:26, Sys 0 00:00:04  -  Total Remote Usage
		Usr 0 00:00:00, Sys 0 00:00:00  -  Total Local Usage
	16688  -  Run Bytes Sent By Job
	690291264  -  Run Bytes Received By Job
	16688  -  Total Bytes Sent By Job
	690291264  -  Total Bytes Received By Job
	Partitionable Resources :    Usage  Request Allocated 
	   Cpus                 :                 2         2 
	   Disk (KB)            :  2774373   750000    751616 
	   GPUs                 :                           0 
	   Memory (MB)          :     2149    16000     16000 
	   TimeExecute (s)      :       33                    
	   TimeSlotBusy (s)     :       38                    

	Job terminated of its own accord at 2025-07-21T14:44:35Z with exit-code 0.
...
000 (1269716.000.000) 2025-07-21 23:49:16 Job submitted from host: <172.30.1.200:9618?addrs=172.30.1.200-9618&alias=tamsa2&noUDP&sock=schedd_2531_a24a>
...
040 (1269716.000.000) 2025-07-21 23:49:16 Started transferring input files
	Transferring to host: <172.30.1.217:9618?addrs=172.30.1.217-9618&alias=node-w17.localdomain&noUDP&sock=slot1_2_6391_c99d_143514>
...
001 (1269716.000.000) 2025-07-21 23:49:19 Job executing on host: <172.30.1.217:9618?addrs=172.30.1.217-9618&alias=node-w17.localdomain&noUDP&sock=startd_6357_f3a4>
	SlotName: slot1_2@node-w17.localdomain
	CondorScratchDir = "/var/lib/condor/execute/dir_1064793"
	Cpus = 2
	Disk = 751616
	GPUs = 0
	Memory = 16000
...
040 (1269716.000.000) 2025-07-21 23:49:19 Finished transferring input files
...
006 (1269716.000.000) 2025-07-21 23:49:33 Image size of job updated: 879848
	860  -  MemoryUsage of job (MB)
	879848  -  ResidentSetSize of job (KB)
...
006 (1269716.000.000) 2025-07-21 23:54:34 Image size of job updated: 3524616
	2985  -  MemoryUsage of job (MB)
	3055804  -  ResidentSetSize of job (KB)
...
006 (1269716.000.000) 2025-07-21 23:59:34 Image size of job updated: 5453796
	4214  -  MemoryUsage of job (MB)
	4314800  -  ResidentSetSize of job (KB)
...
040 (1269716.000.000) 2025-07-22 00:25:10 Started transferring output files
...
040 (1269716.000.000) 2025-07-22 00:25:10 Finished transferring output files
...
005 (1269716.000.000) 2025-07-22 00:25:10 Job terminated.
	(1) Normal termination (return value 0)
		Usr 0 00:21:56, Sys 0 00:02:02  -  Run Remote Usage
		Usr 0 00:00:00, Sys 0 00:00:00  -  Run Local Usage
		Usr 0 00:21:56, Sys 0 00:02:02  -  Total Remote Usage
		Usr 0 00:00:00, Sys 0 00:00:00  -  Total Local Usage
	74392  -  Run Bytes Sent By Job
	690291264  -  Run Bytes Received By Job
	74392  -  Total Bytes Sent By Job
	690291264  -  Total Bytes Received By Job
	Partitionable Resources :      Usage  Request Allocated 
	   Cpus                 :       0.91        2         2 
	   Disk (KB)            : 2774482      750000    751616 
	   GPUs                 :                             0 
	   Memory (MB)          :    4214       16000     16000 
	   TimeExecute (s)      :    2151                       
	   TimeSlotBusy (s)     :    2154                       

	Job terminated of its own accord at 2025-07-21T15:25:10Z with exit-code 0.
...
