000 (1269501.000.000) 2025-07-21 23:19:50 Job submitted from host: <172.30.1.200:9618?addrs=172.30.1.200-9618&alias=tamsa2&noUDP&sock=schedd_2531_a24a>
...
040 (1269501.000.000) 2025-07-21 23:20:09 Started transferring input files
	Transferring to host: <172.30.1.214:9618?addrs=172.30.1.214-9618&alias=node-w14.localdomain&noUDP&sock=slot1_38_5193_b02c_110607>
...
040 (1269501.000.000) 2025-07-21 23:20:18 Finished transferring input files
...
040 (1269501.000.000) 2025-07-21 23:20:19 Started transferring output files
...
021 (1269501.000.000) 2025-07-21 23:20:19 Error from starter on slot1_38@node-w14.localdomain:
	Failed to transfer files: SHADOW at 172.30.1.200 failed to send file(s) to <172.30.1.214:42721>: |Error: reading from file /data6/Users/achihwan/LRSM_tb_channel/SAMPLEPRODUCTION/using_matrix/condor/CR/DY/condorfile/scripts/run_QCDB_HT40to100.py: (errno 2) No such file or directory; STARTER failed to receive file(s) from <172.30.1.200:9618>
	Code 13 Subcode 2
...
004 (1269501.000.000) 2025-07-21 23:20:19 Job was evicted.
	(0) CPU times
		Usr 0 00:00:00, Sys 0 00:00:00  -  Run Remote Usage
		Usr 0 00:00:00, Sys 0 00:00:00  -  Run Local Usage
	0  -  Run Bytes Sent By Job
	690268160  -  Run Bytes Received By Job
	Transfer input files failure at access point tamsa2 while sending files to execution point slot1_38@node-w14.localdomain. Details: reading from file /data6/Users/achihwan/LRSM_tb_channel/SAMPLEPRODUCTION/using_matrix/condor/CR/DY/condorfile/scripts/run_QCDB_HT40to100.py: (errno 2) No such file or directory
	Partitionable Resources :     Usage  Request Allocated 
	   Cpus                 :      0.47        2         2 
	   Disk (KB)            : 674113      750000    751616 
	   GPUs                 :                            0 
	   Memory (MB)          :              16000     16000 
...
012 (1269501.000.000) 2025-07-21 23:20:19 Job was held.
	Transfer input files failure at access point tamsa2 while sending files to execution point slot1_38@node-w14.localdomain. Details: reading from file /data6/Users/achihwan/LRSM_tb_channel/SAMPLEPRODUCTION/using_matrix/condor/CR/DY/condorfile/scripts/run_QCDB_HT40to100.py: (errno 2) No such file or directory
	Code 13 Subcode 2
...
009 (1269501.000.000) 2025-07-21 23:31:11 Job was aborted.
	via condor_rm (by user achihwan)
...
000 (1269548.000.000) 2025-07-21 23:33:19 Job submitted from host: <172.30.1.200:9618?addrs=172.30.1.200-9618&alias=tamsa2&noUDP&sock=schedd_2531_a24a>
...
040 (1269548.000.000) 2025-07-21 23:33:40 Started transferring input files
	Transferring to host: <172.30.1.212:9618?addrs=172.30.1.212-9618&alias=node-w12.localdomain&noUDP&sock=slot1_1_4978_3384_111152>
...
040 (1269548.000.000) 2025-07-21 23:33:46 Finished transferring input files
...
001 (1269548.000.000) 2025-07-21 23:33:46 Job executing on host: <172.30.1.212:9618?addrs=172.30.1.212-9618&alias=node-w12.localdomain&noUDP&sock=startd_4944_c052>
	SlotName: slot1_1@node-w12.localdomain
	CondorScratchDir = "/var/lib/condor/execute/dir_871422"
	Cpus = 2
	Disk = 751616
	GPUs = 0
	Memory = 16000
...
006 (1269548.000.000) 2025-07-21 23:33:59 Image size of job updated: 800732
	782  -  MemoryUsage of job (MB)
	800732  -  ResidentSetSize of job (KB)
...
006 (1269548.000.000) 2025-07-21 23:34:33 Image size of job updated: 2746736
	2149  -  MemoryUsage of job (MB)
	2199800  -  ResidentSetSize of job (KB)
...
040 (1269548.000.000) 2025-07-21 23:34:34 Started transferring output files
...
040 (1269548.000.000) 2025-07-21 23:34:34 Finished transferring output files
...
005 (1269548.000.000) 2025-07-21 23:34:34 Job terminated.
	(1) Normal termination (return value 0)
		Usr 0 00:00:38, Sys 0 00:00:05  -  Run Remote Usage
		Usr 0 00:00:00, Sys 0 00:00:00  -  Run Local Usage
		Usr 0 00:00:38, Sys 0 00:00:05  -  Total Remote Usage
		Usr 0 00:00:00, Sys 0 00:00:00  -  Total Local Usage
	11437  -  Run Bytes Sent By Job
	690285504  -  Run Bytes Received By Job
	11437  -  Total Bytes Sent By Job
	690285504  -  Total Bytes Received By Job
	Partitionable Resources :    Usage  Request Allocated 
	   Cpus                 :                 2         2 
	   Disk (KB)            :  2774362   750000    751616 
	   GPUs                 :                           0 
	   Memory (MB)          :     2149    16000     16000 
	   TimeExecute (s)      :       47                    
	   TimeSlotBusy (s)     :       55                    

	Job terminated of its own accord at 2025-07-21T14:34:33Z with exit-code 0.
...
000 (1269595.000.000) 2025-07-21 23:36:37 Job submitted from host: <172.30.1.200:9618?addrs=172.30.1.200-9618&alias=tamsa2&noUDP&sock=schedd_2531_a24a>
...
040 (1269595.000.000) 2025-07-21 23:36:57 Started transferring input files
	Transferring to host: <172.30.1.217:9618?addrs=172.30.1.217-9618&alias=node-w17.localdomain&noUDP&sock=slot1_6_6391_c99d_143498>
...
040 (1269595.000.000) 2025-07-21 23:37:05 Finished transferring input files
...
001 (1269595.000.000) 2025-07-21 23:37:05 Job executing on host: <172.30.1.217:9618?addrs=172.30.1.217-9618&alias=node-w17.localdomain&noUDP&sock=startd_6357_f3a4>
	SlotName: slot1_6@node-w17.localdomain
	CondorScratchDir = "/var/lib/condor/execute/dir_1064052"
	Cpus = 2
	Disk = 751616
	GPUs = 0
	Memory = 16000
...
006 (1269595.000.000) 2025-07-21 23:37:19 Image size of job updated: 829844
	811  -  MemoryUsage of job (MB)
	829844  -  ResidentSetSize of job (KB)
...
006 (1269595.000.000) 2025-07-21 23:37:53 Image size of job updated: 2739272
	2149  -  MemoryUsage of job (MB)
	2199800  -  ResidentSetSize of job (KB)
...
040 (1269595.000.000) 2025-07-21 23:37:54 Started transferring output files
...
040 (1269595.000.000) 2025-07-21 23:37:54 Finished transferring output files
...
005 (1269595.000.000) 2025-07-21 23:37:54 Job terminated.
	(1) Normal termination (return value 0)
		Usr 0 00:00:37, Sys 0 00:00:05  -  Run Remote Usage
		Usr 0 00:00:00, Sys 0 00:00:00  -  Run Local Usage
		Usr 0 00:00:37, Sys 0 00:00:05  -  Total Remote Usage
		Usr 0 00:00:00, Sys 0 00:00:00  -  Total Local Usage
	11433  -  Run Bytes Sent By Job
	690285440  -  Run Bytes Received By Job
	11433  -  Total Bytes Sent By Job
	690285440  -  Total Bytes Received By Job
	Partitionable Resources :    Usage  Request Allocated 
	   Cpus                 :        0        2         2 
	   Disk (KB)            :  2774368   750000    751616 
	   GPUs                 :                           0 
	   Memory (MB)          :     2149    16000     16000 
	   TimeExecute (s)      :       48                    
	   TimeSlotBusy (s)     :       57                    

	Job terminated of its own accord at 2025-07-21T14:37:53Z with exit-code 0.
...
000 (1269641.000.000) 2025-07-21 23:43:36 Job submitted from host: <172.30.1.200:9618?addrs=172.30.1.200-9618&alias=tamsa2&noUDP&sock=schedd_2531_a24a>
...
040 (1269641.000.000) 2025-07-21 23:43:57 Started transferring input files
	Transferring to host: <172.30.1.214:9618?addrs=172.30.1.214-9618&alias=node-w14.localdomain&noUDP&sock=slot1_5_5193_b02c_110717>
...
040 (1269641.000.000) 2025-07-21 23:44:07 Finished transferring input files
...
001 (1269641.000.000) 2025-07-21 23:44:07 Job executing on host: <172.30.1.214:9618?addrs=172.30.1.214-9618&alias=node-w14.localdomain&noUDP&sock=startd_5159_392e>
	SlotName: slot1_5@node-w14.localdomain
	CondorScratchDir = "/var/lib/condor/execute/dir_541972"
	Cpus = 2
	Disk = 751616
	GPUs = 0
	Memory = 16000
...
006 (1269641.000.000) 2025-07-21 23:44:21 Image size of job updated: 1009900
	987  -  MemoryUsage of job (MB)
	1009900  -  ResidentSetSize of job (KB)
...
006 (1269641.000.000) 2025-07-21 23:44:50 Image size of job updated: 2739124
	2149  -  MemoryUsage of job (MB)
	2199800  -  ResidentSetSize of job (KB)
...
040 (1269641.000.000) 2025-07-21 23:44:50 Started transferring output files
...
040 (1269641.000.000) 2025-07-21 23:44:50 Finished transferring output files
...
005 (1269641.000.000) 2025-07-21 23:44:51 Job terminated.
	(1) Normal termination (return value 0)
		Usr 0 00:00:34, Sys 0 00:00:05  -  Run Remote Usage
		Usr 0 00:00:00, Sys 0 00:00:00  -  Run Local Usage
		Usr 0 00:00:34, Sys 0 00:00:05  -  Total Remote Usage
		Usr 0 00:00:00, Sys 0 00:00:00  -  Total Local Usage
	11216  -  Run Bytes Sent By Job
	690285440  -  Run Bytes Received By Job
	11216  -  Total Bytes Sent By Job
	690285440  -  Total Bytes Received By Job
	Partitionable Resources :    Usage  Request Allocated 
	   Cpus                 :                 2         2 
	   Disk (KB)            :  2774362   750000    751616 
	   GPUs                 :                           0 
	   Memory (MB)          :     2149    16000     16000 
	   TimeExecute (s)      :       43                    
	   TimeSlotBusy (s)     :       54                    

	Job terminated of its own accord at 2025-07-21T14:44:50Z with exit-code 0.
...
000 (1269687.000.000) 2025-07-21 23:49:14 Job submitted from host: <172.30.1.200:9618?addrs=172.30.1.200-9618&alias=tamsa2&noUDP&sock=schedd_2531_a24a>
...
040 (1269687.000.000) 2025-07-21 23:49:16 Started transferring input files
	Transferring to host: <172.30.1.214:9618?addrs=172.30.1.214-9618&alias=node-w14.localdomain&noUDP&sock=slot1_8_5193_b02c_110732>
...
040 (1269687.000.000) 2025-07-21 23:49:26 Finished transferring input files
...
001 (1269687.000.000) 2025-07-21 23:49:26 Job executing on host: <172.30.1.214:9618?addrs=172.30.1.214-9618&alias=node-w14.localdomain&noUDP&sock=startd_5159_392e>
	SlotName: slot1_8@node-w14.localdomain
	CondorScratchDir = "/var/lib/condor/execute/dir_542357"
	Cpus = 2
	Disk = 751616
	GPUs = 0
	Memory = 16000
...
006 (1269687.000.000) 2025-07-21 23:49:40 Image size of job updated: 982032
	960  -  MemoryUsage of job (MB)
	982032  -  ResidentSetSize of job (KB)
...
006 (1269687.000.000) 2025-07-21 23:54:41 Image size of job updated: 3614772
	3127  -  MemoryUsage of job (MB)
	3201308  -  ResidentSetSize of job (KB)
...
006 (1269687.000.000) 2025-07-21 23:59:41 Image size of job updated: 4762312
	3977  -  MemoryUsage of job (MB)
	4071708  -  ResidentSetSize of job (KB)
...
040 (1269687.000.000) 2025-07-22 00:14:13 Started transferring output files
...
040 (1269687.000.000) 2025-07-22 00:14:13 Finished transferring output files
...
005 (1269687.000.000) 2025-07-22 00:14:14 Job terminated.
	(1) Normal termination (return value 0)
		Usr 0 00:15:54, Sys 0 00:01:59  -  Run Remote Usage
		Usr 0 00:00:00, Sys 0 00:00:00  -  Run Local Usage
		Usr 0 00:15:54, Sys 0 00:01:59  -  Total Remote Usage
		Usr 0 00:00:00, Sys 0 00:00:00  -  Total Local Usage
	59088  -  Run Bytes Sent By Job
	690285504  -  Run Bytes Received By Job
	59088  -  Total Bytes Sent By Job
	690285504  -  Total Bytes Received By Job
	Partitionable Resources :      Usage  Request Allocated 
	   Cpus                 :       0.65        2         2 
	   Disk (KB)            : 2774455      750000    751616 
	   GPUs                 :                             0 
	   Memory (MB)          :    3977       16000     16000 
	   TimeExecute (s)      :    1487                       
	   TimeSlotBusy (s)     :    1498                       

	Job terminated of its own accord at 2025-07-21T15:14:13Z with exit-code 0.
...
