000 (1269502.000.000) 2025-07-21 23:19:50 Job submitted from host: <172.30.1.200:9618?addrs=172.30.1.200-9618&alias=tamsa2&noUDP&sock=schedd_2531_a24a>
...
040 (1269502.000.000) 2025-07-21 23:20:15 Entered queue to transfer input files
	Transferring to host: <172.30.1.214:9618?addrs=172.30.1.214-9618&alias=node-w14.localdomain&noUDP&sock=slot1_44_5193_b02c_110609>
...
040 (1269502.000.000) 2025-07-21 23:20:15 Started transferring input files
	Seconds spent in queue: 0
...
040 (1269502.000.000) 2025-07-21 23:20:20 Finished transferring input files
...
040 (1269502.000.000) 2025-07-21 23:20:21 Started transferring output files
	Seconds spent in queue: 6
...
021 (1269502.000.000) 2025-07-21 23:20:21 Error from starter on slot1_44@node-w14.localdomain:
	Failed to transfer files: SHADOW at 172.30.1.200 failed to send file(s) to <172.30.1.214:37793>: |Error: reading from file /data6/Users/achihwan/LRSM_tb_channel/SAMPLEPRODUCTION/using_matrix/condor/CR/DY/condorfile/scripts/run_ST_tch_antitop.py: (errno 2) No such file or directory; STARTER failed to receive file(s) from <172.30.1.200:9618>
	Code 13 Subcode 2
...
004 (1269502.000.000) 2025-07-21 23:20:21 Job was evicted.
	(0) CPU times
		Usr 0 00:00:00, Sys 0 00:00:00  -  Run Remote Usage
		Usr 0 00:00:00, Sys 0 00:00:00  -  Run Local Usage
	0  -  Run Bytes Sent By Job
	690262272  -  Run Bytes Received By Job
	Transfer input files failure at access point tamsa2 while sending files to execution point slot1_44@node-w14.localdomain. Details: reading from file /data6/Users/achihwan/LRSM_tb_channel/SAMPLEPRODUCTION/using_matrix/condor/CR/DY/condorfile/scripts/run_ST_tch_antitop.py: (errno 2) No such file or directory
	Partitionable Resources :    Usage  Request Allocated 
	   Cpus                 :        0        2         2 
	   Disk (KB)            :   674107   750000    751616 
	   GPUs                 :                           0 
	   Memory (MB)          :             16000     16000 
...
012 (1269502.000.000) 2025-07-21 23:20:21 Job was held.
	Transfer input files failure at access point tamsa2 while sending files to execution point slot1_44@node-w14.localdomain. Details: reading from file /data6/Users/achihwan/LRSM_tb_channel/SAMPLEPRODUCTION/using_matrix/condor/CR/DY/condorfile/scripts/run_ST_tch_antitop.py: (errno 2) No such file or directory
	Code 13 Subcode 2
...
009 (1269502.000.000) 2025-07-21 23:31:11 Job was aborted.
	via condor_rm (by user achihwan)
...
000 (1269549.000.000) 2025-07-21 23:33:19 Job submitted from host: <172.30.1.200:9618?addrs=172.30.1.200-9618&alias=tamsa2&noUDP&sock=schedd_2531_a24a>
...
040 (1269549.000.000) 2025-07-21 23:33:40 Started transferring input files
	Transferring to host: <172.30.1.212:9618?addrs=172.30.1.212-9618&alias=node-w12.localdomain&noUDP&sock=slot1_8_4978_3384_111153>
...
040 (1269549.000.000) 2025-07-21 23:33:45 Finished transferring input files
...
001 (1269549.000.000) 2025-07-21 23:33:45 Job executing on host: <172.30.1.212:9618?addrs=172.30.1.212-9618&alias=node-w12.localdomain&noUDP&sock=startd_4944_c052>
	SlotName: slot1_8@node-w12.localdomain
	CondorScratchDir = "/var/lib/condor/execute/dir_871423"
	Cpus = 2
	Disk = 751616
	GPUs = 0
	Memory = 16000
...
006 (1269549.000.000) 2025-07-21 23:33:59 Image size of job updated: 888728
	868  -  MemoryUsage of job (MB)
	888728  -  ResidentSetSize of job (KB)
...
006 (1269549.000.000) 2025-07-21 23:34:18 Image size of job updated: 2293536
	2149  -  MemoryUsage of job (MB)
	2199796  -  ResidentSetSize of job (KB)
...
040 (1269549.000.000) 2025-07-21 23:34:18 Started transferring output files
...
040 (1269549.000.000) 2025-07-21 23:34:18 Finished transferring output files
...
005 (1269549.000.000) 2025-07-21 23:34:19 Job terminated.
	(1) Normal termination (return value 0)
		Usr 0 00:00:26, Sys 0 00:00:04  -  Run Remote Usage
		Usr 0 00:00:00, Sys 0 00:00:00  -  Run Local Usage
		Usr 0 00:00:26, Sys 0 00:00:04  -  Total Remote Usage
		Usr 0 00:00:00, Sys 0 00:00:00  -  Total Local Usage
	5910  -  Run Bytes Sent By Job
	690279616  -  Run Bytes Received By Job
	5910  -  Total Bytes Sent By Job
	690279616  -  Total Bytes Received By Job
	Partitionable Resources :    Usage  Request Allocated 
	   Cpus                 :                 2         2 
	   Disk (KB)            :  2774351   750000    751616 
	   GPUs                 :                           0 
	   Memory (MB)          :     2149    16000     16000 
	   TimeExecute (s)      :       33                    
	   TimeSlotBusy (s)     :       39                    

	Job terminated of its own accord at 2025-07-21T14:34:18Z with exit-code 0.
...
000 (1269596.000.000) 2025-07-21 23:36:37 Job submitted from host: <172.30.1.200:9618?addrs=172.30.1.200-9618&alias=tamsa2&noUDP&sock=schedd_2531_a24a>
...
040 (1269596.000.000) 2025-07-21 23:36:58 Started transferring input files
	Transferring to host: <172.30.1.217:9618?addrs=172.30.1.217-9618&alias=node-w17.localdomain&noUDP&sock=slot1_7_6391_c99d_143499>
...
040 (1269596.000.000) 2025-07-21 23:37:06 Finished transferring input files
...
001 (1269596.000.000) 2025-07-21 23:37:06 Job executing on host: <172.30.1.217:9618?addrs=172.30.1.217-9618&alias=node-w17.localdomain&noUDP&sock=startd_6357_f3a4>
	SlotName: slot1_7@node-w17.localdomain
	CondorScratchDir = "/var/lib/condor/execute/dir_1064054"
	Cpus = 2
	Disk = 751616
	GPUs = 0
	Memory = 16000
...
006 (1269596.000.000) 2025-07-21 23:37:20 Image size of job updated: 812204
	794  -  MemoryUsage of job (MB)
	812204  -  ResidentSetSize of job (KB)
...
006 (1269596.000.000) 2025-07-21 23:37:43 Image size of job updated: 2336988
	2149  -  MemoryUsage of job (MB)
	2199796  -  ResidentSetSize of job (KB)
...
040 (1269596.000.000) 2025-07-21 23:37:43 Started transferring output files
...
040 (1269596.000.000) 2025-07-21 23:37:43 Finished transferring output files
...
005 (1269596.000.000) 2025-07-21 23:37:43 Job terminated.
	(1) Normal termination (return value 0)
		Usr 0 00:00:27, Sys 0 00:00:05  -  Run Remote Usage
		Usr 0 00:00:00, Sys 0 00:00:00  -  Run Local Usage
		Usr 0 00:00:27, Sys 0 00:00:05  -  Total Remote Usage
		Usr 0 00:00:00, Sys 0 00:00:00  -  Total Local Usage
	5906  -  Run Bytes Sent By Job
	690279616  -  Run Bytes Received By Job
	5906  -  Total Bytes Sent By Job
	690279616  -  Total Bytes Received By Job
	Partitionable Resources :    Usage  Request Allocated 
	   Cpus                 :        0        2         2 
	   Disk (KB)            :  2774357   750000    751616 
	   GPUs                 :                           0 
	   Memory (MB)          :     2149    16000     16000 
	   TimeExecute (s)      :       37                    
	   TimeSlotBusy (s)     :       46                    

	Job terminated of its own accord at 2025-07-21T14:37:43Z with exit-code 0.
...
000 (1269642.000.000) 2025-07-21 23:43:37 Job submitted from host: <172.30.1.200:9618?addrs=172.30.1.200-9618&alias=tamsa2&noUDP&sock=schedd_2531_a24a>
...
040 (1269642.000.000) 2025-07-21 23:43:57 Started transferring input files
	Transferring to host: <172.30.1.214:9618?addrs=172.30.1.214-9618&alias=node-w14.localdomain&noUDP&sock=slot1_7_5193_b02c_110718>
...
040 (1269642.000.000) 2025-07-21 23:44:07 Finished transferring input files
...
001 (1269642.000.000) 2025-07-21 23:44:07 Job executing on host: <172.30.1.214:9618?addrs=172.30.1.214-9618&alias=node-w14.localdomain&noUDP&sock=startd_5159_392e>
	SlotName: slot1_7@node-w14.localdomain
	CondorScratchDir = "/var/lib/condor/execute/dir_541974"
	Cpus = 2
	Disk = 751616
	GPUs = 0
	Memory = 16000
...
006 (1269642.000.000) 2025-07-21 23:44:20 Image size of job updated: 833804
	815  -  MemoryUsage of job (MB)
	833804  -  ResidentSetSize of job (KB)
...
006 (1269642.000.000) 2025-07-21 23:44:37 Image size of job updated: 2199796
	2149  -  MemoryUsage of job (MB)
	2199796  -  ResidentSetSize of job (KB)
...
040 (1269642.000.000) 2025-07-21 23:44:37 Started transferring output files
...
040 (1269642.000.000) 2025-07-21 23:44:37 Finished transferring output files
...
005 (1269642.000.000) 2025-07-21 23:44:38 Job terminated.
	(1) Normal termination (return value 0)
		Usr 0 00:00:24, Sys 0 00:00:04  -  Run Remote Usage
		Usr 0 00:00:00, Sys 0 00:00:00  -  Run Local Usage
		Usr 0 00:00:24, Sys 0 00:00:04  -  Total Remote Usage
		Usr 0 00:00:00, Sys 0 00:00:00  -  Total Local Usage
	5689  -  Run Bytes Sent By Job
	690279616  -  Run Bytes Received By Job
	5689  -  Total Bytes Sent By Job
	690279616  -  Total Bytes Received By Job
	Partitionable Resources :    Usage  Request Allocated 
	   Cpus                 :                 2         2 
	   Disk (KB)            :  2774350   750000    751616 
	   GPUs                 :                           0 
	   Memory (MB)          :     2149    16000     16000 
	   TimeExecute (s)      :       30                    
	   TimeSlotBusy (s)     :       41                    

	Job terminated of its own accord at 2025-07-21T14:44:37Z with exit-code 0.
...
000 (1269688.000.000) 2025-07-21 23:49:14 Job submitted from host: <172.30.1.200:9618?addrs=172.30.1.200-9618&alias=tamsa2&noUDP&sock=schedd_2531_a24a>
...
040 (1269688.000.000) 2025-07-21 23:49:16 Started transferring input files
	Transferring to host: <172.30.1.214:9618?addrs=172.30.1.214-9618&alias=node-w14.localdomain&noUDP&sock=slot1_10_5193_b02c_110733>
...
040 (1269688.000.000) 2025-07-21 23:49:26 Finished transferring input files
...
001 (1269688.000.000) 2025-07-21 23:49:26 Job executing on host: <172.30.1.214:9618?addrs=172.30.1.214-9618&alias=node-w14.localdomain&noUDP&sock=startd_5159_392e>
	SlotName: slot1_10@node-w14.localdomain
	CondorScratchDir = "/var/lib/condor/execute/dir_542360"
	Cpus = 2
	Disk = 751616
	GPUs = 0
	Memory = 16000
...
006 (1269688.000.000) 2025-07-21 23:49:39 Image size of job updated: 902364
	882  -  MemoryUsage of job (MB)
	902364  -  ResidentSetSize of job (KB)
...
006 (1269688.000.000) 2025-07-21 23:53:05 Image size of job updated: 2675244
	2149  -  MemoryUsage of job (MB)
	2199928  -  ResidentSetSize of job (KB)
...
040 (1269688.000.000) 2025-07-21 23:53:06 Started transferring output files
...
040 (1269688.000.000) 2025-07-21 23:53:06 Finished transferring output files
...
005 (1269688.000.000) 2025-07-21 23:53:06 Job terminated.
	(1) Normal termination (return value 0)
		Usr 0 00:02:37, Sys 0 00:00:10  -  Run Remote Usage
		Usr 0 00:00:00, Sys 0 00:00:00  -  Run Local Usage
		Usr 0 00:02:37, Sys 0 00:00:10  -  Total Remote Usage
		Usr 0 00:00:00, Sys 0 00:00:00  -  Total Local Usage
	62608  -  Run Bytes Sent By Job
	690279616  -  Run Bytes Received By Job
	62608  -  Total Bytes Sent By Job
	690279616  -  Total Bytes Received By Job
	Partitionable Resources :      Usage  Request Allocated 
	   Cpus                 :       0.92        2         2 
	   Disk (KB)            : 2774465      750000    751616 
	   GPUs                 :                             0 
	   Memory (MB)          :    2149       16000     16000 
	   TimeExecute (s)      :     219                       
	   TimeSlotBusy (s)     :     230                       

	Job terminated of its own accord at 2025-07-21T14:53:05Z with exit-code 0.
...
