000 (1269515.000.000) 2025-07-21 23:19:51 Job submitted from host: <172.30.1.200:9618?addrs=172.30.1.200-9618&alias=tamsa2&noUDP&sock=schedd_2531_a24a>
...
040 (1269515.000.000) 2025-07-21 23:20:09 Started transferring input files
	Transferring to host: <172.30.1.212:9618?addrs=172.30.1.212-9618&alias=node-w12.localdomain&noUDP&sock=slot1_19_4978_3384_111051>
...
040 (1269515.000.000) 2025-07-21 23:20:19 Finished transferring input files
...
040 (1269515.000.000) 2025-07-21 23:20:20 Started transferring output files
...
021 (1269515.000.000) 2025-07-21 23:20:20 Error from starter on slot1_19@node-w12.localdomain:
	Failed to transfer files: SHADOW at 172.30.1.200 failed to send file(s) to <172.30.1.212:34147>: |Error: reading from file /data6/Users/achihwan/LRSM_tb_channel/SAMPLEPRODUCTION/using_matrix/condor/CR/DY/condorfile/scripts/run_ST_tW_antitop_Semilep.py: (errno 2) No such file or directory; STARTER failed to receive file(s) from <172.30.1.200:9618>
	Code 13 Subcode 2
...
004 (1269515.000.000) 2025-07-21 23:20:20 Job was evicted.
	(0) CPU times
		Usr 0 00:00:00, Sys 0 00:00:00  -  Run Remote Usage
		Usr 0 00:00:00, Sys 0 00:00:00  -  Run Local Usage
	0  -  Run Bytes Sent By Job
	690272576  -  Run Bytes Received By Job
	Transfer input files failure at access point tamsa2 while sending files to execution point slot1_19@node-w12.localdomain. Details: reading from file /data6/Users/achihwan/LRSM_tb_channel/SAMPLEPRODUCTION/using_matrix/condor/CR/DY/condorfile/scripts/run_ST_tW_antitop_Semilep.py: (errno 2) No such file or directory
	Partitionable Resources :     Usage  Request Allocated 
	   Cpus                 :      0.05        2         2 
	   Disk (KB)            : 674117      750000    751616 
	   GPUs                 :                            0 
	   Memory (MB)          :              16000     16000 
...
012 (1269515.000.000) 2025-07-21 23:20:20 Job was held.
	Transfer input files failure at access point tamsa2 while sending files to execution point slot1_19@node-w12.localdomain. Details: reading from file /data6/Users/achihwan/LRSM_tb_channel/SAMPLEPRODUCTION/using_matrix/condor/CR/DY/condorfile/scripts/run_ST_tW_antitop_Semilep.py: (errno 2) No such file or directory
	Code 13 Subcode 2
...
009 (1269515.000.000) 2025-07-21 23:31:11 Job was aborted.
	via condor_rm (by user achihwan)
...
000 (1269562.000.000) 2025-07-21 23:33:20 Job submitted from host: <172.30.1.200:9618?addrs=172.30.1.200-9618&alias=tamsa2&noUDP&sock=schedd_2531_a24a>
...
040 (1269562.000.000) 2025-07-21 23:33:40 Started transferring input files
	Transferring to host: <172.30.1.217:9618?addrs=172.30.1.217-9618&alias=node-w17.localdomain&noUDP&sock=slot1_4_6391_c99d_143488>
...
040 (1269562.000.000) 2025-07-21 23:33:45 Finished transferring input files
...
001 (1269562.000.000) 2025-07-21 23:33:45 Job executing on host: <172.30.1.217:9618?addrs=172.30.1.217-9618&alias=node-w17.localdomain&noUDP&sock=startd_6357_f3a4>
	SlotName: slot1_4@node-w17.localdomain
	CondorScratchDir = "/var/lib/condor/execute/dir_1063482"
	Cpus = 2
	Disk = 751616
	GPUs = 0
	Memory = 16000
...
006 (1269562.000.000) 2025-07-21 23:33:58 Image size of job updated: 789728
	772  -  MemoryUsage of job (MB)
	789728  -  ResidentSetSize of job (KB)
...
006 (1269562.000.000) 2025-07-21 23:34:14 Image size of job updated: 2199804
	2149  -  MemoryUsage of job (MB)
	2199804  -  ResidentSetSize of job (KB)
...
040 (1269562.000.000) 2025-07-21 23:34:14 Started transferring output files
...
040 (1269562.000.000) 2025-07-21 23:34:14 Finished transferring output files
...
005 (1269562.000.000) 2025-07-21 23:34:15 Job terminated.
	(1) Normal termination (return value 0)
		Usr 0 00:00:23, Sys 0 00:00:04  -  Run Remote Usage
		Usr 0 00:00:00, Sys 0 00:00:00  -  Run Local Usage
		Usr 0 00:00:23, Sys 0 00:00:04  -  Total Remote Usage
		Usr 0 00:00:00, Sys 0 00:00:00  -  Total Local Usage
	15564  -  Run Bytes Sent By Job
	690289920  -  Run Bytes Received By Job
	15564  -  Total Bytes Sent By Job
	690289920  -  Total Bytes Received By Job
	Partitionable Resources :    Usage  Request Allocated 
	   Cpus                 :                 2         2 
	   Disk (KB)            :  2774370   750000    751616 
	   GPUs                 :                           0 
	   Memory (MB)          :     2149    16000     16000 
	   TimeExecute (s)      :       29                    
	   TimeSlotBusy (s)     :       35                    

	Job terminated of its own accord at 2025-07-21T14:34:14Z with exit-code 0.
...
000 (1269609.000.000) 2025-07-21 23:36:37 Job submitted from host: <172.30.1.200:9618?addrs=172.30.1.200-9618&alias=tamsa2&noUDP&sock=schedd_2531_a24a>
...
040 (1269609.000.000) 2025-07-21 23:36:58 Started transferring input files
	Transferring to host: <172.30.1.218:9618?addrs=172.30.1.218-9618&alias=node-w18.localdomain&noUDP&sock=slot1_15_5306_4e91_104524>
...
040 (1269609.000.000) 2025-07-21 23:37:03 Finished transferring input files
...
001 (1269609.000.000) 2025-07-21 23:37:03 Job executing on host: <172.30.1.218:9618?addrs=172.30.1.218-9618&alias=node-w18.localdomain&noUDP&sock=startd_5272_bb62>
	SlotName: slot1_15@node-w18.localdomain
	CondorScratchDir = "/var/lib/condor/execute/dir_3851527"
	Cpus = 2
	Disk = 751616
	GPUs = 0
	Memory = 16000
...
006 (1269609.000.000) 2025-07-21 23:37:17 Image size of job updated: 1305124
	1275  -  MemoryUsage of job (MB)
	1305124  -  ResidentSetSize of job (KB)
...
006 (1269609.000.000) 2025-07-21 23:37:26 Image size of job updated: 2199804
	2149  -  MemoryUsage of job (MB)
	2199804  -  ResidentSetSize of job (KB)
...
040 (1269609.000.000) 2025-07-21 23:37:26 Started transferring output files
...
040 (1269609.000.000) 2025-07-21 23:37:26 Finished transferring output files
...
005 (1269609.000.000) 2025-07-21 23:37:26 Job terminated.
	(1) Normal termination (return value 0)
		Usr 0 00:00:17, Sys 0 00:00:04  -  Run Remote Usage
		Usr 0 00:00:00, Sys 0 00:00:00  -  Run Local Usage
		Usr 0 00:00:17, Sys 0 00:00:04  -  Total Remote Usage
		Usr 0 00:00:00, Sys 0 00:00:00  -  Total Local Usage
	15555  -  Run Bytes Sent By Job
	690289920  -  Run Bytes Received By Job
	15555  -  Total Bytes Sent By Job
	690289920  -  Total Bytes Received By Job
	Partitionable Resources :    Usage  Request Allocated 
	   Cpus                 :                 2         2 
	   Disk (KB)            :  2774370   750000    751616 
	   GPUs                 :                           0 
	   Memory (MB)          :     2149    16000     16000 
	   TimeExecute (s)      :       23                    
	   TimeSlotBusy (s)     :       28                    

	Job terminated of its own accord at 2025-07-21T14:37:26Z with exit-code 0.
...
000 (1269655.000.000) 2025-07-21 23:43:37 Job submitted from host: <172.30.1.200:9618?addrs=172.30.1.200-9618&alias=tamsa2&noUDP&sock=schedd_2531_a24a>
...
040 (1269655.000.000) 2025-07-21 23:43:57 Started transferring input files
	Transferring to host: <172.30.1.212:9618?addrs=172.30.1.212-9618&alias=node-w12.localdomain&noUDP&sock=slot1_4_4978_3384_111171>
...
040 (1269655.000.000) 2025-07-21 23:44:06 Finished transferring input files
...
001 (1269655.000.000) 2025-07-21 23:44:06 Job executing on host: <172.30.1.212:9618?addrs=172.30.1.212-9618&alias=node-w12.localdomain&noUDP&sock=startd_4944_c052>
	SlotName: slot1_4@node-w12.localdomain
	CondorScratchDir = "/var/lib/condor/execute/dir_872137"
	Cpus = 2
	Disk = 751616
	GPUs = 0
	Memory = 16000
...
006 (1269655.000.000) 2025-07-21 23:44:20 Image size of job updated: 1031560
	1008  -  MemoryUsage of job (MB)
	1031560  -  ResidentSetSize of job (KB)
...
006 (1269655.000.000) 2025-07-21 23:44:34 Image size of job updated: 2199804
	2149  -  MemoryUsage of job (MB)
	2199804  -  ResidentSetSize of job (KB)
...
040 (1269655.000.000) 2025-07-21 23:44:34 Started transferring output files
...
040 (1269655.000.000) 2025-07-21 23:44:34 Finished transferring output files
...
005 (1269655.000.000) 2025-07-21 23:44:35 Job terminated.
	(1) Normal termination (return value 0)
		Usr 0 00:00:22, Sys 0 00:00:04  -  Run Remote Usage
		Usr 0 00:00:00, Sys 0 00:00:00  -  Run Local Usage
		Usr 0 00:00:22, Sys 0 00:00:04  -  Total Remote Usage
		Usr 0 00:00:00, Sys 0 00:00:00  -  Total Local Usage
	15331  -  Run Bytes Sent By Job
	690289920  -  Run Bytes Received By Job
	15331  -  Total Bytes Sent By Job
	690289920  -  Total Bytes Received By Job
	Partitionable Resources :    Usage  Request Allocated 
	   Cpus                 :        0        2         2 
	   Disk (KB)            :  2774377   750000    751616 
	   GPUs                 :                           0 
	   Memory (MB)          :     2149    16000     16000 
	   TimeExecute (s)      :       28                    
	   TimeSlotBusy (s)     :       38                    

	Job terminated of its own accord at 2025-07-21T14:44:34Z with exit-code 0.
...
000 (1269701.000.000) 2025-07-21 23:49:15 Job submitted from host: <172.30.1.200:9618?addrs=172.30.1.200-9618&alias=tamsa2&noUDP&sock=schedd_2531_a24a>
...
040 (1269701.000.000) 2025-07-21 23:49:17 Started transferring input files
	Transferring to host: <172.30.1.212:9618?addrs=172.30.1.212-9618&alias=node-w12.localdomain&noUDP&sock=slot1_8_4978_3384_111190>
...
040 (1269701.000.000) 2025-07-21 23:49:26 Finished transferring input files
...
001 (1269701.000.000) 2025-07-21 23:49:26 Job executing on host: <172.30.1.212:9618?addrs=172.30.1.212-9618&alias=node-w12.localdomain&noUDP&sock=startd_4944_c052>
	SlotName: slot1_8@node-w12.localdomain
	CondorScratchDir = "/var/lib/condor/execute/dir_872560"
	Cpus = 2
	Disk = 751616
	GPUs = 0
	Memory = 16000
...
006 (1269701.000.000) 2025-07-21 23:49:40 Image size of job updated: 1033600
	1010  -  MemoryUsage of job (MB)
	1033600  -  ResidentSetSize of job (KB)
...
006 (1269701.000.000) 2025-07-21 23:54:41 Image size of job updated: 2949348
	2622  -  MemoryUsage of job (MB)
	2684572  -  ResidentSetSize of job (KB)
...
006 (1269701.000.000) 2025-07-21 23:59:41 Image size of job updated: 2949348
	2660  -  MemoryUsage of job (MB)
	2722972  -  ResidentSetSize of job (KB)
...
040 (1269701.000.000) 2025-07-22 00:01:00 Started transferring output files
...
040 (1269701.000.000) 2025-07-22 00:01:00 Finished transferring output files
...
005 (1269701.000.000) 2025-07-22 00:01:00 Job terminated.
	(1) Normal termination (return value 0)
		Usr 0 00:08:52, Sys 0 00:00:35  -  Run Remote Usage
		Usr 0 00:00:00, Sys 0 00:00:00  -  Run Local Usage
		Usr 0 00:08:52, Sys 0 00:00:35  -  Total Remote Usage
		Usr 0 00:00:00, Sys 0 00:00:00  -  Total Local Usage
	76492  -  Run Bytes Sent By Job
	690289920  -  Run Bytes Received By Job
	76492  -  Total Bytes Sent By Job
	690289920  -  Total Bytes Received By Job
	Partitionable Resources :      Usage  Request Allocated 
	   Cpus                 :       0.47        2         2 
	   Disk (KB)            : 2774486      750000    751616 
	   GPUs                 :                             0 
	   Memory (MB)          :    2660       16000     16000 
	   TimeExecute (s)      :     693                       
	   TimeSlotBusy (s)     :     704                       

	Job terminated of its own accord at 2025-07-21T15:00:59Z with exit-code 0.
...
