000 (1269535.000.000) 2025-07-21 23:19:53 Job submitted from host: <172.30.1.200:9618?addrs=172.30.1.200-9618&alias=tamsa2&noUDP&sock=schedd_2531_a24a>
...
040 (1269535.000.000) 2025-07-21 23:20:08 Started transferring input files
	Transferring to host: <172.30.1.217:9618?addrs=172.30.1.217-9618&alias=node-w17.localdomain&noUDP&sock=slot1_7_6391_c99d_143365>
...
040 (1269535.000.000) 2025-07-21 23:20:17 Finished transferring input files
...
040 (1269535.000.000) 2025-07-21 23:20:18 Started transferring output files
...
040 (1269535.000.000) 2025-07-21 23:20:18 Finished transferring output files
...
021 (1269535.000.000) 2025-07-21 23:20:18 Error from starter on slot1_7@node-w17.localdomain:
	Failed to transfer files: SHADOW at 172.30.1.200 failed to send file(s) to <172.30.1.217:38253>: |Error: reading from file /data6/Users/achihwan/LRSM_tb_channel/SAMPLEPRODUCTION/using_matrix/condor/CR/DY/condorfile/scripts/run_TTLJ_powheg.py: (errno 2) No such file or directory; STARTER failed to receive file(s) from <172.30.1.200:9618>
	Code 13 Subcode 2
...
004 (1269535.000.000) 2025-07-21 23:20:18 Job was evicted.
	(0) CPU times
		Usr 0 00:00:00, Sys 0 00:00:00  -  Run Remote Usage
		Usr 0 00:00:00, Sys 0 00:00:00  -  Run Local Usage
	0  -  Run Bytes Sent By Job
	690346688  -  Run Bytes Received By Job
	Transfer input files failure at access point tamsa2 while sending files to execution point slot1_7@node-w17.localdomain. Details: reading from file /data6/Users/achihwan/LRSM_tb_channel/SAMPLEPRODUCTION/using_matrix/condor/CR/DY/condorfile/scripts/run_TTLJ_powheg.py: (errno 2) No such file or directory
	Partitionable Resources :    Usage  Request Allocated 
	   Cpus                 :                 2         2 
	   Disk (KB)            :   674183   750000    751616 
	   GPUs                 :                           0 
	   Memory (MB)          :             16000     16000 
...
012 (1269535.000.000) 2025-07-21 23:20:18 Job was held.
	Transfer input files failure at access point tamsa2 while sending files to execution point slot1_7@node-w17.localdomain. Details: reading from file /data6/Users/achihwan/LRSM_tb_channel/SAMPLEPRODUCTION/using_matrix/condor/CR/DY/condorfile/scripts/run_TTLJ_powheg.py: (errno 2) No such file or directory
	Code 13 Subcode 2
...
009 (1269535.000.000) 2025-07-21 23:31:11 Job was aborted.
	via condor_rm (by user achihwan)
...
000 (1269582.000.000) 2025-07-21 23:33:21 Job submitted from host: <172.30.1.200:9618?addrs=172.30.1.200-9618&alias=tamsa2&noUDP&sock=schedd_2531_a24a>
...
040 (1269582.000.000) 2025-07-21 23:33:40 Started transferring input files
	Transferring to host: <172.30.1.201:9618?addrs=172.30.1.201-9618&alias=node-w1.localdomain&noUDP&sock=slot1_5_5447_a777_117760>
...
001 (1269582.000.000) 2025-07-21 23:33:43 Job executing on host: <172.30.1.201:9618?addrs=172.30.1.201-9618&alias=node-w1.localdomain&noUDP&sock=startd_5412_c2a4>
	SlotName: slot1_5@node-w1.localdomain
	CondorScratchDir = "/var/lib/condor/execute/dir_309627"
	Cpus = 2
	Disk = 751617
	GPUs = 0
	Memory = 16000
...
040 (1269582.000.000) 2025-07-21 23:33:43 Finished transferring input files
...
006 (1269582.000.000) 2025-07-21 23:33:57 Image size of job updated: 1140680
	1114  -  MemoryUsage of job (MB)
	1140680  -  ResidentSetSize of job (KB)
...
006 (1269582.000.000) 2025-07-21 23:34:09 Image size of job updated: 2311372
	2149  -  MemoryUsage of job (MB)
	2199872  -  ResidentSetSize of job (KB)
...
040 (1269582.000.000) 2025-07-21 23:34:09 Started transferring output files
...
040 (1269582.000.000) 2025-07-21 23:34:09 Finished transferring output files
...
005 (1269582.000.000) 2025-07-21 23:34:09 Job terminated.
	(1) Normal termination (return value 0)
		Usr 0 00:00:19, Sys 0 00:00:03  -  Run Remote Usage
		Usr 0 00:00:00, Sys 0 00:00:00  -  Run Local Usage
		Usr 0 00:00:19, Sys 0 00:00:03  -  Total Remote Usage
		Usr 0 00:00:00, Sys 0 00:00:00  -  Total Local Usage
	84882  -  Run Bytes Sent By Job
	690364032  -  Run Bytes Received By Job
	84882  -  Total Bytes Sent By Job
	690364032  -  Total Bytes Received By Job
	Partitionable Resources :      Usage  Request Allocated 
	   Cpus                 :       0.00        2         2 
	   Disk (KB)            : 2774517      750000    751617 
	   GPUs                 :                             0 
	   Memory (MB)          :    2149       16000     16000 
	   TimeExecute (s)      :      26                       
	   TimeSlotBusy (s)     :      29                       

	Job terminated of its own accord at 2025-07-21T14:34:09Z with exit-code 0.
...
000 (1269629.000.000) 2025-07-21 23:36:39 Job submitted from host: <172.30.1.200:9618?addrs=172.30.1.200-9618&alias=tamsa2&noUDP&sock=schedd_2531_a24a>
...
040 (1269629.000.000) 2025-07-21 23:37:01 Started transferring input files
	Transferring to host: <172.30.1.204:9618?addrs=172.30.1.204-9618&alias=node-w4.localdomain&noUDP&sock=slot1_10_4930_6182_75106>
...
040 (1269629.000.000) 2025-07-21 23:37:05 Finished transferring input files
...
001 (1269629.000.000) 2025-07-21 23:37:05 Job executing on host: <172.30.1.204:9618?addrs=172.30.1.204-9618&alias=node-w4.localdomain&noUDP&sock=startd_4896_d3c6>
	SlotName: slot1_10@node-w4.localdomain
	CondorScratchDir = "/var/lib/condor/execute/dir_3565351"
	Cpus = 2
	Disk = 751616
	GPUs = 0
	Memory = 16000
...
006 (1269629.000.000) 2025-07-21 23:37:19 Image size of job updated: 1142284
	1116  -  MemoryUsage of job (MB)
	1142284  -  ResidentSetSize of job (KB)
...
006 (1269629.000.000) 2025-07-21 23:37:30 Image size of job updated: 2318332
	2149  -  MemoryUsage of job (MB)
	2199872  -  ResidentSetSize of job (KB)
...
040 (1269629.000.000) 2025-07-21 23:37:30 Started transferring output files
...
040 (1269629.000.000) 2025-07-21 23:37:30 Finished transferring output files
...
005 (1269629.000.000) 2025-07-21 23:37:31 Job terminated.
	(1) Normal termination (return value 0)
		Usr 0 00:00:19, Sys 0 00:00:02  -  Run Remote Usage
		Usr 0 00:00:00, Sys 0 00:00:00  -  Run Local Usage
		Usr 0 00:00:19, Sys 0 00:00:02  -  Total Remote Usage
		Usr 0 00:00:00, Sys 0 00:00:00  -  Total Local Usage
	84878  -  Run Bytes Sent By Job
	690364032  -  Run Bytes Received By Job
	84878  -  Total Bytes Sent By Job
	690364032  -  Total Bytes Received By Job
	Partitionable Resources :    Usage  Request Allocated 
	   Cpus                 :                 2         2 
	   Disk (KB)            :  2774510   750000    751616 
	   GPUs                 :                           0 
	   Memory (MB)          :     2149    16000     16000 
	   TimeExecute (s)      :       25                    
	   TimeSlotBusy (s)     :       34                    

	Job terminated of its own accord at 2025-07-21T14:37:30Z with exit-code 0.
...
000 (1269675.000.000) 2025-07-21 23:43:38 Job submitted from host: <172.30.1.200:9618?addrs=172.30.1.200-9618&alias=tamsa2&noUDP&sock=schedd_2531_a24a>
...
040 (1269675.000.000) 2025-07-21 23:43:57 Started transferring input files
	Transferring to host: <172.30.1.217:9618?addrs=172.30.1.217-9618&alias=node-w17.localdomain&noUDP&sock=slot1_12_6391_c99d_143511>
...
040 (1269675.000.000) 2025-07-21 23:44:03 Finished transferring input files
...
001 (1269675.000.000) 2025-07-21 23:44:03 Job executing on host: <172.30.1.217:9618?addrs=172.30.1.217-9618&alias=node-w17.localdomain&noUDP&sock=startd_6357_f3a4>
	SlotName: slot1_12@node-w17.localdomain
	CondorScratchDir = "/var/lib/condor/execute/dir_1064478"
	Cpus = 2
	Disk = 751616
	GPUs = 0
	Memory = 16000
...
006 (1269675.000.000) 2025-07-21 23:44:17 Image size of job updated: 887560
	867  -  MemoryUsage of job (MB)
	887560  -  ResidentSetSize of job (KB)
...
006 (1269675.000.000) 2025-07-21 23:44:34 Image size of job updated: 2300728
	2149  -  MemoryUsage of job (MB)
	2199872  -  ResidentSetSize of job (KB)
...
040 (1269675.000.000) 2025-07-21 23:44:35 Started transferring output files
...
040 (1269675.000.000) 2025-07-21 23:44:35 Finished transferring output files
...
005 (1269675.000.000) 2025-07-21 23:44:35 Job terminated.
	(1) Normal termination (return value 0)
		Usr 0 00:00:25, Sys 0 00:00:04  -  Run Remote Usage
		Usr 0 00:00:00, Sys 0 00:00:00  -  Run Local Usage
		Usr 0 00:00:25, Sys 0 00:00:04  -  Total Remote Usage
		Usr 0 00:00:00, Sys 0 00:00:00  -  Total Local Usage
	84668  -  Run Bytes Sent By Job
	690364032  -  Run Bytes Received By Job
	84668  -  Total Bytes Sent By Job
	690364032  -  Total Bytes Received By Job
	Partitionable Resources :    Usage  Request Allocated 
	   Cpus                 :        0        2         2 
	   Disk (KB)            :  2774517   750000    751616 
	   GPUs                 :                           0 
	   Memory (MB)          :     2149    16000     16000 
	   TimeExecute (s)      :       31                    
	   TimeSlotBusy (s)     :       38                    

	Job terminated of its own accord at 2025-07-21T14:44:34Z with exit-code 0.
...
000 (1269721.000.000) 2025-07-21 23:49:16 Job submitted from host: <172.30.1.200:9618?addrs=172.30.1.200-9618&alias=tamsa2&noUDP&sock=schedd_2531_a24a>
...
040 (1269721.000.000) 2025-07-21 23:49:36 Started transferring input files
	Transferring to host: <172.30.1.217:9618?addrs=172.30.1.217-9618&alias=node-w17.localdomain&noUDP&sock=slot1_8_6391_c99d_143519>
...
040 (1269721.000.000) 2025-07-21 23:49:41 Finished transferring input files
...
001 (1269721.000.000) 2025-07-21 23:49:41 Job executing on host: <172.30.1.217:9618?addrs=172.30.1.217-9618&alias=node-w17.localdomain&noUDP&sock=startd_6357_f3a4>
	SlotName: slot1_8@node-w17.localdomain
	CondorScratchDir = "/var/lib/condor/execute/dir_1064832"
	Cpus = 2
	Disk = 751616
	GPUs = 0
	Memory = 16000
...
006 (1269721.000.000) 2025-07-21 23:49:54 Image size of job updated: 802232
	784  -  MemoryUsage of job (MB)
	802232  -  ResidentSetSize of job (KB)
...
006 (1269721.000.000) 2025-07-21 23:54:54 Image size of job updated: 2827552
	2597  -  MemoryUsage of job (MB)
	2658824  -  ResidentSetSize of job (KB)
...
006 (1269721.000.000) 2025-07-21 23:59:55 Image size of job updated: 2835784
	2647  -  MemoryUsage of job (MB)
	2710200  -  ResidentSetSize of job (KB)
...
006 (1269721.000.000) 2025-07-22 00:04:56 Image size of job updated: 2835784
	2680  -  MemoryUsage of job (MB)
	2743332  -  ResidentSetSize of job (KB)
...
006 (1269721.000.000) 2025-07-22 00:09:57 Image size of job updated: 2835784
	2710  -  MemoryUsage of job (MB)
	2774136  -  ResidentSetSize of job (KB)
...
006 (1269721.000.000) 2025-07-22 00:14:58 Image size of job updated: 2952752
	2753  -  MemoryUsage of job (MB)
	2818544  -  ResidentSetSize of job (KB)
...
006 (1269721.000.000) 2025-07-22 00:19:58 Image size of job updated: 3242328
	3102  -  MemoryUsage of job (MB)
	3176076  -  ResidentSetSize of job (KB)
...
006 (1269721.000.000) 2025-07-22 00:45:03 Image size of job updated: 3562124
	3102  -  MemoryUsage of job (MB)
	3176076  -  ResidentSetSize of job (KB)
...
006 (1269721.000.000) 2025-07-22 00:50:04 Image size of job updated: 3562124
	3236  -  MemoryUsage of job (MB)
	3313220  -  ResidentSetSize of job (KB)
...
006 (1269721.000.000) 2025-07-22 00:55:05 Image size of job updated: 3562124
	3238  -  MemoryUsage of job (MB)
	3315268  -  ResidentSetSize of job (KB)
...
006 (1269721.000.000) 2025-07-22 01:00:06 Image size of job updated: 3618004
	3238  -  MemoryUsage of job (MB)
	3315268  -  ResidentSetSize of job (KB)
...
006 (1269721.000.000) 2025-07-22 01:30:11 Image size of job updated: 3618004
	3365  -  MemoryUsage of job (MB)
	3444768  -  ResidentSetSize of job (KB)
...
006 (1269721.000.000) 2025-07-22 01:35:12 Image size of job updated: 3807332
	3399  -  MemoryUsage of job (MB)
	3480204  -  ResidentSetSize of job (KB)
...
006 (1269721.000.000) 2025-07-22 01:45:14 Image size of job updated: 3807332
	3475  -  MemoryUsage of job (MB)
	3557808  -  ResidentSetSize of job (KB)
...
006 (1269721.000.000) 2025-07-22 02:05:17 Image size of job updated: 3807332
	3493  -  MemoryUsage of job (MB)
	3575824  -  ResidentSetSize of job (KB)
...
006 (1269721.000.000) 2025-07-22 02:15:17 Image size of job updated: 3835848
	3500  -  MemoryUsage of job (MB)
	3583500  -  ResidentSetSize of job (KB)
...
006 (1269721.000.000) 2025-07-22 02:20:17 Image size of job updated: 3883128
	3602  -  MemoryUsage of job (MB)
	3688160  -  ResidentSetSize of job (KB)
...
006 (1269721.000.000) 2025-07-22 02:25:17 Image size of job updated: 3883128
	3629  -  MemoryUsage of job (MB)
	3715404  -  ResidentSetSize of job (KB)
...
006 (1269721.000.000) 2025-07-22 02:30:17 Image size of job updated: 3952876
	3689  -  MemoryUsage of job (MB)
	3777444  -  ResidentSetSize of job (KB)
...
006 (1269721.000.000) 2025-07-22 02:35:17 Image size of job updated: 3952876
	3703  -  MemoryUsage of job (MB)
	3791328  -  ResidentSetSize of job (KB)
...
006 (1269721.000.000) 2025-07-22 02:40:17 Image size of job updated: 4852880
	4040  -  MemoryUsage of job (MB)
	4135976  -  ResidentSetSize of job (KB)
...
006 (1269721.000.000) 2025-07-22 02:45:17 Image size of job updated: 5408944
	4197  -  MemoryUsage of job (MB)
	4297216  -  ResidentSetSize of job (KB)
...
040 (1269721.000.000) 2025-07-22 02:48:21 Started transferring output files
...
040 (1269721.000.000) 2025-07-22 02:48:21 Finished transferring output files
...
005 (1269721.000.000) 2025-07-22 02:48:21 Job terminated.
	(1) Normal termination (return value 0)
		Usr 0 01:59:28, Sys 0 00:13:19  -  Run Remote Usage
		Usr 0 00:00:00, Sys 0 00:00:00  -  Run Local Usage
		Usr 0 01:59:28, Sys 0 00:13:19  -  Total Remote Usage
		Usr 0 00:00:00, Sys 0 00:00:00  -  Total Local Usage
	191711  -  Run Bytes Sent By Job
	690364032  -  Run Bytes Received By Job
	191711  -  Total Bytes Sent By Job
	690364032  -  Total Bytes Received By Job
	Partitionable Resources :      Usage  Request Allocated 
	   Cpus                 :       0.99        2         2 
	   Disk (KB)            : 2774665      750000    751616 
	   GPUs                 :                             0 
	   Memory (MB)          :    4197       16000     16000 
	   TimeExecute (s)      :   10720                       
	   TimeSlotBusy (s)     :   10725                       

	Job terminated of its own accord at 2025-07-21T17:48:21Z with exit-code 0.
...
