000 (1269493.000.000) 2025-07-21 23:19:49 Job submitted from host: <172.30.1.200:9618?addrs=172.30.1.200-9618&alias=tamsa2&noUDP&sock=schedd_2531_a24a>
...
040 (1269493.000.000) 2025-07-21 23:20:08 Started transferring input files
	Transferring to host: <172.30.1.214:9618?addrs=172.30.1.214-9618&alias=node-w14.localdomain&noUDP&sock=slot1_10_5193_b02c_110591>
...
040 (1269493.000.000) 2025-07-21 23:20:18 Finished transferring input files
...
040 (1269493.000.000) 2025-07-21 23:20:19 Started transferring output files
...
021 (1269493.000.000) 2025-07-21 23:20:19 Error from starter on slot1_10@node-w14.localdomain:
	Failed to transfer files: SHADOW at 172.30.1.200 failed to send file(s) to <172.30.1.214:42037>: |Error: reading from file /data6/Users/achihwan/LRSM_tb_channel/SAMPLEPRODUCTION/using_matrix/condor/CR/DY/condorfile/scripts/run_WJets.py: (errno 2) No such file or directory; STARTER failed to receive file(s) from <172.30.1.200:9618>
	Code 13 Subcode 2
...
004 (1269493.000.000) 2025-07-21 23:20:19 Job was evicted.
	(0) CPU times
		Usr 0 00:00:00, Sys 0 00:00:00  -  Run Remote Usage
		Usr 0 00:00:00, Sys 0 00:00:00  -  Run Local Usage
	0  -  Run Bytes Sent By Job
	690276992  -  Run Bytes Received By Job
	Transfer input files failure at access point tamsa2 while sending files to execution point slot1_10@node-w14.localdomain. Details: reading from file /data6/Users/achihwan/LRSM_tb_channel/SAMPLEPRODUCTION/using_matrix/condor/CR/DY/condorfile/scripts/run_WJets.py: (errno 2) No such file or directory
	Partitionable Resources :     Usage  Request Allocated 
	   Cpus                 :      0.49        2         2 
	   Disk (KB)            : 674121      750000    751616 
	   GPUs                 :                            0 
	   Memory (MB)          :              16000     16000 
...
012 (1269493.000.000) 2025-07-21 23:20:19 Job was held.
	Transfer input files failure at access point tamsa2 while sending files to execution point slot1_10@node-w14.localdomain. Details: reading from file /data6/Users/achihwan/LRSM_tb_channel/SAMPLEPRODUCTION/using_matrix/condor/CR/DY/condorfile/scripts/run_WJets.py: (errno 2) No such file or directory
	Code 13 Subcode 2
...
009 (1269493.000.000) 2025-07-21 23:31:11 Job was aborted.
	via condor_rm (by user achihwan)
...
000 (1269540.000.000) 2025-07-21 23:33:19 Job submitted from host: <172.30.1.200:9618?addrs=172.30.1.200-9618&alias=tamsa2&noUDP&sock=schedd_2531_a24a>
...
040 (1269540.000.000) 2025-07-21 23:33:19 Started transferring input files
	Transferring to host: <172.30.1.213:9618?addrs=172.30.1.213-9618&alias=node-w13.localdomain&noUDP&sock=slot1_9_4972_f943_113843>
...
040 (1269540.000.000) 2025-07-21 23:33:24 Finished transferring input files
...
001 (1269540.000.000) 2025-07-21 23:33:24 Job executing on host: <172.30.1.213:9618?addrs=172.30.1.213-9618&alias=node-w13.localdomain&noUDP&sock=startd_4938_a2c0>
	SlotName: slot1_9@node-w13.localdomain
	CondorScratchDir = "/var/lib/condor/execute/dir_3860261"
	Cpus = 2
	Disk = 751616
	GPUs = 0
	Memory = 16000
...
006 (1269540.000.000) 2025-07-21 23:33:37 Image size of job updated: 835476
	816  -  MemoryUsage of job (MB)
	835476  -  ResidentSetSize of job (KB)
...
006 (1269540.000.000) 2025-07-21 23:34:22 Image size of job updated: 3005100
	2149  -  MemoryUsage of job (MB)
	2199808  -  ResidentSetSize of job (KB)
...
040 (1269540.000.000) 2025-07-21 23:34:23 Started transferring output files
...
040 (1269540.000.000) 2025-07-21 23:34:23 Finished transferring output files
...
005 (1269540.000.000) 2025-07-21 23:34:23 Job terminated.
	(1) Normal termination (return value 0)
		Usr 0 00:00:43, Sys 0 00:00:10  -  Run Remote Usage
		Usr 0 00:00:00, Sys 0 00:00:00  -  Run Local Usage
		Usr 0 00:00:43, Sys 0 00:00:10  -  Total Remote Usage
		Usr 0 00:00:00, Sys 0 00:00:00  -  Total Local Usage
	19694  -  Run Bytes Sent By Job
	690294272  -  Run Bytes Received By Job
	19694  -  Total Bytes Sent By Job
	690294272  -  Total Bytes Received By Job
	Partitionable Resources :    Usage  Request Allocated 
	   Cpus                 :        0        2         2 
	   Disk (KB)            :  2774385   750000    751616 
	   GPUs                 :                           0 
	   Memory (MB)          :     2149    16000     16000 
	   TimeExecute (s)      :       58                    
	   TimeSlotBusy (s)     :       64                    

	Job terminated of its own accord at 2025-07-21T14:34:22Z with exit-code 0.
...
000 (1269587.000.000) 2025-07-21 23:36:36 Job submitted from host: <172.30.1.200:9618?addrs=172.30.1.200-9618&alias=tamsa2&noUDP&sock=schedd_2531_a24a>
...
040 (1269587.000.000) 2025-07-21 23:36:37 Started transferring input files
	Transferring to host: <172.30.1.213:9618?addrs=172.30.1.213-9618&alias=node-w13.localdomain&noUDP&sock=slot1_9_4972_f943_113913>
...
040 (1269587.000.000) 2025-07-21 23:36:41 Finished transferring input files
...
001 (1269587.000.000) 2025-07-21 23:36:41 Job executing on host: <172.30.1.213:9618?addrs=172.30.1.213-9618&alias=node-w13.localdomain&noUDP&sock=startd_4938_a2c0>
	SlotName: slot1_9@node-w13.localdomain
	CondorScratchDir = "/var/lib/condor/execute/dir_3862046"
	Cpus = 2
	Disk = 751616
	GPUs = 0
	Memory = 16000
...
006 (1269587.000.000) 2025-07-21 23:36:54 Image size of job updated: 671060
	656  -  MemoryUsage of job (MB)
	671060  -  ResidentSetSize of job (KB)
...
006 (1269587.000.000) 2025-07-21 23:37:43 Image size of job updated: 3318588
	2149  -  MemoryUsage of job (MB)
	2199808  -  ResidentSetSize of job (KB)
...
040 (1269587.000.000) 2025-07-21 23:37:44 Started transferring output files
...
040 (1269587.000.000) 2025-07-21 23:37:44 Finished transferring output files
...
005 (1269587.000.000) 2025-07-21 23:37:44 Job terminated.
	(1) Normal termination (return value 0)
		Usr 0 00:00:45, Sys 0 00:00:15  -  Run Remote Usage
		Usr 0 00:00:00, Sys 0 00:00:00  -  Run Local Usage
		Usr 0 00:00:45, Sys 0 00:00:15  -  Total Remote Usage
		Usr 0 00:00:00, Sys 0 00:00:00  -  Total Local Usage
	19685  -  Run Bytes Sent By Job
	690294272  -  Run Bytes Received By Job
	19685  -  Total Bytes Sent By Job
	690294272  -  Total Bytes Received By Job
	Partitionable Resources :    Usage  Request Allocated 
	   Cpus                 :                 2         2 
	   Disk (KB)            :  2774378   750000    751616 
	   GPUs                 :                           0 
	   Memory (MB)          :     2149    16000     16000 
	   TimeExecute (s)      :       62                    
	   TimeSlotBusy (s)     :       68                    

	Job terminated of its own accord at 2025-07-21T14:37:43Z with exit-code 0.
...
000 (1269633.000.000) 2025-07-21 23:43:36 Job submitted from host: <172.30.1.200:9618?addrs=172.30.1.200-9618&alias=tamsa2&noUDP&sock=schedd_2531_a24a>
...
040 (1269633.000.000) 2025-07-21 23:43:36 Started transferring input files
	Transferring to host: <172.30.1.213:9618?addrs=172.30.1.213-9618&alias=node-w13.localdomain&noUDP&sock=slot1_15_4972_f943_114026>
...
040 (1269633.000.000) 2025-07-21 23:43:40 Finished transferring input files
...
001 (1269633.000.000) 2025-07-21 23:43:40 Job executing on host: <172.30.1.213:9618?addrs=172.30.1.213-9618&alias=node-w13.localdomain&noUDP&sock=startd_4938_a2c0>
	SlotName: slot1_15@node-w13.localdomain
	CondorScratchDir = "/var/lib/condor/execute/dir_3865638"
	Cpus = 2
	Disk = 751616
	GPUs = 0
	Memory = 16000
...
006 (1269633.000.000) 2025-07-21 23:43:55 Image size of job updated: 959924
	938  -  MemoryUsage of job (MB)
	959924  -  ResidentSetSize of job (KB)
...
006 (1269633.000.000) 2025-07-21 23:44:39 Image size of job updated: 2966776
	2149  -  MemoryUsage of job (MB)
	2199808  -  ResidentSetSize of job (KB)
...
040 (1269633.000.000) 2025-07-21 23:44:39 Started transferring output files
...
040 (1269633.000.000) 2025-07-21 23:44:39 Finished transferring output files
...
005 (1269633.000.000) 2025-07-21 23:44:40 Job terminated.
	(1) Normal termination (return value 0)
		Usr 0 00:00:42, Sys 0 00:00:13  -  Run Remote Usage
		Usr 0 00:00:00, Sys 0 00:00:00  -  Run Local Usage
		Usr 0 00:00:42, Sys 0 00:00:13  -  Total Remote Usage
		Usr 0 00:00:00, Sys 0 00:00:00  -  Total Local Usage
	19481  -  Run Bytes Sent By Job
	690294272  -  Run Bytes Received By Job
	19481  -  Total Bytes Sent By Job
	690294272  -  Total Bytes Received By Job
	Partitionable Resources :    Usage  Request Allocated 
	   Cpus                 :                 2         2 
	   Disk (KB)            :  2774378   750000    751616 
	   GPUs                 :                           0 
	   Memory (MB)          :     2149    16000     16000 
	   TimeExecute (s)      :       59                    
	   TimeSlotBusy (s)     :       64                    

	Job terminated of its own accord at 2025-07-21T14:44:39Z with exit-code 0.
...
000 (1269679.000.000) 2025-07-21 23:49:14 Job submitted from host: <172.30.1.200:9618?addrs=172.30.1.200-9618&alias=tamsa2&noUDP&sock=schedd_2531_a24a>
...
040 (1269679.000.000) 2025-07-21 23:49:18 Started transferring input files
	Transferring to host: <172.30.1.213:9618?addrs=172.30.1.213-9618&alias=node-w13.localdomain&noUDP&sock=slot1_53_4972_f943_114136>
...
040 (1269679.000.000) 2025-07-21 23:49:24 Finished transferring input files
...
001 (1269679.000.000) 2025-07-21 23:49:24 Job executing on host: <172.30.1.213:9618?addrs=172.30.1.213-9618&alias=node-w13.localdomain&noUDP&sock=startd_4938_a2c0>
	SlotName: slot1_53@node-w13.localdomain
	CondorScratchDir = "/var/lib/condor/execute/dir_3868235"
	Cpus = 2
	Disk = 751616
	GPUs = 0
	Memory = 16000
...
006 (1269679.000.000) 2025-07-21 23:49:37 Image size of job updated: 888304
	868  -  MemoryUsage of job (MB)
	888304  -  ResidentSetSize of job (KB)
...
006 (1269679.000.000) 2025-07-21 23:54:37 Image size of job updated: 3288824
	2827  -  MemoryUsage of job (MB)
	2893928  -  ResidentSetSize of job (KB)
...
006 (1269679.000.000) 2025-07-21 23:59:38 Image size of job updated: 3694788
	2827  -  MemoryUsage of job (MB)
	2893928  -  ResidentSetSize of job (KB)
...
006 (1269679.000.000) 2025-07-22 00:04:40 Image size of job updated: 4263756
	3098  -  MemoryUsage of job (MB)
	3172264  -  ResidentSetSize of job (KB)
...
006 (1269679.000.000) 2025-07-22 00:09:41 Image size of job updated: 4410752
	3273  -  MemoryUsage of job (MB)
	3350708  -  ResidentSetSize of job (KB)
...
006 (1269679.000.000) 2025-07-22 00:14:41 Image size of job updated: 4436560
	3273  -  MemoryUsage of job (MB)
	3350708  -  ResidentSetSize of job (KB)
...
006 (1269679.000.000) 2025-07-22 00:24:44 Image size of job updated: 4436560
	3745  -  MemoryUsage of job (MB)
	3834852  -  ResidentSetSize of job (KB)
...
006 (1269679.000.000) 2025-07-22 00:39:45 Image size of job updated: 4454376
	3789  -  MemoryUsage of job (MB)
	3879188  -  ResidentSetSize of job (KB)
...
006 (1269679.000.000) 2025-07-22 00:59:47 Image size of job updated: 4467304
	3789  -  MemoryUsage of job (MB)
	3879188  -  ResidentSetSize of job (KB)
...
006 (1269679.000.000) 2025-07-22 01:09:49 Image size of job updated: 4614592
	3862  -  MemoryUsage of job (MB)
	3953888  -  ResidentSetSize of job (KB)
...
006 (1269679.000.000) 2025-07-22 01:14:50 Image size of job updated: 4614592
	3869  -  MemoryUsage of job (MB)
	3961852  -  ResidentSetSize of job (KB)
...
006 (1269679.000.000) 2025-07-22 01:34:53 Image size of job updated: 4614592
	4011  -  MemoryUsage of job (MB)
	4106680  -  ResidentSetSize of job (KB)
...
040 (1269679.000.000) 2025-07-22 01:37:29 Started transferring output files
...
040 (1269679.000.000) 2025-07-22 01:37:29 Finished transferring output files
...
005 (1269679.000.000) 2025-07-22 01:37:30 Job terminated.
	(1) Normal termination (return value 0)
		Usr 0 00:45:33, Sys 0 00:10:05  -  Run Remote Usage
		Usr 0 00:00:00, Sys 0 00:00:00  -  Run Local Usage
		Usr 0 00:45:33, Sys 0 00:10:05  -  Total Remote Usage
		Usr 0 00:00:00, Sys 0 00:00:00  -  Total Local Usage
	94315  -  Run Bytes Sent By Job
	690294272  -  Run Bytes Received By Job
	94315  -  Total Bytes Sent By Job
	690294272  -  Total Bytes Received By Job
	Partitionable Resources :      Usage  Request Allocated 
	   Cpus                 :       0.97        2         2 
	   Disk (KB)            : 2774518      750000    751616 
	   GPUs                 :                             0 
	   Memory (MB)          :    4011       16000     16000 
	   TimeExecute (s)      :    6485                       
	   TimeSlotBusy (s)     :    6492                       

	Job terminated of its own accord at 2025-07-21T16:37:29Z with exit-code 0.
...
