000 (1269526.000.000) 2025-07-21 23:19:52 Job submitted from host: <172.30.1.200:9618?addrs=172.30.1.200-9618&alias=tamsa2&noUDP&sock=schedd_2531_a24a>
...
040 (1269526.000.000) 2025-07-21 23:20:09 Started transferring input files
	Transferring to host: <172.30.1.217:9618?addrs=172.30.1.217-9618&alias=node-w17.localdomain&noUDP&sock=slot1_16_6391_c99d_143372>
...
040 (1269526.000.000) 2025-07-21 23:20:16 Finished transferring input files
...
040 (1269526.000.000) 2025-07-21 23:20:17 Started transferring output files
...
040 (1269526.000.000) 2025-07-21 23:20:17 Finished transferring output files
...
021 (1269526.000.000) 2025-07-21 23:20:17 Error from starter on slot1_16@node-w17.localdomain:
	Failed to transfer files: SHADOW at 172.30.1.200 failed to send file(s) to <172.30.1.217:35187>: |Error: reading from file /data6/Users/achihwan/LRSM_tb_channel/SAMPLEPRODUCTION/using_matrix/condor/CR/DY/condorfile/scripts/run_ZZto2Nu2Q.py: (errno 2) No such file or directory; STARTER failed to receive file(s) from <172.30.1.200:9618>
	Code 13 Subcode 2
...
004 (1269526.000.000) 2025-07-21 23:20:17 Job was evicted.
	(0) CPU times
		Usr 0 00:00:00, Sys 0 00:00:00  -  Run Remote Usage
		Usr 0 00:00:00, Sys 0 00:00:00  -  Run Local Usage
	0  -  Run Bytes Sent By Job
	690266752  -  Run Bytes Received By Job
	Transfer input files failure at access point tamsa2 while sending files to execution point slot1_16@node-w17.localdomain. Details: reading from file /data6/Users/achihwan/LRSM_tb_channel/SAMPLEPRODUCTION/using_matrix/condor/CR/DY/condorfile/scripts/run_ZZto2Nu2Q.py: (errno 2) No such file or directory
	Partitionable Resources :    Usage  Request Allocated 
	   Cpus                 :        0        2         2 
	   Disk (KB)            :   674111   750000    751616 
	   GPUs                 :                           0 
	   Memory (MB)          :             16000     16000 
...
012 (1269526.000.000) 2025-07-21 23:20:17 Job was held.
	Transfer input files failure at access point tamsa2 while sending files to execution point slot1_16@node-w17.localdomain. Details: reading from file /data6/Users/achihwan/LRSM_tb_channel/SAMPLEPRODUCTION/using_matrix/condor/CR/DY/condorfile/scripts/run_ZZto2Nu2Q.py: (errno 2) No such file or directory
	Code 13 Subcode 2
...
009 (1269526.000.000) 2025-07-21 23:31:11 Job was aborted.
	via condor_rm (by user achihwan)
...
000 (1269573.000.000) 2025-07-21 23:33:21 Job submitted from host: <172.30.1.200:9618?addrs=172.30.1.200-9618&alias=tamsa2&noUDP&sock=schedd_2531_a24a>
...
040 (1269573.000.000) 2025-07-21 23:33:40 Started transferring input files
	Transferring to host: <172.30.1.220:9618?addrs=172.30.1.220-9618&alias=node-w20.localdomain&noUDP&sock=slot1_7_5233_df2e_155129>
...
040 (1269573.000.000) 2025-07-21 23:33:45 Finished transferring input files
...
001 (1269573.000.000) 2025-07-21 23:33:45 Job executing on host: <172.30.1.220:9618?addrs=172.30.1.220-9618&alias=node-w20.localdomain&noUDP&sock=startd_5199_a8f8>
	SlotName: slot1_7@node-w20.localdomain
	CondorScratchDir = "/var/lib/condor/execute/dir_3144210"
	Cpus = 2
	Disk = 751616
	GPUs = 0
	Memory = 16000
...
006 (1269573.000.000) 2025-07-21 23:33:58 Image size of job updated: 989808
	967  -  MemoryUsage of job (MB)
	989808  -  ResidentSetSize of job (KB)
...
006 (1269573.000.000) 2025-07-21 23:34:11 Image size of job updated: 2299696
	2149  -  MemoryUsage of job (MB)
	2199800  -  ResidentSetSize of job (KB)
...
040 (1269573.000.000) 2025-07-21 23:34:11 Started transferring output files
...
040 (1269573.000.000) 2025-07-21 23:34:11 Finished transferring output files
...
005 (1269573.000.000) 2025-07-21 23:34:12 Job terminated.
	(1) Normal termination (return value 0)
		Usr 0 00:00:20, Sys 0 00:00:03  -  Run Remote Usage
		Usr 0 00:00:00, Sys 0 00:00:00  -  Run Local Usage
		Usr 0 00:00:20, Sys 0 00:00:03  -  Total Remote Usage
		Usr 0 00:00:00, Sys 0 00:00:00  -  Total Local Usage
	10064  -  Run Bytes Sent By Job
	690284096  -  Run Bytes Received By Job
	10064  -  Total Bytes Sent By Job
	690284096  -  Total Bytes Received By Job
	Partitionable Resources :    Usage  Request Allocated 
	   Cpus                 :                 2         2 
	   Disk (KB)            :  2774359   750000    751616 
	   GPUs                 :                           0 
	   Memory (MB)          :     2149    16000     16000 
	   TimeExecute (s)      :       26                    
	   TimeSlotBusy (s)     :       32                    

	Job terminated of its own accord at 2025-07-21T14:34:11Z with exit-code 0.
...
000 (1269620.000.000) 2025-07-21 23:36:38 Job submitted from host: <172.30.1.200:9618?addrs=172.30.1.200-9618&alias=tamsa2&noUDP&sock=schedd_2531_a24a>
...
040 (1269620.000.000) 2025-07-21 23:36:57 Started transferring input files
	Transferring to host: <172.30.1.202:9618?addrs=172.30.1.202-9618&alias=node-w2.localdomain&noUDP&sock=slot1_11_4999_ff64_74465>
...
040 (1269620.000.000) 2025-07-21 23:37:02 Finished transferring input files
...
001 (1269620.000.000) 2025-07-21 23:37:02 Job executing on host: <172.30.1.202:9618?addrs=172.30.1.202-9618&alias=node-w2.localdomain&noUDP&sock=startd_4964_7836>
	SlotName: slot1_11@node-w2.localdomain
	CondorScratchDir = "/var/lib/condor/execute/dir_522321"
	Cpus = 2
	Disk = 751616
	GPUs = 0
	Memory = 16000
...
006 (1269620.000.000) 2025-07-21 23:37:16 Image size of job updated: 1142440
	1116  -  MemoryUsage of job (MB)
	1142440  -  ResidentSetSize of job (KB)
...
006 (1269620.000.000) 2025-07-21 23:37:27 Image size of job updated: 2313728
	2149  -  MemoryUsage of job (MB)
	2199800  -  ResidentSetSize of job (KB)
...
040 (1269620.000.000) 2025-07-21 23:37:28 Started transferring output files
...
040 (1269620.000.000) 2025-07-21 23:37:28 Finished transferring output files
...
005 (1269620.000.000) 2025-07-21 23:37:28 Job terminated.
	(1) Normal termination (return value 0)
		Usr 0 00:00:19, Sys 0 00:00:03  -  Run Remote Usage
		Usr 0 00:00:00, Sys 0 00:00:00  -  Run Local Usage
		Usr 0 00:00:19, Sys 0 00:00:03  -  Total Remote Usage
		Usr 0 00:00:00, Sys 0 00:00:00  -  Total Local Usage
	10050  -  Run Bytes Sent By Job
	690284096  -  Run Bytes Received By Job
	10050  -  Total Bytes Sent By Job
	690284096  -  Total Bytes Received By Job
	Partitionable Resources :    Usage  Request Allocated 
	   Cpus                 :        0        2         2 
	   Disk (KB)            :  2774366   750000    751616 
	   GPUs                 :                           0 
	   Memory (MB)          :     2149    16000     16000 
	   TimeExecute (s)      :       25                    
	   TimeSlotBusy (s)     :       31                    

	Job terminated of its own accord at 2025-07-21T14:37:27Z with exit-code 0.
...
000 (1269666.000.000) 2025-07-21 23:43:38 Job submitted from host: <172.30.1.200:9618?addrs=172.30.1.200-9618&alias=tamsa2&noUDP&sock=schedd_2531_a24a>
...
040 (1269666.000.000) 2025-07-21 23:43:57 Started transferring input files
	Transferring to host: <172.30.1.217:9618?addrs=172.30.1.217-9618&alias=node-w17.localdomain&noUDP&sock=slot1_1_6391_c99d_143502>
...
040 (1269666.000.000) 2025-07-21 23:44:03 Finished transferring input files
...
001 (1269666.000.000) 2025-07-21 23:44:03 Job executing on host: <172.30.1.217:9618?addrs=172.30.1.217-9618&alias=node-w17.localdomain&noUDP&sock=startd_6357_f3a4>
	SlotName: slot1_1@node-w17.localdomain
	CondorScratchDir = "/var/lib/condor/execute/dir_1064461"
	Cpus = 2
	Disk = 751616
	GPUs = 0
	Memory = 16000
...
006 (1269666.000.000) 2025-07-21 23:44:16 Image size of job updated: 795992
	778  -  MemoryUsage of job (MB)
	795992  -  ResidentSetSize of job (KB)
...
006 (1269666.000.000) 2025-07-21 23:44:34 Image size of job updated: 2292724
	2149  -  MemoryUsage of job (MB)
	2199800  -  ResidentSetSize of job (KB)
...
040 (1269666.000.000) 2025-07-21 23:44:35 Started transferring output files
...
040 (1269666.000.000) 2025-07-21 23:44:35 Finished transferring output files
...
005 (1269666.000.000) 2025-07-21 23:44:35 Job terminated.
	(1) Normal termination (return value 0)
		Usr 0 00:00:25, Sys 0 00:00:04  -  Run Remote Usage
		Usr 0 00:00:00, Sys 0 00:00:00  -  Run Local Usage
		Usr 0 00:00:25, Sys 0 00:00:04  -  Total Remote Usage
		Usr 0 00:00:00, Sys 0 00:00:00  -  Total Local Usage
	9847  -  Run Bytes Sent By Job
	690284096  -  Run Bytes Received By Job
	9847  -  Total Bytes Sent By Job
	690284096  -  Total Bytes Received By Job
	Partitionable Resources :    Usage  Request Allocated 
	   Cpus                 :                 2         2 
	   Disk (KB)            :  2774359   750000    751616 
	   GPUs                 :                           0 
	   Memory (MB)          :     2149    16000     16000 
	   TimeExecute (s)      :       31                    
	   TimeSlotBusy (s)     :       39                    

	Job terminated of its own accord at 2025-07-21T14:44:34Z with exit-code 0.
...
000 (1269712.000.000) 2025-07-21 23:49:15 Job submitted from host: <172.30.1.200:9618?addrs=172.30.1.200-9618&alias=tamsa2&noUDP&sock=schedd_2531_a24a>
...
040 (1269712.000.000) 2025-07-21 23:49:16 Started transferring input files
	Transferring to host: <172.30.1.212:9618?addrs=172.30.1.212-9618&alias=node-w12.localdomain&noUDP&sock=slot1_2_4978_3384_111185>
...
040 (1269712.000.000) 2025-07-21 23:49:26 Finished transferring input files
...
001 (1269712.000.000) 2025-07-21 23:49:26 Job executing on host: <172.30.1.212:9618?addrs=172.30.1.212-9618&alias=node-w12.localdomain&noUDP&sock=startd_4944_c052>
	SlotName: slot1_2@node-w12.localdomain
	CondorScratchDir = "/var/lib/condor/execute/dir_872549"
	Cpus = 2
	Disk = 751616
	GPUs = 0
	Memory = 16000
...
006 (1269712.000.000) 2025-07-21 23:49:39 Image size of job updated: 917520
	897  -  MemoryUsage of job (MB)
	917520  -  ResidentSetSize of job (KB)
...
006 (1269712.000.000) 2025-07-21 23:54:39 Image size of job updated: 2590252
	2382  -  MemoryUsage of job (MB)
	2438648  -  ResidentSetSize of job (KB)
...
006 (1269712.000.000) 2025-07-21 23:54:51 Image size of job updated: 2590252
	2388  -  MemoryUsage of job (MB)
	2445296  -  ResidentSetSize of job (KB)
...
040 (1269712.000.000) 2025-07-21 23:54:52 Started transferring output files
...
040 (1269712.000.000) 2025-07-21 23:54:52 Finished transferring output files
...
005 (1269712.000.000) 2025-07-21 23:54:52 Job terminated.
	(1) Normal termination (return value 0)
		Usr 0 00:04:14, Sys 0 00:00:17  -  Run Remote Usage
		Usr 0 00:00:00, Sys 0 00:00:00  -  Run Local Usage
		Usr 0 00:04:14, Sys 0 00:00:17  -  Total Remote Usage
		Usr 0 00:00:00, Sys 0 00:00:00  -  Total Local Usage
	57000  -  Run Bytes Sent By Job
	690284096  -  Run Bytes Received By Job
	57000  -  Total Bytes Sent By Job
	690284096  -  Total Bytes Received By Job
	Partitionable Resources :      Usage  Request Allocated 
	   Cpus                 :       0.56        2         2 
	   Disk (KB)            : 2774451      750000    751616 
	   GPUs                 :                             0 
	   Memory (MB)          :    2388       16000     16000 
	   TimeExecute (s)      :     325                       
	   TimeSlotBusy (s)     :     336                       

	Job terminated of its own accord at 2025-07-21T14:54:51Z with exit-code 0.
...
