000 (1269528.000.000) 2025-07-21 23:19:52 Job submitted from host: <172.30.1.200:9618?addrs=172.30.1.200-9618&alias=tamsa2&noUDP&sock=schedd_2531_a24a>
...
040 (1269528.000.000) 2025-07-21 23:20:09 Started transferring input files
	Transferring to host: <172.30.1.217:9618?addrs=172.30.1.217-9618&alias=node-w17.localdomain&noUDP&sock=slot1_18_6391_c99d_143375>
...
040 (1269528.000.000) 2025-07-21 23:20:17 Finished transferring input files
...
040 (1269528.000.000) 2025-07-21 23:20:18 Started transferring output files
...
021 (1269528.000.000) 2025-07-21 23:20:18 Error from starter on slot1_18@node-w17.localdomain:
	Failed to transfer files: SHADOW at 172.30.1.200 failed to send file(s) to <172.30.1.217:46389>: |Error: reading from file /data6/Users/achihwan/LRSM_tb_channel/SAMPLEPRODUCTION/using_matrix/condor/CR/DY/condorfile/scripts/run_ZZto4L.py: (errno 2) No such file or directory; STARTER failed to receive file(s) from <172.30.1.200:9618>
	Code 13 Subcode 2
...
004 (1269528.000.000) 2025-07-21 23:20:18 Job was evicted.
	(0) CPU times
		Usr 0 00:00:00, Sys 0 00:00:00  -  Run Remote Usage
		Usr 0 00:00:00, Sys 0 00:00:00  -  Run Local Usage
	0  -  Run Bytes Sent By Job
	690290112  -  Run Bytes Received By Job
	Transfer input files failure at access point tamsa2 while sending files to execution point slot1_18@node-w17.localdomain. Details: reading from file /data6/Users/achihwan/LRSM_tb_channel/SAMPLEPRODUCTION/using_matrix/condor/CR/DY/condorfile/scripts/run_ZZto4L.py: (errno 2) No such file or directory
	Partitionable Resources :    Usage  Request Allocated 
	   Cpus                 :        0        2         2 
	   Disk (KB)            :   674134   750000    751616 
	   GPUs                 :                           0 
	   Memory (MB)          :             16000     16000 
...
012 (1269528.000.000) 2025-07-21 23:20:18 Job was held.
	Transfer input files failure at access point tamsa2 while sending files to execution point slot1_18@node-w17.localdomain. Details: reading from file /data6/Users/achihwan/LRSM_tb_channel/SAMPLEPRODUCTION/using_matrix/condor/CR/DY/condorfile/scripts/run_ZZto4L.py: (errno 2) No such file or directory
	Code 13 Subcode 2
...
009 (1269528.000.000) 2025-07-21 23:31:11 Job was aborted.
	via condor_rm (by user achihwan)
...
000 (1269575.000.000) 2025-07-21 23:33:21 Job submitted from host: <172.30.1.200:9618?addrs=172.30.1.200-9618&alias=tamsa2&noUDP&sock=schedd_2531_a24a>
...
040 (1269575.000.000) 2025-07-21 23:33:43 Started transferring input files
	Transferring to host: <172.30.1.220:9618?addrs=172.30.1.220-9618&alias=node-w20.localdomain&noUDP&sock=slot1_11_5233_df2e_155131>
...
040 (1269575.000.000) 2025-07-21 23:33:48 Finished transferring input files
...
001 (1269575.000.000) 2025-07-21 23:33:48 Job executing on host: <172.30.1.220:9618?addrs=172.30.1.220-9618&alias=node-w20.localdomain&noUDP&sock=startd_5199_a8f8>
	SlotName: slot1_11@node-w20.localdomain
	CondorScratchDir = "/var/lib/condor/execute/dir_3144213"
	Cpus = 2
	Disk = 751616
	GPUs = 0
	Memory = 16000
...
006 (1269575.000.000) 2025-07-21 23:34:01 Image size of job updated: 770236
	753  -  MemoryUsage of job (MB)
	770236  -  ResidentSetSize of job (KB)
...
006 (1269575.000.000) 2025-07-21 23:34:18 Image size of job updated: 2199820
	2149  -  MemoryUsage of job (MB)
	2199820  -  ResidentSetSize of job (KB)
...
040 (1269575.000.000) 2025-07-21 23:34:18 Started transferring output files
...
040 (1269575.000.000) 2025-07-21 23:34:18 Finished transferring output files
...
005 (1269575.000.000) 2025-07-21 23:34:18 Job terminated.
	(1) Normal termination (return value 0)
		Usr 0 00:00:23, Sys 0 00:00:04  -  Run Remote Usage
		Usr 0 00:00:00, Sys 0 00:00:00  -  Run Local Usage
		Usr 0 00:00:23, Sys 0 00:00:04  -  Total Remote Usage
		Usr 0 00:00:00, Sys 0 00:00:00  -  Total Local Usage
	31873  -  Run Bytes Sent By Job
	690307456  -  Run Bytes Received By Job
	31873  -  Total Bytes Sent By Job
	690307456  -  Total Bytes Received By Job
	Partitionable Resources :    Usage  Request Allocated 
	   Cpus                 :                 2         2 
	   Disk (KB)            :  2774403   750000    751616 
	   GPUs                 :                           0 
	   Memory (MB)          :     2149    16000     16000 
	   TimeExecute (s)      :       30                    
	   TimeSlotBusy (s)     :       38                    

	Job terminated of its own accord at 2025-07-21T14:34:18Z with exit-code 0.
...
000 (1269622.000.000) 2025-07-21 23:36:38 Job submitted from host: <172.30.1.200:9618?addrs=172.30.1.200-9618&alias=tamsa2&noUDP&sock=schedd_2531_a24a>
...
040 (1269622.000.000) 2025-07-21 23:36:57 Started transferring input files
	Transferring to host: <172.30.1.204:9618?addrs=172.30.1.204-9618&alias=node-w4.localdomain&noUDP&sock=slot1_2_4930_6182_75099>
...
040 (1269622.000.000) 2025-07-21 23:37:04 Finished transferring input files
...
001 (1269622.000.000) 2025-07-21 23:37:04 Job executing on host: <172.30.1.204:9618?addrs=172.30.1.204-9618&alias=node-w4.localdomain&noUDP&sock=startd_4896_d3c6>
	SlotName: slot1_2@node-w4.localdomain
	CondorScratchDir = "/var/lib/condor/execute/dir_3565340"
	Cpus = 2
	Disk = 751616
	GPUs = 0
	Memory = 16000
...
006 (1269622.000.000) 2025-07-21 23:37:18 Image size of job updated: 1142188
	1116  -  MemoryUsage of job (MB)
	1142188  -  ResidentSetSize of job (KB)
...
006 (1269622.000.000) 2025-07-21 23:37:30 Image size of job updated: 2325928
	2149  -  MemoryUsage of job (MB)
	2199820  -  ResidentSetSize of job (KB)
...
040 (1269622.000.000) 2025-07-21 23:37:30 Started transferring output files
...
040 (1269622.000.000) 2025-07-21 23:37:30 Finished transferring output files
...
005 (1269622.000.000) 2025-07-21 23:37:30 Job terminated.
	(1) Normal termination (return value 0)
		Usr 0 00:00:19, Sys 0 00:00:03  -  Run Remote Usage
		Usr 0 00:00:00, Sys 0 00:00:00  -  Run Local Usage
		Usr 0 00:00:19, Sys 0 00:00:03  -  Total Remote Usage
		Usr 0 00:00:00, Sys 0 00:00:00  -  Total Local Usage
	31864  -  Run Bytes Sent By Job
	690307392  -  Run Bytes Received By Job
	31864  -  Total Bytes Sent By Job
	690307392  -  Total Bytes Received By Job
	Partitionable Resources :    Usage  Request Allocated 
	   Cpus                 :        0        2         2 
	   Disk (KB)            :  2774410   750000    751616 
	   GPUs                 :                           0 
	   Memory (MB)          :     2149    16000     16000 
	   TimeExecute (s)      :       26                    
	   TimeSlotBusy (s)     :       33                    

	Job terminated of its own accord at 2025-07-21T14:37:30Z with exit-code 0.
...
000 (1269668.000.000) 2025-07-21 23:43:38 Job submitted from host: <172.30.1.200:9618?addrs=172.30.1.200-9618&alias=tamsa2&noUDP&sock=schedd_2531_a24a>
...
040 (1269668.000.000) 2025-07-21 23:43:57 Started transferring input files
	Transferring to host: <172.30.1.217:9618?addrs=172.30.1.217-9618&alias=node-w17.localdomain&noUDP&sock=slot1_4_6391_c99d_143504>
...
040 (1269668.000.000) 2025-07-21 23:44:03 Finished transferring input files
...
001 (1269668.000.000) 2025-07-21 23:44:03 Job executing on host: <172.30.1.217:9618?addrs=172.30.1.217-9618&alias=node-w17.localdomain&noUDP&sock=startd_6357_f3a4>
	SlotName: slot1_4@node-w17.localdomain
	CondorScratchDir = "/var/lib/condor/execute/dir_1064464"
	Cpus = 2
	Disk = 751616
	GPUs = 0
	Memory = 16000
...
006 (1269668.000.000) 2025-07-21 23:44:16 Image size of job updated: 798128
	780  -  MemoryUsage of job (MB)
	798128  -  ResidentSetSize of job (KB)
...
006 (1269668.000.000) 2025-07-21 23:44:35 Image size of job updated: 2292392
	2149  -  MemoryUsage of job (MB)
	2199820  -  ResidentSetSize of job (KB)
...
040 (1269668.000.000) 2025-07-21 23:44:35 Started transferring output files
...
040 (1269668.000.000) 2025-07-21 23:44:35 Finished transferring output files
...
005 (1269668.000.000) 2025-07-21 23:44:35 Job terminated.
	(1) Normal termination (return value 0)
		Usr 0 00:00:25, Sys 0 00:00:04  -  Run Remote Usage
		Usr 0 00:00:00, Sys 0 00:00:00  -  Run Local Usage
		Usr 0 00:00:25, Sys 0 00:00:04  -  Total Remote Usage
		Usr 0 00:00:00, Sys 0 00:00:00  -  Total Local Usage
	31659  -  Run Bytes Sent By Job
	690307392  -  Run Bytes Received By Job
	31659  -  Total Bytes Sent By Job
	690307392  -  Total Bytes Received By Job
	Partitionable Resources :    Usage  Request Allocated 
	   Cpus                 :                 2         2 
	   Disk (KB)            :  2774403   750000    751616 
	   GPUs                 :                           0 
	   Memory (MB)          :     2149    16000     16000 
	   TimeExecute (s)      :       32                    
	   TimeSlotBusy (s)     :       38                    

	Job terminated of its own accord at 2025-07-21T14:44:35Z with exit-code 0.
...
000 (1269714.000.000) 2025-07-21 23:49:15 Job submitted from host: <172.30.1.200:9618?addrs=172.30.1.200-9618&alias=tamsa2&noUDP&sock=schedd_2531_a24a>
...
040 (1269714.000.000) 2025-07-21 23:49:16 Started transferring input files
	Transferring to host: <172.30.1.212:9618?addrs=172.30.1.212-9618&alias=node-w12.localdomain&noUDP&sock=slot1_4_4978_3384_111187>
...
040 (1269714.000.000) 2025-07-21 23:49:26 Finished transferring input files
...
001 (1269714.000.000) 2025-07-21 23:49:26 Job executing on host: <172.30.1.212:9618?addrs=172.30.1.212-9618&alias=node-w12.localdomain&noUDP&sock=startd_4944_c052>
	SlotName: slot1_4@node-w12.localdomain
	CondorScratchDir = "/var/lib/condor/execute/dir_872553"
	Cpus = 2
	Disk = 751616
	GPUs = 0
	Memory = 16000
...
006 (1269714.000.000) 2025-07-21 23:49:39 Image size of job updated: 904496
	884  -  MemoryUsage of job (MB)
	904496  -  ResidentSetSize of job (KB)
...
006 (1269714.000.000) 2025-07-21 23:54:40 Image size of job updated: 2622912
	2474  -  MemoryUsage of job (MB)
	2532740  -  ResidentSetSize of job (KB)
...
006 (1269714.000.000) 2025-07-21 23:59:41 Image size of job updated: 2676412
	2610  -  MemoryUsage of job (MB)
	2671884  -  ResidentSetSize of job (KB)
...
006 (1269714.000.000) 2025-07-22 00:04:42 Image size of job updated: 2794096
	2719  -  MemoryUsage of job (MB)
	2783348  -  ResidentSetSize of job (KB)
...
006 (1269714.000.000) 2025-07-22 00:09:43 Image size of job updated: 2857460
	2787  -  MemoryUsage of job (MB)
	2853212  -  ResidentSetSize of job (KB)
...
006 (1269714.000.000) 2025-07-22 00:14:44 Image size of job updated: 2880612
	2787  -  MemoryUsage of job (MB)
	2853212  -  ResidentSetSize of job (KB)
...
006 (1269714.000.000) 2025-07-22 00:18:42 Image size of job updated: 3251356
	2787  -  MemoryUsage of job (MB)
	2853212  -  ResidentSetSize of job (KB)
...
040 (1269714.000.000) 2025-07-22 00:18:42 Started transferring output files
...
040 (1269714.000.000) 2025-07-22 00:18:42 Finished transferring output files
...
005 (1269714.000.000) 2025-07-22 00:18:42 Job terminated.
	(1) Normal termination (return value 0)
		Usr 0 00:22:00, Sys 0 00:00:40  -  Run Remote Usage
		Usr 0 00:00:00, Sys 0 00:00:00  -  Run Local Usage
		Usr 0 00:22:00, Sys 0 00:00:40  -  Total Remote Usage
		Usr 0 00:00:00, Sys 0 00:00:00  -  Total Local Usage
	111468  -  Run Bytes Sent By Job
	690307456  -  Run Bytes Received By Job
	111468  -  Total Bytes Sent By Job
	690307456  -  Total Bytes Received By Job
	Partitionable Resources :      Usage  Request Allocated 
	   Cpus                 :       1.00        2         2 
	   Disk (KB)            : 2774543      750000    751616 
	   GPUs                 :                             0 
	   Memory (MB)          :    2787       16000     16000 
	   TimeExecute (s)      :    1756                       
	   TimeSlotBusy (s)     :    1766                       

	Job terminated of its own accord at 2025-07-21T15:18:42Z with exit-code 0.
...
