000 (1253664.000.000) 2025-07-17 20:48:10 Job submitted from host: <172.30.1.200:9618?addrs=172.30.1.200-9618&alias=tamsa2&noUDP&sock=schedd_2531_a24a>
...
040 (1253664.000.000) 2025-07-17 20:48:22 Started transferring input files
	Transferring to host: <172.30.1.216:9618?addrs=172.30.1.216-9618&alias=node-w16.localdomain&noUDP&sock=slot1_70_5179_d2ec_91421>
...
040 (1253664.000.000) 2025-07-17 20:48:26 Finished transferring input files
...
001 (1253664.000.000) 2025-07-17 20:48:26 Job executing on host: <172.30.1.216:9618?addrs=172.30.1.216-9618&alias=node-w16.localdomain&noUDP&sock=startd_5145_9edb>
	SlotName: slot1_70@node-w16.localdomain
	CondorScratchDir = "/var/lib/condor/execute/dir_2848046"
	Cpus = 2
	Disk = 751616
	GPUs = 0
	Memory = 16000
...
006 (1253664.000.000) 2025-07-17 20:48:40 Image size of job updated: 827956
	809  -  MemoryUsage of job (MB)
	827956  -  ResidentSetSize of job (KB)
...
006 (1253664.000.000) 2025-07-17 20:53:41 Image size of job updated: 2316052
	2262  -  MemoryUsage of job (MB)
	2316052  -  ResidentSetSize of job (KB)
...
006 (1253664.000.000) 2025-07-17 20:54:30 Image size of job updated: 2317716
	2262  -  MemoryUsage of job (MB)
	2316052  -  ResidentSetSize of job (KB)
...
040 (1253664.000.000) 2025-07-17 20:54:30 Started transferring output files
...
040 (1253664.000.000) 2025-07-17 20:54:30 Finished transferring output files
...
005 (1253664.000.000) 2025-07-17 20:54:31 Job terminated.
	(1) Normal termination (return value 0)
		Usr 0 00:05:48, Sys 0 00:00:07  -  Run Remote Usage
		Usr 0 00:00:00, Sys 0 00:00:00  -  Run Local Usage
		Usr 0 00:05:48, Sys 0 00:00:07  -  Total Remote Usage
		Usr 0 00:00:00, Sys 0 00:00:00  -  Total Local Usage
	158073  -  Run Bytes Sent By Job
	690300352  -  Run Bytes Received By Job
	158073  -  Total Bytes Sent By Job
	690300352  -  Total Bytes Received By Job
	Partitionable Resources :      Usage  Request Allocated 
	   Cpus                 :       0.99        2         2 
	   Disk (KB)            : 2774648      750000    751616 
	   GPUs                 :                             0 
	   Memory (MB)          :    2262       16000     16000 
	   TimeExecute (s)      :     364                       
	   TimeSlotBusy (s)     :     369                       

	Job terminated of its own accord at 2025-07-17T11:54:30Z with exit-code 0.
...
000 (1266935.000.000) 2025-07-21 15:28:57 Job submitted from host: <172.30.1.200:9618?addrs=172.30.1.200-9618&alias=tamsa2&noUDP&sock=schedd_2531_a24a>
...
040 (1266935.000.000) 2025-07-21 15:28:57 Started transferring input files
	Transferring to host: <172.30.1.214:9618?addrs=172.30.1.214-9618&alias=node-w14.localdomain&noUDP&sock=slot1_24_5193_b02c_108635>
...
040 (1266935.000.000) 2025-07-21 15:29:02 Finished transferring input files
...
040 (1266935.000.000) 2025-07-21 15:29:03 Started transferring output files
...
021 (1266935.000.000) 2025-07-21 15:29:03 Error from starter on slot1_24@node-w14.localdomain:
	Failed to transfer files: SHADOW at 172.30.1.200 failed to send file(s) to <172.30.1.214:36203>: |Error: reading from file /data6/Users/achihwan/LRSM_tb_channel/SAMPLEPRODUCTION/using_matrix/condor/sig/SIGjson/WRtoNMutoMuMuTB-HadTop_MWR-3000_MN-2900_13p6TeV.json: (errno 2) No such file or directory; STARTER failed to receive file(s) from <172.30.1.200:9618>
	Code 13 Subcode 2
...
004 (1266935.000.000) 2025-07-21 15:29:03 Job was evicted.
	(0) CPU times
		Usr 0 00:00:00, Sys 0 00:00:00  -  Run Remote Usage
		Usr 0 00:00:00, Sys 0 00:00:00  -  Run Local Usage
	0  -  Run Bytes Sent By Job
	690279808  -  Run Bytes Received By Job
	Transfer input files failure at access point tamsa2 while sending files to execution point slot1_24@node-w14.localdomain. Details: reading from file /data6/Users/achihwan/LRSM_tb_channel/SAMPLEPRODUCTION/using_matrix/condor/sig/SIGjson/WRtoNMutoMuMuTB-HadTop_MWR-3000_MN-2900_13p6TeV.json: (errno 2) No such file or directory
	Partitionable Resources :    Usage  Request Allocated 
	   Cpus                 :        0        2         2 
	   Disk (KB)            :   674125   750000    751616 
	   GPUs                 :                           0 
	   Memory (MB)          :             16000     16000 
...
012 (1266935.000.000) 2025-07-21 15:29:03 Job was held.
	Transfer input files failure at access point tamsa2 while sending files to execution point slot1_24@node-w14.localdomain. Details: reading from file /data6/Users/achihwan/LRSM_tb_channel/SAMPLEPRODUCTION/using_matrix/condor/sig/SIGjson/WRtoNMutoMuMuTB-HadTop_MWR-3000_MN-2900_13p6TeV.json: (errno 2) No such file or directory
	Code 13 Subcode 2
...
000 (1267103.000.000) 2025-07-21 16:17:21 Job submitted from host: <172.30.1.200:9618?addrs=172.30.1.200-9618&alias=tamsa2&noUDP&sock=schedd_2531_a24a>
...
040 (1267103.000.000) 2025-07-21 16:17:22 Started transferring input files
	Transferring to host: <172.30.1.213:9618?addrs=172.30.1.213-9618&alias=node-w13.localdomain&noUDP&sock=slot1_52_4972_f943_112692>
...
040 (1267103.000.000) 2025-07-21 16:17:28 Finished transferring input files
...
001 (1267103.000.000) 2025-07-21 16:17:28 Job executing on host: <172.30.1.213:9618?addrs=172.30.1.213-9618&alias=node-w13.localdomain&noUDP&sock=startd_4938_a2c0>
	SlotName: slot1_52@node-w13.localdomain
	CondorScratchDir = "/var/lib/condor/execute/dir_3571131"
	Cpus = 2
	Disk = 751616
	GPUs = 0
	Memory = 16000
...
006 (1267103.000.000) 2025-07-21 16:17:41 Image size of job updated: 804860
	786  -  MemoryUsage of job (MB)
	804860  -  ResidentSetSize of job (KB)
...
006 (1267103.000.000) 2025-07-21 16:22:42 Image size of job updated: 2319356
	2262  -  MemoryUsage of job (MB)
	2315732  -  ResidentSetSize of job (KB)
...
006 (1267103.000.000) 2025-07-21 16:23:00 Image size of job updated: 2333120
	2262  -  MemoryUsage of job (MB)
	2315732  -  ResidentSetSize of job (KB)
...
040 (1267103.000.000) 2025-07-21 16:23:00 Started transferring output files
...
040 (1267103.000.000) 2025-07-21 16:23:00 Finished transferring output files
...
005 (1267103.000.000) 2025-07-21 16:23:00 Job terminated.
	(1) Normal termination (return value 0)
		Usr 0 00:05:06, Sys 0 00:00:07  -  Run Remote Usage
		Usr 0 00:00:00, Sys 0 00:00:00  -  Run Local Usage
		Usr 0 00:05:06, Sys 0 00:00:07  -  Total Remote Usage
		Usr 0 00:00:00, Sys 0 00:00:00  -  Total Local Usage
	162471  -  Run Bytes Sent By Job
	690303680  -  Run Bytes Received By Job
	162471  -  Total Bytes Sent By Job
	690303680  -  Total Bytes Received By Job
	Partitionable Resources :      Usage  Request Allocated 
	   Cpus                 :       0.90        2         2 
	   Disk (KB)            : 2774658      750000    751616 
	   GPUs                 :                             0 
	   Memory (MB)          :    2262       16000     16000 
	   TimeExecute (s)      :     332                       
	   TimeSlotBusy (s)     :     339                       

	Job terminated of its own accord at 2025-07-21T07:22:59Z with exit-code 0.
...
009 (1266935.000.000) 2025-07-21 18:04:41 Job was aborted.
	via condor_rm (by user achihwan)
...
