000 (1253661.000.000) 2025-07-17 20:48:09 Job submitted from host: <172.30.1.200:9618?addrs=172.30.1.200-9618&alias=tamsa2&noUDP&sock=schedd_2531_a24a>
...
040 (1253661.000.000) 2025-07-17 20:48:21 Started transferring input files
	Transferring to host: <172.30.1.216:9618?addrs=172.30.1.216-9618&alias=node-w16.localdomain&noUDP&sock=slot1_67_5179_d2ec_91418>
...
040 (1253661.000.000) 2025-07-17 20:48:26 Finished transferring input files
...
001 (1253661.000.000) 2025-07-17 20:48:26 Job executing on host: <172.30.1.216:9618?addrs=172.30.1.216-9618&alias=node-w16.localdomain&noUDP&sock=startd_5145_9edb>
	SlotName: slot1_67@node-w16.localdomain
	CondorScratchDir = "/var/lib/condor/execute/dir_2848041"
	Cpus = 2
	Disk = 751616
	GPUs = 0
	Memory = 16000
...
006 (1253661.000.000) 2025-07-17 20:48:40 Image size of job updated: 780856
	763  -  MemoryUsage of job (MB)
	780856  -  ResidentSetSize of job (KB)
...
006 (1253661.000.000) 2025-07-17 20:53:07 Image size of job updated: 2319960
	2149  -  MemoryUsage of job (MB)
	2200032  -  ResidentSetSize of job (KB)
...
040 (1253661.000.000) 2025-07-17 20:53:08 Started transferring output files
...
040 (1253661.000.000) 2025-07-17 20:53:08 Finished transferring output files
...
005 (1253661.000.000) 2025-07-17 20:53:08 Job terminated.
	(1) Normal termination (return value 0)
		Usr 0 00:04:29, Sys 0 00:00:06  -  Run Remote Usage
		Usr 0 00:00:00, Sys 0 00:00:00  -  Run Local Usage
		Usr 0 00:04:29, Sys 0 00:00:06  -  Total Remote Usage
		Usr 0 00:00:00, Sys 0 00:00:00  -  Total Local Usage
	133319  -  Run Bytes Sent By Job
	690296384  -  Run Bytes Received By Job
	133319  -  Total Bytes Sent By Job
	690296384  -  Total Bytes Received By Job
	Partitionable Resources :      Usage  Request Allocated 
	   Cpus                 :       0.99        2         2 
	   Disk (KB)            : 2774601      750000    751616 
	   GPUs                 :                             0 
	   Memory (MB)          :    2149       16000     16000 
	   TimeExecute (s)      :     281                       
	   TimeSlotBusy (s)     :     287                       

	Job terminated of its own accord at 2025-07-17T11:53:07Z with exit-code 0.
...
000 (1266932.000.000) 2025-07-21 15:28:56 Job submitted from host: <172.30.1.200:9618?addrs=172.30.1.200-9618&alias=tamsa2&noUDP&sock=schedd_2531_a24a>
...
040 (1266932.000.000) 2025-07-21 15:28:57 Started transferring input files
	Transferring to host: <172.30.1.213:9618?addrs=172.30.1.213-9618&alias=node-w13.localdomain&noUDP&sock=slot1_17_4972_f943_112461>
...
040 (1266932.000.000) 2025-07-21 15:29:02 Finished transferring input files
...
040 (1266932.000.000) 2025-07-21 15:29:03 Started transferring output files
...
021 (1266932.000.000) 2025-07-21 15:29:03 Error from starter on slot1_17@node-w13.localdomain:
	Failed to transfer files: SHADOW at 172.30.1.200 failed to send file(s) to <172.30.1.213:41299>: |Error: reading from file /data6/Users/achihwan/LRSM_tb_channel/SAMPLEPRODUCTION/using_matrix/condor/sig/SIGjson/WRtoNMutoMuMuTB-HadTop_MWR-1000_MN-700_13p6TeV.json: (errno 2) No such file or directory; STARTER failed to receive file(s) from <172.30.1.200:9618>
	Code 13 Subcode 2
...
004 (1266932.000.000) 2025-07-21 15:29:03 Job was evicted.
	(0) CPU times
		Usr 0 00:00:00, Sys 0 00:00:00  -  Run Remote Usage
		Usr 0 00:00:00, Sys 0 00:00:00  -  Run Local Usage
	0  -  Run Bytes Sent By Job
	690279808  -  Run Bytes Received By Job
	Transfer input files failure at access point tamsa2 while sending files to execution point slot1_17@node-w13.localdomain. Details: reading from file /data6/Users/achihwan/LRSM_tb_channel/SAMPLEPRODUCTION/using_matrix/condor/sig/SIGjson/WRtoNMutoMuMuTB-HadTop_MWR-1000_MN-700_13p6TeV.json: (errno 2) No such file or directory
	Partitionable Resources :    Usage  Request Allocated 
	   Cpus                 :        0        2         2 
	   Disk (KB)            :   674125   750000    751616 
	   GPUs                 :                           0 
	   Memory (MB)          :             16000     16000 
...
012 (1266932.000.000) 2025-07-21 15:29:03 Job was held.
	Transfer input files failure at access point tamsa2 while sending files to execution point slot1_17@node-w13.localdomain. Details: reading from file /data6/Users/achihwan/LRSM_tb_channel/SAMPLEPRODUCTION/using_matrix/condor/sig/SIGjson/WRtoNMutoMuMuTB-HadTop_MWR-1000_MN-700_13p6TeV.json: (errno 2) No such file or directory
	Code 13 Subcode 2
...
000 (1267100.000.000) 2025-07-21 16:17:20 Job submitted from host: <172.30.1.200:9618?addrs=172.30.1.200-9618&alias=tamsa2&noUDP&sock=schedd_2531_a24a>
...
040 (1267100.000.000) 2025-07-21 16:17:21 Started transferring input files
	Transferring to host: <172.30.1.216:9618?addrs=172.30.1.216-9618&alias=node-w16.localdomain&noUDP&sock=slot1_27_5179_d2ec_106598>
...
040 (1267100.000.000) 2025-07-21 16:17:28 Finished transferring input files
...
001 (1267100.000.000) 2025-07-21 16:17:28 Job executing on host: <172.30.1.216:9618?addrs=172.30.1.216-9618&alias=node-w16.localdomain&noUDP&sock=startd_5145_9edb>
	SlotName: slot1_27@node-w16.localdomain
	CondorScratchDir = "/var/lib/condor/execute/dir_2117292"
	Cpus = 2
	Disk = 751616
	GPUs = 0
	Memory = 16000
...
006 (1267100.000.000) 2025-07-21 16:17:41 Image size of job updated: 741404
	725  -  MemoryUsage of job (MB)
	741404  -  ResidentSetSize of job (KB)
...
006 (1267100.000.000) 2025-07-21 16:21:47 Image size of job updated: 2313952
	2149  -  MemoryUsage of job (MB)
	2200080  -  ResidentSetSize of job (KB)
...
040 (1267100.000.000) 2025-07-21 16:21:47 Started transferring output files
...
040 (1267100.000.000) 2025-07-21 16:21:47 Finished transferring output files
...
005 (1267100.000.000) 2025-07-21 16:21:47 Job terminated.
	(1) Normal termination (return value 0)
		Usr 0 00:04:00, Sys 0 00:00:07  -  Run Remote Usage
		Usr 0 00:00:00, Sys 0 00:00:00  -  Run Local Usage
		Usr 0 00:04:00, Sys 0 00:00:07  -  Total Remote Usage
		Usr 0 00:00:00, Sys 0 00:00:00  -  Total Local Usage
	137649  -  Run Bytes Sent By Job
	690299776  -  Run Bytes Received By Job
	137649  -  Total Bytes Sent By Job
	690299776  -  Total Bytes Received By Job
	Partitionable Resources :    Usage  Request Allocated 
	   Cpus                 :        0        2         2 
	   Disk (KB)            :  2774611   750000    751616 
	   GPUs                 :                           0 
	   Memory (MB)          :     2149    16000     16000 
	   TimeExecute (s)      :      259                    
	   TimeSlotBusy (s)     :      266                    

	Job terminated of its own accord at 2025-07-21T07:21:47Z with exit-code 0.
...
009 (1266932.000.000) 2025-07-21 18:04:41 Job was aborted.
	via condor_rm (by user achihwan)
...
