000 (1253663.000.000) 2025-07-17 20:48:10 Job submitted from host: <172.30.1.200:9618?addrs=172.30.1.200-9618&alias=tamsa2&noUDP&sock=schedd_2531_a24a>
...
040 (1253663.000.000) 2025-07-17 20:48:22 Started transferring input files
	Transferring to host: <172.30.1.216:9618?addrs=172.30.1.216-9618&alias=node-w16.localdomain&noUDP&sock=slot1_69_5179_d2ec_91420>
...
040 (1253663.000.000) 2025-07-17 20:48:26 Finished transferring input files
...
001 (1253663.000.000) 2025-07-17 20:48:26 Job executing on host: <172.30.1.216:9618?addrs=172.30.1.216-9618&alias=node-w16.localdomain&noUDP&sock=startd_5145_9edb>
	SlotName: slot1_69@node-w16.localdomain
	CondorScratchDir = "/var/lib/condor/execute/dir_2848044"
	Cpus = 2
	Disk = 751616
	GPUs = 0
	Memory = 16000
...
006 (1253663.000.000) 2025-07-17 20:48:40 Image size of job updated: 710220
	694  -  MemoryUsage of job (MB)
	710220  -  ResidentSetSize of job (KB)
...
006 (1253663.000.000) 2025-07-17 20:53:40 Image size of job updated: 2317124
	2263  -  MemoryUsage of job (MB)
	2317124  -  ResidentSetSize of job (KB)
...
006 (1253663.000.000) 2025-07-17 20:54:17 Image size of job updated: 2323196
	2263  -  MemoryUsage of job (MB)
	2317124  -  ResidentSetSize of job (KB)
...
040 (1253663.000.000) 2025-07-17 20:54:17 Started transferring output files
...
040 (1253663.000.000) 2025-07-17 20:54:17 Finished transferring output files
...
005 (1253663.000.000) 2025-07-17 20:54:18 Job terminated.
	(1) Normal termination (return value 0)
		Usr 0 00:05:36, Sys 0 00:00:07  -  Run Remote Usage
		Usr 0 00:00:00, Sys 0 00:00:00  -  Run Local Usage
		Usr 0 00:05:36, Sys 0 00:00:07  -  Total Remote Usage
		Usr 0 00:00:00, Sys 0 00:00:00  -  Total Local Usage
	146450  -  Run Bytes Sent By Job
	690299968  -  Run Bytes Received By Job
	146450  -  Total Bytes Sent By Job
	690299968  -  Total Bytes Received By Job
	Partitionable Resources :      Usage  Request Allocated 
	   Cpus                 :       0.99        2         2 
	   Disk (KB)            : 2774626      750000    751616 
	   GPUs                 :                             0 
	   Memory (MB)          :    2263       16000     16000 
	   TimeExecute (s)      :     351                       
	   TimeSlotBusy (s)     :     357                       

	Job terminated of its own accord at 2025-07-17T11:54:17Z with exit-code 0.
...
000 (1266934.000.000) 2025-07-21 15:28:57 Job submitted from host: <172.30.1.200:9618?addrs=172.30.1.200-9618&alias=tamsa2&noUDP&sock=schedd_2531_a24a>
...
040 (1266934.000.000) 2025-07-21 15:28:58 Started transferring input files
	Transferring to host: <172.30.1.213:9618?addrs=172.30.1.213-9618&alias=node-w13.localdomain&noUDP&sock=slot1_52_4972_f943_112465>
...
040 (1266934.000.000) 2025-07-21 15:29:03 Finished transferring input files
...
040 (1266934.000.000) 2025-07-21 15:29:04 Started transferring output files
...
021 (1266934.000.000) 2025-07-21 15:29:04 Error from starter on slot1_52@node-w13.localdomain:
	Failed to transfer files: SHADOW at 172.30.1.200 failed to send file(s) to <172.30.1.213:36511>: |Error: reading from file /data6/Users/achihwan/LRSM_tb_channel/SAMPLEPRODUCTION/using_matrix/condor/sig/SIGjson/WRtoNMutoMuMuTB-HadTop_MWR-3000_MN-2100_13p6TeV.json: (errno 2) No such file or directory; STARTER failed to receive file(s) from <172.30.1.200:9618>
	Code 13 Subcode 2
...
004 (1266934.000.000) 2025-07-21 15:29:04 Job was evicted.
	(0) CPU times
		Usr 0 00:00:00, Sys 0 00:00:00  -  Run Remote Usage
		Usr 0 00:00:00, Sys 0 00:00:00  -  Run Local Usage
	0  -  Run Bytes Sent By Job
	690279808  -  Run Bytes Received By Job
	Transfer input files failure at access point tamsa2 while sending files to execution point slot1_52@node-w13.localdomain. Details: reading from file /data6/Users/achihwan/LRSM_tb_channel/SAMPLEPRODUCTION/using_matrix/condor/sig/SIGjson/WRtoNMutoMuMuTB-HadTop_MWR-3000_MN-2100_13p6TeV.json: (errno 2) No such file or directory
	Partitionable Resources :    Usage  Request Allocated 
	   Cpus                 :        0        2         2 
	   Disk (KB)            :   674125   750000    751616 
	   GPUs                 :                           0 
	   Memory (MB)          :             16000     16000 
...
012 (1266934.000.000) 2025-07-21 15:29:04 Job was held.
	Transfer input files failure at access point tamsa2 while sending files to execution point slot1_52@node-w13.localdomain. Details: reading from file /data6/Users/achihwan/LRSM_tb_channel/SAMPLEPRODUCTION/using_matrix/condor/sig/SIGjson/WRtoNMutoMuMuTB-HadTop_MWR-3000_MN-2100_13p6TeV.json: (errno 2) No such file or directory
	Code 13 Subcode 2
...
000 (1267102.000.000) 2025-07-21 16:17:20 Job submitted from host: <172.30.1.200:9618?addrs=172.30.1.200-9618&alias=tamsa2&noUDP&sock=schedd_2531_a24a>
...
040 (1267102.000.000) 2025-07-21 16:17:21 Started transferring input files
	Transferring to host: <172.30.1.213:9618?addrs=172.30.1.213-9618&alias=node-w13.localdomain&noUDP&sock=slot1_10_4972_f943_112690>
...
040 (1267102.000.000) 2025-07-21 16:17:28 Finished transferring input files
...
001 (1267102.000.000) 2025-07-21 16:17:28 Job executing on host: <172.30.1.213:9618?addrs=172.30.1.213-9618&alias=node-w13.localdomain&noUDP&sock=startd_4938_a2c0>
	SlotName: slot1_10@node-w13.localdomain
	CondorScratchDir = "/var/lib/condor/execute/dir_3571127"
	Cpus = 2
	Disk = 751616
	GPUs = 0
	Memory = 16000
...
006 (1267102.000.000) 2025-07-21 16:17:41 Image size of job updated: 854948
	835  -  MemoryUsage of job (MB)
	854948  -  ResidentSetSize of job (KB)
...
006 (1267102.000.000) 2025-07-21 16:19:49 Image size of job updated: 2313140
	2149  -  MemoryUsage of job (MB)
	2199816  -  ResidentSetSize of job (KB)
...
040 (1267102.000.000) 2025-07-21 16:19:49 Started transferring output files
...
040 (1267102.000.000) 2025-07-21 16:19:49 Finished transferring output files
...
005 (1267102.000.000) 2025-07-21 16:19:50 Job terminated.
	(1) Normal termination (return value 0)
		Usr 0 00:02:10, Sys 0 00:00:05  -  Run Remote Usage
		Usr 0 00:00:00, Sys 0 00:00:00  -  Run Local Usage
		Usr 0 00:02:10, Sys 0 00:00:05  -  Total Remote Usage
		Usr 0 00:00:00, Sys 0 00:00:00  -  Total Local Usage
	29518  -  Run Bytes Sent By Job
	690303296  -  Run Bytes Received By Job
	29518  -  Total Bytes Sent By Job
	690303296  -  Total Bytes Received By Job
	Partitionable Resources :    Usage  Request Allocated 
	   Cpus                 :        0        2         2 
	   Disk (KB)            :  2774404   750000    751616 
	   GPUs                 :                           0 
	   Memory (MB)          :     2149    16000     16000 
	   TimeExecute (s)      :      141                    
	   TimeSlotBusy (s)     :      149                    

	Job terminated of its own accord at 2025-07-21T07:19:49Z with exit-code 0.
...
009 (1266934.000.000) 2025-07-21 18:04:41 Job was aborted.
	via condor_rm (by user achihwan)
...
