000 (1253666.000.000) 2025-07-17 20:48:10 Job submitted from host: <172.30.1.200:9618?addrs=172.30.1.200-9618&alias=tamsa2&noUDP&sock=schedd_2531_a24a>
...
040 (1253666.000.000) 2025-07-17 20:48:21 Started transferring input files
	Transferring to host: <172.30.1.213:9618?addrs=172.30.1.213-9618&alias=node-w13.localdomain&noUDP&sock=slot1_13_4972_f943_95747>
...
040 (1253666.000.000) 2025-07-17 20:48:26 Finished transferring input files
...
001 (1253666.000.000) 2025-07-17 20:48:26 Job executing on host: <172.30.1.213:9618?addrs=172.30.1.213-9618&alias=node-w13.localdomain&noUDP&sock=startd_4938_a2c0>
	SlotName: slot1_13@node-w13.localdomain
	CondorScratchDir = "/var/lib/condor/execute/dir_4154321"
	Cpus = 2
	Disk = 751616
	GPUs = 0
	Memory = 16000
...
006 (1253666.000.000) 2025-07-17 20:48:40 Image size of job updated: 838132
	819  -  MemoryUsage of job (MB)
	838132  -  ResidentSetSize of job (KB)
...
006 (1253666.000.000) 2025-07-17 20:53:07 Image size of job updated: 2320224
	2149  -  MemoryUsage of job (MB)
	2200068  -  ResidentSetSize of job (KB)
...
040 (1253666.000.000) 2025-07-17 20:53:07 Started transferring output files
...
040 (1253666.000.000) 2025-07-17 20:53:07 Finished transferring output files
...
005 (1253666.000.000) 2025-07-17 20:53:07 Job terminated.
	(1) Normal termination (return value 0)
		Usr 0 00:04:28, Sys 0 00:00:07  -  Run Remote Usage
		Usr 0 00:00:00, Sys 0 00:00:00  -  Run Local Usage
		Usr 0 00:04:28, Sys 0 00:00:07  -  Total Remote Usage
		Usr 0 00:00:00, Sys 0 00:00:00  -  Total Local Usage
	147643  -  Run Bytes Sent By Job
	690294016  -  Run Bytes Received By Job
	147643  -  Total Bytes Sent By Job
	690294016  -  Total Bytes Received By Job
	Partitionable Resources :      Usage  Request Allocated 
	   Cpus                 :       0.98        2         2 
	   Disk (KB)            : 2774630      750000    751616 
	   GPUs                 :                             0 
	   Memory (MB)          :    2149       16000     16000 
	   TimeExecute (s)      :     281                       
	   TimeSlotBusy (s)     :     286                       

	Job terminated of its own accord at 2025-07-17T11:53:07Z with exit-code 0.
...
000 (1266937.000.000) 2025-07-21 15:28:57 Job submitted from host: <172.30.1.200:9618?addrs=172.30.1.200-9618&alias=tamsa2&noUDP&sock=schedd_2531_a24a>
...
040 (1266937.000.000) 2025-07-21 15:28:57 Started transferring input files
	Transferring to host: <172.30.1.217:9618?addrs=172.30.1.217-9618&alias=node-w17.localdomain&noUDP&sock=slot1_10_6391_c99d_140623>
...
040 (1266937.000.000) 2025-07-21 15:29:01 Finished transferring input files
...
040 (1266937.000.000) 2025-07-21 15:29:02 Started transferring output files
...
021 (1266937.000.000) 2025-07-21 15:29:02 Error from starter on slot1_10@node-w17.localdomain:
	Failed to transfer files: SHADOW at 172.30.1.200 failed to send file(s) to <172.30.1.217:35917>: |Error: reading from file /data6/Users/achihwan/LRSM_tb_channel/SAMPLEPRODUCTION/using_matrix/condor/sig/SIGjson/WRtoNMutoMuMuTB-HadTop_MWR-5000_MN-3300_13p6TeV.json: (errno 2) No such file or directory; STARTER failed to receive file(s) from <172.30.1.200:9618>
	Code 13 Subcode 2
...
004 (1266937.000.000) 2025-07-21 15:29:03 Job was evicted.
	(0) CPU times
		Usr 0 00:00:00, Sys 0 00:00:00  -  Run Remote Usage
		Usr 0 00:00:00, Sys 0 00:00:00  -  Run Local Usage
	0  -  Run Bytes Sent By Job
	690279808  -  Run Bytes Received By Job
	Transfer input files failure at access point tamsa2 while sending files to execution point slot1_10@node-w17.localdomain. Details: reading from file /data6/Users/achihwan/LRSM_tb_channel/SAMPLEPRODUCTION/using_matrix/condor/sig/SIGjson/WRtoNMutoMuMuTB-HadTop_MWR-5000_MN-3300_13p6TeV.json: (errno 2) No such file or directory
	Partitionable Resources :    Usage  Request Allocated 
	   Cpus                 :        0        2         2 
	   Disk (KB)            :   674125   750000    751616 
	   GPUs                 :                           0 
	   Memory (MB)          :             16000     16000 
...
012 (1266937.000.000) 2025-07-21 15:29:03 Job was held.
	Transfer input files failure at access point tamsa2 while sending files to execution point slot1_10@node-w17.localdomain. Details: reading from file /data6/Users/achihwan/LRSM_tb_channel/SAMPLEPRODUCTION/using_matrix/condor/sig/SIGjson/WRtoNMutoMuMuTB-HadTop_MWR-5000_MN-3300_13p6TeV.json: (errno 2) No such file or directory
	Code 13 Subcode 2
...
000 (1267105.000.000) 2025-07-21 16:17:21 Job submitted from host: <172.30.1.200:9618?addrs=172.30.1.200-9618&alias=tamsa2&noUDP&sock=schedd_2531_a24a>
...
040 (1267105.000.000) 2025-07-21 16:17:22 Started transferring input files
	Transferring to host: <172.30.1.214:9618?addrs=172.30.1.214-9618&alias=node-w14.localdomain&noUDP&sock=slot1_28_5193_b02c_108944>
...
040 (1267105.000.000) 2025-07-21 16:17:28 Finished transferring input files
...
001 (1267105.000.000) 2025-07-21 16:17:28 Job executing on host: <172.30.1.214:9618?addrs=172.30.1.214-9618&alias=node-w14.localdomain&noUDP&sock=startd_5159_392e>
	SlotName: slot1_28@node-w14.localdomain
	CondorScratchDir = "/var/lib/condor/execute/dir_29184"
	Cpus = 2
	Disk = 751616
	GPUs = 0
	Memory = 16000
...
006 (1267105.000.000) 2025-07-21 16:17:41 Image size of job updated: 775412
	758  -  MemoryUsage of job (MB)
	775412  -  ResidentSetSize of job (KB)
...
006 (1267105.000.000) 2025-07-21 16:22:21 Image size of job updated: 2319724
	2149  -  MemoryUsage of job (MB)
	2200120  -  ResidentSetSize of job (KB)
...
040 (1267105.000.000) 2025-07-21 16:22:21 Started transferring output files
...
040 (1267105.000.000) 2025-07-21 16:22:21 Finished transferring output files
...
005 (1267105.000.000) 2025-07-21 16:22:21 Job terminated.
	(1) Normal termination (return value 0)
		Usr 0 00:04:34, Sys 0 00:00:07  -  Run Remote Usage
		Usr 0 00:00:00, Sys 0 00:00:00  -  Run Local Usage
		Usr 0 00:04:34, Sys 0 00:00:07  -  Total Remote Usage
		Usr 0 00:00:00, Sys 0 00:00:00  -  Total Local Usage
	152257  -  Run Bytes Sent By Job
	690297408  -  Run Bytes Received By Job
	152257  -  Total Bytes Sent By Job
	690297408  -  Total Bytes Received By Job
	Partitionable Resources :      Usage  Request Allocated 
	   Cpus                 :       0.98        2         2 
	   Disk (KB)            : 2774640      750000    751616 
	   GPUs                 :                             0 
	   Memory (MB)          :    2149       16000     16000 
	   TimeExecute (s)      :     293                       
	   TimeSlotBusy (s)     :     300                       

	Job terminated of its own accord at 2025-07-21T07:22:21Z with exit-code 0.
...
009 (1266937.000.000) 2025-07-21 18:04:41 Job was aborted.
	via condor_rm (by user achihwan)
...
